[info] Hello from node13
[info] I'm connected to nodes ['1', '13']
[info] I have edges [('13', '1'), ('13', '13')]
[info] -- round 0 started!
[info] -- new id 15 selected!
[info] send message to 1: wave#0#15#0
[info] send message to 13: wave#0#15#0
[info] message from 1: wave#0#7#0
[info] message from 13: wave#0#15#0
[info] message from 1: wave#0#13#0
[info] message from 1: wave#0#15#0
[info] after round 0 : parent is [] and leader id is 15
[info] -- round 1 started!
[info] -- new id 3 selected!
[info] send message to 1: wave#1#3#0
[info] send message to 13: wave#1#3#0
[info] message from 13: wave#1#3#0
[info] message from 1: wave#1#3#0
[info] after round 1 : parent is [] and leader id is 3
[info] -- round 2 started!
[info] -- new id 14 selected!
[info] send message to 1: wave#2#14#0
[info] send message to 13: wave#2#14#0
[info] message from 13: wave#2#14#0
[info] message from 1: wave#2#14#14
[info] after round 2 : parent is [] and leader id is 14
[info] send message to 1: exit
