[info] Hello from node37
[info] I'm connected to nodes ['36', '37', '38']
[info] I have edges [('37', '36'), ('37', '37'), ('37', '38')]
[info] -- round 0 started!
[info] -- new id 43 selected!
[info] send message to 36: wave#0#43#0
[info] send message to 37: wave#0#43#0
[info] send message to 38: wave#0#43#0
[info] message from 38: wave#0#13#0
[info] message from 38: wave#0#16#0
[info] message from 38: wave#0#21#0
[info] message from 37: wave#0#43#0
[info] message from 36: wave#0#12#0
[info] message from 38: wave#0#44#0
[info] send message to 36: wave#0#44#0
[info] send message to 37: wave#0#44#0
[info] message from 37: wave#0#44#0
[info] message from 36: wave#0#45#0
[info] send message to 37: wave#0#45#0
[info] send message to 38: wave#0#45#0
[info] message from 37: wave#0#45#0
[info] message from 38: wave#0#45#8
[info] after round 0 : parent is ['36'] and leader id is 45
[info] send message to 36: wave#0#45#9
[info] message from 36: wave#1#35#0
[info] send message to 37: wave#1#35#0
[info] send message to 38: wave#1#35#0
[info] message from 37: wave#1#35#0
[info] message from 38: wave#1#35#8
[info] after round 1 : parent is ['36'] and leader id is 35
[info] send message to 36: wave#1#35#9
[info] message from 36: exit
[info] send message to 38: exit
