[info] Hello from node6
[info] I'm connected to nodes ['5', '6', '7']
[info] I have edges [('6', '5'), ('6', '6'), ('6', '7')]
[info] -- round 0 started!
[info] -- new id 35 selected!
[info] send message to 5: wave#0#35#0
[info] send message to 6: wave#0#35#0
[info] send message to 7: wave#0#35#0
[info] message from 6: wave#0#35#0
[info] message from 5: wave#0#45#0
[info] send message to 6: wave#0#45#0
[info] send message to 7: wave#0#45#0
[info] message from 7: wave#0#18#0
[info] message from 6: wave#0#45#0
[info] message from 7: wave#0#31#0
[info] message from 7: wave#1#35#0
[info] send message to 5: wave#1#35#0
[info] send message to 6: wave#1#35#0
[info] message from 6: wave#1#35#0
[info] message from 5: wave#1#35#5
[info] after round 1 : parent is ['7'] and leader id is 35
[info] send message to 7: wave#1#35#6
[info] message from 7: exit
[info] send message to 5: exit
