[info] Hello from node25
[info] I'm connected to nodes ['24', '25', '26']
[info] I have edges [('25', '24'), ('25', '25'), ('25', '26')]
[info] -- round 0 started!
[info] -- new id 35 selected!
[info] send message to 24: wave#0#35#0
[info] send message to 25: wave#0#35#0
[info] send message to 26: wave#0#35#0
[info] message from 26: wave#0#12#0
[info] message from 26: wave#0#44#0
[info] send message to 24: wave#0#44#0
[info] send message to 25: wave#0#44#0
[info] message from 24: wave#0#44#0
[info] message from 25: wave#0#35#0
[info] after round 0 : parent is ['26'] and leader id is 44
[info] send message to 26: wave#0#44#1
[info] message from 25: wave#0#44#0
[info] after round 0 : parent is ['26'] and leader id is 44
[info] send message to 26: wave#0#44#1
[info] message from 26: wave#0#45#0
[info] send message to 24: wave#0#45#0
[info] send message to 25: wave#0#45#0
[info] message from 24: wave#1#35#0
[info] send message to 25: wave#1#35#0
[info] send message to 26: wave#1#35#0
[info] message from 25: wave#0#45#0
[info] message from 25: wave#1#35#0
[info] message from 26: wave#1#35#20
[info] after round 1 : parent is ['24'] and leader id is 35
[info] send message to 24: wave#1#35#21
[info] message from 24: exit
[info] send message to 26: exit
