[info] Hello from node41
[info] I'm connected to nodes ['40', '41', '42']
[info] I have edges [('41', '40'), ('41', '41'), ('41', '42')]
[info] -- round 0 started!
[info] -- new id 44 selected!
[info] send message to 40: wave#0#44#0
[info] send message to 41: wave#0#44#0
[info] send message to 42: wave#0#44#0
[info] message from 40: wave#0#21#0
[info] message from 41: wave#0#44#0
[info] message from 42: wave#0#10#0
[info] message from 40: wave#0#45#0
[info] send message to 41: wave#0#45#0
[info] send message to 42: wave#0#45#0
[info] message from 41: wave#0#45#0
[info] message from 42: wave#0#45#4
[info] after round 0 : parent is ['40'] and leader id is 45
[info] send message to 40: wave#0#45#5
[info] message from 40: wave#1#35#0
[info] send message to 41: wave#1#35#0
[info] send message to 42: wave#1#35#0
[info] message from 41: wave#1#35#0
[info] message from 42: wave#1#35#4
[info] after round 1 : parent is ['40'] and leader id is 35
[info] send message to 40: wave#1#35#5
[info] message from 40: exit
[info] send message to 42: exit
