[info] Hello from node23
[info] I'm connected to nodes ['22', '23', '24']
[info] I have edges [('23', '22'), ('23', '23'), ('23', '24')]
[info] -- round 0 started!
[info] -- new id 16 selected!
[info] send message to 22: wave#0#16#0
[info] send message to 23: wave#0#16#0
[info] send message to 24: wave#0#16#0
[info] message from 23: wave#0#16#0
[info] message from 22: wave#0#12#0
[info] message from 24: wave#0#44#0
[info] send message to 22: wave#0#44#0
[info] send message to 23: wave#0#44#0
[info] message from 23: wave#0#44#0
[info] message from 22: wave#0#31#0
[info] message from 22: wave#0#44#7
[info] after round 0 : parent is ['24'] and leader id is 44
[info] send message to 24: wave#0#44#8
[info] message from 24: wave#1#35#0
[info] send message to 22: wave#1#35#0
[info] send message to 23: wave#1#35#0
[info] message from 23: wave#1#35#0
[info] message from 22: wave#1#35#22
[info] after round 1 : parent is ['24'] and leader id is 35
[info] send message to 24: wave#1#35#23
[info] message from 24: exit
[info] send message to 22: exit
