[info] Hello from node11
[info] I'm connected to nodes ['10', '11', '12']
[info] I have edges [('11', '10'), ('11', '11'), ('11', '12')]
[info] -- round 0 started!
[info] -- new id 8 selected!
[info] send message to 10: wave#0#8#0
[info] send message to 11: wave#0#8#0
[info] send message to 12: wave#0#8#0
[info] message from 10: wave#0#26#0
[info] send message to 11: wave#0#26#0
[info] send message to 12: wave#0#26#0
[info] message from 11: wave#0#8#0
[info] message from 12: wave#0#26#0
[info] after round 0 : parent is ['10'] and leader id is 26
[info] send message to 10: wave#0#26#1
[info] message from 11: wave#0#26#0
[info] after round 0 : parent is ['10'] and leader id is 26
[info] send message to 10: wave#0#26#1
[info] message from 10: wave#0#44#0
[info] send message to 11: wave#0#44#0
[info] send message to 12: wave#0#44#0
[info] message from 11: wave#0#44#0
[info] message from 10: wave#0#45#0
[info] send message to 11: wave#0#45#0
[info] send message to 12: wave#0#45#0
[info] message from 11: wave#0#45#0
[info] message from 12: wave#1#35#0
[info] send message to 10: wave#1#35#0
[info] send message to 11: wave#1#35#0
[info] message from 11: wave#1#35#0
[info] message from 10: wave#1#35#10
[info] after round 1 : parent is ['12'] and leader id is 35
[info] send message to 12: wave#1#35#11
[info] message from 12: exit
[info] send message to 10: exit
