[info] Hello from node15
[info] I'm connected to nodes ['14', '15', '16']
[info] I have edges [('15', '14'), ('15', '15'), ('15', '16')]
[info] -- round 0 started!
[info] -- new id 13 selected!
[info] send message to 14: wave#0#13#0
[info] send message to 15: wave#0#13#0
[info] send message to 16: wave#0#13#0
[info] message from 16: wave#0#27#0
[info] send message to 14: wave#0#27#0
[info] send message to 15: wave#0#27#0
[info] message from 15: wave#0#13#0
[info] message from 15: wave#0#27#0
[info] message from 14: wave#0#5#0
[info] message from 14: wave#0#7#0
[info] message from 14: wave#0#26#0
[info] message from 16: wave#0#31#0
[info] send message to 14: wave#0#31#0
[info] send message to 15: wave#0#31#0
[info] message from 14: wave#0#44#0
[info] send message to 15: wave#0#44#0
[info] send message to 16: wave#0#44#0
[info] message from 15: wave#0#31#0
[info] message from 15: wave#0#44#0
[info] message from 16: wave#0#44#0
[info] after round 0 : parent is ['14'] and leader id is 44
[info] send message to 14: wave#0#44#1
[info] message from 14: wave#0#45#0
[info] send message to 15: wave#0#45#0
[info] send message to 16: wave#0#45#0
[info] message from 15: wave#0#45#0
[info] message from 16: wave#1#35#0
[info] send message to 14: wave#1#35#0
[info] send message to 15: wave#1#35#0
[info] message from 15: wave#1#35#0
[info] message from 14: wave#1#35#14
[info] after round 1 : parent is ['16'] and leader id is 35
[info] send message to 16: wave#1#35#15
[info] message from 16: exit
[info] send message to 14: exit
