[info] Hello from node13
[info] I'm connected to nodes ['1', '13']
[info] I have edges [('13', '1'), ('13', '13')]
[info] -- round 0 started!
[info] -- new id 27 selected!
[info] send message to 1: wave#0#27#0
[info] send message to 13: wave#0#27#0
[info] message from 1: wave#0#18#0
[info] message from 13: wave#0#27#0
[info] message from 1: wave#1#26#0
[info] send message to 13: wave#1#26#0
[info] message from 13: wave#1#26#0
[info] after round 1 : parent is ['1'] and leader id is 26
[info] send message to 1: wave#1#26#1
[info] message from 1: wave#2#26#0
[info] send message to 13: wave#2#26#0
[info] message from 13: wave#2#26#0
[info] after round 2 : parent is ['1'] and leader id is 26
[info] send message to 1: wave#2#26#1
[info] message from 1: exit
