[info] Hello from node27
[info] I'm connected to nodes ['1', '27']
[info] I have edges [('27', '1'), ('27', '27')]
[info] -- round 0 started!
[info] -- new id 7 selected!
[info] send message to 1: wave#0#7#0
[info] send message to 27: wave#0#7#0
[info] message from 27: wave#0#7#0
[info] message from 1: wave#0#18#0
[info] send message to 27: wave#0#18#0
[info] message from 27: wave#0#18#0
[info] after round 0 : parent is ['1'] and leader id is 18
[info] send message to 1: wave#0#18#1
[info] message from 1: wave#1#26#0
[info] send message to 27: wave#1#26#0
[info] message from 27: wave#1#26#0
[info] after round 1 : parent is ['1'] and leader id is 26
[info] send message to 1: wave#1#26#1
[info] message from 1: wave#2#26#0
[info] send message to 27: wave#2#26#0
[info] message from 27: wave#2#26#0
[info] after round 2 : parent is ['1'] and leader id is 26
[info] send message to 1: wave#2#26#1
[info] message from 1: exit
