[info] Hello from node14
[info] I'm connected to nodes ['13', '14', '15']
[info] I have edges [('14', '13'), ('14', '14'), ('14', '15')]
[info] -- round 0 started!
[info] -- new id 15 selected!
[info] send message to 13: wave#0#15#0
[info] send message to 14: wave#0#15#0
[info] send message to 15: wave#0#15#0
[info] message from 14: wave#0#15#0
[info] message from 15: wave#0#20#0
[info] send message to 13: wave#0#20#0
[info] send message to 14: wave#0#20#0
[info] message from 14: wave#0#20#0
[info] message from 13: wave#0#18#0
[info] message from 13: wave#0#20#1
[info] after round 0 : parent is ['15'] and leader id is 20
[info] send message to 15: wave#0#20#2
[info] message from 13: wave#0#20#1
[info] after round 0 : parent is ['15'] and leader id is 20
[info] send message to 15: wave#0#20#3
[info] message from 13: wave#1#13#0
[info] send message to 14: wave#1#13#0
[info] send message to 15: wave#1#13#0
[info] message from 14: wave#1#13#0
[info] message from 15: wave#1#5#0
[info] message from 13: wave#1#14#0
[info] send message to 14: wave#1#14#0
[info] send message to 15: wave#1#14#0
[info] message from 14: wave#1#14#0
[info] message from 15: wave#1#14#6
[info] after round 1 : parent is ['13'] and leader id is 14
[info] send message to 13: wave#1#14#7
[info] message from 13: exit
[info] send message to 15: exit
