[info] Hello from node7
[info] I'm connected to nodes ['6', '7', '8']
[info] I have edges [('7', '6'), ('7', '7'), ('7', '8')]
[info] -- round 0 started!
[info] -- new id 9 selected!
[info] send message to 6: wave#0#9#0
[info] send message to 7: wave#0#9#0
[info] send message to 8: wave#0#9#0
[info] message from 6: wave#0#12#0
[info] send message to 7: wave#0#12#0
[info] send message to 8: wave#0#12#0
[info] message from 8: wave#0#1#0
[info] message from 7: wave#0#9#0
[info] message from 8: wave#0#12#0
[info] after round 0 : parent is ['6'] and leader id is 12
[info] send message to 6: wave#0#12#1
[info] message from 7: wave#0#12#0
[info] after round 0 : parent is ['6'] and leader id is 12
[info] send message to 6: wave#0#12#1
[info] message from 8: wave#0#20#0
[info] send message to 6: wave#0#20#0
[info] send message to 7: wave#0#20#0
[info] message from 7: wave#0#20#0
[info] message from 6: wave#1#13#0
[info] send message to 7: wave#1#13#0
[info] send message to 8: wave#1#13#0
[info] message from 7: wave#1#13#0
[info] message from 6: wave#1#14#0
[info] send message to 7: wave#1#14#0
[info] send message to 8: wave#1#14#0
[info] message from 7: wave#1#14#0
[info] message from 8: wave#1#14#13
[info] after round 1 : parent is ['6'] and leader id is 14
[info] send message to 6: wave#1#14#14
[info] message from 6: exit
[info] send message to 8: exit
