[info] Hello from node2
[info] I'm connected to nodes ['1', '2', '3']
[info] I have edges [('2', '1'), ('2', '2'), ('2', '3')]
[info] -- round 0 started!
[info] -- new id 12 selected!
[info] send message to 1: wave#0#12#0
[info] send message to 2: wave#0#12#0
[info] send message to 3: wave#0#12#0
[info] message from 1: wave#0#3#0
[info] message from 1: wave#0#12#1
[info] message from 2: wave#0#12#0
[info] message from 3: wave#0#5#0
[info] message from 3: wave#0#12#2
[info] after round 0 : parent is [] and leader id is 12
[info] -- round 1 started!
[info] -- new id 14 selected!
[info] send message to 1: wave#1#14#0
[info] send message to 2: wave#1#14#0
[info] send message to 3: wave#1#14#0
[info] message from 2: wave#1#14#0
[info] message from 1: wave#1#14#1
[info] message from 3: wave#1#14#18
[info] after round 1 : parent is [] and leader id is 14
[info] send message to 1: exit
[info] send message to 3: exit
