[info] Hello from node11
[info] I'm connected to nodes ['10', '11', '12']
[info] I have edges [('11', '10'), ('11', '11'), ('11', '12')]
[info] -- round 0 started!
[info] -- new id 20 selected!
[info] send message to 10: wave#0#20#0
[info] send message to 11: wave#0#20#0
[info] send message to 12: wave#0#20#0
[info] message from 10: wave#0#5#0
[info] message from 12: wave#0#11#0
[info] message from 10: wave#0#12#0
[info] message from 11: wave#0#20#0
[info] message from 12: wave#0#20#1
[info] message from 10: wave#1#13#0
[info] send message to 11: wave#1#13#0
[info] send message to 12: wave#1#13#0
[info] message from 11: wave#1#13#0
[info] message from 10: wave#1#14#0
[info] send message to 11: wave#1#14#0
[info] send message to 12: wave#1#14#0
[info] message from 11: wave#1#14#0
[info] message from 12: wave#1#14#9
[info] after round 1 : parent is ['10'] and leader id is 14
[info] send message to 10: wave#1#14#10
[info] message from 10: exit
[info] send message to 12: exit
