[info] Hello from node24
[info] I'm connected to nodes ['1', '24']
[info] I have edges [('24', '1'), ('24', '24')]
[info] -- round 0 started!
[info] -- new id 36 selected!
[info] send message to 1: wave#0#36#0
[info] send message to 24: wave#0#36#0
[info] message from 24: wave#0#36#0
[info] message from 1: wave#0#33#0
[info] message from 1: wave#0#43#0
[info] send message to 24: wave#0#43#0
[info] message from 24: wave#0#43#0
[info] after round 0 : parent is ['1'] and leader id is 43
[info] send message to 1: wave#0#43#1
[info] message from 1: wave#0#45#0
[info] send message to 24: wave#0#45#0
[info] message from 24: wave#0#45#0
[info] after round 0 : parent is ['1'] and leader id is 45
[info] send message to 1: wave#0#45#1
[info] message from 1: wave#1#30#0
[info] send message to 24: wave#1#30#0
[info] message from 24: wave#1#30#0
[info] after round 1 : parent is ['1'] and leader id is 30
[info] send message to 1: wave#1#30#1
[info] message from 1: exit
