[info] Hello from node45
[info] I'm connected to nodes ['1', '45']
[info] I have edges [('45', '1'), ('45', '45')]
[info] -- round 0 started!
[info] -- new id 45 selected!
[info] send message to 1: wave#0#45#0
[info] send message to 45: wave#0#45#0
[info] message from 45: wave#0#45#0
[info] message from 1: wave#0#33#0
[info] message from 1: wave#0#43#0
[info] message from 1: wave#0#45#0
[info] after round 0 : parent is [] and leader id is 45
[info] -- round 1 started!
[info] -- new id 22 selected!
[info] send message to 1: wave#1#22#0
[info] send message to 45: wave#1#22#0
[info] message from 45: wave#1#22#0
[info] message from 1: wave#1#30#0
[info] send message to 45: wave#1#30#0
[info] message from 45: wave#1#30#0
[info] after round 1 : parent is ['1'] and leader id is 30
[info] send message to 1: wave#1#30#1
[info] message from 1: exit
