[info] Hello from node42
[info] I'm connected to nodes ['1', '42']
[info] I have edges [('42', '1'), ('42', '42')]
[info] -- round 0 started!
[info] -- new id 37 selected!
[info] send message to 1: wave#0#37#0
[info] send message to 42: wave#0#37#0
[info] message from 42: wave#0#37#0
[info] message from 1: wave#0#33#0
[info] message from 1: wave#0#43#0
[info] send message to 42: wave#0#43#0
[info] message from 42: wave#0#43#0
[info] after round 0 : parent is ['1'] and leader id is 43
[info] send message to 1: wave#0#43#1
[info] message from 1: wave#0#45#0
[info] send message to 42: wave#0#45#0
[info] message from 42: wave#0#45#0
[info] after round 0 : parent is ['1'] and leader id is 45
[info] send message to 1: wave#0#45#1
[info] message from 1: wave#1#30#0
[info] send message to 42: wave#1#30#0
[info] message from 42: wave#1#30#0
[info] after round 1 : parent is ['1'] and leader id is 30
[info] send message to 1: wave#1#30#1
[info] message from 1: exit
