[info] Hello from node21
[info] I'm connected to nodes ['1', '21']
[info] I have edges [('21', '1'), ('21', '21')]
[info] -- round 0 started!
[info] -- new id 20 selected!
[info] send message to 1: wave#0#20#0
[info] send message to 21: wave#0#20#0
[info] message from 21: wave#0#20#0
[info] message from 1: wave#0#2#0
[info] message from 1: wave#0#20#0
[info] after round 0 : parent is [] and leader id is 20
[info] -- round 1 started!
[info] -- new id 12 selected!
[info] send message to 1: wave#1#12#0
[info] send message to 21: wave#1#12#0
[info] message from 21: wave#1#12#0
[info] message from 1: wave#0#23#0
[info] message from 1: wave#0#24#0
[info] message from 1: wave#1#12#24
[info] after round 1 : parent is [] and leader id is 12
[info] send message to 1: exit
