[info] Hello from node12
[info] I'm connected to nodes ['1', '12']
[info] I have edges [('12', '1'), ('12', '12')]
[info] -- round 0 started!
[info] -- new id 21 selected!
[info] send message to 1: wave#0#21#0
[info] send message to 12: wave#0#21#0
[info] message from 1: wave#0#2#0
[info] message from 12: wave#0#21#0
[info] message from 1: wave#0#20#0
[info] message from 1: wave#0#23#0
[info] send message to 12: wave#0#23#0
[info] message from 12: wave#0#23#0
[info] after round 0 : parent is ['1'] and leader id is 23
[info] send message to 1: wave#0#23#1
[info] message from 1: wave#0#24#0
[info] send message to 12: wave#0#24#0
[info] message from 12: wave#0#24#0
[info] after round 0 : parent is ['1'] and leader id is 24
[info] send message to 1: wave#0#24#1
[info] message from 1: wave#1#12#0
[info] send message to 12: wave#1#12#0
[info] message from 12: wave#1#12#0
[info] after round 1 : parent is ['1'] and leader id is 12
[info] send message to 1: wave#1#12#1
[info] message from 1: exit
