[info] Hello from node3
[info] I'm connected to nodes ['2', '3', '4']
[info] I have edges [('3', '2'), ('3', '3'), ('3', '4')]
[info] -- round 0 started!
[info] -- new id 19 selected!
[info] send message to 2: wave#0#19#0
[info] send message to 3: wave#0#19#0
[info] send message to 4: wave#0#19#0
[info] message from 3: wave#0#19#0
[info] message from 4: wave#0#3#0
[info] message from 2: wave#0#2#0
[info] message from 2: wave#0#19#2
[info] message from 2: wave#0#19#3
[info] message from 2: wave#0#19#4
[info] message from 4: wave#0#31#0
[info] send message to 2: wave#0#31#0
[info] send message to 3: wave#0#31#0
[info] message from 3: wave#0#31#0
[info] message from 2: wave#0#31#2
[info] after round 0 : parent is ['4'] and leader id is 31
[info] send message to 4: wave#0#31#3
[info] message from 4: wave#0#32#0
[info] send message to 2: wave#0#32#0
[info] send message to 3: wave#0#32#0
[info] message from 3: wave#0#32#0
[info] message from 2: wave#0#32#2
[info] after round 0 : parent is ['4'] and leader id is 32
[info] send message to 4: wave#0#32#3
[info] message from 4: wave#0#34#0
[info] send message to 2: wave#0#34#0
[info] send message to 3: wave#0#34#0
[info] message from 3: wave#0#34#0
[info] message from 2: wave#0#34#2
[info] after round 0 : parent is ['4'] and leader id is 34
[info] send message to 4: wave#0#34#3
[info] message from 4: wave#1#28#0
[info] send message to 2: wave#1#28#0
[info] send message to 3: wave#1#28#0
[info] message from 3: wave#1#28#0
[info] message from 2: wave#1#28#2
[info] after round 1 : parent is ['4'] and leader id is 28
[info] send message to 4: wave#1#28#3
[info] message from 4: exit
[info] send message to 2: exit
