[info] Hello from node28
[info] I'm connected to nodes ['27', '28', '29']
[info] I have edges [('28', '27'), ('28', '28'), ('28', '29')]
[info] -- round 0 started!
[info] -- new id 33 selected!
[info] send message to 27: wave#0#33#0
[info] send message to 28: wave#0#33#0
[info] send message to 29: wave#0#33#0
[info] message from 28: wave#0#33#0
[info] message from 29: wave#0#10#0
[info] message from 27: wave#0#9#0
[info] message from 27: wave#0#34#0
[info] send message to 28: wave#0#34#0
[info] send message to 29: wave#0#34#0
[info] message from 28: wave#0#34#0
[info] message from 29: wave#1#28#0
[info] send message to 27: wave#1#28#0
[info] send message to 28: wave#1#28#0
[info] message from 28: wave#1#28#0
[info] message from 27: wave#1#28#27
[info] after round 1 : parent is ['29'] and leader id is 28
[info] send message to 29: wave#1#28#28
[info] message from 29: exit
[info] send message to 27: exit
