[info] Hello from node29
[info] I'm connected to nodes ['28', '29', '30']
[info] I have edges [('29', '28'), ('29', '29'), ('29', '30')]
[info] -- round 0 started!
[info] -- new id 10 selected!
[info] send message to 28: wave#0#10#0
[info] send message to 29: wave#0#10#0
[info] send message to 30: wave#0#10#0
[info] message from 30: wave#0#2#0
[info] message from 30: wave#0#6#0
[info] message from 28: wave#0#33#0
[info] send message to 29: wave#0#33#0
[info] send message to 30: wave#0#33#0
[info] message from 30: wave#0#26#0
[info] message from 29: wave#0#10#0
[info] message from 30: wave#0#27#0
[info] message from 29: wave#0#33#0
[info] message from 28: wave#0#34#0
[info] send message to 29: wave#0#34#0
[info] send message to 30: wave#0#34#0
[info] message from 29: wave#0#34#0
[info] message from 30: wave#1#28#0
[info] send message to 28: wave#1#28#0
[info] send message to 29: wave#1#28#0
[info] message from 29: wave#1#28#0
[info] message from 28: wave#1#28#28
[info] after round 1 : parent is ['30'] and leader id is 28
[info] send message to 30: wave#1#28#29
[info] message from 30: exit
[info] send message to 28: exit
