[info] Hello from node34
[info] I'm connected to nodes ['33', '34', '35']
[info] I have edges [('34', '33'), ('34', '34'), ('34', '35')]
[info] -- round 0 started!
[info] -- new id 11 selected!
[info] send message to 33: wave#0#11#0
[info] send message to 34: wave#0#11#0
[info] send message to 35: wave#0#11#0
[info] message from 35: wave#0#11#0
[info] message from 33: wave#0#27#0
[info] send message to 34: wave#0#27#0
[info] send message to 35: wave#0#27#0
[info] message from 34: wave#0#11#0
[info] message from 35: wave#1#28#0
[info] send message to 33: wave#1#28#0
[info] send message to 34: wave#1#28#0
[info] message from 34: wave#0#27#0
[info] message from 33: wave#0#33#0
[info] message from 34: wave#1#28#0
[info] message from 33: wave#1#28#33
[info] after round 1 : parent is ['35'] and leader id is 28
[info] send message to 35: wave#1#28#34
[info] message from 35: exit
[info] send message to 33: exit
