[info] Hello from node33
[info] I'm connected to nodes ['32', '33', '34']
[info] I have edges [('33', '32'), ('33', '33'), ('33', '34')]
[info] -- round 0 started!
[info] -- new id 27 selected!
[info] send message to 32: wave#0#27#0
[info] send message to 33: wave#0#27#0
[info] send message to 34: wave#0#27#0
[info] message from 32: wave#0#26#0
[info] message from 33: wave#0#27#0
[info] message from 34: wave#0#11#0
[info] message from 32: wave#0#33#0
[info] send message to 33: wave#0#33#0
[info] send message to 34: wave#0#33#0
[info] message from 33: wave#0#33#0
[info] message from 34: wave#1#28#0
[info] send message to 32: wave#1#28#0
[info] send message to 33: wave#1#28#0
[info] message from 33: wave#1#28#0
[info] message from 32: wave#1#28#32
[info] after round 1 : parent is ['34'] and leader id is 28
[info] send message to 34: wave#1#28#33
[info] message from 34: exit
[info] send message to 32: exit
