[info] Hello from node6
[info] I'm connected to nodes ['5', '6', '7']
[info] I have edges [('6', '5'), ('6', '6'), ('6', '7')]
[info] -- round 0 started!
[info] -- new id 31 selected!
[info] send message to 5: wave#0#31#0
[info] send message to 6: wave#0#31#0
[info] send message to 7: wave#0#31#0
[info] message from 7: wave#0#20#0
[info] message from 5: wave#0#10#0
[info] message from 6: wave#0#31#0
[info] message from 5: wave#0#19#0
[info] message from 5: wave#0#31#5
[info] message from 7: wave#0#32#0
[info] send message to 5: wave#0#32#0
[info] send message to 6: wave#0#32#0
[info] message from 6: wave#0#32#0
[info] message from 5: wave#0#32#5
[info] after round 0 : parent is ['7'] and leader id is 32
[info] send message to 7: wave#0#32#6
[info] message from 7: wave#0#34#0
[info] send message to 5: wave#0#34#0
[info] send message to 6: wave#0#34#0
[info] message from 6: wave#0#34#0
[info] message from 5: wave#0#34#5
[info] after round 0 : parent is ['7'] and leader id is 34
[info] send message to 7: wave#0#34#6
[info] message from 7: wave#1#28#0
[info] send message to 5: wave#1#28#0
[info] send message to 6: wave#1#28#0
[info] message from 6: wave#1#28#0
[info] message from 5: wave#1#28#5
[info] after round 1 : parent is ['7'] and leader id is 28
[info] send message to 7: wave#1#28#6
[info] message from 7: exit
[info] send message to 5: exit
