[info] Hello from node26
[info] I'm connected to nodes ['25', '26', '27']
[info] I have edges [('26', '25'), ('26', '26'), ('26', '27')]
[info] -- round 0 started!
[info] -- new id 26 selected!
[info] send message to 25: wave#0#26#0
[info] send message to 26: wave#0#26#0
[info] send message to 27: wave#0#26#0
[info] message from 25: wave#0#12#0
[info] message from 27: wave#0#9#0
[info] message from 25: wave#0#34#0
[info] send message to 26: wave#0#34#0
[info] send message to 27: wave#0#34#0
[info] message from 26: wave#0#26#0
[info] message from 27: wave#0#33#0
[info] message from 26: wave#0#34#0
[info] message from 27: wave#1#28#0
[info] send message to 25: wave#1#28#0
[info] send message to 26: wave#1#28#0
[info] message from 26: wave#1#28#0
[info] message from 25: wave#1#28#25
[info] after round 1 : parent is ['27'] and leader id is 28
[info] send message to 27: wave#1#28#26
[info] message from 27: exit
[info] send message to 25: exit
