[info] Hello from node4
[info] I'm connected to nodes ['1', '4']
[info] I have edges [('4', '1'), ('4', '4')]
[info] -- round 0 started!
[info] -- new id 9 selected!
[info] send message to 1: wave#0#9#0
[info] send message to 4: wave#0#9#0
[info] message from 1: wave#0#1#0
[info] message from 4: wave#0#9#0
[info] message from 1: wave#0#7#0
[info] message from 1: wave#1#6#0
[info] send message to 4: wave#1#6#0
[info] message from 4: wave#1#6#0
[info] after round 1 : parent is ['1'] and leader id is 6
[info] send message to 1: wave#1#6#1
[info] message from 1: wave#1#9#0
[info] send message to 4: wave#1#9#0
[info] message from 4: wave#1#9#0
[info] after round 1 : parent is ['1'] and leader id is 9
[info] send message to 1: wave#1#9#1
[info] message from 1: wave#1#10#0
[info] send message to 4: wave#1#10#0
[info] message from 4: wave#1#10#0
[info] after round 1 : parent is ['1'] and leader id is 10
[info] send message to 1: wave#1#10#1
[info] message from 1: exit
