[info] Hello from node6
[info] I'm connected to nodes ['1', '6']
[info] I have edges [('6', '1'), ('6', '6')]
[info] -- round 0 started!
[info] -- new id 33 selected!
[info] send message to 1: wave#0#33#0
[info] send message to 6: wave#0#33#0
[info] message from 1: wave#0#23#0
[info] message from 6: wave#0#33#0
[info] message from 1: wave#0#33#0
[info] after round 0 : parent is [] and leader id is 33
[info] -- round 1 started!
[info] -- new id 12 selected!
[info] send message to 1: wave#1#12#0
[info] send message to 6: wave#1#12#0
[info] message from 6: wave#1#12#0
[info] message from 1: wave#0#36#0
[info] message from 1: wave#0#39#0
[info] message from 1: wave#1#21#0
[info] send message to 6: wave#1#21#0
[info] message from 6: wave#1#21#0
[info] after round 1 : parent is ['1'] and leader id is 21
[info] send message to 1: wave#1#21#1
[info] message from 1: exit
