[info] Hello from node37
[info] I'm connected to nodes ['1', '37']
[info] I have edges [('37', '1'), ('37', '37')]
[info] -- round 0 started!
[info] -- new id 36 selected!
[info] send message to 1: wave#0#36#0
[info] send message to 37: wave#0#36#0
[info] message from 1: wave#0#23#0
[info] message from 37: wave#0#36#0
[info] message from 1: wave#0#33#0
[info] message from 1: wave#0#36#0
[info] after round 0 : parent is [] and leader id is 36
[info] -- round 1 started!
[info] -- new id 21 selected!
[info] send message to 1: wave#1#21#0
[info] send message to 37: wave#1#21#0
[info] message from 37: wave#1#21#0
[info] message from 1: wave#0#39#0
[info] message from 1: wave#1#12#0
[info] message from 1: wave#1#21#39
[info] after round 1 : parent is [] and leader id is 21
[info] send message to 1: exit
