[info] Hello from node22
[info] I'm connected to nodes ['1', '22']
[info] I have edges [('22', '1'), ('22', '22')]
[info] -- round 0 started!
[info] -- new id 14 selected!
[info] send message to 1: wave#0#14#0
[info] send message to 22: wave#0#14#0
[info] message from 1: wave#0#19#0
[info] send message to 22: wave#0#19#0
[info] message from 22: wave#0#14#0
[info] after round 0 : parent is ['1'] and leader id is 19
[info] send message to 1: wave#0#19#1
[info] message from 22: wave#0#19#0
[info] after round 0 : parent is ['1'] and leader id is 19
[info] send message to 1: wave#0#19#1
[info] message from 1: wave#0#25#0
[info] send message to 22: wave#0#25#0
[info] message from 22: wave#0#25#0
[info] after round 0 : parent is ['1'] and leader id is 25
[info] send message to 1: wave#0#25#1
[info] message from 1: exit
