[info] Hello from node5
[info] I'm connected to nodes ['1', '5']
[info] I have edges [('5', '1'), ('5', '5')]
[info] -- round 0 started!
[info] -- new id 15 selected!
[info] send message to 1: wave#0#15#0
[info] send message to 5: wave#0#15#0
[info] message from 1: wave#0#19#0
[info] send message to 5: wave#0#19#0
[info] message from 5: wave#0#15#0
[info] after round 0 : parent is ['1'] and leader id is 19
[info] send message to 1: wave#0#19#1
[info] message from 5: wave#0#19#0
[info] after round 0 : parent is ['1'] and leader id is 19
[info] send message to 1: wave#0#19#1
[info] message from 1: wave#0#25#0
[info] send message to 5: wave#0#25#0
[info] message from 5: wave#0#25#0
[info] after round 0 : parent is ['1'] and leader id is 25
[info] send message to 1: wave#0#25#1
[info] message from 1: exit
