[info] Hello from node11
[info] I'm connected to nodes ['1', '11']
[info] I have edges [('11', '1'), ('11', '11')]
[info] -- round 0 started!
[info] -- new id 26 selected!
[info] send message to 1: wave#0#26#0
[info] send message to 11: wave#0#26#0
[info] message from 11: wave#0#26#0
[info] message from 1: wave#0#25#0
[info] message from 1: wave#0#28#0
[info] send message to 11: wave#0#28#0
[info] message from 11: wave#0#28#0
[info] after round 0 : parent is ['1'] and leader id is 28
[info] send message to 1: wave#0#28#1
[info] message from 1: wave#0#32#0
[info] send message to 11: wave#0#32#0
[info] message from 11: wave#0#32#0
[info] after round 0 : parent is ['1'] and leader id is 32
[info] send message to 1: wave#0#32#1
[info] message from 1: wave#0#33#0
[info] send message to 11: wave#0#33#0
[info] message from 11: wave#0#33#0
[info] after round 0 : parent is ['1'] and leader id is 33
[info] send message to 1: wave#0#33#1
[info] message from 1: wave#1#30#0
[info] send message to 11: wave#1#30#0
[info] message from 11: wave#1#30#0
[info] after round 1 : parent is ['1'] and leader id is 30
[info] send message to 1: wave#1#30#1
[info] message from 1: exit
