[info] Hello from node18
[info] I'm connected to nodes ['1', '18']
[info] I have edges [('18', '1'), ('18', '18')]
[info] -- round 0 started!
[info] -- new id 18 selected!
[info] send message to 1: wave#0#18#0
[info] send message to 18: wave#0#18#0
[info] message from 1: wave#0#5#0
[info] message from 18: wave#0#18#0
[info] message from 1: wave#0#16#0
[info] message from 1: wave#0#23#0
[info] send message to 18: wave#0#23#0
[info] message from 18: wave#0#23#0
[info] after round 0 : parent is ['1'] and leader id is 23
[info] send message to 1: wave#0#23#1
[info] message from 1: wave#0#25#0
[info] send message to 18: wave#0#25#0
[info] message from 18: wave#0#25#0
[info] after round 0 : parent is ['1'] and leader id is 25
[info] send message to 1: wave#0#25#1
[info] message from 1: wave#1#22#0
[info] send message to 18: wave#1#22#0
[info] message from 18: wave#1#22#0
[info] after round 1 : parent is ['1'] and leader id is 22
[info] send message to 1: wave#1#22#1
[info] message from 1: exit
