[info] Hello from node16
[info] I'm connected to nodes ['1', '16']
[info] I have edges [('16', '1'), ('16', '16')]
[info] -- round 0 started!
[info] -- new id 5 selected!
[info] send message to 1: wave#0#5#0
[info] send message to 16: wave#0#5#0
[info] message from 1: wave#0#5#0
[info] message from 16: wave#0#5#0
[info] after round 0 : parent is [] and leader id is 5
[info] -- round 1 started!
[info] -- new id 17 selected!
[info] send message to 1: wave#1#17#0
[info] send message to 16: wave#1#17#0
[info] message from 16: wave#1#17#0
[info] message from 1: wave#0#16#0
[info] message from 1: wave#0#23#0
[info] message from 1: wave#0#25#0
[info] message from 1: wave#1#22#0
[info] send message to 16: wave#1#22#0
[info] message from 16: wave#1#22#0
[info] after round 1 : parent is ['1'] and leader id is 22
[info] send message to 1: wave#1#22#1
[info] message from 1: exit
