[info] Hello from node16
[info] I'm connected to nodes ['15', '16', '17']
[info] I have edges [('16', '15'), ('16', '16'), ('16', '17')]
[info] -- round 0 started!
[info] -- new id 3 selected!
[info] send message to 15: wave#0#3#0
[info] send message to 16: wave#0#3#0
[info] send message to 17: wave#0#3#0
[info] message from 17: wave#0#1#0
[info] message from 16: wave#0#3#0
[info] message from 15: wave#0#4#0
[info] send message to 16: wave#0#4#0
[info] send message to 17: wave#0#4#0
[info] message from 17: wave#0#7#0
[info] send message to 15: wave#0#7#0
[info] send message to 16: wave#0#7#0
[info] message from 16: wave#0#4#0
[info] message from 15: wave#0#5#0
[info] message from 16: wave#0#7#0
[info] message from 17: wave#0#8#0
[info] send message to 15: wave#0#8#0
[info] send message to 16: wave#0#8#0
[info] message from 16: wave#0#8#0
[info] message from 17: wave#0#19#0
[info] send message to 15: wave#0#19#0
[info] send message to 16: wave#0#19#0
[info] message from 16: wave#0#19#0
[info] message from 15: wave#0#19#15
[info] after round 0 : parent is ['17'] and leader id is 19
[info] send message to 17: wave#0#19#16
[info] message from 17: exit
[info] send message to 15: exit
