[info] Hello from node1
[info] I'm connected to nodes ['1', '2']
[info] I have edges [('1', '1'), ('1', '2')]
[info] -- round 0 started!
[info] -- new id 8 selected!
[info] send message to 1: wave#0#8#0
[info] send message to 2: wave#0#8#0
[info] message from 1: wave#0#8#0
[info] message from 2: wave#0#16#0
[info] send message to 1: wave#0#16#0
[info] message from 1: wave#0#16#0
[info] after round 0 : parent is ['2'] and leader id is 16
[info] send message to 2: wave#0#16#1
[info] message from 2: wave#0#23#0
[info] send message to 1: wave#0#23#0
[info] message from 1: wave#0#23#0
[info] after round 0 : parent is ['2'] and leader id is 23
[info] send message to 2: wave#0#23#1
[info] message from 2: wave#1#10#0
[info] send message to 1: wave#1#10#0
[info] message from 1: wave#1#10#0
[info] after round 1 : parent is ['2'] and leader id is 10
[info] send message to 2: wave#1#10#1
[info] message from 2: wave#1#14#0
[info] send message to 1: wave#1#14#0
[info] message from 1: wave#1#14#0
[info] after round 1 : parent is ['2'] and leader id is 14
[info] send message to 2: wave#1#14#1
[info] message from 2: wave#1#17#0
[info] send message to 1: wave#1#17#0
[info] message from 1: wave#1#17#0
[info] after round 1 : parent is ['2'] and leader id is 17
[info] send message to 2: wave#1#17#1
[info] message from 2: exit
