[info] Hello from node13
[info] I'm connected to nodes ['12', '13', '14']
[info] I have edges [('13', '12'), ('13', '13'), ('13', '14')]
[info] -- round 0 started!
[info] -- new id 21 selected!
[info] send message to 12: wave#0#21#0
[info] send message to 13: wave#0#21#0
[info] send message to 14: wave#0#21#0
[info] message from 14: wave#0#16#0
[info] message from 12: wave#0#3#0
[info] message from 13: wave#0#21#0
[info] message from 12: wave#0#6#0
[info] message from 14: wave#0#23#0
[info] send message to 12: wave#0#23#0
[info] send message to 13: wave#0#23#0
[info] message from 13: wave#0#23#0
[info] message from 12: wave#0#23#2
[info] after round 0 : parent is ['14'] and leader id is 23
[info] send message to 14: wave#0#23#3
[info] message from 14: wave#1#14#0
[info] send message to 12: wave#1#14#0
[info] send message to 13: wave#1#14#0
[info] message from 13: wave#1#14#0
[info] message from 14: wave#1#17#0
[info] send message to 12: wave#1#17#0
[info] send message to 13: wave#1#17#0
[info] message from 13: wave#1#17#0
[info] message from 12: wave#1#17#12
[info] after round 1 : parent is ['14'] and leader id is 17
[info] send message to 14: wave#1#17#13
[info] message from 14: exit
[info] send message to 12: exit
