[info] Hello from node21
[info] I'm connected to nodes ['20', '21', '22']
[info] I have edges [('21', '20'), ('21', '21'), ('21', '22')]
[info] -- round 0 started!
[info] -- new id 23 selected!
[info] send message to 20: wave#0#23#0
[info] send message to 21: wave#0#23#0
[info] send message to 22: wave#0#23#0
[info] message from 21: wave#0#23#0
[info] message from 20: wave#0#14#0
[info] message from 22: wave#0#13#0
[info] message from 20: wave#0#23#2
[info] message from 22: wave#0#23#4
[info] after round 0 : parent is [] and leader id is 23
[info] -- round 1 started!
[info] -- new id 17 selected!
[info] send message to 20: wave#1#17#0
[info] send message to 21: wave#1#17#0
[info] send message to 22: wave#1#17#0
[info] message from 21: wave#1#17#0
[info] message from 22: wave#1#17#4
[info] message from 20: wave#1#17#20
[info] after round 1 : parent is [] and leader id is 17
[info] send message to 20: exit
[info] send message to 22: exit
