[info] Hello from node12
[info] I'm connected to nodes ['11', '12', '13']
[info] I have edges [('12', '11'), ('12', '12'), ('12', '13')]
[info] -- round 0 started!
[info] -- new id 3 selected!
[info] send message to 11: wave#0#3#0
[info] send message to 12: wave#0#3#0
[info] send message to 13: wave#0#3#0
[info] message from 11: wave#0#6#0
[info] send message to 12: wave#0#6#0
[info] send message to 13: wave#0#6#0
[info] message from 12: wave#0#3#0
[info] message from 12: wave#0#6#0
[info] message from 13: wave#0#21#0
[info] send message to 11: wave#0#21#0
[info] send message to 12: wave#0#21#0
[info] message from 11: wave#0#11#0
[info] message from 11: wave#0#12#0
[info] message from 12: wave#0#21#0
[info] message from 13: wave#0#23#0
[info] send message to 11: wave#0#23#0
[info] send message to 12: wave#0#23#0
[info] message from 12: wave#0#23#0
[info] message from 11: wave#0#23#1
[info] after round 0 : parent is ['13'] and leader id is 23
[info] send message to 13: wave#0#23#2
[info] message from 13: wave#1#14#0
[info] send message to 11: wave#1#14#0
[info] send message to 12: wave#1#14#0
[info] message from 12: wave#1#14#0
[info] message from 13: wave#1#17#0
[info] send message to 11: wave#1#17#0
[info] send message to 12: wave#1#17#0
[info] message from 12: wave#1#17#0
[info] message from 11: wave#1#17#11
[info] after round 1 : parent is ['13'] and leader id is 17
[info] send message to 13: wave#1#17#12
[info] message from 13: exit
[info] send message to 11: exit
