[info] Hello from node10
[info] I'm connected to nodes ['9', '10', '11']
[info] I have edges [('10', '9'), ('10', '10'), ('10', '11')]
[info] -- round 0 started!
[info] -- new id 6 selected!
[info] send message to 9: wave#0#6#0
[info] send message to 10: wave#0#6#0
[info] send message to 11: wave#0#6#0
[info] message from 11: wave#0#7#0
[info] send message to 9: wave#0#7#0
[info] send message to 10: wave#0#7#0
[info] message from 10: wave#0#6#0
[info] message from 11: wave#0#16#0
[info] send message to 9: wave#0#16#0
[info] send message to 10: wave#0#16#0
[info] message from 10: wave#0#7#0
[info] message from 9: wave#0#20#0
[info] send message to 10: wave#0#20#0
[info] send message to 11: wave#0#20#0
[info] message from 10: wave#0#16#0
[info] message from 9: wave#0#21#0
[info] send message to 10: wave#0#21#0
[info] send message to 11: wave#0#21#0
[info] message from 10: wave#0#20#0
[info] message from 10: wave#0#21#0
[info] message from 9: wave#0#22#0
[info] send message to 10: wave#0#22#0
[info] send message to 11: wave#0#22#0
[info] message from 10: wave#0#22#0
[info] message from 11: wave#0#23#0
[info] send message to 9: wave#0#23#0
[info] send message to 10: wave#0#23#0
[info] message from 10: wave#0#23#0
[info] message from 9: wave#0#23#10
[info] after round 0 : parent is ['11'] and leader id is 23
[info] send message to 11: wave#0#23#11
[info] message from 11: exit
[info] send message to 9: exit
