[info] Hello from node2
[info] I'm connected to nodes ['1', '2', '3']
[info] I have edges [('2', '1'), ('2', '2'), ('2', '3')]
[info] -- round 0 started!
[info] -- new id 22 selected!
[info] send message to 1: wave#0#22#0
[info] send message to 2: wave#0#22#0
[info] send message to 3: wave#0#22#0
[info] message from 1: wave#0#2#0
[info] message from 3: wave#0#20#0
[info] message from 2: wave#0#22#0
[info] message from 3: wave#0#23#0
[info] send message to 1: wave#0#23#0
[info] send message to 2: wave#0#23#0
[info] message from 2: wave#0#23#0
[info] message from 1: wave#0#23#2
[info] after round 0 : parent is ['3'] and leader id is 23
[info] send message to 3: wave#0#23#3
[info] message from 1: exit
[info] send message to 3: exit
