[info] Hello from node19
[info] I'm connected to nodes ['18', '19', '20']
[info] I have edges [('19', '18'), ('19', '19'), ('19', '20')]
[info] -- round 0 started!
[info] -- new id 20 selected!
[info] send message to 18: wave#0#20#0
[info] send message to 19: wave#0#20#0
[info] send message to 20: wave#0#20#0
[info] message from 19: wave#0#20#0
[info] message from 20: wave#0#2#0
[info] message from 18: wave#0#13#0
[info] message from 18: wave#0#23#0
[info] send message to 19: wave#0#23#0
[info] send message to 20: wave#0#23#0
[info] message from 19: wave#0#23#0
[info] message from 20: wave#0#23#5
[info] after round 0 : parent is ['18'] and leader id is 23
[info] send message to 18: wave#0#23#6
[info] message from 18: exit
[info] send message to 20: exit
