[info] Hello from node4
[info] I'm connected to nodes ['3', '4', '5']
[info] I have edges [('4', '3'), ('4', '4'), ('4', '5')]
[info] -- round 0 started!
[info] -- new id 7 selected!
[info] send message to 3: wave#0#7#0
[info] send message to 4: wave#0#7#0
[info] send message to 5: wave#0#7#0
[info] message from 5: wave#0#6#0
[info] message from 3: wave#0#20#0
[info] send message to 4: wave#0#20#0
[info] send message to 5: wave#0#20#0
[info] message from 5: wave#0#21#0
[info] send message to 3: wave#0#21#0
[info] send message to 4: wave#0#21#0
[info] message from 4: wave#0#7#0
[info] message from 3: wave#0#22#0
[info] send message to 4: wave#0#22#0
[info] send message to 5: wave#0#22#0
[info] message from 4: wave#0#20#0
[info] message from 4: wave#0#21#0
[info] message from 4: wave#0#22#0
[info] message from 5: wave#0#23#0
[info] send message to 3: wave#0#23#0
[info] send message to 4: wave#0#23#0
[info] message from 4: wave#0#23#0
[info] message from 3: wave#0#23#4
[info] after round 0 : parent is ['5'] and leader id is 23
[info] send message to 5: wave#0#23#5
[info] message from 5: exit
[info] send message to 3: exit
