[info] Hello from node19
[info] I'm connected to nodes ['18', '19', '20']
[info] I have edges [('19', '18'), ('19', '19'), ('19', '20')]
[info] -- round 0 started!
[info] -- new id 26 selected!
[info] send message to 18: wave#0#26#0
[info] send message to 19: wave#0#26#0
[info] send message to 20: wave#0#26#0
[info] message from 20: wave#0#22#0
[info] message from 19: wave#0#26#0
[info] message from 18: wave#0#23#0
[info] message from 18: wave#0#26#1
[info] message from 18: wave#0#35#0
[info] send message to 19: wave#0#35#0
[info] send message to 20: wave#0#35#0
[info] message from 19: wave#0#35#0
[info] message from 18: wave#0#39#0
[info] send message to 19: wave#0#39#0
[info] send message to 20: wave#0#39#0
[info] message from 19: wave#0#39#0
[info] message from 18: wave#0#40#0
[info] send message to 19: wave#0#40#0
[info] send message to 20: wave#0#40#0
[info] message from 19: wave#0#40#0
[info] message from 20: wave#0#40#7
[info] after round 0 : parent is ['18'] and leader id is 40
[info] send message to 18: wave#0#40#8
[info] message from 18: exit
[info] send message to 20: exit
