[info] Hello from node34
[info] I'm connected to nodes ['33', '34', '35']
[info] I have edges [('34', '33'), ('34', '34'), ('34', '35')]
[info] -- round 0 started!
[info] -- new id 10 selected!
[info] send message to 33: wave#0#10#0
[info] send message to 34: wave#0#10#0
[info] send message to 35: wave#0#10#0
[info] message from 35: wave#0#30#0
[info] send message to 33: wave#0#30#0
[info] send message to 34: wave#0#30#0
[info] message from 34: wave#0#10#0
[info] message from 33: wave#0#6#0
[info] message from 34: wave#0#30#0
[info] message from 33: wave#0#30#1
[info] after round 0 : parent is ['35'] and leader id is 30
[info] send message to 35: wave#0#30#2
[info] message from 33: wave#0#38#0
[info] send message to 34: wave#0#38#0
[info] send message to 35: wave#0#38#0
[info] message from 34: wave#0#38#0
[info] message from 35: wave#0#40#0
[info] send message to 33: wave#0#40#0
[info] send message to 34: wave#0#40#0
[info] message from 34: wave#0#40#0
[info] message from 33: wave#0#40#7
[info] after round 0 : parent is ['35'] and leader id is 40
[info] send message to 35: wave#0#40#8
[info] message from 33: wave#0#40#28
[info] after round 0 : parent is ['35'] and leader id is 40
[info] send message to 35: wave#0#40#36
[info] message from 35: exit
[info] send message to 33: exit
