[info] Hello from node26
[info] I'm connected to nodes ['25', '26', '27']
[info] I have edges [('26', '25'), ('26', '26'), ('26', '27')]
[info] -- round 0 started!
[info] -- new id 36 selected!
[info] send message to 25: wave#0#36#0
[info] send message to 26: wave#0#36#0
[info] send message to 27: wave#0#36#0
[info] message from 25: wave#0#31#0
[info] message from 27: wave#0#14#0
[info] message from 26: wave#0#36#0
[info] message from 27: wave#0#38#0
[info] send message to 25: wave#0#38#0
[info] send message to 26: wave#0#38#0
[info] message from 26: wave#0#38#0
[info] message from 25: wave#0#39#0
[info] send message to 26: wave#0#39#0
[info] send message to 27: wave#0#39#0
[info] message from 26: wave#0#39#0
[info] message from 25: wave#0#40#0
[info] send message to 26: wave#0#40#0
[info] send message to 27: wave#0#40#0
[info] message from 26: wave#0#40#0
[info] message from 27: wave#0#40#0
[info] after round 0 : parent is ['25'] and leader id is 40
[info] send message to 25: wave#0#40#1
[info] message from 27: exit
[info] send message to 25: exit
