[info] Hello from node37
[info] I'm connected to nodes ['36', '37', '38']
[info] I have edges [('37', '36'), ('37', '37'), ('37', '38')]
[info] -- round 0 started!
[info] -- new id 14 selected!
[info] send message to 36: wave#0#14#0
[info] send message to 37: wave#0#14#0
[info] send message to 38: wave#0#14#0
[info] message from 37: wave#0#14#0
[info] message from 36: wave#0#13#0
[info] message from 38: wave#0#26#0
[info] send message to 36: wave#0#26#0
[info] send message to 37: wave#0#26#0
[info] message from 36: wave#0#30#0
[info] send message to 37: wave#0#30#0
[info] send message to 38: wave#0#30#0
[info] message from 37: wave#0#26#0
[info] message from 37: wave#0#30#0
[info] message from 38: wave#0#32#0
[info] send message to 36: wave#0#32#0
[info] send message to 37: wave#0#32#0
[info] message from 38: wave#0#34#0
[info] send message to 36: wave#0#34#0
[info] send message to 37: wave#0#34#0
[info] message from 37: wave#0#32#0
[info] message from 38: wave#0#40#0
[info] send message to 36: wave#0#40#0
[info] send message to 37: wave#0#40#0
[info] message from 36: wave#0#38#0
[info] message from 37: wave#0#34#0
[info] message from 37: wave#0#40#0
[info] message from 36: wave#0#40#10
[info] after round 0 : parent is ['38'] and leader id is 40
[info] send message to 38: wave#0#40#11
[info] message from 36: wave#0#40#55
[info] after round 0 : parent is ['38'] and leader id is 40
[info] send message to 38: wave#0#40#66
[info] message from 38: exit
[info] send message to 36: exit
