[info] Hello from node1
[info] I'm connected to nodes ['1', '2', '5']
[info] I have edges [('1', '1'), ('1', '2'), ('1', '5')]
[info] -- round 0 started!
[info] -- new id 4 selected!
[info] send message to 1: wave#0#4#0
[info] send message to 2: wave#0#4#0
[info] send message to 5: wave#0#4#0
[info] message from 2: wave#0#2#0
[info] message from 1: wave#0#4#0
[info] message from 5: wave#0#1#0
[info] message from 2: wave#0#5#0
[info] send message to 1: wave#0#5#0
[info] send message to 5: wave#0#5#0
[info] message from 1: wave#0#5#0
[info] message from 5: wave#0#2#0
[info] message from 5: wave#0#5#1
[info] after round 0 : parent is ['2'] and leader id is 5
[info] send message to 2: wave#0#5#2
[info] message from 5: wave#0#5#1
[info] after round 0 : parent is ['2'] and leader id is 5
[info] send message to 2: wave#0#5#3
[info] message from 5: wave#0#5#1
[info] after round 0 : parent is ['2'] and leader id is 5
[info] send message to 2: wave#0#5#4
[info] message from 2: exit
[info] send message to 5: exit
