[info] Hello from node43
[info] I'm connected to nodes ['42', '43', '44']
[info] I have edges [('43', '42'), ('43', '43'), ('43', '44')]
[info] -- round 0 started!
[info] -- new id 43 selected!
[info] send message to 42: wave#0#43#0
[info] send message to 43: wave#0#43#0
[info] send message to 44: wave#0#43#0
[info] message from 42: wave#0#8#0
[info] message from 43: wave#0#43#0
[info] message from 44: wave#0#9#0
[info] message from 42: wave#0#44#0
[info] send message to 43: wave#0#44#0
[info] send message to 44: wave#0#44#0
[info] message from 43: wave#0#44#0
[info] message from 44: wave#0#44#13
[info] after round 0 : parent is ['42'] and leader id is 44
[info] send message to 42: wave#0#44#14
[info] message from 42: exit
[info] send message to 44: exit
