[info] Hello from node39
[info] I'm connected to nodes ['38', '39', '40']
[info] I have edges [('39', '38'), ('39', '39'), ('39', '40')]
[info] -- round 0 started!
[info] -- new id 5 selected!
[info] send message to 38: wave#0#5#0
[info] send message to 39: wave#0#5#0
[info] send message to 40: wave#0#5#0
[info] message from 38: wave#0#41#0
[info] send message to 39: wave#0#41#0
[info] send message to 40: wave#0#41#0
[info] message from 40: wave#0#44#0
[info] send message to 38: wave#0#44#0
[info] send message to 39: wave#0#44#0
[info] message from 39: wave#0#5#0
[info] message from 39: wave#0#41#0
[info] message from 39: wave#0#44#0
[info] message from 38: wave#0#44#27
[info] after round 0 : parent is ['40'] and leader id is 44
[info] send message to 40: wave#0#44#28
[info] message from 40: exit
[info] send message to 38: exit
