[info] Hello from node24
[info] I'm connected to nodes ['23', '24', '25']
[info] I have edges [('24', '23'), ('24', '24'), ('24', '25')]
[info] -- round 0 started!
[info] -- new id 6 selected!
[info] send message to 23: wave#0#6#0
[info] send message to 24: wave#0#6#0
[info] send message to 25: wave#0#6#0
[info] message from 25: wave#0#16#0
[info] send message to 23: wave#0#16#0
[info] send message to 24: wave#0#16#0
[info] message from 24: wave#0#6#0
[info] message from 25: wave#0#34#0
[info] send message to 23: wave#0#34#0
[info] send message to 24: wave#0#34#0
[info] message from 23: wave#0#38#0
[info] send message to 24: wave#0#38#0
[info] send message to 25: wave#0#38#0
[info] message from 24: wave#0#16#0
[info] message from 25: wave#0#38#0
[info] after round 0 : parent is ['23'] and leader id is 38
[info] send message to 23: wave#0#38#1
[info] message from 24: wave#0#34#0
[info] after round 0 : parent is ['23'] and leader id is 38
[info] send message to 23: wave#0#38#1
[info] message from 24: wave#0#38#0
[info] after round 0 : parent is ['23'] and leader id is 38
[info] send message to 23: wave#0#38#1
[info] message from 23: wave#0#40#0
[info] send message to 24: wave#0#40#0
[info] send message to 25: wave#0#40#0
[info] message from 24: wave#0#40#0
[info] message from 25: wave#0#41#0
[info] send message to 23: wave#0#41#0
[info] send message to 24: wave#0#41#0
[info] message from 24: wave#0#41#0
[info] message from 23: wave#0#41#0
[info] after round 0 : parent is ['25'] and leader id is 41
[info] send message to 25: wave#0#41#1
[info] message from 25: wave#0#44#0
[info] send message to 23: wave#0#44#0
[info] send message to 24: wave#0#44#0
[info] message from 24: wave#0#44#0
[info] message from 23: wave#0#44#12
[info] after round 0 : parent is ['25'] and leader id is 44
[info] send message to 25: wave#0#44#13
[info] message from 25: exit
[info] send message to 23: exit
