[info] Hello from node15
[info] I'm connected to nodes ['14', '15', '16']
[info] I have edges [('15', '14'), ('15', '15'), ('15', '16')]
[info] -- round 0 started!
[info] -- new id 36 selected!
[info] send message to 14: wave#0#36#0
[info] send message to 15: wave#0#36#0
[info] send message to 16: wave#0#36#0
[info] message from 16: wave#0#3#0
[info] message from 16: wave#0#14#0
[info] message from 14: wave#0#29#0
[info] message from 14: wave#0#40#0
[info] send message to 15: wave#0#40#0
[info] send message to 16: wave#0#40#0
[info] message from 15: wave#0#36#0
[info] message from 15: wave#0#40#0
[info] message from 14: wave#0#41#0
[info] send message to 15: wave#0#41#0
[info] send message to 16: wave#0#41#0
[info] message from 15: wave#0#41#0
[info] message from 16: wave#0#41#8
[info] after round 0 : parent is ['14'] and leader id is 41
[info] send message to 14: wave#0#41#9
[info] message from 16: wave#0#44#0
[info] send message to 14: wave#0#44#0
[info] send message to 15: wave#0#44#0
[info] message from 15: wave#0#44#0
[info] message from 14: wave#0#44#3
[info] after round 0 : parent is ['16'] and leader id is 44
[info] send message to 16: wave#0#44#4
[info] message from 14: exit
[info] send message to 16: exit
