[info] Hello from node33
[info] I'm connected to nodes ['32', '33', '34']
[info] I have edges [('33', '32'), ('33', '33'), ('33', '34')]
[info] -- round 0 started!
[info] -- new id 7 selected!
[info] send message to 32: wave#0#7#0
[info] send message to 33: wave#0#7#0
[info] send message to 34: wave#0#7#0
[info] message from 34: wave#0#25#0
[info] send message to 32: wave#0#25#0
[info] send message to 33: wave#0#25#0
[info] message from 33: wave#0#7#0
[info] message from 32: wave#0#16#0
[info] message from 34: wave#0#27#0
[info] send message to 32: wave#0#27#0
[info] send message to 33: wave#0#27#0
[info] message from 33: wave#0#25#0
[info] message from 33: wave#0#27#0
[info] message from 34: wave#0#35#0
[info] send message to 32: wave#0#35#0
[info] send message to 33: wave#0#35#0
[info] message from 33: wave#0#35#0
[info] message from 32: wave#0#28#0
[info] message from 34: wave#0#41#0
[info] send message to 32: wave#0#41#0
[info] send message to 33: wave#0#41#0
[info] message from 32: wave#0#38#0
[info] message from 33: wave#0#41#0
[info] message from 34: wave#0#44#0
[info] send message to 32: wave#0#44#0
[info] send message to 33: wave#0#44#0
[info] message from 33: wave#0#44#0
[info] message from 32: wave#0#44#21
[info] after round 0 : parent is ['34'] and leader id is 44
[info] send message to 34: wave#0#44#22
[info] message from 34: exit
[info] send message to 32: exit
