[info] Hello from node19
[info] I'm connected to nodes ['18', '19', '20']
[info] I have edges [('19', '18'), ('19', '19'), ('19', '20')]
[info] -- round 0 started!
[info] -- new id 32 selected!
[info] send message to 18: wave#0#32#0
[info] send message to 19: wave#0#32#0
[info] send message to 20: wave#0#32#0
[info] message from 18: wave#0#13#0
[info] message from 18: wave#0#14#0
[info] message from 20: wave#0#9#0
[info] message from 19: wave#0#32#0
[info] message from 20: wave#0#35#0
[info] send message to 18: wave#0#35#0
[info] send message to 19: wave#0#35#0
[info] message from 18: wave#0#36#0
[info] send message to 19: wave#0#36#0
[info] send message to 20: wave#0#36#0
[info] message from 19: wave#0#35#0
[info] message from 19: wave#0#36#0
[info] message from 18: wave#0#40#0
[info] send message to 19: wave#0#40#0
[info] send message to 20: wave#0#40#0
[info] message from 20: wave#0#38#0
[info] message from 19: wave#0#40#0
[info] message from 18: wave#0#41#0
[info] send message to 19: wave#0#41#0
[info] send message to 20: wave#0#41#0
[info] message from 19: wave#0#41#0
[info] message from 20: wave#0#41#4
[info] after round 0 : parent is ['18'] and leader id is 41
[info] send message to 18: wave#0#41#5
[info] message from 20: wave#0#44#0
[info] send message to 18: wave#0#44#0
[info] send message to 19: wave#0#44#0
[info] message from 19: wave#0#44#0
[info] message from 18: wave#0#44#7
[info] after round 0 : parent is ['20'] and leader id is 44
[info] send message to 20: wave#0#44#8
[info] message from 18: exit
[info] send message to 20: exit
