[info] Hello from node10
[info] I'm connected to nodes ['9', '10', '11']
[info] I have edges [('10', '9'), ('10', '10'), ('10', '11')]
[info] -- round 0 started!
[info] -- new id 18 selected!
[info] send message to 9: wave#0#18#0
[info] send message to 10: wave#0#18#0
[info] send message to 11: wave#0#18#0
[info] message from 10: wave#0#18#0
[info] message from 11: wave#0#9#0
[info] message from 9: wave#0#37#0
[info] send message to 10: wave#0#37#0
[info] send message to 11: wave#0#37#0
[info] message from 10: wave#0#37#0
[info] message from 11: wave#0#40#0
[info] send message to 9: wave#0#40#0
[info] send message to 10: wave#0#40#0
[info] message from 10: wave#0#40#0
[info] message from 9: wave#0#41#0
[info] send message to 10: wave#0#41#0
[info] send message to 11: wave#0#41#0
[info] message from 10: wave#0#41#0
[info] message from 9: wave#0#43#0
[info] send message to 10: wave#0#43#0
[info] send message to 11: wave#0#43#0
[info] message from 10: wave#0#43#0
[info] message from 9: wave#0#44#0
[info] send message to 10: wave#0#44#0
[info] send message to 11: wave#0#44#0
[info] message from 10: wave#0#44#0
[info] message from 11: wave#0#44#1
[info] after round 0 : parent is ['9'] and leader id is 44
[info] send message to 9: wave#0#44#2
[info] message from 9: exit
[info] send message to 11: exit
