[info] Hello from node45
[info] I'm connected to nodes ['1', '44', '45']
[info] I have edges [('45', '1'), ('45', '44'), ('45', '45')]
[info] -- round 0 started!
[info] -- new id 33 selected!
[info] send message to 1: wave#0#33#0
[info] send message to 44: wave#0#33#0
[info] send message to 45: wave#0#33#0
[info] message from 1: wave#0#41#0
[info] send message to 44: wave#0#41#0
[info] send message to 45: wave#0#41#0
[info] message from 45: wave#0#33#0
[info] message from 44: wave#0#9#0
[info] message from 45: wave#0#41#0
[info] message from 44: wave#0#43#0
[info] send message to 1: wave#0#43#0
[info] send message to 45: wave#0#43#0
[info] message from 45: wave#0#43#0
[info] message from 44: wave#0#44#0
[info] send message to 1: wave#0#44#0
[info] send message to 45: wave#0#44#0
[info] message from 45: wave#0#44#0
[info] message from 1: wave#0#44#11
[info] after round 0 : parent is ['44'] and leader id is 44
[info] send message to 44: wave#0#44#12
[info] message from 44: exit
[info] send message to 1: exit
