[info] Hello from node1
[info] I'm connected to nodes ['1', '2', '45']
[info] I have edges [('1', '1'), ('1', '2'), ('1', '45')]
[info] -- round 0 started!
[info] -- new id 41 selected!
[info] send message to 1: wave#0#41#0
[info] send message to 2: wave#0#41#0
[info] send message to 45: wave#0#41#0
[info] message from 1: wave#0#41#0
[info] message from 2: wave#0#35#0
[info] message from 45: wave#0#33#0
[info] message from 45: wave#0#43#0
[info] send message to 1: wave#0#43#0
[info] send message to 2: wave#0#43#0
[info] message from 1: wave#0#43#0
[info] message from 45: wave#0#44#0
[info] send message to 1: wave#0#44#0
[info] send message to 2: wave#0#44#0
[info] message from 1: wave#0#44#0
[info] message from 2: wave#0#44#10
[info] after round 0 : parent is ['45'] and leader id is 44
[info] send message to 45: wave#0#44#11
[info] message from 45: exit
[info] send message to 2: exit
