[info] Hello from node9
[info] I'm connected to nodes ['8', '9', '10']
[info] I have edges [('9', '8'), ('9', '9'), ('9', '10')]
[info] -- round 0 started!
[info] -- new id 37 selected!
[info] send message to 8: wave#0#37#0
[info] send message to 9: wave#0#37#0
[info] send message to 10: wave#0#37#0
[info] message from 10: wave#0#18#0
[info] message from 9: wave#0#37#0
[info] message from 8: wave#0#13#0
[info] message from 8: wave#0#22#0
[info] message from 10: wave#0#40#0
[info] send message to 8: wave#0#40#0
[info] send message to 9: wave#0#40#0
[info] message from 9: wave#0#40#0
[info] message from 8: wave#0#41#0
[info] send message to 9: wave#0#41#0
[info] send message to 10: wave#0#41#0
[info] message from 9: wave#0#41#0
[info] message from 8: wave#0#43#0
[info] send message to 9: wave#0#43#0
[info] send message to 10: wave#0#43#0
[info] message from 9: wave#0#43#0
[info] message from 8: wave#0#44#0
[info] send message to 9: wave#0#44#0
[info] send message to 10: wave#0#44#0
[info] message from 9: wave#0#44#0
[info] message from 10: wave#0#44#2
[info] after round 0 : parent is ['8'] and leader id is 44
[info] send message to 8: wave#0#44#3
[info] message from 8: exit
[info] send message to 10: exit
