[info] Hello from node29
[info] I'm connected to nodes ['28', '29', '30']
[info] I have edges [('29', '28'), ('29', '29'), ('29', '30')]
[info] -- round 0 started!
[info] -- new id 28 selected!
[info] send message to 28: wave#0#28#0
[info] send message to 29: wave#0#28#0
[info] send message to 30: wave#0#28#0
[info] message from 29: wave#0#28#0
[info] message from 28: wave#0#38#0
[info] send message to 29: wave#0#38#0
[info] send message to 30: wave#0#38#0
[info] message from 30: wave#0#28#0
[info] message from 29: wave#0#38#0
[info] message from 30: wave#0#41#0
[info] send message to 28: wave#0#41#0
[info] send message to 29: wave#0#41#0
[info] message from 30: wave#0#44#0
[info] send message to 28: wave#0#44#0
[info] send message to 29: wave#0#44#0
[info] message from 29: wave#0#41#0
[info] message from 29: wave#0#44#0
[info] message from 28: wave#0#44#17
[info] after round 0 : parent is ['30'] and leader id is 44
[info] send message to 30: wave#0#44#18
[info] message from 30: exit
[info] send message to 28: exit
