[info] Hello from node13
[info] I'm connected to nodes ['12', '13', '14']
[info] I have edges [('13', '12'), ('13', '13'), ('13', '14')]
[info] -- round 0 started!
[info] -- new id 40 selected!
[info] send message to 12: wave#0#40#0
[info] send message to 13: wave#0#40#0
[info] send message to 14: wave#0#40#0
[info] message from 14: wave#0#29#0
[info] message from 13: wave#0#40#0
[info] message from 12: wave#0#5#0
[info] message from 12: wave#0#41#0
[info] send message to 13: wave#0#41#0
[info] send message to 14: wave#0#41#0
[info] message from 13: wave#0#41#0
[info] message from 14: wave#0#41#10
[info] after round 0 : parent is ['12'] and leader id is 41
[info] send message to 12: wave#0#41#11
[info] message from 14: wave#0#44#0
[info] send message to 12: wave#0#44#0
[info] send message to 13: wave#0#44#0
[info] message from 13: wave#0#44#0
[info] message from 12: wave#0#43#0
[info] message from 12: wave#0#44#1
[info] after round 0 : parent is ['14'] and leader id is 44
[info] send message to 14: wave#0#44#2
[info] message from 12: exit
[info] send message to 14: exit
