[info] Hello from node12
[info] I'm connected to nodes ['1', '12']
[info] I have edges [('12', '1'), ('12', '12')]
[info] -- round 0 started!
[info] -- new id 13 selected!
[info] send message to 1: wave#0#13#0
[info] send message to 12: wave#0#13#0
[info] message from 1: wave#0#17#0
[info] send message to 12: wave#0#17#0
[info] message from 12: wave#0#13#0
[info] after round 0 : parent is ['1'] and leader id is 17
[info] send message to 1: wave#0#17#1
[info] message from 12: wave#0#17#0
[info] after round 0 : parent is ['1'] and leader id is 17
[info] send message to 1: wave#0#17#1
[info] message from 1: wave#0#22#0
[info] send message to 12: wave#0#22#0
[info] message from 12: wave#0#22#0
[info] after round 0 : parent is ['1'] and leader id is 22
[info] send message to 1: wave#0#22#1
[info] message from 1: wave#0#26#0
[info] send message to 12: wave#0#26#0
[info] message from 12: wave#0#26#0
[info] after round 0 : parent is ['1'] and leader id is 26
[info] send message to 1: wave#0#26#1
[info] message from 1: wave#0#33#0
[info] send message to 12: wave#0#33#0
[info] message from 12: wave#0#33#0
[info] after round 0 : parent is ['1'] and leader id is 33
[info] send message to 1: wave#0#33#1
[info] message from 1: wave#0#39#0
[info] send message to 12: wave#0#39#0
[info] message from 12: wave#0#39#0
[info] after round 0 : parent is ['1'] and leader id is 39
[info] send message to 1: wave#0#39#1
[info] message from 1: wave#0#40#0
[info] send message to 12: wave#0#40#0
[info] message from 12: wave#0#40#0
[info] after round 0 : parent is ['1'] and leader id is 40
[info] send message to 1: wave#0#40#1
[info] message from 1: wave#1#30#0
[info] send message to 12: wave#1#30#0
[info] message from 12: wave#1#30#0
[info] after round 1 : parent is ['1'] and leader id is 30
[info] send message to 1: wave#1#30#1
[info] message from 1: wave#1#32#0
[info] send message to 12: wave#1#32#0
[info] message from 12: wave#1#32#0
[info] after round 1 : parent is ['1'] and leader id is 32
[info] send message to 1: wave#1#32#1
[info] message from 1: wave#1#37#0
[info] send message to 12: wave#1#37#0
[info] message from 12: wave#1#37#0
[info] after round 1 : parent is ['1'] and leader id is 37
[info] send message to 1: wave#1#37#1
[info] message from 1: exit
