[info] Hello from node36
[info] I'm connected to nodes ['1', '2', '3', '4', '5', '6', '7', '8', '9', '10', '11', '12', '13', '14', '15', '16', '17', '18', '19', '20', '21', '22', '23', '24', '25', '26', '27', '28', '29', '30', '31', '32', '33', '34', '35', '36', '37', '38', '39', '40', '41', '42', '43', '44', '45']
[info] I have edges [('36', '1'), ('36', '2'), ('36', '3'), ('36', '4'), ('36', '5'), ('36', '6'), ('36', '7'), ('36', '8'), ('36', '9'), ('36', '10'), ('36', '11'), ('36', '12'), ('36', '13'), ('36', '14'), ('36', '15'), ('36', '16'), ('36', '17'), ('36', '18'), ('36', '19'), ('36', '20'), ('36', '21'), ('36', '22'), ('36', '23'), ('36', '24'), ('36', '25'), ('36', '26'), ('36', '27'), ('36', '28'), ('36', '29'), ('36', '30'), ('36', '31'), ('36', '32'), ('36', '33'), ('36', '34'), ('36', '35'), ('36', '36'), ('36', '37'), ('36', '38'), ('36', '39'), ('36', '40'), ('36', '41'), ('36', '42'), ('36', '43'), ('36', '44'), ('36', '45')]
[info] -- round 0 started!
[info] -- new id 7 selected!
[info] send message to 1: wave#0#7#0
[info] send message to 2: wave#0#7#0
[info] send message to 3: wave#0#7#0
[info] send message to 4: wave#0#7#0
[info] send message to 5: wave#0#7#0
[info] send message to 6: wave#0#7#0
[info] send message to 7: wave#0#7#0
[info] send message to 8: wave#0#7#0
[info] send message to 9: wave#0#7#0
[info] send message to 10: wave#0#7#0
[info] send message to 11: wave#0#7#0
[info] send message to 12: wave#0#7#0
[info] send message to 13: wave#0#7#0
[info] send message to 14: wave#0#7#0
[info] send message to 15: wave#0#7#0
[info] send message to 16: wave#0#7#0
[info] send message to 17: wave#0#7#0
[info] send message to 18: wave#0#7#0
[info] send message to 19: wave#0#7#0
[info] send message to 20: wave#0#7#0
[info] send message to 21: wave#0#7#0
[info] send message to 22: wave#0#7#0
[info] send message to 23: wave#0#7#0
[info] send message to 24: wave#0#7#0
[info] send message to 25: wave#0#7#0
[info] send message to 26: wave#0#7#0
[info] send message to 27: wave#0#7#0
[info] send message to 28: wave#0#7#0
[info] send message to 29: wave#0#7#0
[info] send message to 30: wave#0#7#0
[info] send message to 31: wave#0#7#0
[info] send message to 32: wave#0#7#0
[info] send message to 33: wave#0#7#0
[info] send message to 34: wave#0#7#0
[info] send message to 35: wave#0#7#0
[info] send message to 36: wave#0#7#0
[info] send message to 37: wave#0#7#0
[info] send message to 38: wave#0#7#0
[info] send message to 39: wave#0#7#0
[info] send message to 40: wave#0#7#0
[info] send message to 41: wave#0#7#0
[info] send message to 42: wave#0#7#0
[info] send message to 43: wave#0#7#0
[info] send message to 44: wave#0#7#0
[info] send message to 45: wave#0#7#0
[info] message from 7: wave#0#24#0
[info] send message to 1: wave#0#24#0
[info] send message to 2: wave#0#24#0
[info] send message to 3: wave#0#24#0
[info] send message to 4: wave#0#24#0
[info] send message to 5: wave#0#24#0
[info] send message to 6: wave#0#24#0
[info] send message to 8: wave#0#24#0
[info] send message to 9: wave#0#24#0
[info] send message to 10: wave#0#24#0
[info] send message to 11: wave#0#24#0
[info] send message to 12: wave#0#24#0
[info] send message to 13: wave#0#24#0
[info] send message to 14: wave#0#24#0
[info] send message to 15: wave#0#24#0
[info] send message to 16: wave#0#24#0
[info] send message to 17: wave#0#24#0
[info] send message to 18: wave#0#24#0
[info] send message to 19: wave#0#24#0
[info] send message to 20: wave#0#24#0
[info] send message to 21: wave#0#24#0
[info] send message to 22: wave#0#24#0
[info] send message to 23: wave#0#24#0
[info] send message to 24: wave#0#24#0
[info] send message to 25: wave#0#24#0
[info] send message to 26: wave#0#24#0
[info] send message to 27: wave#0#24#0
[info] send message to 28: wave#0#24#0
[info] send message to 29: wave#0#24#0
[info] send message to 30: wave#0#24#0
[info] send message to 31: wave#0#24#0
[info] send message to 32: wave#0#24#0
[info] send message to 33: wave#0#24#0
[info] send message to 34: wave#0#24#0
[info] send message to 35: wave#0#24#0
[info] send message to 36: wave#0#24#0
[info] send message to 37: wave#0#24#0
[info] send message to 38: wave#0#24#0
[info] send message to 39: wave#0#24#0
[info] send message to 40: wave#0#24#0
[info] send message to 41: wave#0#24#0
[info] send message to 42: wave#0#24#0
[info] send message to 43: wave#0#24#0
[info] send message to 44: wave#0#24#0
[info] send message to 45: wave#0#24#0
[info] message from 1: wave#0#9#0
[info] message from 27: wave#0#9#0
[info] message from 5: wave#0#13#0
[info] message from 2: wave#0#14#0
[info] message from 3: wave#0#9#0
[info] message from 6: wave#0#12#0
[info] message from 18: wave#0#38#0
[info] send message to 1: wave#0#38#0
[info] send message to 2: wave#0#38#0
[info] send message to 3: wave#0#38#0
[info] send message to 4: wave#0#38#0
[info] send message to 5: wave#0#38#0
[info] send message to 6: wave#0#38#0
[info] send message to 7: wave#0#38#0
[info] send message to 8: wave#0#38#0
[info] send message to 9: wave#0#38#0
[info] send message to 10: wave#0#38#0
[info] send message to 11: wave#0#38#0
[info] send message to 12: wave#0#38#0
[info] send message to 13: wave#0#38#0
[info] send message to 14: wave#0#38#0
[info] send message to 15: wave#0#38#0
[info] send message to 16: wave#0#38#0
[info] send message to 17: wave#0#38#0
[info] send message to 19: wave#0#38#0
[info] send message to 20: wave#0#38#0
[info] send message to 21: wave#0#38#0
[info] send message to 22: wave#0#38#0
[info] send message to 23: wave#0#38#0
[info] send message to 24: wave#0#38#0
[info] send message to 25: wave#0#38#0
[info] send message to 26: wave#0#38#0
[info] send message to 27: wave#0#38#0
[info] send message to 28: wave#0#38#0
[info] send message to 29: wave#0#38#0
[info] send message to 30: wave#0#38#0
[info] send message to 31: wave#0#38#0
[info] send message to 32: wave#0#38#0
[info] send message to 33: wave#0#38#0
[info] send message to 34: wave#0#38#0
[info] send message to 35: wave#0#38#0
[info] send message to 36: wave#0#38#0
[info] send message to 37: wave#0#38#0
[info] send message to 38: wave#0#38#0
[info] send message to 39: wave#0#38#0
[info] send message to 40: wave#0#38#0
[info] send message to 41: wave#0#38#0
[info] send message to 42: wave#0#38#0
[info] send message to 43: wave#0#38#0
[info] send message to 44: wave#0#38#0
[info] send message to 45: wave#0#38#0
[info] message from 25: wave#0#39#0
[info] send message to 1: wave#0#39#0
[info] send message to 2: wave#0#39#0
[info] send message to 3: wave#0#39#0
[info] send message to 4: wave#0#39#0
[info] send message to 5: wave#0#39#0
[info] send message to 6: wave#0#39#0
[info] send message to 7: wave#0#39#0
[info] send message to 8: wave#0#39#0
[info] send message to 9: wave#0#39#0
[info] send message to 10: wave#0#39#0
[info] send message to 11: wave#0#39#0
[info] send message to 12: wave#0#39#0
[info] send message to 13: wave#0#39#0
[info] send message to 14: wave#0#39#0
[info] send message to 15: wave#0#39#0
[info] send message to 16: wave#0#39#0
[info] send message to 17: wave#0#39#0
[info] send message to 18: wave#0#39#0
[info] send message to 19: wave#0#39#0
[info] send message to 20: wave#0#39#0
[info] send message to 21: wave#0#39#0
[info] send message to 22: wave#0#39#0
[info] send message to 23: wave#0#39#0
[info] send message to 24: wave#0#39#0
[info] send message to 26: wave#0#39#0
[info] send message to 27: wave#0#39#0
[info] send message to 28: wave#0#39#0
[info] send message to 29: wave#0#39#0
[info] send message to 30: wave#0#39#0
[info] send message to 31: wave#0#39#0
[info] send message to 32: wave#0#39#0
[info] send message to 33: wave#0#39#0
[info] send message to 34: wave#0#39#0
[info] send message to 35: wave#0#39#0
[info] send message to 36: wave#0#39#0
[info] send message to 37: wave#0#39#0
[info] send message to 38: wave#0#39#0
[info] send message to 39: wave#0#39#0
[info] send message to 40: wave#0#39#0
[info] send message to 41: wave#0#39#0
[info] send message to 42: wave#0#39#0
[info] send message to 43: wave#0#39#0
[info] send message to 44: wave#0#39#0
[info] send message to 45: wave#0#39#0
[info] message from 17: wave#0#41#0
[info] send message to 1: wave#0#41#0
[info] send message to 2: wave#0#41#0
[info] send message to 3: wave#0#41#0
[info] send message to 4: wave#0#41#0
[info] send message to 5: wave#0#41#0
[info] send message to 6: wave#0#41#0
[info] send message to 7: wave#0#41#0
[info] send message to 8: wave#0#41#0
[info] send message to 9: wave#0#41#0
[info] send message to 10: wave#0#41#0
[info] send message to 11: wave#0#41#0
[info] send message to 12: wave#0#41#0
[info] send message to 13: wave#0#41#0
[info] send message to 14: wave#0#41#0
[info] send message to 15: wave#0#41#0
[info] send message to 16: wave#0#41#0
[info] send message to 18: wave#0#41#0
[info] send message to 19: wave#0#41#0
[info] send message to 20: wave#0#41#0
[info] send message to 21: wave#0#41#0
[info] send message to 22: wave#0#41#0
[info] send message to 23: wave#0#41#0
[info] send message to 24: wave#0#41#0
[info] send message to 25: wave#0#41#0
[info] send message to 26: wave#0#41#0
[info] send message to 27: wave#0#41#0
[info] send message to 28: wave#0#41#0
[info] send message to 29: wave#0#41#0
[info] send message to 30: wave#0#41#0
[info] send message to 31: wave#0#41#0
[info] send message to 32: wave#0#41#0
[info] send message to 33: wave#0#41#0
[info] send message to 34: wave#0#41#0
[info] send message to 35: wave#0#41#0
[info] send message to 36: wave#0#41#0
[info] send message to 37: wave#0#41#0
[info] send message to 38: wave#0#41#0
[info] send message to 39: wave#0#41#0
[info] send message to 40: wave#0#41#0
[info] send message to 41: wave#0#41#0
[info] send message to 42: wave#0#41#0
[info] send message to 43: wave#0#41#0
[info] send message to 44: wave#0#41#0
[info] send message to 45: wave#0#41#0
[info] message from 45: wave#0#7#0
[info] message from 11: wave#0#30#0
[info] message from 4: wave#0#30#0
[info] message from 7: wave#0#38#0
[info] message from 8: wave#0#35#0
[info] message from 13: wave#0#18#0
[info] message from 9: wave#0#35#0
[info] message from 10: wave#0#20#0
[info] message from 15: wave#0#16#0
[info] message from 14: wave#0#2#0
[info] message from 21: wave#0#22#0
[info] message from 12: wave#0#23#0
[info] message from 19: wave#0#40#0
[info] message from 22: wave#0#35#0
[info] message from 1: wave#0#24#0
[info] message from 24: wave#0#18#0
[info] message from 16: wave#0#23#0
[info] message from 28: wave#0#32#0
[info] message from 20: wave#0#11#0
[info] message from 23: wave#0#37#0
[info] message from 27: wave#0#24#0
[info] message from 30: wave#0#30#0
[info] message from 5: wave#0#24#0
[info] message from 26: wave#0#3#0
[info] message from 31: wave#0#2#0
[info] message from 44: wave#0#19#0
[info] message from 37: wave#0#4#0
[info] message from 33: wave#0#11#0
[info] message from 35: wave#0#45#0
[info] send message to 1: wave#0#45#0
[info] send message to 2: wave#0#45#0
[info] send message to 3: wave#0#45#0
[info] send message to 4: wave#0#45#0
[info] send message to 5: wave#0#45#0
[info] send message to 6: wave#0#45#0
[info] send message to 7: wave#0#45#0
[info] send message to 8: wave#0#45#0
[info] send message to 9: wave#0#45#0
[info] send message to 10: wave#0#45#0
[info] send message to 11: wave#0#45#0
[info] send message to 12: wave#0#45#0
[info] send message to 13: wave#0#45#0
[info] send message to 14: wave#0#45#0
[info] send message to 15: wave#0#45#0
[info] send message to 16: wave#0#45#0
[info] send message to 17: wave#0#45#0
[info] send message to 18: wave#0#45#0
[info] send message to 19: wave#0#45#0
[info] send message to 20: wave#0#45#0
[info] send message to 21: wave#0#45#0
[info] send message to 22: wave#0#45#0
[info] send message to 23: wave#0#45#0
[info] send message to 24: wave#0#45#0
[info] send message to 25: wave#0#45#0
[info] send message to 26: wave#0#45#0
[info] send message to 27: wave#0#45#0
[info] send message to 28: wave#0#45#0
[info] send message to 29: wave#0#45#0
[info] send message to 30: wave#0#45#0
[info] send message to 31: wave#0#45#0
[info] send message to 32: wave#0#45#0
[info] send message to 33: wave#0#45#0
[info] send message to 34: wave#0#45#0
[info] send message to 36: wave#0#45#0
[info] send message to 37: wave#0#45#0
[info] send message to 38: wave#0#45#0
[info] send message to 39: wave#0#45#0
[info] send message to 40: wave#0#45#0
[info] send message to 41: wave#0#45#0
[info] send message to 42: wave#0#45#0
[info] send message to 43: wave#0#45#0
[info] send message to 44: wave#0#45#0
[info] send message to 45: wave#0#45#0
[info] message from 34: wave#0#6#0
[info] message from 29: wave#0#40#0
[info] message from 32: wave#0#3#0
[info] message from 38: wave#0#22#0
[info] message from 36: wave#0#7#0
[info] message from 41: wave#0#1#0
[info] message from 40: wave#0#2#0
[info] message from 39: wave#0#44#0
[info] message from 42: wave#0#13#0
[info] message from 2: wave#0#24#0
[info] message from 43: wave#0#13#0
[info] message from 3: wave#0#24#0
[info] message from 6: wave#0#24#0
[info] message from 18: wave#0#39#0
[info] message from 25: wave#0#41#0
[info] message from 45: wave#0#24#0
[info] message from 11: wave#0#38#0
[info] message from 17: wave#0#45#0
[info] message from 7: wave#0#39#0
[info] message from 4: wave#0#38#0
[info] message from 10: wave#0#24#0
[info] message from 13: wave#0#24#0
[info] message from 8: wave#0#38#0
[info] message from 9: wave#0#38#0
[info] message from 15: wave#0#24#0
[info] message from 14: wave#0#24#0
[info] message from 21: wave#0#24#0
[info] message from 19: wave#0#41#0
[info] message from 22: wave#0#38#0
[info] message from 12: wave#0#24#0
[info] message from 24: wave#0#24#0
[info] message from 1: wave#0#38#0
[info] message from 16: wave#0#24#0
[info] message from 28: wave#0#38#0
[info] message from 27: wave#0#38#0
[info] message from 26: wave#0#24#0
[info] message from 5: wave#0#38#0
[info] message from 20: wave#0#24#0
[info] message from 30: wave#0#38#0
[info] message from 31: wave#0#24#0
[info] message from 44: wave#0#24#0
[info] message from 23: wave#0#38#0
[info] message from 37: wave#0#24#0
[info] message from 34: wave#0#24#0
[info] message from 33: wave#0#24#0
[info] message from 29: wave#0#41#0
[info] message from 40: wave#0#24#0
[info] message from 32: wave#0#24#0
[info] message from 36: wave#0#24#0
[info] message from 38: wave#0#24#0
[info] message from 41: wave#0#24#0
[info] message from 39: wave#0#45#0
[info] message from 42: wave#0#24#0
[info] message from 2: wave#0#38#0
[info] message from 43: wave#0#24#0
[info] message from 3: wave#0#38#0
[info] message from 6: wave#0#38#0
[info] message from 18: wave#0#41#0
[info] message from 45: wave#0#38#0
[info] message from 7: wave#0#41#0
[info] message from 25: wave#0#45#0
[info] message from 10: wave#0#38#0
[info] message from 11: wave#0#39#0
[info] message from 15: wave#0#38#0
[info] message from 4: wave#0#39#0
[info] message from 8: wave#0#39#0
[info] message from 13: wave#0#38#0
[info] message from 14: wave#0#38#0
[info] message from 9: wave#0#39#0
[info] message from 19: wave#0#45#0
[info] message from 21: wave#0#38#0
[info] message from 22: wave#0#39#0
[info] message from 12: wave#0#38#0
[info] message from 28: wave#0#39#0
[info] message from 16: wave#0#38#0
[info] message from 26: wave#0#38#0
[info] message from 24: wave#0#38#0
[info] message from 30: wave#0#39#0
[info] message from 1: wave#0#39#0
[info] message from 5: wave#0#39#0
[info] message from 31: wave#0#38#0
[info] message from 27: wave#0#39#0
[info] message from 37: wave#0#38#0
[info] message from 44: wave#0#38#0
[info] message from 33: wave#0#38#0
[info] message from 23: wave#0#39#0
[info] message from 20: wave#0#38#0
[info] message from 34: wave#0#38#0
[info] message from 40: wave#0#38#0
[info] message from 29: wave#0#45#0
[info] message from 41: wave#0#38#0
[info] message from 32: wave#0#38#0
[info] message from 36: wave#0#38#0
[info] message from 38: wave#0#38#0
[info] message from 42: wave#0#38#0
[info] message from 2: wave#0#39#0
[info] message from 6: wave#0#39#0
[info] message from 3: wave#0#39#0
[info] message from 43: wave#0#38#0
[info] message from 18: wave#0#45#0
[info] message from 10: wave#0#39#0
[info] message from 7: wave#0#45#0
[info] message from 45: wave#0#39#0
[info] message from 13: wave#0#39#0
[info] message from 11: wave#0#41#0
[info] message from 15: wave#0#39#0
[info] message from 8: wave#0#41#0
[info] message from 14: wave#0#39#0
[info] message from 4: wave#0#41#0
[info] message from 12: wave#0#39#0
[info] message from 9: wave#0#41#0
[info] message from 22: wave#0#41#0
[info] message from 21: wave#0#39#0
[info] message from 28: wave#0#41#0
[info] message from 16: wave#0#39#0
[info] message from 30: wave#0#41#0
[info] message from 26: wave#0#39#0
[info] message from 5: wave#0#41#0
[info] message from 1: wave#0#41#0
[info] message from 24: wave#0#39#0
[info] message from 31: wave#0#39#0
[info] message from 34: wave#0#39#0
[info] message from 37: wave#0#39#0
[info] message from 27: wave#0#41#0
[info] message from 44: wave#0#39#0
[info] message from 20: wave#0#39#0
[info] message from 33: wave#0#39#0
[info] message from 23: wave#0#41#0
[info] message from 42: wave#0#39#0
[info] message from 41: wave#0#39#0
[info] message from 40: wave#0#39#0
[info] message from 36: wave#0#39#0
[info] message from 32: wave#0#39#0
[info] message from 38: wave#0#39#0
[info] message from 2: wave#0#41#0
[info] message from 6: wave#0#41#0
[info] message from 3: wave#0#41#0
[info] message from 43: wave#0#39#0
[info] message from 10: wave#0#41#0
[info] message from 45: wave#0#41#0
[info] message from 13: wave#0#41#0
[info] message from 11: wave#0#45#0
[info] message from 8: wave#0#45#0
[info] message from 15: wave#0#41#0
[info] message from 4: wave#0#45#0
[info] message from 9: wave#0#45#0
[info] message from 28: wave#0#45#0
[info] message from 14: wave#0#41#0
[info] message from 12: wave#0#41#0
[info] message from 21: wave#0#41#0
[info] message from 16: wave#0#41#0
[info] message from 22: wave#0#45#0
[info] message from 30: wave#0#45#0
[info] message from 26: wave#0#41#0
[info] message from 31: wave#0#41#0
[info] message from 1: wave#0#45#0
[info] message from 24: wave#0#41#0
[info] message from 44: wave#0#41#0
[info] message from 37: wave#0#41#0
[info] message from 27: wave#0#45#0
[info] message from 20: wave#0#41#0
[info] message from 33: wave#0#41#0
[info] message from 5: wave#0#45#0
[info] message from 41: wave#0#41#0
[info] message from 34: wave#0#41#0
[info] message from 42: wave#0#41#0
[info] message from 40: wave#0#41#0
[info] message from 23: wave#0#45#0
[info] message from 36: wave#0#41#0
[info] message from 32: wave#0#41#0
[info] message from 38: wave#0#41#0
[info] message from 2: wave#0#45#0
[info] message from 3: wave#0#45#0
[info] message from 6: wave#0#45#0
[info] message from 43: wave#0#41#0
[info] message from 10: wave#0#45#0
[info] message from 45: wave#0#45#0
[info] message from 13: wave#0#45#0
[info] message from 15: wave#0#45#0
[info] message from 21: wave#0#45#0
[info] message from 14: wave#0#45#0
[info] message from 12: wave#0#45#0
[info] message from 16: wave#0#45#0
[info] message from 26: wave#0#45#0
[info] message from 31: wave#0#45#0
[info] message from 24: wave#0#45#0
[info] message from 37: wave#0#45#0
[info] message from 20: wave#0#45#0
[info] message from 41: wave#0#45#0
[info] message from 44: wave#0#45#0
[info] message from 34: wave#0#45#0
[info] message from 33: wave#0#45#0
[info] message from 42: wave#0#45#0
[info] message from 40: wave#0#45#0
[info] message from 36: wave#0#45#0
[info] message from 38: wave#0#45#0
[info] message from 32: wave#0#45#0
[info] message from 43: wave#0#45#0
[info] after round 0 : parent is ['35'] and leader id is 45
[info] send message to 35: wave#0#45#1
[info] message from 1: exit
[info] send message to 2: exit
[info] send message to 3: exit
[info] send message to 4: exit
[info] send message to 5: exit
[info] send message to 6: exit
[info] send message to 7: exit
[info] send message to 8: exit
[info] send message to 9: exit
[info] send message to 10: exit
[info] send message to 11: exit
[info] send message to 12: exit
[info] send message to 13: exit
[info] send message to 14: exit
[info] send message to 15: exit
[info] send message to 16: exit
[info] send message to 17: exit
[info] send message to 18: exit
[info] send message to 19: exit
[info] send message to 20: exit
[info] send message to 21: exit
[info] send message to 22: exit
[info] send message to 23: exit
[info] send message to 24: exit
[info] send message to 25: exit
[info] send message to 26: exit
[info] send message to 27: exit
[info] send message to 28: exit
[info] send message to 29: exit
[info] send message to 30: exit
[info] send message to 31: exit
[info] send message to 32: exit
[info] send message to 33: exit
[info] send message to 34: exit
[info] send message to 35: exit
[info] send message to 37: exit
[info] send message to 38: exit
[info] send message to 39: exit
[info] send message to 40: exit
[info] send message to 41: exit
[info] send message to 42: exit
[info] send message to 43: exit
[info] send message to 44: exit
[info] send message to 45: exit
