[info] Hello from node16
[info] I'm connected to nodes ['15', '16', '17']
[info] I have edges [('16', '15'), ('16', '16'), ('16', '17')]
[info] -- round 0 started!
[info] -- new id 13 selected!
[info] send message to 15: wave#0#13#0
[info] send message to 16: wave#0#13#0
[info] send message to 17: wave#0#13#0
[info] message from 16: wave#0#13#0
[info] message from 17: wave#0#11#0
[info] message from 15: wave#0#18#0
[info] send message to 16: wave#0#18#0
[info] send message to 17: wave#0#18#0
[info] message from 16: wave#0#18#0
[info] message from 15: wave#0#20#0
[info] send message to 16: wave#0#20#0
[info] send message to 17: wave#0#20#0
[info] message from 17: wave#0#15#0
[info] message from 16: wave#0#20#0
[info] message from 15: wave#0#22#0
[info] send message to 16: wave#0#22#0
[info] send message to 17: wave#0#22#0
[info] message from 16: wave#0#22#0
[info] message from 15: wave#0#25#0
[info] send message to 16: wave#0#25#0
[info] send message to 17: wave#0#25#0
[info] message from 16: wave#0#25#0
[info] message from 17: wave#0#25#9
[info] after round 0 : parent is ['15'] and leader id is 25
[info] send message to 15: wave#0#25#10
[info] message from 15: exit
[info] send message to 17: exit
