[info] Hello from node7
[info] I'm connected to nodes ['6', '7', '8']
[info] I have edges [('7', '6'), ('7', '7'), ('7', '8')]
[info] -- round 0 started!
[info] -- new id 1 selected!
[info] send message to 6: wave#0#1#0
[info] send message to 7: wave#0#1#0
[info] send message to 8: wave#0#1#0
[info] message from 7: wave#0#1#0
[info] message from 6: wave#0#20#0
[info] send message to 7: wave#0#20#0
[info] send message to 8: wave#0#20#0
[info] message from 7: wave#0#20#0
[info] message from 8: wave#0#22#0
[info] send message to 6: wave#0#22#0
[info] send message to 7: wave#0#22#0
[info] message from 6: wave#0#25#0
[info] send message to 7: wave#0#25#0
[info] send message to 8: wave#0#25#0
[info] message from 7: wave#0#22#0
[info] message from 7: wave#0#25#0
[info] message from 8: wave#0#25#18
[info] after round 0 : parent is ['6'] and leader id is 25
[info] send message to 6: wave#0#25#19
[info] message from 6: exit
[info] send message to 8: exit
