[info] Hello from node12
[info] I'm connected to nodes ['11', '12', '13']
[info] I have edges [('12', '11'), ('12', '12'), ('12', '13')]
[info] -- round 0 started!
[info] -- new id 11 selected!
[info] send message to 11: wave#0#11#0
[info] send message to 12: wave#0#11#0
[info] send message to 13: wave#0#11#0
[info] message from 12: wave#0#11#0
[info] message from 13: wave#0#17#0
[info] send message to 11: wave#0#17#0
[info] send message to 12: wave#0#17#0
[info] message from 12: wave#0#17#0
[info] message from 11: wave#0#20#0
[info] send message to 12: wave#0#20#0
[info] send message to 13: wave#0#20#0
[info] message from 12: wave#0#20#0
[info] message from 11: wave#0#22#0
[info] send message to 12: wave#0#22#0
[info] send message to 13: wave#0#22#0
[info] message from 12: wave#0#22#0
[info] message from 11: wave#0#25#0
[info] send message to 12: wave#0#25#0
[info] send message to 13: wave#0#25#0
[info] message from 12: wave#0#25#0
[info] message from 13: wave#0#25#13
[info] after round 0 : parent is ['11'] and leader id is 25
[info] send message to 11: wave#0#25#14
[info] message from 11: exit
[info] send message to 13: exit
