[info] Hello from node25
[info] I'm connected to nodes ['24', '25']
[info] I have edges [('25', '24'), ('25', '25')]
[info] -- round 0 started!
[info] -- new id 14 selected!
[info] send message to 24: wave#0#14#0
[info] send message to 25: wave#0#14#0
[info] message from 24: wave#0#23#0
[info] send message to 25: wave#0#23#0
[info] message from 25: wave#0#14#0
[info] after round 0 : parent is ['24'] and leader id is 23
[info] send message to 24: wave#0#23#1
[info] message from 25: wave#0#23#0
[info] after round 0 : parent is ['24'] and leader id is 23
[info] send message to 24: wave#0#23#1
[info] message from 24: wave#0#25#0
[info] send message to 25: wave#0#25#0
[info] message from 25: wave#0#25#0
[info] after round 0 : parent is ['24'] and leader id is 25
[info] send message to 24: wave#0#25#1
[info] message from 24: exit
