[info] Hello from node21
[info] I'm connected to nodes ['20', '21', '22']
[info] I have edges [('21', '20'), ('21', '21'), ('21', '22')]
[info] -- round 0 started!
[info] -- new id 28 selected!
[info] send message to 20: wave#0#28#0
[info] send message to 21: wave#0#28#0
[info] send message to 22: wave#0#28#0
[info] message from 20: wave#0#40#0
[info] send message to 21: wave#0#40#0
[info] send message to 22: wave#0#40#0
[info] message from 22: wave#0#26#0
[info] message from 21: wave#0#28#0
[info] message from 21: wave#0#40#0
[info] message from 22: wave#0#31#0
[info] message from 22: wave#0#40#12
[info] after round 0 : parent is ['20'] and leader id is 40
[info] send message to 20: wave#0#40#13
[info] message from 20: wave#1#24#0
[info] send message to 21: wave#1#24#0
[info] send message to 22: wave#1#24#0
[info] message from 22: wave#1#24#0
[info] message from 21: wave#1#24#0
[info] after round 1 : parent is ['20'] and leader id is 24
[info] send message to 20: wave#1#24#1
[info] message from 20: exit
[info] send message to 22: exit
