[info] Hello from node30
[info] I'm connected to nodes ['29', '30', '31']
[info] I have edges [('30', '29'), ('30', '30'), ('30', '31')]
[info] -- round 0 started!
[info] -- new id 9 selected!
[info] send message to 29: wave#0#9#0
[info] send message to 30: wave#0#9#0
[info] send message to 31: wave#0#9#0
[info] message from 29: wave#0#30#0
[info] send message to 30: wave#0#30#0
[info] send message to 31: wave#0#30#0
[info] message from 30: wave#0#9#0
[info] message from 31: wave#0#12#0
[info] message from 30: wave#0#30#0
[info] message from 31: wave#0#19#0
[info] message from 29: wave#0#31#0
[info] send message to 30: wave#0#31#0
[info] send message to 31: wave#0#31#0
[info] message from 31: wave#0#33#0
[info] send message to 29: wave#0#33#0
[info] send message to 30: wave#0#33#0
[info] message from 30: wave#0#31#0
[info] message from 31: wave#0#36#0
[info] send message to 29: wave#0#36#0
[info] send message to 30: wave#0#36#0
[info] message from 29: wave#0#40#0
[info] send message to 30: wave#0#40#0
[info] send message to 31: wave#0#40#0
[info] message from 30: wave#0#33#0
[info] message from 30: wave#0#36#0
[info] message from 30: wave#0#40#0
[info] message from 31: wave#0#40#3
[info] after round 0 : parent is ['29'] and leader id is 40
[info] send message to 29: wave#0#40#4
[info] message from 31: wave#1#24#0
[info] send message to 29: wave#1#24#0
[info] send message to 30: wave#1#24#0
[info] message from 30: wave#1#24#0
[info] message from 29: wave#1#24#8
[info] after round 1 : parent is ['31'] and leader id is 24
[info] send message to 31: wave#1#24#9
[info] message from 31: exit
[info] send message to 29: exit
