[info] Hello from node12
[info] I'm connected to nodes ['11', '12', '13']
[info] I have edges [('12', '11'), ('12', '12'), ('12', '13')]
[info] -- round 0 started!
[info] -- new id 39 selected!
[info] send message to 11: wave#0#39#0
[info] send message to 12: wave#0#39#0
[info] send message to 13: wave#0#39#0
[info] message from 11: wave#0#21#0
[info] message from 13: wave#0#19#0
[info] message from 12: wave#0#39#0
[info] message from 13: wave#0#20#0
[info] message from 11: wave#0#40#0
[info] send message to 12: wave#0#40#0
[info] send message to 13: wave#0#40#0
[info] message from 12: wave#0#40#0
[info] message from 13: wave#0#40#3
[info] after round 0 : parent is ['11'] and leader id is 40
[info] send message to 11: wave#0#40#4
[info] message from 11: wave#1#24#0
[info] send message to 12: wave#1#24#0
[info] send message to 13: wave#1#24#0
[info] message from 12: wave#1#24#0
[info] message from 13: wave#1#24#9
[info] after round 1 : parent is ['11'] and leader id is 24
[info] send message to 11: wave#1#24#10
[info] message from 11: exit
[info] send message to 13: exit
