[info] Hello from node2
[info] I'm connected to nodes ['1', '2', '3']
[info] I have edges [('2', '1'), ('2', '2'), ('2', '3')]
[info] -- round 0 started!
[info] -- new id 34 selected!
[info] send message to 1: wave#0#34#0
[info] send message to 2: wave#0#34#0
[info] send message to 3: wave#0#34#0
[info] message from 2: wave#0#34#0
[info] message from 1: wave#0#27#0
[info] message from 3: wave#0#33#0
[info] message from 3: wave#0#40#0
[info] send message to 1: wave#0#40#0
[info] send message to 2: wave#0#40#0
[info] message from 2: wave#0#40#0
[info] message from 3: wave#1#24#0
[info] send message to 1: wave#1#24#0
[info] send message to 2: wave#1#24#0
[info] message from 2: wave#1#24#0
[info] message from 1: wave#1#24#20
[info] after round 1 : parent is ['3'] and leader id is 24
[info] send message to 3: wave#1#24#21
[info] message from 3: exit
[info] send message to 1: exit
