[info] Hello from node26
[info] I'm connected to nodes ['25', '26', '27']
[info] I have edges [('26', '25'), ('26', '26'), ('26', '27')]
[info] -- round 0 started!
[info] -- new id 9 selected!
[info] send message to 25: wave#0#9#0
[info] send message to 26: wave#0#9#0
[info] send message to 27: wave#0#9#0
[info] message from 25: wave#0#1#0
[info] message from 26: wave#0#9#0
[info] message from 27: wave#0#17#0
[info] send message to 25: wave#0#17#0
[info] send message to 26: wave#0#17#0
[info] message from 26: wave#0#17#0
[info] message from 25: wave#0#31#0
[info] send message to 26: wave#0#31#0
[info] send message to 27: wave#0#31#0
[info] message from 27: wave#0#30#0
[info] message from 26: wave#0#31#0
[info] message from 25: wave#0#40#0
[info] send message to 26: wave#0#40#0
[info] send message to 27: wave#0#40#0
[info] message from 26: wave#0#40#0
[info] message from 27: wave#0#40#7
[info] after round 0 : parent is ['25'] and leader id is 40
[info] send message to 25: wave#0#40#8
[info] message from 27: wave#1#24#0
[info] send message to 25: wave#1#24#0
[info] send message to 26: wave#1#24#0
[info] message from 26: wave#1#24#0
[info] message from 25: wave#1#24#4
[info] after round 1 : parent is ['27'] and leader id is 24
[info] send message to 27: wave#1#24#5
[info] message from 25: exit
[info] send message to 27: exit
