[info] Hello from node9
[info] I'm connected to nodes ['8', '9', '10']
[info] I have edges [('9', '8'), ('9', '9'), ('9', '10')]
[info] -- round 0 started!
[info] -- new id 34 selected!
[info] send message to 8: wave#0#34#0
[info] send message to 9: wave#0#34#0
[info] send message to 10: wave#0#34#0
[info] message from 8: wave#0#40#0
[info] send message to 9: wave#0#40#0
[info] send message to 10: wave#0#40#0
[info] message from 9: wave#0#34#0
[info] message from 10: wave#0#2#0
[info] message from 9: wave#0#40#0
[info] message from 10: wave#0#21#0
[info] message from 10: wave#0#40#6
[info] after round 0 : parent is ['8'] and leader id is 40
[info] send message to 8: wave#0#40#7
[info] message from 8: wave#1#24#0
[info] send message to 9: wave#1#24#0
[info] send message to 10: wave#1#24#0
[info] message from 9: wave#1#24#0
[info] message from 10: wave#1#24#12
[info] after round 1 : parent is ['8'] and leader id is 24
[info] send message to 8: wave#1#24#13
[info] message from 8: exit
[info] send message to 10: exit
