[info] Hello from node25
[info] I'm connected to nodes ['24', '25', '26']
[info] I have edges [('25', '24'), ('25', '25'), ('25', '26')]
[info] -- round 0 started!
[info] -- new id 1 selected!
[info] send message to 24: wave#0#1#0
[info] send message to 25: wave#0#1#0
[info] send message to 26: wave#0#1#0
[info] message from 25: wave#0#1#0
[info] message from 26: wave#0#9#0
[info] send message to 24: wave#0#9#0
[info] send message to 25: wave#0#9#0
[info] message from 25: wave#0#9#0
[info] message from 26: wave#0#17#0
[info] send message to 24: wave#0#17#0
[info] send message to 25: wave#0#17#0
[info] message from 24: wave#0#31#0
[info] send message to 25: wave#0#31#0
[info] send message to 26: wave#0#31#0
[info] message from 25: wave#0#17#0
[info] message from 25: wave#0#31#0
[info] message from 24: wave#0#40#0
[info] send message to 25: wave#0#40#0
[info] send message to 26: wave#0#40#0
[info] message from 25: wave#0#40#0
[info] message from 26: wave#0#40#8
[info] after round 0 : parent is ['24'] and leader id is 40
[info] send message to 24: wave#0#40#9
[info] message from 26: wave#1#24#0
[info] send message to 24: wave#1#24#0
[info] send message to 25: wave#1#24#0
[info] message from 25: wave#1#24#0
[info] message from 24: wave#1#24#3
[info] after round 1 : parent is ['26'] and leader id is 24
[info] send message to 26: wave#1#24#4
[info] message from 24: exit
[info] send message to 26: exit
