[info] Hello from node23
[info] I'm connected to nodes ['22', '23', '24']
[info] I have edges [('23', '22'), ('23', '23'), ('23', '24')]
[info] -- round 0 started!
[info] -- new id 13 selected!
[info] send message to 22: wave#0#13#0
[info] send message to 23: wave#0#13#0
[info] send message to 24: wave#0#13#0
[info] message from 22: wave#0#26#0
[info] send message to 23: wave#0#26#0
[info] send message to 24: wave#0#26#0
[info] message from 23: wave#0#13#0
[info] message from 23: wave#0#26#0
[info] message from 24: wave#0#31#0
[info] send message to 22: wave#0#31#0
[info] send message to 23: wave#0#31#0
[info] message from 22: wave#0#28#0
[info] message from 23: wave#0#31#0
[info] message from 22: wave#0#40#0
[info] send message to 23: wave#0#40#0
[info] send message to 24: wave#0#40#0
[info] message from 23: wave#0#40#0
[info] message from 24: wave#0#40#10
[info] after round 0 : parent is ['22'] and leader id is 40
[info] send message to 22: wave#0#40#11
[info] message from 24: wave#1#24#0
[info] send message to 22: wave#1#24#0
[info] send message to 23: wave#1#24#0
[info] message from 23: wave#1#24#0
[info] message from 22: wave#1#24#1
[info] after round 1 : parent is ['24'] and leader id is 24
[info] send message to 24: wave#1#24#2
[info] message from 22: exit
[info] send message to 24: exit
