[info] Hello from node27
[info] I'm connected to nodes ['26', '27', '28']
[info] I have edges [('27', '26'), ('27', '27'), ('27', '28')]
[info] -- round 0 started!
[info] -- new id 17 selected!
[info] send message to 26: wave#0#17#0
[info] send message to 27: wave#0#17#0
[info] send message to 28: wave#0#17#0
[info] message from 26: wave#0#9#0
[info] message from 28: wave#0#6#0
[info] message from 27: wave#0#17#0
[info] message from 28: wave#0#30#0
[info] send message to 26: wave#0#30#0
[info] send message to 27: wave#0#30#0
[info] message from 27: wave#0#30#0
[info] message from 26: wave#0#31#0
[info] send message to 27: wave#0#31#0
[info] send message to 28: wave#0#31#0
[info] message from 27: wave#0#31#0
[info] message from 26: wave#0#40#0
[info] send message to 27: wave#0#40#0
[info] send message to 28: wave#0#40#0
[info] message from 27: wave#0#40#0
[info] message from 28: wave#0#40#6
[info] after round 0 : parent is ['26'] and leader id is 40
[info] send message to 26: wave#0#40#7
[info] message from 28: wave#1#24#0
[info] send message to 26: wave#1#24#0
[info] send message to 27: wave#1#24#0
[info] message from 27: wave#1#24#0
[info] message from 26: wave#1#24#5
[info] after round 1 : parent is ['28'] and leader id is 24
[info] send message to 28: wave#1#24#6
[info] message from 28: exit
[info] send message to 26: exit
