[info] Hello from node8
[info] I'm connected to nodes ['7', '8', '9']
[info] I have edges [('8', '7'), ('8', '8'), ('8', '9')]
[info] -- round 0 started!
[info] -- new id 12 selected!
[info] send message to 7: wave#0#12#0
[info] send message to 8: wave#0#12#0
[info] send message to 9: wave#0#12#0
[info] message from 7: wave#0#9#0
[info] message from 7: wave#0#10#0
[info] message from 9: wave#0#3#0
[info] message from 8: wave#0#12#0
[info] message from 7: wave#0#14#0
[info] send message to 8: wave#0#14#0
[info] send message to 9: wave#0#14#0
[info] message from 8: wave#0#14#0
[info] message from 9: wave#0#14#0
[info] after round 0 : parent is ['7'] and leader id is 14
[info] send message to 7: wave#0#14#1
[info] message from 9: exit
[info] send message to 7: exit
