[info] Hello from node15
[info] I'm connected to nodes ['1', '14', '15']
[info] I have edges [('15', '1'), ('15', '14'), ('15', '15')]
[info] -- round 0 started!
[info] -- new id 5 selected!
[info] send message to 1: wave#0#5#0
[info] send message to 14: wave#0#5#0
[info] send message to 15: wave#0#5#0
[info] message from 15: wave#0#5#0
[info] message from 1: wave#0#8#0
[info] send message to 14: wave#0#8#0
[info] send message to 15: wave#0#8#0
[info] message from 15: wave#0#8#0
[info] message from 14: wave#0#14#0
[info] send message to 1: wave#0#14#0
[info] send message to 15: wave#0#14#0
[info] message from 15: wave#0#14#0
[info] message from 1: wave#0#14#8
[info] after round 0 : parent is ['14'] and leader id is 14
[info] send message to 14: wave#0#14#9
[info] message from 14: exit
[info] send message to 1: exit
