[info] Hello from node17
[info] I'm connected to nodes ['16', '17', '18']
[info] I have edges [('17', '16'), ('17', '17'), ('17', '18')]
[info] -- round 0 started!
[info] -- new id 23 selected!
[info] send message to 16: wave#0#23#0
[info] send message to 17: wave#0#23#0
[info] send message to 18: wave#0#23#0
[info] message from 16: wave#0#30#0
[info] send message to 17: wave#0#30#0
[info] send message to 18: wave#0#30#0
[info] message from 18: wave#0#3#0
[info] message from 16: wave#0#33#0
[info] send message to 17: wave#0#33#0
[info] send message to 18: wave#0#33#0
[info] message from 18: wave#0#5#0
[info] message from 18: wave#0#19#0
[info] message from 18: wave#0#31#0
[info] message from 17: wave#0#23#0
[info] message from 16: wave#0#36#0
[info] send message to 17: wave#0#36#0
[info] send message to 18: wave#0#36#0
[info] message from 17: wave#0#30#0
[info] message from 17: wave#0#33#0
[info] message from 17: wave#0#36#0
[info] message from 18: wave#0#37#0
[info] send message to 16: wave#0#37#0
[info] send message to 17: wave#0#37#0
[info] message from 17: wave#0#37#0
[info] message from 16: wave#0#37#16
[info] after round 0 : parent is ['18'] and leader id is 37
[info] send message to 18: wave#0#37#17
[info] message from 18: exit
[info] send message to 16: exit
