[info] Hello from node25
[info] I'm connected to nodes ['24', '25', '26']
[info] I have edges [('25', '24'), ('25', '25'), ('25', '26')]
[info] -- round 0 started!
[info] -- new id 13 selected!
[info] send message to 24: wave#0#13#0
[info] send message to 25: wave#0#13#0
[info] send message to 26: wave#0#13#0
[info] message from 24: wave#0#7#0
[info] message from 25: wave#0#13#0
[info] message from 24: wave#0#16#0
[info] send message to 25: wave#0#16#0
[info] send message to 26: wave#0#16#0
[info] message from 25: wave#0#16#0
[info] message from 26: wave#0#29#0
[info] send message to 24: wave#0#29#0
[info] send message to 25: wave#0#29#0
[info] message from 24: wave#0#31#0
[info] send message to 25: wave#0#31#0
[info] send message to 26: wave#0#31#0
[info] message from 25: wave#0#29#0
[info] message from 25: wave#0#31#0
[info] message from 26: wave#0#33#0
[info] send message to 24: wave#0#33#0
[info] send message to 25: wave#0#33#0
[info] message from 25: wave#0#33#0
[info] message from 24: wave#0#33#3
[info] after round 0 : parent is ['26'] and leader id is 33
[info] send message to 26: wave#0#33#4
[info] message from 24: wave#0#36#0
[info] send message to 25: wave#0#36#0
[info] send message to 26: wave#0#36#0
[info] message from 25: wave#0#36#0
[info] message from 26: wave#0#37#0
[info] send message to 24: wave#0#37#0
[info] send message to 25: wave#0#37#0
[info] message from 25: wave#0#37#0
[info] message from 24: wave#0#37#24
[info] after round 0 : parent is ['26'] and leader id is 37
[info] send message to 26: wave#0#37#25
[info] message from 26: exit
[info] send message to 24: exit
