[info] Hello from node27
[info] I'm connected to nodes ['26', '27', '28']
[info] I have edges [('27', '26'), ('27', '27'), ('27', '28')]
[info] -- round 0 started!
[info] -- new id 18 selected!
[info] send message to 26: wave#0#18#0
[info] send message to 27: wave#0#18#0
[info] send message to 28: wave#0#18#0
[info] message from 26: wave#0#29#0
[info] send message to 27: wave#0#29#0
[info] send message to 28: wave#0#29#0
[info] message from 27: wave#0#18#0
[info] message from 28: wave#0#33#0
[info] send message to 26: wave#0#33#0
[info] send message to 27: wave#0#33#0
[info] message from 27: wave#0#29#0
[info] message from 26: wave#0#31#0
[info] message from 27: wave#0#33#0
[info] message from 26: wave#0#33#5
[info] after round 0 : parent is ['28'] and leader id is 33
[info] send message to 28: wave#0#33#6
[info] message from 28: wave#0#37#0
[info] send message to 26: wave#0#37#0
[info] send message to 27: wave#0#37#0
[info] message from 27: wave#0#37#0
[info] message from 26: wave#0#37#26
[info] after round 0 : parent is ['28'] and leader id is 37
[info] send message to 28: wave#0#37#27
[info] message from 28: exit
[info] send message to 26: exit
