[info] Hello from node22
[info] I'm connected to nodes ['21', '22', '23']
[info] I have edges [('22', '21'), ('22', '22'), ('22', '23')]
[info] -- round 0 started!
[info] -- new id 31 selected!
[info] send message to 21: wave#0#31#0
[info] send message to 22: wave#0#31#0
[info] send message to 23: wave#0#31#0
[info] message from 22: wave#0#31#0
[info] message from 21: wave#0#15#0
[info] message from 21: wave#0#19#0
[info] message from 23: wave#0#16#0
[info] message from 23: wave#0#33#0
[info] send message to 21: wave#0#33#0
[info] send message to 22: wave#0#33#0
[info] message from 21: wave#0#33#0
[info] message from 22: wave#0#33#0
[info] after round 0 : parent is ['23'] and leader id is 33
[info] send message to 23: wave#0#33#1
[info] message from 21: wave#0#36#0
[info] send message to 22: wave#0#36#0
[info] send message to 23: wave#0#36#0
[info] message from 22: wave#0#36#0
[info] message from 23: wave#0#37#0
[info] send message to 21: wave#0#37#0
[info] send message to 22: wave#0#37#0
[info] message from 22: wave#0#37#0
[info] message from 21: wave#0#37#21
[info] after round 0 : parent is ['23'] and leader id is 37
[info] send message to 23: wave#0#37#22
[info] message from 23: exit
[info] send message to 21: exit
