[info] Hello from node5
[info] I'm connected to nodes ['4', '5', '6']
[info] I have edges [('5', '4'), ('5', '5'), ('5', '6')]
[info] -- round 0 started!
[info] -- new id 7 selected!
[info] send message to 4: wave#0#7#0
[info] send message to 5: wave#0#7#0
[info] send message to 6: wave#0#7#0
[info] message from 4: wave#0#25#0
[info] send message to 5: wave#0#25#0
[info] send message to 6: wave#0#25#0
[info] message from 4: wave#0#34#0
[info] send message to 5: wave#0#34#0
[info] send message to 6: wave#0#34#0
[info] message from 6: wave#0#26#0
[info] message from 5: wave#0#7#0
[info] message from 5: wave#0#25#0
[info] message from 5: wave#0#34#0
[info] message from 6: wave#0#35#0
[info] send message to 4: wave#0#35#0
[info] send message to 5: wave#0#35#0
[info] message from 5: wave#0#35#0
[info] message from 4: wave#0#35#4
[info] after round 0 : parent is ['6'] and leader id is 35
[info] send message to 6: wave#0#35#5
[info] message from 6: wave#0#36#0
[info] send message to 4: wave#0#36#0
[info] send message to 5: wave#0#36#0
[info] message from 5: wave#0#36#0
[info] message from 4: wave#0#36#4
[info] after round 0 : parent is ['6'] and leader id is 36
[info] send message to 6: wave#0#36#5
[info] message from 6: wave#0#37#0
[info] send message to 4: wave#0#37#0
[info] send message to 5: wave#0#37#0
[info] message from 5: wave#0#37#0
[info] message from 4: wave#0#37#4
[info] after round 0 : parent is ['6'] and leader id is 37
[info] send message to 6: wave#0#37#5
[info] message from 6: exit
[info] send message to 4: exit
