[info] Hello from node11
[info] I'm connected to nodes ['10', '11', '12']
[info] I have edges [('11', '10'), ('11', '11'), ('11', '12')]
[info] -- round 0 started!
[info] -- new id 29 selected!
[info] send message to 10: wave#0#29#0
[info] send message to 11: wave#0#29#0
[info] send message to 12: wave#0#29#0
[info] message from 10: wave#0#35#0
[info] send message to 11: wave#0#35#0
[info] send message to 12: wave#0#35#0
[info] message from 12: wave#0#36#0
[info] send message to 10: wave#0#36#0
[info] send message to 11: wave#0#36#0
[info] message from 11: wave#0#29#0
[info] message from 11: wave#0#35#0
[info] message from 11: wave#0#36#0
[info] message from 10: wave#0#36#10
[info] after round 0 : parent is ['12'] and leader id is 36
[info] send message to 12: wave#0#36#11
[info] message from 12: wave#0#37#0
[info] send message to 10: wave#0#37#0
[info] send message to 11: wave#0#37#0
[info] message from 11: wave#0#37#0
[info] message from 10: wave#0#37#10
[info] after round 0 : parent is ['12'] and leader id is 37
[info] send message to 12: wave#0#37#11
[info] message from 12: exit
[info] send message to 10: exit
