[info] Hello from node13
[info] I'm connected to nodes ['12', '13', '14']
[info] I have edges [('13', '12'), ('13', '13'), ('13', '14')]
[info] -- round 0 started!
[info] -- new id 1 selected!
[info] send message to 12: wave#0#1#0
[info] send message to 13: wave#0#1#0
[info] send message to 14: wave#0#1#0
[info] message from 12: wave#0#36#0
[info] send message to 13: wave#0#36#0
[info] send message to 14: wave#0#36#0
[info] message from 14: wave#0#28#0
[info] message from 13: wave#0#1#0
[info] message from 14: wave#0#33#0
[info] message from 13: wave#0#36#0
[info] message from 14: wave#0#37#0
[info] send message to 12: wave#0#37#0
[info] send message to 13: wave#0#37#0
[info] message from 13: wave#0#37#0
[info] message from 12: wave#0#37#12
[info] after round 0 : parent is ['14'] and leader id is 37
[info] send message to 14: wave#0#37#13
[info] message from 14: exit
[info] send message to 12: exit
