[info] Hello from node6
[info] I'm connected to nodes ['5', '6', '7']
[info] I have edges [('6', '5'), ('6', '6'), ('6', '7')]
[info] -- round 0 started!
[info] -- new id 26 selected!
[info] send message to 5: wave#0#26#0
[info] send message to 6: wave#0#26#0
[info] send message to 7: wave#0#26#0
[info] message from 7: wave#0#5#0
[info] message from 5: wave#0#7#0
[info] message from 6: wave#0#26#0
[info] message from 5: wave#0#25#0
[info] message from 5: wave#0#34#0
[info] send message to 6: wave#0#34#0
[info] send message to 7: wave#0#34#0
[info] message from 6: wave#0#34#0
[info] message from 7: wave#0#35#0
[info] send message to 5: wave#0#35#0
[info] send message to 6: wave#0#35#0
[info] message from 6: wave#0#35#0
[info] message from 7: wave#0#36#0
[info] send message to 5: wave#0#36#0
[info] send message to 6: wave#0#36#0
[info] message from 5: wave#0#35#5
[info] message from 6: wave#0#36#0
[info] message from 5: wave#0#36#5
[info] after round 0 : parent is ['7'] and leader id is 36
[info] send message to 7: wave#0#36#6
[info] message from 7: wave#0#37#0
[info] send message to 5: wave#0#37#0
[info] send message to 6: wave#0#37#0
[info] message from 6: wave#0#37#0
[info] message from 5: wave#0#37#5
[info] after round 0 : parent is ['7'] and leader id is 37
[info] send message to 7: wave#0#37#6
[info] message from 7: exit
[info] send message to 5: exit
