[info] Hello from node12
[info] I'm connected to nodes ['11', '12', '13']
[info] I have edges [('12', '11'), ('12', '12'), ('12', '13')]
[info] -- round 0 started!
[info] -- new id 36 selected!
[info] send message to 11: wave#0#36#0
[info] send message to 12: wave#0#36#0
[info] send message to 13: wave#0#36#0
[info] message from 12: wave#0#36#0
[info] message from 13: wave#0#1#0
[info] message from 11: wave#0#29#0
[info] message from 11: wave#0#35#0
[info] message from 11: wave#0#36#11
[info] message from 13: wave#0#37#0
[info] send message to 11: wave#0#37#0
[info] send message to 12: wave#0#37#0
[info] message from 12: wave#0#37#0
[info] message from 11: wave#0#37#11
[info] after round 0 : parent is ['13'] and leader id is 37
[info] send message to 13: wave#0#37#12
[info] message from 13: exit
[info] send message to 11: exit
