[info] Hello from node21
[info] I'm connected to nodes ['20', '21', '22']
[info] I have edges [('21', '20'), ('21', '21'), ('21', '22')]
[info] -- round 0 started!
[info] -- new id 15 selected!
[info] send message to 20: wave#0#15#0
[info] send message to 21: wave#0#15#0
[info] send message to 22: wave#0#15#0
[info] message from 20: wave#0#19#0
[info] send message to 21: wave#0#19#0
[info] send message to 22: wave#0#19#0
[info] message from 22: wave#0#31#0
[info] send message to 20: wave#0#31#0
[info] send message to 21: wave#0#31#0
[info] message from 21: wave#0#15#0
[info] message from 21: wave#0#19#0
[info] message from 21: wave#0#31#0
[info] message from 20: wave#0#33#0
[info] send message to 21: wave#0#33#0
[info] send message to 22: wave#0#33#0
[info] message from 21: wave#0#33#0
[info] message from 22: wave#0#33#0
[info] after round 0 : parent is ['20'] and leader id is 33
[info] send message to 20: wave#0#33#1
[info] message from 20: wave#0#36#0
[info] send message to 21: wave#0#36#0
[info] send message to 22: wave#0#36#0
[info] message from 21: wave#0#36#0
[info] message from 22: wave#0#37#0
[info] send message to 20: wave#0#37#0
[info] send message to 21: wave#0#37#0
[info] message from 21: wave#0#37#0
[info] message from 20: wave#0#37#20
[info] after round 0 : parent is ['22'] and leader id is 37
[info] send message to 22: wave#0#37#21
[info] message from 22: exit
[info] send message to 20: exit
