[info] Hello from node2
[info] I'm connected to nodes ['1', '2', '3']
[info] I have edges [('2', '1'), ('2', '2'), ('2', '3')]
[info] -- round 0 started!
[info] -- new id 18 selected!
[info] send message to 1: wave#0#18#0
[info] send message to 2: wave#0#18#0
[info] send message to 3: wave#0#18#0
[info] message from 1: wave#0#34#0
[info] send message to 2: wave#0#34#0
[info] send message to 3: wave#0#34#0
[info] message from 2: wave#0#18#0
[info] message from 2: wave#0#34#0
[info] message from 3: wave#0#23#0
[info] message from 3: wave#0#35#0
[info] send message to 1: wave#0#35#0
[info] send message to 2: wave#0#35#0
[info] message from 2: wave#0#35#0
[info] message from 1: wave#0#35#1
[info] after round 0 : parent is ['3'] and leader id is 35
[info] send message to 3: wave#0#35#2
[info] message from 3: wave#0#36#0
[info] send message to 1: wave#0#36#0
[info] send message to 2: wave#0#36#0
[info] message from 2: wave#0#36#0
[info] message from 1: wave#0#36#1
[info] after round 0 : parent is ['3'] and leader id is 36
[info] send message to 3: wave#0#36#2
[info] message from 3: wave#0#37#0
[info] send message to 1: wave#0#37#0
[info] send message to 2: wave#0#37#0
[info] message from 2: wave#0#37#0
[info] message from 1: wave#0#37#1
[info] after round 0 : parent is ['3'] and leader id is 37
[info] send message to 3: wave#0#37#2
[info] message from 3: exit
[info] send message to 1: exit
