[info] Hello from node19
[info] I'm connected to nodes ['18', '19', '20']
[info] I have edges [('19', '18'), ('19', '19'), ('19', '20')]
[info] -- round 0 started!
[info] -- new id 10 selected!
[info] send message to 18: wave#0#10#0
[info] send message to 19: wave#0#10#0
[info] send message to 20: wave#0#10#0
[info] message from 19: wave#0#10#0
[info] message from 20: wave#0#7#0
[info] message from 18: wave#0#8#0
[info] message from 20: wave#0#10#0
[info] message from 18: wave#0#31#0
[info] send message to 19: wave#0#31#0
[info] send message to 20: wave#0#31#0
[info] message from 19: wave#0#31#0
[info] message from 20: wave#0#42#0
[info] send message to 18: wave#0#42#0
[info] send message to 19: wave#0#42#0
[info] message from 19: wave#0#42#0
[info] message from 18: wave#0#42#1
[info] after round 0 : parent is ['20'] and leader id is 42
[info] send message to 20: wave#0#42#2
[info] message from 20: wave#0#44#0
[info] send message to 18: wave#0#44#0
[info] send message to 19: wave#0#44#0
[info] message from 19: wave#0#44#0
[info] message from 18: wave#0#44#13
[info] after round 0 : parent is ['20'] and leader id is 44
[info] send message to 20: wave#0#44#14
[info] message from 20: wave#1#39#0
[info] send message to 18: wave#1#39#0
[info] send message to 19: wave#1#39#0
[info] message from 19: wave#1#39#0
[info] message from 18: wave#1#39#9
[info] after round 1 : parent is ['20'] and leader id is 39
[info] send message to 20: wave#1#39#10
[info] message from 20: wave#2#12#0
[info] send message to 18: wave#2#12#0
[info] send message to 19: wave#2#12#0
[info] message from 19: wave#2#12#0
[info] message from 20: wave#2#21#0
[info] send message to 18: wave#2#21#0
[info] send message to 19: wave#2#21#0
[info] message from 19: wave#2#21#0
[info] message from 18: wave#2#21#3
[info] after round 2 : parent is ['20'] and leader id is 21
[info] send message to 20: wave#2#21#4
[info] message from 18: exit
[info] send message to 20: exit
