[info] Hello from node3
[info] I'm connected to nodes ['2', '3', '4']
[info] I have edges [('3', '2'), ('3', '3'), ('3', '4')]
[info] -- round 0 started!
[info] -- new id 31 selected!
[info] send message to 2: wave#0#31#0
[info] send message to 3: wave#0#31#0
[info] send message to 4: wave#0#31#0
[info] message from 2: wave#0#36#0
[info] send message to 3: wave#0#36#0
[info] send message to 4: wave#0#36#0
[info] message from 4: wave#0#26#0
[info] message from 3: wave#0#31#0
[info] message from 2: wave#0#38#0
[info] send message to 3: wave#0#38#0
[info] send message to 4: wave#0#38#0
[info] message from 3: wave#0#36#0
[info] message from 3: wave#0#38#0
[info] message from 4: wave#0#40#0
[info] send message to 2: wave#0#40#0
[info] send message to 3: wave#0#40#0
[info] message from 3: wave#0#40#0
[info] message from 4: wave#0#42#0
[info] send message to 2: wave#0#42#0
[info] send message to 3: wave#0#42#0
[info] message from 3: wave#0#42#0
[info] message from 2: wave#0#44#0
[info] send message to 3: wave#0#44#0
[info] send message to 4: wave#0#44#0
[info] message from 3: wave#0#44#0
[info] message from 4: wave#0#44#2
[info] after round 0 : parent is ['2'] and leader id is 44
[info] send message to 2: wave#0#44#3
[info] message from 2: wave#1#39#0
[info] send message to 3: wave#1#39#0
[info] send message to 4: wave#1#39#0
[info] message from 3: wave#1#39#0
[info] message from 4: wave#1#39#6
[info] after round 1 : parent is ['2'] and leader id is 39
[info] send message to 2: wave#1#39#7
[info] message from 2: wave#2#21#0
[info] send message to 3: wave#2#21#0
[info] send message to 4: wave#2#21#0
[info] message from 3: wave#2#21#0
[info] message from 4: wave#2#21#12
[info] after round 2 : parent is ['2'] and leader id is 21
[info] send message to 2: wave#2#21#13
[info] message from 2: exit
[info] send message to 4: exit
