[info] Hello from node37
[info] I'm connected to nodes ['36', '37', '38']
[info] I have edges [('37', '36'), ('37', '37'), ('37', '38')]
[info] -- round 0 started!
[info] -- new id 43 selected!
[info] send message to 36: wave#0#43#0
[info] send message to 37: wave#0#43#0
[info] send message to 38: wave#0#43#0
[info] message from 38: wave#0#42#0
[info] message from 36: wave#0#31#0
[info] message from 37: wave#0#43#0
[info] message from 36: wave#0#44#0
[info] send message to 37: wave#0#44#0
[info] send message to 38: wave#0#44#0
[info] message from 37: wave#0#44#0
[info] message from 38: wave#0#44#0
[info] after round 0 : parent is ['36'] and leader id is 44
[info] send message to 36: wave#0#44#1
[info] message from 38: wave#1#39#0
[info] send message to 36: wave#1#39#0
[info] send message to 37: wave#1#39#0
[info] message from 37: wave#1#39#0
[info] message from 36: wave#1#39#3
[info] after round 1 : parent is ['38'] and leader id is 39
[info] send message to 38: wave#1#39#4
[info] message from 38: wave#2#21#0
[info] send message to 36: wave#2#21#0
[info] send message to 37: wave#2#21#0
[info] message from 37: wave#2#21#0
[info] message from 36: wave#2#21#21
[info] after round 2 : parent is ['38'] and leader id is 21
[info] send message to 38: wave#2#21#22
[info] message from 38: exit
[info] send message to 36: exit
