[info] Hello from node31
[info] I'm connected to nodes ['30', '31', '32']
[info] I have edges [('31', '30'), ('31', '31'), ('31', '32')]
[info] -- round 0 started!
[info] -- new id 37 selected!
[info] send message to 30: wave#0#37#0
[info] send message to 31: wave#0#37#0
[info] send message to 32: wave#0#37#0
[info] message from 32: wave#0#39#0
[info] send message to 30: wave#0#39#0
[info] send message to 31: wave#0#39#0
[info] message from 31: wave#0#37#0
[info] message from 30: wave#0#34#0
[info] message from 31: wave#0#39#0
[info] message from 30: wave#0#44#0
[info] send message to 31: wave#0#44#0
[info] send message to 32: wave#0#44#0
[info] message from 31: wave#0#44#0
[info] message from 32: wave#0#44#6
[info] after round 0 : parent is ['30'] and leader id is 44
[info] send message to 30: wave#0#44#7
[info] message from 30: wave#1#39#0
[info] send message to 31: wave#1#39#0
[info] send message to 32: wave#1#39#0
[info] message from 31: wave#1#39#0
[info] message from 32: wave#1#39#2
[info] after round 1 : parent is ['30'] and leader id is 39
[info] send message to 30: wave#1#39#3
[info] message from 32: wave#2#21#0
[info] send message to 30: wave#2#21#0
[info] send message to 31: wave#2#21#0
[info] message from 31: wave#2#21#0
[info] message from 30: wave#2#12#0
[info] message from 30: wave#2#21#15
[info] after round 2 : parent is ['32'] and leader id is 21
[info] send message to 32: wave#2#21#16
[info] message from 32: exit
[info] send message to 30: exit
