[info] Hello from node9
[info] I'm connected to nodes ['8', '9', '10']
[info] I have edges [('9', '8'), ('9', '9'), ('9', '10')]
[info] -- round 0 started!
[info] -- new id 23 selected!
[info] send message to 8: wave#0#23#0
[info] send message to 9: wave#0#23#0
[info] send message to 10: wave#0#23#0
[info] message from 8: wave#0#26#0
[info] send message to 9: wave#0#26#0
[info] send message to 10: wave#0#26#0
[info] message from 10: wave#0#6#0
[info] message from 9: wave#0#23#0
[info] message from 8: wave#0#40#0
[info] send message to 9: wave#0#40#0
[info] send message to 10: wave#0#40#0
[info] message from 9: wave#0#26#0
[info] message from 10: wave#0#28#0
[info] message from 9: wave#0#40#0
[info] message from 10: wave#0#29#0
[info] message from 10: wave#0#42#0
[info] send message to 8: wave#0#42#0
[info] send message to 9: wave#0#42#0
[info] message from 9: wave#0#42#0
[info] message from 10: wave#0#44#0
[info] send message to 8: wave#0#44#0
[info] send message to 9: wave#0#44#0
[info] message from 9: wave#0#44#0
[info] message from 8: wave#0#44#3
[info] after round 0 : parent is ['10'] and leader id is 44
[info] send message to 10: wave#0#44#4
[info] message from 8: wave#1#39#0
[info] send message to 9: wave#1#39#0
[info] send message to 10: wave#1#39#0
[info] message from 9: wave#1#39#0
[info] message from 10: wave#1#39#0
[info] after round 1 : parent is ['8'] and leader id is 39
[info] send message to 8: wave#1#39#1
[info] message from 8: wave#2#21#0
[info] send message to 9: wave#2#21#0
[info] send message to 10: wave#2#21#0
[info] message from 9: wave#2#21#0
[info] message from 10: wave#2#21#6
[info] after round 2 : parent is ['8'] and leader id is 21
[info] send message to 8: wave#2#21#7
[info] message from 8: exit
[info] send message to 10: exit
