[info] Hello from node44
[info] I'm connected to nodes ['43', '44', '45']
[info] I have edges [('44', '43'), ('44', '44'), ('44', '45')]
[info] -- round 0 started!
[info] -- new id 5 selected!
[info] send message to 43: wave#0#5#0
[info] send message to 44: wave#0#5#0
[info] send message to 45: wave#0#5#0
[info] message from 45: wave#0#44#0
[info] send message to 43: wave#0#44#0
[info] send message to 44: wave#0#44#0
[info] message from 44: wave#0#5#0
[info] message from 44: wave#0#44#0
[info] message from 43: wave#0#23#0
[info] message from 43: wave#0#44#6
[info] after round 0 : parent is ['45'] and leader id is 44
[info] send message to 45: wave#0#44#7
[info] message from 45: wave#1#39#0
[info] send message to 43: wave#1#39#0
[info] send message to 44: wave#1#39#0
[info] message from 44: wave#1#39#0
[info] message from 43: wave#1#39#10
[info] after round 1 : parent is ['45'] and leader id is 39
[info] send message to 45: wave#1#39#11
[info] message from 45: wave#2#21#0
[info] send message to 43: wave#2#21#0
[info] send message to 44: wave#2#21#0
[info] message from 44: wave#2#21#0
[info] message from 43: wave#2#21#28
[info] after round 2 : parent is ['45'] and leader id is 21
[info] send message to 45: wave#2#21#29
[info] message from 45: exit
[info] send message to 43: exit
