[info] Hello from node7
[info] I'm connected to nodes ['6', '7', '8']
[info] I have edges [('7', '6'), ('7', '7'), ('7', '8')]
[info] -- round 0 started!
[info] -- new id 40 selected!
[info] send message to 6: wave#0#40#0
[info] send message to 7: wave#0#40#0
[info] send message to 8: wave#0#40#0
[info] message from 8: wave#0#26#0
[info] message from 6: wave#0#30#0
[info] message from 7: wave#0#40#0
[info] message from 8: wave#0#42#0
[info] send message to 6: wave#0#42#0
[info] send message to 7: wave#0#42#0
[info] message from 7: wave#0#42#0
[info] message from 8: wave#0#44#0
[info] send message to 6: wave#0#44#0
[info] send message to 7: wave#0#44#0
[info] message from 7: wave#0#44#0
[info] message from 6: wave#0#44#1
[info] after round 0 : parent is ['8'] and leader id is 44
[info] send message to 8: wave#0#44#2
[info] message from 6: wave#1#39#0
[info] send message to 7: wave#1#39#0
[info] send message to 8: wave#1#39#0
[info] message from 7: wave#1#39#0
[info] message from 8: wave#1#39#2
[info] after round 1 : parent is ['6'] and leader id is 39
[info] send message to 6: wave#1#39#3
[info] message from 6: wave#2#21#0
[info] send message to 7: wave#2#21#0
[info] send message to 8: wave#2#21#0
[info] message from 7: wave#2#21#0
[info] message from 8: wave#2#21#8
[info] after round 2 : parent is ['6'] and leader id is 21
[info] send message to 6: wave#2#21#9
[info] message from 6: exit
[info] send message to 8: exit
