[info] Hello from node34
[info] I'm connected to nodes ['33', '34', '35']
[info] I have edges [('34', '33'), ('34', '34'), ('34', '35')]
[info] -- round 0 started!
[info] -- new id 27 selected!
[info] send message to 33: wave#0#27#0
[info] send message to 34: wave#0#27#0
[info] send message to 35: wave#0#27#0
[info] message from 34: wave#0#27#0
[info] message from 35: wave#0#13#0
[info] message from 33: wave#0#18#0
[info] message from 35: wave#0#31#0
[info] send message to 33: wave#0#31#0
[info] send message to 34: wave#0#31#0
[info] message from 34: wave#0#31#0
[info] message from 33: wave#0#39#0
[info] send message to 34: wave#0#39#0
[info] send message to 35: wave#0#39#0
[info] message from 34: wave#0#39#0
[info] message from 35: wave#0#43#0
[info] send message to 33: wave#0#43#0
[info] send message to 34: wave#0#43#0
[info] message from 33: wave#0#44#0
[info] send message to 34: wave#0#44#0
[info] send message to 35: wave#0#44#0
[info] message from 34: wave#0#43#0
[info] message from 34: wave#0#44#0
[info] message from 35: wave#0#44#3
[info] after round 0 : parent is ['33'] and leader id is 44
[info] send message to 33: wave#0#44#4
[info] message from 35: wave#1#39#0
[info] send message to 33: wave#1#39#0
[info] send message to 34: wave#1#39#0
[info] message from 33: wave#1#39#0
[info] message from 34: wave#1#39#0
[info] after round 1 : parent is ['35'] and leader id is 39
[info] send message to 35: wave#1#39#1
[info] message from 35: wave#2#21#0
[info] send message to 33: wave#2#21#0
[info] send message to 34: wave#2#21#0
[info] message from 34: wave#2#21#0
[info] message from 33: wave#2#21#18
[info] after round 2 : parent is ['35'] and leader id is 21
[info] send message to 35: wave#2#21#19
[info] message from 35: exit
[info] send message to 33: exit
