[info] Hello from node38
[info] I'm connected to nodes ['37', '38', '39']
[info] I have edges [('38', '37'), ('38', '38'), ('38', '39')]
[info] -- round 0 started!
[info] -- new id 42 selected!
[info] send message to 37: wave#0#42#0
[info] send message to 38: wave#0#42#0
[info] send message to 39: wave#0#42#0
[info] message from 38: wave#0#42#0
[info] message from 39: wave#0#7#0
[info] message from 37: wave#0#43#0
[info] send message to 38: wave#0#43#0
[info] send message to 39: wave#0#43#0
[info] message from 38: wave#0#43#0
[info] message from 39: wave#0#44#0
[info] send message to 37: wave#0#44#0
[info] send message to 38: wave#0#44#0
[info] message from 37: wave#0#44#0
[info] message from 38: wave#0#44#0
[info] after round 0 : parent is ['39'] and leader id is 44
[info] send message to 39: wave#0#44#1
[info] message from 39: wave#1#39#0
[info] send message to 37: wave#1#39#0
[info] send message to 38: wave#1#39#0
[info] message from 38: wave#1#39#0
[info] message from 37: wave#1#39#4
[info] after round 1 : parent is ['39'] and leader id is 39
[info] send message to 39: wave#1#39#5
[info] message from 39: wave#2#21#0
[info] send message to 37: wave#2#21#0
[info] send message to 38: wave#2#21#0
[info] message from 38: wave#2#21#0
[info] message from 37: wave#2#21#22
[info] after round 2 : parent is ['39'] and leader id is 21
[info] send message to 39: wave#2#21#23
[info] message from 39: exit
[info] send message to 37: exit
