[info] Hello from node29
[info] I'm connected to nodes ['28', '29', '30']
[info] I have edges [('29', '28'), ('29', '29'), ('29', '30')]
[info] -- round 0 started!
[info] -- new id 44 selected!
[info] send message to 28: wave#0#44#0
[info] send message to 29: wave#0#44#0
[info] send message to 30: wave#0#44#0
[info] message from 29: wave#0#44#0
[info] message from 28: wave#0#19#0
[info] message from 30: wave#0#34#0
[info] message from 30: wave#0#44#8
[info] message from 28: wave#0#44#23
[info] after round 0 : parent is [] and leader id is 44
[info] -- round 1 started!
[info] -- new id 39 selected!
[info] send message to 28: wave#1#39#0
[info] send message to 29: wave#1#39#0
[info] send message to 30: wave#1#39#0
[info] message from 29: wave#1#39#0
[info] message from 30: wave#1#39#4
[info] message from 28: wave#1#39#19
[info] after round 1 : parent is [] and leader id is 39
[info] -- round 2 started!
[info] -- new id 12 selected!
[info] send message to 28: wave#2#12#0
[info] send message to 29: wave#2#12#0
[info] send message to 30: wave#2#12#0
[info] message from 29: wave#2#12#0
[info] message from 30: wave#2#21#0
[info] send message to 28: wave#2#21#0
[info] send message to 29: wave#2#21#0
[info] message from 29: wave#2#21#0
[info] message from 28: wave#2#21#13
[info] after round 2 : parent is ['30'] and leader id is 21
[info] send message to 30: wave#2#21#14
[info] message from 30: exit
[info] send message to 28: exit
