[info] Hello from node8
[info] I'm connected to nodes ['7', '8', '9']
[info] I have edges [('8', '7'), ('8', '8'), ('8', '9')]
[info] -- round 0 started!
[info] -- new id 26 selected!
[info] send message to 7: wave#0#26#0
[info] send message to 8: wave#0#26#0
[info] send message to 9: wave#0#26#0
[info] message from 8: wave#0#26#0
[info] message from 9: wave#0#23#0
[info] message from 7: wave#0#40#0
[info] send message to 8: wave#0#40#0
[info] send message to 9: wave#0#40#0
[info] message from 8: wave#0#40#0
[info] message from 9: wave#0#42#0
[info] send message to 7: wave#0#42#0
[info] send message to 8: wave#0#42#0
[info] message from 8: wave#0#42#0
[info] message from 9: wave#0#44#0
[info] send message to 7: wave#0#44#0
[info] send message to 8: wave#0#44#0
[info] message from 8: wave#0#44#0
[info] message from 7: wave#0#44#2
[info] after round 0 : parent is ['9'] and leader id is 44
[info] send message to 9: wave#0#44#3
[info] message from 7: wave#1#39#0
[info] send message to 8: wave#1#39#0
[info] send message to 9: wave#1#39#0
[info] message from 8: wave#1#39#0
[info] message from 9: wave#1#39#1
[info] after round 1 : parent is ['7'] and leader id is 39
[info] send message to 7: wave#1#39#2
[info] message from 7: wave#2#21#0
[info] send message to 8: wave#2#21#0
[info] send message to 9: wave#2#21#0
[info] message from 8: wave#2#21#0
[info] message from 9: wave#2#21#7
[info] after round 2 : parent is ['7'] and leader id is 21
[info] send message to 7: wave#2#21#8
[info] message from 7: exit
[info] send message to 9: exit
