[info] Hello from node26
[info] I'm connected to nodes ['25', '26', '27']
[info] I have edges [('26', '25'), ('26', '26'), ('26', '27')]
[info] -- round 0 started!
[info] -- new id 37 selected!
[info] send message to 25: wave#0#37#0
[info] send message to 26: wave#0#37#0
[info] send message to 27: wave#0#37#0
[info] message from 26: wave#0#37#0
[info] message from 27: wave#0#3#0
[info] message from 25: wave#0#6#0
[info] message from 27: wave#0#44#0
[info] send message to 25: wave#0#44#0
[info] send message to 26: wave#0#44#0
[info] message from 26: wave#0#44#0
[info] message from 25: wave#0#44#20
[info] after round 0 : parent is ['27'] and leader id is 44
[info] send message to 27: wave#0#44#21
[info] message from 27: wave#1#39#0
[info] send message to 25: wave#1#39#0
[info] send message to 26: wave#1#39#0
[info] message from 26: wave#1#39#0
[info] message from 25: wave#1#39#16
[info] after round 1 : parent is ['27'] and leader id is 39
[info] send message to 27: wave#1#39#17
[info] message from 27: wave#2#12#0
[info] send message to 25: wave#2#12#0
[info] send message to 26: wave#2#12#0
[info] message from 26: wave#2#12#0
[info] message from 27: wave#2#21#0
[info] send message to 25: wave#2#21#0
[info] send message to 26: wave#2#21#0
[info] message from 26: wave#2#21#0
[info] message from 25: wave#2#21#10
[info] after round 2 : parent is ['27'] and leader id is 21
[info] send message to 27: wave#2#21#11
[info] message from 27: exit
[info] send message to 25: exit
