[info] Hello from node6
[info] I'm connected to nodes ['5', '6', '7']
[info] I have edges [('6', '5'), ('6', '6'), ('6', '7')]
[info] -- round 0 started!
[info] -- new id 30 selected!
[info] send message to 5: wave#0#30#0
[info] send message to 6: wave#0#30#0
[info] send message to 7: wave#0#30#0
[info] message from 6: wave#0#30#0
[info] message from 7: wave#0#40#0
[info] send message to 5: wave#0#40#0
[info] send message to 6: wave#0#40#0
[info] message from 5: wave#0#10#0
[info] message from 6: wave#0#40#0
[info] message from 5: wave#0#31#0
[info] message from 7: wave#0#42#0
[info] send message to 5: wave#0#42#0
[info] send message to 6: wave#0#42#0
[info] message from 6: wave#0#42#0
[info] message from 7: wave#0#44#0
[info] send message to 5: wave#0#44#0
[info] send message to 6: wave#0#44#0
[info] message from 5: wave#0#44#0
[info] message from 6: wave#0#44#0
[info] after round 0 : parent is ['7'] and leader id is 44
[info] send message to 7: wave#0#44#1
[info] message from 5: wave#1#39#0
[info] send message to 6: wave#1#39#0
[info] send message to 7: wave#1#39#0
[info] message from 6: wave#1#39#0
[info] message from 7: wave#1#39#3
[info] after round 1 : parent is ['5'] and leader id is 39
[info] send message to 5: wave#1#39#4
[info] message from 5: wave#2#21#0
[info] send message to 6: wave#2#21#0
[info] send message to 7: wave#2#21#0
[info] message from 6: wave#2#21#0
[info] message from 7: wave#2#21#9
[info] after round 2 : parent is ['5'] and leader id is 21
[info] send message to 5: wave#2#21#10
[info] message from 5: exit
[info] send message to 7: exit
