[info] Hello from node2
[info] I'm connected to nodes ['1', '2', '3']
[info] I have edges [('2', '1'), ('2', '2'), ('2', '3')]
[info] -- round 0 started!
[info] -- new id 36 selected!
[info] send message to 1: wave#0#36#0
[info] send message to 2: wave#0#36#0
[info] send message to 3: wave#0#36#0
[info] message from 2: wave#0#36#0
[info] message from 3: wave#0#31#0
[info] message from 1: wave#0#38#0
[info] send message to 2: wave#0#38#0
[info] send message to 3: wave#0#38#0
[info] message from 2: wave#0#38#0
[info] message from 3: wave#0#40#0
[info] send message to 1: wave#0#40#0
[info] send message to 2: wave#0#40#0
[info] message from 2: wave#0#40#0
[info] message from 3: wave#0#42#0
[info] send message to 1: wave#0#42#0
[info] send message to 2: wave#0#42#0
[info] message from 2: wave#0#42#0
[info] message from 1: wave#0#44#0
[info] send message to 2: wave#0#44#0
[info] send message to 3: wave#0#44#0
[info] message from 2: wave#0#44#0
[info] message from 3: wave#0#44#3
[info] after round 0 : parent is ['1'] and leader id is 44
[info] send message to 1: wave#0#44#4
[info] message from 1: wave#1#39#0
[info] send message to 2: wave#1#39#0
[info] send message to 3: wave#1#39#0
[info] message from 2: wave#1#39#0
[info] message from 3: wave#1#39#7
[info] after round 1 : parent is ['1'] and leader id is 39
[info] send message to 1: wave#1#39#8
[info] message from 1: wave#2#21#0
[info] send message to 2: wave#2#21#0
[info] send message to 3: wave#2#21#0
[info] message from 2: wave#2#21#0
[info] message from 3: wave#2#21#13
[info] after round 2 : parent is ['1'] and leader id is 21
[info] send message to 1: wave#2#21#14
[info] message from 1: exit
[info] send message to 3: exit
