[info] Hello from node10
[info] I'm connected to nodes ['1', '10']
[info] I have edges [('10', '1'), ('10', '10')]
[info] -- round 0 started!
[info] -- new id 31 selected!
[info] send message to 1: wave#0#31#0
[info] send message to 10: wave#0#31#0
[info] message from 1: wave#0#19#0
[info] message from 10: wave#0#31#0
[info] message from 1: wave#0#28#0
[info] message from 1: wave#0#29#0
[info] message from 1: wave#0#42#0
[info] send message to 10: wave#0#42#0
[info] message from 10: wave#0#42#0
[info] after round 0 : parent is ['1'] and leader id is 42
[info] send message to 1: wave#0#42#1
[info] message from 1: wave#1#6#0
[info] send message to 10: wave#1#6#0
[info] message from 10: wave#1#6#0
[info] after round 1 : parent is ['1'] and leader id is 6
[info] send message to 1: wave#1#6#1
[info] message from 1: wave#1#25#0
[info] send message to 10: wave#1#25#0
[info] message from 10: wave#1#25#0
[info] after round 1 : parent is ['1'] and leader id is 25
[info] send message to 1: wave#1#25#1
[info] message from 1: wave#1#40#0
[info] send message to 10: wave#1#40#0
[info] message from 10: wave#1#40#0
[info] after round 1 : parent is ['1'] and leader id is 40
[info] send message to 1: wave#1#40#1
[info] message from 1: exit
