[info] Hello from node42
[info] I'm connected to nodes ['1', '42']
[info] I have edges [('42', '1'), ('42', '42')]
[info] -- round 0 started!
[info] -- new id 42 selected!
[info] send message to 1: wave#0#42#0
[info] send message to 42: wave#0#42#0
[info] message from 42: wave#0#42#0
[info] message from 1: wave#0#19#0
[info] message from 1: wave#0#28#0
[info] message from 1: wave#0#29#0
[info] message from 1: wave#0#42#0
[info] after round 0 : parent is [] and leader id is 42
[info] -- round 1 started!
[info] -- new id 40 selected!
[info] send message to 1: wave#1#40#0
[info] send message to 42: wave#1#40#0
[info] message from 42: wave#1#40#0
[info] message from 1: wave#1#6#0
[info] message from 1: wave#1#25#0
[info] message from 1: wave#1#40#44
[info] after round 1 : parent is [] and leader id is 40
[info] send message to 1: exit
