[info] Hello from node20
[info] I'm connected to nodes ['1', '20']
[info] I have edges [('20', '1'), ('20', '20')]
[info] -- round 0 started!
[info] -- new id 43 selected!
[info] send message to 1: wave#0#43#0
[info] send message to 20: wave#0#43#0
[info] message from 20: wave#0#43#0
[info] message from 1: wave#0#19#0
[info] message from 1: wave#0#28#0
[info] message from 1: wave#0#29#0
[info] message from 1: wave#0#42#0
[info] message from 1: wave#1#6#0
[info] send message to 20: wave#1#6#0
[info] message from 20: wave#1#6#0
[info] after round 1 : parent is ['1'] and leader id is 6
[info] send message to 1: wave#1#6#1
[info] message from 1: wave#1#25#0
[info] send message to 20: wave#1#25#0
[info] message from 20: wave#1#25#0
[info] after round 1 : parent is ['1'] and leader id is 25
[info] send message to 1: wave#1#25#1
[info] message from 1: wave#1#40#0
[info] send message to 20: wave#1#40#0
[info] message from 20: wave#1#40#0
[info] after round 1 : parent is ['1'] and leader id is 40
[info] send message to 1: wave#1#40#1
[info] message from 1: exit
