[info] Hello from node35
[info] I'm connected to nodes ['1', '35']
[info] I have edges [('35', '1'), ('35', '35')]
[info] -- round 0 started!
[info] -- new id 22 selected!
[info] send message to 1: wave#0#22#0
[info] send message to 35: wave#0#22#0
[info] message from 35: wave#0#22#0
[info] message from 1: wave#0#19#0
[info] message from 1: wave#0#28#0
[info] send message to 35: wave#0#28#0
[info] message from 35: wave#0#28#0
[info] after round 0 : parent is ['1'] and leader id is 28
[info] send message to 1: wave#0#28#1
[info] message from 1: wave#0#29#0
[info] send message to 35: wave#0#29#0
[info] message from 35: wave#0#29#0
[info] after round 0 : parent is ['1'] and leader id is 29
[info] send message to 1: wave#0#29#1
[info] message from 1: wave#0#42#0
[info] send message to 35: wave#0#42#0
[info] message from 35: wave#0#42#0
[info] after round 0 : parent is ['1'] and leader id is 42
[info] send message to 1: wave#0#42#1
[info] message from 1: wave#1#6#0
[info] send message to 35: wave#1#6#0
[info] message from 35: wave#1#6#0
[info] after round 1 : parent is ['1'] and leader id is 6
[info] send message to 1: wave#1#6#1
[info] message from 1: wave#1#25#0
[info] send message to 35: wave#1#25#0
[info] message from 35: wave#1#25#0
[info] after round 1 : parent is ['1'] and leader id is 25
[info] send message to 1: wave#1#25#1
[info] message from 1: wave#1#40#0
[info] send message to 35: wave#1#40#0
[info] message from 35: wave#1#40#0
[info] after round 1 : parent is ['1'] and leader id is 40
[info] send message to 1: wave#1#40#1
[info] message from 1: exit
