[info] Hello from node27
[info] I'm connected to nodes ['1', '27']
[info] I have edges [('27', '1'), ('27', '27')]
[info] -- round 0 started!
[info] -- new id 19 selected!
[info] send message to 1: wave#0#19#0
[info] send message to 27: wave#0#19#0
[info] message from 27: wave#0#19#0
[info] message from 1: wave#0#19#0
[info] after round 0 : parent is [] and leader id is 19
[info] -- round 1 started!
[info] -- new id 25 selected!
[info] send message to 1: wave#1#25#0
[info] send message to 27: wave#1#25#0
[info] message from 27: wave#1#25#0
[info] message from 1: wave#0#28#0
[info] message from 1: wave#0#29#0
[info] message from 1: wave#0#42#0
[info] message from 1: wave#1#6#0
[info] message from 1: wave#1#40#0
[info] send message to 27: wave#1#40#0
[info] message from 27: wave#1#40#0
[info] after round 1 : parent is ['1'] and leader id is 40
[info] send message to 1: wave#1#40#1
[info] message from 1: exit
