[info] Hello from node6
[info] I'm connected to nodes ['1', '6']
[info] I have edges [('6', '1'), ('6', '6')]
[info] -- round 0 started!
[info] -- new id 1 selected!
[info] send message to 1: wave#0#1#0
[info] send message to 6: wave#0#1#0
[info] message from 1: wave#0#7#0
[info] send message to 6: wave#0#7#0
[info] message from 6: wave#0#1#0
[info] after round 0 : parent is ['1'] and leader id is 7
[info] send message to 1: wave#0#7#1
[info] message from 6: wave#0#7#0
[info] after round 0 : parent is ['1'] and leader id is 7
[info] send message to 1: wave#0#7#1
[info] message from 1: wave#0#9#0
[info] send message to 6: wave#0#9#0
[info] message from 6: wave#0#9#0
[info] after round 0 : parent is ['1'] and leader id is 9
[info] send message to 1: wave#0#9#1
[info] message from 1: exit
