[info] Hello from node32
[info] I'm connected to nodes ['1', '32']
[info] I have edges [('32', '1'), ('32', '32')]
[info] -- round 0 started!
[info] -- new id 33 selected!
[info] send message to 1: wave#0#33#0
[info] send message to 32: wave#0#33#0
[info] message from 32: wave#0#33#0
[info] message from 1: wave#0#21#0
[info] message from 1: wave#0#33#0
[info] after round 0 : parent is [] and leader id is 33
[info] -- round 1 started!
[info] -- new id 28 selected!
[info] send message to 1: wave#1#28#0
[info] send message to 32: wave#1#28#0
[info] message from 32: wave#1#28#0
[info] message from 1: wave#0#34#0
[info] message from 1: wave#1#19#0
[info] message from 1: wave#1#28#34
[info] after round 1 : parent is [] and leader id is 28
[info] send message to 1: exit
