[info] Hello from node5
[info] I'm connected to nodes ['1', '5']
[info] I have edges [('5', '1'), ('5', '5')]
[info] -- round 0 started!
[info] -- new id 32 selected!
[info] send message to 1: wave#0#32#0
[info] send message to 5: wave#0#32#0
[info] message from 5: wave#0#32#0
[info] message from 1: wave#0#21#0
[info] message from 1: wave#0#33#0
[info] send message to 5: wave#0#33#0
[info] message from 5: wave#0#33#0
[info] after round 0 : parent is ['1'] and leader id is 33
[info] send message to 1: wave#0#33#1
[info] message from 1: wave#0#34#0
[info] send message to 5: wave#0#34#0
[info] message from 5: wave#0#34#0
[info] after round 0 : parent is ['1'] and leader id is 34
[info] send message to 1: wave#0#34#1
[info] message from 1: wave#1#19#0
[info] send message to 5: wave#1#19#0
[info] message from 5: wave#1#19#0
[info] after round 1 : parent is ['1'] and leader id is 19
[info] send message to 1: wave#1#19#1
[info] message from 1: wave#1#28#0
[info] send message to 5: wave#1#28#0
[info] message from 5: wave#1#28#0
[info] after round 1 : parent is ['1'] and leader id is 28
[info] send message to 1: wave#1#28#1
[info] message from 1: exit
