[info] Hello from node5
[info] I'm connected to nodes ['1', '2', '3', '4', '5', '6', '7', '8', '9', '10', '11', '12', '13', '14', '15']
[info] I have edges [('5', '1'), ('5', '2'), ('5', '3'), ('5', '4'), ('5', '5'), ('5', '6'), ('5', '7'), ('5', '8'), ('5', '9'), ('5', '10'), ('5', '11'), ('5', '12'), ('5', '13'), ('5', '14'), ('5', '15')]
[info] -- round 0 started!
[info] -- new id 9 selected!
[info] send message to 1: wave#0#9#0
[info] send message to 2: wave#0#9#0
[info] send message to 3: wave#0#9#0
[info] send message to 4: wave#0#9#0
[info] send message to 5: wave#0#9#0
[info] send message to 6: wave#0#9#0
[info] send message to 7: wave#0#9#0
[info] send message to 8: wave#0#9#0
[info] send message to 9: wave#0#9#0
[info] send message to 10: wave#0#9#0
[info] send message to 11: wave#0#9#0
[info] send message to 12: wave#0#9#0
[info] send message to 13: wave#0#9#0
[info] send message to 14: wave#0#9#0
[info] send message to 15: wave#0#9#0
[info] message from 2: wave#0#9#0
[info] message from 1: wave#0#12#0
[info] send message to 2: wave#0#12#0
[info] send message to 3: wave#0#12#0
[info] send message to 4: wave#0#12#0
[info] send message to 5: wave#0#12#0
[info] send message to 6: wave#0#12#0
[info] send message to 7: wave#0#12#0
[info] send message to 8: wave#0#12#0
[info] send message to 9: wave#0#12#0
[info] send message to 10: wave#0#12#0
[info] send message to 11: wave#0#12#0
[info] send message to 12: wave#0#12#0
[info] send message to 13: wave#0#12#0
[info] send message to 14: wave#0#12#0
[info] send message to 15: wave#0#12#0
[info] message from 8: wave#0#1#0
[info] message from 11: wave#0#8#0
[info] message from 7: wave#0#8#0
[info] message from 5: wave#0#9#0
[info] message from 3: wave#0#11#0
[info] message from 4: wave#0#11#0
[info] message from 9: wave#0#10#0
[info] message from 2: wave#0#12#0
[info] message from 6: wave#0#9#0
[info] message from 10: wave#0#7#0
[info] message from 12: wave#0#14#0
[info] send message to 1: wave#0#14#0
[info] send message to 2: wave#0#14#0
[info] send message to 3: wave#0#14#0
[info] send message to 4: wave#0#14#0
[info] send message to 5: wave#0#14#0
[info] send message to 6: wave#0#14#0
[info] send message to 7: wave#0#14#0
[info] send message to 8: wave#0#14#0
[info] send message to 9: wave#0#14#0
[info] send message to 10: wave#0#14#0
[info] send message to 11: wave#0#14#0
[info] send message to 13: wave#0#14#0
[info] send message to 14: wave#0#14#0
[info] send message to 15: wave#0#14#0
[info] message from 1: wave#0#14#0
[info] message from 14: wave#0#12#0
[info] message from 13: wave#0#3#0
[info] message from 8: wave#0#9#0
[info] message from 15: wave#0#7#0
[info] message from 11: wave#0#9#0
[info] message from 5: wave#0#12#0
[info] message from 6: wave#0#12#0
[info] message from 3: wave#0#12#0
[info] message from 4: wave#0#12#0
[info] message from 7: wave#0#9#0
[info] message from 9: wave#0#12#0
[info] message from 2: wave#0#14#0
[info] message from 10: wave#0#9#0
[info] message from 14: wave#0#14#0
[info] message from 11: wave#0#12#0
[info] message from 13: wave#0#9#0
[info] message from 8: wave#0#12#0
[info] message from 15: wave#0#9#0
[info] message from 5: wave#0#14#0
[info] message from 4: wave#0#14#0
[info] message from 6: wave#0#14#0
[info] message from 3: wave#0#14#0
[info] message from 7: wave#0#12#0
[info] message from 10: wave#0#12#0
[info] message from 9: wave#0#14#0
[info] message from 13: wave#0#12#0
[info] message from 11: wave#0#14#0
[info] message from 8: wave#0#14#0
[info] message from 15: wave#0#12#0
[info] message from 7: wave#0#14#0
[info] message from 10: wave#0#14#0
[info] message from 13: wave#0#14#0
[info] message from 15: wave#0#14#0
[info] after round 0 : parent is ['12'] and leader id is 14
[info] send message to 12: wave#0#14#1
[info] message from 2: exit
[info] send message to 1: exit
[info] send message to 3: exit
[info] send message to 4: exit
[info] send message to 6: exit
[info] send message to 7: exit
[info] send message to 8: exit
[info] send message to 9: exit
[info] send message to 10: exit
[info] send message to 11: exit
[info] send message to 12: exit
[info] send message to 13: exit
[info] send message to 14: exit
[info] send message to 15: exit
