[info] Hello from node12
[info] I'm connected to nodes ['1', '12']
[info] I have edges [('12', '1'), ('12', '12')]
[info] -- round 0 started!
[info] -- new id 2 selected!
[info] send message to 1: wave#0#2#0
[info] send message to 12: wave#0#2#0
[info] message from 12: wave#0#2#0
[info] message from 1: wave#0#13#0
[info] send message to 12: wave#0#13#0
[info] message from 12: wave#0#13#0
[info] after round 0 : parent is ['1'] and leader id is 13
[info] send message to 1: wave#0#13#1
[info] message from 1: wave#0#22#0
[info] send message to 12: wave#0#22#0
[info] message from 12: wave#0#22#0
[info] after round 0 : parent is ['1'] and leader id is 22
[info] send message to 1: wave#0#22#1
[info] message from 1: wave#0#29#0
[info] send message to 12: wave#0#29#0
[info] message from 12: wave#0#29#0
[info] after round 0 : parent is ['1'] and leader id is 29
[info] send message to 1: wave#0#29#1
[info] message from 1: wave#0#35#0
[info] send message to 12: wave#0#35#0
[info] message from 12: wave#0#35#0
[info] after round 0 : parent is ['1'] and leader id is 35
[info] send message to 1: wave#0#35#1
[info] message from 1: wave#1#21#0
[info] send message to 12: wave#1#21#0
[info] message from 12: wave#1#21#0
[info] after round 1 : parent is ['1'] and leader id is 21
[info] send message to 1: wave#1#21#1
[info] message from 1: exit
