[info] Hello from node30
[info] I'm connected to nodes ['1', '30']
[info] I have edges [('30', '1'), ('30', '30')]
[info] -- round 0 started!
[info] -- new id 26 selected!
[info] send message to 1: wave#0#26#0
[info] send message to 30: wave#0#26#0
[info] message from 30: wave#0#26#0
[info] message from 1: wave#0#13#0
[info] message from 1: wave#0#22#0
[info] message from 1: wave#0#29#0
[info] send message to 30: wave#0#29#0
[info] message from 30: wave#0#29#0
[info] after round 0 : parent is ['1'] and leader id is 29
[info] send message to 1: wave#0#29#1
[info] message from 1: wave#0#35#0
[info] send message to 30: wave#0#35#0
[info] message from 30: wave#0#35#0
[info] after round 0 : parent is ['1'] and leader id is 35
[info] send message to 1: wave#0#35#1
[info] message from 1: wave#1#21#0
[info] send message to 30: wave#1#21#0
[info] message from 30: wave#1#21#0
[info] after round 1 : parent is ['1'] and leader id is 21
[info] send message to 1: wave#1#21#1
[info] message from 1: exit
