[info] Hello from node1
[info] I'm connected to nodes ['1', '2', '3', '4', '5']
[info] I have edges [('1', '1'), ('1', '2'), ('1', '3'), ('1', '4'), ('1', '5')]
[info] -- round 0 started!
[info] -- new id 3 selected!
[info] send message to 1: wave#0#3#0
[info] send message to 2: wave#0#3#0
[info] send message to 3: wave#0#3#0
[info] send message to 4: wave#0#3#0
[info] send message to 5: wave#0#3#0
[info] message from 4: wave#0#8#0
[info] send message to 1: wave#0#8#0
[info] send message to 2: wave#0#8#0
[info] send message to 3: wave#0#8#0
[info] send message to 5: wave#0#8#0
[info] message from 3: wave#0#6#0
[info] message from 2: wave#0#5#0
[info] message from 1: wave#0#3#0
[info] message from 2: wave#0#6#0
[info] message from 1: wave#0#8#0
[info] message from 5: wave#0#1#0
[info] message from 5: wave#0#8#0
[info] message from 2: wave#0#8#3
[info] message from 2: wave#0#8#4
[info] message from 3: wave#0#8#3
[info] after round 0 : parent is ['4'] and leader id is 8
[info] send message to 4: wave#0#8#11
[info] message from 3: wave#0#8#4
[info] after round 0 : parent is ['4'] and leader id is 8
[info] send message to 4: wave#0#8#15
[info] message from 4: wave#1#4#0
[info] send message to 1: wave#1#4#0
[info] send message to 2: wave#1#4#0
[info] send message to 3: wave#1#4#0
[info] send message to 5: wave#1#4#0
[info] message from 3: wave#0#8#5
[info] message from 1: wave#1#4#0
[info] message from 5: wave#1#4#0
[info] message from 2: wave#1#4#3
[info] message from 3: wave#1#4#3
[info] after round 1 : parent is ['4'] and leader id is 4
[info] send message to 4: wave#1#4#7
[info] message from 4: exit
[info] send message to 2: exit
[info] send message to 3: exit
[info] send message to 5: exit
