[info] Hello from node4
[info] I'm connected to nodes ['3', '4', '5']
[info] I have edges [('4', '3'), ('4', '4'), ('4', '5')]
[info] -- round 0 started!
[info] -- new id 7 selected!
[info] send message to 3: wave#0#7#0
[info] send message to 4: wave#0#7#0
[info] send message to 5: wave#0#7#0
[info] message from 3: wave#0#5#0
[info] message from 4: wave#0#7#0
[info] message from 3: wave#0#15#0
[info] send message to 4: wave#0#15#0
[info] send message to 5: wave#0#15#0
[info] message from 5: wave#0#2#0
[info] message from 4: wave#0#15#0
[info] message from 5: wave#0#15#0
[info] after round 0 : parent is ['3'] and leader id is 15
[info] send message to 3: wave#0#15#1
[info] message from 3: wave#1#14#0
[info] send message to 4: wave#1#14#0
[info] send message to 5: wave#1#14#0
[info] message from 4: wave#1#14#0
[info] message from 5: wave#1#14#11
[info] after round 1 : parent is ['3'] and leader id is 14
[info] send message to 3: wave#1#14#12
[info] message from 3: exit
[info] send message to 5: exit
