[info] Hello from node1
[info] I'm connected to nodes ['1', '2']
[info] I have edges [('1', '1'), ('1', '2')]
[info] -- round 0 started!
[info] -- new id 15 selected!
[info] send message to 1: wave#0#15#0
[info] send message to 2: wave#0#15#0
[info] message from 2: wave#0#2#0
[info] message from 2: wave#0#5#0
[info] message from 1: wave#0#15#0
[info] message from 2: wave#0#15#3
[info] after round 0 : parent is [] and leader id is 15
[info] -- round 1 started!
[info] -- new id 14 selected!
[info] send message to 1: wave#1#14#0
[info] send message to 2: wave#1#14#0
[info] message from 1: wave#1#14#0
[info] message from 2: wave#1#14#14
[info] after round 1 : parent is [] and leader id is 14
[info] send message to 2: exit
