[info] Hello from node6
[info] I'm connected to nodes ['1', '2', '3', '4', '5', '6', '7', '8', '9', '10', '11', '12', '13', '14', '15']
[info] I have edges [('6', '1'), ('6', '2'), ('6', '3'), ('6', '4'), ('6', '5'), ('6', '6'), ('6', '7'), ('6', '8'), ('6', '9'), ('6', '10'), ('6', '11'), ('6', '12'), ('6', '13'), ('6', '14'), ('6', '15')]
[info] -- round 0 started!
[info] -- new id 3 selected!
[info] send message to 1: wave#0#3#0
[info] send message to 2: wave#0#3#0
[info] send message to 3: wave#0#3#0
[info] send message to 4: wave#0#3#0
[info] send message to 5: wave#0#3#0
[info] send message to 6: wave#0#3#0
[info] send message to 7: wave#0#3#0
[info] send message to 8: wave#0#3#0
[info] send message to 9: wave#0#3#0
[info] send message to 10: wave#0#3#0
[info] send message to 11: wave#0#3#0
[info] send message to 12: wave#0#3#0
[info] send message to 13: wave#0#3#0
[info] send message to 14: wave#0#3#0
[info] send message to 15: wave#0#3#0
[info] message from 4: wave#0#13#0
[info] send message to 1: wave#0#13#0
[info] send message to 2: wave#0#13#0
[info] send message to 3: wave#0#13#0
[info] send message to 5: wave#0#13#0
[info] send message to 6: wave#0#13#0
[info] send message to 7: wave#0#13#0
[info] send message to 8: wave#0#13#0
[info] send message to 9: wave#0#13#0
[info] send message to 10: wave#0#13#0
[info] send message to 11: wave#0#13#0
[info] send message to 12: wave#0#13#0
[info] send message to 13: wave#0#13#0
[info] send message to 14: wave#0#13#0
[info] send message to 15: wave#0#13#0
[info] message from 2: wave#0#7#0
[info] message from 5: wave#0#7#0
[info] message from 3: wave#0#9#0
[info] message from 9: wave#0#10#0
[info] message from 11: wave#0#1#0
[info] message from 1: wave#0#1#0
[info] message from 12: wave#0#12#0
[info] message from 8: wave#0#3#0
[info] message from 6: wave#0#3#0
[info] message from 10: wave#0#8#0
[info] message from 7: wave#0#3#0
[info] message from 15: wave#0#1#0
[info] message from 13: wave#0#7#0
[info] message from 2: wave#0#13#0
[info] message from 14: wave#0#6#0
[info] message from 3: wave#0#13#0
[info] message from 5: wave#0#13#0
[info] message from 9: wave#0#13#0
[info] message from 11: wave#0#13#0
[info] message from 1: wave#0#7#0
[info] message from 12: wave#0#13#0
[info] message from 6: wave#0#13#0
[info] message from 8: wave#0#13#0
[info] message from 10: wave#0#13#0
[info] message from 7: wave#0#13#0
[info] message from 15: wave#0#13#0
[info] message from 13: wave#0#13#0
[info] message from 14: wave#0#13#0
[info] message from 1: wave#0#13#0
[info] after round 0 : parent is ['4'] and leader id is 13
[info] send message to 4: wave#0#13#1
[info] message from 4: exit
[info] send message to 1: exit
[info] send message to 2: exit
[info] send message to 3: exit
[info] send message to 5: exit
[info] send message to 7: exit
[info] send message to 8: exit
[info] send message to 9: exit
[info] send message to 10: exit
[info] send message to 11: exit
[info] send message to 12: exit
[info] send message to 13: exit
[info] send message to 14: exit
[info] send message to 15: exit
