[info] Hello from node31
[info] I'm connected to nodes ['30', '31', '32']
[info] I have edges [('31', '30'), ('31', '31'), ('31', '32')]
[info] -- round 0 started!
[info] -- new id 1 selected!
[info] send message to 30: wave#0#1#0
[info] send message to 31: wave#0#1#0
[info] send message to 32: wave#0#1#0
[info] message from 32: wave#0#4#0
[info] send message to 30: wave#0#4#0
[info] send message to 31: wave#0#4#0
[info] message from 30: wave#0#4#0
[info] message from 31: wave#0#1#0
[info] after round 0 : parent is ['32'] and leader id is 4
[info] send message to 32: wave#0#4#1
[info] message from 32: wave#0#25#0
[info] send message to 30: wave#0#25#0
[info] send message to 31: wave#0#25#0
[info] message from 30: wave#0#6#0
[info] message from 31: wave#0#4#0
[info] message from 32: wave#0#32#0
[info] send message to 30: wave#0#32#0
[info] send message to 31: wave#0#32#0
[info] message from 30: wave#0#22#0
[info] message from 31: wave#0#25#0
[info] message from 32: wave#0#36#0
[info] send message to 30: wave#0#36#0
[info] send message to 31: wave#0#36#0
[info] message from 31: wave#0#32#0
[info] message from 30: wave#0#39#0
[info] send message to 31: wave#0#39#0
[info] send message to 32: wave#0#39#0
[info] message from 31: wave#0#36#0
[info] message from 30: wave#0#40#0
[info] send message to 31: wave#0#40#0
[info] send message to 32: wave#0#40#0
[info] message from 31: wave#0#39#0
[info] message from 31: wave#0#40#0
[info] message from 30: wave#1#16#0
[info] send message to 31: wave#1#16#0
[info] send message to 32: wave#1#16#0
[info] message from 31: wave#1#16#0
[info] message from 32: wave#1#16#4
[info] after round 1 : parent is ['30'] and leader id is 16
[info] send message to 30: wave#1#16#5
[info] message from 30: exit
[info] send message to 32: exit
