[info] Hello from node37
[info] I'm connected to nodes ['36', '37', '38']
[info] I have edges [('37', '36'), ('37', '37'), ('37', '38')]
[info] -- round 0 started!
[info] -- new id 3 selected!
[info] send message to 36: wave#0#3#0
[info] send message to 37: wave#0#3#0
[info] send message to 38: wave#0#3#0
[info] message from 37: wave#0#3#0
[info] message from 36: wave#0#36#0
[info] send message to 37: wave#0#36#0
[info] send message to 38: wave#0#36#0
[info] message from 37: wave#0#36#0
[info] message from 38: wave#0#7#0
[info] message from 36: wave#0#39#0
[info] send message to 37: wave#0#39#0
[info] send message to 38: wave#0#39#0
[info] message from 38: wave#0#40#0
[info] send message to 36: wave#0#40#0
[info] send message to 37: wave#0#40#0
[info] message from 37: wave#0#39#0
[info] message from 38: wave#1#16#0
[info] send message to 36: wave#1#16#0
[info] send message to 37: wave#1#16#0
[info] message from 36: wave#0#40#0
[info] message from 37: wave#0#40#0
[info] message from 37: wave#1#16#0
[info] message from 36: wave#1#16#1
[info] after round 1 : parent is ['38'] and leader id is 16
[info] send message to 38: wave#1#16#2
[info] message from 36: exit
[info] send message to 38: exit
