[info] Hello from node40
[info] I'm connected to nodes ['1', '39', '40']
[info] I have edges [('40', '1'), ('40', '39'), ('40', '40')]
[info] -- round 0 started!
[info] -- new id 9 selected!
[info] send message to 1: wave#0#9#0
[info] send message to 39: wave#0#9#0
[info] send message to 40: wave#0#9#0
[info] message from 1: wave#0#29#0
[info] send message to 39: wave#0#29#0
[info] send message to 40: wave#0#29#0
[info] message from 1: wave#0#30#0
[info] send message to 39: wave#0#30#0
[info] send message to 40: wave#0#30#0
[info] message from 1: wave#0#33#0
[info] send message to 39: wave#0#33#0
[info] send message to 40: wave#0#33#0
[info] message from 1: wave#0#34#0
[info] send message to 39: wave#0#34#0
[info] send message to 40: wave#0#34#0
[info] message from 1: wave#0#40#0
[info] send message to 39: wave#0#40#0
[info] send message to 40: wave#0#40#0
[info] message from 39: wave#0#21#0
[info] message from 40: wave#0#9#0
[info] message from 1: wave#1#16#0
[info] send message to 39: wave#1#16#0
[info] send message to 40: wave#1#16#0
[info] message from 40: wave#0#29#0
[info] message from 39: wave#0#36#0
[info] message from 40: wave#0#30#0
[info] message from 40: wave#0#33#0
[info] message from 40: wave#0#34#0
[info] message from 40: wave#0#40#0
[info] message from 40: wave#1#16#0
[info] message from 39: wave#1#16#4
[info] after round 1 : parent is ['1'] and leader id is 16
[info] send message to 1: wave#1#16#5
[info] message from 39: exit
[info] send message to 1: exit
