[info] Hello from node12
[info] I'm connected to nodes ['11', '12', '13']
[info] I have edges [('12', '11'), ('12', '12'), ('12', '13')]
[info] -- round 0 started!
[info] -- new id 40 selected!
[info] send message to 11: wave#0#40#0
[info] send message to 12: wave#0#40#0
[info] send message to 13: wave#0#40#0
[info] message from 13: wave#0#19#0
[info] message from 13: wave#0#32#0
[info] message from 11: wave#0#5#0
[info] message from 11: wave#0#34#0
[info] message from 12: wave#0#40#0
[info] message from 13: wave#0#40#0
[info] message from 13: wave#1#16#0
[info] send message to 11: wave#1#16#0
[info] send message to 12: wave#1#16#0
[info] message from 12: wave#1#16#0
[info] message from 11: wave#1#16#16
[info] after round 1 : parent is ['13'] and leader id is 16
[info] send message to 13: wave#1#16#17
[info] message from 13: exit
[info] send message to 11: exit
