[info] Hello from node10
[info] I'm connected to nodes ['9', '10', '11']
[info] I have edges [('10', '9'), ('10', '10'), ('10', '11')]
[info] -- round 0 started!
[info] -- new id 34 selected!
[info] send message to 9: wave#0#34#0
[info] send message to 10: wave#0#34#0
[info] send message to 11: wave#0#34#0
[info] message from 11: wave#0#5#0
[info] message from 10: wave#0#34#0
[info] message from 9: wave#0#11#0
[info] message from 11: wave#0#40#0
[info] send message to 9: wave#0#40#0
[info] send message to 10: wave#0#40#0
[info] message from 10: wave#0#40#0
[info] message from 11: wave#1#16#0
[info] send message to 9: wave#1#16#0
[info] send message to 10: wave#1#16#0
[info] message from 10: wave#1#16#0
[info] message from 9: wave#1#16#14
[info] after round 1 : parent is ['11'] and leader id is 16
[info] send message to 11: wave#1#16#15
[info] message from 11: exit
[info] send message to 9: exit
