[info] Hello from node7
[info] I'm connected to nodes ['6', '7', '8']
[info] I have edges [('7', '6'), ('7', '7'), ('7', '8')]
[info] -- round 0 started!
[info] -- new id 10 selected!
[info] send message to 6: wave#0#10#0
[info] send message to 7: wave#0#10#0
[info] send message to 8: wave#0#10#0
[info] message from 7: wave#0#10#0
[info] message from 6: wave#0#4#0
[info] message from 8: wave#0#17#0
[info] send message to 6: wave#0#17#0
[info] send message to 7: wave#0#17#0
[info] message from 6: wave#0#33#0
[info] send message to 7: wave#0#33#0
[info] send message to 8: wave#0#33#0
[info] message from 7: wave#0#17#0
[info] message from 7: wave#0#33#0
[info] message from 8: wave#0#34#0
[info] send message to 6: wave#0#34#0
[info] send message to 7: wave#0#34#0
[info] message from 7: wave#0#34#0
[info] message from 8: wave#0#40#0
[info] send message to 6: wave#0#40#0
[info] send message to 7: wave#0#40#0
[info] message from 7: wave#0#40#0
[info] message from 8: wave#1#16#0
[info] send message to 6: wave#1#16#0
[info] send message to 7: wave#1#16#0
[info] message from 7: wave#1#16#0
[info] message from 6: wave#1#16#11
[info] after round 1 : parent is ['8'] and leader id is 16
[info] send message to 8: wave#1#16#12
[info] message from 8: exit
[info] send message to 6: exit
