[info] Hello from node1
[info] I'm connected to nodes ['1', '2', '40']
[info] I have edges [('1', '1'), ('1', '2'), ('1', '40')]
[info] -- round 0 started!
[info] -- new id 29 selected!
[info] send message to 1: wave#0#29#0
[info] send message to 2: wave#0#29#0
[info] send message to 40: wave#0#29#0
[info] message from 2: wave#0#28#0
[info] message from 1: wave#0#29#0
[info] message from 2: wave#0#30#0
[info] send message to 1: wave#0#30#0
[info] send message to 40: wave#0#30#0
[info] message from 1: wave#0#30#0
[info] message from 2: wave#0#33#0
[info] send message to 1: wave#0#33#0
[info] send message to 40: wave#0#33#0
[info] message from 1: wave#0#33#0
[info] message from 2: wave#0#34#0
[info] send message to 1: wave#0#34#0
[info] send message to 40: wave#0#34#0
[info] message from 1: wave#0#34#0
[info] message from 2: wave#0#40#0
[info] send message to 1: wave#0#40#0
[info] send message to 40: wave#0#40#0
[info] message from 1: wave#0#40#0
[info] message from 40: wave#0#9#0
[info] message from 2: wave#1#16#0
[info] send message to 1: wave#1#16#0
[info] send message to 40: wave#1#16#0
[info] message from 1: wave#1#16#0
[info] message from 40: wave#1#16#5
[info] after round 1 : parent is ['2'] and leader id is 16
[info] send message to 2: wave#1#16#6
[info] message from 40: exit
[info] send message to 2: exit
