[info] Hello from node24
[info] I'm connected to nodes ['23', '24', '25']
[info] I have edges [('24', '23'), ('24', '24'), ('24', '25')]
[info] -- round 0 started!
[info] -- new id 30 selected!
[info] send message to 23: wave#0#30#0
[info] send message to 24: wave#0#30#0
[info] send message to 25: wave#0#30#0
[info] message from 24: wave#0#30#0
[info] message from 23: wave#0#21#0
[info] message from 25: wave#0#40#0
[info] send message to 23: wave#0#40#0
[info] send message to 24: wave#0#40#0
[info] message from 24: wave#0#40#0
[info] message from 23: wave#0#40#2
[info] after round 0 : parent is ['25'] and leader id is 40
[info] send message to 25: wave#0#40#3
[info] message from 23: wave#0#40#3
[info] after round 0 : parent is ['25'] and leader id is 40
[info] send message to 25: wave#0#40#6
[info] message from 23: wave#0#40#4
[info] after round 0 : parent is ['25'] and leader id is 40
[info] send message to 25: wave#0#40#10
[info] message from 23: wave#1#16#0
[info] send message to 24: wave#1#16#0
[info] send message to 25: wave#1#16#0
[info] message from 24: wave#1#16#0
[info] message from 25: wave#1#16#11
[info] after round 1 : parent is ['23'] and leader id is 16
[info] send message to 23: wave#1#16#12
[info] message from 23: exit
[info] send message to 25: exit
