[info] Hello from node24
[info] I'm connected to nodes ['1', '2', '3', '4', '5', '6', '7', '8', '9', '10', '11', '12', '13', '14', '15', '16', '17', '18', '19', '20', '21', '22', '23', '24', '25']
[info] I have edges [('24', '1'), ('24', '2'), ('24', '3'), ('24', '4'), ('24', '5'), ('24', '6'), ('24', '7'), ('24', '8'), ('24', '9'), ('24', '10'), ('24', '11'), ('24', '12'), ('24', '13'), ('24', '14'), ('24', '15'), ('24', '16'), ('24', '17'), ('24', '18'), ('24', '19'), ('24', '20'), ('24', '21'), ('24', '22'), ('24', '23'), ('24', '24'), ('24', '25')]
[info] -- round 0 started!
[info] -- new id 20 selected!
[info] send message to 1: wave#0#20#0
[info] send message to 2: wave#0#20#0
[info] send message to 3: wave#0#20#0
[info] send message to 4: wave#0#20#0
[info] send message to 5: wave#0#20#0
[info] send message to 6: wave#0#20#0
[info] send message to 7: wave#0#20#0
[info] send message to 8: wave#0#20#0
[info] send message to 9: wave#0#20#0
[info] send message to 10: wave#0#20#0
[info] send message to 11: wave#0#20#0
[info] send message to 12: wave#0#20#0
[info] send message to 13: wave#0#20#0
[info] send message to 14: wave#0#20#0
[info] send message to 15: wave#0#20#0
[info] send message to 16: wave#0#20#0
[info] send message to 17: wave#0#20#0
[info] send message to 18: wave#0#20#0
[info] send message to 19: wave#0#20#0
[info] send message to 20: wave#0#20#0
[info] send message to 21: wave#0#20#0
[info] send message to 22: wave#0#20#0
[info] send message to 23: wave#0#20#0
[info] send message to 24: wave#0#20#0
[info] send message to 25: wave#0#20#0
[info] message from 21: wave#0#24#0
[info] send message to 1: wave#0#24#0
[info] send message to 2: wave#0#24#0
[info] send message to 3: wave#0#24#0
[info] send message to 4: wave#0#24#0
[info] send message to 5: wave#0#24#0
[info] send message to 6: wave#0#24#0
[info] send message to 7: wave#0#24#0
[info] send message to 8: wave#0#24#0
[info] send message to 9: wave#0#24#0
[info] send message to 10: wave#0#24#0
[info] send message to 11: wave#0#24#0
[info] send message to 12: wave#0#24#0
[info] send message to 13: wave#0#24#0
[info] send message to 14: wave#0#24#0
[info] send message to 15: wave#0#24#0
[info] send message to 16: wave#0#24#0
[info] send message to 17: wave#0#24#0
[info] send message to 18: wave#0#24#0
[info] send message to 19: wave#0#24#0
[info] send message to 20: wave#0#24#0
[info] send message to 22: wave#0#24#0
[info] send message to 23: wave#0#24#0
[info] send message to 24: wave#0#24#0
[info] send message to 25: wave#0#24#0
[info] message from 2: wave#0#23#0
[info] message from 15: wave#0#8#0
[info] message from 4: wave#0#6#0
[info] message from 1: wave#0#13#0
[info] message from 3: wave#0#8#0
[info] message from 2: wave#0#24#0
[info] message from 22: wave#0#16#0
[info] message from 11: wave#0#21#0
[info] message from 6: wave#0#1#0
[info] message from 12: wave#0#19#0
[info] message from 14: wave#0#17#0
[info] message from 8: wave#0#9#0
[info] message from 5: wave#0#23#0
[info] message from 19: wave#0#4#0
[info] message from 10: wave#0#23#0
[info] message from 20: wave#0#15#0
[info] message from 7: wave#0#15#0
[info] message from 16: wave#0#15#0
[info] message from 9: wave#0#13#0
[info] message from 18: wave#0#7#0
[info] message from 13: wave#0#12#0
[info] message from 17: wave#0#23#0
[info] message from 15: wave#0#24#0
[info] message from 24: wave#0#20#0
[info] message from 4: wave#0#24#0
[info] message from 1: wave#0#24#0
[info] message from 23: wave#0#9#0
[info] message from 25: wave#0#23#0
[info] message from 3: wave#0#24#0
[info] message from 22: wave#0#24#0
[info] message from 11: wave#0#24#0
[info] message from 8: wave#0#24#0
[info] message from 6: wave#0#24#0
[info] message from 14: wave#0#24#0
[info] message from 5: wave#0#24#0
[info] message from 12: wave#0#24#0
[info] message from 20: wave#0#24#0
[info] message from 10: wave#0#24#0
[info] message from 7: wave#0#24#0
[info] message from 19: wave#0#24#0
[info] message from 16: wave#0#24#0
[info] message from 13: wave#0#24#0
[info] message from 18: wave#0#24#0
[info] message from 9: wave#0#24#0
[info] message from 17: wave#0#24#0
[info] message from 24: wave#0#24#0
[info] message from 25: wave#0#24#0
[info] message from 23: wave#0#24#0
[info] after round 0 : parent is ['21'] and leader id is 24
[info] send message to 21: wave#0#24#1
[info] message from 1: exit
[info] send message to 2: exit
[info] send message to 3: exit
[info] send message to 4: exit
[info] send message to 5: exit
[info] send message to 6: exit
[info] send message to 7: exit
[info] send message to 8: exit
[info] send message to 9: exit
[info] send message to 10: exit
[info] send message to 11: exit
[info] send message to 12: exit
[info] send message to 13: exit
[info] send message to 14: exit
[info] send message to 15: exit
[info] send message to 16: exit
[info] send message to 17: exit
[info] send message to 18: exit
[info] send message to 19: exit
[info] send message to 20: exit
[info] send message to 21: exit
[info] send message to 22: exit
[info] send message to 23: exit
[info] send message to 25: exit
