[info] Hello from node26
[info] I'm connected to nodes ['1', '2', '3', '4', '5', '6', '7', '8', '9', '10', '11', '12', '13', '14', '15', '16', '17', '18', '19', '20', '21', '22', '23', '24', '25', '26', '27', '28', '29', '30', '31', '32', '33', '34', '35']
[info] I have edges [('26', '1'), ('26', '2'), ('26', '3'), ('26', '4'), ('26', '5'), ('26', '6'), ('26', '7'), ('26', '8'), ('26', '9'), ('26', '10'), ('26', '11'), ('26', '12'), ('26', '13'), ('26', '14'), ('26', '15'), ('26', '16'), ('26', '17'), ('26', '18'), ('26', '19'), ('26', '20'), ('26', '21'), ('26', '22'), ('26', '23'), ('26', '24'), ('26', '25'), ('26', '26'), ('26', '27'), ('26', '28'), ('26', '29'), ('26', '30'), ('26', '31'), ('26', '32'), ('26', '33'), ('26', '34'), ('26', '35')]
[info] -- round 0 started!
[info] -- new id 19 selected!
[info] send message to 1: wave#0#19#0
[info] send message to 2: wave#0#19#0
[info] send message to 3: wave#0#19#0
[info] send message to 4: wave#0#19#0
[info] send message to 5: wave#0#19#0
[info] send message to 6: wave#0#19#0
[info] send message to 7: wave#0#19#0
[info] send message to 8: wave#0#19#0
[info] send message to 9: wave#0#19#0
[info] send message to 10: wave#0#19#0
[info] send message to 11: wave#0#19#0
[info] send message to 12: wave#0#19#0
[info] send message to 13: wave#0#19#0
[info] send message to 14: wave#0#19#0
[info] send message to 15: wave#0#19#0
[info] send message to 16: wave#0#19#0
[info] send message to 17: wave#0#19#0
[info] send message to 18: wave#0#19#0
[info] send message to 19: wave#0#19#0
[info] send message to 20: wave#0#19#0
[info] send message to 21: wave#0#19#0
[info] send message to 22: wave#0#19#0
[info] send message to 23: wave#0#19#0
[info] send message to 24: wave#0#19#0
[info] send message to 25: wave#0#19#0
[info] send message to 26: wave#0#19#0
[info] send message to 27: wave#0#19#0
[info] send message to 28: wave#0#19#0
[info] send message to 29: wave#0#19#0
[info] send message to 30: wave#0#19#0
[info] send message to 31: wave#0#19#0
[info] send message to 32: wave#0#19#0
[info] send message to 33: wave#0#19#0
[info] send message to 34: wave#0#19#0
[info] send message to 35: wave#0#19#0
[info] message from 15: wave#0#30#0
[info] send message to 1: wave#0#30#0
[info] send message to 2: wave#0#30#0
[info] send message to 3: wave#0#30#0
[info] send message to 4: wave#0#30#0
[info] send message to 5: wave#0#30#0
[info] send message to 6: wave#0#30#0
[info] send message to 7: wave#0#30#0
[info] send message to 8: wave#0#30#0
[info] send message to 9: wave#0#30#0
[info] send message to 10: wave#0#30#0
[info] send message to 11: wave#0#30#0
[info] send message to 12: wave#0#30#0
[info] send message to 13: wave#0#30#0
[info] send message to 14: wave#0#30#0
[info] send message to 16: wave#0#30#0
[info] send message to 17: wave#0#30#0
[info] send message to 18: wave#0#30#0
[info] send message to 19: wave#0#30#0
[info] send message to 20: wave#0#30#0
[info] send message to 21: wave#0#30#0
[info] send message to 22: wave#0#30#0
[info] send message to 23: wave#0#30#0
[info] send message to 24: wave#0#30#0
[info] send message to 25: wave#0#30#0
[info] send message to 26: wave#0#30#0
[info] send message to 27: wave#0#30#0
[info] send message to 28: wave#0#30#0
[info] send message to 29: wave#0#30#0
[info] send message to 30: wave#0#30#0
[info] send message to 31: wave#0#30#0
[info] send message to 32: wave#0#30#0
[info] send message to 33: wave#0#30#0
[info] send message to 34: wave#0#30#0
[info] send message to 35: wave#0#30#0
[info] message from 1: wave#0#2#0
[info] message from 18: wave#0#29#0
[info] message from 11: wave#0#23#0
[info] message from 13: wave#0#4#0
[info] message from 3: wave#0#24#0
[info] message from 24: wave#0#27#0
[info] message from 19: wave#0#20#0
[info] message from 26: wave#0#19#0
[info] message from 20: wave#0#2#0
[info] message from 2: wave#0#12#0
[info] message from 14: wave#0#34#0
[info] send message to 1: wave#0#34#0
[info] send message to 2: wave#0#34#0
[info] send message to 3: wave#0#34#0
[info] send message to 4: wave#0#34#0
[info] send message to 5: wave#0#34#0
[info] send message to 6: wave#0#34#0
[info] send message to 7: wave#0#34#0
[info] send message to 8: wave#0#34#0
[info] send message to 9: wave#0#34#0
[info] send message to 10: wave#0#34#0
[info] send message to 11: wave#0#34#0
[info] send message to 12: wave#0#34#0
[info] send message to 13: wave#0#34#0
[info] send message to 15: wave#0#34#0
[info] send message to 16: wave#0#34#0
[info] send message to 17: wave#0#34#0
[info] send message to 18: wave#0#34#0
[info] send message to 19: wave#0#34#0
[info] send message to 20: wave#0#34#0
[info] send message to 21: wave#0#34#0
[info] send message to 22: wave#0#34#0
[info] send message to 23: wave#0#34#0
[info] send message to 24: wave#0#34#0
[info] send message to 25: wave#0#34#0
[info] send message to 26: wave#0#34#0
[info] send message to 27: wave#0#34#0
[info] send message to 28: wave#0#34#0
[info] send message to 29: wave#0#34#0
[info] send message to 30: wave#0#34#0
[info] send message to 31: wave#0#34#0
[info] send message to 32: wave#0#34#0
[info] send message to 33: wave#0#34#0
[info] send message to 34: wave#0#34#0
[info] send message to 35: wave#0#34#0
[info] message from 33: wave#0#16#0
[info] message from 8: wave#0#1#0
[info] message from 16: wave#0#20#0
[info] message from 4: wave#0#31#0
[info] message from 9: wave#0#30#0
[info] message from 6: wave#0#30#0
[info] message from 5: wave#0#15#0
[info] message from 34: wave#0#16#0
[info] message from 17: wave#0#29#0
[info] message from 15: wave#0#34#0
[info] message from 12: wave#0#3#0
[info] message from 28: wave#0#9#0
[info] message from 7: wave#0#34#0
[info] message from 10: wave#0#19#0
[info] message from 22: wave#0#18#0
[info] message from 31: wave#0#25#0
[info] message from 1: wave#0#30#0
[info] message from 21: wave#0#15#0
[info] message from 27: wave#0#5#0
[info] message from 25: wave#0#5#0
[info] message from 23: wave#0#7#0
[info] message from 32: wave#0#8#0
[info] message from 29: wave#0#27#0
[info] message from 30: wave#0#8#0
[info] message from 35: wave#0#27#0
[info] message from 18: wave#0#30#0
[info] message from 3: wave#0#30#0
[info] message from 13: wave#0#30#0
[info] message from 24: wave#0#30#0
[info] message from 11: wave#0#30#0
[info] message from 19: wave#0#30#0
[info] message from 2: wave#0#30#0
[info] message from 26: wave#0#30#0
[info] message from 20: wave#0#30#0
[info] message from 8: wave#0#30#0
[info] message from 33: wave#0#30#0
[info] message from 16: wave#0#30#0
[info] message from 9: wave#0#34#0
[info] message from 4: wave#0#34#0
[info] message from 34: wave#0#30#0
[info] message from 5: wave#0#30#0
[info] message from 6: wave#0#34#0
[info] message from 28: wave#0#30#0
[info] message from 12: wave#0#30#0
[info] message from 17: wave#0#30#0
[info] message from 10: wave#0#30#0
[info] message from 1: wave#0#34#0
[info] message from 22: wave#0#30#0
[info] message from 31: wave#0#30#0
[info] message from 27: wave#0#30#0
[info] message from 21: wave#0#30#0
[info] message from 32: wave#0#30#0
[info] message from 25: wave#0#30#0
[info] message from 23: wave#0#30#0
[info] message from 29: wave#0#30#0
[info] message from 3: wave#0#34#0
[info] message from 30: wave#0#30#0
[info] message from 35: wave#0#30#0
[info] message from 18: wave#0#34#0
[info] message from 24: wave#0#34#0
[info] message from 11: wave#0#34#0
[info] message from 13: wave#0#34#0
[info] message from 2: wave#0#34#0
[info] message from 20: wave#0#34#0
[info] message from 26: wave#0#34#0
[info] message from 19: wave#0#34#0
[info] message from 8: wave#0#34#0
[info] message from 33: wave#0#34#0
[info] message from 16: wave#0#34#0
[info] message from 34: wave#0#34#0
[info] message from 17: wave#0#34#0
[info] message from 10: wave#0#34#0
[info] message from 28: wave#0#34#0
[info] message from 5: wave#0#34#0
[info] message from 12: wave#0#34#0
[info] message from 22: wave#0#34#0
[info] message from 31: wave#0#34#0
[info] message from 27: wave#0#34#0
[info] message from 25: wave#0#34#0
[info] message from 32: wave#0#34#0
[info] message from 21: wave#0#34#0
[info] message from 23: wave#0#34#0
[info] message from 30: wave#0#34#0
[info] message from 35: wave#0#34#0
[info] message from 29: wave#0#34#0
[info] after round 0 : parent is ['14'] and leader id is 34
[info] send message to 14: wave#0#34#1
[info] message from 7: wave#1#25#0
[info] send message to 1: wave#1#25#0
[info] send message to 2: wave#1#25#0
[info] send message to 3: wave#1#25#0
[info] send message to 4: wave#1#25#0
[info] send message to 5: wave#1#25#0
[info] send message to 6: wave#1#25#0
[info] send message to 8: wave#1#25#0
[info] send message to 9: wave#1#25#0
[info] send message to 10: wave#1#25#0
[info] send message to 11: wave#1#25#0
[info] send message to 12: wave#1#25#0
[info] send message to 13: wave#1#25#0
[info] send message to 14: wave#1#25#0
[info] send message to 15: wave#1#25#0
[info] send message to 16: wave#1#25#0
[info] send message to 17: wave#1#25#0
[info] send message to 18: wave#1#25#0
[info] send message to 19: wave#1#25#0
[info] send message to 20: wave#1#25#0
[info] send message to 21: wave#1#25#0
[info] send message to 22: wave#1#25#0
[info] send message to 23: wave#1#25#0
[info] send message to 24: wave#1#25#0
[info] send message to 25: wave#1#25#0
[info] send message to 26: wave#1#25#0
[info] send message to 27: wave#1#25#0
[info] send message to 28: wave#1#25#0
[info] send message to 29: wave#1#25#0
[info] send message to 30: wave#1#25#0
[info] send message to 31: wave#1#25#0
[info] send message to 32: wave#1#25#0
[info] send message to 33: wave#1#25#0
[info] send message to 34: wave#1#25#0
[info] send message to 35: wave#1#25#0
[info] message from 1: wave#1#25#0
[info] message from 2: wave#1#25#0
[info] message from 3: wave#1#25#0
[info] message from 6: wave#1#25#0
[info] message from 4: wave#1#25#0
[info] message from 8: wave#1#25#0
[info] message from 9: wave#1#25#0
[info] message from 13: wave#1#25#0
[info] message from 11: wave#1#25#0
[info] message from 14: wave#1#25#0
[info] message from 15: wave#1#25#0
[info] message from 16: wave#1#25#0
[info] message from 10: wave#1#25#0
[info] message from 17: wave#1#25#0
[info] message from 5: wave#1#25#0
[info] message from 20: wave#1#25#0
[info] message from 18: wave#1#25#0
[info] message from 12: wave#1#25#0
[info] message from 19: wave#1#25#0
[info] message from 22: wave#1#25#0
[info] message from 24: wave#1#25#0
[info] message from 25: wave#1#25#0
[info] message from 26: wave#1#25#0
[info] message from 27: wave#1#25#0
[info] message from 28: wave#1#25#0
[info] message from 32: wave#1#25#0
[info] message from 33: wave#1#25#0
[info] message from 30: wave#1#25#0
[info] message from 21: wave#1#25#0
[info] message from 31: wave#1#25#0
[info] message from 34: wave#1#25#0
[info] message from 35: wave#1#25#0
[info] message from 23: wave#1#25#0
[info] message from 29: wave#1#25#0
[info] after round 1 : parent is ['7'] and leader id is 25
[info] send message to 7: wave#1#25#1
[info] message from 7: exit
[info] send message to 1: exit
[info] send message to 2: exit
[info] send message to 3: exit
[info] send message to 4: exit
[info] send message to 5: exit
[info] send message to 6: exit
[info] send message to 8: exit
[info] send message to 9: exit
[info] send message to 10: exit
[info] send message to 11: exit
[info] send message to 12: exit
[info] send message to 13: exit
[info] send message to 14: exit
[info] send message to 15: exit
[info] send message to 16: exit
[info] send message to 17: exit
[info] send message to 18: exit
[info] send message to 19: exit
[info] send message to 20: exit
[info] send message to 21: exit
[info] send message to 22: exit
[info] send message to 23: exit
[info] send message to 24: exit
[info] send message to 25: exit
[info] send message to 27: exit
[info] send message to 28: exit
[info] send message to 29: exit
[info] send message to 30: exit
[info] send message to 31: exit
[info] send message to 32: exit
[info] send message to 33: exit
[info] send message to 34: exit
[info] send message to 35: exit
