[info] Hello from node11
[info] I'm connected to nodes ['10', '11', '12']
[info] I have edges [('11', '10'), ('11', '11'), ('11', '12')]
[info] -- round 0 started!
[info] -- new id 14 selected!
[info] send message to 10: wave#0#14#0
[info] send message to 11: wave#0#14#0
[info] send message to 12: wave#0#14#0
[info] message from 10: wave#0#2#0
[info] message from 10: wave#0#14#0
[info] message from 11: wave#0#14#0
[info] message from 12: wave#0#13#0
[info] message from 12: wave#0#14#2
[info] after round 0 : parent is [] and leader id is 14
[info] -- round 1 started!
[info] -- new id 13 selected!
[info] send message to 10: wave#1#13#0
[info] send message to 11: wave#1#13#0
[info] send message to 12: wave#1#13#0
[info] message from 11: wave#1#13#0
[info] message from 12: wave#1#13#3
[info] message from 10: wave#1#13#11
[info] after round 1 : parent is [] and leader id is 13
[info] send message to 10: exit
[info] send message to 12: exit
