[info] Hello from node14
[info] I'm connected to nodes ['13', '14', '15']
[info] I have edges [('14', '13'), ('14', '14'), ('14', '15')]
[info] -- round 0 started!
[info] -- new id 13 selected!
[info] send message to 13: wave#0#13#0
[info] send message to 14: wave#0#13#0
[info] send message to 15: wave#0#13#0
[info] message from 14: wave#0#13#0
[info] message from 15: wave#0#11#0
[info] message from 13: wave#0#9#0
[info] message from 13: wave#0#13#1
[info] message from 13: wave#0#13#1
[info] message from 15: wave#0#14#0
[info] send message to 13: wave#0#14#0
[info] send message to 14: wave#0#14#0
[info] message from 14: wave#0#14#0
[info] message from 13: wave#0#14#0
[info] after round 0 : parent is ['15'] and leader id is 14
[info] send message to 15: wave#0#14#1
[info] message from 13: wave#1#13#0
[info] send message to 14: wave#1#13#0
[info] send message to 15: wave#1#13#0
[info] message from 14: wave#1#13#0
[info] message from 15: wave#1#13#0
[info] after round 1 : parent is ['13'] and leader id is 13
[info] send message to 13: wave#1#13#1
[info] message from 13: exit
[info] send message to 15: exit
