[info] Hello from node3
[info] I'm connected to nodes ['2', '3', '4']
[info] I have edges [('3', '2'), ('3', '3'), ('3', '4')]
[info] -- round 0 started!
[info] -- new id 8 selected!
[info] send message to 2: wave#0#8#0
[info] send message to 3: wave#0#8#0
[info] send message to 4: wave#0#8#0
[info] message from 2: wave#0#2#0
[info] message from 4: wave#0#9#0
[info] send message to 2: wave#0#9#0
[info] send message to 3: wave#0#9#0
[info] message from 2: wave#0#7#0
[info] message from 3: wave#0#8#0
[info] message from 3: wave#0#9#0
[info] message from 4: wave#0#11#0
[info] send message to 2: wave#0#11#0
[info] send message to 3: wave#0#11#0
[info] message from 3: wave#0#11#0
[info] message from 4: wave#0#14#0
[info] send message to 2: wave#0#14#0
[info] send message to 3: wave#0#14#0
[info] message from 2: wave#0#11#1
[info] message from 3: wave#0#14#0
[info] message from 2: wave#0#14#4
[info] after round 0 : parent is ['4'] and leader id is 14
[info] send message to 4: wave#0#14#5
[info] message from 4: wave#1#13#0
[info] send message to 2: wave#1#13#0
[info] send message to 3: wave#1#13#0
[info] message from 3: wave#1#13#0
[info] message from 2: wave#1#13#3
[info] after round 1 : parent is ['4'] and leader id is 13
[info] send message to 4: wave#1#13#4
[info] message from 2: exit
[info] send message to 4: exit
