[info] Hello from node6
[info] I'm connected to nodes ['5', '6', '7']
[info] I have edges [('6', '5'), ('6', '6'), ('6', '7')]
[info] -- round 0 started!
[info] -- new id 21 selected!
[info] send message to 5: wave#0#21#0
[info] send message to 6: wave#0#21#0
[info] send message to 7: wave#0#21#0
[info] message from 7: wave#0#2#0
[info] message from 6: wave#0#21#0
[info] message from 5: wave#0#6#0
[info] message from 5: wave#0#22#0
[info] send message to 6: wave#0#22#0
[info] send message to 7: wave#0#22#0
[info] message from 6: wave#0#22#0
[info] message from 7: wave#0#23#0
[info] send message to 5: wave#0#23#0
[info] send message to 6: wave#0#23#0
[info] message from 6: wave#0#23#0
[info] message from 5: wave#0#23#6
[info] after round 0 : parent is ['7'] and leader id is 23
[info] send message to 7: wave#0#23#7
[info] message from 7: exit
[info] send message to 5: exit
