[info] Hello from node16
[info] I'm connected to nodes ['15', '16', '17']
[info] I have edges [('16', '15'), ('16', '16'), ('16', '17')]
[info] -- round 0 started!
[info] -- new id 15 selected!
[info] send message to 15: wave#0#15#0
[info] send message to 16: wave#0#15#0
[info] send message to 17: wave#0#15#0
[info] message from 16: wave#0#15#0
[info] message from 15: wave#0#5#0
[info] message from 17: wave#0#23#0
[info] send message to 15: wave#0#23#0
[info] send message to 16: wave#0#23#0
[info] message from 15: wave#0#16#0
[info] message from 16: wave#0#23#0
[info] message from 15: wave#0#23#16
[info] after round 0 : parent is ['17'] and leader id is 23
[info] send message to 17: wave#0#23#17
[info] message from 17: exit
[info] send message to 15: exit
