[info] Hello from node8
[info] I'm connected to nodes ['7', '8', '9']
[info] I have edges [('8', '7'), ('8', '8'), ('8', '9')]
[info] -- round 0 started!
[info] -- new id 3 selected!
[info] send message to 7: wave#0#3#0
[info] send message to 8: wave#0#3#0
[info] send message to 9: wave#0#3#0
[info] message from 7: wave#0#2#0
[info] message from 7: wave#0#21#0
[info] send message to 8: wave#0#21#0
[info] send message to 9: wave#0#21#0
[info] message from 8: wave#0#3#0
[info] message from 8: wave#0#21#0
[info] message from 9: wave#0#20#0
[info] message from 7: wave#0#22#0
[info] send message to 8: wave#0#22#0
[info] send message to 9: wave#0#22#0
[info] message from 8: wave#0#22#0
[info] message from 9: wave#0#23#0
[info] send message to 7: wave#0#23#0
[info] send message to 8: wave#0#23#0
[info] message from 8: wave#0#23#0
[info] message from 7: wave#0#23#8
[info] after round 0 : parent is ['9'] and leader id is 23
[info] send message to 9: wave#0#23#9
[info] message from 9: exit
[info] send message to 7: exit
