[info] Hello from node3
[info] I'm connected to nodes ['2', '3', '4']
[info] I have edges [('3', '2'), ('3', '3'), ('3', '4')]
[info] -- round 0 started!
[info] -- new id 20 selected!
[info] send message to 2: wave#0#20#0
[info] send message to 3: wave#0#20#0
[info] send message to 4: wave#0#20#0
[info] message from 3: wave#0#20#0
[info] message from 4: wave#0#7#0
[info] message from 2: wave#0#22#0
[info] send message to 3: wave#0#22#0
[info] send message to 4: wave#0#22#0
[info] message from 3: wave#0#22#0
[info] message from 4: wave#0#21#0
[info] message from 4: wave#0#23#0
[info] send message to 2: wave#0#23#0
[info] send message to 3: wave#0#23#0
[info] message from 3: wave#0#23#0
[info] message from 2: wave#0#23#3
[info] after round 0 : parent is ['4'] and leader id is 23
[info] send message to 4: wave#0#23#4
[info] message from 2: exit
[info] send message to 4: exit
