[info] Hello from node11
[info] I'm connected to nodes ['10', '11', '12']
[info] I have edges [('11', '10'), ('11', '11'), ('11', '12')]
[info] -- round 0 started!
[info] -- new id 12 selected!
[info] send message to 10: wave#0#12#0
[info] send message to 11: wave#0#12#0
[info] send message to 12: wave#0#12#0
[info] message from 11: wave#0#12#0
[info] message from 10: wave#0#6#0
[info] message from 12: wave#0#15#0
[info] send message to 10: wave#0#15#0
[info] send message to 11: wave#0#15#0
[info] message from 11: wave#0#15#0
[info] message from 10: wave#0#15#1
[info] after round 0 : parent is ['12'] and leader id is 15
[info] send message to 12: wave#0#15#2
[info] message from 12: wave#1#13#0
[info] send message to 10: wave#1#13#0
[info] send message to 11: wave#1#13#0
[info] message from 11: wave#1#13#0
[info] message from 10: wave#1#13#10
[info] after round 1 : parent is ['12'] and leader id is 13
[info] send message to 12: wave#1#13#11
[info] message from 12: exit
[info] send message to 10: exit
