[info] Hello from node4
[info] I'm connected to nodes ['3', '4', '5']
[info] I have edges [('4', '3'), ('4', '4'), ('4', '5')]
[info] -- round 0 started!
[info] -- new id 8 selected!
[info] send message to 3: wave#0#8#0
[info] send message to 4: wave#0#8#0
[info] send message to 5: wave#0#8#0
[info] message from 4: wave#0#8#0
[info] message from 3: wave#0#14#0
[info] send message to 4: wave#0#14#0
[info] send message to 5: wave#0#14#0
[info] message from 5: wave#0#11#0
[info] message from 4: wave#0#14#0
[info] message from 5: wave#0#12#0
[info] message from 5: wave#0#15#0
[info] send message to 3: wave#0#15#0
[info] send message to 4: wave#0#15#0
[info] message from 4: wave#0#15#0
[info] message from 3: wave#0#15#3
[info] after round 0 : parent is ['5'] and leader id is 15
[info] send message to 5: wave#0#15#4
[info] message from 5: wave#1#13#0
[info] send message to 3: wave#1#13#0
[info] send message to 4: wave#1#13#0
[info] message from 4: wave#1#13#0
[info] message from 3: wave#1#13#3
[info] after round 1 : parent is ['5'] and leader id is 13
[info] send message to 5: wave#1#13#4
[info] message from 5: exit
[info] send message to 3: exit
