[info] Hello from node1
[info] I'm connected to nodes ['1', '2']
[info] I have edges [('1', '1'), ('1', '2')]
[info] -- round 0 started!
[info] -- new id 2 selected!
[info] send message to 1: wave#0#2#0
[info] send message to 2: wave#0#2#0
[info] message from 1: wave#0#2#0
[info] message from 2: wave#0#9#0
[info] send message to 1: wave#0#9#0
[info] message from 1: wave#0#9#0
[info] after round 0 : parent is ['2'] and leader id is 9
[info] send message to 2: wave#0#9#1
[info] message from 2: wave#0#14#0
[info] send message to 1: wave#0#14#0
[info] message from 1: wave#0#14#0
[info] after round 0 : parent is ['2'] and leader id is 14
[info] send message to 2: wave#0#14#1
[info] message from 2: wave#0#15#0
[info] send message to 1: wave#0#15#0
[info] message from 1: wave#0#15#0
[info] after round 0 : parent is ['2'] and leader id is 15
[info] send message to 2: wave#0#15#1
[info] message from 2: wave#1#13#0
[info] send message to 1: wave#1#13#0
[info] message from 1: wave#1#13#0
[info] after round 1 : parent is ['2'] and leader id is 13
[info] send message to 2: wave#1#13#1
[info] message from 2: exit
