[info] Hello from node8
[info] I'm connected to nodes ['7', '8', '9']
[info] I have edges [('8', '7'), ('8', '8'), ('8', '9')]
[info] -- round 0 started!
[info] -- new id 22 selected!
[info] send message to 7: wave#0#22#0
[info] send message to 8: wave#0#22#0
[info] send message to 9: wave#0#22#0
[info] message from 7: wave#0#5#0
[info] message from 9: wave#0#7#0
[info] message from 8: wave#0#22#0
[info] message from 7: wave#0#23#0
[info] send message to 8: wave#0#23#0
[info] send message to 9: wave#0#23#0
[info] message from 9: wave#0#8#0
[info] message from 8: wave#0#23#0
[info] message from 7: wave#0#30#0
[info] send message to 8: wave#0#30#0
[info] send message to 9: wave#0#30#0
[info] message from 9: wave#0#33#0
[info] send message to 7: wave#0#33#0
[info] send message to 8: wave#0#33#0
[info] message from 8: wave#0#30#0
[info] message from 7: wave#0#34#0
[info] send message to 8: wave#0#34#0
[info] send message to 9: wave#0#34#0
[info] message from 8: wave#0#33#0
[info] message from 8: wave#0#34#0
[info] message from 9: wave#0#34#15
[info] after round 0 : parent is ['7'] and leader id is 34
[info] send message to 7: wave#0#34#16
[info] message from 7: wave#1#33#0
[info] send message to 8: wave#1#33#0
[info] send message to 9: wave#1#33#0
[info] message from 8: wave#1#33#0
[info] message from 9: wave#1#33#4
[info] after round 1 : parent is ['7'] and leader id is 33
[info] send message to 7: wave#1#33#5
[info] message from 7: exit
[info] send message to 9: exit
