[info] Hello from node32
[info] I'm connected to nodes ['31', '32', '33']
[info] I have edges [('32', '31'), ('32', '32'), ('32', '33')]
[info] -- round 0 started!
[info] -- new id 28 selected!
[info] send message to 31: wave#0#28#0
[info] send message to 32: wave#0#28#0
[info] send message to 33: wave#0#28#0
[info] message from 33: wave#0#4#0
[info] message from 32: wave#0#28#0
[info] message from 31: wave#0#19#0
[info] message from 33: wave#0#32#0
[info] send message to 31: wave#0#32#0
[info] send message to 32: wave#0#32#0
[info] message from 32: wave#0#32#0
[info] message from 33: wave#0#34#0
[info] send message to 31: wave#0#34#0
[info] send message to 32: wave#0#34#0
[info] message from 32: wave#0#34#0
[info] message from 31: wave#0#34#8
[info] after round 0 : parent is ['33'] and leader id is 34
[info] send message to 33: wave#0#34#9
[info] message from 31: wave#0#34#36
[info] after round 0 : parent is ['33'] and leader id is 34
[info] send message to 33: wave#0#34#45
[info] message from 33: wave#1#33#0
[info] send message to 31: wave#1#33#0
[info] send message to 32: wave#1#33#0
[info] message from 32: wave#1#33#0
[info] message from 31: wave#1#33#19
[info] after round 1 : parent is ['33'] and leader id is 33
[info] send message to 33: wave#1#33#20
[info] message from 33: exit
[info] send message to 31: exit
