[info] Hello from node1
[info] I'm connected to nodes ['1', '2', '35']
[info] I have edges [('1', '1'), ('1', '2'), ('1', '35')]
[info] -- round 0 started!
[info] -- new id 34 selected!
[info] send message to 1: wave#0#34#0
[info] send message to 2: wave#0#34#0
[info] send message to 35: wave#0#34#0
[info] message from 2: wave#0#19#0
[info] message from 1: wave#0#34#0
[info] message from 35: wave#0#19#0
[info] message from 35: wave#0#34#12
[info] message from 35: wave#0#34#78
[info] message from 2: wave#0#34#22
[info] after round 0 : parent is [] and leader id is 34
[info] -- round 1 started!
[info] -- new id 33 selected!
[info] send message to 1: wave#1#33#0
[info] send message to 2: wave#1#33#0
[info] send message to 35: wave#1#33#0
[info] message from 1: wave#1#33#0
[info] message from 2: wave#1#33#11
[info] message from 35: wave#1#33#23
[info] after round 1 : parent is [] and leader id is 33
[info] send message to 2: exit
[info] send message to 35: exit
