[info] Hello from node7
[info] I'm connected to nodes ['6', '7', '8']
[info] I have edges [('7', '6'), ('7', '7'), ('7', '8')]
[info] -- round 0 started!
[info] -- new id 5 selected!
[info] send message to 6: wave#0#5#0
[info] send message to 7: wave#0#5#0
[info] send message to 8: wave#0#5#0
[info] message from 7: wave#0#5#0
[info] message from 8: wave#0#22#0
[info] send message to 6: wave#0#22#0
[info] send message to 7: wave#0#22#0
[info] message from 7: wave#0#22#0
[info] message from 6: wave#0#23#0
[info] send message to 7: wave#0#23#0
[info] send message to 8: wave#0#23#0
[info] message from 7: wave#0#23#0
[info] message from 6: wave#0#30#0
[info] send message to 7: wave#0#30#0
[info] send message to 8: wave#0#30#0
[info] message from 7: wave#0#30#0
[info] message from 6: wave#0#34#0
[info] send message to 7: wave#0#34#0
[info] send message to 8: wave#0#34#0
[info] message from 7: wave#0#34#0
[info] message from 8: wave#0#33#0
[info] message from 8: wave#0#34#16
[info] after round 0 : parent is ['6'] and leader id is 34
[info] send message to 6: wave#0#34#17
[info] message from 6: wave#1#33#0
[info] send message to 7: wave#1#33#0
[info] send message to 8: wave#1#33#0
[info] message from 7: wave#1#33#0
[info] message from 8: wave#1#33#5
[info] after round 1 : parent is ['6'] and leader id is 33
[info] send message to 6: wave#1#33#6
[info] message from 6: exit
[info] send message to 8: exit
