[info] Hello from node13
[info] I'm connected to nodes ['12', '13', '14']
[info] I have edges [('13', '12'), ('13', '13'), ('13', '14')]
[info] -- round 0 started!
[info] -- new id 33 selected!
[info] send message to 12: wave#0#33#0
[info] send message to 13: wave#0#33#0
[info] send message to 14: wave#0#33#0
[info] message from 12: wave#0#12#0
[info] message from 14: wave#0#16#0
[info] message from 12: wave#0#33#0
[info] message from 13: wave#0#33#0
[info] message from 12: wave#0#34#0
[info] send message to 13: wave#0#34#0
[info] send message to 14: wave#0#34#0
[info] message from 13: wave#0#34#0
[info] message from 14: wave#0#34#10
[info] after round 0 : parent is ['12'] and leader id is 34
[info] send message to 12: wave#0#34#11
[info] message from 14: wave#1#33#0
[info] send message to 12: wave#1#33#0
[info] send message to 13: wave#1#33#0
[info] message from 13: wave#1#33#0
[info] message from 12: wave#1#33#0
[info] after round 1 : parent is ['14'] and leader id is 33
[info] send message to 14: wave#1#33#1
[info] message from 12: exit
[info] send message to 14: exit
