[info] Hello from node16
[info] I'm connected to nodes ['15', '16', '17']
[info] I have edges [('16', '15'), ('16', '16'), ('16', '17')]
[info] -- round 0 started!
[info] -- new id 8 selected!
[info] send message to 15: wave#0#8#0
[info] send message to 16: wave#0#8#0
[info] send message to 17: wave#0#8#0
[info] message from 16: wave#0#8#0
[info] message from 15: wave#0#11#0
[info] send message to 16: wave#0#11#0
[info] send message to 17: wave#0#11#0
[info] message from 16: wave#0#11#0
[info] message from 17: wave#0#28#0
[info] send message to 15: wave#0#28#0
[info] send message to 16: wave#0#28#0
[info] message from 15: wave#0#16#0
[info] message from 16: wave#0#28#0
[info] message from 17: wave#0#30#0
[info] send message to 15: wave#0#30#0
[info] send message to 16: wave#0#30#0
[info] message from 15: wave#0#33#0
[info] send message to 16: wave#0#33#0
[info] send message to 17: wave#0#33#0
[info] message from 16: wave#0#30#0
[info] message from 16: wave#0#33#0
[info] message from 15: wave#0#34#0
[info] send message to 16: wave#0#34#0
[info] send message to 17: wave#0#34#0
[info] message from 16: wave#0#34#0
[info] message from 17: wave#0#34#7
[info] after round 0 : parent is ['15'] and leader id is 34
[info] send message to 15: wave#0#34#8
[info] message from 17: wave#1#33#0
[info] send message to 15: wave#1#33#0
[info] send message to 16: wave#1#33#0
[info] message from 16: wave#1#33#0
[info] message from 15: wave#1#33#3
[info] after round 1 : parent is ['17'] and leader id is 33
[info] send message to 17: wave#1#33#4
[info] message from 15: exit
[info] send message to 17: exit
