[info] Hello from node26
[info] I'm connected to nodes ['25', '26', '27']
[info] I have edges [('26', '25'), ('26', '26'), ('26', '27')]
[info] -- round 0 started!
[info] -- new id 15 selected!
[info] send message to 25: wave#0#15#0
[info] send message to 26: wave#0#15#0
[info] send message to 27: wave#0#15#0
[info] message from 27: wave#0#31#0
[info] send message to 25: wave#0#31#0
[info] send message to 26: wave#0#31#0
[info] message from 26: wave#0#15#0
[info] message from 25: wave#0#29#0
[info] message from 26: wave#0#31#0
[info] message from 25: wave#0#30#0
[info] message from 27: wave#0#32#0
[info] send message to 25: wave#0#32#0
[info] send message to 26: wave#0#32#0
[info] message from 26: wave#0#32#0
[info] message from 27: wave#0#34#0
[info] send message to 25: wave#0#34#0
[info] send message to 26: wave#0#34#0
[info] message from 26: wave#0#34#0
[info] message from 25: wave#0#34#2
[info] after round 0 : parent is ['27'] and leader id is 34
[info] send message to 27: wave#0#34#3
[info] message from 25: wave#0#34#3
[info] after round 0 : parent is ['27'] and leader id is 34
[info] send message to 27: wave#0#34#6
[info] message from 27: wave#1#33#0
[info] send message to 25: wave#1#33#0
[info] send message to 26: wave#1#33#0
[info] message from 26: wave#1#33#0
[info] message from 25: wave#1#33#13
[info] after round 1 : parent is ['27'] and leader id is 33
[info] send message to 27: wave#1#33#14
[info] message from 27: exit
[info] send message to 25: exit
