[info] Hello from node6
[info] I'm connected to nodes ['5', '6', '7']
[info] I have edges [('6', '5'), ('6', '6'), ('6', '7')]
[info] -- round 0 started!
[info] -- new id 23 selected!
[info] send message to 5: wave#0#23#0
[info] send message to 6: wave#0#23#0
[info] send message to 7: wave#0#23#0
[info] message from 7: wave#0#5#0
[info] message from 5: wave#0#30#0
[info] send message to 6: wave#0#30#0
[info] send message to 7: wave#0#30#0
[info] message from 7: wave#0#22#0
[info] message from 6: wave#0#23#0
[info] message from 5: wave#0#34#0
[info] send message to 6: wave#0#34#0
[info] send message to 7: wave#0#34#0
[info] message from 6: wave#0#30#0
[info] message from 6: wave#0#34#0
[info] message from 7: wave#0#34#17
[info] after round 0 : parent is ['5'] and leader id is 34
[info] send message to 5: wave#0#34#18
[info] message from 5: wave#1#33#0
[info] send message to 6: wave#1#33#0
[info] send message to 7: wave#1#33#0
[info] message from 6: wave#1#33#0
[info] message from 7: wave#1#33#6
[info] after round 1 : parent is ['5'] and leader id is 33
[info] send message to 5: wave#1#33#7
[info] message from 5: exit
[info] send message to 7: exit
