[info] Hello from node19
[info] I'm connected to nodes ['18', '19', '20']
[info] I have edges [('19', '18'), ('19', '19'), ('19', '20')]
[info] -- round 0 started!
[info] -- new id 30 selected!
[info] send message to 18: wave#0#30#0
[info] send message to 19: wave#0#30#0
[info] send message to 20: wave#0#30#0
[info] message from 18: wave#0#11#0
[info] message from 20: wave#0#5#0
[info] message from 20: wave#0#29#0
[info] message from 19: wave#0#30#0
[info] message from 18: wave#0#33#0
[info] send message to 19: wave#0#33#0
[info] send message to 20: wave#0#33#0
[info] message from 19: wave#0#33#0
[info] message from 18: wave#0#34#0
[info] send message to 19: wave#0#34#0
[info] send message to 20: wave#0#34#0
[info] message from 19: wave#0#34#0
[info] message from 20: wave#0#34#4
[info] after round 0 : parent is ['18'] and leader id is 34
[info] send message to 18: wave#0#34#5
[info] message from 20: wave#1#33#0
[info] send message to 18: wave#1#33#0
[info] send message to 19: wave#1#33#0
[info] message from 19: wave#1#33#0
[info] message from 18: wave#1#33#6
[info] after round 1 : parent is ['20'] and leader id is 33
[info] send message to 20: wave#1#33#7
[info] message from 18: exit
[info] send message to 20: exit
