[info] Hello from node19
[info] I'm connected to nodes ['1', '19']
[info] I have edges [('19', '1'), ('19', '19')]
[info] -- round 0 started!
[info] -- new id 22 selected!
[info] send message to 1: wave#0#22#0
[info] send message to 19: wave#0#22#0
[info] message from 19: wave#0#22#0
[info] message from 1: wave#0#2#0
[info] message from 1: wave#0#20#0
[info] message from 1: wave#0#23#0
[info] send message to 19: wave#0#23#0
[info] message from 19: wave#0#23#0
[info] after round 0 : parent is ['1'] and leader id is 23
[info] send message to 1: wave#0#23#1
[info] message from 1: wave#0#24#0
[info] send message to 19: wave#0#24#0
[info] message from 19: wave#0#24#0
[info] after round 0 : parent is ['1'] and leader id is 24
[info] send message to 1: wave#0#24#1
[info] message from 1: wave#1#12#0
[info] send message to 19: wave#1#12#0
[info] message from 19: wave#1#12#0
[info] after round 1 : parent is ['1'] and leader id is 12
[info] send message to 1: wave#1#12#1
[info] message from 1: exit
