[info] Hello from node20
[info] I'm connected to nodes ['1', '20']
[info] I have edges [('20', '1'), ('20', '20')]
[info] -- round 0 started!
[info] -- new id 14 selected!
[info] send message to 1: wave#0#14#0
[info] send message to 20: wave#0#14#0
[info] message from 20: wave#0#14#0
[info] message from 1: wave#0#2#0
[info] message from 1: wave#0#20#0
[info] send message to 20: wave#0#20#0
[info] message from 20: wave#0#20#0
[info] after round 0 : parent is ['1'] and leader id is 20
[info] send message to 1: wave#0#20#1
[info] message from 1: wave#0#23#0
[info] send message to 20: wave#0#23#0
[info] message from 20: wave#0#23#0
[info] after round 0 : parent is ['1'] and leader id is 23
[info] send message to 1: wave#0#23#1
[info] message from 1: wave#0#24#0
[info] send message to 20: wave#0#24#0
[info] message from 20: wave#0#24#0
[info] after round 0 : parent is ['1'] and leader id is 24
[info] send message to 1: wave#0#24#1
[info] message from 1: wave#1#12#0
[info] send message to 20: wave#1#12#0
[info] message from 20: wave#1#12#0
[info] after round 1 : parent is ['1'] and leader id is 12
[info] send message to 1: wave#1#12#1
[info] message from 1: exit
