[info] Hello from node7
[info] I'm connected to nodes ['2', '6', '7']
[info] I have edges [('7', '2'), ('7', '6'), ('7', '7')]
[info] -- round 0 started!
[info] -- new id 5 selected!
[info] send message to 2: wave#0#5#0
[info] send message to 6: wave#0#5#0
[info] send message to 7: wave#0#5#0
[info] message from 6: wave#0#6#0
[info] send message to 2: wave#0#6#0
[info] send message to 7: wave#0#6#0
[info] message from 7: wave#0#5#0
[info] message from 2: wave#0#3#0
[info] message from 7: wave#0#6#0
[info] message from 2: wave#0#6#0
[info] after round 0 : parent is ['6'] and leader id is 6
[info] send message to 6: wave#0#6#1
[info] message from 6: wave#1#4#0
[info] send message to 2: wave#1#4#0
[info] send message to 7: wave#1#4#0
[info] message from 7: wave#1#4#0
[info] message from 2: wave#1#4#0
[info] after round 1 : parent is ['6'] and leader id is 4
[info] send message to 6: wave#1#4#1
[info] message from 2: wave#1#6#0
[info] send message to 6: wave#1#6#0
[info] send message to 7: wave#1#6#0
[info] message from 6: wave#1#6#0
[info] message from 7: wave#1#6#0
[info] after round 1 : parent is ['2'] and leader id is 6
[info] send message to 2: wave#1#6#1
[info] message from 6: exit
[info] send message to 2: exit
