[info] Hello from node8
[info] I'm connected to nodes ['3', '8', '9']
[info] I have edges [('8', '3'), ('8', '8'), ('8', '9')]
[info] -- round 0 started!
[info] -- new id 5 selected!
[info] send message to 3: wave#0#5#0
[info] send message to 8: wave#0#5#0
[info] send message to 9: wave#0#5#0
[info] message from 9: wave#0#2#0
[info] message from 3: wave#0#2#0
[info] message from 8: wave#0#5#0
[info] message from 3: wave#0#6#0
[info] send message to 8: wave#0#6#0
[info] send message to 9: wave#0#6#0
[info] message from 8: wave#0#6#0
[info] message from 9: wave#0#6#0
[info] after round 0 : parent is ['3'] and leader id is 6
[info] send message to 3: wave#0#6#1
[info] message from 9: wave#1#6#0
[info] send message to 3: wave#1#6#0
[info] send message to 8: wave#1#6#0
[info] message from 3: wave#1#6#0
[info] message from 8: wave#1#6#0
[info] after round 1 : parent is ['9'] and leader id is 6
[info] send message to 9: wave#1#6#1
[info] message from 9: exit
[info] send message to 3: exit
