[info] Hello from node7
[info] I'm connected to nodes ['2', '7']
[info] I have edges [('7', '2'), ('7', '7')]
[info] -- round 0 started!
[info] -- new id 3 selected!
[info] send message to 2: wave#0#3#0
[info] send message to 7: wave#0#3#0
[info] message from 2: wave#0#2#0
[info] message from 7: wave#0#3#0
[info] message from 2: wave#0#3#0
[info] after round 0 : parent is [] and leader id is 3
[info] -- round 1 started!
[info] -- new id 5 selected!
[info] send message to 2: wave#1#5#0
[info] send message to 7: wave#1#5#0
[info] message from 7: wave#1#5#0
[info] message from 2: wave#0#9#0
[info] message from 2: wave#1#5#8
[info] after round 1 : parent is [] and leader id is 5
[info] send message to 2: exit
