[info] Hello from node24
[info] I'm connected to nodes ['23', '24', '25']
[info] I have edges [('24', '23'), ('24', '24'), ('24', '25')]
[info] -- round 0 started!
[info] -- new id 9 selected!
[info] send message to 23: wave#0#9#0
[info] send message to 24: wave#0#9#0
[info] send message to 25: wave#0#9#0
[info] message from 25: wave#0#2#0
[info] message from 23: wave#0#8#0
[info] message from 24: wave#0#9#0
[info] message from 25: wave#0#9#1
[info] message from 23: wave#0#11#0
[info] send message to 24: wave#0#11#0
[info] send message to 25: wave#0#11#0
[info] message from 24: wave#0#11#0
[info] message from 23: wave#0#17#0
[info] send message to 24: wave#0#17#0
[info] send message to 25: wave#0#17#0
[info] message from 25: wave#0#11#1
[info] message from 24: wave#0#17#0
[info] message from 25: wave#0#17#1
[info] after round 0 : parent is ['23'] and leader id is 17
[info] send message to 23: wave#0#17#2
[info] message from 23: wave#1#18#0
[info] send message to 24: wave#1#18#0
[info] send message to 25: wave#1#18#0
[info] message from 24: wave#1#18#0
[info] message from 25: wave#1#18#1
[info] after round 1 : parent is ['23'] and leader id is 18
[info] send message to 23: wave#1#18#2
[info] message from 23: exit
[info] send message to 25: exit
