[info] Hello from node25
[info] I'm connected to nodes ['24', '25']
[info] I have edges [('25', '24'), ('25', '25')]
[info] -- round 0 started!
[info] -- new id 2 selected!
[info] send message to 24: wave#0#2#0
[info] send message to 25: wave#0#2#0
[info] message from 25: wave#0#2#0
[info] message from 24: wave#0#9#0
[info] send message to 25: wave#0#9#0
[info] message from 25: wave#0#9#0
[info] after round 0 : parent is ['24'] and leader id is 9
[info] send message to 24: wave#0#9#1
[info] message from 24: wave#0#11#0
[info] send message to 25: wave#0#11#0
[info] message from 25: wave#0#11#0
[info] after round 0 : parent is ['24'] and leader id is 11
[info] send message to 24: wave#0#11#1
[info] message from 24: wave#0#17#0
[info] send message to 25: wave#0#17#0
[info] message from 25: wave#0#17#0
[info] after round 0 : parent is ['24'] and leader id is 17
[info] send message to 24: wave#0#17#1
[info] message from 24: wave#1#18#0
[info] send message to 25: wave#1#18#0
[info] message from 25: wave#1#18#0
[info] after round 1 : parent is ['24'] and leader id is 18
[info] send message to 24: wave#1#18#1
[info] message from 24: exit
