[info] Hello from node16
[info] I'm connected to nodes ['15', '16', '17']
[info] I have edges [('16', '15'), ('16', '16'), ('16', '17')]
[info] -- round 0 started!
[info] -- new id 14 selected!
[info] send message to 15: wave#0#14#0
[info] send message to 16: wave#0#14#0
[info] send message to 17: wave#0#14#0
[info] message from 15: wave#0#1#0
[info] message from 17: wave#0#2#0
[info] message from 17: wave#0#9#0
[info] message from 16: wave#0#14#0
[info] message from 17: wave#0#17#0
[info] send message to 15: wave#0#17#0
[info] send message to 16: wave#0#17#0
[info] message from 16: wave#0#17#0
[info] message from 15: wave#0#17#3
[info] after round 0 : parent is ['17'] and leader id is 17
[info] send message to 17: wave#0#17#4
[info] message from 15: wave#0#24#0
[info] send message to 16: wave#0#24#0
[info] send message to 17: wave#0#24#0
[info] message from 16: wave#0#24#0
[info] message from 17: wave#1#18#0
[info] send message to 15: wave#1#18#0
[info] send message to 16: wave#1#18#0
[info] message from 16: wave#1#18#0
[info] message from 15: wave#1#18#15
[info] after round 1 : parent is ['17'] and leader id is 18
[info] send message to 17: wave#1#18#16
[info] message from 17: exit
[info] send message to 15: exit
