[info] Hello from node2
[info] I'm connected to nodes ['1', '2']
[info] I have edges [('2', '1'), ('2', '2')]
[info] -- round 0 started!
[info] -- new id 17 selected!
[info] send message to 1: wave#0#17#0
[info] send message to 2: wave#0#17#0
[info] message from 2: wave#0#17#0
[info] message from 1: wave#0#6#0
[info] message from 1: wave#0#17#0
[info] after round 0 : parent is [] and leader id is 17
[info] -- round 1 started!
[info] -- new id 9 selected!
[info] send message to 1: wave#1#9#0
[info] send message to 2: wave#1#9#0
[info] message from 2: wave#1#9#0
[info] message from 1: wave#1#6#0
[info] message from 1: wave#1#9#19
[info] after round 1 : parent is [] and leader id is 9
[info] send message to 1: exit
