[info] Hello from node8
[info] I'm connected to nodes ['7', '8', '9']
[info] I have edges [('8', '7'), ('8', '8'), ('8', '9')]
[info] -- round 0 started!
[info] -- new id 9 selected!
[info] send message to 7: wave#0#9#0
[info] send message to 8: wave#0#9#0
[info] send message to 9: wave#0#9#0
[info] message from 9: wave#0#17#0
[info] send message to 7: wave#0#17#0
[info] send message to 8: wave#0#17#0
[info] message from 8: wave#0#9#0
[info] message from 7: wave#0#4#0
[info] message from 7: wave#0#14#0
[info] message from 8: wave#0#17#0
[info] message from 7: wave#0#19#0
[info] send message to 8: wave#0#19#0
[info] send message to 9: wave#0#19#0
[info] message from 8: wave#0#19#0
[info] message from 9: wave#0#19#8
[info] after round 0 : parent is ['7'] and leader id is 19
[info] send message to 7: wave#0#19#9
[info] message from 9: wave#0#19#36
[info] after round 0 : parent is ['7'] and leader id is 19
[info] send message to 7: wave#0#19#45
[info] message from 7: exit
[info] send message to 9: exit
