[info] Hello from node11
[info] I'm connected to nodes ['10', '11', '12']
[info] I have edges [('11', '10'), ('11', '11'), ('11', '12')]
[info] -- round 0 started!
[info] -- new id 12 selected!
[info] send message to 10: wave#0#12#0
[info] send message to 11: wave#0#12#0
[info] send message to 12: wave#0#12#0
[info] message from 12: wave#0#11#0
[info] message from 12: wave#0#14#0
[info] send message to 10: wave#0#14#0
[info] send message to 11: wave#0#14#0
[info] message from 11: wave#0#12#0
[info] message from 10: wave#0#16#0
[info] send message to 11: wave#0#16#0
[info] send message to 12: wave#0#16#0
[info] message from 11: wave#0#14#0
[info] message from 11: wave#0#16#0
[info] message from 10: wave#0#17#0
[info] send message to 11: wave#0#17#0
[info] send message to 12: wave#0#17#0
[info] message from 10: wave#0#19#0
[info] send message to 11: wave#0#19#0
[info] send message to 12: wave#0#19#0
[info] message from 11: wave#0#17#0
[info] message from 11: wave#0#19#0
[info] message from 12: wave#0#19#5
[info] after round 0 : parent is ['10'] and leader id is 19
[info] send message to 10: wave#0#19#6
[info] message from 12: wave#0#19#15
[info] after round 0 : parent is ['10'] and leader id is 19
[info] send message to 10: wave#0#19#21
[info] message from 10: exit
[info] send message to 12: exit
