[info] Hello from node8
[info] I'm connected to nodes ['1', '8']
[info] I have edges [('8', '1'), ('8', '8')]
[info] -- round 0 started!
[info] -- new id 3 selected!
[info] send message to 1: wave#0#3#0
[info] send message to 8: wave#0#3#0
[info] message from 1: wave#0#4#0
[info] send message to 8: wave#0#4#0
[info] message from 8: wave#0#3#0
[info] after round 0 : parent is ['1'] and leader id is 4
[info] send message to 1: wave#0#4#1
[info] message from 8: wave#0#4#0
[info] after round 0 : parent is ['1'] and leader id is 4
[info] send message to 1: wave#0#4#1
[info] message from 1: wave#0#9#0
[info] send message to 8: wave#0#9#0
[info] message from 8: wave#0#9#0
[info] after round 0 : parent is ['1'] and leader id is 9
[info] send message to 1: wave#0#9#1
[info] message from 1: wave#0#10#0
[info] send message to 8: wave#0#10#0
[info] message from 8: wave#0#10#0
[info] after round 0 : parent is ['1'] and leader id is 10
[info] send message to 1: wave#0#10#1
[info] message from 1: wave#1#3#0
[info] send message to 8: wave#1#3#0
[info] message from 8: wave#1#3#0
[info] after round 1 : parent is ['1'] and leader id is 3
[info] send message to 1: wave#1#3#1
[info] message from 1: exit
