[info] Hello from node8
[info] I'm connected to nodes ['7', '8', '9']
[info] I have edges [('8', '7'), ('8', '8'), ('8', '9')]
[info] -- round 0 started!
[info] -- new id 11 selected!
[info] send message to 7: wave#0#11#0
[info] send message to 8: wave#0#11#0
[info] send message to 9: wave#0#11#0
[info] message from 7: wave#0#24#0
[info] send message to 8: wave#0#24#0
[info] send message to 9: wave#0#24#0
[info] message from 9: wave#0#2#0
[info] message from 8: wave#0#11#0
[info] message from 8: wave#0#24#0
[info] message from 9: wave#0#17#0
[info] message from 9: wave#1#18#0
[info] send message to 7: wave#1#18#0
[info] send message to 8: wave#1#18#0
[info] message from 8: wave#1#18#0
[info] message from 7: wave#1#18#7
[info] after round 1 : parent is ['9'] and leader id is 18
[info] send message to 9: wave#1#18#8
[info] message from 9: exit
[info] send message to 7: exit
