[info] Hello from node19
[info] I'm connected to nodes ['18', '19', '20']
[info] I have edges [('19', '18'), ('19', '19'), ('19', '20')]
[info] -- round 0 started!
[info] -- new id 17 selected!
[info] send message to 18: wave#0#17#0
[info] send message to 19: wave#0#17#0
[info] send message to 20: wave#0#17#0
[info] message from 18: wave#0#9#0
[info] message from 20: wave#0#2#0
[info] message from 20: wave#0#10#0
[info] message from 18: wave#0#14#0
[info] message from 19: wave#0#17#0
[info] message from 18: wave#0#17#6
[info] message from 20: wave#0#17#6
[info] after round 0 : parent is [] and leader id is 17
[info] -- round 1 started!
[info] -- new id 18 selected!
[info] send message to 18: wave#1#18#0
[info] send message to 19: wave#1#18#0
[info] send message to 20: wave#1#18#0
[info] message from 19: wave#1#18#0
[info] message from 20: wave#1#18#6
[info] message from 18: wave#1#18#18
[info] after round 1 : parent is [] and leader id is 18
[info] send message to 18: exit
[info] send message to 20: exit
