[info] Hello from node2
[info] I'm connected to nodes ['1', '2', '3']
[info] I have edges [('2', '1'), ('2', '2'), ('2', '3')]
[info] -- round 0 started!
[info] -- new id 4 selected!
[info] send message to 1: wave#0#4#0
[info] send message to 2: wave#0#4#0
[info] send message to 3: wave#0#4#0
[info] message from 1: wave#0#9#0
[info] send message to 2: wave#0#9#0
[info] send message to 3: wave#0#9#0
[info] message from 3: wave#0#23#0
[info] send message to 1: wave#0#23#0
[info] send message to 2: wave#0#23#0
[info] message from 2: wave#0#4#0
[info] message from 2: wave#0#9#0
[info] message from 2: wave#0#23#0
[info] message from 1: wave#0#23#1
[info] after round 0 : parent is ['3'] and leader id is 23
[info] send message to 3: wave#0#23#2
[info] message from 3: wave#0#24#0
[info] send message to 1: wave#0#24#0
[info] send message to 2: wave#0#24#0
[info] message from 1: wave#0#24#1
[info] message from 2: wave#0#24#0
[info] after round 0 : parent is ['3'] and leader id is 24
[info] send message to 3: wave#0#24#2
[info] message from 3: wave#1#18#0
[info] send message to 1: wave#1#18#0
[info] send message to 2: wave#1#18#0
[info] message from 2: wave#1#18#0
[info] message from 1: wave#1#18#1
[info] after round 1 : parent is ['3'] and leader id is 18
[info] send message to 3: wave#1#18#2
[info] message from 3: exit
[info] send message to 1: exit
