[info] Hello from node4
[info] I'm connected to nodes ['3', '4', '5']
[info] I have edges [('4', '3'), ('4', '4'), ('4', '5')]
[info] -- round 0 started!
[info] -- new id 5 selected!
[info] send message to 3: wave#0#5#0
[info] send message to 4: wave#0#5#0
[info] send message to 5: wave#0#5#0
[info] message from 3: wave#0#4#0
[info] message from 4: wave#0#5#0
[info] message from 5: wave#0#5#0
[info] message from 3: wave#0#5#3
[info] after round 0 : parent is [] and leader id is 5
[info] -- round 1 started!
[info] -- new id 5 selected!
[info] send message to 3: wave#1#5#0
[info] send message to 4: wave#1#5#0
[info] send message to 5: wave#1#5#0
[info] message from 4: wave#1#5#0
[info] message from 5: wave#1#2#0
[info] message from 5: wave#1#5#1
[info] message from 5: wave#1#5#1
[info] message from 3: wave#1#5#3
[info] after round 1 : parent is [] and leader id is 5
[info] -- round 2 started!
[info] -- new id 1 selected!
[info] send message to 3: wave#2#1#0
[info] send message to 4: wave#2#1#0
[info] send message to 5: wave#2#1#0
[info] message from 4: wave#2#1#0
[info] message from 5: wave#2#1#1
[info] message from 3: wave#2#1#3
[info] after round 2 : parent is [] and leader id is 1
[info] send message to 3: exit
[info] send message to 5: exit
