[info] Hello from node22
[info] I'm connected to nodes ['21', '22', '23']
[info] I have edges [('22', '21'), ('22', '22'), ('22', '23')]
[info] -- round 0 started!
[info] -- new id 16 selected!
[info] send message to 21: wave#0#16#0
[info] send message to 22: wave#0#16#0
[info] send message to 23: wave#0#16#0
[info] message from 23: wave#0#21#0
[info] send message to 21: wave#0#21#0
[info] send message to 22: wave#0#21#0
[info] message from 22: wave#0#16#0
[info] message from 21: wave#0#3#0
[info] message from 22: wave#0#21#0
[info] message from 21: wave#0#17#0
[info] message from 23: wave#0#23#0
[info] send message to 21: wave#0#23#0
[info] send message to 22: wave#0#23#0
[info] message from 22: wave#0#23#0
[info] message from 21: wave#0#27#0
[info] send message to 22: wave#0#27#0
[info] send message to 23: wave#0#27#0
[info] message from 23: wave#0#33#0
[info] send message to 21: wave#0#33#0
[info] send message to 22: wave#0#33#0
[info] message from 22: wave#0#27#0
[info] message from 22: wave#0#33#0
[info] message from 21: wave#0#35#0
[info] send message to 22: wave#0#35#0
[info] send message to 23: wave#0#35#0
[info] message from 22: wave#0#35#0
[info] message from 23: wave#0#35#5
[info] after round 0 : parent is ['21'] and leader id is 35
[info] send message to 21: wave#0#35#6
[info] message from 21: exit
[info] send message to 23: exit
