[info] Hello from node21
[info] I'm connected to nodes ['20', '21', '22']
[info] I have edges [('21', '20'), ('21', '21'), ('21', '22')]
[info] -- round 0 started!
[info] -- new id 3 selected!
[info] send message to 20: wave#0#3#0
[info] send message to 21: wave#0#3#0
[info] send message to 22: wave#0#3#0
[info] message from 20: wave#0#17#0
[info] send message to 21: wave#0#17#0
[info] send message to 22: wave#0#17#0
[info] message from 22: wave#0#16#0
[info] message from 21: wave#0#3#0
[info] message from 21: wave#0#17#0
[info] message from 22: wave#0#21#0
[info] send message to 20: wave#0#21#0
[info] send message to 21: wave#0#21#0
[info] message from 21: wave#0#21#0
[info] message from 22: wave#0#23#0
[info] send message to 20: wave#0#23#0
[info] send message to 21: wave#0#23#0
[info] message from 20: wave#0#27#0
[info] send message to 21: wave#0#27#0
[info] send message to 22: wave#0#27#0
[info] message from 21: wave#0#23#0
[info] message from 21: wave#0#27#0
[info] message from 22: wave#0#33#0
[info] send message to 20: wave#0#33#0
[info] send message to 21: wave#0#33#0
[info] message from 20: wave#0#35#0
[info] send message to 21: wave#0#35#0
[info] send message to 22: wave#0#35#0
[info] message from 21: wave#0#33#0
[info] message from 21: wave#0#35#0
[info] message from 22: wave#0#35#6
[info] after round 0 : parent is ['20'] and leader id is 35
[info] send message to 20: wave#0#35#7
[info] message from 20: exit
[info] send message to 22: exit
