[info] Hello from node15
[info] I'm connected to nodes ['14', '15', '16']
[info] I have edges [('15', '14'), ('15', '15'), ('15', '16')]
[info] -- round 0 started!
[info] -- new id 25 selected!
[info] send message to 14: wave#0#25#0
[info] send message to 15: wave#0#25#0
[info] send message to 16: wave#0#25#0
[info] message from 16: wave#0#23#0
[info] message from 15: wave#0#25#0
[info] message from 14: wave#0#15#0
[info] message from 14: wave#0#35#0
[info] send message to 15: wave#0#35#0
[info] send message to 16: wave#0#35#0
[info] message from 15: wave#0#35#0
[info] message from 16: wave#0#35#12
[info] after round 0 : parent is ['14'] and leader id is 35
[info] send message to 14: wave#0#35#13
[info] message from 14: exit
[info] send message to 16: exit
