[info] Hello from node10
[info] I'm connected to nodes ['9', '10', '11']
[info] I have edges [('10', '9'), ('10', '10'), ('10', '11')]
[info] -- round 0 started!
[info] -- new id 12 selected!
[info] send message to 9: wave#0#12#0
[info] send message to 10: wave#0#12#0
[info] send message to 11: wave#0#12#0
[info] message from 9: wave#0#4#0
[info] message from 10: wave#0#12#0
[info] message from 11: wave#0#21#0
[info] send message to 9: wave#0#21#0
[info] send message to 10: wave#0#21#0
[info] message from 9: wave#0#9#0
[info] message from 10: wave#0#21#0
[info] message from 9: wave#0#27#0
[info] send message to 10: wave#0#27#0
[info] send message to 11: wave#0#27#0
[info] message from 10: wave#0#27#0
[info] message from 9: wave#0#34#0
[info] send message to 10: wave#0#34#0
[info] send message to 11: wave#0#34#0
[info] message from 11: wave#0#35#0
[info] send message to 9: wave#0#35#0
[info] send message to 10: wave#0#35#0
[info] message from 10: wave#0#34#0
[info] message from 10: wave#0#35#0
[info] message from 9: wave#0#35#17
[info] after round 0 : parent is ['11'] and leader id is 35
[info] send message to 11: wave#0#35#18
[info] message from 11: exit
[info] send message to 9: exit
