[info] Hello from node11
[info] I'm connected to nodes ['10', '11', '12']
[info] I have edges [('11', '10'), ('11', '11'), ('11', '12')]
[info] -- round 0 started!
[info] -- new id 21 selected!
[info] send message to 10: wave#0#21#0
[info] send message to 11: wave#0#21#0
[info] send message to 12: wave#0#21#0
[info] message from 10: wave#0#12#0
[info] message from 12: wave#0#10#0
[info] message from 11: wave#0#21#0
[info] message from 12: wave#0#35#0
[info] send message to 10: wave#0#35#0
[info] send message to 11: wave#0#35#0
[info] message from 10: wave#0#27#0
[info] message from 11: wave#0#35#0
[info] message from 10: wave#0#34#0
[info] message from 10: wave#0#35#18
[info] after round 0 : parent is ['12'] and leader id is 35
[info] send message to 12: wave#0#35#19
[info] message from 12: exit
[info] send message to 10: exit
