[info] Hello from node24
[info] I'm connected to nodes ['23', '24', '25']
[info] I have edges [('24', '23'), ('24', '24'), ('24', '25')]
[info] -- round 0 started!
[info] -- new id 16 selected!
[info] send message to 23: wave#0#16#0
[info] send message to 24: wave#0#16#0
[info] send message to 25: wave#0#16#0
[info] message from 24: wave#0#16#0
[info] message from 23: wave#0#21#0
[info] send message to 24: wave#0#21#0
[info] send message to 25: wave#0#21#0
[info] message from 24: wave#0#21#0
[info] message from 25: wave#0#23#0
[info] send message to 23: wave#0#23#0
[info] send message to 24: wave#0#23#0
[info] message from 24: wave#0#23#0
[info] message from 25: wave#0#33#0
[info] send message to 23: wave#0#33#0
[info] send message to 24: wave#0#33#0
[info] message from 24: wave#0#33#0
[info] message from 23: wave#0#35#0
[info] send message to 24: wave#0#35#0
[info] send message to 25: wave#0#35#0
[info] message from 24: wave#0#35#0
[info] message from 25: wave#0#35#3
[info] after round 0 : parent is ['23'] and leader id is 35
[info] send message to 23: wave#0#35#4
[info] message from 23: exit
[info] send message to 25: exit
