[info] Hello from node16
[info] I'm connected to nodes ['15', '16', '17']
[info] I have edges [('16', '15'), ('16', '16'), ('16', '17')]
[info] -- round 0 started!
[info] -- new id 23 selected!
[info] send message to 15: wave#0#23#0
[info] send message to 16: wave#0#23#0
[info] send message to 17: wave#0#23#0
[info] message from 16: wave#0#23#0
[info] message from 17: wave#0#1#0
[info] message from 15: wave#0#25#0
[info] send message to 16: wave#0#25#0
[info] send message to 17: wave#0#25#0
[info] message from 16: wave#0#25#0
[info] message from 15: wave#0#35#0
[info] send message to 16: wave#0#35#0
[info] send message to 17: wave#0#35#0
[info] message from 16: wave#0#35#0
[info] message from 17: wave#0#35#11
[info] after round 0 : parent is ['15'] and leader id is 35
[info] send message to 15: wave#0#35#12
[info] message from 15: exit
[info] send message to 17: exit
