[info] Hello from node4
[info] I'm connected to nodes ['3', '4', '5']
[info] I have edges [('4', '3'), ('4', '4'), ('4', '5')]
[info] -- round 0 started!
[info] -- new id 4 selected!
[info] send message to 3: wave#0#4#0
[info] send message to 4: wave#0#4#0
[info] send message to 5: wave#0#4#0
[info] message from 3: wave#0#22#0
[info] send message to 4: wave#0#22#0
[info] send message to 5: wave#0#22#0
[info] message from 5: wave#0#34#0
[info] send message to 3: wave#0#34#0
[info] send message to 4: wave#0#34#0
[info] message from 4: wave#0#4#0
[info] message from 4: wave#0#22#0
[info] message from 4: wave#0#34#0
[info] message from 5: wave#0#35#0
[info] send message to 3: wave#0#35#0
[info] send message to 4: wave#0#35#0
[info] message from 4: wave#0#35#0
[info] message from 3: wave#0#35#11
[info] after round 0 : parent is ['5'] and leader id is 35
[info] send message to 5: wave#0#35#12
[info] message from 5: exit
[info] send message to 3: exit
