[info] Hello from node32
[info] I'm connected to nodes ['31', '32', '33']
[info] I have edges [('32', '31'), ('32', '32'), ('32', '33')]
[info] -- round 0 started!
[info] -- new id 27 selected!
[info] send message to 31: wave#0#27#0
[info] send message to 32: wave#0#27#0
[info] send message to 33: wave#0#27#0
[info] message from 31: wave#0#18#0
[info] message from 33: wave#0#29#0
[info] send message to 31: wave#0#29#0
[info] send message to 32: wave#0#29#0
[info] message from 32: wave#0#27#0
[info] message from 31: wave#0#29#0
[info] after round 0 : parent is ['33'] and leader id is 29
[info] send message to 33: wave#0#29#1
[info] message from 33: wave#0#34#0
[info] send message to 31: wave#0#34#0
[info] send message to 32: wave#0#34#0
[info] message from 32: wave#0#29#0
[info] message from 33: wave#0#35#0
[info] send message to 31: wave#0#35#0
[info] send message to 32: wave#0#35#0
[info] message from 32: wave#0#34#0
[info] message from 32: wave#0#35#0
[info] message from 31: wave#0#35#4
[info] after round 0 : parent is ['33'] and leader id is 35
[info] send message to 33: wave#0#35#5
[info] message from 33: exit
[info] send message to 31: exit
