[info] Hello from node9
[info] I'm connected to nodes ['8', '9', '10']
[info] I have edges [('9', '8'), ('9', '9'), ('9', '10')]
[info] -- round 0 started!
[info] -- new id 4 selected!
[info] send message to 8: wave#0#4#0
[info] send message to 9: wave#0#4#0
[info] send message to 10: wave#0#4#0
[info] message from 8: wave#0#9#0
[info] send message to 9: wave#0#9#0
[info] send message to 10: wave#0#9#0
[info] message from 9: wave#0#4#0
[info] message from 10: wave#0#12#0
[info] send message to 8: wave#0#12#0
[info] send message to 9: wave#0#12#0
[info] message from 8: wave#0#27#0
[info] send message to 9: wave#0#27#0
[info] send message to 10: wave#0#27#0
[info] message from 9: wave#0#9#0
[info] message from 10: wave#0#21#0
[info] message from 8: wave#0#34#0
[info] send message to 9: wave#0#34#0
[info] send message to 10: wave#0#34#0
[info] message from 9: wave#0#12#0
[info] message from 9: wave#0#27#0
[info] message from 9: wave#0#34#0
[info] message from 10: wave#0#35#0
[info] send message to 8: wave#0#35#0
[info] send message to 9: wave#0#35#0
[info] message from 9: wave#0#35#0
[info] message from 8: wave#0#35#16
[info] after round 0 : parent is ['10'] and leader id is 35
[info] send message to 10: wave#0#35#17
[info] message from 10: exit
[info] send message to 8: exit
