[info] Hello from node15
[info] I'm connected to nodes ['14', '15', '16']
[info] I have edges [('15', '14'), ('15', '15'), ('15', '16')]
[info] -- round 0 started!
[info] -- new id 24 selected!
[info] send message to 14: wave#0#24#0
[info] send message to 15: wave#0#24#0
[info] send message to 16: wave#0#24#0
[info] message from 14: wave#0#29#0
[info] send message to 15: wave#0#29#0
[info] send message to 16: wave#0#29#0
[info] message from 16: wave#0#22#0
[info] message from 15: wave#0#24#0
[info] message from 14: wave#0#40#0
[info] send message to 15: wave#0#40#0
[info] send message to 16: wave#0#40#0
[info] message from 15: wave#0#29#0
[info] message from 15: wave#0#40#0
[info] message from 16: wave#0#40#4
[info] after round 0 : parent is ['14'] and leader id is 40
[info] send message to 14: wave#0#40#5
[info] message from 14: wave#1#31#0
[info] send message to 15: wave#1#31#0
[info] send message to 16: wave#1#31#0
[info] message from 15: wave#1#31#0
[info] message from 16: wave#1#31#25
[info] after round 1 : parent is ['14'] and leader id is 31
[info] send message to 14: wave#1#31#26
[info] message from 14: exit
[info] send message to 16: exit
