[info] Hello from node14
[info] I'm connected to nodes ['13', '14', '15']
[info] I have edges [('14', '13'), ('14', '14'), ('14', '15')]
[info] -- round 0 started!
[info] -- new id 29 selected!
[info] send message to 13: wave#0#29#0
[info] send message to 14: wave#0#29#0
[info] send message to 15: wave#0#29#0
[info] message from 14: wave#0#29#0
[info] message from 15: wave#0#24#0
[info] message from 13: wave#0#40#0
[info] send message to 14: wave#0#40#0
[info] send message to 15: wave#0#40#0
[info] message from 14: wave#0#40#0
[info] message from 15: wave#0#40#5
[info] after round 0 : parent is ['13'] and leader id is 40
[info] send message to 13: wave#0#40#6
[info] message from 13: wave#1#31#0
[info] send message to 14: wave#1#31#0
[info] send message to 15: wave#1#31#0
[info] message from 14: wave#1#31#0
[info] message from 15: wave#1#31#26
[info] after round 1 : parent is ['13'] and leader id is 31
[info] send message to 13: wave#1#31#27
[info] message from 13: exit
[info] send message to 15: exit
