[info] Hello from node40
[info] I'm connected to nodes ['39', '40']
[info] I have edges [('40', '39'), ('40', '40')]
[info] -- round 0 started!
[info] -- new id 40 selected!
[info] send message to 39: wave#0#40#0
[info] send message to 40: wave#0#40#0
[info] message from 39: wave#0#29#0
[info] message from 39: wave#0#32#0
[info] message from 40: wave#0#40#0
[info] message from 39: wave#0#40#5
[info] after round 0 : parent is [] and leader id is 40
[info] -- round 1 started!
[info] -- new id 11 selected!
[info] send message to 39: wave#1#11#0
[info] send message to 40: wave#1#11#0
[info] message from 40: wave#1#11#0
[info] message from 39: wave#1#31#0
[info] send message to 40: wave#1#31#0
[info] message from 40: wave#1#31#0
[info] after round 1 : parent is ['39'] and leader id is 31
[info] send message to 39: wave#1#31#1
[info] message from 39: exit
