[info] Hello from node3
[info] I'm connected to nodes ['2', '3', '4']
[info] I have edges [('3', '2'), ('3', '3'), ('3', '4')]
[info] -- round 0 started!
[info] -- new id 36 selected!
[info] send message to 2: wave#0#36#0
[info] send message to 3: wave#0#36#0
[info] send message to 4: wave#0#36#0
[info] message from 4: wave#0#17#0
[info] message from 2: wave#0#39#0
[info] send message to 3: wave#0#39#0
[info] send message to 4: wave#0#39#0
[info] message from 3: wave#0#36#0
[info] message from 3: wave#0#39#0
[info] message from 4: wave#0#40#0
[info] send message to 2: wave#0#40#0
[info] send message to 3: wave#0#40#0
[info] message from 3: wave#0#40#0
[info] message from 2: wave#0#40#2
[info] after round 0 : parent is ['4'] and leader id is 40
[info] send message to 4: wave#0#40#3
[info] message from 4: wave#1#31#0
[info] send message to 2: wave#1#31#0
[info] send message to 3: wave#1#31#0
[info] message from 3: wave#1#31#0
[info] message from 2: wave#1#31#2
[info] after round 1 : parent is ['4'] and leader id is 31
[info] send message to 4: wave#1#31#3
[info] message from 4: exit
[info] send message to 2: exit
