[info] Hello from node17
[info] I'm connected to nodes ['16', '17', '18']
[info] I have edges [('17', '16'), ('17', '17'), ('17', '18')]
[info] -- round 0 started!
[info] -- new id 9 selected!
[info] send message to 16: wave#0#9#0
[info] send message to 17: wave#0#9#0
[info] send message to 18: wave#0#9#0
[info] message from 18: wave#0#22#0
[info] send message to 16: wave#0#22#0
[info] send message to 17: wave#0#22#0
[info] message from 16: wave#0#22#0
[info] message from 17: wave#0#9#0
[info] after round 0 : parent is ['18'] and leader id is 22
[info] send message to 18: wave#0#22#1
[info] message from 16: wave#0#24#0
[info] send message to 17: wave#0#24#0
[info] send message to 18: wave#0#24#0
[info] message from 17: wave#0#22#0
[info] message from 17: wave#0#24#0
[info] message from 16: wave#0#29#0
[info] send message to 17: wave#0#29#0
[info] send message to 18: wave#0#29#0
[info] message from 17: wave#0#29#0
[info] message from 16: wave#0#40#0
[info] send message to 17: wave#0#40#0
[info] send message to 18: wave#0#40#0
[info] message from 17: wave#0#40#0
[info] message from 18: wave#0#34#0
[info] message from 18: wave#0#40#2
[info] after round 0 : parent is ['16'] and leader id is 40
[info] send message to 16: wave#0#40#3
[info] message from 16: wave#1#31#0
[info] send message to 17: wave#1#31#0
[info] send message to 18: wave#1#31#0
[info] message from 17: wave#1#31#0
[info] message from 18: wave#1#31#23
[info] after round 1 : parent is ['16'] and leader id is 31
[info] send message to 16: wave#1#31#24
[info] message from 16: exit
[info] send message to 18: exit
