[info] Hello from node21
[info] I'm connected to nodes ['20', '21', '22']
[info] I have edges [('21', '20'), ('21', '21'), ('21', '22')]
[info] -- round 0 started!
[info] -- new id 15 selected!
[info] send message to 20: wave#0#15#0
[info] send message to 21: wave#0#15#0
[info] send message to 22: wave#0#15#0
[info] message from 22: wave#0#9#0
[info] message from 20: wave#0#1#0
[info] message from 22: wave#0#34#0
[info] send message to 20: wave#0#34#0
[info] send message to 21: wave#0#34#0
[info] message from 21: wave#0#15#0
[info] message from 20: wave#0#2#0
[info] message from 20: wave#0#22#0
[info] message from 21: wave#0#34#0
[info] message from 22: wave#0#40#0
[info] send message to 20: wave#0#40#0
[info] send message to 21: wave#0#40#0
[info] message from 21: wave#0#40#0
[info] message from 20: wave#0#40#1
[info] after round 0 : parent is ['22'] and leader id is 40
[info] send message to 22: wave#0#40#2
[info] message from 22: wave#1#5#0
[info] send message to 20: wave#1#5#0
[info] send message to 21: wave#1#5#0
[info] message from 20: wave#1#31#0
[info] send message to 21: wave#1#31#0
[info] send message to 22: wave#1#31#0
[info] message from 21: wave#1#5#0
[info] message from 21: wave#1#31#0
[info] message from 22: wave#1#31#19
[info] after round 1 : parent is ['20'] and leader id is 31
[info] send message to 20: wave#1#31#20
[info] message from 20: exit
[info] send message to 22: exit
