[info] Hello from node38
[info] I'm connected to nodes ['37', '38', '39']
[info] I have edges [('38', '37'), ('38', '38'), ('38', '39')]
[info] -- round 0 started!
[info] -- new id 32 selected!
[info] send message to 37: wave#0#32#0
[info] send message to 38: wave#0#32#0
[info] send message to 39: wave#0#32#0
[info] message from 39: wave#0#29#0
[info] message from 38: wave#0#32#0
[info] message from 37: wave#0#3#0
[info] message from 39: wave#0#40#0
[info] send message to 37: wave#0#40#0
[info] send message to 38: wave#0#40#0
[info] message from 38: wave#0#40#0
[info] message from 37: wave#0#40#3
[info] after round 0 : parent is ['39'] and leader id is 40
[info] send message to 39: wave#0#40#4
[info] message from 39: wave#1#11#0
[info] send message to 37: wave#1#11#0
[info] send message to 38: wave#1#11#0
[info] message from 38: wave#1#11#0
[info] message from 37: wave#1#31#0
[info] send message to 38: wave#1#31#0
[info] send message to 39: wave#1#31#0
[info] message from 38: wave#1#31#0
[info] message from 39: wave#1#31#2
[info] after round 1 : parent is ['37'] and leader id is 31
[info] send message to 37: wave#1#31#3
[info] message from 37: exit
[info] send message to 39: exit
