[info] Hello from node16
[info] I'm connected to nodes ['15', '16', '17']
[info] I have edges [('16', '15'), ('16', '16'), ('16', '17')]
[info] -- round 0 started!
[info] -- new id 22 selected!
[info] send message to 15: wave#0#22#0
[info] send message to 16: wave#0#22#0
[info] send message to 17: wave#0#22#0
[info] message from 16: wave#0#22#0
[info] message from 17: wave#0#9#0
[info] message from 15: wave#0#24#0
[info] send message to 16: wave#0#24#0
[info] send message to 17: wave#0#24#0
[info] message from 17: wave#0#22#0
[info] message from 16: wave#0#24#0
[info] message from 15: wave#0#29#0
[info] send message to 16: wave#0#29#0
[info] send message to 17: wave#0#29#0
[info] message from 16: wave#0#29#0
[info] message from 15: wave#0#40#0
[info] send message to 16: wave#0#40#0
[info] send message to 17: wave#0#40#0
[info] message from 16: wave#0#40#0
[info] message from 17: wave#0#40#3
[info] after round 0 : parent is ['15'] and leader id is 40
[info] send message to 15: wave#0#40#4
[info] message from 15: wave#1#31#0
[info] send message to 16: wave#1#31#0
[info] send message to 17: wave#1#31#0
[info] message from 16: wave#1#31#0
[info] message from 17: wave#1#31#24
[info] after round 1 : parent is ['15'] and leader id is 31
[info] send message to 15: wave#1#31#25
[info] message from 15: exit
[info] send message to 17: exit
