[info] Hello from node3
[info] I'm connected to nodes ['1', '2', '3', '4', '5']
[info] I have edges [('3', '1'), ('3', '2'), ('3', '3'), ('3', '4'), ('3', '5')]
[info] first phase started!
[info] successfully filtered!
[info] second phase started!
[info] send message to 1: CRQ#3#3#0
[info] send message to 2: CRQ#3#3#0
[info] send message to 3: CRQ#3#3#0
[info] send message to 4: CRQ#3#3#0
[info] send message to 5: CRQ#3#3#0
[info] message from 1: vote#1
[info] message from 2: vote#1
[info] message from 3: CRQ#3#3#0
[info] I vote myself
[info] send message to 3: vote#1
[info] message from 4: vote#1
[info] message from 5: vote#1
[info] message from 3: vote#1
[info] send message to 3: ACK
[info] message from 3: ACK
[info] send message to 1: CAM#3
[info] send message to 2: CAM#3
[info] send message to 3: CAM#3
[info] send message to 4: CAM#3
[info] send message to 5: CAM#3
[info] message from 3: CAM#3
[info] third phase started!
