[info] Hello from node38
[info] I'm connected to nodes ['37', '38', '39']
[info] I have edges [('38', '37'), ('38', '38'), ('38', '39')]
[info] -- round 0 started!
[info] -- new id 31 selected!
[info] send message to 37: wave#0#31#0
[info] send message to 38: wave#0#31#0
[info] send message to 39: wave#0#31#0
[info] message from 39: wave#0#6#0
[info] message from 38: wave#0#31#0
[info] message from 39: wave#0#28#0
[info] message from 37: wave#0#36#0
[info] send message to 38: wave#0#36#0
[info] send message to 39: wave#0#36#0
[info] message from 38: wave#0#36#0
[info] message from 39: wave#0#34#0
[info] message from 39: wave#0#40#0
[info] send message to 37: wave#0#40#0
[info] send message to 38: wave#0#40#0
[info] message from 39: wave#1#24#0
[info] send message to 37: wave#1#24#0
[info] send message to 38: wave#1#24#0
[info] message from 38: wave#0#40#0
[info] message from 38: wave#1#24#0
[info] message from 37: wave#1#24#16
[info] after round 1 : parent is ['39'] and leader id is 24
[info] send message to 39: wave#1#24#17
[info] message from 39: exit
[info] send message to 37: exit
