[info] Hello from node19
[info] I'm connected to nodes ['18', '19', '20']
[info] I have edges [('19', '18'), ('19', '19'), ('19', '20')]
[info] -- round 0 started!
[info] -- new id 3 selected!
[info] send message to 18: wave#0#3#0
[info] send message to 19: wave#0#3#0
[info] send message to 20: wave#0#3#0
[info] message from 20: wave#0#40#0
[info] send message to 18: wave#0#40#0
[info] send message to 19: wave#0#40#0
[info] message from 18: wave#0#11#0
[info] message from 18: wave#0#24#0
[info] message from 18: wave#0#28#0
[info] message from 19: wave#0#3#0
[info] message from 19: wave#0#40#0
[info] message from 18: wave#0#40#3
[info] after round 0 : parent is ['20'] and leader id is 40
[info] send message to 20: wave#0#40#4
[info] message from 18: wave#0#40#6
[info] after round 0 : parent is ['20'] and leader id is 40
[info] send message to 20: wave#0#40#10
[info] message from 18: wave#1#24#0
[info] send message to 19: wave#1#24#0
[info] send message to 20: wave#1#24#0
[info] message from 19: wave#1#24#0
[info] message from 20: wave#1#24#2
[info] after round 1 : parent is ['18'] and leader id is 24
[info] send message to 18: wave#1#24#3
[info] message from 18: exit
[info] send message to 20: exit
