[info] Hello from node33
[info] I'm connected to nodes ['32', '33', '34']
[info] I have edges [('33', '32'), ('33', '33'), ('33', '34')]
[info] -- round 0 started!
[info] -- new id 14 selected!
[info] send message to 32: wave#0#14#0
[info] send message to 33: wave#0#14#0
[info] send message to 34: wave#0#14#0
[info] message from 34: wave#0#33#0
[info] send message to 32: wave#0#33#0
[info] send message to 33: wave#0#33#0
[info] message from 32: wave#0#19#0
[info] message from 33: wave#0#14#0
[info] message from 34: wave#0#36#0
[info] send message to 32: wave#0#36#0
[info] send message to 33: wave#0#36#0
[info] message from 33: wave#0#33#0
[info] message from 32: wave#0#30#0
[info] message from 33: wave#0#36#0
[info] message from 32: wave#0#40#0
[info] send message to 33: wave#0#40#0
[info] send message to 34: wave#0#40#0
[info] message from 34: wave#0#40#0
[info] message from 33: wave#0#40#0
[info] after round 0 : parent is ['32'] and leader id is 40
[info] send message to 32: wave#0#40#1
[info] message from 34: wave#1#24#0
[info] send message to 32: wave#1#24#0
[info] send message to 33: wave#1#24#0
[info] message from 33: wave#1#24#0
[info] message from 32: wave#1#24#11
[info] after round 1 : parent is ['34'] and leader id is 24
[info] send message to 34: wave#1#24#12
[info] message from 34: exit
[info] send message to 32: exit
