[info] Hello from node17
[info] I'm connected to nodes ['16', '17', '18']
[info] I have edges [('17', '16'), ('17', '17'), ('17', '18')]
[info] -- round 0 started!
[info] -- new id 3 selected!
[info] send message to 16: wave#0#3#0
[info] send message to 17: wave#0#3#0
[info] send message to 18: wave#0#3#0
[info] message from 16: wave#0#24#0
[info] send message to 17: wave#0#24#0
[info] send message to 18: wave#0#24#0
[info] message from 18: wave#0#11#0
[info] message from 17: wave#0#3#0
[info] message from 17: wave#0#24#0
[info] message from 16: wave#0#28#0
[info] send message to 17: wave#0#28#0
[info] send message to 18: wave#0#28#0
[info] message from 17: wave#0#28#0
[info] message from 18: wave#0#40#0
[info] send message to 16: wave#0#40#0
[info] send message to 17: wave#0#40#0
[info] message from 17: wave#0#40#0
[info] message from 16: wave#0#39#0
[info] message from 16: wave#0#40#1
[info] after round 0 : parent is ['18'] and leader id is 40
[info] send message to 18: wave#0#40#2
[info] message from 16: wave#0#40#1
[info] after round 0 : parent is ['18'] and leader id is 40
[info] send message to 18: wave#0#40#3
[info] message from 16: wave#1#24#0
[info] send message to 17: wave#1#24#0
[info] send message to 18: wave#1#24#0
[info] message from 17: wave#1#24#0
[info] message from 18: wave#1#24#4
[info] after round 1 : parent is ['16'] and leader id is 24
[info] send message to 16: wave#1#24#5
[info] message from 16: exit
[info] send message to 18: exit
