[info] Hello from node1
[info] I'm connected to nodes ['1', '2', '40']
[info] I have edges [('1', '1'), ('1', '2'), ('1', '40')]
[info] -- round 0 started!
[info] -- new id 27 selected!
[info] send message to 1: wave#0#27#0
[info] send message to 2: wave#0#27#0
[info] send message to 40: wave#0#27#0
[info] message from 2: wave#0#34#0
[info] send message to 1: wave#0#34#0
[info] send message to 40: wave#0#34#0
[info] message from 1: wave#0#27#0
[info] message from 1: wave#0#34#0
[info] message from 2: wave#0#40#0
[info] send message to 1: wave#0#40#0
[info] send message to 40: wave#0#40#0
[info] message from 1: wave#0#40#0
[info] message from 40: wave#0#28#0
[info] message from 2: wave#1#24#0
[info] send message to 1: wave#1#24#0
[info] send message to 40: wave#1#24#0
[info] message from 1: wave#1#24#0
[info] message from 40: wave#1#24#19
[info] after round 1 : parent is ['2'] and leader id is 24
[info] send message to 2: wave#1#24#20
[info] message from 2: exit
[info] send message to 40: exit
