[info] Hello from node13
[info] I'm connected to nodes ['12', '13', '14']
[info] I have edges [('13', '12'), ('13', '13'), ('13', '14')]
[info] -- round 0 started!
[info] -- new id 19 selected!
[info] send message to 12: wave#0#19#0
[info] send message to 13: wave#0#19#0
[info] send message to 14: wave#0#19#0
[info] message from 14: wave#0#20#0
[info] send message to 12: wave#0#20#0
[info] send message to 13: wave#0#20#0
[info] message from 13: wave#0#19#0
[info] message from 12: wave#0#39#0
[info] send message to 13: wave#0#39#0
[info] send message to 14: wave#0#39#0
[info] message from 14: wave#0#28#0
[info] message from 13: wave#0#20#0
[info] message from 13: wave#0#39#0
[info] message from 12: wave#0#40#0
[info] send message to 13: wave#0#40#0
[info] send message to 14: wave#0#40#0
[info] message from 13: wave#0#40#0
[info] message from 14: wave#0#40#2
[info] after round 0 : parent is ['12'] and leader id is 40
[info] send message to 12: wave#0#40#3
[info] message from 12: wave#1#24#0
[info] send message to 13: wave#1#24#0
[info] send message to 14: wave#1#24#0
[info] message from 13: wave#1#24#0
[info] message from 14: wave#1#24#8
[info] after round 1 : parent is ['12'] and leader id is 24
[info] send message to 12: wave#1#24#9
[info] message from 12: exit
[info] send message to 14: exit
