[info] Hello from node4
[info] I'm connected to nodes ['3', '4', '5']
[info] I have edges [('4', '3'), ('4', '4'), ('4', '5')]
[info] -- round 0 started!
[info] -- new id 7 selected!
[info] send message to 3: wave#0#7#0
[info] send message to 4: wave#0#7#0
[info] send message to 5: wave#0#7#0
[info] message from 4: wave#0#7#0
[info] message from 5: wave#0#40#0
[info] send message to 3: wave#0#40#0
[info] send message to 4: wave#0#40#0
[info] message from 4: wave#0#40#0
[info] message from 3: wave#0#33#0
[info] message from 3: wave#0#34#0
[info] message from 5: wave#1#24#0
[info] send message to 3: wave#1#24#0
[info] send message to 4: wave#1#24#0
[info] message from 4: wave#1#24#0
[info] message from 3: wave#1#24#22
[info] after round 1 : parent is ['5'] and leader id is 24
[info] send message to 5: wave#1#24#23
[info] message from 5: exit
[info] send message to 3: exit
