[info] Hello from node39
[info] I'm connected to nodes ['38', '39', '40']
[info] I have edges [('39', '38'), ('39', '39'), ('39', '40')]
[info] -- round 0 started!
[info] -- new id 6 selected!
[info] send message to 38: wave#0#6#0
[info] send message to 39: wave#0#6#0
[info] send message to 40: wave#0#6#0
[info] message from 39: wave#0#6#0
[info] message from 40: wave#0#28#0
[info] send message to 38: wave#0#28#0
[info] send message to 39: wave#0#28#0
[info] message from 38: wave#0#31#0
[info] send message to 39: wave#0#31#0
[info] send message to 40: wave#0#31#0
[info] message from 39: wave#0#28#0
[info] message from 40: wave#0#34#0
[info] send message to 38: wave#0#34#0
[info] send message to 39: wave#0#34#0
[info] message from 39: wave#0#31#0
[info] message from 38: wave#0#36#0
[info] send message to 39: wave#0#36#0
[info] send message to 40: wave#0#36#0
[info] message from 40: wave#0#40#0
[info] send message to 38: wave#0#40#0
[info] send message to 39: wave#0#40#0
[info] message from 39: wave#0#34#0
[info] message from 39: wave#0#36#0
[info] message from 40: wave#1#24#0
[info] send message to 38: wave#1#24#0
[info] send message to 39: wave#1#24#0
[info] message from 39: wave#0#40#0
[info] message from 39: wave#1#24#0
[info] message from 38: wave#1#24#17
[info] after round 1 : parent is ['40'] and leader id is 24
[info] send message to 40: wave#1#24#18
[info] message from 40: exit
[info] send message to 38: exit
