[info] Hello from node9
[info] I'm connected to nodes ['1', '9']
[info] I have edges [('9', '1'), ('9', '9')]
[info] -- round 0 started!
[info] -- new id 5 selected!
[info] send message to 1: wave#0#5#0
[info] send message to 9: wave#0#5#0
[info] message from 1: wave#0#28#0
[info] send message to 9: wave#0#28#0
[info] message from 9: wave#0#5#0
[info] after round 0 : parent is ['1'] and leader id is 28
[info] send message to 1: wave#0#28#1
[info] message from 9: wave#0#28#0
[info] after round 0 : parent is ['1'] and leader id is 28
[info] send message to 1: wave#0#28#1
[info] message from 1: wave#0#30#0
[info] send message to 9: wave#0#30#0
[info] message from 9: wave#0#30#0
[info] after round 0 : parent is ['1'] and leader id is 30
[info] send message to 1: wave#0#30#1
[info] message from 1: wave#0#33#0
[info] send message to 9: wave#0#33#0
[info] message from 9: wave#0#33#0
[info] after round 0 : parent is ['1'] and leader id is 33
[info] send message to 1: wave#0#33#1
[info] message from 1: wave#1#34#0
[info] send message to 9: wave#1#34#0
[info] message from 9: wave#1#34#0
[info] after round 1 : parent is ['1'] and leader id is 34
[info] send message to 1: wave#1#34#1
[info] message from 1: exit
