[info] Hello from node29
[info] I'm connected to nodes ['1', '29']
[info] I have edges [('29', '1'), ('29', '29')]
[info] -- round 0 started!
[info] -- new id 18 selected!
[info] send message to 1: wave#0#18#0
[info] send message to 29: wave#0#18#0
[info] message from 29: wave#0#18#0
[info] message from 1: wave#0#28#0
[info] send message to 29: wave#0#28#0
[info] message from 29: wave#0#28#0
[info] after round 0 : parent is ['1'] and leader id is 28
[info] send message to 1: wave#0#28#1
[info] message from 1: wave#0#30#0
[info] send message to 29: wave#0#30#0
[info] message from 29: wave#0#30#0
[info] after round 0 : parent is ['1'] and leader id is 30
[info] send message to 1: wave#0#30#1
[info] message from 1: wave#0#33#0
[info] send message to 29: wave#0#33#0
[info] message from 29: wave#0#33#0
[info] after round 0 : parent is ['1'] and leader id is 33
[info] send message to 1: wave#0#33#1
[info] message from 1: wave#1#34#0
[info] send message to 29: wave#1#34#0
[info] message from 29: wave#1#34#0
[info] after round 1 : parent is ['1'] and leader id is 34
[info] send message to 1: wave#1#34#1
[info] message from 1: exit
