[info] Hello from node32
[info] I'm connected to nodes ['1', '32']
[info] I have edges [('32', '1'), ('32', '32')]
[info] -- round 0 started!
[info] -- new id 31 selected!
[info] send message to 1: wave#0#31#0
[info] send message to 32: wave#0#31#0
[info] message from 32: wave#0#31#0
[info] message from 1: wave#0#28#0
[info] message from 1: wave#0#30#0
[info] message from 1: wave#0#33#0
[info] send message to 32: wave#0#33#0
[info] message from 32: wave#0#33#0
[info] after round 0 : parent is ['1'] and leader id is 33
[info] send message to 1: wave#0#33#1
[info] message from 1: wave#1#34#0
[info] send message to 32: wave#1#34#0
[info] message from 32: wave#1#34#0
[info] after round 1 : parent is ['1'] and leader id is 34
[info] send message to 1: wave#1#34#1
[info] message from 1: exit
