[info] Hello from node25
[info] I'm connected to nodes ['24', '25', '26']
[info] I have edges [('25', '24'), ('25', '25'), ('25', '26')]
[info] -- round 0 started!
[info] -- new id 18 selected!
[info] send message to 24: wave#0#18#0
[info] send message to 25: wave#0#18#0
[info] send message to 26: wave#0#18#0
[info] message from 26: wave#0#9#0
[info] message from 24: wave#0#43#0
[info] send message to 25: wave#0#43#0
[info] send message to 26: wave#0#43#0
[info] message from 26: wave#0#43#0
[info] message from 25: wave#0#18#0
[info] after round 0 : parent is ['24'] and leader id is 43
[info] send message to 24: wave#0#43#1
[info] message from 25: wave#0#43#0
[info] after round 0 : parent is ['24'] and leader id is 43
[info] send message to 24: wave#0#43#1
[info] message from 26: wave#1#43#0
[info] send message to 24: wave#1#43#0
[info] send message to 25: wave#1#43#0
[info] message from 25: wave#1#43#0
[info] message from 24: wave#1#43#24
[info] after round 1 : parent is ['26'] and leader id is 43
[info] send message to 26: wave#1#43#25
[info] message from 26: exit
[info] send message to 24: exit
