[info] Hello from node13
[info] I'm connected to nodes ['12', '13', '14']
[info] I have edges [('13', '12'), ('13', '13'), ('13', '14')]
[info] -- round 0 started!
[info] -- new id 44 selected!
[info] send message to 12: wave#0#44#0
[info] send message to 13: wave#0#44#0
[info] send message to 14: wave#0#44#0
[info] message from 14: wave#0#43#0
[info] message from 13: wave#0#44#0
[info] message from 12: wave#0#29#0
[info] message from 12: wave#0#45#0
[info] send message to 13: wave#0#45#0
[info] send message to 14: wave#0#45#0
[info] message from 13: wave#0#45#0
[info] message from 14: wave#1#43#0
[info] send message to 12: wave#1#43#0
[info] send message to 13: wave#1#43#0
[info] message from 13: wave#1#43#0
[info] message from 12: wave#1#43#12
[info] after round 1 : parent is ['14'] and leader id is 43
[info] send message to 14: wave#1#43#13
[info] message from 14: exit
[info] send message to 12: exit
