[info] Hello from node41
[info] I'm connected to nodes ['40', '41', '42']
[info] I have edges [('41', '40'), ('41', '41'), ('41', '42')]
[info] -- round 0 started!
[info] -- new id 32 selected!
[info] send message to 40: wave#0#32#0
[info] send message to 41: wave#0#32#0
[info] send message to 42: wave#0#32#0
[info] message from 41: wave#0#32#0
[info] message from 40: wave#0#34#0
[info] send message to 41: wave#0#34#0
[info] send message to 42: wave#0#34#0
[info] message from 41: wave#0#34#0
[info] message from 42: wave#0#19#0
[info] message from 42: wave#0#35#0
[info] send message to 40: wave#0#35#0
[info] send message to 41: wave#0#35#0
[info] message from 40: wave#0#44#0
[info] send message to 41: wave#0#44#0
[info] send message to 42: wave#0#44#0
[info] message from 41: wave#0#35#0
[info] message from 42: wave#0#38#0
[info] message from 41: wave#0#44#0
[info] message from 40: wave#1#43#0
[info] send message to 41: wave#1#43#0
[info] send message to 42: wave#1#43#0
[info] message from 41: wave#1#43#0
[info] message from 42: wave#0#44#4
[info] message from 42: wave#1#43#4
[info] after round 1 : parent is ['40'] and leader id is 43
[info] send message to 40: wave#1#43#5
[info] message from 40: exit
[info] send message to 42: exit
