[info] Hello from node2
[info] I'm connected to nodes ['1', '2', '3']
[info] I have edges [('2', '1'), ('2', '2'), ('2', '3')]
[info] -- round 0 started!
[info] -- new id 43 selected!
[info] send message to 1: wave#0#43#0
[info] send message to 2: wave#0#43#0
[info] send message to 3: wave#0#43#0
[info] message from 2: wave#0#43#0
[info] message from 1: wave#0#34#0
[info] message from 1: wave#0#43#1
[info] message from 1: wave#0#43#1
[info] message from 3: wave#0#42#0
[info] message from 3: wave#0#45#0
[info] send message to 1: wave#0#45#0
[info] send message to 2: wave#0#45#0
[info] message from 2: wave#0#45#0
[info] message from 1: wave#0#45#1
[info] after round 0 : parent is ['3'] and leader id is 45
[info] send message to 3: wave#0#45#2
[info] message from 3: wave#1#43#0
[info] send message to 1: wave#1#43#0
[info] send message to 2: wave#1#43#0
[info] message from 2: wave#1#43#0
[info] message from 1: wave#1#43#1
[info] after round 1 : parent is ['3'] and leader id is 43
[info] send message to 3: wave#1#43#2
[info] message from 3: exit
[info] send message to 1: exit
