[info] Hello from node24
[info] I'm connected to nodes ['23', '24', '25']
[info] I have edges [('24', '23'), ('24', '24'), ('24', '25')]
[info] -- round 0 started!
[info] -- new id 43 selected!
[info] send message to 23: wave#0#43#0
[info] send message to 24: wave#0#43#0
[info] send message to 25: wave#0#43#0
[info] message from 23: wave#0#21#0
[info] message from 24: wave#0#43#0
[info] message from 25: wave#0#18#0
[info] message from 25: wave#0#43#1
[info] message from 25: wave#0#43#1
[info] message from 25: wave#1#43#0
[info] send message to 23: wave#1#43#0
[info] send message to 24: wave#1#43#0
[info] message from 23: wave#0#43#4
[info] message from 24: wave#1#43#0
[info] message from 23: wave#1#43#23
[info] after round 1 : parent is ['25'] and leader id is 43
[info] send message to 25: wave#1#43#24
[info] message from 25: exit
[info] send message to 23: exit
