[info] Hello from node12
[info] I'm connected to nodes ['11', '12', '13']
[info] I have edges [('12', '11'), ('12', '12'), ('12', '13')]
[info] -- round 0 started!
[info] -- new id 29 selected!
[info] send message to 11: wave#0#29#0
[info] send message to 12: wave#0#29#0
[info] send message to 13: wave#0#29#0
[info] message from 13: wave#0#44#0
[info] send message to 11: wave#0#44#0
[info] send message to 12: wave#0#44#0
[info] message from 11: wave#0#15#0
[info] message from 12: wave#0#29#0
[info] message from 11: wave#0#31#0
[info] message from 12: wave#0#44#0
[info] message from 11: wave#0#45#0
[info] send message to 12: wave#0#45#0
[info] send message to 13: wave#0#45#0
[info] message from 12: wave#0#45#0
[info] message from 13: wave#1#43#0
[info] send message to 11: wave#1#43#0
[info] send message to 12: wave#1#43#0
[info] message from 12: wave#1#43#0
[info] message from 11: wave#1#43#11
[info] after round 1 : parent is ['13'] and leader id is 43
[info] send message to 13: wave#1#43#12
[info] message from 13: exit
[info] send message to 11: exit
