[info] Hello from node19
[info] I'm connected to nodes ['18', '19', '20']
[info] I have edges [('19', '18'), ('19', '19'), ('19', '20')]
[info] -- round 0 started!
[info] -- new id 20 selected!
[info] send message to 18: wave#0#20#0
[info] send message to 19: wave#0#20#0
[info] send message to 20: wave#0#20#0
[info] message from 18: wave#0#36#0
[info] send message to 19: wave#0#36#0
[info] send message to 20: wave#0#36#0
[info] message from 19: wave#0#20#0
[info] message from 19: wave#0#36#0
[info] message from 20: wave#0#18#0
[info] message from 18: wave#0#43#0
[info] send message to 19: wave#0#43#0
[info] send message to 20: wave#0#43#0
[info] message from 19: wave#0#43#0
[info] message from 20: wave#0#30#0
[info] message from 20: wave#0#32#0
[info] message from 18: wave#0#44#0
[info] send message to 19: wave#0#44#0
[info] send message to 20: wave#0#44#0
[info] message from 19: wave#0#44#0
[info] message from 20: wave#0#43#0
[info] message from 20: wave#1#43#0
[info] send message to 18: wave#1#43#0
[info] send message to 19: wave#1#43#0
[info] message from 19: wave#1#43#0
[info] message from 18: wave#1#43#18
[info] after round 1 : parent is ['20'] and leader id is 43
[info] send message to 20: wave#1#43#19
[info] message from 20: exit
[info] send message to 18: exit
