[info] Hello from node8
[info] I'm connected to nodes ['7', '8', '9']
[info] I have edges [('8', '7'), ('8', '8'), ('8', '9')]
[info] -- round 0 started!
[info] -- new id 16 selected!
[info] send message to 7: wave#0#16#0
[info] send message to 8: wave#0#16#0
[info] send message to 9: wave#0#16#0
[info] message from 7: wave#0#20#0
[info] send message to 8: wave#0#20#0
[info] send message to 9: wave#0#20#0
[info] message from 7: wave#0#31#0
[info] send message to 8: wave#0#31#0
[info] send message to 9: wave#0#31#0
[info] message from 8: wave#0#16#0
[info] message from 8: wave#0#20#0
[info] message from 8: wave#0#31#0
[info] message from 9: wave#0#7#0
[info] message from 9: wave#0#32#0
[info] send message to 7: wave#0#32#0
[info] send message to 8: wave#0#32#0
[info] message from 8: wave#0#32#0
[info] message from 7: wave#0#32#7
[info] after round 0 : parent is ['9'] and leader id is 32
[info] send message to 9: wave#0#32#8
[info] message from 9: wave#0#34#0
[info] send message to 7: wave#0#34#0
[info] send message to 8: wave#0#34#0
[info] message from 8: wave#0#34#0
[info] message from 7: wave#0#34#7
[info] after round 0 : parent is ['9'] and leader id is 34
[info] send message to 9: wave#0#34#8
[info] message from 9: wave#1#28#0
[info] send message to 7: wave#1#28#0
[info] send message to 8: wave#1#28#0
[info] message from 8: wave#1#28#0
[info] message from 7: wave#1#28#7
[info] after round 1 : parent is ['9'] and leader id is 28
[info] send message to 9: wave#1#28#8
[info] message from 9: exit
[info] send message to 7: exit
