[info] Hello from node30
[info] I'm connected to nodes ['29', '30', '31']
[info] I have edges [('30', '29'), ('30', '30'), ('30', '31')]
[info] -- round 0 started!
[info] -- new id 2 selected!
[info] send message to 29: wave#0#2#0
[info] send message to 30: wave#0#2#0
[info] send message to 31: wave#0#2#0
[info] message from 30: wave#0#2#0
[info] message from 31: wave#0#6#0
[info] send message to 29: wave#0#6#0
[info] send message to 30: wave#0#6#0
[info] message from 30: wave#0#6#0
[info] message from 31: wave#0#26#0
[info] send message to 29: wave#0#26#0
[info] send message to 30: wave#0#26#0
[info] message from 30: wave#0#26#0
[info] message from 29: wave#0#10#0
[info] message from 31: wave#0#27#0
[info] send message to 29: wave#0#27#0
[info] send message to 30: wave#0#27#0
[info] message from 30: wave#0#27#0
[info] message from 29: wave#0#33#0
[info] send message to 30: wave#0#33#0
[info] send message to 31: wave#0#33#0
[info] message from 30: wave#0#33#0
[info] message from 31: wave#1#28#0
[info] send message to 29: wave#1#28#0
[info] send message to 30: wave#1#28#0
[info] message from 29: wave#0#34#0
[info] message from 30: wave#1#28#0
[info] message from 29: wave#1#28#29
[info] after round 1 : parent is ['31'] and leader id is 28
[info] send message to 31: wave#1#28#30
[info] message from 31: exit
[info] send message to 29: exit
