[info] Hello from node14
[info] I'm connected to nodes ['13', '14', '15']
[info] I have edges [('14', '13'), ('14', '14'), ('14', '15')]
[info] -- round 0 started!
[info] -- new id 18 selected!
[info] send message to 13: wave#0#18#0
[info] send message to 14: wave#0#18#0
[info] send message to 15: wave#0#18#0
[info] message from 15: wave#0#25#0
[info] send message to 13: wave#0#25#0
[info] send message to 14: wave#0#25#0
[info] message from 14: wave#0#18#0
[info] message from 14: wave#0#25#0
[info] message from 13: wave#0#27#0
[info] send message to 14: wave#0#27#0
[info] send message to 15: wave#0#27#0
[info] message from 14: wave#0#27#0
[info] message from 13: wave#0#32#0
[info] send message to 14: wave#0#32#0
[info] send message to 15: wave#0#32#0
[info] message from 14: wave#0#32#0
[info] message from 15: wave#0#34#0
[info] send message to 13: wave#0#34#0
[info] send message to 14: wave#0#34#0
[info] message from 14: wave#0#34#0
[info] message from 15: wave#1#28#0
[info] send message to 13: wave#1#28#0
[info] send message to 14: wave#1#28#0
[info] message from 14: wave#1#28#0
[info] message from 13: wave#1#28#13
[info] after round 1 : parent is ['15'] and leader id is 28
[info] send message to 15: wave#1#28#14
[info] message from 15: exit
[info] send message to 13: exit
