[info] Hello from node5
[info] I'm connected to nodes ['4', '5', '6']
[info] I have edges [('5', '4'), ('5', '5'), ('5', '6')]
[info] -- round 0 started!
[info] -- new id 10 selected!
[info] send message to 4: wave#0#10#0
[info] send message to 5: wave#0#10#0
[info] send message to 6: wave#0#10#0
[info] message from 4: wave#0#3#0
[info] message from 4: wave#0#19#0
[info] send message to 5: wave#0#19#0
[info] send message to 6: wave#0#19#0
[info] message from 5: wave#0#10#0
[info] message from 6: wave#0#31#0
[info] send message to 4: wave#0#31#0
[info] send message to 5: wave#0#31#0
[info] message from 5: wave#0#19#0
[info] message from 5: wave#0#31#0
[info] message from 4: wave#0#31#4
[info] after round 0 : parent is ['6'] and leader id is 31
[info] send message to 6: wave#0#31#5
[info] message from 6: wave#0#32#0
[info] send message to 4: wave#0#32#0
[info] send message to 5: wave#0#32#0
[info] message from 5: wave#0#32#0
[info] message from 4: wave#0#32#4
[info] after round 0 : parent is ['6'] and leader id is 32
[info] send message to 6: wave#0#32#5
[info] message from 6: wave#0#34#0
[info] send message to 4: wave#0#34#0
[info] send message to 5: wave#0#34#0
[info] message from 5: wave#0#34#0
[info] message from 4: wave#0#34#4
[info] after round 0 : parent is ['6'] and leader id is 34
[info] send message to 6: wave#0#34#5
[info] message from 6: wave#1#28#0
[info] send message to 4: wave#1#28#0
[info] send message to 5: wave#1#28#0
[info] message from 5: wave#1#28#0
[info] message from 4: wave#1#28#4
[info] after round 1 : parent is ['6'] and leader id is 28
[info] send message to 6: wave#1#28#5
[info] message from 6: exit
[info] send message to 4: exit
