[info] Hello from node2
[info] I'm connected to nodes ['1', '2', '3']
[info] I have edges [('2', '1'), ('2', '2'), ('2', '3')]
[info] -- round 0 started!
[info] -- new id 2 selected!
[info] send message to 1: wave#0#2#0
[info] send message to 2: wave#0#2#0
[info] send message to 3: wave#0#2#0
[info] message from 3: wave#0#19#0
[info] send message to 1: wave#0#19#0
[info] send message to 2: wave#0#19#0
[info] message from 2: wave#0#2#0
[info] message from 2: wave#0#19#0
[info] message from 1: wave#0#1#0
[info] message from 1: wave#0#19#1
[info] after round 0 : parent is ['3'] and leader id is 19
[info] send message to 3: wave#0#19#2
[info] message from 1: wave#0#19#1
[info] after round 0 : parent is ['3'] and leader id is 19
[info] send message to 3: wave#0#19#3
[info] message from 1: wave#0#19#1
[info] after round 0 : parent is ['3'] and leader id is 19
[info] send message to 3: wave#0#19#4
[info] message from 3: wave#0#31#0
[info] send message to 1: wave#0#31#0
[info] send message to 2: wave#0#31#0
[info] message from 2: wave#0#31#0
[info] message from 1: wave#0#31#1
[info] after round 0 : parent is ['3'] and leader id is 31
[info] send message to 3: wave#0#31#2
[info] message from 3: wave#0#32#0
[info] send message to 1: wave#0#32#0
[info] send message to 2: wave#0#32#0
[info] message from 2: wave#0#32#0
[info] message from 1: wave#0#32#1
[info] after round 0 : parent is ['3'] and leader id is 32
[info] send message to 3: wave#0#32#2
[info] message from 3: wave#0#34#0
[info] send message to 1: wave#0#34#0
[info] send message to 2: wave#0#34#0
[info] message from 2: wave#0#34#0
[info] message from 1: wave#0#34#1
[info] after round 0 : parent is ['3'] and leader id is 34
[info] send message to 3: wave#0#34#2
[info] message from 3: wave#1#28#0
[info] send message to 1: wave#1#28#0
[info] send message to 2: wave#1#28#0
[info] message from 2: wave#1#28#0
[info] message from 1: wave#1#28#1
[info] after round 1 : parent is ['3'] and leader id is 28
[info] send message to 3: wave#1#28#2
[info] message from 3: exit
[info] send message to 1: exit
