[info] Hello from node17
[info] I'm connected to nodes ['16', '17', '18']
[info] I have edges [('17', '16'), ('17', '17'), ('17', '18')]
[info] -- round 0 started!
[info] -- new id 19 selected!
[info] send message to 16: wave#0#19#0
[info] send message to 17: wave#0#19#0
[info] send message to 18: wave#0#19#0
[info] message from 16: wave#0#4#0
[info] message from 16: wave#0#25#0
[info] send message to 17: wave#0#25#0
[info] send message to 18: wave#0#25#0
[info] message from 18: wave#0#13#0
[info] message from 17: wave#0#19#0
[info] message from 17: wave#0#25#0
[info] message from 18: wave#0#17#0
[info] message from 16: wave#0#27#0
[info] send message to 17: wave#0#27#0
[info] send message to 18: wave#0#27#0
[info] message from 17: wave#0#27#0
[info] message from 16: wave#0#32#0
[info] send message to 17: wave#0#32#0
[info] send message to 18: wave#0#32#0
[info] message from 18: wave#0#29#0
[info] message from 17: wave#0#32#0
[info] message from 18: wave#0#34#0
[info] send message to 16: wave#0#34#0
[info] send message to 17: wave#0#34#0
[info] message from 17: wave#0#34#0
[info] message from 18: wave#1#28#0
[info] send message to 16: wave#1#28#0
[info] send message to 17: wave#1#28#0
[info] message from 17: wave#1#28#0
[info] message from 16: wave#1#28#16
[info] after round 1 : parent is ['18'] and leader id is 28
[info] send message to 18: wave#1#28#17
[info] message from 18: exit
[info] send message to 16: exit
