[info] Hello from node18
[info] I'm connected to nodes ['17', '18', '19']
[info] I have edges [('18', '17'), ('18', '18'), ('18', '19')]
[info] -- round 0 started!
[info] -- new id 32 selected!
[info] send message to 17: wave#0#32#0
[info] send message to 18: wave#0#32#0
[info] send message to 19: wave#0#32#0
[info] message from 19: wave#0#43#0
[info] send message to 17: wave#0#43#0
[info] send message to 18: wave#0#43#0
[info] message from 17: wave#0#4#0
[info] message from 18: wave#0#32#0
[info] message from 17: wave#0#14#0
[info] message from 18: wave#0#43#0
[info] message from 17: wave#0#45#0
[info] send message to 18: wave#0#45#0
[info] send message to 19: wave#0#45#0
[info] message from 18: wave#0#45#0
[info] message from 19: wave#0#45#27
[info] after round 0 : parent is ['17'] and leader id is 45
[info] send message to 17: wave#0#45#28
[info] message from 17: exit
[info] send message to 19: exit
