[info] Hello from node5
[info] I'm connected to nodes ['4', '5', '6']
[info] I have edges [('5', '4'), ('5', '5'), ('5', '6')]
[info] -- round 0 started!
[info] -- new id 31 selected!
[info] send message to 4: wave#0#31#0
[info] send message to 5: wave#0#31#0
[info] send message to 6: wave#0#31#0
[info] message from 5: wave#0#31#0
[info] message from 6: wave#0#33#0
[info] send message to 4: wave#0#33#0
[info] send message to 5: wave#0#33#0
[info] message from 5: wave#0#33#0
[info] message from 4: wave#0#28#0
[info] message from 4: wave#0#33#4
[info] after round 0 : parent is ['6'] and leader id is 33
[info] send message to 6: wave#0#33#5
[info] message from 6: wave#0#43#0
[info] send message to 4: wave#0#43#0
[info] send message to 5: wave#0#43#0
[info] message from 5: wave#0#43#0
[info] message from 4: wave#0#43#4
[info] after round 0 : parent is ['6'] and leader id is 43
[info] send message to 6: wave#0#43#5
[info] message from 6: wave#0#45#0
[info] send message to 4: wave#0#45#0
[info] send message to 5: wave#0#45#0
[info] message from 5: wave#0#45#0
[info] message from 4: wave#0#45#4
[info] after round 0 : parent is ['6'] and leader id is 45
[info] send message to 6: wave#0#45#5
[info] message from 6: exit
[info] send message to 4: exit
