[info] Hello from node40
[info] I'm connected to nodes ['39', '40', '41']
[info] I have edges [('40', '39'), ('40', '40'), ('40', '41')]
[info] -- round 0 started!
[info] -- new id 32 selected!
[info] send message to 39: wave#0#32#0
[info] send message to 40: wave#0#32#0
[info] send message to 41: wave#0#32#0
[info] message from 39: wave#0#39#0
[info] send message to 40: wave#0#39#0
[info] send message to 41: wave#0#39#0
[info] message from 41: wave#0#38#0
[info] message from 40: wave#0#32#0
[info] message from 40: wave#0#39#0
[info] message from 39: wave#0#40#0
[info] send message to 40: wave#0#40#0
[info] send message to 41: wave#0#40#0
[info] message from 40: wave#0#40#0
[info] message from 39: wave#0#44#0
[info] send message to 40: wave#0#44#0
[info] send message to 41: wave#0#44#0
[info] message from 40: wave#0#44#0
[info] message from 39: wave#0#45#0
[info] send message to 40: wave#0#45#0
[info] send message to 41: wave#0#45#0
[info] message from 40: wave#0#45#0
[info] message from 41: wave#0#45#5
[info] after round 0 : parent is ['39'] and leader id is 45
[info] send message to 39: wave#0#45#6
[info] message from 39: exit
[info] send message to 41: exit
