[info] Hello from node4
[info] I'm connected to nodes ['3', '4', '5']
[info] I have edges [('4', '3'), ('4', '4'), ('4', '5')]
[info] -- round 0 started!
[info] -- new id 28 selected!
[info] send message to 3: wave#0#28#0
[info] send message to 4: wave#0#28#0
[info] send message to 5: wave#0#28#0
[info] message from 3: wave#0#12#0
[info] message from 5: wave#0#31#0
[info] send message to 3: wave#0#31#0
[info] send message to 4: wave#0#31#0
[info] message from 5: wave#0#33#0
[info] send message to 3: wave#0#33#0
[info] send message to 4: wave#0#33#0
[info] message from 4: wave#0#28#0
[info] message from 3: wave#0#28#3
[info] message from 4: wave#0#31#0
[info] message from 4: wave#0#33#0
[info] message from 3: wave#0#33#3
[info] after round 0 : parent is ['5'] and leader id is 33
[info] send message to 5: wave#0#33#4
[info] message from 5: wave#0#43#0
[info] send message to 3: wave#0#43#0
[info] send message to 4: wave#0#43#0
[info] message from 4: wave#0#43#0
[info] message from 3: wave#0#43#3
[info] after round 0 : parent is ['5'] and leader id is 43
[info] send message to 5: wave#0#43#4
[info] message from 5: wave#0#45#0
[info] send message to 3: wave#0#45#0
[info] send message to 4: wave#0#45#0
[info] message from 4: wave#0#45#0
[info] message from 3: wave#0#45#3
[info] after round 0 : parent is ['5'] and leader id is 45
[info] send message to 5: wave#0#45#4
[info] message from 5: exit
[info] send message to 3: exit
