[info] Hello from node33
[info] I'm connected to nodes ['32', '33', '34']
[info] I have edges [('33', '32'), ('33', '33'), ('33', '34')]
[info] -- round 0 started!
[info] -- new id 40 selected!
[info] send message to 32: wave#0#40#0
[info] send message to 33: wave#0#40#0
[info] send message to 34: wave#0#40#0
[info] message from 32: wave#0#5#0
[info] message from 33: wave#0#40#0
[info] message from 34: wave#0#13#0
[info] message from 32: wave#0#44#0
[info] send message to 33: wave#0#44#0
[info] send message to 34: wave#0#44#0
[info] message from 33: wave#0#44#0
[info] message from 32: wave#0#45#0
[info] send message to 33: wave#0#45#0
[info] send message to 34: wave#0#45#0
[info] message from 33: wave#0#45#0
[info] message from 34: wave#0#45#12
[info] after round 0 : parent is ['32'] and leader id is 45
[info] send message to 32: wave#0#45#13
[info] message from 32: exit
[info] send message to 34: exit
