[info] Hello from node1
[info] I'm connected to nodes ['1', '2']
[info] I have edges [('1', '1'), ('1', '2')]
[info] -- round 0 started!
[info] -- new id 8 selected!
[info] send message to 1: wave#0#8#0
[info] send message to 2: wave#0#8#0
[info] message from 1: wave#0#8#0
[info] message from 2: wave#0#26#0
[info] send message to 1: wave#0#26#0
[info] message from 1: wave#0#26#0
[info] after round 0 : parent is ['2'] and leader id is 26
[info] send message to 2: wave#0#26#1
[info] message from 2: wave#0#27#0
[info] send message to 1: wave#0#27#0
[info] message from 1: wave#0#27#0
[info] after round 0 : parent is ['2'] and leader id is 27
[info] send message to 2: wave#0#27#1
[info] message from 2: wave#0#33#0
[info] send message to 1: wave#0#33#0
[info] message from 1: wave#0#33#0
[info] after round 0 : parent is ['2'] and leader id is 33
[info] send message to 2: wave#0#33#1
[info] message from 2: wave#0#40#0
[info] send message to 1: wave#0#40#0
[info] message from 1: wave#0#40#0
[info] after round 0 : parent is ['2'] and leader id is 40
[info] send message to 2: wave#0#40#1
[info] message from 2: exit
