[info] Hello from node28
[info] I'm connected to nodes ['27', '28', '29']
[info] I have edges [('28', '27'), ('28', '28'), ('28', '29')]
[info] -- round 0 started!
[info] -- new id 25 selected!
[info] send message to 27: wave#0#25#0
[info] send message to 28: wave#0#25#0
[info] send message to 29: wave#0#25#0
[info] message from 28: wave#0#25#0
[info] message from 29: wave#0#7#0
[info] message from 27: wave#0#19#0
[info] message from 27: wave#0#27#0
[info] send message to 28: wave#0#27#0
[info] send message to 29: wave#0#27#0
[info] message from 28: wave#0#27#0
[info] message from 29: wave#0#33#0
[info] send message to 27: wave#0#33#0
[info] send message to 28: wave#0#33#0
[info] message from 27: wave#0#33#0
[info] message from 28: wave#0#33#0
[info] after round 0 : parent is ['29'] and leader id is 33
[info] send message to 29: wave#0#33#1
[info] message from 29: wave#0#36#0
[info] send message to 27: wave#0#36#0
[info] send message to 28: wave#0#36#0
[info] message from 28: wave#0#36#0
[info] message from 27: wave#0#40#0
[info] send message to 28: wave#0#40#0
[info] send message to 29: wave#0#40#0
[info] message from 28: wave#0#40#0
[info] message from 29: wave#0#40#12
[info] after round 0 : parent is ['27'] and leader id is 40
[info] send message to 27: wave#0#40#13
[info] message from 27: exit
[info] send message to 29: exit
