[info] Hello from node35
[info] I'm connected to nodes ['34', '35', '36']
[info] I have edges [('35', '34'), ('35', '35'), ('35', '36')]
[info] -- round 0 started!
[info] -- new id 11 selected!
[info] send message to 34: wave#0#11#0
[info] send message to 35: wave#0#11#0
[info] send message to 36: wave#0#11#0
[info] message from 36: wave#0#15#0
[info] send message to 34: wave#0#15#0
[info] send message to 35: wave#0#15#0
[info] message from 35: wave#0#11#0
[info] message from 34: wave#0#31#0
[info] send message to 35: wave#0#31#0
[info] send message to 36: wave#0#31#0
[info] message from 35: wave#0#15#0
[info] message from 35: wave#0#31#0
[info] message from 34: wave#0#36#0
[info] send message to 35: wave#0#36#0
[info] send message to 36: wave#0#36#0
[info] message from 35: wave#0#36#0
[info] message from 36: wave#0#36#5
[info] after round 0 : parent is ['34'] and leader id is 36
[info] send message to 34: wave#0#36#6
[info] message from 34: wave#0#40#0
[info] send message to 35: wave#0#40#0
[info] send message to 36: wave#0#40#0
[info] message from 35: wave#0#40#0
[info] message from 36: wave#0#40#5
[info] after round 0 : parent is ['34'] and leader id is 40
[info] send message to 34: wave#0#40#6
[info] message from 34: exit
[info] send message to 36: exit
