[info] Hello from node29
[info] I'm connected to nodes ['28', '29', '30']
[info] I have edges [('29', '28'), ('29', '29'), ('29', '30')]
[info] -- round 0 started!
[info] -- new id 7 selected!
[info] send message to 28: wave#0#7#0
[info] send message to 29: wave#0#7#0
[info] send message to 30: wave#0#7#0
[info] message from 28: wave#0#25#0
[info] send message to 29: wave#0#25#0
[info] send message to 30: wave#0#25#0
[info] message from 30: wave#0#23#0
[info] message from 29: wave#0#7#0
[info] message from 29: wave#0#25#0
[info] message from 30: wave#0#33#0
[info] send message to 28: wave#0#33#0
[info] send message to 29: wave#0#33#0
[info] message from 28: wave#0#27#0
[info] message from 29: wave#0#33#0
[info] message from 30: wave#0#36#0
[info] send message to 28: wave#0#36#0
[info] send message to 29: wave#0#36#0
[info] message from 28: wave#0#33#1
[info] message from 29: wave#0#36#0
[info] message from 28: wave#0#40#0
[info] send message to 29: wave#0#40#0
[info] send message to 30: wave#0#40#0
[info] message from 29: wave#0#40#0
[info] message from 30: wave#0#40#11
[info] after round 0 : parent is ['28'] and leader id is 40
[info] send message to 28: wave#0#40#12
[info] message from 28: exit
[info] send message to 30: exit
