[info] Hello from node18
[info] I'm connected to nodes ['17', '18', '19']
[info] I have edges [('18', '17'), ('18', '18'), ('18', '19')]
[info] -- round 0 started!
[info] -- new id 1 selected!
[info] send message to 17: wave#0#1#0
[info] send message to 18: wave#0#1#0
[info] send message to 19: wave#0#1#0
[info] message from 19: wave#0#20#0
[info] send message to 17: wave#0#20#0
[info] send message to 18: wave#0#20#0
[info] message from 18: wave#0#1#0
[info] message from 17: wave#0#35#0
[info] send message to 18: wave#0#35#0
[info] send message to 19: wave#0#35#0
[info] message from 18: wave#0#20#0
[info] message from 19: wave#0#24#0
[info] message from 18: wave#0#35#0
[info] message from 17: wave#0#40#0
[info] send message to 18: wave#0#40#0
[info] send message to 19: wave#0#40#0
[info] message from 18: wave#0#40#0
[info] message from 19: wave#0#40#22
[info] after round 0 : parent is ['17'] and leader id is 40
[info] send message to 17: wave#0#40#23
[info] message from 17: exit
[info] send message to 19: exit
