[info] Hello from node2
[info] I'm connected to nodes ['1', '2', '3']
[info] I have edges [('2', '1'), ('2', '2'), ('2', '3')]
[info] -- round 0 started!
[info] -- new id 26 selected!
[info] send message to 1: wave#0#26#0
[info] send message to 2: wave#0#26#0
[info] send message to 3: wave#0#26#0
[info] message from 1: wave#0#8#0
[info] message from 2: wave#0#26#0
[info] message from 1: wave#0#26#1
[info] message from 3: wave#0#27#0
[info] send message to 1: wave#0#27#0
[info] send message to 2: wave#0#27#0
[info] message from 2: wave#0#27#0
[info] message from 1: wave#0#27#1
[info] after round 0 : parent is ['3'] and leader id is 27
[info] send message to 3: wave#0#27#2
[info] message from 3: wave#0#33#0
[info] send message to 1: wave#0#33#0
[info] send message to 2: wave#0#33#0
[info] message from 1: wave#0#33#1
[info] message from 2: wave#0#33#0
[info] after round 0 : parent is ['3'] and leader id is 33
[info] send message to 3: wave#0#33#2
[info] message from 3: wave#0#40#0
[info] send message to 1: wave#0#40#0
[info] send message to 2: wave#0#40#0
[info] message from 2: wave#0#40#0
[info] message from 1: wave#0#40#1
[info] after round 0 : parent is ['3'] and leader id is 40
[info] send message to 3: wave#0#40#2
[info] message from 3: exit
[info] send message to 1: exit
