[info] Hello from node15
[info] I'm connected to nodes ['14', '15', '16']
[info] I have edges [('15', '14'), ('15', '15'), ('15', '16')]
[info] -- round 0 started!
[info] -- new id 5 selected!
[info] send message to 14: wave#0#5#0
[info] send message to 15: wave#0#5#0
[info] send message to 16: wave#0#5#0
[info] message from 14: wave#0#7#0
[info] send message to 15: wave#0#7#0
[info] send message to 16: wave#0#7#0
[info] message from 14: wave#0#14#0
[info] send message to 15: wave#0#14#0
[info] send message to 16: wave#0#14#0
[info] message from 16: wave#0#16#0
[info] send message to 14: wave#0#16#0
[info] send message to 15: wave#0#16#0
[info] message from 15: wave#0#5#0
[info] message from 16: wave#0#17#0
[info] send message to 14: wave#0#17#0
[info] send message to 15: wave#0#17#0
[info] message from 15: wave#0#7#0
[info] message from 15: wave#0#14#0
[info] message from 14: wave#0#16#0
[info] message from 15: wave#0#16#0
[info] message from 15: wave#0#17#0
[info] message from 14: wave#0#17#0
[info] after round 0 : parent is ['16'] and leader id is 17
[info] send message to 16: wave#0#17#1
[info] message from 14: wave#0#19#0
[info] send message to 15: wave#0#19#0
[info] send message to 16: wave#0#19#0
[info] message from 15: wave#0#19#0
[info] message from 16: wave#0#18#0
[info] message from 16: wave#0#19#1
[info] after round 0 : parent is ['14'] and leader id is 19
[info] send message to 14: wave#0#19#2
[info] message from 16: wave#0#19#1
[info] after round 0 : parent is ['14'] and leader id is 19
[info] send message to 14: wave#0#19#3
[info] message from 16: exit
[info] send message to 14: exit
