[info] Hello from node13
[info] I'm connected to nodes ['12', '13', '14']
[info] I have edges [('13', '12'), ('13', '13'), ('13', '14')]
[info] -- round 0 started!
[info] -- new id 14 selected!
[info] send message to 12: wave#0#14#0
[info] send message to 13: wave#0#14#0
[info] send message to 14: wave#0#14#0
[info] message from 12: wave#0#11#0
[info] message from 13: wave#0#14#0
[info] message from 14: wave#0#7#0
[info] message from 12: wave#0#16#0
[info] send message to 13: wave#0#16#0
[info] send message to 14: wave#0#16#0
[info] message from 13: wave#0#16#0
[info] message from 12: wave#0#17#0
[info] send message to 13: wave#0#17#0
[info] send message to 14: wave#0#17#0
[info] message from 13: wave#0#17#0
[info] message from 12: wave#0#19#0
[info] send message to 13: wave#0#19#0
[info] send message to 14: wave#0#19#0
[info] message from 14: wave#0#16#1
[info] message from 13: wave#0#19#0
[info] message from 14: wave#0#19#3
[info] after round 0 : parent is ['12'] and leader id is 19
[info] send message to 12: wave#0#19#4
[info] message from 14: wave#0#19#6
[info] after round 0 : parent is ['12'] and leader id is 19
[info] send message to 12: wave#0#19#10
[info] message from 12: exit
[info] send message to 14: exit
