[info] Hello from node7
[info] I'm connected to nodes ['6', '7', '8']
[info] I have edges [('7', '6'), ('7', '7'), ('7', '8')]
[info] -- round 0 started!
[info] -- new id 4 selected!
[info] send message to 6: wave#0#4#0
[info] send message to 7: wave#0#4#0
[info] send message to 8: wave#0#4#0
[info] message from 6: wave#0#14#0
[info] send message to 7: wave#0#14#0
[info] send message to 8: wave#0#14#0
[info] message from 6: wave#0#19#0
[info] send message to 7: wave#0#19#0
[info] send message to 8: wave#0#19#0
[info] message from 8: wave#0#9#0
[info] message from 7: wave#0#4#0
[info] message from 7: wave#0#14#0
[info] message from 8: wave#0#17#0
[info] message from 7: wave#0#19#0
[info] message from 8: wave#0#19#9
[info] after round 0 : parent is ['6'] and leader id is 19
[info] send message to 6: wave#0#19#10
[info] message from 8: wave#0#19#45
[info] after round 0 : parent is ['6'] and leader id is 19
[info] send message to 6: wave#0#19#55
[info] message from 6: exit
[info] send message to 8: exit
