[info] Hello from node6
[info] I'm connected to nodes ['5', '6', '7']
[info] I have edges [('6', '5'), ('6', '6'), ('6', '7')]
[info] -- round 0 started!
[info] -- new id 14 selected!
[info] send message to 5: wave#0#14#0
[info] send message to 6: wave#0#14#0
[info] send message to 7: wave#0#14#0
[info] message from 6: wave#0#14#0
[info] message from 5: wave#0#4#0
[info] message from 5: wave#0#19#0
[info] send message to 6: wave#0#19#0
[info] send message to 7: wave#0#19#0
[info] message from 6: wave#0#19#0
[info] message from 7: wave#0#4#0
[info] message from 7: wave#0#19#10
[info] after round 0 : parent is ['5'] and leader id is 19
[info] send message to 5: wave#0#19#11
[info] message from 7: wave#0#19#55
[info] after round 0 : parent is ['5'] and leader id is 19
[info] send message to 5: wave#0#19#66
[info] message from 5: exit
[info] send message to 7: exit
