[info] Hello from node1
[info] I'm connected to nodes ['1', '2']
[info] I have edges [('1', '1'), ('1', '2')]
[info] -- round 0 started!
[info] -- new id 1 selected!
[info] send message to 1: wave#0#1#0
[info] send message to 2: wave#0#1#0
[info] message from 2: wave#0#2#0
[info] send message to 1: wave#0#2#0
[info] message from 1: wave#0#1#0
[info] after round 0 : parent is ['2'] and leader id is 2
[info] send message to 2: wave#0#2#1
[info] message from 2: wave#0#3#0
[info] send message to 1: wave#0#3#0
[info] message from 1: wave#0#2#0
[info] after round 0 : parent is ['2'] and leader id is 3
[info] send message to 2: wave#0#3#1
[info] message from 1: wave#0#3#0
[info] after round 0 : parent is ['2'] and leader id is 3
[info] send message to 2: wave#0#3#1
[info] message from 2: exit
[info] send message to 2: exit
