[info] Hello from node15
[info] I'm connected to nodes ['14', '15', '16']
[info] I have edges [('15', '14'), ('15', '15'), ('15', '16')]
[info] -- round 0 started!
[info] -- new id 3 selected!
[info] send message to 14: wave#0#3#0
[info] send message to 15: wave#0#3#0
[info] send message to 16: wave#0#3#0
[info] message from 16: wave#0#2#0
[info] message from 14: wave#0#19#0
[info] send message to 15: wave#0#19#0
[info] send message to 16: wave#0#19#0
[info] message from 16: wave#0#11#0
[info] message from 15: wave#0#3#0
[info] message from 16: wave#0#17#0
[info] message from 15: wave#0#19#0
[info] message from 16: wave#0#19#5
[info] after round 0 : parent is ['14'] and leader id is 19
[info] send message to 14: wave#0#19#6
[info] message from 14: wave#0#20#0
[info] send message to 15: wave#0#20#0
[info] send message to 16: wave#0#20#0
[info] message from 15: wave#0#20#0
[info] message from 16: wave#0#20#5
[info] after round 0 : parent is ['14'] and leader id is 20
[info] send message to 14: wave#0#20#6
[info] message from 14: exit
[info] send message to 16: exit
