[info] Hello from node19
[info] I'm connected to nodes ['1', '19']
[info] I have edges [('19', '1'), ('19', '19')]
[info] -- round 0 started!
[info] -- new id 39 selected!
[info] send message to 1: wave#0#39#0
[info] send message to 19: wave#0#39#0
[info] message from 19: wave#0#39#0
[info] message from 1: wave#0#22#0
[info] message from 1: wave#0#32#0
[info] message from 1: wave#0#39#0
[info] after round 0 : parent is [] and leader id is 39
[info] -- round 1 started!
[info] -- new id 4 selected!
[info] send message to 1: wave#1#4#0
[info] send message to 19: wave#1#4#0
[info] message from 19: wave#1#4#0
[info] message from 1: wave#1#37#0
[info] send message to 19: wave#1#37#0
[info] message from 19: wave#1#37#0
[info] after round 1 : parent is ['1'] and leader id is 37
[info] send message to 1: wave#1#37#1
[info] message from 1: exit
