[info] Hello from node21
[info] I'm connected to nodes ['1', '21']
[info] I have edges [('21', '1'), ('21', '21')]
[info] -- round 0 started!
[info] -- new id 16 selected!
[info] send message to 1: wave#0#16#0
[info] send message to 21: wave#0#16#0
[info] message from 21: wave#0#16#0
[info] message from 1: wave#0#22#0
[info] send message to 21: wave#0#22#0
[info] message from 21: wave#0#22#0
[info] after round 0 : parent is ['1'] and leader id is 22
[info] send message to 1: wave#0#22#1
[info] message from 1: wave#0#32#0
[info] send message to 21: wave#0#32#0
[info] message from 21: wave#0#32#0
[info] after round 0 : parent is ['1'] and leader id is 32
[info] send message to 1: wave#0#32#1
[info] message from 1: wave#0#39#0
[info] send message to 21: wave#0#39#0
[info] message from 21: wave#0#39#0
[info] after round 0 : parent is ['1'] and leader id is 39
[info] send message to 1: wave#0#39#1
[info] message from 1: wave#1#37#0
[info] send message to 21: wave#1#37#0
[info] message from 21: wave#1#37#0
[info] after round 1 : parent is ['1'] and leader id is 37
[info] send message to 1: wave#1#37#1
[info] message from 1: exit
