[info] Hello from node9
[info] I'm connected to nodes ['1', '9']
[info] I have edges [('9', '1'), ('9', '9')]
[info] -- round 0 started!
[info] -- new id 3 selected!
[info] send message to 1: wave#0#3#0
[info] send message to 9: wave#0#3#0
[info] message from 1: wave#0#6#0
[info] send message to 9: wave#0#6#0
[info] message from 9: wave#0#3#0
[info] after round 0 : parent is ['1'] and leader id is 6
[info] send message to 1: wave#0#6#1
[info] message from 1: wave#0#12#0
[info] send message to 9: wave#0#12#0
[info] message from 9: wave#0#6#0
[info] after round 0 : parent is ['1'] and leader id is 12
[info] send message to 1: wave#0#12#1
[info] message from 9: wave#0#12#0
[info] after round 0 : parent is ['1'] and leader id is 12
[info] send message to 1: wave#0#12#1
[info] message from 1: wave#0#14#0
[info] send message to 9: wave#0#14#0
[info] message from 9: wave#0#14#0
[info] after round 0 : parent is ['1'] and leader id is 14
[info] send message to 1: wave#0#14#1
[info] message from 1: wave#1#4#0
[info] send message to 9: wave#1#4#0
[info] message from 9: wave#1#4#0
[info] after round 1 : parent is ['1'] and leader id is 4
[info] send message to 1: wave#1#4#1
[info] message from 1: wave#1#7#0
[info] send message to 9: wave#1#7#0
[info] message from 9: wave#1#7#0
[info] after round 1 : parent is ['1'] and leader id is 7
[info] send message to 1: wave#1#7#1
[info] message from 1: wave#1#12#0
[info] send message to 9: wave#1#12#0
[info] message from 9: wave#1#12#0
[info] after round 1 : parent is ['1'] and leader id is 12
[info] send message to 1: wave#1#12#1
[info] message from 1: exit
