[info] Hello from node1
[info] I'm connected to nodes ['1', '2']
[info] I have edges [('1', '1'), ('1', '2')]
[info] -- round 0 started!
[info] -- new id 11 selected!
[info] send message to 1: wave#0#11#0
[info] send message to 2: wave#0#11#0
[info] message from 1: wave#0#11#0
[info] message from 2: wave#0#12#0
[info] send message to 1: wave#0#12#0
[info] message from 1: wave#0#12#0
[info] after round 0 : parent is ['2'] and leader id is 12
[info] send message to 2: wave#0#12#1
[info] message from 2: wave#0#19#0
[info] send message to 1: wave#0#19#0
[info] message from 1: wave#0#19#0
[info] after round 0 : parent is ['2'] and leader id is 19
[info] send message to 2: wave#0#19#1
[info] message from 2: wave#1#7#0
[info] send message to 1: wave#1#7#0
[info] message from 1: wave#1#7#0
[info] after round 1 : parent is ['2'] and leader id is 7
[info] send message to 2: wave#1#7#1
[info] message from 2: exit
