[info] Hello from node3
[info] I'm connected to nodes ['2', '3', '4']
[info] I have edges [('3', '2'), ('3', '3'), ('3', '4')]
[info] -- round 0 started!
[info] -- new id 19 selected!
[info] send message to 2: wave#0#19#0
[info] send message to 3: wave#0#19#0
[info] send message to 4: wave#0#19#0
[info] message from 2: wave#0#12#0
[info] message from 4: wave#0#4#0
[info] message from 3: wave#0#19#0
[info] message from 4: wave#0#15#0
[info] message from 2: wave#0#19#2
[info] message from 4: wave#1#7#0
[info] send message to 2: wave#1#7#0
[info] send message to 3: wave#1#7#0
[info] message from 3: wave#1#7#0
[info] message from 2: wave#1#7#2
[info] after round 1 : parent is ['4'] and leader id is 7
[info] send message to 4: wave#1#7#3
[info] message from 4: exit
[info] send message to 2: exit
