[info] Hello from node5
[info] I'm connected to nodes ['4', '5', '6']
[info] I have edges [('5', '4'), ('5', '5'), ('5', '6')]
[info] -- round 0 started!
[info] -- new id 15 selected!
[info] send message to 4: wave#0#15#0
[info] send message to 5: wave#0#15#0
[info] send message to 6: wave#0#15#0
[info] message from 6: wave#0#6#0
[info] message from 4: wave#0#4#0
[info] message from 5: wave#0#15#0
[info] message from 6: wave#0#8#0
[info] message from 4: wave#0#19#0
[info] send message to 5: wave#0#19#0
[info] send message to 6: wave#0#19#0
[info] message from 5: wave#0#19#0
[info] message from 6: wave#1#7#0
[info] send message to 4: wave#1#7#0
[info] send message to 5: wave#1#7#0
[info] message from 5: wave#1#7#0
[info] message from 4: wave#1#7#4
[info] after round 1 : parent is ['6'] and leader id is 7
[info] send message to 6: wave#1#7#5
[info] message from 6: exit
[info] send message to 4: exit
