[info] Hello from node11
[info] I'm connected to nodes ['10', '11', '12']
[info] I have edges [('11', '10'), ('11', '11'), ('11', '12')]
[info] -- round 0 started!
[info] -- new id 28 selected!
[info] send message to 10: wave#0#28#0
[info] send message to 11: wave#0#28#0
[info] send message to 12: wave#0#28#0
[info] message from 10: wave#0#1#0
[info] message from 10: wave#0#12#0
[info] message from 10: wave#0#17#0
[info] message from 10: wave#0#27#0
[info] message from 11: wave#0#28#0
[info] message from 12: wave#0#33#0
[info] send message to 10: wave#0#33#0
[info] send message to 11: wave#0#33#0
[info] message from 10: wave#0#29#0
[info] message from 11: wave#0#33#0
[info] message from 10: wave#1#16#0
[info] send message to 11: wave#1#16#0
[info] send message to 12: wave#1#16#0
[info] message from 11: wave#1#16#0
[info] message from 12: wave#1#16#5
[info] after round 1 : parent is ['10'] and leader id is 16
[info] send message to 10: wave#1#16#6
[info] message from 10: exit
[info] send message to 12: exit
