[info] Hello from node6
[info] I'm connected to nodes ['5', '6', '7']
[info] I have edges [('6', '5'), ('6', '6'), ('6', '7')]
[info] -- round 0 started!
[info] -- new id 29 selected!
[info] send message to 5: wave#0#29#0
[info] send message to 6: wave#0#29#0
[info] send message to 7: wave#0#29#0
[info] message from 7: wave#0#27#0
[info] message from 6: wave#0#29#0
[info] message from 5: wave#0#23#0
[info] message from 5: wave#0#29#1
[info] message from 5: wave#0#29#1
[info] message from 7: wave#0#33#0
[info] send message to 5: wave#0#33#0
[info] send message to 6: wave#0#33#0
[info] message from 6: wave#0#33#0
[info] message from 5: wave#1#16#0
[info] send message to 6: wave#1#16#0
[info] send message to 7: wave#1#16#0
[info] message from 6: wave#1#16#0
[info] message from 7: wave#1#16#10
[info] after round 1 : parent is ['5'] and leader id is 16
[info] send message to 5: wave#1#16#11
[info] message from 5: exit
[info] send message to 7: exit
