[info] Hello from node4
[info] I'm connected to nodes ['3', '4', '5']
[info] I have edges [('4', '3'), ('4', '4'), ('4', '5')]
[info] -- round 0 started!
[info] -- new id 29 selected!
[info] send message to 3: wave#0#29#0
[info] send message to 4: wave#0#29#0
[info] send message to 5: wave#0#29#0
[info] message from 3: wave#0#25#0
[info] message from 3: wave#0#27#0
[info] message from 5: wave#0#23#0
[info] message from 4: wave#0#29#0
[info] message from 5: wave#0#29#0
[info] message from 3: wave#0#29#3
[info] after round 0 : parent is [] and leader id is 29
[info] -- round 1 started!
[info] -- new id 16 selected!
[info] send message to 3: wave#1#16#0
[info] send message to 4: wave#1#16#0
[info] send message to 5: wave#1#16#0
[info] message from 5: wave#0#33#0
[info] message from 4: wave#1#16#0
[info] message from 5: wave#1#16#12
[info] message from 3: wave#1#16#22
[info] after round 1 : parent is [] and leader id is 16
[info] send message to 3: exit
[info] send message to 5: exit
