[info] Hello from node25
[info] I'm connected to nodes ['24', '25', '26']
[info] I have edges [('25', '24'), ('25', '25'), ('25', '26')]
[info] -- round 0 started!
[info] -- new id 28 selected!
[info] send message to 24: wave#0#28#0
[info] send message to 25: wave#0#28#0
[info] send message to 26: wave#0#28#0
[info] message from 24: wave#0#19#0
[info] message from 25: wave#0#28#0
[info] message from 26: wave#0#3#0
[info] message from 26: wave#0#16#0
[info] message from 26: wave#0#30#0
[info] send message to 24: wave#0#30#0
[info] send message to 25: wave#0#30#0
[info] message from 25: wave#0#30#0
[info] message from 26: wave#0#35#0
[info] send message to 24: wave#0#35#0
[info] send message to 25: wave#0#35#0
[info] message from 24: wave#0#30#1
[info] message from 25: wave#0#35#0
[info] message from 26: wave#1#16#0
[info] send message to 24: wave#1#16#0
[info] send message to 25: wave#1#16#0
[info] message from 25: wave#1#16#0
[info] message from 24: wave#1#16#8
[info] after round 1 : parent is ['26'] and leader id is 16
[info] send message to 26: wave#1#16#9
[info] message from 26: exit
[info] send message to 24: exit
