[info] Hello from node9
[info] I'm connected to nodes ['8', '9', '10']
[info] I have edges [('9', '8'), ('9', '9'), ('9', '10')]
[info] -- round 0 started!
[info] -- new id 12 selected!
[info] send message to 8: wave#0#12#0
[info] send message to 9: wave#0#12#0
[info] send message to 10: wave#0#12#0
[info] message from 8: wave#0#17#0
[info] send message to 9: wave#0#17#0
[info] send message to 10: wave#0#17#0
[info] message from 10: wave#0#1#0
[info] message from 8: wave#0#27#0
[info] send message to 9: wave#0#27#0
[info] send message to 10: wave#0#27#0
[info] message from 9: wave#0#12#0
[info] message from 9: wave#0#17#0
[info] message from 8: wave#0#29#0
[info] send message to 9: wave#0#29#0
[info] send message to 10: wave#0#29#0
[info] message from 9: wave#0#27#0
[info] message from 9: wave#0#29#0
[info] message from 10: wave#0#28#0
[info] message from 10: wave#0#33#0
[info] send message to 8: wave#0#33#0
[info] send message to 9: wave#0#33#0
[info] message from 9: wave#0#33#0
[info] message from 8: wave#1#16#0
[info] send message to 9: wave#1#16#0
[info] send message to 10: wave#1#16#0
[info] message from 9: wave#1#16#0
[info] message from 10: wave#1#16#7
[info] after round 1 : parent is ['8'] and leader id is 16
[info] send message to 8: wave#1#16#8
[info] message from 8: exit
[info] send message to 10: exit
