[info] Hello from node10
[info] I'm connected to nodes ['9', '10', '11']
[info] I have edges [('10', '9'), ('10', '10'), ('10', '11')]
[info] -- round 0 started!
[info] -- new id 1 selected!
[info] send message to 9: wave#0#1#0
[info] send message to 10: wave#0#1#0
[info] send message to 11: wave#0#1#0
[info] message from 10: wave#0#1#0
[info] message from 9: wave#0#12#0
[info] send message to 10: wave#0#12#0
[info] send message to 11: wave#0#12#0
[info] message from 10: wave#0#12#0
[info] message from 9: wave#0#17#0
[info] send message to 10: wave#0#17#0
[info] send message to 11: wave#0#17#0
[info] message from 10: wave#0#17#0
[info] message from 9: wave#0#27#0
[info] send message to 10: wave#0#27#0
[info] send message to 11: wave#0#27#0
[info] message from 10: wave#0#27#0
[info] message from 11: wave#0#28#0
[info] send message to 9: wave#0#28#0
[info] send message to 10: wave#0#28#0
[info] message from 9: wave#0#29#0
[info] send message to 10: wave#0#29#0
[info] send message to 11: wave#0#29#0
[info] message from 10: wave#0#28#0
[info] message from 10: wave#0#29#0
[info] message from 11: wave#0#33#0
[info] send message to 9: wave#0#33#0
[info] send message to 10: wave#0#33#0
[info] message from 10: wave#0#33#0
[info] message from 9: wave#1#16#0
[info] send message to 10: wave#1#16#0
[info] send message to 11: wave#1#16#0
[info] message from 10: wave#1#16#0
[info] message from 11: wave#1#16#6
[info] after round 1 : parent is ['9'] and leader id is 16
[info] send message to 9: wave#1#16#7
[info] message from 9: exit
[info] send message to 11: exit
