[info] Hello from node8
[info] I'm connected to nodes ['7', '8', '9']
[info] I have edges [('8', '7'), ('8', '8'), ('8', '9')]
[info] -- round 0 started!
[info] -- new id 1 selected!
[info] send message to 7: wave#0#1#0
[info] send message to 8: wave#0#1#0
[info] send message to 9: wave#0#1#0
[info] message from 9: wave#0#15#0
[info] send message to 7: wave#0#15#0
[info] send message to 8: wave#0#15#0
[info] message from 7: wave#0#30#0
[info] send message to 8: wave#0#30#0
[info] send message to 9: wave#0#30#0
[info] message from 7: wave#0#35#0
[info] send message to 8: wave#0#35#0
[info] send message to 9: wave#0#35#0
[info] message from 8: wave#0#1#0
[info] message from 7: wave#0#38#0
[info] send message to 8: wave#0#38#0
[info] send message to 9: wave#0#38#0
[info] message from 8: wave#0#15#0
[info] message from 8: wave#0#30#0
[info] message from 9: wave#0#29#0
[info] message from 8: wave#0#35#0
[info] message from 8: wave#0#38#0
[info] message from 9: wave#0#39#0
[info] send message to 7: wave#0#39#0
[info] send message to 8: wave#0#39#0
[info] message from 8: wave#0#39#0
[info] message from 7: wave#0#39#3
[info] after round 0 : parent is ['9'] and leader id is 39
[info] send message to 9: wave#0#39#4
[info] message from 9: wave#1#22#0
[info] send message to 7: wave#1#22#0
[info] send message to 8: wave#1#22#0
[info] message from 8: wave#1#22#0
[info] message from 7: wave#1#22#6
[info] after round 1 : parent is ['9'] and leader id is 22
[info] send message to 9: wave#1#22#7
[info] message from 7: exit
[info] send message to 9: exit
