[info] Hello from node35
[info] I'm connected to nodes ['34', '35', '36']
[info] I have edges [('35', '34'), ('35', '35'), ('35', '36')]
[info] -- round 0 started!
[info] -- new id 20 selected!
[info] send message to 34: wave#0#20#0
[info] send message to 35: wave#0#20#0
[info] send message to 36: wave#0#20#0
[info] message from 34: wave#0#31#0
[info] send message to 35: wave#0#31#0
[info] send message to 36: wave#0#31#0
[info] message from 36: wave#0#22#0
[info] message from 35: wave#0#20#0
[info] message from 36: wave#0#39#0
[info] send message to 34: wave#0#39#0
[info] send message to 35: wave#0#39#0
[info] message from 35: wave#0#31#0
[info] message from 35: wave#0#39#0
[info] message from 34: wave#0#39#3
[info] after round 0 : parent is ['36'] and leader id is 39
[info] send message to 36: wave#0#39#4
[info] message from 36: wave#1#20#0
[info] send message to 34: wave#1#20#0
[info] send message to 35: wave#1#20#0
[info] message from 34: wave#1#22#0
[info] send message to 35: wave#1#22#0
[info] send message to 36: wave#1#22#0
[info] message from 35: wave#1#20#0
[info] message from 35: wave#1#22#0
[info] message from 36: wave#1#22#6
[info] after round 1 : parent is ['34'] and leader id is 22
[info] send message to 34: wave#1#22#7
[info] message from 34: exit
[info] send message to 36: exit
