[info] Hello from node26
[info] I'm connected to nodes ['25', '26', '27']
[info] I have edges [('26', '25'), ('26', '26'), ('26', '27')]
[info] -- round 0 started!
[info] -- new id 33 selected!
[info] send message to 25: wave#0#33#0
[info] send message to 26: wave#0#33#0
[info] send message to 27: wave#0#33#0
[info] message from 25: wave#0#28#0
[info] message from 27: wave#0#16#0
[info] message from 26: wave#0#33#0
[info] message from 27: wave#0#39#0
[info] send message to 25: wave#0#39#0
[info] send message to 26: wave#0#39#0
[info] message from 26: wave#0#39#0
[info] message from 25: wave#0#39#1
[info] after round 0 : parent is ['27'] and leader id is 39
[info] send message to 27: wave#0#39#2
[info] message from 27: wave#1#22#0
[info] send message to 25: wave#1#22#0
[info] send message to 26: wave#1#22#0
[info] message from 26: wave#1#22#0
[info] message from 25: wave#1#22#24
[info] after round 1 : parent is ['27'] and leader id is 22
[info] send message to 27: wave#1#22#25
[info] message from 27: exit
[info] send message to 25: exit
