[info] Hello from node10
[info] I'm connected to nodes ['9', '10', '11']
[info] I have edges [('10', '9'), ('10', '10'), ('10', '11')]
[info] -- round 0 started!
[info] -- new id 7 selected!
[info] send message to 9: wave#0#7#0
[info] send message to 10: wave#0#7#0
[info] send message to 11: wave#0#7#0
[info] message from 11: wave#0#2#0
[info] message from 10: wave#0#7#0
[info] message from 9: wave#0#15#0
[info] send message to 10: wave#0#15#0
[info] send message to 11: wave#0#15#0
[info] message from 10: wave#0#15#0
[info] message from 11: wave#0#29#0
[info] send message to 9: wave#0#29#0
[info] send message to 10: wave#0#29#0
[info] message from 10: wave#0#29#0
[info] message from 11: wave#0#33#0
[info] send message to 9: wave#0#33#0
[info] send message to 10: wave#0#33#0
[info] message from 9: wave#0#30#0
[info] message from 10: wave#0#33#0
[info] message from 9: wave#0#35#0
[info] send message to 10: wave#0#35#0
[info] send message to 11: wave#0#35#0
[info] message from 10: wave#0#35#0
[info] message from 11: wave#0#35#0
[info] after round 0 : parent is ['9'] and leader id is 35
[info] send message to 9: wave#0#35#1
[info] message from 9: wave#0#38#0
[info] send message to 10: wave#0#38#0
[info] send message to 11: wave#0#38#0
[info] message from 10: wave#0#38#0
[info] message from 11: wave#0#37#0
[info] message from 11: wave#0#39#0
[info] send message to 9: wave#0#39#0
[info] send message to 10: wave#0#39#0
[info] message from 10: wave#0#39#0
[info] message from 9: wave#0#39#5
[info] after round 0 : parent is ['11'] and leader id is 39
[info] send message to 11: wave#0#39#6
[info] message from 11: wave#1#22#0
[info] send message to 9: wave#1#22#0
[info] send message to 10: wave#1#22#0
[info] message from 10: wave#1#22#0
[info] message from 9: wave#1#22#8
[info] after round 1 : parent is ['11'] and leader id is 22
[info] send message to 11: wave#1#22#9
[info] message from 9: exit
[info] send message to 11: exit
