[info] Hello from node1
[info] I'm connected to nodes ['1', '2', '40']
[info] I have edges [('1', '1'), ('1', '2'), ('1', '40')]
[info] -- round 0 started!
[info] -- new id 38 selected!
[info] send message to 1: wave#0#38#0
[info] send message to 2: wave#0#38#0
[info] send message to 40: wave#0#38#0
[info] message from 1: wave#0#38#0
[info] message from 2: wave#0#18#0
[info] message from 40: wave#0#2#0
[info] message from 40: wave#0#39#0
[info] send message to 1: wave#0#39#0
[info] send message to 2: wave#0#39#0
[info] message from 1: wave#0#39#0
[info] message from 2: wave#0#39#3
[info] after round 0 : parent is ['40'] and leader id is 39
[info] send message to 40: wave#0#39#4
[info] message from 40: wave#1#20#0
[info] send message to 1: wave#1#20#0
[info] send message to 2: wave#1#20#0
[info] message from 1: wave#1#20#0
[info] message from 40: wave#1#22#0
[info] send message to 1: wave#1#22#0
[info] send message to 2: wave#1#22#0
[info] message from 2: wave#1#22#0
[info] message from 1: wave#1#22#0
[info] after round 1 : parent is ['40'] and leader id is 22
[info] send message to 40: wave#1#22#1
[info] message from 40: exit
[info] send message to 2: exit
