[info] Hello from node14
[info] I'm connected to nodes ['13', '14', '15']
[info] I have edges [('14', '13'), ('14', '14'), ('14', '15')]
[info] -- round 0 started!
[info] -- new id 10 selected!
[info] send message to 13: wave#0#10#0
[info] send message to 14: wave#0#10#0
[info] send message to 15: wave#0#10#0
[info] message from 13: wave#0#29#0
[info] send message to 14: wave#0#29#0
[info] send message to 15: wave#0#29#0
[info] message from 15: wave#0#33#0
[info] send message to 13: wave#0#33#0
[info] send message to 14: wave#0#33#0
[info] message from 15: wave#0#35#0
[info] send message to 13: wave#0#35#0
[info] send message to 14: wave#0#35#0
[info] message from 14: wave#0#10#0
[info] message from 14: wave#0#29#0
[info] message from 15: wave#0#37#0
[info] send message to 13: wave#0#37#0
[info] send message to 14: wave#0#37#0
[info] message from 14: wave#0#33#0
[info] message from 15: wave#0#39#0
[info] send message to 13: wave#0#39#0
[info] send message to 14: wave#0#39#0
[info] message from 14: wave#0#35#0
[info] message from 14: wave#0#37#0
[info] message from 14: wave#0#39#0
[info] message from 13: wave#0#39#9
[info] after round 0 : parent is ['15'] and leader id is 39
[info] send message to 15: wave#0#39#10
[info] message from 15: wave#1#22#0
[info] send message to 13: wave#1#22#0
[info] send message to 14: wave#1#22#0
[info] message from 14: wave#1#22#0
[info] message from 13: wave#1#22#12
[info] after round 1 : parent is ['15'] and leader id is 22
[info] send message to 15: wave#1#22#13
[info] message from 15: exit
[info] send message to 13: exit
