[info] Hello from node16
[info] I'm connected to nodes ['15', '16', '17']
[info] I have edges [('16', '15'), ('16', '16'), ('16', '17')]
[info] -- round 0 started!
[info] -- new id 35 selected!
[info] send message to 15: wave#0#35#0
[info] send message to 16: wave#0#35#0
[info] send message to 17: wave#0#35#0
[info] message from 17: wave#0#37#0
[info] send message to 15: wave#0#37#0
[info] send message to 16: wave#0#37#0
[info] message from 15: wave#0#33#0
[info] message from 16: wave#0#35#0
[info] message from 17: wave#0#39#0
[info] send message to 15: wave#0#39#0
[info] send message to 16: wave#0#39#0
[info] message from 16: wave#0#37#0
[info] message from 16: wave#0#39#0
[info] message from 17: wave#1#22#0
[info] send message to 15: wave#1#22#0
[info] send message to 16: wave#1#22#0
[info] message from 15: wave#0#39#11
[info] message from 16: wave#1#22#0
[info] message from 15: wave#1#22#14
[info] after round 1 : parent is ['17'] and leader id is 22
[info] send message to 17: wave#1#22#15
[info] message from 17: exit
[info] send message to 15: exit
