[info] Hello from node11
[info] I'm connected to nodes ['10', '11', '12']
[info] I have edges [('11', '10'), ('11', '11'), ('11', '12')]
[info] -- round 0 started!
[info] -- new id 2 selected!
[info] send message to 10: wave#0#2#0
[info] send message to 11: wave#0#2#0
[info] send message to 12: wave#0#2#0
[info] message from 11: wave#0#2#0
[info] message from 10: wave#0#7#0
[info] send message to 11: wave#0#7#0
[info] send message to 12: wave#0#7#0
[info] message from 11: wave#0#7#0
[info] message from 10: wave#0#15#0
[info] send message to 11: wave#0#15#0
[info] send message to 12: wave#0#15#0
[info] message from 11: wave#0#15#0
[info] message from 12: wave#0#11#0
[info] message from 12: wave#0#29#0
[info] send message to 10: wave#0#29#0
[info] send message to 11: wave#0#29#0
[info] message from 11: wave#0#29#0
[info] message from 12: wave#0#33#0
[info] send message to 10: wave#0#33#0
[info] send message to 11: wave#0#33#0
[info] message from 11: wave#0#33#0
[info] message from 12: wave#0#35#0
[info] send message to 10: wave#0#35#0
[info] send message to 11: wave#0#35#0
[info] message from 11: wave#0#35#0
[info] message from 10: wave#0#35#0
[info] after round 0 : parent is ['12'] and leader id is 35
[info] send message to 12: wave#0#35#1
[info] message from 12: wave#0#37#0
[info] send message to 10: wave#0#37#0
[info] send message to 11: wave#0#37#0
[info] message from 10: wave#0#38#0
[info] send message to 11: wave#0#38#0
[info] send message to 12: wave#0#38#0
[info] message from 12: wave#0#39#0
[info] send message to 10: wave#0#39#0
[info] send message to 11: wave#0#39#0
[info] message from 11: wave#0#37#0
[info] message from 11: wave#0#38#0
[info] message from 11: wave#0#39#0
[info] message from 10: wave#0#39#6
[info] after round 0 : parent is ['12'] and leader id is 39
[info] send message to 12: wave#0#39#7
[info] message from 12: wave#1#22#0
[info] send message to 10: wave#1#22#0
[info] send message to 11: wave#1#22#0
[info] message from 11: wave#1#22#0
[info] message from 10: wave#1#22#9
[info] after round 1 : parent is ['12'] and leader id is 22
[info] send message to 12: wave#1#22#10
[info] message from 12: exit
[info] send message to 10: exit
