[info] Hello from node2
[info] I'm connected to nodes ['1', '2', '3']
[info] I have edges [('2', '1'), ('2', '2'), ('2', '3')]
[info] -- round 0 started!
[info] -- new id 18 selected!
[info] send message to 1: wave#0#18#0
[info] send message to 2: wave#0#18#0
[info] send message to 3: wave#0#18#0
[info] message from 3: wave#0#5#0
[info] message from 1: wave#0#38#0
[info] send message to 2: wave#0#38#0
[info] send message to 3: wave#0#38#0
[info] message from 2: wave#0#18#0
[info] message from 2: wave#0#38#0
[info] message from 1: wave#0#39#0
[info] send message to 2: wave#0#39#0
[info] send message to 3: wave#0#39#0
[info] message from 2: wave#0#39#0
[info] message from 3: wave#0#39#2
[info] after round 0 : parent is ['1'] and leader id is 39
[info] send message to 1: wave#0#39#3
[info] message from 1: wave#1#20#0
[info] send message to 2: wave#1#20#0
[info] send message to 3: wave#1#20#0
[info] message from 2: wave#1#20#0
[info] message from 3: wave#1#22#0
[info] send message to 1: wave#1#22#0
[info] send message to 2: wave#1#22#0
[info] message from 2: wave#1#22#0
[info] message from 1: wave#1#22#0
[info] after round 1 : parent is ['3'] and leader id is 22
[info] send message to 3: wave#1#22#1
[info] message from 1: exit
[info] send message to 3: exit
