[info] Hello from node3
[info] I'm connected to nodes ['2', '3', '4']
[info] I have edges [('3', '2'), ('3', '3'), ('3', '4')]
[info] -- round 0 started!
[info] -- new id 5 selected!
[info] send message to 2: wave#0#5#0
[info] send message to 3: wave#0#5#0
[info] send message to 4: wave#0#5#0
[info] message from 3: wave#0#5#0
[info] message from 2: wave#0#18#0
[info] send message to 3: wave#0#18#0
[info] send message to 4: wave#0#18#0
[info] message from 3: wave#0#18#0
[info] message from 4: wave#0#15#0
[info] message from 2: wave#0#38#0
[info] send message to 3: wave#0#38#0
[info] send message to 4: wave#0#38#0
[info] message from 3: wave#0#38#0
[info] message from 2: wave#0#39#0
[info] send message to 3: wave#0#39#0
[info] send message to 4: wave#0#39#0
[info] message from 3: wave#0#39#0
[info] message from 4: wave#0#39#1
[info] after round 0 : parent is ['2'] and leader id is 39
[info] send message to 2: wave#0#39#2
[info] message from 2: wave#1#20#0
[info] send message to 3: wave#1#20#0
[info] send message to 4: wave#1#20#0
[info] message from 3: wave#1#20#0
[info] message from 4: wave#1#22#0
[info] send message to 2: wave#1#22#0
[info] send message to 3: wave#1#22#0
[info] message from 3: wave#1#22#0
[info] message from 2: wave#1#22#1
[info] after round 1 : parent is ['4'] and leader id is 22
[info] send message to 4: wave#1#22#2
[info] message from 2: exit
[info] send message to 4: exit
