[info] Hello from node17
[info] I'm connected to nodes ['16', '17', '18']
[info] I have edges [('17', '16'), ('17', '17'), ('17', '18')]
[info] -- round 0 started!
[info] -- new id 12 selected!
[info] send message to 16: wave#0#12#0
[info] send message to 17: wave#0#12#0
[info] send message to 18: wave#0#12#0
[info] message from 18: wave#0#23#0
[info] send message to 16: wave#0#23#0
[info] send message to 17: wave#0#23#0
[info] message from 16: wave#0#14#0
[info] message from 17: wave#0#12#0
[info] message from 16: wave#0#29#0
[info] send message to 17: wave#0#29#0
[info] send message to 18: wave#0#29#0
[info] message from 17: wave#0#23#0
[info] message from 17: wave#0#29#0
[info] message from 18: wave#0#30#0
[info] send message to 16: wave#0#30#0
[info] send message to 17: wave#0#30#0
[info] message from 17: wave#0#30#0
[info] message from 16: wave#1#28#0
[info] send message to 17: wave#1#28#0
[info] send message to 18: wave#1#28#0
[info] message from 17: wave#1#28#0
[info] message from 18: wave#1#28#13
[info] after round 1 : parent is ['16'] and leader id is 28
[info] send message to 16: wave#1#28#14
[info] message from 16: exit
[info] send message to 18: exit
