[info] Hello from node23
[info] I'm connected to nodes ['22', '23', '24']
[info] I have edges [('23', '22'), ('23', '23'), ('23', '24')]
[info] -- round 0 started!
[info] -- new id 22 selected!
[info] send message to 22: wave#0#22#0
[info] send message to 23: wave#0#22#0
[info] send message to 24: wave#0#22#0
[info] message from 24: wave#0#2#0
[info] message from 24: wave#0#19#0
[info] message from 23: wave#0#22#0
[info] message from 22: wave#0#23#0
[info] send message to 23: wave#0#23#0
[info] send message to 24: wave#0#23#0
[info] message from 23: wave#0#23#0
[info] message from 22: wave#0#27#0
[info] send message to 23: wave#0#27#0
[info] send message to 24: wave#0#27#0
[info] message from 23: wave#0#27#0
[info] message from 22: wave#0#29#0
[info] send message to 23: wave#0#29#0
[info] send message to 24: wave#0#29#0
[info] message from 24: wave#0#30#0
[info] send message to 22: wave#0#30#0
[info] send message to 23: wave#0#30#0
[info] message from 23: wave#0#29#0
[info] message from 23: wave#0#30#0
[info] message from 22: wave#1#28#0
[info] send message to 23: wave#1#28#0
[info] send message to 24: wave#1#28#0
[info] message from 23: wave#1#28#0
[info] message from 24: wave#1#28#7
[info] after round 1 : parent is ['22'] and leader id is 28
[info] send message to 22: wave#1#28#8
[info] message from 22: exit
[info] send message to 24: exit
