[info] Hello from node26
[info] I'm connected to nodes ['25', '26', '27']
[info] I have edges [('26', '25'), ('26', '26'), ('26', '27')]
[info] -- round 0 started!
[info] -- new id 1 selected!
[info] send message to 25: wave#0#1#0
[info] send message to 26: wave#0#1#0
[info] send message to 27: wave#0#1#0
[info] message from 25: wave#0#19#0
[info] send message to 26: wave#0#19#0
[info] send message to 27: wave#0#19#0
[info] message from 27: wave#0#30#0
[info] send message to 25: wave#0#30#0
[info] send message to 26: wave#0#30#0
[info] message from 26: wave#0#1#0
[info] message from 25: wave#0#22#0
[info] message from 26: wave#0#19#0
[info] message from 25: wave#0#23#0
[info] message from 26: wave#0#30#0
[info] message from 25: wave#1#28#0
[info] send message to 26: wave#1#28#0
[info] send message to 27: wave#1#28#0
[info] message from 26: wave#1#28#0
[info] message from 27: wave#1#28#4
[info] after round 1 : parent is ['25'] and leader id is 28
[info] send message to 25: wave#1#28#5
[info] message from 25: exit
[info] send message to 27: exit
