[info] Hello from node12
[info] I'm connected to nodes ['11', '12', '13']
[info] I have edges [('12', '11'), ('12', '12'), ('12', '13')]
[info] -- round 0 started!
[info] -- new id 4 selected!
[info] send message to 11: wave#0#4#0
[info] send message to 12: wave#0#4#0
[info] send message to 13: wave#0#4#0
[info] message from 11: wave#0#29#0
[info] send message to 12: wave#0#29#0
[info] send message to 13: wave#0#29#0
[info] message from 13: wave#0#3#0
[info] message from 12: wave#0#4#0
[info] message from 13: wave#0#7#0
[info] message from 12: wave#0#29#0
[info] message from 13: wave#0#29#0
[info] after round 0 : parent is ['11'] and leader id is 29
[info] send message to 11: wave#0#29#1
[info] message from 11: wave#1#28#0
[info] send message to 12: wave#1#28#0
[info] send message to 13: wave#1#28#0
[info] message from 12: wave#1#28#0
[info] message from 13: wave#1#28#18
[info] after round 1 : parent is ['11'] and leader id is 28
[info] send message to 11: wave#1#28#19
[info] message from 11: exit
[info] send message to 13: exit
