[info] Hello from node15
[info] I'm connected to nodes ['14', '15', '16']
[info] I have edges [('15', '14'), ('15', '15'), ('15', '16')]
[info] -- round 0 started!
[info] -- new id 29 selected!
[info] send message to 14: wave#0#29#0
[info] send message to 15: wave#0#29#0
[info] send message to 16: wave#0#29#0
[info] message from 15: wave#0#29#0
[info] message from 14: wave#0#7#0
[info] message from 16: wave#0#14#0
[info] message from 14: wave#0#29#2
[info] message from 14: wave#0#29#3
[info] message from 16: wave#0#30#0
[info] send message to 14: wave#0#30#0
[info] send message to 15: wave#0#30#0
[info] message from 15: wave#0#30#0
[info] message from 14: wave#1#28#0
[info] send message to 15: wave#1#28#0
[info] send message to 16: wave#1#28#0
[info] message from 15: wave#1#28#0
[info] message from 16: wave#1#28#15
[info] after round 1 : parent is ['14'] and leader id is 28
[info] send message to 14: wave#1#28#16
[info] message from 14: exit
[info] send message to 16: exit
