[info] Hello from node30
[info] I'm connected to nodes ['29', '30']
[info] I have edges [('30', '29'), ('30', '30')]
[info] -- round 0 started!
[info] -- new id 6 selected!
[info] send message to 29: wave#0#6#0
[info] send message to 30: wave#0#6#0
[info] message from 29: wave#0#3#0
[info] message from 29: wave#0#5#0
[info] message from 30: wave#0#6#0
[info] message from 29: wave#0#30#0
[info] send message to 30: wave#0#30#0
[info] message from 30: wave#0#30#0
[info] after round 0 : parent is ['29'] and leader id is 30
[info] send message to 29: wave#0#30#1
[info] message from 29: wave#1#28#0
[info] send message to 30: wave#1#28#0
[info] message from 30: wave#1#28#0
[info] after round 1 : parent is ['29'] and leader id is 28
[info] send message to 29: wave#1#28#1
[info] message from 29: exit
