[info] Hello from node31
[info] I'm connected to nodes ['1', '31']
[info] I have edges [('31', '1'), ('31', '31')]
[info] -- round 0 started!
[info] -- new id 30 selected!
[info] send message to 1: wave#0#30#0
[info] send message to 31: wave#0#30#0
[info] message from 31: wave#0#30#0
[info] message from 1: wave#0#13#0
[info] message from 1: wave#0#22#0
[info] message from 1: wave#0#29#0
[info] message from 1: wave#0#35#0
[info] send message to 31: wave#0#35#0
[info] message from 31: wave#0#35#0
[info] after round 0 : parent is ['1'] and leader id is 35
[info] send message to 1: wave#0#35#1
[info] message from 1: wave#1#21#0
[info] send message to 31: wave#1#21#0
[info] message from 31: wave#1#21#0
[info] after round 1 : parent is ['1'] and leader id is 21
[info] send message to 1: wave#1#21#1
[info] message from 1: exit
