[info] Hello from node23
[info] I'm connected to nodes ['1', '23']
[info] I have edges [('23', '1'), ('23', '23')]
[info] -- round 0 started!
[info] -- new id 13 selected!
[info] send message to 1: wave#0#13#0
[info] send message to 23: wave#0#13#0
[info] message from 23: wave#0#13#0
[info] message from 1: wave#0#13#0
[info] after round 0 : parent is [] and leader id is 13
[info] -- round 1 started!
[info] -- new id 6 selected!
[info] send message to 1: wave#1#6#0
[info] send message to 23: wave#1#6#0
[info] message from 23: wave#1#6#0
[info] message from 1: wave#0#22#0
[info] message from 1: wave#0#29#0
[info] message from 1: wave#0#35#0
[info] message from 1: wave#1#21#0
[info] send message to 23: wave#1#21#0
[info] message from 23: wave#1#21#0
[info] after round 1 : parent is ['1'] and leader id is 21
[info] send message to 1: wave#1#21#1
[info] message from 1: exit
