[info] Hello from node25
[info] I'm connected to nodes ['1', '25']
[info] I have edges [('25', '1'), ('25', '25')]
[info] -- round 0 started!
[info] -- new id 24 selected!
[info] send message to 1: wave#0#24#0
[info] send message to 25: wave#0#24#0
[info] message from 25: wave#0#24#0
[info] message from 1: wave#0#13#0
[info] message from 1: wave#0#22#0
[info] message from 1: wave#0#29#0
[info] send message to 25: wave#0#29#0
[info] message from 25: wave#0#29#0
[info] after round 0 : parent is ['1'] and leader id is 29
[info] send message to 1: wave#0#29#1
[info] message from 1: wave#0#35#0
[info] send message to 25: wave#0#35#0
[info] message from 25: wave#0#35#0
[info] after round 0 : parent is ['1'] and leader id is 35
[info] send message to 1: wave#0#35#1
[info] message from 1: wave#1#21#0
[info] send message to 25: wave#1#21#0
[info] message from 25: wave#1#21#0
[info] after round 1 : parent is ['1'] and leader id is 21
[info] send message to 1: wave#1#21#1
[info] message from 1: exit
