[info] Hello from node1
[info] I'm connected to nodes ['1', '2', '10']
[info] I have edges [('1', '1'), ('1', '2'), ('1', '10')]
[info] -- round 0 started!
[info] -- new id 8 selected!
[info] send message to 1: wave#0#8#0
[info] send message to 2: wave#0#8#0
[info] send message to 10: wave#0#8#0
[info] message from 1: wave#0#8#0
[info] message from 2: wave#0#6#0
[info] message from 10: wave#0#4#0
[info] message from 2: wave#0#10#0
[info] send message to 1: wave#0#10#0
[info] send message to 10: wave#0#10#0
[info] message from 1: wave#0#10#0
[info] message from 10: wave#0#10#1
[info] after round 0 : parent is ['2'] and leader id is 10
[info] send message to 2: wave#0#10#2
[info] message from 2: wave#1#10#0
[info] send message to 1: wave#1#10#0
[info] send message to 10: wave#1#10#0
[info] message from 1: wave#1#10#0
[info] message from 10: wave#1#10#4
[info] after round 1 : parent is ['2'] and leader id is 10
[info] send message to 2: wave#1#10#5
[info] message from 2: exit
[info] send message to 10: exit
