[info] Hello from node5
[info] I'm connected to nodes ['1', '5']
[info] I have edges [('5', '1'), ('5', '5')]
[info] -- round 0 started!
[info] -- new id 5 selected!
[info] send message to 1: wave#0#5#0
[info] send message to 5: wave#0#5#0
[info] message from 1: wave#0#1#0
[info] message from 5: wave#0#5#0
[info] message from 1: wave#0#5#0
[info] after round 0 : parent is [] and leader id is 5
[info] -- round 1 started!
[info] -- new id 5 selected!
[info] send message to 1: wave#1#5#0
[info] send message to 5: wave#1#5#0
[info] message from 5: wave#1#5#0
[info] message from 1: wave#1#5#0
[info] after round 1 : parent is [] and leader id is 5
[info] -- round 2 started!
[info] -- new id 4 selected!
[info] send message to 1: wave#2#4#0
[info] send message to 5: wave#2#4#0
[info] message from 5: wave#2#4#0
[info] message from 1: wave#2#4#4
[info] after round 2 : parent is [] and leader id is 4
[info] send message to 1: exit
