[info] Hello from node34
[info] I'm connected to nodes ['33', '34', '35']
[info] I have edges [('34', '33'), ('34', '34'), ('34', '35')]
[info] -- round 0 started!
[info] -- new id 31 selected!
[info] send message to 33: wave#0#31#0
[info] send message to 34: wave#0#31#0
[info] send message to 35: wave#0#31#0
[info] message from 33: wave#0#21#0
[info] message from 35: wave#0#11#0
[info] message from 34: wave#0#31#0
[info] message from 35: wave#0#15#0
[info] message from 33: wave#0#36#0
[info] send message to 34: wave#0#36#0
[info] send message to 35: wave#0#36#0
[info] message from 34: wave#0#36#0
[info] message from 35: wave#0#36#6
[info] after round 0 : parent is ['33'] and leader id is 36
[info] send message to 33: wave#0#36#7
[info] message from 33: wave#0#40#0
[info] send message to 34: wave#0#40#0
[info] send message to 35: wave#0#40#0
[info] message from 34: wave#0#40#0
[info] message from 35: wave#0#40#6
[info] after round 0 : parent is ['33'] and leader id is 40
[info] send message to 33: wave#0#40#7
[info] message from 33: exit
[info] send message to 35: exit
