[info] Hello from node8
[info] I'm connected to nodes ['7', '8', '9']
[info] I have edges [('8', '7'), ('8', '8'), ('8', '9')]
[info] -- round 0 started!
[info] -- new id 33 selected!
[info] send message to 7: wave#0#33#0
[info] send message to 8: wave#0#33#0
[info] send message to 9: wave#0#33#0
[info] message from 8: wave#0#33#0
[info] message from 7: wave#0#13#0
[info] message from 9: wave#0#16#0
[info] message from 7: wave#0#33#7
[info] message from 9: wave#0#40#0
[info] send message to 7: wave#0#40#0
[info] send message to 8: wave#0#40#0
[info] message from 8: wave#0#40#0
[info] message from 7: wave#0#40#7
[info] after round 0 : parent is ['9'] and leader id is 40
[info] send message to 9: wave#0#40#8
[info] message from 9: exit
[info] send message to 7: exit
