[info] Hello from node40
[info] I'm connected to nodes ['39', '40']
[info] I have edges [('40', '39'), ('40', '40')]
[info] -- round 0 started!
[info] -- new id 1 selected!
[info] send message to 39: wave#0#1#0
[info] send message to 40: wave#0#1#0
[info] message from 40: wave#0#1#0
[info] message from 39: wave#0#26#0
[info] send message to 40: wave#0#26#0
[info] message from 40: wave#0#26#0
[info] after round 0 : parent is ['39'] and leader id is 26
[info] send message to 39: wave#0#26#1
[info] message from 39: wave#0#29#0
[info] send message to 40: wave#0#29#0
[info] message from 40: wave#0#29#0
[info] after round 0 : parent is ['39'] and leader id is 29
[info] send message to 39: wave#0#29#1
[info] message from 39: wave#0#31#0
[info] send message to 40: wave#0#31#0
[info] message from 40: wave#0#31#0
[info] after round 0 : parent is ['39'] and leader id is 31
[info] send message to 39: wave#0#31#1
[info] message from 39: wave#0#36#0
[info] send message to 40: wave#0#36#0
[info] message from 40: wave#0#36#0
[info] after round 0 : parent is ['39'] and leader id is 36
[info] send message to 39: wave#0#36#1
[info] message from 39: wave#0#40#0
[info] send message to 40: wave#0#40#0
[info] message from 40: wave#0#40#0
[info] after round 0 : parent is ['39'] and leader id is 40
[info] send message to 39: wave#0#40#1
[info] message from 39: exit
