[info] Hello from node31
[info] I'm connected to nodes ['30', '31', '32']
[info] I have edges [('31', '30'), ('31', '31'), ('31', '32')]
[info] -- round 0 started!
[info] -- new id 33 selected!
[info] send message to 30: wave#0#33#0
[info] send message to 31: wave#0#33#0
[info] send message to 32: wave#0#33#0
[info] message from 30: wave#0#23#0
[info] message from 32: wave#0#36#0
[info] send message to 30: wave#0#36#0
[info] send message to 31: wave#0#36#0
[info] message from 31: wave#0#33#0
[info] message from 31: wave#0#36#0
[info] message from 30: wave#0#40#0
[info] send message to 31: wave#0#40#0
[info] send message to 32: wave#0#40#0
[info] message from 31: wave#0#40#0
[info] message from 32: wave#0#40#9
[info] after round 0 : parent is ['30'] and leader id is 40
[info] send message to 30: wave#0#40#10
[info] message from 30: exit
[info] send message to 32: exit
