[info] Hello from node13
[info] I'm connected to nodes ['12', '13', '14']
[info] I have edges [('13', '12'), ('13', '13'), ('13', '14')]
[info] -- round 0 started!
[info] -- new id 25 selected!
[info] send message to 12: wave#0#25#0
[info] send message to 13: wave#0#25#0
[info] send message to 14: wave#0#25#0
[info] message from 12: wave#0#3#0
[info] message from 13: wave#0#25#0
[info] message from 14: wave#0#15#0
[info] message from 14: wave#0#31#0
[info] send message to 12: wave#0#31#0
[info] send message to 13: wave#0#31#0
[info] message from 13: wave#0#31#0
[info] message from 14: wave#0#40#0
[info] send message to 12: wave#0#40#0
[info] send message to 13: wave#0#40#0
[info] message from 12: wave#0#33#0
[info] message from 13: wave#0#40#0
[info] message from 12: wave#0#40#12
[info] after round 0 : parent is ['14'] and leader id is 40
[info] send message to 14: wave#0#40#13
[info] message from 14: exit
[info] send message to 12: exit
