[info] Hello from node26
[info] I'm connected to nodes ['25', '26', '27']
[info] I have edges [('26', '25'), ('26', '26'), ('26', '27')]
[info] -- round 0 started!
[info] -- new id 27 selected!
[info] send message to 25: wave#0#27#0
[info] send message to 26: wave#0#27#0
[info] send message to 27: wave#0#27#0
[info] message from 26: wave#0#27#0
[info] message from 27: wave#0#19#0
[info] message from 25: wave#0#33#0
[info] send message to 26: wave#0#33#0
[info] send message to 27: wave#0#33#0
[info] message from 26: wave#0#33#0
[info] message from 27: wave#0#33#1
[info] after round 0 : parent is ['25'] and leader id is 33
[info] send message to 25: wave#0#33#2
[info] message from 27: wave#0#36#0
[info] send message to 25: wave#0#36#0
[info] send message to 26: wave#0#36#0
[info] message from 25: wave#0#35#0
[info] message from 26: wave#0#36#0
[info] message from 25: wave#0#40#0
[info] send message to 26: wave#0#40#0
[info] send message to 27: wave#0#40#0
[info] message from 26: wave#0#40#0
[info] message from 27: wave#0#40#14
[info] after round 0 : parent is ['25'] and leader id is 40
[info] send message to 25: wave#0#40#15
[info] message from 25: exit
[info] send message to 27: exit
