[info] Hello from node21
[info] I'm connected to nodes ['20', '21', '22']
[info] I have edges [('21', '20'), ('21', '21'), ('21', '22')]
[info] -- round 0 started!
[info] -- new id 6 selected!
[info] send message to 20: wave#0#6#0
[info] send message to 21: wave#0#6#0
[info] send message to 22: wave#0#6#0
[info] message from 21: wave#0#6#0
[info] message from 22: wave#0#7#0
[info] send message to 20: wave#0#7#0
[info] send message to 21: wave#0#7#0
[info] message from 21: wave#0#7#0
[info] message from 22: wave#0#13#0
[info] send message to 20: wave#0#13#0
[info] send message to 21: wave#0#13#0
[info] message from 21: wave#0#13#0
[info] message from 22: wave#0#33#0
[info] send message to 20: wave#0#33#0
[info] send message to 21: wave#0#33#0
[info] message from 20: wave#0#24#0
[info] message from 21: wave#0#33#0
[info] message from 20: wave#0#35#0
[info] send message to 21: wave#0#35#0
[info] send message to 22: wave#0#35#0
[info] message from 21: wave#0#35#0
[info] message from 20: wave#0#40#0
[info] send message to 21: wave#0#40#0
[info] send message to 22: wave#0#40#0
[info] message from 21: wave#0#40#0
[info] message from 22: wave#0#40#19
[info] after round 0 : parent is ['20'] and leader id is 40
[info] send message to 20: wave#0#40#20
[info] message from 20: exit
[info] send message to 22: exit
