[info] Hello from node7
[info] I'm connected to nodes ['1', '7']
[info] I have edges [('7', '1'), ('7', '7')]
[info] -- round 0 started!
[info] -- new id 5 selected!
[info] send message to 1: wave#0#5#0
[info] send message to 7: wave#0#5#0
[info] message from 1: wave#0#7#0
[info] send message to 7: wave#0#7#0
[info] message from 7: wave#0#5#0
[info] after round 0 : parent is ['1'] and leader id is 7
[info] send message to 1: wave#0#7#1
[info] message from 7: wave#0#7#0
[info] after round 0 : parent is ['1'] and leader id is 7
[info] send message to 1: wave#0#7#1
[info] message from 1: wave#0#9#0
[info] send message to 7: wave#0#9#0
[info] message from 7: wave#0#9#0
[info] after round 0 : parent is ['1'] and leader id is 9
[info] send message to 1: wave#0#9#1
[info] message from 1: exit
