[info] Hello from node6
[info] I'm connected to nodes ['1', '6']
[info] I have edges [('6', '1'), ('6', '6')]
[info] -- round 0 started!
[info] -- new id 14 selected!
[info] send message to 1: wave#0#14#0
[info] send message to 6: wave#0#14#0
[info] message from 6: wave#0#14#0
[info] message from 1: wave#0#14#0
[info] after round 0 : parent is [] and leader id is 14
[info] -- round 1 started!
[info] -- new id 14 selected!
[info] send message to 1: wave#1#14#0
[info] send message to 6: wave#1#14#0
[info] message from 6: wave#1#14#0
[info] message from 1: wave#0#33#0
[info] message from 1: wave#0#35#0
[info] message from 1: wave#1#45#0
[info] send message to 6: wave#1#45#0
[info] message from 6: wave#1#45#0
[info] after round 1 : parent is ['1'] and leader id is 45
[info] send message to 1: wave#1#45#1
[info] message from 1: exit
