[info] Hello from node9
[info] I'm connected to nodes ['1', '9']
[info] I have edges [('9', '1'), ('9', '9')]
[info] -- round 0 started!
[info] -- new id 18 selected!
[info] send message to 1: wave#0#18#0
[info] send message to 9: wave#0#18#0
[info] message from 1: wave#0#16#0
[info] message from 9: wave#0#18#0
[info] message from 1: wave#0#18#0
[info] after round 0 : parent is [] and leader id is 18
[info] -- round 1 started!
[info] -- new id 3 selected!
[info] send message to 1: wave#1#3#0
[info] send message to 9: wave#1#3#0
[info] message from 9: wave#1#3#0
[info] message from 1: wave#0#19#0
[info] message from 1: wave#1#3#19
[info] after round 1 : parent is [] and leader id is 3
[info] send message to 1: exit
