[info] Hello from node16
[info] I'm connected to nodes ['1', '16']
[info] I have edges [('16', '1'), ('16', '16')]
[info] -- round 0 started!
[info] -- new id 10 selected!
[info] send message to 1: wave#0#10#0
[info] send message to 16: wave#0#10#0
[info] message from 16: wave#0#10#0
[info] message from 1: wave#0#16#0
[info] send message to 16: wave#0#16#0
[info] message from 16: wave#0#16#0
[info] after round 0 : parent is ['1'] and leader id is 16
[info] send message to 1: wave#0#16#1
[info] message from 1: wave#0#18#0
[info] send message to 16: wave#0#18#0
[info] message from 16: wave#0#18#0
[info] after round 0 : parent is ['1'] and leader id is 18
[info] send message to 1: wave#0#18#1
[info] message from 1: wave#0#19#0
[info] send message to 16: wave#0#19#0
[info] message from 16: wave#0#19#0
[info] after round 0 : parent is ['1'] and leader id is 19
[info] send message to 1: wave#0#19#1
[info] message from 1: wave#1#3#0
[info] send message to 16: wave#1#3#0
[info] message from 16: wave#1#3#0
[info] after round 1 : parent is ['1'] and leader id is 3
[info] send message to 1: wave#1#3#1
[info] message from 1: exit
