[info] Hello from node12
[info] I'm connected to nodes ['1', '2', '3', '4', '5', '6', '7', '8', '9', '10', '11', '12', '13', '14', '15', '16', '17', '18', '19', '20', '21', '22', '23', '24', '25', '26', '27', '28', '29', '30', '31', '32', '33', '34', '35']
[info] I have edges [('12', '1'), ('12', '2'), ('12', '3'), ('12', '4'), ('12', '5'), ('12', '6'), ('12', '7'), ('12', '8'), ('12', '9'), ('12', '10'), ('12', '11'), ('12', '12'), ('12', '13'), ('12', '14'), ('12', '15'), ('12', '16'), ('12', '17'), ('12', '18'), ('12', '19'), ('12', '20'), ('12', '21'), ('12', '22'), ('12', '23'), ('12', '24'), ('12', '25'), ('12', '26'), ('12', '27'), ('12', '28'), ('12', '29'), ('12', '30'), ('12', '31'), ('12', '32'), ('12', '33'), ('12', '34'), ('12', '35')]
[info] first phase started!
[info] rejected!
[info] waiting for CRQ messages!
[info] message from 3: CRQ#3#3#0
[info] send message to 3: vote#1
[info] message from 4: CRQ#4#3#0
[info] I have voted before!
[info] send message to 4: vote#0
[info] message from 9: CRQ#9#3#0
[info] I have voted before!
[info] send message to 9: vote#0
[info] message from 6: CRQ#6#3#0
[info] I have voted before!
[info] send message to 6: vote#0
[info] message from 25: CRQ#25#3#0
[info] I have voted before!
[info] send message to 25: vote#0
[info] message from 10: CRQ#10#3#0
[info] I have voted before!
[info] send message to 10: vote#0
[info] message from 8: CRQ#8#3#0
[info] I have voted before!
[info] send message to 8: vote#0
[info] message from 24: CRQ#24#3#0
[info] I have voted before!
[info] send message to 24: vote#0
[info] message from 21: CRQ#21#3#0
[info] I have voted before!
[info] send message to 21: vote#0
[info] message from 14: CRQ#14#3#0
[info] I have voted before!
[info] send message to 14: vote#0
[info] message from 30: CRQ#30#3#0
[info] I have voted before!
[info] send message to 30: vote#0
[info] message from 32: CRQ#32#3#0
[info] I have voted before!
[info] send message to 32: vote#0
[info] message from 3: CAM#3
[info] third phase started!
