[info] Hello from node35
[info] I'm connected to nodes ['1', '2', '3', '4', '5', '6', '7', '8', '9', '10', '11', '12', '13', '14', '15', '16', '17', '18', '19', '20', '21', '22', '23', '24', '25', '26', '27', '28', '29', '30', '31', '32', '33', '34', '35']
[info] I have edges [('35', '1'), ('35', '2'), ('35', '3'), ('35', '4'), ('35', '5'), ('35', '6'), ('35', '7'), ('35', '8'), ('35', '9'), ('35', '10'), ('35', '11'), ('35', '12'), ('35', '13'), ('35', '14'), ('35', '15'), ('35', '16'), ('35', '17'), ('35', '18'), ('35', '19'), ('35', '20'), ('35', '21'), ('35', '22'), ('35', '23'), ('35', '24'), ('35', '25'), ('35', '26'), ('35', '27'), ('35', '28'), ('35', '29'), ('35', '30'), ('35', '31'), ('35', '32'), ('35', '33'), ('35', '34'), ('35', '35')]
[info] first phase started!
[info] rejected!
[info] waiting for CRQ messages!
[info] message from 3: CRQ#3#3#0
[info] send message to 3: vote#1
[info] message from 4: CRQ#4#3#0
[info] I have voted before!
[info] send message to 4: vote#0
[info] message from 9: CRQ#9#3#0
[info] I have voted before!
[info] send message to 9: vote#0
[info] message from 6: CRQ#6#3#0
[info] I have voted before!
[info] send message to 6: vote#0
[info] message from 25: CRQ#25#3#0
[info] I have voted before!
[info] send message to 25: vote#0
[info] message from 24: CRQ#24#3#0
[info] I have voted before!
[info] send message to 24: vote#0
[info] message from 10: CRQ#10#3#0
[info] I have voted before!
[info] send message to 10: vote#0
[info] message from 8: CRQ#8#3#0
[info] I have voted before!
[info] send message to 8: vote#0
[info] message from 21: CRQ#21#3#0
[info] I have voted before!
[info] send message to 21: vote#0
[info] message from 14: CRQ#14#3#0
[info] I have voted before!
[info] send message to 14: vote#0
[info] message from 30: CRQ#30#3#0
[info] I have voted before!
[info] send message to 30: vote#0
[info] message from 32: CRQ#32#3#0
[info] I have voted before!
[info] send message to 32: vote#0
[info] message from 3: CAM#3
[info] third phase started!
