[info] Hello from node21
[info] I'm connected to nodes ['1', '2', '3', '4', '5', '6', '7', '8', '9', '10', '11', '12', '13', '14', '15', '16', '17', '18', '19', '20', '21', '22', '23', '24', '25', '26', '27', '28', '29', '30', '31', '32', '33', '34', '35']
[info] I have edges [('21', '1'), ('21', '2'), ('21', '3'), ('21', '4'), ('21', '5'), ('21', '6'), ('21', '7'), ('21', '8'), ('21', '9'), ('21', '10'), ('21', '11'), ('21', '12'), ('21', '13'), ('21', '14'), ('21', '15'), ('21', '16'), ('21', '17'), ('21', '18'), ('21', '19'), ('21', '20'), ('21', '21'), ('21', '22'), ('21', '23'), ('21', '24'), ('21', '25'), ('21', '26'), ('21', '27'), ('21', '28'), ('21', '29'), ('21', '30'), ('21', '31'), ('21', '32'), ('21', '33'), ('21', '34'), ('21', '35')]
[info] first phase started!
[info] successfully filtered!
[info] second phase started!
[info] send message to 1: CRQ#21#3#0
[info] send message to 2: CRQ#21#3#0
[info] send message to 3: CRQ#21#3#0
[info] send message to 4: CRQ#21#3#0
[info] send message to 5: CRQ#21#3#0
[info] send message to 6: CRQ#21#3#0
[info] send message to 7: CRQ#21#3#0
[info] send message to 8: CRQ#21#3#0
[info] send message to 9: CRQ#21#3#0
[info] send message to 10: CRQ#21#3#0
[info] send message to 11: CRQ#21#3#0
[info] send message to 12: CRQ#21#3#0
[info] send message to 13: CRQ#21#3#0
[info] send message to 14: CRQ#21#3#0
[info] send message to 15: CRQ#21#3#0
[info] send message to 16: CRQ#21#3#0
[info] send message to 17: CRQ#21#3#0
[info] send message to 18: CRQ#21#3#0
[info] send message to 19: CRQ#21#3#0
[info] send message to 20: CRQ#21#3#0
[info] send message to 21: CRQ#21#3#0
[info] send message to 22: CRQ#21#3#0
[info] send message to 23: CRQ#21#3#0
[info] send message to 24: CRQ#21#3#0
[info] send message to 25: CRQ#21#3#0
[info] send message to 26: CRQ#21#3#0
[info] send message to 27: CRQ#21#3#0
[info] send message to 28: CRQ#21#3#0
[info] send message to 29: CRQ#21#3#0
[info] send message to 30: CRQ#21#3#0
[info] send message to 31: CRQ#21#3#0
[info] send message to 32: CRQ#21#3#0
[info] send message to 33: CRQ#21#3#0
[info] send message to 34: CRQ#21#3#0
[info] send message to 35: CRQ#21#3#0
[info] message from 3: CRQ#3#3#0
[info] send message to 3: vote#0
[info] message from 1: vote#0
[info] message from 2: vote#0
[info] message from 4: CRQ#4#3#0
[info] send message to 4: vote#0
[info] message from 5: vote#0
[info] message from 7: vote#0
[info] message from 9: CRQ#9#3#0
[info] send message to 9: vote#0
[info] message from 11: vote#0
[info] message from 3: vote#0
[info] message from 13: vote#0
[info] message from 12: vote#0
[info] message from 6: CRQ#6#3#0
[info] send message to 6: vote#0
[info] message from 16: vote#0
[info] message from 10: CRQ#10#3#0
[info] send message to 10: vote#0
[info] message from 25: CRQ#25#3#0
[info] send message to 25: vote#0
[info] message from 15: vote#0
[info] message from 24: CRQ#24#3#0
[info] send message to 24: vote#0
[info] message from 8: CRQ#8#3#0
[info] send message to 8: vote#0
[info] message from 17: vote#0
[info] message from 21: CRQ#21#3#0
[info] I vote myself
[info] send message to 21: vote#1
[info] message from 19: vote#0
[info] message from 18: vote#0
[info] message from 20: vote#0
[info] message from 22: vote#0
[info] message from 23: vote#0
[info] message from 14: CRQ#14#3#0
[info] I have voted before!
[info] send message to 14: vote#0
[info] message from 26: vote#0
[info] message from 28: vote#0
[info] message from 27: vote#0
[info] message from 29: vote#0
[info] message from 30: CRQ#30#3#0
[info] I have voted before!
[info] send message to 30: vote#0
[info] message from 32: CRQ#32#3#0
[info] I have voted before!
[info] send message to 32: vote#0
[info] message from 4: vote#0
[info] message from 31: vote#0
[info] message from 34: vote#0
[info] message from 33: vote#0
[info] message from 35: vote#0
[info] message from 9: vote#0
[info] message from 6: vote#0
[info] message from 25: vote#0
[info] message from 8: vote#0
[info] message from 24: vote#0
[info] message from 10: vote#0
[info] message from 21: vote#1
[info] message from 3: CHANGE#24
[info] send message to 3: ACK
[info] message from 30: vote#0
[info] message from 14: vote#0
[info] message from 9: CHANGE#1
[info] I am have better chance of being a leader!
[info] message from 4: CHANGE#1
[info] I am have better chance of being a leader!
[info] message from 32: vote#0
[info] send message to 3: CHANGE#1
[info] send message to 4: CHANGE#1
[info] send message to 6: CHANGE#1
[info] send message to 8: CHANGE#1
[info] send message to 9: CHANGE#1
[info] send message to 10: CHANGE#1
[info] send message to 14: CHANGE#1
[info] send message to 24: CHANGE#1
[info] send message to 25: CHANGE#1
[info] send message to 30: CHANGE#1
[info] send message to 32: CHANGE#1
[info] message from 6: CHANGE#1
[info] I am have better chance of being a leader!
[info] message from 25: CHANGE#1
[info] send message to 25: ACK
[info] message from 10: CHANGE#1
[info] I am have better chance of being a leader!
[info] message from 24: CHANGE#1
[info] send message to 24: ACK
[info] message from 8: CHANGE#1
[info] I am have better chance of being a leader!
[info] message from 9: ACK
[info] message from 30: CHANGE#1
[info] send message to 30: ACK
[info] message from 6: ACK
[info] message from 10: ACK
[info] message from 4: ACK
[info] message from 32: CHANGE#1
[info] send message to 32: ACK
[info] message from 8: ACK
[info] message from 14: CHANGE#1
[info] I am have better chance of being a leader!
[info] message from 14: ACK
[info] message from 3: CAM#3
[info] third phase started!
