[info] Hello from node26
[info] I'm connected to nodes ['1', '2', '3', '4', '5', '6', '7', '8', '9', '10', '11', '12', '13', '14', '15', '16', '17', '18', '19', '20', '21', '22', '23', '24', '25', '26', '27', '28', '29', '30', '31', '32', '33', '34', '35']
[info] I have edges [('26', '1'), ('26', '2'), ('26', '3'), ('26', '4'), ('26', '5'), ('26', '6'), ('26', '7'), ('26', '8'), ('26', '9'), ('26', '10'), ('26', '11'), ('26', '12'), ('26', '13'), ('26', '14'), ('26', '15'), ('26', '16'), ('26', '17'), ('26', '18'), ('26', '19'), ('26', '20'), ('26', '21'), ('26', '22'), ('26', '23'), ('26', '24'), ('26', '25'), ('26', '26'), ('26', '27'), ('26', '28'), ('26', '29'), ('26', '30'), ('26', '31'), ('26', '32'), ('26', '33'), ('26', '34'), ('26', '35')]
[info] first phase started!
[info] rejected!
[info] waiting for CRQ messages!
[info] message from 3: CRQ#3#3#0
[info] send message to 3: vote#1
[info] message from 4: CRQ#4#3#0
[info] I have voted before!
[info] send message to 4: vote#0
[info] message from 9: CRQ#9#3#0
[info] I have voted before!
[info] send message to 9: vote#0
[info] message from 6: CRQ#6#3#0
[info] I have voted before!
[info] send message to 6: vote#0
[info] message from 10: CRQ#10#3#0
[info] I have voted before!
[info] send message to 10: vote#0
[info] message from 25: CRQ#25#3#0
[info] I have voted before!
[info] send message to 25: vote#0
[info] message from 24: CRQ#24#3#0
[info] I have voted before!
[info] send message to 24: vote#0
[info] message from 8: CRQ#8#3#0
[info] I have voted before!
[info] send message to 8: vote#0
[info] message from 21: CRQ#21#3#0
[info] I have voted before!
[info] send message to 21: vote#0
[info] message from 14: CRQ#14#3#0
[info] I have voted before!
[info] send message to 14: vote#0
[info] message from 30: CRQ#30#3#0
[info] I have voted before!
[info] send message to 30: vote#0
[info] message from 32: CRQ#32#3#0
[info] I have voted before!
[info] send message to 32: vote#0
[info] message from 3: CAM#3
[info] third phase started!
