[info] Hello from node10
[info] I'm connected to nodes ['1', '10']
[info] I have edges [('10', '1'), ('10', '10')]
[info] -- round 0 started!
[info] -- new id 9 selected!
[info] send message to 1: wave#0#9#0
[info] send message to 10: wave#0#9#0
[info] message from 10: wave#0#9#0
[info] message from 1: wave#0#1#0
[info] message from 1: wave#0#7#0
[info] message from 1: wave#0#9#0
[info] after round 0 : parent is [] and leader id is 9
[info] -- round 1 started!
[info] -- new id 10 selected!
[info] send message to 1: wave#1#10#0
[info] send message to 10: wave#1#10#0
[info] message from 10: wave#1#10#0
[info] message from 1: wave#1#6#0
[info] message from 1: wave#1#9#0
[info] message from 1: wave#1#10#9
[info] after round 1 : parent is [] and leader id is 10
[info] send message to 1: exit
