[info] Hello from node15
[info] I'm connected to nodes ['1', '2', '3', '4', '5', '6', '7', '8', '9', '10', '11', '12', '13', '14', '15', '16', '17', '18', '19', '20']
[info] I have edges [('15', '1'), ('15', '2'), ('15', '3'), ('15', '4'), ('15', '5'), ('15', '6'), ('15', '7'), ('15', '8'), ('15', '9'), ('15', '10'), ('15', '11'), ('15', '12'), ('15', '13'), ('15', '14'), ('15', '15'), ('15', '16'), ('15', '17'), ('15', '18'), ('15', '19'), ('15', '20')]
[info] -- round 0 started!
[info] -- new id 18 selected!
[info] send message to 1: wave#0#18#0
[info] send message to 2: wave#0#18#0
[info] send message to 3: wave#0#18#0
[info] send message to 4: wave#0#18#0
[info] send message to 5: wave#0#18#0
[info] send message to 6: wave#0#18#0
[info] send message to 7: wave#0#18#0
[info] send message to 8: wave#0#18#0
[info] send message to 9: wave#0#18#0
[info] send message to 10: wave#0#18#0
[info] send message to 11: wave#0#18#0
[info] send message to 12: wave#0#18#0
[info] send message to 13: wave#0#18#0
[info] send message to 14: wave#0#18#0
[info] send message to 15: wave#0#18#0
[info] send message to 16: wave#0#18#0
[info] send message to 17: wave#0#18#0
[info] send message to 18: wave#0#18#0
[info] send message to 19: wave#0#18#0
[info] send message to 20: wave#0#18#0
[info] message from 20: wave#0#2#0
[info] message from 8: wave#0#18#0
[info] message from 19: wave#0#12#0
[info] message from 5: wave#0#11#0
[info] message from 9: wave#0#9#0
[info] message from 4: wave#0#6#0
[info] message from 10: wave#0#4#0
[info] message from 1: wave#0#6#0
[info] message from 13: wave#0#17#0
[info] message from 3: wave#0#2#0
[info] message from 11: wave#0#16#0
[info] message from 14: wave#0#15#0
[info] message from 6: wave#0#6#0
[info] message from 2: wave#0#13#0
[info] message from 18: wave#0#1#0
[info] message from 20: wave#0#18#0
[info] message from 7: wave#0#9#0
[info] message from 16: wave#0#19#0
[info] send message to 1: wave#0#19#0
[info] send message to 2: wave#0#19#0
[info] send message to 3: wave#0#19#0
[info] send message to 4: wave#0#19#0
[info] send message to 5: wave#0#19#0
[info] send message to 6: wave#0#19#0
[info] send message to 7: wave#0#19#0
[info] send message to 8: wave#0#19#0
[info] send message to 9: wave#0#19#0
[info] send message to 10: wave#0#19#0
[info] send message to 11: wave#0#19#0
[info] send message to 12: wave#0#19#0
[info] send message to 13: wave#0#19#0
[info] send message to 14: wave#0#19#0
[info] send message to 15: wave#0#19#0
[info] send message to 17: wave#0#19#0
[info] send message to 18: wave#0#19#0
[info] send message to 19: wave#0#19#0
[info] send message to 20: wave#0#19#0
[info] message from 5: wave#0#12#0
[info] message from 19: wave#0#18#0
[info] message from 4: wave#0#12#0
[info] message from 12: wave#0#7#0
[info] message from 15: wave#0#18#0
[info] message from 8: wave#0#19#0
[info] message from 9: wave#0#12#0
[info] message from 17: wave#0#8#0
[info] message from 10: wave#0#12#0
[info] message from 1: wave#0#12#0
[info] message from 13: wave#0#18#0
[info] message from 2: wave#0#18#0
[info] message from 14: wave#0#18#0
[info] message from 6: wave#0#12#0
[info] message from 18: wave#0#18#0
[info] message from 11: wave#0#18#0
[info] message from 5: wave#0#18#0
[info] message from 20: wave#0#19#0
[info] message from 7: wave#0#12#0
[info] message from 3: wave#0#12#0
[info] message from 4: wave#0#18#0
[info] message from 19: wave#0#19#0
[info] message from 9: wave#0#18#0
[info] message from 12: wave#0#18#0
[info] message from 10: wave#0#18#0
[info] message from 15: wave#0#19#0
[info] message from 1: wave#0#18#0
[info] message from 17: wave#0#18#0
[info] message from 13: wave#0#19#0
[info] message from 6: wave#0#18#0
[info] message from 7: wave#0#18#0
[info] message from 2: wave#0#19#0
[info] message from 14: wave#0#19#0
[info] message from 3: wave#0#18#0
[info] message from 11: wave#0#19#0
[info] message from 18: wave#0#19#0
[info] message from 5: wave#0#19#0
[info] message from 4: wave#0#19#0
[info] message from 12: wave#0#19#0
[info] message from 9: wave#0#19#0
[info] message from 10: wave#0#19#0
[info] message from 1: wave#0#19#0
[info] message from 17: wave#0#19#0
[info] message from 6: wave#0#19#0
[info] message from 3: wave#0#19#0
[info] message from 7: wave#0#19#0
[info] after round 0 : parent is ['16'] and leader id is 19
[info] send message to 16: wave#0#19#1
[info] message from 2: exit
[info] send message to 1: exit
[info] send message to 3: exit
[info] send message to 4: exit
[info] send message to 5: exit
[info] send message to 6: exit
[info] send message to 7: exit
[info] send message to 8: exit
[info] send message to 9: exit
[info] send message to 10: exit
[info] send message to 11: exit
[info] send message to 12: exit
[info] send message to 13: exit
[info] send message to 14: exit
[info] send message to 16: exit
[info] send message to 17: exit
[info] send message to 18: exit
[info] send message to 19: exit
[info] send message to 20: exit
