[info] Hello from node6
[info] I'm connected to nodes ['1', '6']
[info] I have edges [('6', '1'), ('6', '6')]
[info] -- round 0 started!
[info] -- new id 5 selected!
[info] send message to 1: wave#0#5#0
[info] send message to 6: wave#0#5#0
[info] message from 1: wave#0#19#0
[info] send message to 6: wave#0#19#0
[info] message from 6: wave#0#5#0
[info] after round 0 : parent is ['1'] and leader id is 19
[info] send message to 1: wave#0#19#1
[info] message from 6: wave#0#19#0
[info] after round 0 : parent is ['1'] and leader id is 19
[info] send message to 1: wave#0#19#1
[info] message from 1: wave#0#30#0
[info] send message to 6: wave#0#30#0
[info] message from 6: wave#0#30#0
[info] after round 0 : parent is ['1'] and leader id is 30
[info] send message to 1: wave#0#30#1
[info] message from 1: exit
