[info] Hello from node40
[info] I'm connected to nodes ['1', '39', '40']
[info] I have edges [('40', '1'), ('40', '39'), ('40', '40')]
[info] -- round 0 started!
[info] -- new id 30 selected!
[info] send message to 1: wave#0#30#0
[info] send message to 39: wave#0#30#0
[info] send message to 40: wave#0#30#0
[info] message from 1: wave#0#9#0
[info] message from 1: wave#0#30#0
[info] message from 1: wave#0#34#0
[info] send message to 39: wave#0#34#0
[info] send message to 40: wave#0#34#0
[info] message from 1: wave#0#40#0
[info] send message to 39: wave#0#40#0
[info] send message to 40: wave#0#40#0
[info] message from 39: wave#0#32#0
[info] message from 40: wave#0#30#0
[info] message from 40: wave#0#34#0
[info] message from 40: wave#0#40#0
[info] message from 39: wave#0#40#13
[info] after round 0 : parent is ['1'] and leader id is 40
[info] send message to 1: wave#0#40#14
[info] message from 39: wave#0#40#91
[info] after round 0 : parent is ['1'] and leader id is 40
[info] send message to 1: wave#0#40#105
[info] message from 1: exit
[info] send message to 39: exit
