[info] Hello from node33
[info] I'm connected to nodes ['32', '33', '34']
[info] I have edges [('33', '32'), ('33', '33'), ('33', '34')]
[info] -- round 0 started!
[info] -- new id 6 selected!
[info] send message to 32: wave#0#6#0
[info] send message to 33: wave#0#6#0
[info] send message to 34: wave#0#6#0
[info] message from 34: wave#0#10#0
[info] send message to 32: wave#0#10#0
[info] send message to 33: wave#0#10#0
[info] message from 33: wave#0#6#0
[info] message from 34: wave#0#30#0
[info] send message to 32: wave#0#30#0
[info] send message to 33: wave#0#30#0
[info] message from 33: wave#0#10#0
[info] message from 33: wave#0#30#0
[info] message from 32: wave#0#30#0
[info] after round 0 : parent is ['34'] and leader id is 30
[info] send message to 34: wave#0#30#1
[info] message from 32: wave#0#38#0
[info] send message to 33: wave#0#38#0
[info] send message to 34: wave#0#38#0
[info] message from 33: wave#0#38#0
[info] message from 34: wave#0#40#0
[info] send message to 32: wave#0#40#0
[info] send message to 33: wave#0#40#0
[info] message from 33: wave#0#40#0
[info] message from 32: wave#0#40#6
[info] after round 0 : parent is ['34'] and leader id is 40
[info] send message to 34: wave#0#40#7
[info] message from 32: wave#0#40#21
[info] after round 0 : parent is ['34'] and leader id is 40
[info] send message to 34: wave#0#40#28
[info] message from 34: exit
[info] send message to 32: exit
