[info] Hello from node14
[info] I'm connected to nodes ['13', '14', '15']
[info] I have edges [('14', '13'), ('14', '14'), ('14', '15')]
[info] -- round 0 started!
[info] -- new id 1 selected!
[info] send message to 13: wave#0#1#0
[info] send message to 14: wave#0#1#0
[info] send message to 15: wave#0#1#0
[info] message from 14: wave#0#1#0
[info] message from 15: wave#0#20#0
[info] send message to 13: wave#0#20#0
[info] send message to 14: wave#0#20#0
[info] message from 14: wave#0#20#0
[info] message from 15: wave#0#35#0
[info] send message to 13: wave#0#35#0
[info] send message to 14: wave#0#35#0
[info] message from 14: wave#0#35#0
[info] message from 13: wave#0#3#0
[info] message from 13: wave#0#39#0
[info] send message to 14: wave#0#39#0
[info] send message to 15: wave#0#39#0
[info] message from 14: wave#0#39#0
[info] message from 13: wave#0#40#0
[info] send message to 14: wave#0#40#0
[info] send message to 15: wave#0#40#0
[info] message from 14: wave#0#40#0
[info] message from 15: wave#0#40#12
[info] after round 0 : parent is ['13'] and leader id is 40
[info] send message to 13: wave#0#40#13
[info] message from 13: exit
[info] send message to 15: exit
