[info] Hello from node22
[info] I'm connected to nodes ['21', '22', '23']
[info] I have edges [('22', '21'), ('22', '22'), ('22', '23')]
[info] -- round 0 started!
[info] -- new id 7 selected!
[info] send message to 21: wave#0#7#0
[info] send message to 22: wave#0#7#0
[info] send message to 23: wave#0#7#0
[info] message from 23: wave#0#17#0
[info] send message to 21: wave#0#17#0
[info] send message to 22: wave#0#17#0
[info] message from 22: wave#0#7#0
[info] message from 21: wave#0#17#0
[info] after round 0 : parent is ['23'] and leader id is 17
[info] send message to 23: wave#0#17#1
[info] message from 22: wave#0#17#0
[info] after round 0 : parent is ['23'] and leader id is 17
[info] send message to 23: wave#0#17#1
[info] message from 21: wave#0#22#0
[info] send message to 22: wave#0#22#0
[info] send message to 23: wave#0#22#0
[info] message from 21: wave#0#26#0
[info] send message to 22: wave#0#26#0
[info] send message to 23: wave#0#26#0
[info] message from 23: wave#0#31#0
[info] send message to 21: wave#0#31#0
[info] send message to 22: wave#0#31#0
[info] message from 22: wave#0#22#0
[info] message from 21: wave#0#35#0
[info] send message to 22: wave#0#35#0
[info] send message to 23: wave#0#35#0
[info] message from 23: wave#0#36#0
[info] send message to 21: wave#0#36#0
[info] send message to 22: wave#0#36#0
[info] message from 22: wave#0#26#0
[info] message from 23: wave#0#38#0
[info] send message to 21: wave#0#38#0
[info] send message to 22: wave#0#38#0
[info] message from 22: wave#0#31#0
[info] message from 22: wave#0#35#0
[info] message from 22: wave#0#36#0
[info] message from 22: wave#0#38#0
[info] message from 21: wave#0#39#0
[info] send message to 22: wave#0#39#0
[info] send message to 23: wave#0#39#0
[info] message from 22: wave#0#39#0
[info] message from 21: wave#0#40#0
[info] send message to 22: wave#0#40#0
[info] send message to 23: wave#0#40#0
[info] message from 22: wave#0#40#0
[info] message from 23: wave#0#40#4
[info] after round 0 : parent is ['21'] and leader id is 40
[info] send message to 21: wave#0#40#5
[info] message from 21: exit
[info] send message to 23: exit
