[info] Hello from node15
[info] I'm connected to nodes ['14', '15', '16']
[info] I have edges [('15', '14'), ('15', '15'), ('15', '16')]
[info] -- round 0 started!
[info] -- new id 20 selected!
[info] send message to 14: wave#0#20#0
[info] send message to 15: wave#0#20#0
[info] send message to 16: wave#0#20#0
[info] message from 14: wave#0#1#0
[info] message from 15: wave#0#20#0
[info] message from 16: wave#0#35#0
[info] send message to 14: wave#0#35#0
[info] send message to 15: wave#0#35#0
[info] message from 15: wave#0#35#0
[info] message from 14: wave#0#39#0
[info] send message to 15: wave#0#39#0
[info] send message to 16: wave#0#39#0
[info] message from 15: wave#0#39#0
[info] message from 14: wave#0#40#0
[info] send message to 15: wave#0#40#0
[info] send message to 16: wave#0#40#0
[info] message from 15: wave#0#40#0
[info] message from 16: wave#0#40#11
[info] after round 0 : parent is ['14'] and leader id is 40
[info] send message to 14: wave#0#40#12
[info] message from 14: exit
[info] send message to 16: exit
