[info] Hello from node10
[info] I'm connected to nodes ['9', '10', '11']
[info] I have edges [('10', '9'), ('10', '10'), ('10', '11')]
[info] -- round 0 started!
[info] -- new id 19 selected!
[info] send message to 9: wave#0#19#0
[info] send message to 10: wave#0#19#0
[info] send message to 11: wave#0#19#0
[info] message from 10: wave#0#19#0
[info] message from 11: wave#0#12#0
[info] message from 9: wave#0#31#0
[info] send message to 10: wave#0#31#0
[info] send message to 11: wave#0#31#0
[info] message from 10: wave#0#31#0
[info] message from 9: wave#0#39#0
[info] send message to 10: wave#0#39#0
[info] send message to 11: wave#0#39#0
[info] message from 10: wave#0#39#0
[info] message from 9: wave#0#40#0
[info] send message to 10: wave#0#40#0
[info] send message to 11: wave#0#40#0
[info] message from 10: wave#0#40#0
[info] message from 11: wave#0#40#16
[info] after round 0 : parent is ['9'] and leader id is 40
[info] send message to 9: wave#0#40#17
[info] message from 9: exit
[info] send message to 11: exit
