[info] Hello from node12
[info] I'm connected to nodes ['11', '12', '13']
[info] I have edges [('12', '11'), ('12', '12'), ('12', '13')]
[info] -- round 0 started!
[info] -- new id 8 selected!
[info] send message to 11: wave#0#8#0
[info] send message to 12: wave#0#8#0
[info] send message to 13: wave#0#8#0
[info] message from 11: wave#0#7#0
[info] message from 13: wave#0#1#0
[info] message from 12: wave#0#8#0
[info] message from 11: wave#0#9#0
[info] send message to 12: wave#0#9#0
[info] send message to 13: wave#0#9#0
[info] message from 12: wave#0#9#0
[info] message from 13: wave#0#5#0
[info] message from 11: wave#0#16#0
[info] send message to 12: wave#0#16#0
[info] send message to 13: wave#0#16#0
[info] message from 12: wave#0#16#0
[info] message from 11: wave#0#17#0
[info] send message to 12: wave#0#17#0
[info] send message to 13: wave#0#17#0
[info] message from 12: wave#0#17#0
[info] message from 13: wave#0#19#0
[info] send message to 11: wave#0#19#0
[info] send message to 12: wave#0#19#0
[info] message from 12: wave#0#19#0
[info] message from 11: wave#0#19#11
[info] after round 0 : parent is ['13'] and leader id is 19
[info] send message to 13: wave#0#19#12
[info] message from 13: exit
[info] send message to 11: exit
