[info] Hello from node3
[info] I'm connected to nodes ['2', '3', '9']
[info] I have edges [('3', '2'), ('3', '3'), ('3', '9')]
[info] -- round 0 started!
[info] -- new id 7 selected!
[info] send message to 2: wave#0#7#0
[info] send message to 3: wave#0#7#0
[info] send message to 9: wave#0#7#0
[info] message from 9: wave#0#5#0
[info] message from 3: wave#0#7#0
[info] message from 2: wave#0#9#0
[info] send message to 3: wave#0#9#0
[info] send message to 9: wave#0#9#0
[info] message from 3: wave#0#9#0
[info] message from 2: wave#1#4#0
[info] send message to 3: wave#1#4#0
[info] send message to 9: wave#1#4#0
[info] message from 3: wave#1#4#0
[info] message from 9: wave#1#4#2
[info] after round 1 : parent is ['2'] and leader id is 4
[info] send message to 2: wave#1#4#3
[info] message from 9: wave#1#4#3
[info] after round 1 : parent is ['2'] and leader id is 4
[info] send message to 2: wave#1#4#6
[info] message from 9: wave#1#4#4
[info] after round 1 : parent is ['2'] and leader id is 4
[info] send message to 2: wave#1#4#10
[info] message from 2: terminate
[info] send message to 3: terminate
[info] send message to 9: terminate
[info] message from 3: terminate
[info] message from 9: done
[info] send message to 2: done
[info] send message to 3: exit
[info] message from 3: exit
