[info] Hello from node6
[info] I'm connected to nodes ['2', '6']
[info] I have edges [('6', '2'), ('6', '6')]
[info] -- round 0 started!
[info] -- new id 3 selected!
[info] send message to 2: wave#0#3#0
[info] send message to 6: wave#0#3#0
[info] message from 2: wave#0#9#0
[info] send message to 6: wave#0#9#0
[info] message from 6: wave#0#3#0
[info] after round 0 : parent is ['2'] and leader id is 9
[info] send message to 2: wave#0#9#1
[info] message from 6: wave#0#9#0
[info] after round 0 : parent is ['2'] and leader id is 9
[info] send message to 2: wave#0#9#1
[info] message from 2: wave#1#4#0
[info] send message to 6: wave#1#4#0
[info] message from 6: wave#1#4#0
[info] after round 1 : parent is ['2'] and leader id is 4
[info] send message to 2: wave#1#4#1
[info] message from 2: terminate
[info] send message to 6: terminate
[info] message from 6: terminate
[info] send message to 2: done
[info] send message to 6: exit
[info] message from 6: exit
