[info] Hello from node9
[info] I'm connected to nodes ['3', '8', '9']
[info] I have edges [('9', '3'), ('9', '8'), ('9', '9')]
[info] -- round 0 started!
[info] -- new id 5 selected!
[info] send message to 3: wave#0#5#0
[info] send message to 8: wave#0#5#0
[info] send message to 9: wave#0#5#0
[info] message from 9: wave#0#5#0
[info] message from 3: wave#0#7#0
[info] send message to 8: wave#0#7#0
[info] send message to 9: wave#0#7#0
[info] message from 9: wave#0#7#0
[info] message from 3: wave#0#9#0
[info] send message to 8: wave#0#9#0
[info] send message to 9: wave#0#9#0
[info] message from 9: wave#0#9#0
[info] message from 8: wave#0#5#0
[info] message from 3: wave#1#4#0
[info] send message to 8: wave#1#4#0
[info] send message to 9: wave#1#4#0
[info] message from 9: wave#1#4#0
[info] message from 8: wave#0#9#1
[info] message from 8: wave#1#4#1
[info] after round 1 : parent is ['3'] and leader id is 4
[info] send message to 3: wave#1#4#2
[info] message from 8: wave#1#4#1
[info] after round 1 : parent is ['3'] and leader id is 4
[info] send message to 3: wave#1#4#3
[info] message from 8: wave#1#4#1
[info] after round 1 : parent is ['3'] and leader id is 4
[info] send message to 3: wave#1#4#4
[info] message from 3: terminate
[info] send message to 8: terminate
[info] send message to 9: terminate
[info] message from 9: terminate
[info] message from 8: done
[info] send message to 3: done
[info] send message to 9: exit
[info] message from 9: exit
