[info] Hello from node2
[info] I'm connected to nodes ['1', '2', '3', '6', '7']
[info] I have edges [('2', '1'), ('2', '2'), ('2', '3'), ('2', '6'), ('2', '7')]
[info] -- round 0 started!
[info] -- new id 9 selected!
[info] send message to 1: wave#0#9#0
[info] send message to 2: wave#0#9#0
[info] send message to 3: wave#0#9#0
[info] send message to 6: wave#0#9#0
[info] send message to 7: wave#0#9#0
[info] message from 1: wave#0#4#0
[info] message from 3: wave#0#7#0
[info] message from 7: wave#0#9#0
[info] message from 2: wave#0#9#0
[info] message from 6: wave#0#3#0
[info] message from 7: wave#1#4#0
[info] send message to 1: wave#1#4#0
[info] send message to 2: wave#1#4#0
[info] send message to 3: wave#1#4#0
[info] send message to 6: wave#1#4#0
[info] message from 1: wave#1#1#0
[info] message from 2: wave#1#4#0
[info] message from 6: wave#0#9#1
[info] message from 6: wave#0#9#1
[info] message from 6: wave#1#4#1
[info] message from 1: wave#1#4#3
[info] message from 3: wave#1#4#3
[info] after round 1 : parent is ['7'] and leader id is 4
[info] send message to 7: wave#1#4#8
[info] message from 3: wave#1#4#6
[info] after round 1 : parent is ['7'] and leader id is 4
[info] send message to 7: wave#1#4#14
[info] message from 7: terminate
[info] send message to 1: terminate
[info] send message to 2: terminate
[info] send message to 3: terminate
[info] send message to 6: terminate
[info] message from 3: wave#1#4#10
[info] after round 1 : parent is ['7'] and leader id is 4
[info] send message to 7: wave#1#4#24
[info] message from 2: terminate
[info] message from 6: done
[info] message from 1: done
[info] message from 3: done
[info] send message to 7: done
[info] send message to 2: exit
[info] message from 2: exit
