[info] Hello from node1
[info] I'm connected to nodes ['1', '2', '4', '5']
[info] I have edges [('1', '1'), ('1', '2'), ('1', '4'), ('1', '5')]
[info] -- round 0 started!
[info] -- new id 4 selected!
[info] send message to 1: wave#0#4#0
[info] send message to 2: wave#0#4#0
[info] send message to 4: wave#0#4#0
[info] send message to 5: wave#0#4#0
[info] message from 4: wave#0#2#0
[info] message from 1: wave#0#4#0
[info] message from 4: wave#0#4#1
[info] message from 2: wave#0#9#0
[info] send message to 1: wave#0#9#0
[info] send message to 4: wave#0#9#0
[info] send message to 5: wave#0#9#0
[info] message from 1: wave#0#9#0
[info] message from 5: wave#0#4#0
[info] message from 4: wave#0#9#1
[info] message from 5: wave#1#1#0
[info] send message to 1: wave#1#1#0
[info] send message to 2: wave#1#1#0
[info] send message to 4: wave#1#1#0
[info] message from 1: wave#1#1#0
[info] message from 2: wave#1#4#0
[info] send message to 1: wave#1#4#0
[info] send message to 4: wave#1#4#0
[info] send message to 5: wave#1#4#0
[info] message from 1: wave#1#4#0
[info] message from 4: wave#1#1#1
[info] message from 4: wave#1#4#1
[info] message from 5: wave#1#4#1
[info] after round 1 : parent is ['2'] and leader id is 4
[info] send message to 2: wave#1#4#3
[info] message from 2: terminate
[info] send message to 1: terminate
[info] send message to 4: terminate
[info] send message to 5: terminate
[info] message from 1: terminate
[info] message from 4: done
[info] message from 5: done
[info] send message to 2: done
[info] send message to 1: exit
[info] message from 1: exit
