[info] Hello from node8
[info] I'm connected to nodes ['8', '9']
[info] I have edges [('8', '8'), ('8', '9')]
[info] -- round 0 started!
[info] -- new id 5 selected!
[info] send message to 8: wave#0#5#0
[info] send message to 9: wave#0#5#0
[info] message from 9: wave#0#5#0
[info] message from 9: wave#0#7#0
[info] send message to 8: wave#0#7#0
[info] message from 9: wave#0#9#0
[info] send message to 8: wave#0#9#0
[info] message from 8: wave#0#5#0
[info] after round 0 : parent is ['9'] and leader id is 9
[info] send message to 9: wave#0#9#1
[info] message from 9: wave#1#4#0
[info] send message to 8: wave#1#4#0
[info] message from 8: wave#0#7#0
[info] after round 1 : parent is ['9'] and leader id is 4
[info] send message to 9: wave#1#4#1
[info] message from 8: wave#0#9#0
[info] after round 1 : parent is ['9'] and leader id is 4
[info] send message to 9: wave#1#4#1
[info] message from 8: wave#1#4#0
[info] after round 1 : parent is ['9'] and leader id is 4
[info] send message to 9: wave#1#4#1
[info] message from 9: terminate
[info] send message to 8: terminate
[info] message from 8: terminate
[info] send message to 9: done
[info] send message to 8: exit
[info] message from 8: exit
