[info] Hello from node4
[info] I'm connected to nodes ['3', '4', '5']
[info] I have edges [('4', '3'), ('4', '4'), ('4', '5')]
[info] -- round 0 started!
[info] -- new id 3 selected!
[info] send message to 3: wave#0#3#0
[info] send message to 4: wave#0#3#0
[info] send message to 5: wave#0#3#0
[info] message from 3: wave#0#21#0
[info] send message to 4: wave#0#21#0
[info] send message to 5: wave#0#21#0
[info] message from 5: wave#0#29#0
[info] send message to 3: wave#0#29#0
[info] send message to 4: wave#0#29#0
[info] message from 4: wave#0#3#0
[info] message from 4: wave#0#21#0
[info] message from 3: wave#0#26#0
[info] message from 4: wave#0#29#0
[info] message from 3: wave#0#29#3
[info] after round 0 : parent is ['5'] and leader id is 29
[info] send message to 5: wave#0#29#4
[info] message from 5: wave#0#30#0
[info] send message to 3: wave#0#30#0
[info] send message to 4: wave#0#30#0
[info] message from 4: wave#0#30#0
[info] message from 3: wave#0#30#3
[info] after round 0 : parent is ['5'] and leader id is 30
[info] send message to 5: wave#0#30#4
[info] message from 5: exit
[info] send message to 3: exit
