[info] Hello from node24
[info] I'm connected to nodes ['23', '24', '25']
[info] I have edges [('24', '23'), ('24', '24'), ('24', '25')]
[info] -- round 0 started!
[info] -- new id 22 selected!
[info] send message to 23: wave#0#22#0
[info] send message to 24: wave#0#22#0
[info] send message to 25: wave#0#22#0
[info] message from 24: wave#0#22#0
[info] message from 23: wave#0#3#0
[info] message from 25: wave#0#16#0
[info] message from 23: wave#0#23#0
[info] send message to 24: wave#0#23#0
[info] send message to 25: wave#0#23#0
[info] message from 24: wave#0#23#0
[info] message from 25: wave#0#30#0
[info] send message to 23: wave#0#30#0
[info] send message to 24: wave#0#30#0
[info] message from 24: wave#0#30#0
[info] message from 23: wave#0#30#23
[info] after round 0 : parent is ['25'] and leader id is 30
[info] send message to 25: wave#0#30#24
[info] message from 25: exit
[info] send message to 23: exit
