[info] Hello from node21
[info] I'm connected to nodes ['1', '21']
[info] I have edges [('21', '1'), ('21', '21')]
[info] -- round 0 started!
[info] -- new id 28 selected!
[info] send message to 1: wave#0#28#0
[info] send message to 21: wave#0#28#0
[info] message from 1: wave#0#28#0
[info] message from 21: wave#0#28#0
[info] after round 0 : parent is [] and leader id is 28
[info] -- round 1 started!
[info] -- new id 34 selected!
[info] send message to 1: wave#1#34#0
[info] send message to 21: wave#1#34#0
[info] message from 21: wave#1#34#0
[info] message from 1: wave#0#30#0
[info] message from 1: wave#0#33#0
[info] message from 1: wave#1#34#34
[info] after round 1 : parent is [] and leader id is 34
[info] send message to 1: exit
