[info] Hello from node33
[info] I'm connected to nodes ['32', '33', '34']
[info] I have edges [('33', '32'), ('33', '33'), ('33', '34')]
[info] -- round 0 started!
[info] -- new id 12 selected!
[info] send message to 32: wave#0#12#0
[info] send message to 33: wave#0#12#0
[info] send message to 34: wave#0#12#0
[info] message from 34: wave#0#14#0
[info] send message to 32: wave#0#14#0
[info] send message to 33: wave#0#14#0
[info] message from 32: wave#0#16#0
[info] send message to 33: wave#0#16#0
[info] send message to 34: wave#0#16#0
[info] message from 33: wave#0#12#0
[info] message from 33: wave#0#14#0
[info] message from 32: wave#0#41#0
[info] send message to 33: wave#0#41#0
[info] send message to 34: wave#0#41#0
[info] message from 34: wave#0#45#0
[info] send message to 32: wave#0#45#0
[info] send message to 33: wave#0#45#0
[info] message from 33: wave#0#16#0
[info] message from 33: wave#0#41#0
[info] message from 33: wave#0#45#0
[info] message from 32: wave#0#45#19
[info] after round 0 : parent is ['34'] and leader id is 45
[info] send message to 34: wave#0#45#20
[info] message from 34: wave#1#43#0
[info] send message to 32: wave#1#43#0
[info] send message to 33: wave#1#43#0
[info] message from 33: wave#1#43#0
[info] message from 32: wave#1#43#28
[info] after round 1 : parent is ['34'] and leader id is 43
[info] send message to 34: wave#1#43#29
[info] message from 34: exit
[info] send message to 32: exit
