[info] Hello from node44
[info] I'm connected to nodes ['43', '44', '45']
[info] I have edges [('44', '43'), ('44', '44'), ('44', '45')]
[info] -- round 0 started!
[info] -- new id 43 selected!
[info] send message to 43: wave#0#43#0
[info] send message to 44: wave#0#43#0
[info] send message to 45: wave#0#43#0
[info] message from 45: wave#0#45#0
[info] send message to 43: wave#0#45#0
[info] send message to 44: wave#0#45#0
[info] message from 43: wave#0#32#0
[info] message from 44: wave#0#43#0
[info] message from 44: wave#0#45#0
[info] message from 43: wave#0#45#3
[info] after round 0 : parent is ['45'] and leader id is 45
[info] send message to 45: wave#0#45#4
[info] message from 43: wave#0#45#6
[info] after round 0 : parent is ['45'] and leader id is 45
[info] send message to 45: wave#0#45#10
[info] message from 43: wave#0#45#10
[info] after round 0 : parent is ['45'] and leader id is 45
[info] send message to 45: wave#0#45#20
[info] message from 45: wave#1#24#0
[info] send message to 43: wave#1#24#0
[info] send message to 44: wave#1#24#0
[info] message from 44: wave#1#24#0
[info] message from 43: wave#1#43#0
[info] send message to 44: wave#1#43#0
[info] send message to 45: wave#1#43#0
[info] message from 44: wave#1#43#0
[info] message from 45: wave#1#43#5
[info] after round 1 : parent is ['43'] and leader id is 43
[info] send message to 43: wave#1#43#6
[info] message from 43: exit
[info] send message to 45: exit
