[info] Hello from node30
[info] I'm connected to nodes ['29', '30', '31']
[info] I have edges [('30', '29'), ('30', '30'), ('30', '31')]
[info] -- round 0 started!
[info] -- new id 41 selected!
[info] send message to 29: wave#0#41#0
[info] send message to 30: wave#0#41#0
[info] send message to 31: wave#0#41#0
[info] message from 30: wave#0#41#0
[info] message from 29: wave#0#6#0
[info] message from 31: wave#0#6#0
[info] message from 31: wave#0#45#0
[info] send message to 29: wave#0#45#0
[info] send message to 30: wave#0#45#0
[info] message from 30: wave#0#45#0
[info] message from 29: wave#0#45#16
[info] after round 0 : parent is ['31'] and leader id is 45
[info] send message to 31: wave#0#45#17
[info] message from 31: wave#1#43#0
[info] send message to 29: wave#1#43#0
[info] send message to 30: wave#1#43#0
[info] message from 30: wave#1#43#0
[info] message from 29: wave#1#43#25
[info] after round 1 : parent is ['31'] and leader id is 43
[info] send message to 31: wave#1#43#26
[info] message from 31: exit
[info] send message to 29: exit
