[info] Hello from node17
[info] I'm connected to nodes ['16', '17', '18']
[info] I have edges [('17', '16'), ('17', '17'), ('17', '18')]
[info] -- round 0 started!
[info] -- new id 43 selected!
[info] send message to 16: wave#0#43#0
[info] send message to 17: wave#0#43#0
[info] send message to 18: wave#0#43#0
[info] message from 17: wave#0#43#0
[info] message from 18: wave#0#12#0
[info] message from 16: wave#0#17#0
[info] message from 16: wave#0#43#3
[info] message from 18: wave#0#45#0
[info] send message to 16: wave#0#45#0
[info] send message to 17: wave#0#45#0
[info] message from 17: wave#0#45#0
[info] message from 16: wave#0#45#3
[info] after round 0 : parent is ['18'] and leader id is 45
[info] send message to 18: wave#0#45#4
[info] message from 18: wave#1#43#0
[info] send message to 16: wave#1#43#0
[info] send message to 17: wave#1#43#0
[info] message from 17: wave#1#43#0
[info] message from 16: wave#1#43#12
[info] after round 1 : parent is ['18'] and leader id is 43
[info] send message to 18: wave#1#43#13
[info] message from 18: exit
[info] send message to 16: exit
