[info] Hello from node12
[info] I'm connected to nodes ['11', '12', '13']
[info] I have edges [('12', '11'), ('12', '12'), ('12', '13')]
[info] -- round 0 started!
[info] -- new id 28 selected!
[info] send message to 11: wave#0#28#0
[info] send message to 12: wave#0#28#0
[info] send message to 13: wave#0#28#0
[info] message from 13: wave#0#10#0
[info] message from 12: wave#0#28#0
[info] message from 11: wave#0#10#0
[info] message from 11: wave#0#22#0
[info] message from 11: wave#0#43#0
[info] send message to 12: wave#0#43#0
[info] send message to 13: wave#0#43#0
[info] message from 12: wave#0#43#0
[info] message from 13: wave#0#43#1
[info] after round 0 : parent is ['11'] and leader id is 43
[info] send message to 11: wave#0#43#2
[info] message from 11: wave#0#45#0
[info] send message to 12: wave#0#45#0
[info] send message to 13: wave#0#45#0
[info] message from 12: wave#0#45#0
[info] message from 13: wave#0#45#1
[info] after round 0 : parent is ['11'] and leader id is 45
[info] send message to 11: wave#0#45#2
[info] message from 11: wave#1#24#0
[info] send message to 12: wave#1#24#0
[info] send message to 13: wave#1#24#0
[info] message from 12: wave#1#24#0
[info] message from 13: wave#1#43#0
[info] send message to 11: wave#1#43#0
[info] send message to 12: wave#1#43#0
[info] message from 12: wave#1#43#0
[info] message from 11: wave#1#43#7
[info] after round 1 : parent is ['13'] and leader id is 43
[info] send message to 13: wave#1#43#8
[info] message from 13: exit
[info] send message to 11: exit
