[info] Hello from node9
[info] I'm connected to nodes ['8', '9', '10']
[info] I have edges [('9', '8'), ('9', '9'), ('9', '10')]
[info] -- round 0 started!
[info] -- new id 43 selected!
[info] send message to 8: wave#0#43#0
[info] send message to 9: wave#0#43#0
[info] send message to 10: wave#0#43#0
[info] message from 10: wave#0#22#0
[info] message from 9: wave#0#43#0
[info] message from 8: wave#0#31#0
[info] message from 10: wave#0#43#4
[info] message from 8: wave#0#45#0
[info] send message to 9: wave#0#45#0
[info] send message to 10: wave#0#45#0
[info] message from 9: wave#0#45#0
[info] message from 10: wave#0#45#4
[info] after round 0 : parent is ['8'] and leader id is 45
[info] send message to 8: wave#0#45#5
[info] message from 8: wave#1#24#0
[info] send message to 9: wave#1#24#0
[info] send message to 10: wave#1#24#0
[info] message from 9: wave#1#24#0
[info] message from 10: wave#1#43#0
[info] send message to 8: wave#1#43#0
[info] send message to 9: wave#1#43#0
[info] message from 9: wave#1#43#0
[info] message from 8: wave#1#43#4
[info] after round 1 : parent is ['10'] and leader id is 43
[info] send message to 10: wave#1#43#5
[info] message from 8: exit
[info] send message to 10: exit
