[info] Hello from node3
[info] I'm connected to nodes ['2', '3', '4']
[info] I have edges [('3', '2'), ('3', '3'), ('3', '4')]
[info] -- round 0 started!
[info] -- new id 42 selected!
[info] send message to 2: wave#0#42#0
[info] send message to 3: wave#0#42#0
[info] send message to 4: wave#0#42#0
[info] message from 2: wave#0#4#0
[info] message from 4: wave#0#27#0
[info] message from 2: wave#0#13#0
[info] message from 3: wave#0#42#0
[info] message from 4: wave#0#43#0
[info] send message to 2: wave#0#43#0
[info] send message to 3: wave#0#43#0
[info] message from 3: wave#0#43#0
[info] message from 2: wave#0#45#0
[info] send message to 3: wave#0#45#0
[info] send message to 4: wave#0#45#0
[info] message from 3: wave#0#45#0
[info] message from 4: wave#0#45#10
[info] after round 0 : parent is ['2'] and leader id is 45
[info] send message to 2: wave#0#45#11
[info] message from 2: wave#1#24#0
[info] send message to 3: wave#1#24#0
[info] send message to 4: wave#1#24#0
[info] message from 3: wave#1#24#0
[info] message from 2: wave#1#43#0
[info] send message to 3: wave#1#43#0
[info] send message to 4: wave#1#43#0
[info] message from 3: wave#1#43#0
[info] message from 4: wave#1#43#1
[info] after round 1 : parent is ['2'] and leader id is 43
[info] send message to 2: wave#1#43#2
[info] message from 2: exit
[info] send message to 4: exit
