[info] Hello from node10
[info] I'm connected to nodes ['9', '10', '11']
[info] I have edges [('10', '9'), ('10', '10'), ('10', '11')]
[info] -- round 0 started!
[info] -- new id 22 selected!
[info] send message to 9: wave#0#22#0
[info] send message to 10: wave#0#22#0
[info] send message to 11: wave#0#22#0
[info] message from 10: wave#0#22#0
[info] message from 9: wave#0#43#0
[info] send message to 10: wave#0#43#0
[info] send message to 11: wave#0#43#0
[info] message from 10: wave#0#43#0
[info] message from 11: wave#0#10#0
[info] message from 11: wave#0#28#0
[info] message from 11: wave#0#43#3
[info] after round 0 : parent is ['9'] and leader id is 43
[info] send message to 9: wave#0#43#4
[info] message from 9: wave#0#45#0
[info] send message to 10: wave#0#45#0
[info] send message to 11: wave#0#45#0
[info] message from 10: wave#0#45#0
[info] message from 11: wave#0#45#3
[info] after round 0 : parent is ['9'] and leader id is 45
[info] send message to 9: wave#0#45#4
[info] message from 9: wave#1#24#0
[info] send message to 10: wave#1#24#0
[info] send message to 11: wave#1#24#0
[info] message from 10: wave#1#24#0
[info] message from 11: wave#1#43#0
[info] send message to 9: wave#1#43#0
[info] send message to 10: wave#1#43#0
[info] message from 10: wave#1#43#0
[info] message from 9: wave#1#43#5
[info] after round 1 : parent is ['11'] and leader id is 43
[info] send message to 11: wave#1#43#6
[info] message from 9: exit
[info] send message to 11: exit
