[info] Hello from node42
[info] I'm connected to nodes ['41', '42', '43']
[info] I have edges [('42', '41'), ('42', '42'), ('42', '43')]
[info] -- round 0 started!
[info] -- new id 12 selected!
[info] send message to 41: wave#0#12#0
[info] send message to 42: wave#0#12#0
[info] send message to 43: wave#0#12#0
[info] message from 42: wave#0#12#0
[info] message from 43: wave#0#32#0
[info] send message to 41: wave#0#32#0
[info] send message to 42: wave#0#32#0
[info] message from 42: wave#0#32#0
[info] message from 43: wave#0#43#0
[info] send message to 41: wave#0#43#0
[info] send message to 42: wave#0#43#0
[info] message from 42: wave#0#43#0
[info] message from 43: wave#0#45#0
[info] send message to 41: wave#0#45#0
[info] send message to 42: wave#0#45#0
[info] message from 41: wave#0#19#0
[info] message from 42: wave#0#45#0
[info] message from 41: wave#0#45#1
[info] after round 0 : parent is ['43'] and leader id is 45
[info] send message to 43: wave#0#45#2
[info] message from 41: wave#0#45#1
[info] after round 0 : parent is ['43'] and leader id is 45
[info] send message to 43: wave#0#45#3
[info] message from 41: wave#0#45#1
[info] after round 0 : parent is ['43'] and leader id is 45
[info] send message to 43: wave#0#45#4
[info] message from 43: wave#1#24#0
[info] send message to 41: wave#1#24#0
[info] send message to 42: wave#1#24#0
[info] message from 42: wave#1#24#0
[info] message from 41: wave#1#43#0
[info] send message to 42: wave#1#43#0
[info] send message to 43: wave#1#43#0
[info] message from 42: wave#1#43#0
[info] message from 43: wave#1#43#7
[info] after round 1 : parent is ['41'] and leader id is 43
[info] send message to 41: wave#1#43#8
[info] message from 41: exit
[info] send message to 43: exit
