[info] Hello from node37
[info] I'm connected to nodes ['36', '37', '38']
[info] I have edges [('37', '36'), ('37', '37'), ('37', '38')]
[info] -- round 0 started!
[info] -- new id 22 selected!
[info] send message to 36: wave#0#22#0
[info] send message to 37: wave#0#22#0
[info] send message to 38: wave#0#22#0
[info] message from 37: wave#0#22#0
[info] message from 36: wave#0#36#0
[info] send message to 37: wave#0#36#0
[info] send message to 38: wave#0#36#0
[info] message from 38: wave#0#27#0
[info] message from 37: wave#0#36#0
[info] message from 36: wave#0#45#0
[info] send message to 37: wave#0#45#0
[info] send message to 38: wave#0#45#0
[info] message from 37: wave#0#45#0
[info] message from 38: wave#0#45#3
[info] after round 0 : parent is ['36'] and leader id is 45
[info] send message to 36: wave#0#45#4
[info] message from 38: wave#1#24#0
[info] send message to 36: wave#1#24#0
[info] send message to 37: wave#1#24#0
[info] message from 37: wave#1#24#0
[info] message from 36: wave#1#43#0
[info] send message to 37: wave#1#43#0
[info] send message to 38: wave#1#43#0
[info] message from 37: wave#1#43#0
[info] message from 38: wave#1#43#12
[info] after round 1 : parent is ['36'] and leader id is 43
[info] send message to 36: wave#1#43#13
[info] message from 36: exit
[info] send message to 38: exit
