[info] Hello from node8
[info] I'm connected to nodes ['7', '8', '9']
[info] I have edges [('8', '7'), ('8', '8'), ('8', '9')]
[info] -- round 0 started!
[info] -- new id 31 selected!
[info] send message to 7: wave#0#31#0
[info] send message to 8: wave#0#31#0
[info] send message to 9: wave#0#31#0
[info] message from 9: wave#0#43#0
[info] send message to 7: wave#0#43#0
[info] send message to 8: wave#0#43#0
[info] message from 8: wave#0#31#0
[info] message from 7: wave#0#10#0
[info] message from 8: wave#0#43#0
[info] message from 7: wave#0#45#0
[info] send message to 8: wave#0#45#0
[info] send message to 9: wave#0#45#0
[info] message from 8: wave#0#45#0
[info] message from 9: wave#0#45#5
[info] after round 0 : parent is ['7'] and leader id is 45
[info] send message to 7: wave#0#45#6
[info] message from 7: wave#1#24#0
[info] send message to 8: wave#1#24#0
[info] send message to 9: wave#1#24#0
[info] message from 8: wave#1#24#0
[info] message from 9: wave#1#43#0
[info] send message to 7: wave#1#43#0
[info] send message to 8: wave#1#43#0
[info] message from 8: wave#1#43#0
[info] message from 7: wave#1#43#3
[info] after round 1 : parent is ['9'] and leader id is 43
[info] send message to 9: wave#1#43#4
[info] message from 7: exit
[info] send message to 9: exit
