[info] Hello from node16
[info] I'm connected to nodes ['15', '16', '17']
[info] I have edges [('16', '15'), ('16', '16'), ('16', '17')]
[info] -- round 0 started!
[info] -- new id 17 selected!
[info] send message to 15: wave#0#17#0
[info] send message to 16: wave#0#17#0
[info] send message to 17: wave#0#17#0
[info] message from 17: wave#0#43#0
[info] send message to 15: wave#0#43#0
[info] send message to 16: wave#0#43#0
[info] message from 15: wave#0#8#0
[info] message from 16: wave#0#17#0
[info] message from 16: wave#0#43#0
[info] message from 15: wave#0#43#2
[info] after round 0 : parent is ['17'] and leader id is 43
[info] send message to 17: wave#0#43#3
[info] message from 17: wave#0#45#0
[info] send message to 15: wave#0#45#0
[info] send message to 16: wave#0#45#0
[info] message from 16: wave#0#45#0
[info] message from 15: wave#0#45#2
[info] after round 0 : parent is ['17'] and leader id is 45
[info] send message to 17: wave#0#45#3
[info] message from 17: wave#1#43#0
[info] send message to 15: wave#1#43#0
[info] send message to 16: wave#1#43#0
[info] message from 16: wave#1#43#0
[info] message from 15: wave#1#43#11
[info] after round 1 : parent is ['17'] and leader id is 43
[info] send message to 17: wave#1#43#12
[info] message from 17: exit
[info] send message to 15: exit
