[info] Hello from node21
[info] I'm connected to nodes ['1', '2', '3', '4', '5', '6', '7', '8', '9', '10', '11', '12', '13', '14', '15', '16', '17', '18', '19', '20', '21', '22', '23', '24', '25']
[info] I have edges [('21', '1'), ('21', '2'), ('21', '3'), ('21', '4'), ('21', '5'), ('21', '6'), ('21', '7'), ('21', '8'), ('21', '9'), ('21', '10'), ('21', '11'), ('21', '12'), ('21', '13'), ('21', '14'), ('21', '15'), ('21', '16'), ('21', '17'), ('21', '18'), ('21', '19'), ('21', '20'), ('21', '21'), ('21', '22'), ('21', '23'), ('21', '24'), ('21', '25')]
[info] first phase started!
[info] rejected!
[info] waiting for CRQ messages!
[info] message from 3: CRQ#3#3#0
[info] send message to 3: vote#1
[info] message from 10: CRQ#10#3#0
[info] I have voted before!
[info] send message to 10: vote#0
[info] message from 1: CRQ#1#3#0
[info] I have voted before!
[info] send message to 1: vote#0
[info] message from 7: CRQ#7#3#0
[info] I have voted before!
[info] send message to 7: vote#0
[info] message from 11: CRQ#11#3#0
[info] I have voted before!
[info] send message to 11: vote#0
[info] message from 8: CRQ#8#3#0
[info] I have voted before!
[info] send message to 8: vote#0
[info] message from 12: CRQ#12#3#0
[info] I have voted before!
[info] send message to 12: vote#0
[info] message from 14: CRQ#14#3#0
[info] I have voted before!
[info] send message to 14: vote#0
[info] message from 16: CRQ#16#3#0
[info] I have voted before!
[info] send message to 16: vote#0
[info] message from 3: CAM#3
[info] third phase started!
