[info] Hello from node25
[info] I'm connected to nodes ['1', '2', '3', '4', '5', '6', '7', '8', '9', '10', '11', '12', '13', '14', '15', '16', '17', '18', '19', '20', '21', '22', '23', '24', '25']
[info] I have edges [('25', '1'), ('25', '2'), ('25', '3'), ('25', '4'), ('25', '5'), ('25', '6'), ('25', '7'), ('25', '8'), ('25', '9'), ('25', '10'), ('25', '11'), ('25', '12'), ('25', '13'), ('25', '14'), ('25', '15'), ('25', '16'), ('25', '17'), ('25', '18'), ('25', '19'), ('25', '20'), ('25', '21'), ('25', '22'), ('25', '23'), ('25', '24'), ('25', '25')]
[info] first phase started!
[info] rejected!
[info] waiting for CRQ messages!
[info] message from 3: CRQ#3#3#0
[info] send message to 3: vote#1
[info] message from 10: CRQ#10#3#0
[info] I have voted before!
[info] send message to 10: vote#0
[info] message from 1: CRQ#1#3#0
[info] I have voted before!
[info] send message to 1: vote#0
[info] message from 7: CRQ#7#3#0
[info] I have voted before!
[info] send message to 7: vote#0
[info] message from 11: CRQ#11#3#0
[info] I have voted before!
[info] send message to 11: vote#0
[info] message from 8: CRQ#8#3#0
[info] I have voted before!
[info] send message to 8: vote#0
[info] message from 12: CRQ#12#3#0
[info] I have voted before!
[info] send message to 12: vote#0
[info] message from 14: CRQ#14#3#0
[info] I have voted before!
[info] send message to 14: vote#0
[info] message from 16: CRQ#16#3#0
[info] I have voted before!
[info] send message to 16: vote#0
[info] message from 3: CAM#3
[info] third phase started!
