[info] Hello from node5
[info] I'm connected to nodes ['1', '2', '3', '4', '5', '6', '7', '8', '9', '10', '11', '12', '13', '14', '15', '16', '17', '18', '19', '20', '21', '22', '23', '24', '25']
[info] I have edges [('5', '1'), ('5', '2'), ('5', '3'), ('5', '4'), ('5', '5'), ('5', '6'), ('5', '7'), ('5', '8'), ('5', '9'), ('5', '10'), ('5', '11'), ('5', '12'), ('5', '13'), ('5', '14'), ('5', '15'), ('5', '16'), ('5', '17'), ('5', '18'), ('5', '19'), ('5', '20'), ('5', '21'), ('5', '22'), ('5', '23'), ('5', '24'), ('5', '25')]
[info] first phase started!
[info] rejected!
[info] waiting for CRQ messages!
[info] message from 3: CRQ#3#3#0
[info] send message to 3: vote#1
[info] message from 10: CRQ#10#3#0
[info] I have voted before!
[info] send message to 10: vote#0
[info] message from 1: CRQ#1#3#0
[info] I have voted before!
[info] send message to 1: vote#0
[info] message from 7: CRQ#7#3#0
[info] I have voted before!
[info] send message to 7: vote#0
[info] message from 8: CRQ#8#3#0
[info] I have voted before!
[info] send message to 8: vote#0
[info] message from 11: CRQ#11#3#0
[info] I have voted before!
[info] send message to 11: vote#0
[info] message from 12: CRQ#12#3#0
[info] I have voted before!
[info] send message to 12: vote#0
[info] message from 14: CRQ#14#3#0
[info] I have voted before!
[info] send message to 14: vote#0
[info] message from 16: CRQ#16#3#0
[info] I have voted before!
[info] send message to 16: vote#0
[info] message from 3: CAM#3
[info] third phase started!
