[info] Hello from node17
[info] I'm connected to nodes ['1', '17']
[info] I have edges [('17', '1'), ('17', '17')]
[info] -- round 0 started!
[info] -- new id 33 selected!
[info] send message to 1: wave#0#33#0
[info] send message to 17: wave#0#33#0
[info] message from 17: wave#0#33#0
[info] message from 1: wave#0#25#0
[info] message from 1: wave#0#28#0
[info] message from 1: wave#0#32#0
[info] message from 1: wave#0#33#0
[info] after round 0 : parent is [] and leader id is 33
[info] -- round 1 started!
[info] -- new id 9 selected!
[info] send message to 1: wave#1#9#0
[info] send message to 17: wave#1#9#0
[info] message from 17: wave#1#9#0
[info] message from 1: wave#1#30#0
[info] send message to 17: wave#1#30#0
[info] message from 17: wave#1#30#0
[info] after round 1 : parent is ['1'] and leader id is 30
[info] send message to 1: wave#1#30#1
[info] message from 1: exit
