[info] Hello from node19
[info] I'm connected to nodes ['1', '19']
[info] I have edges [('19', '1'), ('19', '19')]
[info] -- round 0 started!
[info] -- new id 11 selected!
[info] send message to 1: wave#0#11#0
[info] send message to 19: wave#0#11#0
[info] message from 19: wave#0#11#0
[info] message from 1: wave#0#25#0
[info] send message to 19: wave#0#25#0
[info] message from 19: wave#0#25#0
[info] after round 0 : parent is ['1'] and leader id is 25
[info] send message to 1: wave#0#25#1
[info] message from 1: wave#0#28#0
[info] send message to 19: wave#0#28#0
[info] message from 19: wave#0#28#0
[info] after round 0 : parent is ['1'] and leader id is 28
[info] send message to 1: wave#0#28#1
[info] message from 1: wave#0#32#0
[info] send message to 19: wave#0#32#0
[info] message from 19: wave#0#32#0
[info] after round 0 : parent is ['1'] and leader id is 32
[info] send message to 1: wave#0#32#1
[info] message from 1: wave#0#33#0
[info] send message to 19: wave#0#33#0
[info] message from 19: wave#0#33#0
[info] after round 0 : parent is ['1'] and leader id is 33
[info] send message to 1: wave#0#33#1
[info] message from 1: wave#1#30#0
[info] send message to 19: wave#1#30#0
[info] message from 19: wave#1#30#0
[info] after round 1 : parent is ['1'] and leader id is 30
[info] send message to 1: wave#1#30#1
[info] message from 1: exit
