[info] Hello from node15
[info] I'm connected to nodes ['1', '15']
[info] I have edges [('15', '1'), ('15', '15')]
[info] -- round 0 started!
[info] -- new id 14 selected!
[info] send message to 1: wave#0#14#0
[info] send message to 15: wave#0#14#0
[info] message from 1: wave#0#14#0
[info] message from 15: wave#0#14#0
[info] after round 0 : parent is [] and leader id is 14
[info] -- round 1 started!
[info] -- new id 14 selected!
[info] send message to 1: wave#1#14#0
[info] send message to 15: wave#1#14#0
[info] message from 15: wave#1#14#0
[info] message from 1: wave#1#7#0
[info] message from 1: wave#1#13#0
[info] message from 1: wave#1#14#14
[info] after round 1 : parent is [] and leader id is 14
[info] send message to 1: exit
