[info] Hello from node10
[info] I'm connected to nodes ['1', '10']
[info] I have edges [('10', '1'), ('10', '10')]
[info] -- round 0 started!
[info] -- new id 11 selected!
[info] send message to 1: wave#0#11#0
[info] send message to 10: wave#0#11#0
[info] message from 1: wave#0#14#0
[info] send message to 10: wave#0#14#0
[info] message from 10: wave#0#11#0
[info] after round 0 : parent is ['1'] and leader id is 14
[info] send message to 1: wave#0#14#1
[info] message from 10: wave#0#14#0
[info] after round 0 : parent is ['1'] and leader id is 14
[info] send message to 1: wave#0#14#1
[info] message from 1: wave#1#7#0
[info] send message to 10: wave#1#7#0
[info] message from 10: wave#1#7#0
[info] after round 1 : parent is ['1'] and leader id is 7
[info] send message to 1: wave#1#7#1
[info] message from 1: wave#1#13#0
[info] send message to 10: wave#1#13#0
[info] message from 10: wave#1#13#0
[info] after round 1 : parent is ['1'] and leader id is 13
[info] send message to 1: wave#1#13#1
[info] message from 1: wave#1#14#0
[info] send message to 10: wave#1#14#0
[info] message from 10: wave#1#14#0
[info] after round 1 : parent is ['1'] and leader id is 14
[info] send message to 1: wave#1#14#1
[info] message from 1: exit
