[info] Hello from node9
[info] I'm connected to nodes ['3', '8', '9']
[info] I have edges [('9', '3'), ('9', '8'), ('9', '9')]
[info] -- round 0 started!
[info] -- new id 6 selected!
[info] send message to 3: wave#0#6#0
[info] send message to 8: wave#0#6#0
[info] send message to 9: wave#0#6#0
[info] message from 3: wave#0#4#0
[info] message from 8: wave#0#2#0
[info] message from 9: wave#0#6#0
[info] message from 8: wave#0#6#1
[info] message from 8: wave#0#6#1
[info] message from 3: wave#0#7#0
[info] send message to 8: wave#0#7#0
[info] send message to 9: wave#0#7#0
[info] message from 9: wave#0#7#0
[info] message from 8: wave#0#7#1
[info] after round 0 : parent is ['3'] and leader id is 7
[info] send message to 3: wave#0#7#2
[info] message from 3: wave#1#3#0
[info] send message to 8: wave#1#3#0
[info] send message to 9: wave#1#3#0
[info] message from 9: wave#1#3#0
[info] message from 8: wave#1#3#1
[info] after round 1 : parent is ['3'] and leader id is 3
[info] send message to 3: wave#1#3#2
[info] message from 3: exit
[info] send message to 8: exit
