[info] Hello from node2
[info] I'm connected to nodes ['1', '2']
[info] I have edges [('2', '1'), ('2', '2')]
[info] -- round 0 started!
[info] -- new id 40 selected!
[info] send message to 1: wave#0#40#0
[info] send message to 2: wave#0#40#0
[info] message from 1: wave#0#31#0
[info] message from 2: wave#0#40#0
[info] message from 1: wave#0#32#0
[info] message from 1: wave#1#32#0
[info] send message to 2: wave#1#32#0
[info] message from 2: wave#1#32#0
[info] after round 1 : parent is ['1'] and leader id is 32
[info] send message to 1: wave#1#32#1
[info] message from 1: wave#2#2#0
[info] send message to 2: wave#2#2#0
[info] message from 2: wave#2#2#0
[info] after round 2 : parent is ['1'] and leader id is 2
[info] send message to 1: wave#2#2#1
[info] message from 1: exit
