[info] Hello from node35
[info] I'm connected to nodes ['1', '35']
[info] I have edges [('35', '1'), ('35', '35')]
[info] -- round 0 started!
[info] -- new id 20 selected!
[info] send message to 1: wave#0#20#0
[info] send message to 35: wave#0#20#0
[info] message from 1: wave#0#31#0
[info] send message to 35: wave#0#31#0
[info] message from 35: wave#0#20#0
[info] after round 0 : parent is ['1'] and leader id is 31
[info] send message to 1: wave#0#31#1
[info] message from 35: wave#0#31#0
[info] after round 0 : parent is ['1'] and leader id is 31
[info] send message to 1: wave#0#31#1
[info] message from 1: wave#0#32#0
[info] send message to 35: wave#0#32#0
[info] message from 35: wave#0#32#0
[info] after round 0 : parent is ['1'] and leader id is 32
[info] send message to 1: wave#0#32#1
[info] message from 1: wave#0#40#0
[info] send message to 35: wave#0#40#0
[info] message from 35: wave#0#40#0
[info] after round 0 : parent is ['1'] and leader id is 40
[info] send message to 1: wave#0#40#1
[info] message from 1: wave#1#32#0
[info] send message to 35: wave#1#32#0
[info] message from 35: wave#1#32#0
[info] after round 1 : parent is ['1'] and leader id is 32
[info] send message to 1: wave#1#32#1
[info] message from 1: wave#2#2#0
[info] send message to 35: wave#2#2#0
[info] message from 35: wave#2#2#0
[info] after round 2 : parent is ['1'] and leader id is 2
[info] send message to 1: wave#2#2#1
[info] message from 1: exit
