[info] Hello from node37
[info] I'm connected to nodes ['1', '37']
[info] I have edges [('37', '1'), ('37', '37')]
[info] -- round 0 started!
[info] -- new id 23 selected!
[info] send message to 1: wave#0#23#0
[info] send message to 37: wave#0#23#0
[info] message from 1: wave#0#31#0
[info] send message to 37: wave#0#31#0
[info] message from 37: wave#0#23#0
[info] after round 0 : parent is ['1'] and leader id is 31
[info] send message to 1: wave#0#31#1
[info] message from 37: wave#0#31#0
[info] after round 0 : parent is ['1'] and leader id is 31
[info] send message to 1: wave#0#31#1
[info] message from 1: wave#0#32#0
[info] send message to 37: wave#0#32#0
[info] message from 37: wave#0#32#0
[info] after round 0 : parent is ['1'] and leader id is 32
[info] send message to 1: wave#0#32#1
[info] message from 1: wave#0#40#0
[info] send message to 37: wave#0#40#0
[info] message from 37: wave#0#40#0
[info] after round 0 : parent is ['1'] and leader id is 40
[info] send message to 1: wave#0#40#1
[info] message from 1: wave#1#32#0
[info] send message to 37: wave#1#32#0
[info] message from 37: wave#1#32#0
[info] after round 1 : parent is ['1'] and leader id is 32
[info] send message to 1: wave#1#32#1
[info] message from 1: wave#2#2#0
[info] send message to 37: wave#2#2#0
[info] message from 37: wave#2#2#0
[info] after round 2 : parent is ['1'] and leader id is 2
[info] send message to 1: wave#2#2#1
[info] message from 1: exit
