[info] Hello from node11
[info] I'm connected to nodes ['10', '11', '12']
[info] I have edges [('11', '10'), ('11', '11'), ('11', '12')]
[info] -- round 0 started!
[info] -- new id 2 selected!
[info] send message to 10: wave#0#2#0
[info] send message to 11: wave#0#2#0
[info] send message to 12: wave#0#2#0
[info] message from 12: wave#0#14#0
[info] send message to 10: wave#0#14#0
[info] send message to 11: wave#0#14#0
[info] message from 11: wave#0#2#0
[info] message from 10: wave#0#9#0
[info] message from 11: wave#0#14#0
[info] message from 10: wave#0#20#0
[info] send message to 11: wave#0#20#0
[info] send message to 12: wave#0#20#0
[info] message from 11: wave#0#20#0
[info] message from 12: wave#0#20#5
[info] after round 0 : parent is ['10'] and leader id is 20
[info] send message to 10: wave#0#20#6
[info] message from 10: exit
[info] send message to 12: exit
