[info] Hello from node1
[info] I'm connected to nodes ['1', '2', '4', '5']
[info] I have edges [('1', '1'), ('1', '2'), ('1', '4'), ('1', '5')]
[info] -- round 0 started!
[info] -- new id 2 selected!
[info] send message to 1: wave#0#2#0
[info] send message to 2: wave#0#2#0
[info] send message to 4: wave#0#2#0
[info] send message to 5: wave#0#2#0
[info] message from 1: wave#0#2#0
[info] message from 2: wave#0#3#0
[info] send message to 1: wave#0#3#0
[info] send message to 4: wave#0#3#0
[info] send message to 5: wave#0#3#0
[info] message from 1: wave#0#3#0
[info] message from 4: wave#0#9#0
[info] send message to 1: wave#0#9#0
[info] send message to 2: wave#0#9#0
[info] send message to 5: wave#0#9#0
[info] message from 2: wave#0#4#0
[info] message from 1: wave#0#9#0
[info] message from 5: wave#0#3#0
[info] message from 5: wave#0#9#1
[info] message from 5: wave#0#9#1
[info] message from 2: wave#0#9#6
[info] after round 0 : parent is ['4'] and leader id is 9
[info] send message to 4: wave#0#9#9
[info] message from 2: wave#0#9#12
[info] after round 0 : parent is ['4'] and leader id is 9
[info] send message to 4: wave#0#9#21
[info] message from 4: wave#1#1#0
[info] send message to 1: wave#1#1#0
[info] send message to 2: wave#1#1#0
[info] send message to 5: wave#1#1#0
[info] message from 2: wave#0#9#13
[info] message from 2: wave#0#9#14
[info] message from 1: wave#1#1#0
[info] message from 2: wave#0#9#15
[info] message from 5: wave#1#1#1
[info] message from 2: wave#1#1#6
[info] after round 1 : parent is ['4'] and leader id is 1
[info] send message to 4: wave#1#1#8
[info] message from 4: exit
[info] send message to 2: exit
[info] send message to 5: exit
