[info] Hello from node4
[info] I'm connected to nodes ['1', '4']
[info] I have edges [('4', '1'), ('4', '4')]
[info] -- round 0 started!
[info] -- new id 9 selected!
[info] send message to 1: wave#0#9#0
[info] send message to 4: wave#0#9#0
[info] message from 1: wave#0#2#0
[info] message from 1: wave#0#3#0
[info] message from 4: wave#0#9#0
[info] message from 1: wave#0#9#9
[info] after round 0 : parent is [] and leader id is 9
[info] -- round 1 started!
[info] -- new id 1 selected!
[info] send message to 1: wave#1#1#0
[info] send message to 4: wave#1#1#0
[info] message from 1: wave#0#9#21
[info] message from 4: wave#1#1#0
[info] message from 1: wave#1#1#8
[info] after round 1 : parent is [] and leader id is 1
[info] send message to 1: exit
