[info] Hello from node16
[info] I'm connected to nodes ['1', '16']
[info] I have edges [('16', '1'), ('16', '16')]
[info] -- round 0 started!
[info] -- new id 29 selected!
[info] send message to 1: wave#0#29#0
[info] send message to 16: wave#0#29#0
[info] message from 1: wave#0#21#0
[info] message from 16: wave#0#29#0
[info] message from 1: wave#0#33#0
[info] send message to 16: wave#0#33#0
[info] message from 16: wave#0#33#0
[info] after round 0 : parent is ['1'] and leader id is 33
[info] send message to 1: wave#0#33#1
[info] message from 1: wave#0#34#0
[info] send message to 16: wave#0#34#0
[info] message from 16: wave#0#34#0
[info] after round 0 : parent is ['1'] and leader id is 34
[info] send message to 1: wave#0#34#1
[info] message from 1: wave#1#19#0
[info] send message to 16: wave#1#19#0
[info] message from 16: wave#1#19#0
[info] after round 1 : parent is ['1'] and leader id is 19
[info] send message to 1: wave#1#19#1
[info] message from 1: wave#1#28#0
[info] send message to 16: wave#1#28#0
[info] message from 16: wave#1#28#0
[info] after round 1 : parent is ['1'] and leader id is 28
[info] send message to 1: wave#1#28#1
[info] message from 1: exit
