[info] Hello from node36
[info] I'm connected to nodes ['35', '36', '37']
[info] I have edges [('36', '35'), ('36', '36'), ('36', '37')]
[info] -- round 0 started!
[info] -- new id 22 selected!
[info] send message to 35: wave#0#22#0
[info] send message to 36: wave#0#22#0
[info] send message to 37: wave#0#22#0
[info] message from 37: wave#0#39#0
[info] send message to 35: wave#0#39#0
[info] send message to 36: wave#0#39#0
[info] message from 36: wave#0#22#0
[info] message from 35: wave#0#20#0
[info] message from 36: wave#0#39#0
[info] message from 35: wave#0#31#0
[info] message from 35: wave#0#39#4
[info] after round 0 : parent is ['37'] and leader id is 39
[info] send message to 37: wave#0#39#5
[info] message from 37: wave#1#20#0
[info] send message to 35: wave#1#20#0
[info] send message to 36: wave#1#20#0
[info] message from 36: wave#1#20#0
[info] message from 35: wave#1#22#0
[info] send message to 36: wave#1#22#0
[info] send message to 37: wave#1#22#0
[info] message from 36: wave#1#22#0
[info] message from 37: wave#1#22#5
[info] after round 1 : parent is ['35'] and leader id is 22
[info] send message to 35: wave#1#22#6
[info] message from 35: exit
[info] send message to 37: exit
