[info] Hello from node18
[info] I'm connected to nodes ['17', '18', '19']
[info] I have edges [('18', '17'), ('18', '18'), ('18', '19')]
[info] -- round 0 started!
[info] -- new id 15 selected!
[info] send message to 17: wave#0#15#0
[info] send message to 18: wave#0#15#0
[info] send message to 19: wave#0#15#0
[info] message from 17: wave#0#37#0
[info] send message to 18: wave#0#37#0
[info] send message to 19: wave#0#37#0
[info] message from 19: wave#0#37#0
[info] message from 18: wave#0#15#0
[info] after round 0 : parent is ['17'] and leader id is 37
[info] send message to 17: wave#0#37#1
[info] message from 19: wave#0#39#0
[info] send message to 17: wave#0#39#0
[info] send message to 18: wave#0#39#0
[info] message from 18: wave#0#37#0
[info] message from 18: wave#0#39#0
[info] message from 19: wave#1#22#0
[info] send message to 17: wave#1#22#0
[info] send message to 18: wave#1#22#0
[info] message from 18: wave#1#22#0
[info] message from 17: wave#1#22#16
[info] after round 1 : parent is ['19'] and leader id is 22
[info] send message to 19: wave#1#22#17
[info] message from 19: exit
[info] send message to 17: exit
