[info] Hello from node33
[info] I'm connected to nodes ['32', '33', '34']
[info] I have edges [('33', '32'), ('33', '33'), ('33', '34')]
[info] -- round 0 started!
[info] -- new id 18 selected!
[info] send message to 32: wave#0#18#0
[info] send message to 33: wave#0#18#0
[info] send message to 34: wave#0#18#0
[info] message from 33: wave#0#18#0
[info] message from 34: wave#0#31#0
[info] send message to 32: wave#0#31#0
[info] send message to 33: wave#0#31#0
[info] message from 33: wave#0#31#0
[info] message from 32: wave#0#6#0
[info] message from 34: wave#0#39#0
[info] send message to 32: wave#0#39#0
[info] send message to 33: wave#0#39#0
[info] message from 33: wave#0#39#0
[info] message from 32: wave#0#39#1
[info] after round 0 : parent is ['34'] and leader id is 39
[info] send message to 34: wave#0#39#2
[info] message from 32: wave#1#22#0
[info] send message to 33: wave#1#22#0
[info] send message to 34: wave#1#22#0
[info] message from 33: wave#1#22#0
[info] message from 34: wave#1#22#8
[info] after round 1 : parent is ['32'] and leader id is 22
[info] send message to 32: wave#1#22#9
[info] message from 32: exit
[info] send message to 34: exit
