[info] Hello from node21
[info] I'm connected to nodes ['20', '21', '22']
[info] I have edges [('21', '20'), ('21', '21'), ('21', '22')]
[info] -- round 0 started!
[info] -- new id 23 selected!
[info] send message to 20: wave#0#23#0
[info] send message to 21: wave#0#23#0
[info] send message to 22: wave#0#23#0
[info] message from 20: wave#0#39#0
[info] send message to 21: wave#0#39#0
[info] send message to 22: wave#0#39#0
[info] message from 21: wave#0#23#0
[info] message from 22: wave#0#1#0
[info] message from 21: wave#0#39#0
[info] message from 22: wave#0#13#0
[info] message from 22: wave#0#28#0
[info] message from 22: wave#0#39#3
[info] after round 0 : parent is ['20'] and leader id is 39
[info] send message to 20: wave#0#39#4
[info] message from 22: wave#1#22#0
[info] send message to 20: wave#1#22#0
[info] send message to 21: wave#1#22#0
[info] message from 21: wave#1#22#0
[info] message from 20: wave#1#22#19
[info] after round 1 : parent is ['22'] and leader id is 22
[info] send message to 22: wave#1#22#20
[info] message from 22: exit
[info] send message to 20: exit
