[info] Hello from node20
[info] I'm connected to nodes ['19', '20', '21']
[info] I have edges [('20', '19'), ('20', '20'), ('20', '21')]
[info] -- round 0 started!
[info] -- new id 39 selected!
[info] send message to 19: wave#0#39#0
[info] send message to 20: wave#0#39#0
[info] send message to 21: wave#0#39#0
[info] message from 20: wave#0#39#0
[info] message from 19: wave#0#37#0
[info] message from 21: wave#0#23#0
[info] message from 21: wave#0#39#4
[info] message from 21: wave#1#22#0
[info] send message to 19: wave#1#22#0
[info] send message to 20: wave#1#22#0
[info] message from 20: wave#1#22#0
[info] message from 19: wave#1#22#18
[info] after round 1 : parent is ['21'] and leader id is 22
[info] send message to 21: wave#1#22#19
[info] message from 21: exit
[info] send message to 19: exit
