[info] Hello from node37
[info] I'm connected to nodes ['36', '37', '38']
[info] I have edges [('37', '36'), ('37', '37'), ('37', '38')]
[info] -- round 0 started!
[info] -- new id 39 selected!
[info] send message to 36: wave#0#39#0
[info] send message to 37: wave#0#39#0
[info] send message to 38: wave#0#39#0
[info] message from 37: wave#0#39#0
[info] message from 36: wave#0#22#0
[info] message from 38: wave#0#12#0
[info] message from 36: wave#0#39#5
[info] message from 38: wave#0#39#7
[info] after round 0 : parent is [] and leader id is 39
[info] -- round 1 started!
[info] -- new id 20 selected!
[info] send message to 36: wave#1#20#0
[info] send message to 37: wave#1#20#0
[info] send message to 38: wave#1#20#0
[info] message from 37: wave#1#20#0
[info] message from 36: wave#1#22#0
[info] send message to 37: wave#1#22#0
[info] send message to 38: wave#1#22#0
[info] message from 37: wave#1#22#0
[info] message from 38: wave#1#22#4
[info] after round 1 : parent is ['36'] and leader id is 22
[info] send message to 36: wave#1#22#5
[info] message from 36: exit
[info] send message to 38: exit
