[info] Hello from node32
[info] I'm connected to nodes ['31', '32', '33']
[info] I have edges [('32', '31'), ('32', '32'), ('32', '33')]
[info] -- round 0 started!
[info] -- new id 6 selected!
[info] send message to 31: wave#0#6#0
[info] send message to 32: wave#0#6#0
[info] send message to 33: wave#0#6#0
[info] message from 33: wave#0#18#0
[info] send message to 31: wave#0#18#0
[info] send message to 32: wave#0#18#0
[info] message from 33: wave#0#31#0
[info] send message to 31: wave#0#31#0
[info] send message to 32: wave#0#31#0
[info] message from 32: wave#0#6#0
[info] message from 32: wave#0#18#0
[info] message from 32: wave#0#31#0
[info] message from 31: wave#0#4#0
[info] message from 33: wave#0#39#0
[info] send message to 31: wave#0#39#0
[info] send message to 32: wave#0#39#0
[info] message from 32: wave#0#39#0
[info] message from 31: wave#0#39#0
[info] after round 0 : parent is ['33'] and leader id is 39
[info] send message to 33: wave#0#39#1
[info] message from 31: wave#1#22#0
[info] send message to 32: wave#1#22#0
[info] send message to 33: wave#1#22#0
[info] message from 32: wave#1#22#0
[info] message from 33: wave#1#22#9
[info] after round 1 : parent is ['31'] and leader id is 22
[info] send message to 31: wave#1#22#10
[info] message from 31: exit
[info] send message to 33: exit
