[info] Hello from node25
[info] I'm connected to nodes ['24', '25', '26']
[info] I have edges [('25', '24'), ('25', '25'), ('25', '26')]
[info] -- round 0 started!
[info] -- new id 28 selected!
[info] send message to 24: wave#0#28#0
[info] send message to 25: wave#0#28#0
[info] send message to 26: wave#0#28#0
[info] message from 24: wave#0#21#0
[info] message from 25: wave#0#28#0
[info] message from 26: wave#0#33#0
[info] send message to 24: wave#0#33#0
[info] send message to 25: wave#0#33#0
[info] message from 25: wave#0#33#0
[info] message from 26: wave#0#39#0
[info] send message to 24: wave#0#39#0
[info] send message to 25: wave#0#39#0
[info] message from 25: wave#0#39#0
[info] message from 24: wave#0#39#0
[info] after round 0 : parent is ['26'] and leader id is 39
[info] send message to 26: wave#0#39#1
[info] message from 26: wave#1#22#0
[info] send message to 24: wave#1#22#0
[info] send message to 25: wave#1#22#0
[info] message from 25: wave#1#22#0
[info] message from 24: wave#1#22#23
[info] after round 1 : parent is ['26'] and leader id is 22
[info] send message to 26: wave#1#22#24
[info] message from 26: exit
[info] send message to 24: exit
