[info] Hello from node13
[info] I'm connected to nodes ['12', '13', '14']
[info] I have edges [('13', '12'), ('13', '13'), ('13', '14')]
[info] -- round 0 started!
[info] -- new id 29 selected!
[info] send message to 12: wave#0#29#0
[info] send message to 13: wave#0#29#0
[info] send message to 14: wave#0#29#0
[info] message from 13: wave#0#29#0
[info] message from 12: wave#0#11#0
[info] message from 14: wave#0#10#0
[info] message from 14: wave#0#33#0
[info] send message to 12: wave#0#33#0
[info] send message to 13: wave#0#33#0
[info] message from 13: wave#0#33#0
[info] message from 14: wave#0#35#0
[info] send message to 12: wave#0#35#0
[info] send message to 13: wave#0#35#0
[info] message from 13: wave#0#35#0
[info] message from 14: wave#0#37#0
[info] send message to 12: wave#0#37#0
[info] send message to 13: wave#0#37#0
[info] message from 13: wave#0#37#0
[info] message from 14: wave#0#39#0
[info] send message to 12: wave#0#39#0
[info] send message to 13: wave#0#39#0
[info] message from 13: wave#0#39#0
[info] message from 12: wave#0#39#8
[info] after round 0 : parent is ['14'] and leader id is 39
[info] send message to 14: wave#0#39#9
[info] message from 14: wave#1#22#0
[info] send message to 12: wave#1#22#0
[info] send message to 13: wave#1#22#0
[info] message from 13: wave#1#22#0
[info] message from 12: wave#1#22#11
[info] after round 1 : parent is ['14'] and leader id is 22
[info] send message to 14: wave#1#22#12
[info] message from 14: exit
[info] send message to 12: exit
