[info] Hello from node15
[info] I'm connected to nodes ['14', '15', '16']
[info] I have edges [('15', '14'), ('15', '15'), ('15', '16')]
[info] -- round 0 started!
[info] -- new id 33 selected!
[info] send message to 14: wave#0#33#0
[info] send message to 15: wave#0#33#0
[info] send message to 16: wave#0#33#0
[info] message from 15: wave#0#33#0
[info] message from 16: wave#0#35#0
[info] send message to 14: wave#0#35#0
[info] send message to 15: wave#0#35#0
[info] message from 15: wave#0#35#0
[info] message from 14: wave#0#10#0
[info] message from 16: wave#0#37#0
[info] send message to 14: wave#0#37#0
[info] send message to 15: wave#0#37#0
[info] message from 14: wave#0#29#0
[info] message from 15: wave#0#37#0
[info] message from 16: wave#0#39#0
[info] send message to 14: wave#0#39#0
[info] send message to 15: wave#0#39#0
[info] message from 15: wave#0#39#0
[info] message from 14: wave#0#39#10
[info] after round 0 : parent is ['16'] and leader id is 39
[info] send message to 16: wave#0#39#11
[info] message from 16: wave#1#22#0
[info] send message to 14: wave#1#22#0
[info] send message to 15: wave#1#22#0
[info] message from 15: wave#1#22#0
[info] message from 14: wave#1#22#13
[info] after round 1 : parent is ['16'] and leader id is 22
[info] send message to 16: wave#1#22#14
[info] message from 16: exit
[info] send message to 14: exit
