[info] Hello from node24
[info] I'm connected to nodes ['23', '24', '25']
[info] I have edges [('24', '23'), ('24', '24'), ('24', '25')]
[info] -- round 0 started!
[info] -- new id 21 selected!
[info] send message to 23: wave#0#21#0
[info] send message to 24: wave#0#21#0
[info] send message to 25: wave#0#21#0
[info] message from 24: wave#0#21#0
[info] message from 25: wave#0#28#0
[info] send message to 23: wave#0#28#0
[info] send message to 24: wave#0#28#0
[info] message from 23: wave#0#13#0
[info] message from 24: wave#0#28#0
[info] message from 25: wave#0#33#0
[info] send message to 23: wave#0#33#0
[info] send message to 24: wave#0#33#0
[info] message from 24: wave#0#33#0
[info] message from 23: wave#0#39#0
[info] send message to 24: wave#0#39#0
[info] send message to 25: wave#0#39#0
[info] message from 25: wave#0#39#0
[info] message from 24: wave#0#39#0
[info] after round 0 : parent is ['23'] and leader id is 39
[info] send message to 23: wave#0#39#1
[info] message from 25: wave#1#22#0
[info] send message to 23: wave#1#22#0
[info] send message to 24: wave#1#22#0
[info] message from 24: wave#1#22#0
[info] message from 23: wave#1#22#22
[info] after round 1 : parent is ['25'] and leader id is 22
[info] send message to 25: wave#1#22#23
[info] message from 25: exit
[info] send message to 23: exit
