[info] Hello from node16
[info] I'm connected to nodes ['1', '2', '3', '4', '5', '6', '7', '8', '9', '10', '11', '12', '13', '14', '15', '16', '17', '18', '19', '20']
[info] I have edges [('16', '1'), ('16', '2'), ('16', '3'), ('16', '4'), ('16', '5'), ('16', '6'), ('16', '7'), ('16', '8'), ('16', '9'), ('16', '10'), ('16', '11'), ('16', '12'), ('16', '13'), ('16', '14'), ('16', '15'), ('16', '16'), ('16', '17'), ('16', '18'), ('16', '19'), ('16', '20')]
[info] -- round 0 started!
[info] -- new id 16 selected!
[info] send message to 1: wave#0#16#0
[info] send message to 2: wave#0#16#0
[info] send message to 3: wave#0#16#0
[info] send message to 4: wave#0#16#0
[info] send message to 5: wave#0#16#0
[info] send message to 6: wave#0#16#0
[info] send message to 7: wave#0#16#0
[info] send message to 8: wave#0#16#0
[info] send message to 9: wave#0#16#0
[info] send message to 10: wave#0#16#0
[info] send message to 11: wave#0#16#0
[info] send message to 12: wave#0#16#0
[info] send message to 13: wave#0#16#0
[info] send message to 14: wave#0#16#0
[info] send message to 15: wave#0#16#0
[info] send message to 16: wave#0#16#0
[info] send message to 17: wave#0#16#0
[info] send message to 18: wave#0#16#0
[info] send message to 19: wave#0#16#0
[info] send message to 20: wave#0#16#0
[info] message from 1: wave#0#20#0
[info] send message to 2: wave#0#20#0
[info] send message to 3: wave#0#20#0
[info] send message to 4: wave#0#20#0
[info] send message to 5: wave#0#20#0
[info] send message to 6: wave#0#20#0
[info] send message to 7: wave#0#20#0
[info] send message to 8: wave#0#20#0
[info] send message to 9: wave#0#20#0
[info] send message to 10: wave#0#20#0
[info] send message to 11: wave#0#20#0
[info] send message to 12: wave#0#20#0
[info] send message to 13: wave#0#20#0
[info] send message to 14: wave#0#20#0
[info] send message to 15: wave#0#20#0
[info] send message to 16: wave#0#20#0
[info] send message to 17: wave#0#20#0
[info] send message to 18: wave#0#20#0
[info] send message to 19: wave#0#20#0
[info] send message to 20: wave#0#20#0
[info] message from 5: wave#0#2#0
[info] message from 8: wave#0#9#0
[info] message from 6: wave#0#20#0
[info] message from 4: wave#0#20#0
[info] message from 18: wave#0#8#0
[info] message from 2: wave#0#1#0
[info] message from 7: wave#0#3#0
[info] message from 9: wave#0#11#0
[info] message from 15: wave#0#1#0
[info] message from 3: wave#0#18#0
[info] message from 12: wave#0#9#0
[info] message from 5: wave#0#20#0
[info] message from 10: wave#0#16#0
[info] message from 14: wave#0#11#0
[info] message from 17: wave#0#11#0
[info] message from 11: wave#0#6#0
[info] message from 8: wave#0#20#0
[info] message from 13: wave#0#19#0
[info] message from 19: wave#0#7#0
[info] message from 18: wave#0#20#0
[info] message from 16: wave#0#16#0
[info] message from 20: wave#0#17#0
[info] message from 9: wave#0#20#0
[info] message from 2: wave#0#2#0
[info] message from 7: wave#0#20#0
[info] message from 3: wave#0#20#0
[info] message from 12: wave#0#20#0
[info] message from 14: wave#0#20#0
[info] message from 15: wave#0#20#0
[info] message from 13: wave#0#20#0
[info] message from 17: wave#0#20#0
[info] message from 11: wave#0#20#0
[info] message from 10: wave#0#20#0
[info] message from 19: wave#0#20#0
[info] message from 16: wave#0#20#0
[info] message from 20: wave#0#20#0
[info] message from 2: wave#0#20#0
[info] after round 0 : parent is ['1'] and leader id is 20
[info] send message to 1: wave#0#20#1
[info] message from 4: wave#1#16#0
[info] send message to 1: wave#1#16#0
[info] send message to 2: wave#1#16#0
[info] send message to 3: wave#1#16#0
[info] send message to 5: wave#1#16#0
[info] send message to 6: wave#1#16#0
[info] send message to 7: wave#1#16#0
[info] send message to 8: wave#1#16#0
[info] send message to 9: wave#1#16#0
[info] send message to 10: wave#1#16#0
[info] send message to 11: wave#1#16#0
[info] send message to 12: wave#1#16#0
[info] send message to 13: wave#1#16#0
[info] send message to 14: wave#1#16#0
[info] send message to 15: wave#1#16#0
[info] send message to 16: wave#1#16#0
[info] send message to 17: wave#1#16#0
[info] send message to 18: wave#1#16#0
[info] send message to 19: wave#1#16#0
[info] send message to 20: wave#1#16#0
[info] message from 1: wave#1#16#0
[info] message from 3: wave#1#16#0
[info] message from 6: wave#1#10#0
[info] message from 8: wave#1#16#0
[info] message from 7: wave#1#16#0
[info] message from 5: wave#1#16#0
[info] message from 9: wave#1#16#0
[info] message from 10: wave#1#16#0
[info] message from 11: wave#1#16#0
[info] message from 12: wave#1#16#0
[info] message from 14: wave#1#16#0
[info] message from 13: wave#1#16#0
[info] message from 15: wave#1#16#0
[info] message from 17: wave#1#16#0
[info] message from 16: wave#1#16#0
[info] message from 19: wave#1#16#0
[info] message from 18: wave#1#16#0
[info] message from 2: wave#1#16#0
[info] message from 20: wave#1#16#0
[info] message from 6: wave#1#16#0
[info] after round 1 : parent is ['4'] and leader id is 16
[info] send message to 4: wave#1#16#1
[info] message from 1: exit
[info] send message to 2: exit
[info] send message to 3: exit
[info] send message to 4: exit
[info] send message to 5: exit
[info] send message to 6: exit
[info] send message to 7: exit
[info] send message to 8: exit
[info] send message to 9: exit
[info] send message to 10: exit
[info] send message to 11: exit
[info] send message to 12: exit
[info] send message to 13: exit
[info] send message to 14: exit
[info] send message to 15: exit
[info] send message to 17: exit
[info] send message to 18: exit
[info] send message to 19: exit
[info] send message to 20: exit
