[info] Hello from node5
[info] I'm connected to nodes ['4', '5', '6']
[info] I have edges [('5', '4'), ('5', '5'), ('5', '6')]
[info] -- round 0 started!
[info] -- new id 21 selected!
[info] send message to 4: wave#0#21#0
[info] send message to 5: wave#0#21#0
[info] send message to 6: wave#0#21#0
[info] message from 6: wave#0#9#0
[info] message from 4: wave#0#7#0
[info] message from 5: wave#0#21#0
[info] message from 4: wave#0#20#0
[info] message from 4: wave#0#30#0
[info] send message to 5: wave#0#30#0
[info] send message to 6: wave#0#30#0
[info] message from 5: wave#0#30#0
[info] message from 6: wave#0#30#9
[info] after round 0 : parent is ['4'] and leader id is 30
[info] send message to 4: wave#0#30#10
[info] message from 4: wave#1#7#0
[info] send message to 5: wave#1#7#0
[info] send message to 6: wave#1#7#0
[info] message from 5: wave#1#7#0
[info] message from 6: wave#1#8#0
[info] send message to 4: wave#1#8#0
[info] send message to 5: wave#1#8#0
[info] message from 5: wave#1#8#0
[info] message from 4: wave#1#8#4
[info] after round 1 : parent is ['6'] and leader id is 8
[info] send message to 6: wave#1#8#5
[info] message from 6: exit
[info] send message to 4: exit
