[info] Hello from node13
[info] I'm connected to nodes ['12', '13', '14']
[info] I have edges [('13', '12'), ('13', '13'), ('13', '14')]
[info] -- round 0 started!
[info] -- new id 16 selected!
[info] send message to 12: wave#0#16#0
[info] send message to 13: wave#0#16#0
[info] send message to 14: wave#0#16#0
[info] message from 12: wave#0#22#0
[info] send message to 13: wave#0#22#0
[info] send message to 14: wave#0#22#0
[info] message from 14: wave#0#2#0
[info] message from 13: wave#0#16#0
[info] message from 13: wave#0#22#0
[info] message from 14: wave#0#23#0
[info] send message to 12: wave#0#23#0
[info] send message to 13: wave#0#23#0
[info] message from 12: wave#0#25#0
[info] send message to 13: wave#0#25#0
[info] send message to 14: wave#0#25#0
[info] message from 13: wave#0#23#0
[info] message from 12: wave#0#27#0
[info] send message to 13: wave#0#27#0
[info] send message to 14: wave#0#27#0
[info] message from 13: wave#0#25#0
[info] message from 13: wave#0#27#0
[info] message from 12: wave#0#30#0
[info] send message to 13: wave#0#30#0
[info] send message to 14: wave#0#30#0
[info] message from 13: wave#0#30#0
[info] message from 14: wave#0#30#1
[info] after round 0 : parent is ['12'] and leader id is 30
[info] send message to 12: wave#0#30#2
[info] message from 14: wave#1#8#0
[info] send message to 12: wave#1#8#0
[info] send message to 13: wave#1#8#0
[info] message from 13: wave#1#8#0
[info] message from 12: wave#1#8#12
[info] after round 1 : parent is ['14'] and leader id is 8
[info] send message to 14: wave#1#8#13
[info] message from 14: exit
[info] send message to 12: exit
