[info] Hello from node14
[info] I'm connected to nodes ['13', '14', '15']
[info] I have edges [('14', '13'), ('14', '14'), ('14', '15')]
[info] -- round 0 started!
[info] -- new id 2 selected!
[info] send message to 13: wave#0#2#0
[info] send message to 14: wave#0#2#0
[info] send message to 15: wave#0#2#0
[info] message from 14: wave#0#2#0
[info] message from 13: wave#0#16#0
[info] send message to 14: wave#0#16#0
[info] send message to 15: wave#0#16#0
[info] message from 14: wave#0#16#0
[info] message from 13: wave#0#22#0
[info] send message to 14: wave#0#22#0
[info] send message to 15: wave#0#22#0
[info] message from 14: wave#0#22#0
[info] message from 15: wave#0#23#0
[info] send message to 13: wave#0#23#0
[info] send message to 14: wave#0#23#0
[info] message from 14: wave#0#23#0
[info] message from 13: wave#0#25#0
[info] send message to 14: wave#0#25#0
[info] send message to 15: wave#0#25#0
[info] message from 14: wave#0#25#0
[info] message from 13: wave#0#27#0
[info] send message to 14: wave#0#27#0
[info] send message to 15: wave#0#27#0
[info] message from 14: wave#0#27#0
[info] message from 13: wave#0#30#0
[info] send message to 14: wave#0#30#0
[info] send message to 15: wave#0#30#0
[info] message from 14: wave#0#30#0
[info] message from 15: wave#0#30#0
[info] after round 0 : parent is ['13'] and leader id is 30
[info] send message to 13: wave#0#30#1
[info] message from 15: wave#1#8#0
[info] send message to 13: wave#1#8#0
[info] send message to 14: wave#1#8#0
[info] message from 14: wave#1#8#0
[info] message from 13: wave#1#8#13
[info] after round 1 : parent is ['15'] and leader id is 8
[info] send message to 15: wave#1#8#14
[info] message from 15: exit
[info] send message to 13: exit
