[info] Hello from node23
[info] I'm connected to nodes ['22', '23', '24']
[info] I have edges [('23', '22'), ('23', '23'), ('23', '24')]
[info] -- round 0 started!
[info] -- new id 6 selected!
[info] send message to 22: wave#0#6#0
[info] send message to 23: wave#0#6#0
[info] send message to 24: wave#0#6#0
[info] message from 23: wave#0#6#0
[info] message from 22: wave#0#10#0
[info] send message to 23: wave#0#10#0
[info] send message to 24: wave#0#10#0
[info] message from 24: wave#0#15#0
[info] send message to 22: wave#0#15#0
[info] send message to 23: wave#0#15#0
[info] message from 23: wave#0#10#0
[info] message from 24: wave#0#17#0
[info] send message to 22: wave#0#17#0
[info] send message to 23: wave#0#17#0
[info] message from 23: wave#0#15#0
[info] message from 23: wave#0#17#0
[info] message from 24: wave#0#28#0
[info] send message to 22: wave#0#28#0
[info] send message to 23: wave#0#28#0
[info] message from 22: wave#0#30#0
[info] send message to 23: wave#0#30#0
[info] send message to 24: wave#0#30#0
[info] message from 23: wave#0#28#0
[info] message from 23: wave#0#30#0
[info] message from 24: wave#0#30#7
[info] after round 0 : parent is ['22'] and leader id is 30
[info] send message to 22: wave#0#30#8
[info] message from 22: wave#1#8#0
[info] send message to 23: wave#1#8#0
[info] send message to 24: wave#1#8#0
[info] message from 23: wave#1#8#0
[info] message from 24: wave#1#8#7
[info] after round 1 : parent is ['22'] and leader id is 8
[info] send message to 22: wave#1#8#8
[info] message from 22: exit
[info] send message to 24: exit
