[info] Hello from node18
[info] I'm connected to nodes ['17', '18', '19']
[info] I have edges [('18', '17'), ('18', '18'), ('18', '19')]
[info] -- round 0 started!
[info] -- new id 22 selected!
[info] send message to 17: wave#0#22#0
[info] send message to 18: wave#0#22#0
[info] send message to 19: wave#0#22#0
[info] message from 19: wave#0#21#0
[info] message from 18: wave#0#22#0
[info] message from 19: wave#0#30#0
[info] send message to 17: wave#0#30#0
[info] send message to 18: wave#0#30#0
[info] message from 17: wave#0#13#0
[info] message from 18: wave#0#30#0
[info] message from 17: wave#0#23#0
[info] message from 17: wave#0#30#3
[info] after round 0 : parent is ['19'] and leader id is 30
[info] send message to 19: wave#0#30#4
[info] message from 19: wave#1#8#0
[info] send message to 17: wave#1#8#0
[info] send message to 18: wave#1#8#0
[info] message from 18: wave#1#8#0
[info] message from 17: wave#1#8#17
[info] after round 1 : parent is ['19'] and leader id is 8
[info] send message to 19: wave#1#8#18
[info] message from 19: exit
[info] send message to 17: exit
