[info] Hello from node9
[info] I'm connected to nodes ['8', '9', '10']
[info] I have edges [('9', '8'), ('9', '9'), ('9', '10')]
[info] -- round 0 started!
[info] -- new id 16 selected!
[info] send message to 8: wave#0#16#0
[info] send message to 9: wave#0#16#0
[info] send message to 10: wave#0#16#0
[info] message from 10: wave#0#27#0
[info] send message to 8: wave#0#27#0
[info] send message to 9: wave#0#27#0
[info] message from 9: wave#0#16#0
[info] message from 9: wave#0#27#0
[info] message from 8: wave#0#23#0
[info] message from 8: wave#0#30#0
[info] send message to 9: wave#0#30#0
[info] send message to 10: wave#0#30#0
[info] message from 9: wave#0#30#0
[info] message from 10: wave#0#30#5
[info] after round 0 : parent is ['8'] and leader id is 30
[info] send message to 8: wave#0#30#6
[info] message from 10: wave#1#8#0
[info] send message to 8: wave#1#8#0
[info] send message to 9: wave#1#8#0
[info] message from 9: wave#1#8#0
[info] message from 8: wave#1#8#8
[info] after round 1 : parent is ['10'] and leader id is 8
[info] send message to 10: wave#1#8#9
[info] message from 10: exit
[info] send message to 8: exit
