[info] Hello from node25
[info] I'm connected to nodes ['24', '25', '26']
[info] I have edges [('25', '24'), ('25', '25'), ('25', '26')]
[info] -- round 0 started!
[info] -- new id 17 selected!
[info] send message to 24: wave#0#17#0
[info] send message to 25: wave#0#17#0
[info] send message to 26: wave#0#17#0
[info] message from 25: wave#0#17#0
[info] message from 24: wave#0#15#0
[info] message from 26: wave#0#28#0
[info] send message to 24: wave#0#28#0
[info] send message to 25: wave#0#28#0
[info] message from 25: wave#0#28#0
[info] message from 24: wave#0#30#0
[info] send message to 25: wave#0#30#0
[info] send message to 26: wave#0#30#0
[info] message from 25: wave#0#30#0
[info] message from 26: wave#0#30#5
[info] after round 0 : parent is ['24'] and leader id is 30
[info] send message to 24: wave#0#30#6
[info] message from 24: wave#1#8#0
[info] send message to 25: wave#1#8#0
[info] send message to 26: wave#1#8#0
[info] message from 25: wave#1#8#0
[info] message from 26: wave#1#8#5
[info] after round 1 : parent is ['24'] and leader id is 8
[info] send message to 24: wave#1#8#6
[info] message from 24: exit
[info] send message to 26: exit
