[info] Hello from node28
[info] I'm connected to nodes ['27', '28', '29']
[info] I have edges [('28', '27'), ('28', '28'), ('28', '29')]
[info] -- round 0 started!
[info] -- new id 10 selected!
[info] send message to 27: wave#0#10#0
[info] send message to 28: wave#0#10#0
[info] send message to 29: wave#0#10#0
[info] message from 27: wave#0#13#0
[info] send message to 28: wave#0#13#0
[info] send message to 29: wave#0#13#0
[info] message from 28: wave#0#10#0
[info] message from 29: wave#0#10#0
[info] message from 28: wave#0#13#0
[info] message from 29: wave#0#19#0
[info] send message to 27: wave#0#19#0
[info] send message to 28: wave#0#19#0
[info] message from 27: wave#0#28#0
[info] send message to 28: wave#0#28#0
[info] send message to 29: wave#0#28#0
[info] message from 28: wave#0#19#0
[info] message from 28: wave#0#28#0
[info] message from 27: wave#0#30#0
[info] send message to 28: wave#0#30#0
[info] send message to 29: wave#0#30#0
[info] message from 28: wave#0#30#0
[info] message from 29: wave#0#28#2
[info] message from 29: wave#0#30#2
[info] after round 0 : parent is ['27'] and leader id is 30
[info] send message to 27: wave#0#30#3
[info] message from 27: wave#1#8#0
[info] send message to 28: wave#1#8#0
[info] send message to 29: wave#1#8#0
[info] message from 28: wave#1#8#0
[info] message from 29: wave#1#8#2
[info] after round 1 : parent is ['27'] and leader id is 8
[info] send message to 27: wave#1#8#3
[info] message from 27: exit
[info] send message to 29: exit
