[info] Hello from node12
[info] I'm connected to nodes ['11', '12', '13']
[info] I have edges [('12', '11'), ('12', '12'), ('12', '13')]
[info] -- round 0 started!
[info] -- new id 22 selected!
[info] send message to 11: wave#0#22#0
[info] send message to 12: wave#0#22#0
[info] send message to 13: wave#0#22#0
[info] message from 12: wave#0#22#0
[info] message from 13: wave#0#16#0
[info] message from 11: wave#0#25#0
[info] send message to 12: wave#0#25#0
[info] send message to 13: wave#0#25#0
[info] message from 12: wave#0#25#0
[info] message from 13: wave#0#23#0
[info] message from 11: wave#0#27#0
[info] send message to 12: wave#0#27#0
[info] send message to 13: wave#0#27#0
[info] message from 12: wave#0#27#0
[info] message from 11: wave#0#30#0
[info] send message to 12: wave#0#30#0
[info] send message to 13: wave#0#30#0
[info] message from 12: wave#0#30#0
[info] message from 13: wave#0#30#2
[info] after round 0 : parent is ['11'] and leader id is 30
[info] send message to 11: wave#0#30#3
[info] message from 13: wave#1#8#0
[info] send message to 11: wave#1#8#0
[info] send message to 12: wave#1#8#0
[info] message from 12: wave#1#8#0
[info] message from 11: wave#1#8#11
[info] after round 1 : parent is ['13'] and leader id is 8
[info] send message to 13: wave#1#8#12
[info] message from 13: exit
[info] send message to 11: exit
