[info] Hello from node10
[info] I'm connected to nodes ['9', '10', '11']
[info] I have edges [('10', '9'), ('10', '10'), ('10', '11')]
[info] -- round 0 started!
[info] -- new id 27 selected!
[info] send message to 9: wave#0#27#0
[info] send message to 10: wave#0#27#0
[info] send message to 11: wave#0#27#0
[info] message from 10: wave#0#27#0
[info] message from 9: wave#0#16#0
[info] message from 11: wave#0#25#0
[info] message from 9: wave#0#30#0
[info] send message to 10: wave#0#30#0
[info] send message to 11: wave#0#30#0
[info] message from 10: wave#0#30#0
[info] message from 11: wave#0#30#4
[info] after round 0 : parent is ['9'] and leader id is 30
[info] send message to 9: wave#0#30#5
[info] message from 11: wave#1#8#0
[info] send message to 9: wave#1#8#0
[info] send message to 10: wave#1#8#0
[info] message from 10: wave#1#8#0
[info] message from 9: wave#1#8#9
[info] after round 1 : parent is ['11'] and leader id is 8
[info] send message to 11: wave#1#8#10
[info] message from 11: exit
[info] send message to 9: exit
