[info] Hello from node7
[info] I'm connected to nodes ['6', '7', '8']
[info] I have edges [('7', '6'), ('7', '7'), ('7', '8')]
[info] -- round 0 started!
[info] -- new id 14 selected!
[info] send message to 6: wave#0#14#0
[info] send message to 7: wave#0#14#0
[info] send message to 8: wave#0#14#0
[info] message from 6: wave#0#9#0
[info] message from 6: wave#0#21#0
[info] send message to 7: wave#0#21#0
[info] send message to 8: wave#0#21#0
[info] message from 6: wave#0#30#0
[info] send message to 7: wave#0#30#0
[info] send message to 8: wave#0#30#0
[info] message from 7: wave#0#14#0
[info] message from 8: wave#0#23#0
[info] message from 7: wave#0#21#0
[info] message from 8: wave#0#27#0
[info] message from 7: wave#0#30#0
[info] message from 8: wave#0#30#7
[info] after round 0 : parent is ['6'] and leader id is 30
[info] send message to 6: wave#0#30#8
[info] message from 6: wave#1#7#0
[info] send message to 7: wave#1#7#0
[info] send message to 8: wave#1#7#0
[info] message from 8: wave#1#8#0
[info] send message to 6: wave#1#8#0
[info] send message to 7: wave#1#8#0
[info] message from 7: wave#1#7#0
[info] message from 7: wave#1#8#0
[info] message from 6: wave#1#8#6
[info] after round 1 : parent is ['8'] and leader id is 8
[info] send message to 8: wave#1#8#7
[info] message from 8: exit
[info] send message to 6: exit
