[info] Hello from node9
[info] I'm connected to nodes ['8', '9', '10']
[info] I have edges [('9', '8'), ('9', '9'), ('9', '10')]
[info] -- round 0 started!
[info] -- new id 10 selected!
[info] send message to 8: wave#0#10#0
[info] send message to 9: wave#0#10#0
[info] send message to 10: wave#0#10#0
[info] message from 8: wave#0#10#0
[info] message from 10: wave#0#14#0
[info] send message to 8: wave#0#14#0
[info] send message to 9: wave#0#14#0
[info] message from 10: wave#0#29#0
[info] send message to 8: wave#0#29#0
[info] send message to 9: wave#0#29#0
[info] message from 9: wave#0#10#0
[info] message from 8: wave#0#16#0
[info] message from 9: wave#0#14#0
[info] message from 8: wave#0#18#0
[info] message from 9: wave#0#29#0
[info] message from 8: wave#0#29#8
[info] after round 0 : parent is ['10'] and leader id is 29
[info] send message to 10: wave#0#29#9
[info] message from 10: wave#1#28#0
[info] send message to 8: wave#1#28#0
[info] send message to 9: wave#1#28#0
[info] message from 9: wave#1#28#0
[info] message from 8: wave#1#28#8
[info] after round 1 : parent is ['10'] and leader id is 28
[info] send message to 10: wave#1#28#9
[info] message from 10: exit
[info] send message to 8: exit
