[info] Hello from node16
[info] I'm connected to nodes ['15', '16', '17']
[info] I have edges [('16', '15'), ('16', '16'), ('16', '17')]
[info] -- round 0 started!
[info] -- new id 14 selected!
[info] send message to 15: wave#0#14#0
[info] send message to 16: wave#0#14#0
[info] send message to 17: wave#0#14#0
[info] message from 15: wave#0#29#0
[info] send message to 16: wave#0#29#0
[info] send message to 17: wave#0#29#0
[info] message from 16: wave#0#14#0
[info] message from 17: wave#0#12#0
[info] message from 16: wave#0#29#0
[info] message from 17: wave#0#23#0
[info] message from 17: wave#0#30#0
[info] send message to 15: wave#0#30#0
[info] send message to 16: wave#0#30#0
[info] message from 16: wave#0#30#0
[info] message from 15: wave#1#28#0
[info] send message to 16: wave#1#28#0
[info] send message to 17: wave#1#28#0
[info] message from 16: wave#1#28#0
[info] message from 17: wave#1#28#14
[info] after round 1 : parent is ['15'] and leader id is 28
[info] send message to 15: wave#1#28#15
[info] message from 15: exit
[info] send message to 17: exit
