[info] Hello from node4
[info] I'm connected to nodes ['1', '4', '5']
[info] I have edges [('4', '1'), ('4', '4'), ('4', '5')]
[info] -- round 0 started!
[info] -- new id 7 selected!
[info] send message to 1: wave#0#7#0
[info] send message to 4: wave#0#7#0
[info] send message to 5: wave#0#7#0
[info] message from 1: wave#0#1#0
[info] message from 4: wave#0#7#0
[info] message from 1: wave#0#6#0
[info] message from 5: wave#0#5#0
[info] message from 1: wave#0#9#0
[info] send message to 4: wave#0#9#0
[info] send message to 5: wave#0#9#0
[info] message from 5: wave#0#7#1
[info] message from 4: wave#0#9#0
[info] message from 5: wave#0#7#1
[info] message from 5: wave#0#9#0
[info] after round 0 : parent is ['1'] and leader id is 9
[info] send message to 1: wave#0#9#1
[info] message from 1: exit
[info] send message to 5: exit
