[info] Hello from node3
[info] I'm connected to nodes ['1', '2', '3', '9', '8']
[info] I have edges [('3', '1'), ('3', '2'), ('3', '3'), ('3', '9'), ('3', '8')]
[info] -- round 0 started!
[info] -- new id 5 selected!
[info] send message to 1: wave#0#5#0
[info] send message to 2: wave#0#5#0
[info] send message to 3: wave#0#5#0
[info] send message to 9: wave#0#5#0
[info] send message to 8: wave#0#5#0
[info] message from 2: wave#0#6#0
[info] send message to 1: wave#0#6#0
[info] send message to 3: wave#0#6#0
[info] send message to 9: wave#0#6#0
[info] send message to 8: wave#0#6#0
[info] message from 9: wave#0#4#0
[info] message from 1: wave#0#1#0
[info] message from 1: wave#0#6#0
[info] message from 8: wave#0#7#0
[info] send message to 1: wave#0#7#0
[info] send message to 2: wave#0#7#0
[info] send message to 3: wave#0#7#0
[info] send message to 9: wave#0#7#0
[info] message from 2: wave#0#7#0
[info] message from 9: wave#0#7#0
[info] message from 1: wave#0#7#0
[info] message from 2: wave#0#9#0
[info] send message to 1: wave#0#9#0
[info] send message to 3: wave#0#9#0
[info] send message to 9: wave#0#9#0
[info] send message to 8: wave#0#9#0
[info] message from 3: wave#0#5#0
[info] message from 1: wave#0#9#0
[info] message from 3: wave#0#6#0
[info] message from 3: wave#0#7#0
[info] message from 3: wave#0#9#0
[info] message from 8: wave#0#9#0
[info] message from 9: wave#0#9#2
[info] after round 0 : parent is ['2'] and leader id is 9
[info] send message to 2: wave#0#9#3
[info] message from 1: exit
[info] send message to 2: exit
[info] send message to 9: exit
[info] send message to 8: exit
