[info] Hello from node11
[info] I'm connected to nodes ['10', '11', '12']
[info] I have edges [('11', '10'), ('11', '11'), ('11', '12')]
[info] -- round 0 started!
[info] -- new id 21 selected!
[info] send message to 10: wave#0#21#0
[info] send message to 11: wave#0#21#0
[info] send message to 12: wave#0#21#0
[info] message from 12: wave#0#1#0
[info] message from 11: wave#0#21#0
[info] message from 10: wave#0#33#0
[info] send message to 11: wave#0#33#0
[info] send message to 12: wave#0#33#0
[info] message from 11: wave#0#33#0
[info] message from 12: wave#0#22#0
[info] message from 10: wave#0#35#0
[info] send message to 11: wave#0#35#0
[info] send message to 12: wave#0#35#0
[info] message from 11: wave#0#35#0
[info] message from 12: wave#0#35#2
[info] after round 0 : parent is ['10'] and leader id is 35
[info] send message to 10: wave#0#35#3
[info] message from 10: wave#1#11#0
[info] send message to 11: wave#1#11#0
[info] send message to 12: wave#1#11#0
[info] message from 11: wave#1#11#0
[info] message from 12: wave#1#11#24
[info] after round 1 : parent is ['10'] and leader id is 11
[info] send message to 10: wave#1#11#25
[info] message from 10: exit
[info] send message to 12: exit
