[info] Hello from node9
[info] I'm connected to nodes ['8', '9', '10']
[info] I have edges [('9', '8'), ('9', '9'), ('9', '10')]
[info] -- round 0 started!
[info] -- new id 18 selected!
[info] send message to 8: wave#0#18#0
[info] send message to 9: wave#0#18#0
[info] send message to 10: wave#0#18#0
[info] message from 9: wave#0#18#0
[info] message from 10: wave#0#33#0
[info] send message to 8: wave#0#33#0
[info] send message to 9: wave#0#33#0
[info] message from 8: wave#0#3#0
[info] message from 9: wave#0#33#0
[info] message from 8: wave#0#35#0
[info] send message to 9: wave#0#35#0
[info] send message to 10: wave#0#35#0
[info] message from 9: wave#0#35#0
[info] message from 10: wave#0#35#4
[info] after round 0 : parent is ['8'] and leader id is 35
[info] send message to 8: wave#0#35#5
[info] message from 8: wave#1#11#0
[info] send message to 9: wave#1#11#0
[info] send message to 10: wave#1#11#0
[info] message from 9: wave#1#11#0
[info] message from 10: wave#1#11#26
[info] after round 1 : parent is ['8'] and leader id is 11
[info] send message to 8: wave#1#11#27
[info] message from 8: exit
[info] send message to 10: exit
