[info] Hello from node13
[info] I'm connected to nodes ['12', '13', '14']
[info] I have edges [('13', '12'), ('13', '13'), ('13', '14')]
[info] -- round 0 started!
[info] -- new id 22 selected!
[info] send message to 12: wave#0#22#0
[info] send message to 13: wave#0#22#0
[info] send message to 14: wave#0#22#0
[info] message from 12: wave#0#1#0
[info] message from 12: wave#0#21#0
[info] message from 13: wave#0#22#0
[info] message from 14: wave#0#23#0
[info] send message to 12: wave#0#23#0
[info] send message to 13: wave#0#23#0
[info] message from 12: wave#0#33#0
[info] send message to 13: wave#0#33#0
[info] send message to 14: wave#0#33#0
[info] message from 14: wave#0#29#0
[info] message from 13: wave#0#23#0
[info] message from 13: wave#0#33#0
[info] message from 12: wave#0#35#0
[info] send message to 13: wave#0#35#0
[info] send message to 14: wave#0#35#0
[info] message from 14: wave#0#35#0
[info] message from 13: wave#0#35#0
[info] after round 0 : parent is ['12'] and leader id is 35
[info] send message to 12: wave#0#35#1
[info] message from 12: wave#1#11#0
[info] send message to 13: wave#1#11#0
[info] send message to 14: wave#1#11#0
[info] message from 13: wave#1#11#0
[info] message from 14: wave#1#11#22
[info] after round 1 : parent is ['12'] and leader id is 11
[info] send message to 12: wave#1#11#23
[info] message from 12: exit
[info] send message to 14: exit
