[info] Hello from node15
[info] I'm connected to nodes ['14', '15', '16']
[info] I have edges [('15', '14'), ('15', '15'), ('15', '16')]
[info] -- round 0 started!
[info] -- new id 29 selected!
[info] send message to 14: wave#0#29#0
[info] send message to 15: wave#0#29#0
[info] send message to 16: wave#0#29#0
[info] message from 14: wave#0#23#0
[info] message from 15: wave#0#29#0
[info] message from 16: wave#0#35#0
[info] send message to 14: wave#0#35#0
[info] send message to 15: wave#0#35#0
[info] message from 15: wave#0#35#0
[info] message from 14: wave#0#35#1
[info] after round 0 : parent is ['16'] and leader id is 35
[info] send message to 16: wave#0#35#2
[info] message from 14: wave#1#11#0
[info] send message to 15: wave#1#11#0
[info] send message to 16: wave#1#11#0
[info] message from 15: wave#1#11#0
[info] message from 16: wave#1#11#20
[info] after round 1 : parent is ['14'] and leader id is 11
[info] send message to 14: wave#1#11#21
[info] message from 14: exit
[info] send message to 16: exit
