[info] Hello from node23
[info] I'm connected to nodes ['22', '23', '24']
[info] I have edges [('23', '22'), ('23', '23'), ('23', '24')]
[info] -- round 0 started!
[info] -- new id 15 selected!
[info] send message to 22: wave#0#15#0
[info] send message to 23: wave#0#15#0
[info] send message to 24: wave#0#15#0
[info] message from 24: wave#0#28#0
[info] send message to 22: wave#0#28#0
[info] send message to 23: wave#0#28#0
[info] message from 22: wave#0#6#0
[info] message from 23: wave#0#15#0
[info] message from 22: wave#0#28#0
[info] after round 0 : parent is ['24'] and leader id is 28
[info] send message to 24: wave#0#28#1
[info] message from 24: wave#0#29#0
[info] send message to 22: wave#0#29#0
[info] send message to 23: wave#0#29#0
[info] message from 23: wave#0#28#0
[info] message from 22: wave#0#32#0
[info] send message to 23: wave#0#32#0
[info] send message to 24: wave#0#32#0
[info] message from 23: wave#0#29#0
[info] message from 23: wave#0#32#0
[info] message from 22: wave#0#35#0
[info] send message to 23: wave#0#35#0
[info] send message to 24: wave#0#35#0
[info] message from 23: wave#0#35#0
[info] message from 22: wave#1#11#0
[info] send message to 23: wave#1#11#0
[info] send message to 24: wave#1#11#0
[info] message from 23: wave#1#11#0
[info] message from 24: wave#1#11#12
[info] after round 1 : parent is ['22'] and leader id is 11
[info] send message to 22: wave#1#11#13
[info] message from 22: exit
[info] send message to 24: exit
