[info] Hello from node8
[info] I'm connected to nodes ['7', '8', '9']
[info] I have edges [('8', '7'), ('8', '8'), ('8', '9')]
[info] -- round 0 started!
[info] -- new id 3 selected!
[info] send message to 7: wave#0#3#0
[info] send message to 8: wave#0#3#0
[info] send message to 9: wave#0#3#0
[info] message from 9: wave#0#18#0
[info] send message to 7: wave#0#18#0
[info] send message to 8: wave#0#18#0
[info] message from 7: wave#0#1#0
[info] message from 8: wave#0#3#0
[info] message from 9: wave#0#33#0
[info] send message to 7: wave#0#33#0
[info] send message to 8: wave#0#33#0
[info] message from 7: wave#0#25#0
[info] message from 8: wave#0#18#0
[info] message from 7: wave#0#35#0
[info] send message to 8: wave#0#35#0
[info] send message to 9: wave#0#35#0
[info] message from 8: wave#0#33#0
[info] message from 8: wave#0#35#0
[info] message from 9: wave#0#35#5
[info] after round 0 : parent is ['7'] and leader id is 35
[info] send message to 7: wave#0#35#6
[info] message from 7: wave#1#11#0
[info] send message to 8: wave#1#11#0
[info] send message to 9: wave#1#11#0
[info] message from 8: wave#1#11#0
[info] message from 9: wave#1#11#27
[info] after round 1 : parent is ['7'] and leader id is 11
[info] send message to 7: wave#1#11#28
[info] message from 7: exit
[info] send message to 9: exit
