[info] Hello from node29
[info] I'm connected to nodes ['28', '29', '30']
[info] I have edges [('29', '28'), ('29', '29'), ('29', '30')]
[info] -- round 0 started!
[info] -- new id 1 selected!
[info] send message to 28: wave#0#1#0
[info] send message to 29: wave#0#1#0
[info] send message to 30: wave#0#1#0
[info] message from 30: wave#0#28#0
[info] send message to 28: wave#0#28#0
[info] send message to 29: wave#0#28#0
[info] message from 29: wave#0#1#0
[info] message from 28: wave#0#14#0
[info] message from 29: wave#0#28#0
[info] message from 28: wave#0#29#0
[info] send message to 29: wave#0#29#0
[info] send message to 30: wave#0#29#0
[info] message from 29: wave#0#29#0
[info] message from 28: wave#0#32#0
[info] send message to 29: wave#0#32#0
[info] send message to 30: wave#0#32#0
[info] message from 29: wave#0#32#0
[info] message from 30: wave#0#34#0
[info] send message to 28: wave#0#34#0
[info] send message to 29: wave#0#34#0
[info] message from 29: wave#0#34#0
[info] message from 28: wave#0#35#0
[info] send message to 29: wave#0#35#0
[info] send message to 30: wave#0#35#0
[info] message from 29: wave#0#35#0
[info] message from 30: wave#0#35#6
[info] after round 0 : parent is ['28'] and leader id is 35
[info] send message to 28: wave#0#35#7
[info] message from 28: wave#1#11#0
[info] send message to 29: wave#1#11#0
[info] send message to 30: wave#1#11#0
[info] message from 29: wave#1#11#0
[info] message from 30: wave#1#11#6
[info] after round 1 : parent is ['28'] and leader id is 11
[info] send message to 28: wave#1#11#7
[info] message from 28: exit
[info] send message to 30: exit
