[info] Hello from node3
[info] I'm connected to nodes ['1', '2', '3', '4', '5', '6', '7', '8', '9', '10', '11', '12', '13', '14', '15', '16', '17', '18', '19', '20', '21', '22', '23', '24', '25']
[info] I have edges [('3', '1'), ('3', '2'), ('3', '3'), ('3', '4'), ('3', '5'), ('3', '6'), ('3', '7'), ('3', '8'), ('3', '9'), ('3', '10'), ('3', '11'), ('3', '12'), ('3', '13'), ('3', '14'), ('3', '15'), ('3', '16'), ('3', '17'), ('3', '18'), ('3', '19'), ('3', '20'), ('3', '21'), ('3', '22'), ('3', '23'), ('3', '24'), ('3', '25')]
[info] -- round 0 started!
[info] -- new id 14 selected!
[info] send message to 1: wave#0#14#0
[info] send message to 2: wave#0#14#0
[info] send message to 3: wave#0#14#0
[info] send message to 4: wave#0#14#0
[info] send message to 5: wave#0#14#0
[info] send message to 6: wave#0#14#0
[info] send message to 7: wave#0#14#0
[info] send message to 8: wave#0#14#0
[info] send message to 9: wave#0#14#0
[info] send message to 10: wave#0#14#0
[info] send message to 11: wave#0#14#0
[info] send message to 12: wave#0#14#0
[info] send message to 13: wave#0#14#0
[info] send message to 14: wave#0#14#0
[info] send message to 15: wave#0#14#0
[info] send message to 16: wave#0#14#0
[info] send message to 17: wave#0#14#0
[info] send message to 18: wave#0#14#0
[info] send message to 19: wave#0#14#0
[info] send message to 20: wave#0#14#0
[info] send message to 21: wave#0#14#0
[info] send message to 22: wave#0#14#0
[info] send message to 23: wave#0#14#0
[info] send message to 24: wave#0#14#0
[info] send message to 25: wave#0#14#0
[info] message from 3: wave#0#14#0
[info] message from 14: wave#0#16#0
[info] send message to 1: wave#0#16#0
[info] send message to 2: wave#0#16#0
[info] send message to 3: wave#0#16#0
[info] send message to 4: wave#0#16#0
[info] send message to 5: wave#0#16#0
[info] send message to 6: wave#0#16#0
[info] send message to 7: wave#0#16#0
[info] send message to 8: wave#0#16#0
[info] send message to 9: wave#0#16#0
[info] send message to 10: wave#0#16#0
[info] send message to 11: wave#0#16#0
[info] send message to 12: wave#0#16#0
[info] send message to 13: wave#0#16#0
[info] send message to 15: wave#0#16#0
[info] send message to 16: wave#0#16#0
[info] send message to 17: wave#0#16#0
[info] send message to 18: wave#0#16#0
[info] send message to 19: wave#0#16#0
[info] send message to 20: wave#0#16#0
[info] send message to 21: wave#0#16#0
[info] send message to 22: wave#0#16#0
[info] send message to 23: wave#0#16#0
[info] send message to 24: wave#0#16#0
[info] send message to 25: wave#0#16#0
[info] message from 11: wave#0#21#0
[info] send message to 1: wave#0#21#0
[info] send message to 2: wave#0#21#0
[info] send message to 3: wave#0#21#0
[info] send message to 4: wave#0#21#0
[info] send message to 5: wave#0#21#0
[info] send message to 6: wave#0#21#0
[info] send message to 7: wave#0#21#0
[info] send message to 8: wave#0#21#0
[info] send message to 9: wave#0#21#0
[info] send message to 10: wave#0#21#0
[info] send message to 12: wave#0#21#0
[info] send message to 13: wave#0#21#0
[info] send message to 14: wave#0#21#0
[info] send message to 15: wave#0#21#0
[info] send message to 16: wave#0#21#0
[info] send message to 17: wave#0#21#0
[info] send message to 18: wave#0#21#0
[info] send message to 19: wave#0#21#0
[info] send message to 20: wave#0#21#0
[info] send message to 21: wave#0#21#0
[info] send message to 22: wave#0#21#0
[info] send message to 23: wave#0#21#0
[info] send message to 24: wave#0#21#0
[info] send message to 25: wave#0#21#0
[info] message from 24: wave#0#10#0
[info] message from 1: wave#0#14#0
[info] message from 5: wave#0#22#0
[info] send message to 1: wave#0#22#0
[info] send message to 2: wave#0#22#0
[info] send message to 3: wave#0#22#0
[info] send message to 4: wave#0#22#0
[info] send message to 6: wave#0#22#0
[info] send message to 7: wave#0#22#0
[info] send message to 8: wave#0#22#0
[info] send message to 9: wave#0#22#0
[info] send message to 10: wave#0#22#0
[info] send message to 11: wave#0#22#0
[info] send message to 12: wave#0#22#0
[info] send message to 13: wave#0#22#0
[info] send message to 14: wave#0#22#0
[info] send message to 15: wave#0#22#0
[info] send message to 16: wave#0#22#0
[info] send message to 17: wave#0#22#0
[info] send message to 18: wave#0#22#0
[info] send message to 19: wave#0#22#0
[info] send message to 20: wave#0#22#0
[info] send message to 21: wave#0#22#0
[info] send message to 22: wave#0#22#0
[info] send message to 23: wave#0#22#0
[info] send message to 24: wave#0#22#0
[info] send message to 25: wave#0#22#0
[info] message from 7: wave#0#25#0
[info] send message to 1: wave#0#25#0
[info] send message to 2: wave#0#25#0
[info] send message to 3: wave#0#25#0
[info] send message to 4: wave#0#25#0
[info] send message to 5: wave#0#25#0
[info] send message to 6: wave#0#25#0
[info] send message to 8: wave#0#25#0
[info] send message to 9: wave#0#25#0
[info] send message to 10: wave#0#25#0
[info] send message to 11: wave#0#25#0
[info] send message to 12: wave#0#25#0
[info] send message to 13: wave#0#25#0
[info] send message to 14: wave#0#25#0
[info] send message to 15: wave#0#25#0
[info] send message to 16: wave#0#25#0
[info] send message to 17: wave#0#25#0
[info] send message to 18: wave#0#25#0
[info] send message to 19: wave#0#25#0
[info] send message to 20: wave#0#25#0
[info] send message to 21: wave#0#25#0
[info] send message to 22: wave#0#25#0
[info] send message to 23: wave#0#25#0
[info] send message to 24: wave#0#25#0
[info] send message to 25: wave#0#25#0
[info] message from 23: wave#0#20#0
[info] message from 4: wave#0#15#0
[info] message from 19: wave#0#22#0
[info] message from 8: wave#0#1#0
[info] message from 22: wave#0#15#0
[info] message from 2: wave#0#16#0
[info] message from 18: wave#0#4#0
[info] message from 6: wave#0#25#0
[info] message from 16: wave#0#6#0
[info] message from 3: wave#0#16#0
[info] message from 15: wave#0#18#0
[info] message from 9: wave#0#17#0
[info] message from 25: wave#0#18#0
[info] message from 10: wave#0#4#0
[info] message from 12: wave#0#4#0
[info] message from 13: wave#0#23#0
[info] message from 11: wave#0#22#0
[info] message from 17: wave#0#25#0
[info] message from 21: wave#0#22#0
[info] message from 20: wave#0#7#0
[info] message from 14: wave#0#21#0
[info] message from 5: wave#0#25#0
[info] message from 1: wave#0#16#0
[info] message from 23: wave#0#21#0
[info] message from 19: wave#0#25#0
[info] message from 22: wave#0#21#0
[info] message from 4: wave#0#16#0
[info] message from 3: wave#0#21#0
[info] message from 2: wave#0#21#0
[info] message from 15: wave#0#21#0
[info] message from 25: wave#0#21#0
[info] message from 9: wave#0#21#0
[info] message from 11: wave#0#25#0
[info] message from 21: wave#0#25#0
[info] message from 13: wave#0#25#0
[info] message from 14: wave#0#22#0
[info] message from 24: wave#0#21#0
[info] message from 23: wave#0#22#0
[info] message from 1: wave#0#21#0
[info] message from 22: wave#0#22#0
[info] message from 3: wave#0#22#0
[info] message from 8: wave#0#16#0
[info] message from 2: wave#0#22#0
[info] message from 4: wave#0#21#0
[info] message from 16: wave#0#21#0
[info] message from 18: wave#0#21#0
[info] message from 15: wave#0#22#0
[info] message from 12: wave#0#16#0
[info] message from 25: wave#0#22#0
[info] message from 9: wave#0#22#0
[info] message from 10: wave#0#16#0
[info] message from 14: wave#0#25#0
[info] message from 24: wave#0#22#0
[info] message from 23: wave#0#25#0
[info] message from 1: wave#0#22#0
[info] message from 22: wave#0#25#0
[info] message from 20: wave#0#21#0
[info] message from 2: wave#0#25#0
[info] message from 3: wave#0#25#0
[info] message from 8: wave#0#21#0
[info] message from 4: wave#0#22#0
[info] message from 16: wave#0#22#0
[info] message from 18: wave#0#22#0
[info] message from 15: wave#0#25#0
[info] message from 25: wave#0#25#0
[info] message from 12: wave#0#21#0
[info] message from 9: wave#0#25#0
[info] message from 10: wave#0#21#0
[info] message from 24: wave#0#25#0
[info] message from 1: wave#0#25#0
[info] message from 16: wave#0#25#0
[info] message from 20: wave#0#22#0
[info] message from 8: wave#0#22#0
[info] message from 4: wave#0#25#0
[info] message from 12: wave#0#22#0
[info] message from 18: wave#0#25#0
[info] message from 10: wave#0#22#0
[info] message from 20: wave#0#25#0
[info] message from 8: wave#0#25#0
[info] message from 12: wave#0#25#0
[info] message from 10: wave#0#25#0
[info] after round 0 : parent is ['7'] and leader id is 25
[info] send message to 7: wave#0#25#1
[info] message from 6: wave#1#15#0
[info] send message to 1: wave#1#15#0
[info] send message to 2: wave#1#15#0
[info] send message to 3: wave#1#15#0
[info] send message to 4: wave#1#15#0
[info] send message to 5: wave#1#15#0
[info] send message to 7: wave#1#15#0
[info] send message to 8: wave#1#15#0
[info] send message to 9: wave#1#15#0
[info] send message to 10: wave#1#15#0
[info] send message to 11: wave#1#15#0
[info] send message to 12: wave#1#15#0
[info] send message to 13: wave#1#15#0
[info] send message to 14: wave#1#15#0
[info] send message to 15: wave#1#15#0
[info] send message to 16: wave#1#15#0
[info] send message to 17: wave#1#15#0
[info] send message to 18: wave#1#15#0
[info] send message to 19: wave#1#15#0
[info] send message to 20: wave#1#15#0
[info] send message to 21: wave#1#15#0
[info] send message to 22: wave#1#15#0
[info] send message to 23: wave#1#15#0
[info] send message to 24: wave#1#15#0
[info] send message to 25: wave#1#15#0
[info] message from 1: wave#1#15#0
[info] message from 2: wave#1#15#0
[info] message from 3: wave#1#15#0
[info] message from 4: wave#1#15#0
[info] message from 5: wave#1#15#0
[info] message from 7: wave#1#15#0
[info] message from 9: wave#1#15#0
[info] message from 11: wave#1#15#0
[info] message from 17: wave#1#24#0
[info] send message to 1: wave#1#24#0
[info] send message to 2: wave#1#24#0
[info] send message to 3: wave#1#24#0
[info] send message to 4: wave#1#24#0
[info] send message to 5: wave#1#24#0
[info] send message to 6: wave#1#24#0
[info] send message to 7: wave#1#24#0
[info] send message to 8: wave#1#24#0
[info] send message to 9: wave#1#24#0
[info] send message to 10: wave#1#24#0
[info] send message to 11: wave#1#24#0
[info] send message to 12: wave#1#24#0
[info] send message to 13: wave#1#24#0
[info] send message to 14: wave#1#24#0
[info] send message to 15: wave#1#24#0
[info] send message to 16: wave#1#24#0
[info] send message to 18: wave#1#24#0
[info] send message to 19: wave#1#24#0
[info] send message to 20: wave#1#24#0
[info] send message to 21: wave#1#24#0
[info] send message to 22: wave#1#24#0
[info] send message to 23: wave#1#24#0
[info] send message to 24: wave#1#24#0
[info] send message to 25: wave#1#24#0
[info] message from 13: wave#1#15#0
[info] message from 8: wave#1#15#0
[info] message from 14: wave#1#15#0
[info] message from 15: wave#1#15#0
[info] message from 16: wave#1#15#0
[info] message from 18: wave#1#15#0
[info] message from 12: wave#1#15#0
[info] message from 19: wave#1#15#0
[info] message from 20: wave#1#15#0
[info] message from 21: wave#1#15#0
[info] message from 22: wave#1#15#0
[info] message from 10: wave#1#15#0
[info] message from 23: wave#1#15#0
[info] message from 24: wave#1#15#0
[info] message from 25: wave#1#15#0
[info] message from 2: wave#1#24#0
[info] message from 3: wave#1#24#0
[info] message from 6: wave#1#24#0
[info] message from 1: wave#1#24#0
[info] message from 4: wave#1#24#0
[info] message from 5: wave#1#24#0
[info] message from 9: wave#1#24#0
[info] message from 7: wave#1#24#0
[info] message from 11: wave#1#24#0
[info] message from 13: wave#1#24#0
[info] message from 14: wave#1#24#0
[info] message from 8: wave#1#24#0
[info] message from 16: wave#1#24#0
[info] message from 18: wave#1#24#0
[info] message from 15: wave#1#24#0
[info] message from 12: wave#1#24#0
[info] message from 19: wave#1#24#0
[info] message from 20: wave#1#24#0
[info] message from 21: wave#1#24#0
[info] message from 10: wave#1#24#0
[info] message from 25: wave#1#24#0
[info] message from 22: wave#1#24#0
[info] message from 23: wave#1#24#0
[info] message from 24: wave#1#24#0
[info] after round 1 : parent is ['17'] and leader id is 24
[info] send message to 17: wave#1#24#1
[info] message from 17: wave#2#15#0
[info] send message to 1: wave#2#15#0
[info] send message to 2: wave#2#15#0
[info] send message to 3: wave#2#15#0
[info] send message to 4: wave#2#15#0
[info] send message to 5: wave#2#15#0
[info] send message to 6: wave#2#15#0
[info] send message to 7: wave#2#15#0
[info] send message to 8: wave#2#15#0
[info] send message to 9: wave#2#15#0
[info] send message to 10: wave#2#15#0
[info] send message to 11: wave#2#15#0
[info] send message to 12: wave#2#15#0
[info] send message to 13: wave#2#15#0
[info] send message to 14: wave#2#15#0
[info] send message to 15: wave#2#15#0
[info] send message to 16: wave#2#15#0
[info] send message to 18: wave#2#15#0
[info] send message to 19: wave#2#15#0
[info] send message to 20: wave#2#15#0
[info] send message to 21: wave#2#15#0
[info] send message to 22: wave#2#15#0
[info] send message to 23: wave#2#15#0
[info] send message to 24: wave#2#15#0
[info] send message to 25: wave#2#15#0
[info] message from 1: wave#2#15#0
[info] message from 2: wave#2#15#0
[info] message from 3: wave#2#15#0
[info] message from 4: wave#2#15#0
[info] message from 5: wave#2#15#0
[info] message from 6: wave#2#15#0
[info] message from 7: wave#2#15#0
[info] message from 8: wave#2#15#0
[info] message from 9: wave#2#15#0
[info] message from 10: wave#2#15#0
[info] message from 11: wave#2#15#0
[info] message from 12: wave#2#15#0
[info] message from 13: wave#2#15#0
[info] message from 14: wave#2#15#0
[info] message from 15: wave#2#15#0
[info] message from 16: wave#2#15#0
[info] message from 18: wave#2#15#0
[info] message from 19: wave#2#15#0
[info] message from 20: wave#2#15#0
[info] message from 21: wave#2#15#0
[info] message from 22: wave#2#15#0
[info] message from 23: wave#2#15#0
[info] message from 24: wave#2#15#0
[info] message from 25: wave#2#15#0
[info] after round 2 : parent is ['17'] and leader id is 15
[info] send message to 17: wave#2#15#1
[info] message from 1: exit
[info] send message to 2: exit
[info] send message to 4: exit
[info] send message to 5: exit
[info] send message to 6: exit
[info] send message to 7: exit
[info] send message to 8: exit
[info] send message to 9: exit
[info] send message to 10: exit
[info] send message to 11: exit
[info] send message to 12: exit
[info] send message to 13: exit
[info] send message to 14: exit
[info] send message to 15: exit
[info] send message to 16: exit
[info] send message to 17: exit
[info] send message to 18: exit
[info] send message to 19: exit
[info] send message to 20: exit
[info] send message to 21: exit
[info] send message to 22: exit
[info] send message to 23: exit
[info] send message to 24: exit
[info] send message to 25: exit
