[info] Hello from node11
[info] I'm connected to nodes ['1', '11']
[info] I have edges [('11', '1'), ('11', '11')]
[info] -- round 0 started!
[info] -- new id 14 selected!
[info] send message to 1: wave#0#14#0
[info] send message to 11: wave#0#14#0
[info] message from 1: wave#0#24#0
[info] send message to 11: wave#0#24#0
[info] message from 11: wave#0#14#0
[info] after round 0 : parent is ['1'] and leader id is 24
[info] send message to 1: wave#0#24#1
[info] message from 11: wave#0#24#0
[info] after round 0 : parent is ['1'] and leader id is 24
[info] send message to 1: wave#0#24#1
[info] message from 1: wave#1#5#0
[info] send message to 11: wave#1#5#0
[info] message from 11: wave#1#5#0
[info] after round 1 : parent is ['1'] and leader id is 5
[info] send message to 1: wave#1#5#1
[info] message from 1: exit
