[info] Hello from node3
[info] I'm connected to nodes ['1', '3']
[info] I have edges [('3', '1'), ('3', '3')]
[info] -- round 0 started!
[info] -- new id 3 selected!
[info] send message to 1: wave#0#3#0
[info] send message to 3: wave#0#3#0
[info] message from 1: wave#0#19#0
[info] send message to 3: wave#0#19#0
[info] message from 3: wave#0#3#0
[info] after round 0 : parent is ['1'] and leader id is 19
[info] send message to 1: wave#0#19#1
[info] message from 3: wave#0#19#0
[info] after round 0 : parent is ['1'] and leader id is 19
[info] send message to 1: wave#0#19#1
[info] message from 1: wave#0#30#0
[info] send message to 3: wave#0#30#0
[info] message from 3: wave#0#30#0
[info] after round 0 : parent is ['1'] and leader id is 30
[info] send message to 1: wave#0#30#1
[info] message from 1: exit
