[info] Hello from node4
[info] I'm connected to nodes ['1', '4']
[info] I have edges [('4', '1'), ('4', '4')]
[info] -- round 0 started!
[info] -- new id 27 selected!
[info] send message to 1: wave#0#27#0
[info] send message to 4: wave#0#27#0
[info] message from 1: wave#0#19#0
[info] message from 4: wave#0#27#0
[info] message from 1: wave#0#28#0
[info] send message to 4: wave#0#28#0
[info] message from 4: wave#0#28#0
[info] after round 0 : parent is ['1'] and leader id is 28
[info] send message to 1: wave#0#28#1
[info] message from 1: wave#0#29#0
[info] send message to 4: wave#0#29#0
[info] message from 4: wave#0#29#0
[info] after round 0 : parent is ['1'] and leader id is 29
[info] send message to 1: wave#0#29#1
[info] message from 1: wave#0#42#0
[info] send message to 4: wave#0#42#0
[info] message from 4: wave#0#42#0
[info] after round 0 : parent is ['1'] and leader id is 42
[info] send message to 1: wave#0#42#1
[info] message from 1: wave#1#6#0
[info] send message to 4: wave#1#6#0
[info] message from 4: wave#1#6#0
[info] after round 1 : parent is ['1'] and leader id is 6
[info] send message to 1: wave#1#6#1
[info] message from 1: wave#1#25#0
[info] send message to 4: wave#1#25#0
[info] message from 4: wave#1#25#0
[info] after round 1 : parent is ['1'] and leader id is 25
[info] send message to 1: wave#1#25#1
[info] message from 1: wave#1#40#0
[info] send message to 4: wave#1#40#0
[info] message from 4: wave#1#40#0
[info] after round 1 : parent is ['1'] and leader id is 40
[info] send message to 1: wave#1#40#1
[info] message from 1: exit
