[info] Hello from node1
[info] I'm connected to nodes ['1', '2']
[info] I have edges [('1', '1'), ('1', '2')]
[info] -- round 0 started!
[info] -- new id 29 selected!
[info] send message to 1: wave#0#29#0
[info] send message to 2: wave#0#29#0
[info] message from 1: wave#0#29#0
[info] message from 2: wave#0#30#0
[info] send message to 1: wave#0#30#0
[info] message from 1: wave#0#30#0
[info] after round 0 : parent is ['2'] and leader id is 30
[info] send message to 2: wave#0#30#1
[info] message from 2: wave#0#38#0
[info] send message to 1: wave#0#38#0
[info] message from 1: wave#0#38#0
[info] after round 0 : parent is ['2'] and leader id is 38
[info] send message to 2: wave#0#38#1
[info] message from 2: wave#1#13#0
[info] send message to 1: wave#1#13#0
[info] message from 1: wave#1#13#0
[info] after round 1 : parent is ['2'] and leader id is 13
[info] send message to 2: wave#1#13#1
[info] message from 2: wave#1#40#0
[info] send message to 1: wave#1#40#0
[info] message from 1: wave#1#40#0
[info] after round 1 : parent is ['2'] and leader id is 40
[info] send message to 2: wave#1#40#1
[info] message from 2: exit
