[info] Hello from node4
[info] I'm connected to nodes ['3', '4', '5']
[info] I have edges [('4', '3'), ('4', '4'), ('4', '5')]
[info] -- round 0 started!
[info] -- new id 25 selected!
[info] send message to 3: wave#0#25#0
[info] send message to 4: wave#0#25#0
[info] send message to 5: wave#0#25#0
[info] message from 4: wave#0#25#0
[info] message from 5: wave#0#31#0
[info] send message to 3: wave#0#31#0
[info] send message to 4: wave#0#31#0
[info] message from 3: wave#0#38#0
[info] send message to 4: wave#0#38#0
[info] send message to 5: wave#0#38#0
[info] message from 4: wave#0#31#0
[info] message from 4: wave#0#38#0
[info] message from 5: wave#0#38#3
[info] after round 0 : parent is ['3'] and leader id is 38
[info] send message to 3: wave#0#38#4
[info] message from 5: wave#0#38#6
[info] after round 0 : parent is ['3'] and leader id is 38
[info] send message to 3: wave#0#38#10
[info] message from 5: wave#0#38#10
[info] after round 0 : parent is ['3'] and leader id is 38
[info] send message to 3: wave#0#38#20
[info] message from 3: wave#1#13#0
[info] send message to 4: wave#1#13#0
[info] send message to 5: wave#1#13#0
[info] message from 5: wave#0#38#15
[info] message from 4: wave#1#13#0
[info] message from 5: wave#0#39#0
[info] message from 5: wave#1#40#0
[info] send message to 3: wave#1#40#0
[info] send message to 4: wave#1#40#0
[info] message from 4: wave#1#40#0
[info] message from 3: wave#1#40#3
[info] after round 1 : parent is ['5'] and leader id is 40
[info] send message to 5: wave#1#40#4
[info] message from 5: exit
[info] send message to 3: exit
