[info] Hello from node39
[info] I'm connected to nodes ['38', '39', '40']
[info] I have edges [('39', '38'), ('39', '39'), ('39', '40')]
[info] -- round 0 started!
[info] -- new id 22 selected!
[info] send message to 38: wave#0#22#0
[info] send message to 39: wave#0#22#0
[info] send message to 40: wave#0#22#0
[info] message from 39: wave#0#22#0
[info] message from 40: wave#0#39#0
[info] send message to 38: wave#0#39#0
[info] send message to 39: wave#0#39#0
[info] message from 39: wave#0#39#0
[info] message from 38: wave#0#39#0
[info] after round 0 : parent is ['40'] and leader id is 39
[info] send message to 40: wave#0#39#1
[info] message from 40: wave#1#40#0
[info] send message to 38: wave#1#40#0
[info] send message to 39: wave#1#40#0
[info] message from 39: wave#1#40#0
[info] message from 38: wave#1#40#38
[info] after round 1 : parent is ['40'] and leader id is 40
[info] send message to 40: wave#1#40#39
[info] message from 40: exit
[info] send message to 38: exit
