[info] Hello from node32
[info] I'm connected to nodes ['31', '32', '33']
[info] I have edges [('32', '31'), ('32', '32'), ('32', '33')]
[info] -- round 0 started!
[info] -- new id 32 selected!
[info] send message to 31: wave#0#32#0
[info] send message to 32: wave#0#32#0
[info] send message to 33: wave#0#32#0
[info] message from 32: wave#0#32#0
[info] message from 31: wave#0#11#0
[info] message from 33: wave#0#3#0
[info] message from 31: wave#0#37#0
[info] send message to 32: wave#0#37#0
[info] send message to 33: wave#0#37#0
[info] message from 32: wave#0#37#0
[info] message from 33: wave#0#37#1
[info] after round 0 : parent is ['31'] and leader id is 37
[info] send message to 31: wave#0#37#2
[info] message from 33: wave#0#39#0
[info] send message to 31: wave#0#39#0
[info] send message to 32: wave#0#39#0
[info] message from 32: wave#0#39#0
[info] message from 31: wave#0#45#0
[info] send message to 32: wave#0#45#0
[info] send message to 33: wave#0#45#0
[info] message from 32: wave#0#45#0
[info] message from 33: wave#1#40#0
[info] send message to 31: wave#1#40#0
[info] send message to 32: wave#1#40#0
[info] message from 32: wave#1#40#0
[info] message from 31: wave#1#40#31
[info] after round 1 : parent is ['33'] and leader id is 40
[info] send message to 33: wave#1#40#32
[info] message from 33: exit
[info] send message to 31: exit
