[info] Hello from node14
[info] I'm connected to nodes ['13', '14', '15']
[info] I have edges [('14', '13'), ('14', '14'), ('14', '15')]
[info] -- round 0 started!
[info] -- new id 36 selected!
[info] send message to 13: wave#0#36#0
[info] send message to 14: wave#0#36#0
[info] send message to 15: wave#0#36#0
[info] message from 15: wave#0#17#0
[info] message from 14: wave#0#36#0
[info] message from 13: wave#0#39#0
[info] send message to 14: wave#0#39#0
[info] send message to 15: wave#0#39#0
[info] message from 14: wave#0#39#0
[info] message from 15: wave#0#43#0
[info] send message to 13: wave#0#43#0
[info] send message to 14: wave#0#43#0
[info] message from 14: wave#0#43#0
[info] message from 15: wave#0#45#0
[info] send message to 13: wave#0#45#0
[info] send message to 14: wave#0#45#0
[info] message from 14: wave#0#45#0
[info] message from 13: wave#1#13#0
[info] send message to 14: wave#1#13#0
[info] send message to 15: wave#1#13#0
[info] message from 14: wave#1#13#0
[info] message from 15: wave#1#40#0
[info] send message to 13: wave#1#40#0
[info] send message to 14: wave#1#40#0
[info] message from 14: wave#1#40#0
[info] message from 13: wave#1#40#13
[info] after round 1 : parent is ['15'] and leader id is 40
[info] send message to 15: wave#1#40#14
[info] message from 15: exit
[info] send message to 13: exit
