[info] Hello from node27
[info] I'm connected to nodes ['26', '27', '28']
[info] I have edges [('27', '26'), ('27', '27'), ('27', '28')]
[info] -- round 0 started!
[info] -- new id 4 selected!
[info] send message to 26: wave#0#4#0
[info] send message to 27: wave#0#4#0
[info] send message to 28: wave#0#4#0
[info] message from 27: wave#0#4#0
[info] message from 28: wave#0#36#0
[info] send message to 26: wave#0#36#0
[info] send message to 27: wave#0#36#0
[info] message from 27: wave#0#36#0
[info] message from 26: wave#0#13#0
[info] message from 28: wave#0#37#0
[info] send message to 26: wave#0#37#0
[info] send message to 27: wave#0#37#0
[info] message from 26: wave#0#23#0
[info] message from 27: wave#0#37#0
[info] message from 26: wave#0#25#0
[info] message from 26: wave#0#28#0
[info] message from 26: wave#0#38#0
[info] send message to 27: wave#0#38#0
[info] send message to 28: wave#0#38#0
[info] message from 27: wave#0#38#0
[info] message from 26: wave#0#45#0
[info] send message to 27: wave#0#45#0
[info] send message to 28: wave#0#45#0
[info] message from 27: wave#0#45#0
[info] message from 28: wave#1#40#0
[info] send message to 26: wave#1#40#0
[info] send message to 27: wave#1#40#0
[info] message from 27: wave#1#40#0
[info] message from 26: wave#1#40#26
[info] after round 1 : parent is ['28'] and leader id is 40
[info] send message to 28: wave#1#40#27
[info] message from 28: exit
[info] send message to 26: exit
