[info] Hello from node41
[info] I'm connected to nodes ['40', '41', '42']
[info] I have edges [('41', '40'), ('41', '41'), ('41', '42')]
[info] -- round 0 started!
[info] -- new id 37 selected!
[info] send message to 40: wave#0#37#0
[info] send message to 41: wave#0#37#0
[info] send message to 42: wave#0#37#0
[info] message from 42: wave#0#31#0
[info] message from 40: wave#0#39#0
[info] send message to 41: wave#0#39#0
[info] send message to 42: wave#0#39#0
[info] message from 41: wave#0#37#0
[info] message from 41: wave#0#39#0
[info] message from 42: wave#0#39#4
[info] after round 0 : parent is ['40'] and leader id is 39
[info] send message to 40: wave#0#39#5
[info] message from 40: wave#1#40#0
[info] send message to 41: wave#1#40#0
[info] send message to 42: wave#1#40#0
[info] message from 41: wave#1#40#0
[info] message from 42: wave#1#40#4
[info] after round 1 : parent is ['40'] and leader id is 40
[info] send message to 40: wave#1#40#5
[info] message from 40: exit
[info] send message to 42: exit
