[info] Hello from node21
[info] I'm connected to nodes ['20', '21', '22']
[info] I have edges [('21', '20'), ('21', '21'), ('21', '22')]
[info] -- round 0 started!
[info] -- new id 38 selected!
[info] send message to 20: wave#0#38#0
[info] send message to 21: wave#0#38#0
[info] send message to 22: wave#0#38#0
[info] message from 22: wave#0#20#0
[info] message from 22: wave#0#28#0
[info] message from 20: wave#0#45#0
[info] send message to 21: wave#0#45#0
[info] send message to 22: wave#0#45#0
[info] message from 21: wave#0#38#0
[info] message from 21: wave#0#45#0
[info] message from 20: wave#1#13#0
[info] send message to 21: wave#1#13#0
[info] send message to 22: wave#1#13#0
[info] message from 21: wave#1#13#0
[info] message from 22: wave#1#40#0
[info] send message to 20: wave#1#40#0
[info] send message to 21: wave#1#40#0
[info] message from 21: wave#1#40#0
[info] message from 20: wave#1#40#20
[info] after round 1 : parent is ['22'] and leader id is 40
[info] send message to 22: wave#1#40#21
[info] message from 22: exit
[info] send message to 20: exit
