[info] Hello from node43
[info] I'm connected to nodes ['42', '43', '44']
[info] I have edges [('43', '42'), ('43', '43'), ('43', '44')]
[info] -- round 0 started!
[info] -- new id 10 selected!
[info] send message to 42: wave#0#10#0
[info] send message to 43: wave#0#10#0
[info] send message to 44: wave#0#10#0
[info] message from 42: wave#0#31#0
[info] send message to 43: wave#0#31#0
[info] send message to 44: wave#0#31#0
[info] message from 44: wave#0#5#0
[info] message from 43: wave#0#10#0
[info] message from 43: wave#0#31#0
[info] message from 44: wave#0#32#0
[info] send message to 42: wave#0#32#0
[info] send message to 43: wave#0#32#0
[info] message from 42: wave#0#37#0
[info] send message to 43: wave#0#37#0
[info] send message to 44: wave#0#37#0
[info] message from 43: wave#0#32#0
[info] message from 42: wave#0#39#0
[info] send message to 43: wave#0#39#0
[info] send message to 44: wave#0#39#0
[info] message from 43: wave#0#37#0
[info] message from 43: wave#0#39#0
[info] message from 44: wave#0#39#2
[info] after round 0 : parent is ['42'] and leader id is 39
[info] send message to 42: wave#0#39#3
[info] message from 42: wave#1#40#0
[info] send message to 43: wave#1#40#0
[info] send message to 44: wave#1#40#0
[info] message from 43: wave#1#40#0
[info] message from 44: wave#1#40#2
[info] after round 1 : parent is ['42'] and leader id is 40
[info] send message to 42: wave#1#40#3
[info] message from 42: exit
[info] send message to 44: exit
