[info] Hello from node45
[info] I'm connected to nodes ['44', '45']
[info] I have edges [('45', '44'), ('45', '45')]
[info] -- round 0 started!
[info] -- new id 32 selected!
[info] send message to 44: wave#0#32#0
[info] send message to 45: wave#0#32#0
[info] message from 45: wave#0#32#0
[info] message from 44: wave#0#5#0
[info] message from 44: wave#0#37#0
[info] send message to 45: wave#0#37#0
[info] message from 45: wave#0#37#0
[info] after round 0 : parent is ['44'] and leader id is 37
[info] send message to 44: wave#0#37#1
[info] message from 44: wave#0#39#0
[info] send message to 45: wave#0#39#0
[info] message from 45: wave#0#39#0
[info] after round 0 : parent is ['44'] and leader id is 39
[info] send message to 44: wave#0#39#1
[info] message from 44: wave#1#40#0
[info] send message to 45: wave#1#40#0
[info] message from 45: wave#1#40#0
[info] after round 1 : parent is ['44'] and leader id is 40
[info] send message to 44: wave#1#40#1
[info] message from 44: exit
