[info] Hello from node5
[info] I'm connected to nodes ['4', '5', '6']
[info] I have edges [('5', '4'), ('5', '5'), ('5', '6')]
[info] -- round 0 started!
[info] -- new id 31 selected!
[info] send message to 4: wave#0#31#0
[info] send message to 5: wave#0#31#0
[info] send message to 6: wave#0#31#0
[info] message from 6: wave#0#19#0
[info] message from 4: wave#0#25#0
[info] message from 5: wave#0#31#0
[info] message from 4: wave#0#38#0
[info] send message to 5: wave#0#38#0
[info] send message to 6: wave#0#38#0
[info] message from 5: wave#0#38#0
[info] message from 6: wave#0#38#2
[info] after round 0 : parent is ['4'] and leader id is 38
[info] send message to 4: wave#0#38#3
[info] message from 6: wave#0#38#3
[info] after round 0 : parent is ['4'] and leader id is 38
[info] send message to 4: wave#0#38#6
[info] message from 6: wave#0#38#4
[info] after round 0 : parent is ['4'] and leader id is 38
[info] send message to 4: wave#0#38#10
[info] message from 6: wave#0#38#5
[info] after round 0 : parent is ['4'] and leader id is 38
[info] send message to 4: wave#0#38#15
[info] message from 6: wave#0#39#0
[info] send message to 4: wave#0#39#0
[info] send message to 5: wave#0#39#0
[info] message from 4: wave#1#13#0
[info] send message to 5: wave#1#13#0
[info] send message to 6: wave#1#13#0
[info] message from 6: wave#0#43#0
[info] message from 5: wave#0#39#0
[info] message from 5: wave#1#13#0
[info] message from 6: wave#0#45#0
[info] message from 6: wave#1#40#0
[info] send message to 4: wave#1#40#0
[info] send message to 5: wave#1#40#0
[info] message from 5: wave#1#40#0
[info] message from 4: wave#1#40#4
[info] after round 1 : parent is ['6'] and leader id is 40
[info] send message to 6: wave#1#40#5
[info] message from 6: exit
[info] send message to 4: exit
