[info] Hello from node39
[info] I'm connected to nodes ['38', '39', '40']
[info] I have edges [('39', '38'), ('39', '39'), ('39', '40')]
[info] -- round 0 started!
[info] -- new id 29 selected!
[info] send message to 38: wave#0#29#0
[info] send message to 39: wave#0#29#0
[info] send message to 40: wave#0#29#0
[info] message from 38: wave#0#7#0
[info] message from 40: wave#0#25#0
[info] message from 39: wave#0#29#0
[info] message from 38: wave#0#24#0
[info] message from 40: wave#0#29#1
[info] message from 38: wave#0#38#0
[info] send message to 39: wave#0#38#0
[info] send message to 40: wave#0#38#0
[info] message from 39: wave#0#38#0
[info] message from 40: wave#0#38#1
[info] after round 0 : parent is ['38'] and leader id is 38
[info] send message to 38: wave#0#38#2
[info] message from 38: wave#0#40#0
[info] send message to 39: wave#0#40#0
[info] send message to 40: wave#0#40#0
[info] message from 39: wave#0#40#0
[info] message from 40: wave#0#40#1
[info] after round 0 : parent is ['38'] and leader id is 40
[info] send message to 38: wave#0#40#2
[info] message from 38: wave#1#9#0
[info] send message to 39: wave#1#9#0
[info] send message to 40: wave#1#9#0
[info] message from 39: wave#1#9#0
[info] message from 40: wave#1#9#1
[info] after round 1 : parent is ['38'] and leader id is 9
[info] send message to 38: wave#1#9#2
[info] message from 38: exit
[info] send message to 40: exit
