[info] Hello from node6
[info] I'm connected to nodes ['5', '6', '7']
[info] I have edges [('6', '5'), ('6', '6'), ('6', '7')]
[info] -- round 0 started!
[info] -- new id 40 selected!
[info] send message to 5: wave#0#40#0
[info] send message to 6: wave#0#40#0
[info] send message to 7: wave#0#40#0
[info] message from 6: wave#0#40#0
[info] message from 5: wave#0#2#0
[info] message from 7: wave#0#18#0
[info] message from 5: wave#0#40#5
[info] message from 7: wave#0#40#1
[info] after round 0 : parent is [] and leader id is 40
[info] -- round 1 started!
[info] -- new id 9 selected!
[info] send message to 5: wave#1#9#0
[info] send message to 6: wave#1#9#0
[info] send message to 7: wave#1#9#0
[info] message from 6: wave#1#9#0
[info] message from 7: wave#0#40#1
[info] message from 5: wave#1#9#5
[info] message from 7: wave#1#9#34
[info] after round 1 : parent is [] and leader id is 9
[info] send message to 5: exit
[info] send message to 7: exit
