[info] Hello from node23
[info] I'm connected to nodes ['22', '23', '24']
[info] I have edges [('23', '22'), ('23', '23'), ('23', '24')]
[info] -- round 0 started!
[info] -- new id 17 selected!
[info] send message to 22: wave#0#17#0
[info] send message to 23: wave#0#17#0
[info] send message to 24: wave#0#17#0
[info] message from 22: wave#0#17#0
[info] message from 23: wave#0#17#0
[info] message from 24: wave#0#5#0
[info] message from 24: wave#0#25#0
[info] send message to 22: wave#0#25#0
[info] send message to 23: wave#0#25#0
[info] message from 23: wave#0#25#0
[info] message from 24: wave#0#32#0
[info] send message to 22: wave#0#32#0
[info] send message to 23: wave#0#32#0
[info] message from 23: wave#0#32#0
[info] message from 22: wave#0#33#0
[info] send message to 23: wave#0#33#0
[info] send message to 24: wave#0#33#0
[info] message from 24: wave#0#38#0
[info] send message to 22: wave#0#38#0
[info] send message to 23: wave#0#38#0
[info] message from 23: wave#0#33#0
[info] message from 22: wave#0#34#0
[info] message from 23: wave#0#38#0
[info] message from 22: wave#0#40#0
[info] send message to 23: wave#0#40#0
[info] send message to 24: wave#0#40#0
[info] message from 23: wave#0#40#0
[info] message from 22: wave#1#9#0
[info] send message to 23: wave#1#9#0
[info] send message to 24: wave#1#9#0
[info] message from 23: wave#1#9#0
[info] message from 24: wave#1#9#17
[info] after round 1 : parent is ['22'] and leader id is 9
[info] send message to 22: wave#1#9#18
[info] message from 22: exit
[info] send message to 24: exit
