[info] Hello from node3
[info] I'm connected to nodes ['2', '3', '4']
[info] I have edges [('3', '2'), ('3', '3'), ('3', '4')]
[info] -- round 0 started!
[info] -- new id 9 selected!
[info] send message to 2: wave#0#9#0
[info] send message to 3: wave#0#9#0
[info] send message to 4: wave#0#9#0
[info] message from 4: wave#0#34#0
[info] send message to 2: wave#0#34#0
[info] send message to 3: wave#0#34#0
[info] message from 2: wave#0#33#0
[info] message from 3: wave#0#9#0
[info] message from 3: wave#0#34#0
[info] message from 2: wave#0#34#2
[info] after round 0 : parent is ['4'] and leader id is 34
[info] send message to 4: wave#0#34#3
[info] message from 4: wave#0#40#0
[info] send message to 2: wave#0#40#0
[info] send message to 3: wave#0#40#0
[info] message from 3: wave#0#40#0
[info] message from 2: wave#0#40#2
[info] after round 0 : parent is ['4'] and leader id is 40
[info] send message to 4: wave#0#40#3
[info] message from 4: wave#1#9#0
[info] send message to 2: wave#1#9#0
[info] send message to 3: wave#1#9#0
[info] message from 3: wave#1#9#0
[info] message from 2: wave#1#9#2
[info] after round 1 : parent is ['4'] and leader id is 9
[info] send message to 4: wave#1#9#3
[info] message from 4: exit
[info] send message to 2: exit
