[info] Hello from node16
[info] I'm connected to nodes ['15', '16', '17']
[info] I have edges [('16', '15'), ('16', '16'), ('16', '17')]
[info] -- round 0 started!
[info] -- new id 10 selected!
[info] send message to 15: wave#0#10#0
[info] send message to 16: wave#0#10#0
[info] send message to 17: wave#0#10#0
[info] message from 15: wave#0#17#0
[info] send message to 16: wave#0#17#0
[info] send message to 17: wave#0#17#0
[info] message from 17: wave#0#2#0
[info] message from 16: wave#0#10#0
[info] message from 15: wave#0#30#0
[info] send message to 16: wave#0#30#0
[info] send message to 17: wave#0#30#0
[info] message from 17: wave#0#13#0
[info] message from 16: wave#0#17#0
[info] message from 15: wave#0#33#0
[info] send message to 16: wave#0#33#0
[info] send message to 17: wave#0#33#0
[info] message from 17: wave#0#26#0
[info] message from 16: wave#0#30#0
[info] message from 15: wave#0#34#0
[info] send message to 16: wave#0#34#0
[info] send message to 17: wave#0#34#0
[info] message from 16: wave#0#33#0
[info] message from 16: wave#0#34#0
[info] message from 15: wave#0#40#0
[info] send message to 16: wave#0#40#0
[info] send message to 17: wave#0#40#0
[info] message from 16: wave#0#40#0
[info] message from 15: wave#1#9#0
[info] send message to 16: wave#1#9#0
[info] send message to 17: wave#1#9#0
[info] message from 16: wave#1#9#0
[info] message from 17: wave#1#9#24
[info] after round 1 : parent is ['15'] and leader id is 9
[info] send message to 15: wave#1#9#25
[info] message from 15: exit
[info] send message to 17: exit
