[info] Hello from node30
[info] I'm connected to nodes ['29', '30', '31']
[info] I have edges [('30', '29'), ('30', '30'), ('30', '31')]
[info] -- round 0 started!
[info] -- new id 3 selected!
[info] send message to 29: wave#0#3#0
[info] send message to 30: wave#0#3#0
[info] send message to 31: wave#0#3#0
[info] message from 31: wave#0#31#0
[info] send message to 29: wave#0#31#0
[info] send message to 30: wave#0#31#0
[info] message from 29: wave#0#6#0
[info] message from 30: wave#0#3#0
[info] message from 31: wave#0#38#0
[info] send message to 29: wave#0#38#0
[info] send message to 30: wave#0#38#0
[info] message from 29: wave#0#8#0
[info] message from 30: wave#0#31#0
[info] message from 29: wave#0#28#0
[info] message from 30: wave#0#38#0
[info] message from 29: wave#0#32#0
[info] message from 29: wave#0#40#0
[info] send message to 30: wave#0#40#0
[info] send message to 31: wave#0#40#0
[info] message from 30: wave#0#40#0
[info] message from 29: wave#1#9#0
[info] send message to 30: wave#1#9#0
[info] send message to 31: wave#1#9#0
[info] message from 30: wave#1#9#0
[info] message from 31: wave#1#9#10
[info] after round 1 : parent is ['29'] and leader id is 9
[info] send message to 29: wave#1#9#11
[info] message from 29: exit
[info] send message to 31: exit
