[info] Hello from node8
[info] I'm connected to nodes ['7', '8', '9']
[info] I have edges [('8', '7'), ('8', '8'), ('8', '9')]
[info] -- round 0 started!
[info] -- new id 4 selected!
[info] send message to 7: wave#0#4#0
[info] send message to 8: wave#0#4#0
[info] send message to 9: wave#0#4#0
[info] message from 9: wave#0#40#0
[info] send message to 7: wave#0#40#0
[info] send message to 8: wave#0#40#0
[info] message from 8: wave#0#4#0
[info] message from 7: wave#0#18#0
[info] message from 8: wave#0#40#0
[info] message from 7: wave#0#40#0
[info] after round 0 : parent is ['9'] and leader id is 40
[info] send message to 9: wave#0#40#1
[info] message from 7: wave#1#9#0
[info] send message to 8: wave#1#9#0
[info] send message to 9: wave#1#9#0
[info] message from 8: wave#1#9#0
[info] message from 9: wave#1#9#32
[info] after round 1 : parent is ['7'] and leader id is 9
[info] send message to 7: wave#1#9#33
[info] message from 7: exit
[info] send message to 9: exit
