[info] Hello from node27
[info] I'm connected to nodes ['26', '27', '28']
[info] I have edges [('27', '26'), ('27', '27'), ('27', '28')]
[info] -- round 0 started!
[info] -- new id 28 selected!
[info] send message to 26: wave#0#28#0
[info] send message to 27: wave#0#28#0
[info] send message to 28: wave#0#28#0
[info] message from 28: wave#0#8#0
[info] message from 27: wave#0#28#0
[info] message from 26: wave#0#32#0
[info] send message to 27: wave#0#32#0
[info] send message to 28: wave#0#32#0
[info] message from 27: wave#0#32#0
[info] message from 28: wave#0#38#0
[info] send message to 26: wave#0#38#0
[info] send message to 27: wave#0#38#0
[info] message from 27: wave#0#38#0
[info] message from 26: wave#0#40#0
[info] send message to 27: wave#0#40#0
[info] send message to 28: wave#0#40#0
[info] message from 27: wave#0#40#0
[info] message from 26: wave#1#9#0
[info] send message to 27: wave#1#9#0
[info] send message to 28: wave#1#9#0
[info] message from 27: wave#1#9#0
[info] message from 28: wave#1#9#13
[info] after round 1 : parent is ['26'] and leader id is 9
[info] send message to 26: wave#1#9#14
[info] message from 26: exit
[info] send message to 28: exit
