[info] Hello from node19
[info] I'm connected to nodes ['18', '19', '20']
[info] I have edges [('19', '18'), ('19', '19'), ('19', '20')]
[info] -- round 0 started!
[info] -- new id 9 selected!
[info] send message to 18: wave#0#9#0
[info] send message to 19: wave#0#9#0
[info] send message to 20: wave#0#9#0
[info] message from 18: wave#0#13#0
[info] send message to 19: wave#0#13#0
[info] send message to 20: wave#0#13#0
[info] message from 19: wave#0#9#0
[info] message from 19: wave#0#13#0
[info] message from 20: wave#0#26#0
[info] send message to 18: wave#0#26#0
[info] send message to 19: wave#0#26#0
[info] message from 19: wave#0#26#0
[info] message from 18: wave#0#30#0
[info] send message to 19: wave#0#30#0
[info] send message to 20: wave#0#30#0
[info] message from 19: wave#0#30#0
[info] message from 18: wave#0#33#0
[info] send message to 19: wave#0#33#0
[info] send message to 20: wave#0#33#0
[info] message from 19: wave#0#33#0
[info] message from 18: wave#0#34#0
[info] send message to 19: wave#0#34#0
[info] send message to 20: wave#0#34#0
[info] message from 19: wave#0#34#0
[info] message from 18: wave#0#40#0
[info] send message to 19: wave#0#40#0
[info] send message to 20: wave#0#40#0
[info] message from 19: wave#0#40#0
[info] message from 18: wave#1#9#0
[info] send message to 19: wave#1#9#0
[info] send message to 20: wave#1#9#0
[info] message from 19: wave#1#9#0
[info] message from 20: wave#1#9#21
[info] after round 1 : parent is ['18'] and leader id is 9
[info] send message to 18: wave#1#9#22
[info] message from 18: exit
[info] send message to 20: exit
