[info] Hello from node24
[info] I'm connected to nodes ['23', '24', '25']
[info] I have edges [('24', '23'), ('24', '24'), ('24', '25')]
[info] -- round 0 started!
[info] -- new id 5 selected!
[info] send message to 23: wave#0#5#0
[info] send message to 24: wave#0#5#0
[info] send message to 25: wave#0#5#0
[info] message from 25: wave#0#25#0
[info] send message to 23: wave#0#25#0
[info] send message to 24: wave#0#25#0
[info] message from 23: wave#0#17#0
[info] message from 24: wave#0#5#0
[info] message from 25: wave#0#32#0
[info] send message to 23: wave#0#32#0
[info] send message to 24: wave#0#32#0
[info] message from 24: wave#0#25#0
[info] message from 24: wave#0#32#0
[info] message from 25: wave#0#38#0
[info] send message to 23: wave#0#38#0
[info] send message to 24: wave#0#38#0
[info] message from 24: wave#0#38#0
[info] message from 23: wave#0#33#0
[info] message from 23: wave#0#40#0
[info] send message to 24: wave#0#40#0
[info] send message to 25: wave#0#40#0
[info] message from 24: wave#0#40#0
[info] message from 23: wave#1#9#0
[info] send message to 24: wave#1#9#0
[info] send message to 25: wave#1#9#0
[info] message from 24: wave#1#9#0
[info] message from 25: wave#1#9#16
[info] after round 1 : parent is ['23'] and leader id is 9
[info] send message to 23: wave#1#9#17
[info] message from 23: exit
[info] send message to 25: exit
