[info] Hello from node13
[info] I'm connected to nodes ['12', '13', '14']
[info] I have edges [('13', '12'), ('13', '13'), ('13', '14')]
[info] -- round 0 started!
[info] -- new id 7 selected!
[info] send message to 12: wave#0#7#0
[info] send message to 13: wave#0#7#0
[info] send message to 14: wave#0#7#0
[info] message from 13: wave#0#7#0
[info] message from 12: wave#0#1#0
[info] message from 12: wave#0#6#0
[info] message from 14: wave#0#9#0
[info] send message to 12: wave#0#9#0
[info] send message to 13: wave#0#9#0
[info] message from 13: wave#0#9#0
[info] message from 14: wave#0#19#0
[info] send message to 12: wave#0#19#0
[info] send message to 13: wave#0#19#0
[info] message from 13: wave#0#19#0
[info] message from 12: wave#0#22#0
[info] send message to 13: wave#0#22#0
[info] send message to 14: wave#0#22#0
[info] message from 13: wave#0#22#0
[info] message from 12: wave#0#25#0
[info] send message to 13: wave#0#25#0
[info] send message to 14: wave#0#25#0
[info] message from 13: wave#0#25#0
[info] message from 14: wave#0#25#3
[info] after round 0 : parent is ['12'] and leader id is 25
[info] send message to 12: wave#0#25#4
[info] message from 14: wave#1#9#0
[info] send message to 12: wave#1#9#0
[info] send message to 13: wave#1#9#0
[info] message from 13: wave#1#9#0
[info] message from 14: wave#1#22#0
[info] send message to 12: wave#1#22#0
[info] send message to 13: wave#1#22#0
[info] message from 12: wave#1#22#0
[info] message from 13: wave#1#22#0
[info] after round 1 : parent is ['14'] and leader id is 22
[info] send message to 14: wave#1#22#1
[info] message from 12: exit
[info] send message to 14: exit
