[info] Hello from node21
[info] I'm connected to nodes ['20', '21', '22']
[info] I have edges [('21', '20'), ('21', '21'), ('21', '22')]
[info] -- round 0 started!
[info] -- new id 20 selected!
[info] send message to 20: wave#0#20#0
[info] send message to 21: wave#0#20#0
[info] send message to 22: wave#0#20#0
[info] message from 20: wave#0#21#0
[info] send message to 21: wave#0#21#0
[info] send message to 22: wave#0#21#0
[info] message from 22: wave#0#11#0
[info] message from 21: wave#0#20#0
[info] message from 21: wave#0#21#0
[info] message from 22: wave#0#25#0
[info] send message to 20: wave#0#25#0
[info] send message to 21: wave#0#25#0
[info] message from 21: wave#0#25#0
[info] message from 20: wave#0#25#4
[info] after round 0 : parent is ['22'] and leader id is 25
[info] send message to 22: wave#0#25#5
[info] message from 22: wave#1#9#0
[info] send message to 20: wave#1#9#0
[info] send message to 21: wave#1#9#0
[info] message from 21: wave#1#9#0
[info] message from 22: wave#1#22#0
[info] send message to 20: wave#1#22#0
[info] send message to 21: wave#1#22#0
[info] message from 21: wave#1#22#0
[info] message from 20: wave#1#22#8
[info] after round 1 : parent is ['22'] and leader id is 22
[info] send message to 22: wave#1#22#9
[info] message from 22: exit
[info] send message to 20: exit
