[info] Hello from node25
[info] I'm connected to nodes ['1', '24', '25']
[info] I have edges [('25', '1'), ('25', '24'), ('25', '25')]
[info] -- round 0 started!
[info] -- new id 25 selected!
[info] send message to 1: wave#0#25#0
[info] send message to 24: wave#0#25#0
[info] send message to 25: wave#0#25#0
[info] message from 1: wave#0#18#0
[info] message from 1: wave#0#22#0
[info] message from 1: wave#0#25#0
[info] message from 25: wave#0#25#0
[info] message from 24: wave#0#18#0
[info] message from 24: wave#0#25#8
[info] after round 0 : parent is [] and leader id is 25
[info] -- round 1 started!
[info] -- new id 9 selected!
[info] send message to 1: wave#1#9#0
[info] send message to 24: wave#1#9#0
[info] send message to 25: wave#1#9#0
[info] message from 25: wave#1#9#0
[info] message from 1: wave#1#22#0
[info] send message to 24: wave#1#22#0
[info] send message to 25: wave#1#22#0
[info] message from 25: wave#1#22#0
[info] message from 24: wave#1#22#12
[info] after round 1 : parent is ['1'] and leader id is 22
[info] send message to 1: wave#1#22#13
[info] message from 1: exit
[info] send message to 24: exit
