[info] Hello from node18
[info] I'm connected to nodes ['17', '18', '19']
[info] I have edges [('18', '17'), ('18', '18'), ('18', '19')]
[info] -- round 0 started!
[info] -- new id 12 selected!
[info] send message to 17: wave#0#12#0
[info] send message to 18: wave#0#12#0
[info] send message to 19: wave#0#12#0
[info] message from 18: wave#0#12#0
[info] message from 19: wave#0#1#0
[info] message from 19: wave#0#21#0
[info] send message to 17: wave#0#21#0
[info] send message to 18: wave#0#21#0
[info] message from 18: wave#0#21#0
[info] message from 17: wave#0#5#0
[info] message from 19: wave#0#25#0
[info] send message to 17: wave#0#25#0
[info] send message to 18: wave#0#25#0
[info] message from 18: wave#0#25#0
[info] message from 17: wave#0#22#0
[info] message from 17: wave#0#25#1
[info] after round 0 : parent is ['19'] and leader id is 25
[info] send message to 19: wave#0#25#2
[info] message from 19: wave#1#9#0
[info] send message to 17: wave#1#9#0
[info] send message to 18: wave#1#9#0
[info] message from 18: wave#1#9#0
[info] message from 19: wave#1#22#0
[info] send message to 17: wave#1#22#0
[info] send message to 18: wave#1#22#0
[info] message from 18: wave#1#22#0
[info] message from 17: wave#1#22#5
[info] after round 1 : parent is ['19'] and leader id is 22
[info] send message to 19: wave#1#22#6
[info] message from 17: exit
[info] send message to 19: exit
