[info] Hello from node10
[info] I'm connected to nodes ['9', '10', '11']
[info] I have edges [('10', '9'), ('10', '10'), ('10', '11')]
[info] -- round 0 started!
[info] -- new id 4 selected!
[info] send message to 9: wave#0#4#0
[info] send message to 10: wave#0#4#0
[info] send message to 11: wave#0#4#0
[info] message from 11: wave#0#6#0
[info] send message to 9: wave#0#6#0
[info] send message to 10: wave#0#6#0
[info] message from 11: wave#0#7#0
[info] send message to 9: wave#0#7#0
[info] send message to 10: wave#0#7#0
[info] message from 11: wave#0#9#0
[info] send message to 9: wave#0#9#0
[info] send message to 10: wave#0#9#0
[info] message from 9: wave#0#4#0
[info] message from 10: wave#0#4#0
[info] message from 10: wave#0#6#0
[info] message from 9: wave#0#22#0
[info] send message to 10: wave#0#22#0
[info] send message to 11: wave#0#22#0
[info] message from 10: wave#0#7#0
[info] message from 10: wave#0#9#0
[info] message from 10: wave#0#22#0
[info] message from 11: wave#0#19#0
[info] message from 9: wave#0#25#0
[info] send message to 10: wave#0#25#0
[info] send message to 11: wave#0#25#0
[info] message from 10: wave#0#25#0
[info] message from 11: wave#0#25#6
[info] after round 0 : parent is ['9'] and leader id is 25
[info] send message to 9: wave#0#25#7
[info] message from 9: wave#1#22#0
[info] send message to 10: wave#1#22#0
[info] send message to 11: wave#1#22#0
[info] message from 10: wave#1#22#0
[info] message from 11: wave#1#9#0
[info] message from 11: wave#1#22#2
[info] after round 1 : parent is ['9'] and leader id is 22
[info] send message to 9: wave#1#22#3
[info] message from 9: exit
[info] send message to 11: exit
