[info] Hello from node24
[info] I'm connected to nodes ['23', '24', '25']
[info] I have edges [('24', '23'), ('24', '24'), ('24', '25')]
[info] -- round 0 started!
[info] -- new id 18 selected!
[info] send message to 23: wave#0#18#0
[info] send message to 24: wave#0#18#0
[info] send message to 25: wave#0#18#0
[info] message from 23: wave#0#9#0
[info] message from 25: wave#0#25#0
[info] send message to 23: wave#0#25#0
[info] send message to 24: wave#0#25#0
[info] message from 23: wave#0#11#0
[info] message from 23: wave#0#20#0
[info] message from 24: wave#0#18#0
[info] message from 23: wave#0#21#0
[info] message from 24: wave#0#25#0
[info] message from 23: wave#0#25#7
[info] after round 0 : parent is ['25'] and leader id is 25
[info] send message to 25: wave#0#25#8
[info] message from 25: wave#1#9#0
[info] send message to 23: wave#1#9#0
[info] send message to 24: wave#1#9#0
[info] message from 24: wave#1#9#0
[info] message from 25: wave#1#22#0
[info] send message to 23: wave#1#22#0
[info] send message to 24: wave#1#22#0
[info] message from 24: wave#1#22#0
[info] message from 23: wave#1#22#11
[info] after round 1 : parent is ['25'] and leader id is 22
[info] send message to 25: wave#1#22#12
[info] message from 25: exit
[info] send message to 23: exit
