[info] Hello from node19
[info] I'm connected to nodes ['18', '19', '20']
[info] I have edges [('19', '18'), ('19', '19'), ('19', '20')]
[info] -- round 0 started!
[info] -- new id 1 selected!
[info] send message to 18: wave#0#1#0
[info] send message to 19: wave#0#1#0
[info] send message to 20: wave#0#1#0
[info] message from 20: wave#0#21#0
[info] send message to 18: wave#0#21#0
[info] send message to 19: wave#0#21#0
[info] message from 18: wave#0#12#0
[info] message from 19: wave#0#1#0
[info] message from 19: wave#0#21#0
[info] message from 20: wave#0#25#0
[info] send message to 18: wave#0#25#0
[info] send message to 19: wave#0#25#0
[info] message from 19: wave#0#25#0
[info] message from 18: wave#0#25#2
[info] after round 0 : parent is ['20'] and leader id is 25
[info] send message to 20: wave#0#25#3
[info] message from 20: wave#1#9#0
[info] send message to 18: wave#1#9#0
[info] send message to 19: wave#1#9#0
[info] message from 19: wave#1#9#0
[info] message from 20: wave#1#22#0
[info] send message to 18: wave#1#22#0
[info] send message to 19: wave#1#22#0
[info] message from 19: wave#1#22#0
[info] message from 18: wave#1#22#6
[info] after round 1 : parent is ['20'] and leader id is 22
[info] send message to 20: wave#1#22#7
[info] message from 20: exit
[info] send message to 18: exit
