[info] Hello from node16
[info] I'm connected to nodes ['15', '16', '17']
[info] I have edges [('16', '15'), ('16', '16'), ('16', '17')]
[info] -- round 0 started!
[info] -- new id 11 selected!
[info] send message to 15: wave#0#11#0
[info] send message to 16: wave#0#11#0
[info] send message to 17: wave#0#11#0
[info] message from 16: wave#0#11#0
[info] message from 15: wave#0#19#0
[info] send message to 16: wave#0#19#0
[info] send message to 17: wave#0#19#0
[info] message from 17: wave#0#5#0
[info] message from 16: wave#0#19#0
[info] message from 17: wave#0#12#0
[info] message from 17: wave#0#21#0
[info] send message to 15: wave#0#21#0
[info] send message to 16: wave#0#21#0
[info] message from 15: wave#0#22#0
[info] send message to 16: wave#0#22#0
[info] send message to 17: wave#0#22#0
[info] message from 16: wave#0#21#0
[info] message from 16: wave#0#22#0
[info] message from 15: wave#0#25#0
[info] send message to 16: wave#0#25#0
[info] send message to 17: wave#0#25#0
[info] message from 16: wave#0#25#0
[info] message from 17: wave#0#25#0
[info] after round 0 : parent is ['15'] and leader id is 25
[info] send message to 15: wave#0#25#1
[info] message from 17: wave#1#9#0
[info] send message to 15: wave#1#9#0
[info] send message to 16: wave#1#9#0
[info] message from 16: wave#1#9#0
[info] message from 17: wave#1#22#0
[info] send message to 15: wave#1#22#0
[info] send message to 16: wave#1#22#0
[info] message from 16: wave#1#22#0
[info] message from 15: wave#1#22#3
[info] after round 1 : parent is ['17'] and leader id is 22
[info] send message to 17: wave#1#22#4
[info] message from 15: exit
[info] send message to 17: exit
