[info] Hello from node2
[info] I'm connected to nodes ['1', '2', '3']
[info] I have edges [('2', '1'), ('2', '2'), ('2', '3')]
[info] -- round 0 started!
[info] -- new id 10 selected!
[info] send message to 1: wave#0#10#0
[info] send message to 2: wave#0#10#0
[info] send message to 3: wave#0#10#0
[info] message from 1: wave#0#8#0
[info] message from 2: wave#0#10#0
[info] message from 3: wave#0#15#0
[info] send message to 1: wave#0#15#0
[info] send message to 2: wave#0#15#0
[info] message from 2: wave#0#15#0
[info] message from 1: wave#0#15#5
[info] after round 0 : parent is ['3'] and leader id is 15
[info] send message to 3: wave#0#15#6
[info] message from 3: wave#1#6#0
[info] send message to 1: wave#1#6#0
[info] send message to 2: wave#1#6#0
[info] message from 2: wave#1#6#0
[info] message from 3: wave#1#12#0
[info] send message to 1: wave#1#12#0
[info] send message to 2: wave#1#12#0
[info] message from 2: wave#1#12#0
[info] message from 1: wave#1#12#3
[info] after round 1 : parent is ['3'] and leader id is 12
[info] send message to 3: wave#1#12#4
[info] message from 3: exit
[info] send message to 1: exit
