[info] Hello from node15
[info] I'm connected to nodes ['1', '14', '15']
[info] I have edges [('15', '1'), ('15', '14'), ('15', '15')]
[info] -- round 0 started!
[info] -- new id 1 selected!
[info] send message to 1: wave#0#1#0
[info] send message to 14: wave#0#1#0
[info] send message to 15: wave#0#1#0
[info] message from 1: wave#0#8#0
[info] send message to 14: wave#0#8#0
[info] send message to 15: wave#0#8#0
[info] message from 1: wave#0#10#0
[info] send message to 14: wave#0#10#0
[info] send message to 15: wave#0#10#0
[info] message from 14: wave#0#8#0
[info] message from 1: wave#0#15#0
[info] send message to 14: wave#0#15#0
[info] send message to 15: wave#0#15#0
[info] message from 15: wave#0#1#0
[info] message from 14: wave#0#13#0
[info] message from 15: wave#0#8#0
[info] message from 14: wave#0#14#0
[info] message from 15: wave#0#10#0
[info] message from 15: wave#0#15#0
[info] message from 14: wave#0#15#3
[info] after round 0 : parent is ['1'] and leader id is 15
[info] send message to 1: wave#0#15#4
[info] message from 1: wave#1#6#0
[info] send message to 14: wave#1#6#0
[info] send message to 15: wave#1#6#0
[info] message from 15: wave#1#6#0
[info] message from 1: wave#1#12#0
[info] send message to 14: wave#1#12#0
[info] send message to 15: wave#1#12#0
[info] message from 15: wave#1#12#0
[info] message from 14: wave#1#12#1
[info] after round 1 : parent is ['1'] and leader id is 12
[info] send message to 1: wave#1#12#2
[info] message from 1: exit
[info] send message to 14: exit
