[info] Hello from node3
[info] I'm connected to nodes ['2', '3', '4']
[info] I have edges [('3', '2'), ('3', '3'), ('3', '4')]
[info] -- round 0 started!
[info] -- new id 15 selected!
[info] send message to 2: wave#0#15#0
[info] send message to 3: wave#0#15#0
[info] send message to 4: wave#0#15#0
[info] message from 2: wave#0#10#0
[info] message from 4: wave#0#6#0
[info] message from 3: wave#0#15#0
[info] message from 4: wave#0#15#1
[info] message from 2: wave#0#15#6
[info] after round 0 : parent is [] and leader id is 15
[info] -- round 1 started!
[info] -- new id 6 selected!
[info] send message to 2: wave#1#6#0
[info] send message to 3: wave#1#6#0
[info] send message to 4: wave#1#6#0
[info] message from 4: wave#1#12#0
[info] send message to 2: wave#1#12#0
[info] send message to 3: wave#1#12#0
[info] message from 3: wave#1#6#0
[info] message from 3: wave#1#12#0
[info] message from 2: wave#1#12#4
[info] after round 1 : parent is ['4'] and leader id is 12
[info] send message to 4: wave#1#12#5
[info] message from 4: exit
[info] send message to 2: exit
