[info] Hello from node8
[info] I'm connected to nodes ['7', '8', '9']
[info] I have edges [('8', '7'), ('8', '8'), ('8', '9')]
[info] -- round 0 started!
[info] -- new id 15 selected!
[info] send message to 7: wave#0#15#0
[info] send message to 8: wave#0#15#0
[info] send message to 9: wave#0#15#0
[info] message from 7: wave#0#5#0
[info] message from 8: wave#0#15#0
[info] message from 9: wave#0#11#0
[info] message from 7: wave#0#15#3
[info] message from 7: wave#0#15#6
[info] message from 7: wave#0#15#10
[info] message from 9: wave#0#15#3
[info] after round 0 : parent is [] and leader id is 15
[info] -- round 1 started!
[info] -- new id 12 selected!
[info] send message to 7: wave#1#12#0
[info] send message to 8: wave#1#12#0
[info] send message to 9: wave#1#12#0
[info] message from 8: wave#1#12#0
[info] message from 9: wave#1#12#5
[info] message from 7: wave#1#12#9
[info] after round 1 : parent is [] and leader id is 12
[info] send message to 7: exit
[info] send message to 9: exit
