[info] Hello from node24
[info] I'm connected to nodes ['1', '2', '3', '4', '5', '6', '7', '8', '9', '10', '11', '12', '13', '14', '15', '16', '17', '18', '19', '20', '21', '22', '23', '24', '25', '26', '27', '28', '29', '30', '31', '32', '33', '34', '35', '36', '37', '38', '39', '40', '41', '42', '43', '44', '45']
[info] I have edges [('24', '1'), ('24', '2'), ('24', '3'), ('24', '4'), ('24', '5'), ('24', '6'), ('24', '7'), ('24', '8'), ('24', '9'), ('24', '10'), ('24', '11'), ('24', '12'), ('24', '13'), ('24', '14'), ('24', '15'), ('24', '16'), ('24', '17'), ('24', '18'), ('24', '19'), ('24', '20'), ('24', '21'), ('24', '22'), ('24', '23'), ('24', '24'), ('24', '25'), ('24', '26'), ('24', '27'), ('24', '28'), ('24', '29'), ('24', '30'), ('24', '31'), ('24', '32'), ('24', '33'), ('24', '34'), ('24', '35'), ('24', '36'), ('24', '37'), ('24', '38'), ('24', '39'), ('24', '40'), ('24', '41'), ('24', '42'), ('24', '43'), ('24', '44'), ('24', '45')]
[info] first phase started!
[info] rejected!
[info] waiting for CRQ messages!
[info] message from 10: CRQ#10#3#0
[info] send message to 10: vote#1
[info] message from 4: CRQ#4#3#0
[info] I have voted before!
[info] send message to 4: vote#0
[info] message from 16: CRQ#16#3#0
[info] I have voted before!
[info] send message to 16: vote#0
[info] message from 14: CRQ#14#3#0
[info] I have voted before!
[info] send message to 14: vote#0
[info] message from 18: CRQ#18#3#0
[info] I have voted before!
[info] send message to 18: vote#0
[info] message from 8: CRQ#8#3#0
[info] I have voted before!
[info] send message to 8: vote#0
[info] message from 2: CRQ#2#3#0
[info] I have voted before!
[info] send message to 2: vote#0
[info] message from 12: CRQ#12#3#0
[info] I have voted before!
[info] send message to 12: vote#0
[info] message from 22: CRQ#22#3#0
[info] I have voted before!
[info] send message to 22: vote#0
[info] message from 5: CRQ#5#3#0
[info] I have voted before!
[info] send message to 5: vote#0
[info] message from 17: CRQ#17#3#0
[info] I have voted before!
[info] send message to 17: vote#0
[info] message from 21: CRQ#21#3#0
[info] I have voted before!
[info] send message to 21: vote#0
[info] message from 13: CRQ#13#3#0
[info] I have voted before!
[info] send message to 13: vote#0
[info] message from 15: CRQ#15#3#0
[info] I have voted before!
[info] send message to 15: vote#0
[info] message from 29: CRQ#29#3#0
[info] I have voted before!
[info] send message to 29: vote#0
[info] message from 37: CRQ#37#3#0
[info] I have voted before!
[info] send message to 37: vote#0
[info] message from 4: CAM#4
[info] third phase started!
