[info] Hello from node26
[info] I'm connected to nodes ['1', '2', '3', '4', '5', '6', '7', '8', '9', '10', '11', '12', '13', '14', '15', '16', '17', '18', '19', '20', '21', '22', '23', '24', '25', '26', '27', '28', '29', '30', '31', '32', '33', '34', '35', '36', '37', '38', '39', '40', '41', '42', '43', '44', '45']
[info] I have edges [('26', '1'), ('26', '2'), ('26', '3'), ('26', '4'), ('26', '5'), ('26', '6'), ('26', '7'), ('26', '8'), ('26', '9'), ('26', '10'), ('26', '11'), ('26', '12'), ('26', '13'), ('26', '14'), ('26', '15'), ('26', '16'), ('26', '17'), ('26', '18'), ('26', '19'), ('26', '20'), ('26', '21'), ('26', '22'), ('26', '23'), ('26', '24'), ('26', '25'), ('26', '26'), ('26', '27'), ('26', '28'), ('26', '29'), ('26', '30'), ('26', '31'), ('26', '32'), ('26', '33'), ('26', '34'), ('26', '35'), ('26', '36'), ('26', '37'), ('26', '38'), ('26', '39'), ('26', '40'), ('26', '41'), ('26', '42'), ('26', '43'), ('26', '44'), ('26', '45')]
[info] first phase started!
[info] rejected!
[info] waiting for CRQ messages!
[info] message from 10: CRQ#10#3#0
[info] send message to 10: vote#1
[info] message from 4: CRQ#4#3#0
[info] I have voted before!
[info] send message to 4: vote#0
[info] message from 16: CRQ#16#3#0
[info] I have voted before!
[info] send message to 16: vote#0
[info] message from 14: CRQ#14#3#0
[info] I have voted before!
[info] send message to 14: vote#0
[info] message from 18: CRQ#18#3#0
[info] I have voted before!
[info] send message to 18: vote#0
[info] message from 2: CRQ#2#3#0
[info] I have voted before!
[info] send message to 2: vote#0
[info] message from 8: CRQ#8#3#0
[info] I have voted before!
[info] send message to 8: vote#0
[info] message from 12: CRQ#12#3#0
[info] I have voted before!
[info] send message to 12: vote#0
[info] message from 22: CRQ#22#3#0
[info] I have voted before!
[info] send message to 22: vote#0
[info] message from 5: CRQ#5#3#0
[info] I have voted before!
[info] send message to 5: vote#0
[info] message from 17: CRQ#17#3#0
[info] I have voted before!
[info] send message to 17: vote#0
[info] message from 21: CRQ#21#3#0
[info] I have voted before!
[info] send message to 21: vote#0
[info] message from 13: CRQ#13#3#0
[info] I have voted before!
[info] send message to 13: vote#0
[info] message from 15: CRQ#15#3#0
[info] I have voted before!
[info] send message to 15: vote#0
[info] message from 29: CRQ#29#3#0
[info] I have voted before!
[info] send message to 29: vote#0
[info] message from 37: CRQ#37#3#0
[info] I have voted before!
[info] send message to 37: vote#0
[info] message from 4: CAM#4
[info] third phase started!
