[info] Hello from node5
[info] I'm connected to nodes ['1', '2', '3', '4', '5', '6', '7', '8', '9', '10', '11', '12', '13', '14', '15', '16', '17', '18', '19', '20', '21', '22', '23', '24', '25', '26', '27', '28', '29', '30', '31', '32', '33', '34', '35', '36', '37', '38', '39', '40', '41', '42', '43', '44', '45']
[info] I have edges [('5', '1'), ('5', '2'), ('5', '3'), ('5', '4'), ('5', '5'), ('5', '6'), ('5', '7'), ('5', '8'), ('5', '9'), ('5', '10'), ('5', '11'), ('5', '12'), ('5', '13'), ('5', '14'), ('5', '15'), ('5', '16'), ('5', '17'), ('5', '18'), ('5', '19'), ('5', '20'), ('5', '21'), ('5', '22'), ('5', '23'), ('5', '24'), ('5', '25'), ('5', '26'), ('5', '27'), ('5', '28'), ('5', '29'), ('5', '30'), ('5', '31'), ('5', '32'), ('5', '33'), ('5', '34'), ('5', '35'), ('5', '36'), ('5', '37'), ('5', '38'), ('5', '39'), ('5', '40'), ('5', '41'), ('5', '42'), ('5', '43'), ('5', '44'), ('5', '45')]
[info] first phase started!
[info] successfully filtered!
[info] second phase started!
[info] send message to 1: CRQ#5#3#0
[info] send message to 2: CRQ#5#3#0
[info] send message to 3: CRQ#5#3#0
[info] send message to 4: CRQ#5#3#0
[info] send message to 5: CRQ#5#3#0
[info] send message to 6: CRQ#5#3#0
[info] send message to 7: CRQ#5#3#0
[info] send message to 8: CRQ#5#3#0
[info] send message to 9: CRQ#5#3#0
[info] send message to 10: CRQ#5#3#0
[info] send message to 11: CRQ#5#3#0
[info] send message to 12: CRQ#5#3#0
[info] send message to 13: CRQ#5#3#0
[info] send message to 14: CRQ#5#3#0
[info] send message to 15: CRQ#5#3#0
[info] send message to 16: CRQ#5#3#0
[info] send message to 17: CRQ#5#3#0
[info] send message to 18: CRQ#5#3#0
[info] send message to 19: CRQ#5#3#0
[info] send message to 20: CRQ#5#3#0
[info] send message to 21: CRQ#5#3#0
[info] send message to 22: CRQ#5#3#0
[info] send message to 23: CRQ#5#3#0
[info] send message to 24: CRQ#5#3#0
[info] send message to 25: CRQ#5#3#0
[info] send message to 26: CRQ#5#3#0
[info] send message to 27: CRQ#5#3#0
[info] send message to 28: CRQ#5#3#0
[info] send message to 29: CRQ#5#3#0
[info] send message to 30: CRQ#5#3#0
[info] send message to 31: CRQ#5#3#0
[info] send message to 32: CRQ#5#3#0
[info] send message to 33: CRQ#5#3#0
[info] send message to 34: CRQ#5#3#0
[info] send message to 35: CRQ#5#3#0
[info] send message to 36: CRQ#5#3#0
[info] send message to 37: CRQ#5#3#0
[info] send message to 38: CRQ#5#3#0
[info] send message to 39: CRQ#5#3#0
[info] send message to 40: CRQ#5#3#0
[info] send message to 41: CRQ#5#3#0
[info] send message to 42: CRQ#5#3#0
[info] send message to 43: CRQ#5#3#0
[info] send message to 44: CRQ#5#3#0
[info] send message to 45: CRQ#5#3#0
[info] message from 4: CRQ#4#3#0
[info] send message to 4: vote#0
[info] message from 10: CRQ#10#3#0
[info] send message to 10: vote#0
[info] message from 16: CRQ#16#3#0
[info] send message to 16: vote#0
[info] message from 14: CRQ#14#3#0
[info] send message to 14: vote#0
[info] message from 18: CRQ#18#3#0
[info] send message to 18: vote#0
[info] message from 2: CRQ#2#3#0
[info] send message to 2: vote#0
[info] message from 22: CRQ#22#3#0
[info] send message to 22: vote#0
[info] message from 3: vote#0
[info] message from 5: CRQ#5#3#0
[info] I vote myself
[info] send message to 5: vote#1
[info] message from 8: CRQ#8#3#0
[info] I have voted before!
[info] send message to 8: vote#0
[info] message from 17: CRQ#17#3#0
[info] I have voted before!
[info] send message to 17: vote#0
[info] message from 12: CRQ#12#3#0
[info] I have voted before!
[info] send message to 12: vote#0
[info] message from 6: vote#0
[info] message from 1: vote#0
[info] message from 13: CRQ#13#3#0
[info] I have voted before!
[info] send message to 13: vote#0
[info] message from 7: vote#0
[info] message from 21: CRQ#21#3#0
[info] I have voted before!
[info] send message to 21: vote#0
[info] message from 9: vote#0
[info] message from 11: vote#0
[info] message from 15: CRQ#15#3#0
[info] I have voted before!
[info] send message to 15: vote#0
[info] message from 20: vote#0
[info] message from 29: CRQ#29#3#0
[info] I have voted before!
[info] send message to 29: vote#0
[info] message from 23: vote#0
[info] message from 26: vote#0
[info] message from 28: vote#0
[info] message from 27: vote#0
[info] message from 19: vote#0
[info] message from 30: vote#0
[info] message from 24: vote#0
[info] message from 31: vote#0
[info] message from 25: vote#0
[info] message from 32: vote#0
[info] message from 37: CRQ#37#3#0
[info] I have voted before!
[info] send message to 37: vote#0
[info] message from 34: vote#0
[info] message from 35: vote#0
[info] message from 4: vote#0
[info] message from 10: vote#0
[info] message from 36: vote#0
[info] message from 39: vote#0
[info] message from 38: vote#0
[info] message from 40: vote#0
[info] message from 16: vote#0
[info] message from 33: vote#0
[info] message from 43: vote#0
[info] message from 42: vote#0
[info] message from 41: vote#0
[info] message from 18: vote#0
[info] message from 45: vote#0
[info] message from 14: vote#0
[info] message from 8: vote#0
[info] message from 44: vote#0
[info] message from 2: vote#0
[info] message from 21: vote#0
[info] message from 12: vote#0
[info] message from 22: vote#0
[info] message from 5: vote#1
[info] message from 17: vote#0
[info] message from 13: vote#0
[info] message from 15: vote#0
[info] message from 29: vote#0
[info] message from 4: CHANGE#26
[info] send message to 4: ACK
[info] message from 10: CHANGE#5
[info] send message to 10: ACK
[info] message from 16: CHANGE#1
[info] send message to 16: ACK
[info] message from 18: CHANGE#1
[info] send message to 18: ACK
[info] message from 14: CHANGE#1
[info] send message to 14: ACK
[info] message from 8: CHANGE#1
[info] send message to 8: ACK
[info] message from 2: CHANGE#1
[info] I am have better chance of being a leader!
[info] message from 22: CHANGE#1
[info] send message to 22: ACK
[info] message from 17: CHANGE#1
[info] send message to 17: ACK
[info] message from 37: vote#0
[info] send message to 2: CHANGE#1
[info] send message to 4: CHANGE#1
[info] send message to 8: CHANGE#1
[info] send message to 10: CHANGE#1
[info] send message to 12: CHANGE#1
[info] send message to 13: CHANGE#1
[info] send message to 14: CHANGE#1
[info] send message to 15: CHANGE#1
[info] send message to 16: CHANGE#1
[info] send message to 17: CHANGE#1
[info] send message to 18: CHANGE#1
[info] send message to 21: CHANGE#1
[info] send message to 22: CHANGE#1
[info] send message to 29: CHANGE#1
[info] send message to 37: CHANGE#1
[info] message from 21: CHANGE#1
[info] send message to 21: ACK
[info] message from 12: CHANGE#1
[info] send message to 12: ACK
[info] message from 13: CHANGE#1
[info] send message to 13: ACK
[info] message from 15: CHANGE#1
[info] send message to 15: ACK
[info] message from 29: CHANGE#1
[info] send message to 29: ACK
[info] message from 37: CHANGE#1
[info] send message to 37: ACK
[info] message from 2: ACK
[info] message from 4: CAM#4
[info] third phase started!
