[info] Hello from node41
[info] I'm connected to nodes ['1', '2', '3', '4', '5', '6', '7', '8', '9', '10', '11', '12', '13', '14', '15', '16', '17', '18', '19', '20', '21', '22', '23', '24', '25', '26', '27', '28', '29', '30', '31', '32', '33', '34', '35', '36', '37', '38', '39', '40', '41', '42', '43', '44', '45']
[info] I have edges [('41', '1'), ('41', '2'), ('41', '3'), ('41', '4'), ('41', '5'), ('41', '6'), ('41', '7'), ('41', '8'), ('41', '9'), ('41', '10'), ('41', '11'), ('41', '12'), ('41', '13'), ('41', '14'), ('41', '15'), ('41', '16'), ('41', '17'), ('41', '18'), ('41', '19'), ('41', '20'), ('41', '21'), ('41', '22'), ('41', '23'), ('41', '24'), ('41', '25'), ('41', '26'), ('41', '27'), ('41', '28'), ('41', '29'), ('41', '30'), ('41', '31'), ('41', '32'), ('41', '33'), ('41', '34'), ('41', '35'), ('41', '36'), ('41', '37'), ('41', '38'), ('41', '39'), ('41', '40'), ('41', '41'), ('41', '42'), ('41', '43'), ('41', '44'), ('41', '45')]
[info] first phase started!
[info] rejected!
[info] waiting for CRQ messages!
[info] message from 4: CRQ#4#3#0
[info] send message to 4: vote#1
[info] message from 10: CRQ#10#3#0
[info] I have voted before!
[info] send message to 10: vote#0
[info] message from 16: CRQ#16#3#0
[info] I have voted before!
[info] send message to 16: vote#0
[info] message from 18: CRQ#18#3#0
[info] I have voted before!
[info] send message to 18: vote#0
[info] message from 14: CRQ#14#3#0
[info] I have voted before!
[info] send message to 14: vote#0
[info] message from 8: CRQ#8#3#0
[info] I have voted before!
[info] send message to 8: vote#0
[info] message from 2: CRQ#2#3#0
[info] I have voted before!
[info] send message to 2: vote#0
[info] message from 17: CRQ#17#3#0
[info] I have voted before!
[info] send message to 17: vote#0
[info] message from 22: CRQ#22#3#0
[info] I have voted before!
[info] send message to 22: vote#0
[info] message from 12: CRQ#12#3#0
[info] I have voted before!
[info] send message to 12: vote#0
[info] message from 21: CRQ#21#3#0
[info] I have voted before!
[info] send message to 21: vote#0
[info] message from 5: CRQ#5#3#0
[info] I have voted before!
[info] send message to 5: vote#0
[info] message from 13: CRQ#13#3#0
[info] I have voted before!
[info] send message to 13: vote#0
[info] message from 15: CRQ#15#3#0
[info] I have voted before!
[info] send message to 15: vote#0
[info] message from 29: CRQ#29#3#0
[info] I have voted before!
[info] send message to 29: vote#0
[info] message from 37: CRQ#37#3#0
[info] I have voted before!
[info] send message to 37: vote#0
[info] message from 4: CAM#4
[info] third phase started!
