[info] Hello from node25
[info] I'm connected to nodes ['24', '25', '26']
[info] I have edges [('25', '24'), ('25', '25'), ('25', '26')]
[info] -- round 0 started!
[info] -- new id 6 selected!
[info] send message to 24: wave#0#6#0
[info] send message to 25: wave#0#6#0
[info] send message to 26: wave#0#6#0
[info] message from 26: wave#0#37#0
[info] send message to 24: wave#0#37#0
[info] send message to 25: wave#0#37#0
[info] message from 24: wave#0#3#0
[info] message from 25: wave#0#6#0
[info] message from 25: wave#0#37#0
[info] message from 26: wave#0#44#0
[info] send message to 24: wave#0#44#0
[info] send message to 25: wave#0#44#0
[info] message from 25: wave#0#44#0
[info] message from 24: wave#0#42#0
[info] message from 24: wave#0#44#19
[info] after round 0 : parent is ['26'] and leader id is 44
[info] send message to 26: wave#0#44#20
[info] message from 26: wave#1#39#0
[info] send message to 24: wave#1#39#0
[info] send message to 25: wave#1#39#0
[info] message from 25: wave#1#39#0
[info] message from 24: wave#1#39#15
[info] after round 1 : parent is ['26'] and leader id is 39
[info] send message to 26: wave#1#39#16
[info] message from 26: wave#2#12#0
[info] send message to 24: wave#2#12#0
[info] send message to 25: wave#2#12#0
[info] message from 25: wave#2#12#0
[info] message from 26: wave#2#21#0
[info] send message to 24: wave#2#21#0
[info] send message to 25: wave#2#21#0
[info] message from 25: wave#2#21#0
[info] message from 24: wave#2#21#9
[info] after round 2 : parent is ['26'] and leader id is 21
[info] send message to 26: wave#2#21#10
[info] message from 26: exit
[info] send message to 24: exit
