[info] Hello from node14
[info] I'm connected to nodes ['13', '14', '15']
[info] I have edges [('14', '13'), ('14', '14'), ('14', '15')]
[info] -- round 0 started!
[info] -- new id 8 selected!
[info] send message to 13: wave#0#8#0
[info] send message to 14: wave#0#8#0
[info] send message to 15: wave#0#8#0
[info] message from 13: wave#0#42#0
[info] send message to 14: wave#0#42#0
[info] send message to 15: wave#0#42#0
[info] message from 15: wave#0#2#0
[info] message from 14: wave#0#8#0
[info] message from 15: wave#0#26#0
[info] message from 14: wave#0#42#0
[info] message from 15: wave#0#31#0
[info] message from 15: wave#0#42#3
[info] after round 0 : parent is ['13'] and leader id is 42
[info] send message to 13: wave#0#42#4
[info] message from 15: wave#0#44#0
[info] send message to 13: wave#0#44#0
[info] send message to 14: wave#0#44#0
[info] message from 14: wave#0#44#0
[info] message from 13: wave#0#44#8
[info] after round 0 : parent is ['15'] and leader id is 44
[info] send message to 15: wave#0#44#9
[info] message from 15: wave#1#39#0
[info] send message to 13: wave#1#39#0
[info] send message to 14: wave#1#39#0
[info] message from 14: wave#1#39#0
[info] message from 13: wave#1#39#4
[info] after round 1 : parent is ['15'] and leader id is 39
[info] send message to 15: wave#1#39#5
[info] message from 15: wave#2#12#0
[info] send message to 13: wave#2#12#0
[info] send message to 14: wave#2#12#0
[info] message from 14: wave#2#12#0
[info] message from 13: wave#2#21#0
[info] send message to 14: wave#2#21#0
[info] send message to 15: wave#2#21#0
[info] message from 14: wave#2#21#0
[info] message from 15: wave#2#21#1
[info] after round 2 : parent is ['13'] and leader id is 21
[info] send message to 13: wave#2#21#2
[info] message from 13: exit
[info] send message to 15: exit
