[info] Hello from node27
[info] I'm connected to nodes ['26', '27', '28']
[info] I have edges [('27', '26'), ('27', '27'), ('27', '28')]
[info] -- round 0 started!
[info] -- new id 3 selected!
[info] send message to 26: wave#0#3#0
[info] send message to 27: wave#0#3#0
[info] send message to 28: wave#0#3#0
[info] message from 26: wave#0#37#0
[info] send message to 27: wave#0#37#0
[info] send message to 28: wave#0#37#0
[info] message from 27: wave#0#3#0
[info] message from 27: wave#0#37#0
[info] message from 28: wave#0#19#0
[info] message from 28: wave#0#44#0
[info] send message to 26: wave#0#44#0
[info] send message to 27: wave#0#44#0
[info] message from 27: wave#0#44#0
[info] message from 26: wave#0#44#21
[info] after round 0 : parent is ['28'] and leader id is 44
[info] send message to 28: wave#0#44#22
[info] message from 28: wave#1#39#0
[info] send message to 26: wave#1#39#0
[info] send message to 27: wave#1#39#0
[info] message from 27: wave#1#39#0
[info] message from 26: wave#1#39#17
[info] after round 1 : parent is ['28'] and leader id is 39
[info] send message to 28: wave#1#39#18
[info] message from 28: wave#2#12#0
[info] send message to 26: wave#2#12#0
[info] send message to 27: wave#2#12#0
[info] message from 27: wave#2#12#0
[info] message from 28: wave#2#21#0
[info] send message to 26: wave#2#21#0
[info] send message to 27: wave#2#21#0
[info] message from 27: wave#2#21#0
[info] message from 26: wave#2#21#11
[info] after round 2 : parent is ['28'] and leader id is 21
[info] send message to 28: wave#2#21#12
[info] message from 28: exit
[info] send message to 26: exit
