[info] Hello from node30
[info] I'm connected to nodes ['29', '30', '31']
[info] I have edges [('30', '29'), ('30', '30'), ('30', '31')]
[info] -- round 0 started!
[info] -- new id 34 selected!
[info] send message to 29: wave#0#34#0
[info] send message to 30: wave#0#34#0
[info] send message to 31: wave#0#34#0
[info] message from 29: wave#0#44#0
[info] send message to 30: wave#0#44#0
[info] send message to 31: wave#0#44#0
[info] message from 31: wave#0#37#0
[info] message from 30: wave#0#34#0
[info] message from 31: wave#0#39#0
[info] message from 30: wave#0#44#0
[info] message from 31: wave#0#44#7
[info] after round 0 : parent is ['29'] and leader id is 44
[info] send message to 29: wave#0#44#8
[info] message from 29: wave#1#39#0
[info] send message to 30: wave#1#39#0
[info] send message to 31: wave#1#39#0
[info] message from 30: wave#1#39#0
[info] message from 31: wave#1#39#3
[info] after round 1 : parent is ['29'] and leader id is 39
[info] send message to 29: wave#1#39#4
[info] message from 29: wave#2#12#0
[info] send message to 30: wave#2#12#0
[info] send message to 31: wave#2#12#0
[info] message from 31: wave#2#21#0
[info] send message to 29: wave#2#21#0
[info] send message to 30: wave#2#21#0
[info] message from 30: wave#2#12#0
[info] message from 30: wave#2#21#0
[info] message from 29: wave#2#21#14
[info] after round 2 : parent is ['31'] and leader id is 21
[info] send message to 31: wave#2#21#15
[info] message from 31: exit
[info] send message to 29: exit
