[info] Hello from node42
[info] I'm connected to nodes ['41', '42', '43']
[info] I have edges [('42', '41'), ('42', '42'), ('42', '43')]
[info] -- round 0 started!
[info] -- new id 8 selected!
[info] send message to 41: wave#0#8#0
[info] send message to 42: wave#0#8#0
[info] send message to 43: wave#0#8#0
[info] message from 42: wave#0#8#0
[info] message from 43: wave#0#23#0
[info] send message to 41: wave#0#23#0
[info] send message to 42: wave#0#23#0
[info] message from 41: wave#0#38#0
[info] send message to 42: wave#0#38#0
[info] send message to 43: wave#0#38#0
[info] message from 42: wave#0#23#0
[info] message from 42: wave#0#38#0
[info] message from 43: wave#0#44#0
[info] send message to 41: wave#0#44#0
[info] send message to 42: wave#0#44#0
[info] message from 41: wave#0#42#0
[info] message from 42: wave#0#44#0
[info] message from 41: wave#0#44#4
[info] after round 0 : parent is ['43'] and leader id is 44
[info] send message to 43: wave#0#44#5
[info] message from 43: wave#1#39#0
[info] send message to 41: wave#1#39#0
[info] send message to 42: wave#1#39#0
[info] message from 42: wave#1#39#0
[info] message from 41: wave#1#39#8
[info] after round 1 : parent is ['43'] and leader id is 39
[info] send message to 43: wave#1#39#9
[info] message from 43: wave#2#21#0
[info] send message to 41: wave#2#21#0
[info] send message to 42: wave#2#21#0
[info] message from 42: wave#2#21#0
[info] message from 41: wave#2#21#26
[info] after round 2 : parent is ['43'] and leader id is 21
[info] send message to 43: wave#2#21#27
[info] message from 43: exit
[info] send message to 41: exit
