[info] Hello from node5
[info] I'm connected to nodes ['4', '5', '6']
[info] I have edges [('5', '4'), ('5', '5'), ('5', '6')]
[info] -- round 0 started!
[info] -- new id 10 selected!
[info] send message to 4: wave#0#10#0
[info] send message to 5: wave#0#10#0
[info] send message to 6: wave#0#10#0
[info] message from 6: wave#0#30#0
[info] send message to 4: wave#0#30#0
[info] send message to 5: wave#0#30#0
[info] message from 4: wave#0#26#0
[info] message from 5: wave#0#10#0
[info] message from 4: wave#0#31#0
[info] send message to 5: wave#0#31#0
[info] send message to 6: wave#0#31#0
[info] message from 6: wave#0#40#0
[info] send message to 4: wave#0#40#0
[info] send message to 5: wave#0#40#0
[info] message from 4: wave#0#36#0
[info] message from 5: wave#0#30#0
[info] message from 5: wave#0#31#0
[info] message from 4: wave#0#38#0
[info] message from 5: wave#0#40#0
[info] message from 6: wave#0#42#0
[info] send message to 4: wave#0#42#0
[info] send message to 5: wave#0#42#0
[info] message from 5: wave#0#42#0
[info] message from 4: wave#0#44#0
[info] send message to 5: wave#0#44#0
[info] send message to 6: wave#0#44#0
[info] message from 5: wave#0#44#0
[info] message from 6: wave#0#44#0
[info] after round 0 : parent is ['4'] and leader id is 44
[info] send message to 4: wave#0#44#1
[info] message from 4: wave#1#39#0
[info] send message to 5: wave#1#39#0
[info] send message to 6: wave#1#39#0
[info] message from 5: wave#1#39#0
[info] message from 6: wave#1#39#4
[info] after round 1 : parent is ['4'] and leader id is 39
[info] send message to 4: wave#1#39#5
[info] message from 4: wave#2#21#0
[info] send message to 5: wave#2#21#0
[info] send message to 6: wave#2#21#0
[info] message from 5: wave#2#21#0
[info] message from 6: wave#2#21#10
[info] after round 2 : parent is ['4'] and leader id is 21
[info] send message to 4: wave#2#21#11
[info] message from 4: exit
[info] send message to 6: exit
