[info] Hello from node32
[info] I'm connected to nodes ['31', '32', '33']
[info] I have edges [('32', '31'), ('32', '32'), ('32', '33')]
[info] -- round 0 started!
[info] -- new id 39 selected!
[info] send message to 31: wave#0#39#0
[info] send message to 32: wave#0#39#0
[info] send message to 33: wave#0#39#0
[info] message from 32: wave#0#39#0
[info] message from 31: wave#0#37#0
[info] message from 33: wave#0#18#0
[info] message from 33: wave#0#27#0
[info] message from 31: wave#0#44#0
[info] send message to 32: wave#0#44#0
[info] send message to 33: wave#0#44#0
[info] message from 32: wave#0#44#0
[info] message from 33: wave#0#44#5
[info] after round 0 : parent is ['31'] and leader id is 44
[info] send message to 31: wave#0#44#6
[info] message from 31: wave#1#39#0
[info] send message to 32: wave#1#39#0
[info] send message to 33: wave#1#39#0
[info] message from 32: wave#1#39#0
[info] message from 33: wave#1#39#1
[info] after round 1 : parent is ['31'] and leader id is 39
[info] send message to 31: wave#1#39#2
[info] message from 33: wave#2#21#0
[info] send message to 31: wave#2#21#0
[info] send message to 32: wave#2#21#0
[info] message from 32: wave#2#21#0
[info] message from 31: wave#2#21#16
[info] after round 2 : parent is ['33'] and leader id is 21
[info] send message to 33: wave#2#21#17
[info] message from 33: exit
[info] send message to 31: exit
