[info] Hello from node16
[info] I'm connected to nodes ['15', '16', '17']
[info] I have edges [('16', '15'), ('16', '16'), ('16', '17')]
[info] -- round 0 started!
[info] -- new id 26 selected!
[info] send message to 15: wave#0#26#0
[info] send message to 16: wave#0#26#0
[info] send message to 17: wave#0#26#0
[info] message from 16: wave#0#26#0
[info] message from 17: wave#0#31#0
[info] send message to 15: wave#0#31#0
[info] send message to 16: wave#0#31#0
[info] message from 16: wave#0#31#0
[info] message from 15: wave#0#2#0
[info] message from 15: wave#0#42#0
[info] send message to 16: wave#0#42#0
[info] send message to 17: wave#0#42#0
[info] message from 16: wave#0#42#0
[info] message from 17: wave#0#42#1
[info] after round 0 : parent is ['15'] and leader id is 42
[info] send message to 15: wave#0#42#2
[info] message from 17: wave#0#44#0
[info] send message to 15: wave#0#44#0
[info] send message to 16: wave#0#44#0
[info] message from 16: wave#0#44#0
[info] message from 15: wave#0#44#10
[info] after round 0 : parent is ['17'] and leader id is 44
[info] send message to 17: wave#0#44#11
[info] message from 17: wave#1#39#0
[info] send message to 15: wave#1#39#0
[info] send message to 16: wave#1#39#0
[info] message from 16: wave#1#39#0
[info] message from 15: wave#1#39#6
[info] after round 1 : parent is ['17'] and leader id is 39
[info] send message to 17: wave#1#39#7
[info] message from 17: wave#2#12#0
[info] send message to 15: wave#2#12#0
[info] send message to 16: wave#2#12#0
[info] message from 16: wave#2#12#0
[info] message from 17: wave#2#21#0
[info] send message to 15: wave#2#21#0
[info] send message to 16: wave#2#21#0
[info] message from 16: wave#2#21#0
[info] message from 15: wave#2#21#0
[info] after round 2 : parent is ['17'] and leader id is 21
[info] send message to 17: wave#2#21#1
[info] message from 15: exit
[info] send message to 17: exit
