[info] Hello from node4
[info] I'm connected to nodes ['3', '4', '5']
[info] I have edges [('4', '3'), ('4', '4'), ('4', '5')]
[info] -- round 0 started!
[info] -- new id 26 selected!
[info] send message to 3: wave#0#26#0
[info] send message to 4: wave#0#26#0
[info] send message to 5: wave#0#26#0
[info] message from 4: wave#0#26#0
[info] message from 5: wave#0#10#0
[info] message from 3: wave#0#31#0
[info] send message to 4: wave#0#31#0
[info] send message to 5: wave#0#31#0
[info] message from 4: wave#0#31#0
[info] message from 3: wave#0#36#0
[info] send message to 4: wave#0#36#0
[info] send message to 5: wave#0#36#0
[info] message from 4: wave#0#36#0
[info] message from 5: wave#0#30#0
[info] message from 3: wave#0#38#0
[info] send message to 4: wave#0#38#0
[info] send message to 5: wave#0#38#0
[info] message from 4: wave#0#38#0
[info] message from 5: wave#0#40#0
[info] send message to 3: wave#0#40#0
[info] send message to 4: wave#0#40#0
[info] message from 4: wave#0#40#0
[info] message from 5: wave#0#42#0
[info] send message to 3: wave#0#42#0
[info] send message to 4: wave#0#42#0
[info] message from 4: wave#0#42#0
[info] message from 3: wave#0#44#0
[info] send message to 4: wave#0#44#0
[info] send message to 5: wave#0#44#0
[info] message from 4: wave#0#44#0
[info] message from 5: wave#0#44#1
[info] after round 0 : parent is ['3'] and leader id is 44
[info] send message to 3: wave#0#44#2
[info] message from 3: wave#1#39#0
[info] send message to 4: wave#1#39#0
[info] send message to 5: wave#1#39#0
[info] message from 4: wave#1#39#0
[info] message from 5: wave#1#39#5
[info] after round 1 : parent is ['3'] and leader id is 39
[info] send message to 3: wave#1#39#6
[info] message from 3: wave#2#21#0
[info] send message to 4: wave#2#21#0
[info] send message to 5: wave#2#21#0
[info] message from 4: wave#2#21#0
[info] message from 5: wave#2#21#11
[info] after round 2 : parent is ['3'] and leader id is 21
[info] send message to 3: wave#2#21#12
[info] message from 3: exit
[info] send message to 5: exit
