[info] Hello from node28
[info] I'm connected to nodes ['27', '28', '29']
[info] I have edges [('28', '27'), ('28', '28'), ('28', '29')]
[info] -- round 0 started!
[info] -- new id 19 selected!
[info] send message to 27: wave#0#19#0
[info] send message to 28: wave#0#19#0
[info] send message to 29: wave#0#19#0
[info] message from 27: wave#0#3#0
[info] message from 29: wave#0#44#0
[info] send message to 27: wave#0#44#0
[info] send message to 28: wave#0#44#0
[info] message from 27: wave#0#37#0
[info] message from 28: wave#0#19#0
[info] message from 28: wave#0#44#0
[info] message from 27: wave#0#44#22
[info] after round 0 : parent is ['29'] and leader id is 44
[info] send message to 29: wave#0#44#23
[info] message from 29: wave#1#39#0
[info] send message to 27: wave#1#39#0
[info] send message to 28: wave#1#39#0
[info] message from 28: wave#1#39#0
[info] message from 27: wave#1#39#18
[info] after round 1 : parent is ['29'] and leader id is 39
[info] send message to 29: wave#1#39#19
[info] message from 29: wave#2#12#0
[info] send message to 27: wave#2#12#0
[info] send message to 28: wave#2#12#0
[info] message from 28: wave#2#12#0
[info] message from 29: wave#2#21#0
[info] send message to 27: wave#2#21#0
[info] send message to 28: wave#2#21#0
[info] message from 28: wave#2#21#0
[info] message from 27: wave#2#21#12
[info] after round 2 : parent is ['29'] and leader id is 21
[info] send message to 29: wave#2#21#13
[info] message from 29: exit
[info] send message to 27: exit
