[info] Hello from node40
[info] I'm connected to nodes ['39', '40', '41']
[info] I have edges [('40', '39'), ('40', '40'), ('40', '41')]
[info] -- round 0 started!
[info] -- new id 7 selected!
[info] send message to 39: wave#0#7#0
[info] send message to 40: wave#0#7#0
[info] send message to 41: wave#0#7#0
[info] message from 40: wave#0#7#0
[info] message from 39: wave#0#7#0
[info] message from 41: wave#0#38#0
[info] send message to 39: wave#0#38#0
[info] send message to 40: wave#0#38#0
[info] message from 39: wave#0#42#0
[info] send message to 40: wave#0#42#0
[info] send message to 41: wave#0#42#0
[info] message from 40: wave#0#38#0
[info] message from 40: wave#0#42#0
[info] message from 39: wave#0#43#0
[info] send message to 40: wave#0#43#0
[info] send message to 41: wave#0#43#0
[info] message from 40: wave#0#43#0
[info] message from 41: wave#0#44#0
[info] send message to 39: wave#0#44#0
[info] send message to 40: wave#0#44#0
[info] message from 40: wave#0#44#0
[info] message from 39: wave#0#44#2
[info] after round 0 : parent is ['41'] and leader id is 44
[info] send message to 41: wave#0#44#3
[info] message from 41: wave#1#39#0
[info] send message to 39: wave#1#39#0
[info] send message to 40: wave#1#39#0
[info] message from 40: wave#1#39#0
[info] message from 39: wave#1#39#6
[info] after round 1 : parent is ['41'] and leader id is 39
[info] send message to 41: wave#1#39#7
[info] message from 41: wave#2#21#0
[info] send message to 39: wave#2#21#0
[info] send message to 40: wave#2#21#0
[info] message from 40: wave#2#21#0
[info] message from 39: wave#2#21#24
[info] after round 2 : parent is ['41'] and leader id is 21
[info] send message to 41: wave#2#21#25
[info] message from 41: exit
[info] send message to 39: exit
