[info] Hello from node22
[info] I'm connected to nodes ['21', '22', '23']
[info] I have edges [('22', '21'), ('22', '22'), ('22', '23')]
[info] -- round 0 started!
[info] -- new id 42 selected!
[info] send message to 21: wave#0#42#0
[info] send message to 22: wave#0#42#0
[info] send message to 23: wave#0#42#0
[info] message from 21: wave#0#10#0
[info] message from 22: wave#0#42#0
[info] message from 23: wave#0#4#0
[info] message from 21: wave#0#42#4
[info] message from 23: wave#0#44#0
[info] send message to 21: wave#0#44#0
[info] send message to 22: wave#0#44#0
[info] message from 22: wave#0#44#0
[info] message from 21: wave#0#44#16
[info] after round 0 : parent is ['23'] and leader id is 44
[info] send message to 23: wave#0#44#17
[info] message from 23: wave#1#39#0
[info] send message to 21: wave#1#39#0
[info] send message to 22: wave#1#39#0
[info] message from 22: wave#1#39#0
[info] message from 21: wave#1#39#12
[info] after round 1 : parent is ['23'] and leader id is 39
[info] send message to 23: wave#1#39#13
[info] message from 23: wave#2#12#0
[info] send message to 21: wave#2#12#0
[info] send message to 22: wave#2#12#0
[info] message from 22: wave#2#12#0
[info] message from 23: wave#2#21#0
[info] send message to 21: wave#2#21#0
[info] send message to 22: wave#2#21#0
[info] message from 22: wave#2#21#0
[info] message from 21: wave#2#21#6
[info] after round 2 : parent is ['23'] and leader id is 21
[info] send message to 23: wave#2#21#7
[info] message from 21: exit
[info] send message to 23: exit
