[info] Hello from node24
[info] I'm connected to nodes ['23', '24', '25']
[info] I have edges [('24', '23'), ('24', '24'), ('24', '25')]
[info] -- round 0 started!
[info] -- new id 3 selected!
[info] send message to 23: wave#0#3#0
[info] send message to 24: wave#0#3#0
[info] send message to 25: wave#0#3#0
[info] message from 24: wave#0#3#0
[info] message from 25: wave#0#6#0
[info] send message to 23: wave#0#6#0
[info] send message to 24: wave#0#6#0
[info] message from 23: wave#0#4#0
[info] message from 24: wave#0#6#0
[info] message from 25: wave#0#37#0
[info] send message to 23: wave#0#37#0
[info] send message to 24: wave#0#37#0
[info] message from 23: wave#0#42#0
[info] send message to 24: wave#0#42#0
[info] send message to 25: wave#0#42#0
[info] message from 24: wave#0#37#0
[info] message from 25: wave#0#44#0
[info] send message to 23: wave#0#44#0
[info] send message to 24: wave#0#44#0
[info] message from 24: wave#0#42#0
[info] message from 24: wave#0#44#0
[info] message from 23: wave#0#44#18
[info] after round 0 : parent is ['25'] and leader id is 44
[info] send message to 25: wave#0#44#19
[info] message from 25: wave#1#39#0
[info] send message to 23: wave#1#39#0
[info] send message to 24: wave#1#39#0
[info] message from 24: wave#1#39#0
[info] message from 23: wave#1#39#14
[info] after round 1 : parent is ['25'] and leader id is 39
[info] send message to 25: wave#1#39#15
[info] message from 25: wave#2#12#0
[info] send message to 23: wave#2#12#0
[info] send message to 24: wave#2#12#0
[info] message from 24: wave#2#12#0
[info] message from 25: wave#2#21#0
[info] send message to 23: wave#2#21#0
[info] send message to 24: wave#2#21#0
[info] message from 24: wave#2#21#0
[info] message from 23: wave#2#21#8
[info] after round 2 : parent is ['25'] and leader id is 21
[info] send message to 25: wave#2#21#9
[info] message from 23: exit
[info] send message to 25: exit
