[info] Hello from node7
[info] I'm connected to nodes ['6', '7', '8']
[info] I have edges [('7', '6'), ('7', '7'), ('7', '8')]
[info] -- round 0 started!
[info] -- new id 16 selected!
[info] send message to 6: wave#0#16#0
[info] send message to 7: wave#0#16#0
[info] send message to 8: wave#0#16#0
[info] message from 6: wave#0#17#0
[info] send message to 7: wave#0#17#0
[info] send message to 8: wave#0#17#0
[info] message from 8: wave#0#10#0
[info] message from 6: wave#0#26#0
[info] send message to 7: wave#0#26#0
[info] send message to 8: wave#0#26#0
[info] message from 7: wave#0#16#0
[info] message from 8: wave#0#26#0
[info] after round 0 : parent is ['6'] and leader id is 26
[info] send message to 6: wave#0#26#1
[info] message from 7: wave#0#17#0
[info] after round 0 : parent is ['6'] and leader id is 26
[info] send message to 6: wave#0#26#1
[info] message from 7: wave#0#26#0
[info] after round 0 : parent is ['6'] and leader id is 26
[info] send message to 6: wave#0#26#1
[info] message from 8: wave#0#29#0
[info] send message to 6: wave#0#29#0
[info] send message to 7: wave#0#29#0
[info] message from 7: wave#0#29#0
[info] message from 8: wave#0#30#0
[info] send message to 6: wave#0#30#0
[info] send message to 7: wave#0#30#0
[info] message from 7: wave#0#30#0
[info] message from 6: wave#0#30#4
[info] after round 0 : parent is ['8'] and leader id is 30
[info] send message to 8: wave#0#30#5
[info] message from 6: exit
[info] send message to 8: exit
