[info] Hello from node5
[info] I'm connected to nodes ['4', '5', '6']
[info] I have edges [('5', '4'), ('5', '5'), ('5', '6')]
[info] -- round 0 started!
[info] -- new id 12 selected!
[info] send message to 4: wave#0#12#0
[info] send message to 5: wave#0#12#0
[info] send message to 6: wave#0#12#0
[info] message from 4: wave#0#16#0
[info] send message to 5: wave#0#16#0
[info] send message to 6: wave#0#16#0
[info] message from 6: wave#0#17#0
[info] send message to 4: wave#0#17#0
[info] send message to 5: wave#0#17#0
[info] message from 5: wave#0#12#0
[info] message from 5: wave#0#16#0
[info] message from 4: wave#0#26#0
[info] send message to 5: wave#0#26#0
[info] send message to 6: wave#0#26#0
[info] message from 5: wave#0#17#0
[info] message from 5: wave#0#26#0
[info] message from 6: wave#0#26#2
[info] after round 0 : parent is ['4'] and leader id is 26
[info] send message to 4: wave#0#26#3
[info] message from 6: wave#0#26#3
[info] after round 0 : parent is ['4'] and leader id is 26
[info] send message to 4: wave#0#26#6
[info] message from 6: wave#0#26#4
[info] after round 0 : parent is ['4'] and leader id is 26
[info] send message to 4: wave#0#26#10
[info] message from 6: wave#0#29#0
[info] send message to 4: wave#0#29#0
[info] send message to 5: wave#0#29#0
[info] message from 5: wave#0#29#0
[info] message from 6: wave#0#30#0
[info] send message to 4: wave#0#30#0
[info] send message to 5: wave#0#30#0
[info] message from 5: wave#0#30#0
[info] message from 4: wave#0#30#2
[info] after round 0 : parent is ['6'] and leader id is 30
[info] send message to 6: wave#0#30#3
[info] message from 4: exit
[info] send message to 6: exit
