[info] Hello from node3
[info] I'm connected to nodes ['2', '3', '4']
[info] I have edges [('3', '2'), ('3', '3'), ('3', '4')]
[info] -- round 0 started!
[info] -- new id 15 selected!
[info] send message to 2: wave#0#15#0
[info] send message to 3: wave#0#15#0
[info] send message to 4: wave#0#15#0
[info] message from 3: wave#0#15#0
[info] message from 4: wave#0#16#0
[info] send message to 2: wave#0#16#0
[info] send message to 3: wave#0#16#0
[info] message from 3: wave#0#16#0
[info] message from 2: wave#0#26#0
[info] send message to 3: wave#0#26#0
[info] send message to 4: wave#0#26#0
[info] message from 3: wave#0#26#0
[info] message from 4: wave#0#26#4
[info] after round 0 : parent is ['2'] and leader id is 26
[info] send message to 2: wave#0#26#5
[info] message from 4: wave#0#26#10
[info] after round 0 : parent is ['2'] and leader id is 26
[info] send message to 2: wave#0#26#15
[info] message from 4: wave#0#26#20
[info] after round 0 : parent is ['2'] and leader id is 26
[info] send message to 2: wave#0#26#35
[info] message from 4: wave#0#29#0
[info] send message to 2: wave#0#29#0
[info] send message to 3: wave#0#29#0
[info] message from 3: wave#0#29#0
[info] message from 4: wave#0#30#0
[info] send message to 2: wave#0#30#0
[info] send message to 3: wave#0#30#0
[info] message from 3: wave#0#30#0
[info] message from 2: wave#0#30#0
[info] after round 0 : parent is ['4'] and leader id is 30
[info] send message to 4: wave#0#30#1
[info] message from 2: exit
[info] send message to 4: exit
