[info] Hello from node27
[info] I'm connected to nodes ['26', '27', '28']
[info] I have edges [('27', '26'), ('27', '27'), ('27', '28')]
[info] -- round 0 started!
[info] -- new id 26 selected!
[info] send message to 26: wave#0#26#0
[info] send message to 27: wave#0#26#0
[info] send message to 28: wave#0#26#0
[info] message from 27: wave#0#26#0
[info] message from 28: wave#0#5#0
[info] message from 26: wave#0#9#0
[info] message from 28: wave#0#26#1
[info] message from 26: wave#0#28#0
[info] send message to 27: wave#0#28#0
[info] send message to 28: wave#0#28#0
[info] message from 27: wave#0#28#0
[info] message from 26: wave#0#30#0
[info] send message to 27: wave#0#30#0
[info] send message to 28: wave#0#30#0
[info] message from 27: wave#0#30#0
[info] message from 28: wave#0#29#0
[info] message from 28: wave#0#30#5
[info] after round 0 : parent is ['26'] and leader id is 30
[info] send message to 26: wave#0#30#6
[info] message from 26: exit
[info] send message to 28: exit
