[info] Hello from node30
[info] I'm connected to nodes ['1', '29', '30']
[info] I have edges [('30', '1'), ('30', '29'), ('30', '30')]
[info] -- round 0 started!
[info] -- new id 10 selected!
[info] send message to 1: wave#0#10#0
[info] send message to 29: wave#0#10#0
[info] send message to 30: wave#0#10#0
[info] message from 1: wave#0#22#0
[info] send message to 29: wave#0#22#0
[info] send message to 30: wave#0#22#0
[info] message from 1: wave#0#26#0
[info] send message to 29: wave#0#26#0
[info] send message to 30: wave#0#26#0
[info] message from 29: wave#0#14#0
[info] message from 30: wave#0#10#0
[info] message from 1: wave#0#29#0
[info] send message to 29: wave#0#29#0
[info] send message to 30: wave#0#29#0
[info] message from 30: wave#0#22#0
[info] message from 30: wave#0#26#0
[info] message from 30: wave#0#29#0
[info] message from 29: wave#0#26#1
[info] message from 29: wave#0#30#0
[info] send message to 1: wave#0#30#0
[info] send message to 30: wave#0#30#0
[info] message from 30: wave#0#30#0
[info] message from 1: wave#0#30#2
[info] after round 0 : parent is ['29'] and leader id is 30
[info] send message to 29: wave#0#30#3
[info] message from 29: exit
[info] send message to 1: exit
