[info] Hello from node11
[info] I'm connected to nodes ['10', '11', '12']
[info] I have edges [('11', '10'), ('11', '11'), ('11', '12')]
[info] -- round 0 started!
[info] -- new id 26 selected!
[info] send message to 10: wave#0#26#0
[info] send message to 11: wave#0#26#0
[info] send message to 12: wave#0#26#0
[info] message from 10: wave#0#3#0
[info] message from 12: wave#0#11#0
[info] message from 10: wave#0#26#0
[info] message from 12: wave#0#16#0
[info] message from 12: wave#0#29#0
[info] send message to 10: wave#0#29#0
[info] send message to 11: wave#0#29#0
[info] message from 11: wave#0#26#0
[info] message from 11: wave#0#29#0
[info] message from 12: wave#0#30#0
[info] send message to 10: wave#0#30#0
[info] send message to 11: wave#0#30#0
[info] message from 11: wave#0#30#0
[info] message from 10: wave#0#30#8
[info] after round 0 : parent is ['12'] and leader id is 30
[info] send message to 12: wave#0#30#9
[info] message from 12: exit
[info] send message to 10: exit
