[info] Hello from node19
[info] I'm connected to nodes ['18', '19', '20']
[info] I have edges [('19', '18'), ('19', '19'), ('19', '20')]
[info] -- round 0 started!
[info] -- new id 13 selected!
[info] send message to 18: wave#0#13#0
[info] send message to 19: wave#0#13#0
[info] send message to 20: wave#0#13#0
[info] message from 18: wave#0#27#0
[info] send message to 19: wave#0#27#0
[info] send message to 20: wave#0#27#0
[info] message from 20: wave#0#9#0
[info] message from 19: wave#0#13#0
[info] message from 19: wave#0#27#0
[info] message from 18: wave#0#29#0
[info] send message to 19: wave#0#29#0
[info] send message to 20: wave#0#29#0
[info] message from 19: wave#0#29#0
[info] message from 20: wave#0#30#0
[info] send message to 18: wave#0#30#0
[info] send message to 19: wave#0#30#0
[info] message from 19: wave#0#30#0
[info] message from 18: wave#0#30#16
[info] after round 0 : parent is ['20'] and leader id is 30
[info] send message to 20: wave#0#30#17
[info] message from 20: exit
[info] send message to 18: exit
