[info] Hello from node29
[info] I'm connected to nodes ['28', '29', '30']
[info] I have edges [('29', '28'), ('29', '29'), ('29', '30')]
[info] -- round 0 started!
[info] -- new id 14 selected!
[info] send message to 28: wave#0#14#0
[info] send message to 29: wave#0#14#0
[info] send message to 30: wave#0#14#0
[info] message from 29: wave#0#14#0
[info] message from 30: wave#0#10#0
[info] message from 28: wave#0#5#0
[info] message from 30: wave#0#22#0
[info] send message to 28: wave#0#22#0
[info] send message to 29: wave#0#22#0
[info] message from 30: wave#0#26#0
[info] send message to 28: wave#0#26#0
[info] send message to 29: wave#0#26#0
[info] message from 29: wave#0#22#0
[info] message from 28: wave#0#26#0
[info] after round 0 : parent is ['30'] and leader id is 26
[info] send message to 30: wave#0#26#1
[info] message from 30: wave#0#29#0
[info] send message to 28: wave#0#29#0
[info] send message to 29: wave#0#29#0
[info] message from 29: wave#0#26#0
[info] message from 28: wave#0#28#0
[info] message from 29: wave#0#29#0
[info] message from 28: wave#0#30#0
[info] send message to 29: wave#0#30#0
[info] send message to 30: wave#0#30#0
[info] message from 29: wave#0#30#0
[info] message from 30: wave#0#30#3
[info] after round 0 : parent is ['28'] and leader id is 30
[info] send message to 28: wave#0#30#4
[info] message from 28: exit
[info] send message to 30: exit
