[info] Hello from node9
[info] I'm connected to nodes ['8', '9', '10']
[info] I have edges [('9', '8'), ('9', '9'), ('9', '10')]
[info] -- round 0 started!
[info] -- new id 26 selected!
[info] send message to 8: wave#0#26#0
[info] send message to 9: wave#0#26#0
[info] send message to 10: wave#0#26#0
[info] message from 10: wave#0#3#0
[info] message from 9: wave#0#26#0
[info] message from 8: wave#0#10#0
[info] message from 10: wave#0#26#1
[info] message from 10: wave#0#29#0
[info] send message to 8: wave#0#29#0
[info] send message to 9: wave#0#29#0
[info] message from 9: wave#0#29#0
[info] message from 10: wave#0#30#0
[info] send message to 8: wave#0#30#0
[info] send message to 9: wave#0#30#0
[info] message from 9: wave#0#30#0
[info] message from 8: wave#0#30#6
[info] after round 0 : parent is ['10'] and leader id is 30
[info] send message to 10: wave#0#30#7
[info] message from 10: exit
[info] send message to 8: exit
