[info] Hello from node10
[info] I'm connected to nodes ['9', '10']
[info] I have edges [('10', '9'), ('10', '10')]
[info] -- round 0 started!
[info] -- new id 6 selected!
[info] send message to 9: wave#0#6#0
[info] send message to 10: wave#0#6#0
[info] message from 9: wave#0#6#0
[info] message from 10: wave#0#6#0
[info] after round 0 : parent is [] and leader id is 6
[info] -- round 1 started!
[info] -- new id 5 selected!
[info] send message to 9: wave#1#5#0
[info] send message to 10: wave#1#5#0
[info] message from 9: wave#1#7#0
[info] send message to 10: wave#1#7#0
[info] message from 10: wave#1#5#0
[info] after round 1 : parent is ['9'] and leader id is 7
[info] send message to 9: wave#1#7#1
[info] message from 10: wave#1#7#0
[info] after round 1 : parent is ['9'] and leader id is 7
[info] send message to 9: wave#1#7#1
[info] message from 9: wave#2#10#0
[info] send message to 10: wave#2#10#0
[info] message from 10: wave#2#10#0
[info] after round 2 : parent is ['9'] and leader id is 10
[info] send message to 9: wave#2#10#1
[info] message from 9: exit
