[info] Hello from node2
[info] I'm connected to nodes ['1', '2', '3']
[info] I have edges [('2', '1'), ('2', '2'), ('2', '3')]
[info] -- round 0 started!
[info] -- new id 10 selected!
[info] send message to 1: wave#0#10#0
[info] send message to 2: wave#0#10#0
[info] send message to 3: wave#0#10#0
[info] message from 3: wave#0#7#0
[info] message from 1: wave#0#1#0
[info] message from 1: wave#0#10#1
[info] message from 2: wave#0#10#0
[info] message from 3: wave#0#10#2
[info] after round 0 : parent is [] and leader id is 10
[info] -- round 1 started!
[info] -- new id 5 selected!
[info] send message to 1: wave#1#5#0
[info] send message to 2: wave#1#5#0
[info] send message to 3: wave#1#5#0
[info] message from 2: wave#1#5#0
[info] message from 1: wave#1#5#1
[info] message from 3: wave#1#7#0
[info] send message to 1: wave#1#7#0
[info] send message to 2: wave#1#7#0
[info] message from 2: wave#1#7#0
[info] message from 1: wave#1#7#1
[info] after round 1 : parent is ['3'] and leader id is 7
[info] send message to 3: wave#1#7#2
[info] message from 3: wave#2#10#0
[info] send message to 1: wave#2#10#0
[info] send message to 2: wave#2#10#0
[info] message from 2: wave#2#10#0
[info] message from 1: wave#2#10#1
[info] after round 2 : parent is ['3'] and leader id is 10
[info] send message to 3: wave#2#10#2
[info] message from 3: exit
[info] send message to 1: exit
