[info] Hello from node4
[info] I'm connected to nodes ['3', '4', '5']
[info] I have edges [('4', '3'), ('4', '4'), ('4', '5')]
[info] -- round 0 started!
[info] -- new id 2 selected!
[info] send message to 3: wave#0#2#0
[info] send message to 4: wave#0#2#0
[info] send message to 5: wave#0#2#0
[info] message from 3: wave#0#7#0
[info] send message to 4: wave#0#7#0
[info] send message to 5: wave#0#7#0
[info] message from 4: wave#0#2#0
[info] message from 5: wave#0#3#0
[info] message from 4: wave#0#7#0
[info] message from 3: wave#0#10#0
[info] send message to 4: wave#0#10#0
[info] send message to 5: wave#0#10#0
[info] message from 4: wave#0#10#0
[info] message from 5: wave#0#5#0
[info] message from 5: wave#0#10#0
[info] after round 0 : parent is ['3'] and leader id is 10
[info] send message to 3: wave#0#10#1
[info] message from 5: wave#1#7#0
[info] send message to 3: wave#1#7#0
[info] send message to 4: wave#1#7#0
[info] message from 4: wave#1#7#0
[info] message from 3: wave#1#5#0
[info] message from 3: wave#1#7#3
[info] after round 1 : parent is ['5'] and leader id is 7
[info] send message to 5: wave#1#7#4
[info] message from 5: wave#2#10#0
[info] send message to 3: wave#2#10#0
[info] send message to 4: wave#2#10#0
[info] message from 4: wave#2#10#0
[info] message from 3: wave#2#10#3
[info] after round 2 : parent is ['5'] and leader id is 10
[info] send message to 5: wave#2#10#4
[info] message from 5: exit
[info] send message to 3: exit
