[info] Hello from node21
[info] I'm connected to nodes ['20', '21', '22']
[info] I have edges [('21', '20'), ('21', '21'), ('21', '22')]
[info] -- round 0 started!
[info] -- new id 9 selected!
[info] send message to 20: wave#0#9#0
[info] send message to 21: wave#0#9#0
[info] send message to 22: wave#0#9#0
[info] message from 20: wave#0#19#0
[info] send message to 21: wave#0#19#0
[info] send message to 22: wave#0#19#0
[info] message from 20: wave#0#22#0
[info] send message to 21: wave#0#22#0
[info] send message to 22: wave#0#22#0
[info] message from 21: wave#0#9#0
[info] message from 21: wave#0#19#0
[info] message from 21: wave#0#22#0
[info] message from 22: wave#0#14#0
[info] message from 22: wave#0#23#0
[info] send message to 20: wave#0#23#0
[info] send message to 21: wave#0#23#0
[info] message from 20: wave#0#23#0
[info] message from 21: wave#0#23#0
[info] after round 0 : parent is ['22'] and leader id is 23
[info] send message to 22: wave#0#23#1
[info] message from 20: exit
[info] send message to 22: exit
