[info] Hello from node16
[info] I'm connected to nodes ['15', '16', '17']
[info] I have edges [('16', '15'), ('16', '16'), ('16', '17')]
[info] -- round 0 started!
[info] -- new id 20 selected!
[info] send message to 15: wave#0#20#0
[info] send message to 16: wave#0#20#0
[info] send message to 17: wave#0#20#0
[info] message from 16: wave#0#20#0
[info] message from 17: wave#0#22#0
[info] send message to 15: wave#0#22#0
[info] send message to 16: wave#0#22#0
[info] message from 15: wave#0#8#0
[info] message from 16: wave#0#22#0
[info] message from 15: wave#0#13#0
[info] message from 15: wave#0#23#0
[info] send message to 16: wave#0#23#0
[info] send message to 17: wave#0#23#0
[info] message from 16: wave#0#23#0
[info] message from 17: wave#0#23#4
[info] after round 0 : parent is ['15'] and leader id is 23
[info] send message to 15: wave#0#23#5
[info] message from 15: exit
[info] send message to 17: exit
