[info] Hello from node14
[info] I'm connected to nodes ['13', '14', '15']
[info] I have edges [('14', '13'), ('14', '14'), ('14', '15')]
[info] -- round 0 started!
[info] -- new id 13 selected!
[info] send message to 13: wave#0#13#0
[info] send message to 14: wave#0#13#0
[info] send message to 15: wave#0#13#0
[info] message from 14: wave#0#13#0
[info] message from 13: wave#0#3#0
[info] message from 15: wave#0#8#0
[info] message from 13: wave#0#23#0
[info] send message to 14: wave#0#23#0
[info] send message to 15: wave#0#23#0
[info] message from 14: wave#0#23#0
[info] message from 15: wave#0#20#0
[info] message from 15: wave#0#23#6
[info] after round 0 : parent is ['13'] and leader id is 23
[info] send message to 13: wave#0#23#7
[info] message from 13: exit
[info] send message to 15: exit
