[info] Hello from node1
[info] I'm connected to nodes ['1', '2', '25']
[info] I have edges [('1', '1'), ('1', '2'), ('1', '25')]
[info] -- round 0 started!
[info] -- new id 7 selected!
[info] send message to 1: wave#0#7#0
[info] send message to 2: wave#0#7#0
[info] send message to 25: wave#0#7#0
[info] message from 2: wave#0#15#0
[info] send message to 1: wave#0#15#0
[info] send message to 25: wave#0#15#0
[info] message from 1: wave#0#7#0
[info] message from 1: wave#0#15#0
[info] message from 2: wave#0#18#0
[info] send message to 1: wave#0#18#0
[info] send message to 25: wave#0#18#0
[info] message from 25: wave#0#16#0
[info] message from 1: wave#0#18#0
[info] message from 2: wave#0#23#0
[info] send message to 1: wave#0#23#0
[info] send message to 25: wave#0#23#0
[info] message from 1: wave#0#23#0
[info] message from 25: wave#0#23#5
[info] after round 0 : parent is ['2'] and leader id is 23
[info] send message to 2: wave#0#23#6
[info] message from 2: exit
[info] send message to 25: exit
