[info] Hello from node21
[info] I'm connected to nodes ['1', '21']
[info] I have edges [('21', '1'), ('21', '21')]
[info] -- round 0 started!
[info] -- new id 27 selected!
[info] send message to 1: wave#0#27#0
[info] send message to 21: wave#0#27#0
[info] message from 1: wave#0#2#0
[info] message from 21: wave#0#27#0
[info] message from 1: wave#0#18#0
[info] message from 1: wave#0#21#0
[info] message from 1: wave#0#26#0
[info] message from 1: wave#1#19#0
[info] send message to 21: wave#1#19#0
[info] message from 21: wave#1#19#0
[info] after round 1 : parent is ['1'] and leader id is 19
[info] send message to 1: wave#1#19#1
[info] message from 1: wave#1#20#0
[info] send message to 21: wave#1#20#0
[info] message from 21: wave#1#20#0
[info] after round 1 : parent is ['1'] and leader id is 20
[info] send message to 1: wave#1#20#1
[info] message from 1: exit
