[info] Hello from node7
[info] I'm connected to nodes ['1', '7']
[info] I have edges [('7', '1'), ('7', '7')]
[info] -- round 0 started!
[info] -- new id 26 selected!
[info] send message to 1: wave#0#26#0
[info] send message to 7: wave#0#26#0
[info] message from 1: wave#0#2#0
[info] message from 7: wave#0#26#0
[info] message from 1: wave#0#18#0
[info] message from 1: wave#0#21#0
[info] message from 1: wave#0#26#0
[info] after round 0 : parent is [] and leader id is 26
[info] -- round 1 started!
[info] -- new id 20 selected!
[info] send message to 1: wave#1#20#0
[info] send message to 7: wave#1#20#0
[info] message from 7: wave#1#20#0
[info] message from 1: wave#1#19#0
[info] message from 1: wave#1#20#29
[info] after round 1 : parent is [] and leader id is 20
[info] send message to 1: exit
