[info] Hello from node18
[info] I'm connected to nodes ['1', '18']
[info] I have edges [('18', '1'), ('18', '18')]
[info] -- round 0 started!
[info] -- new id 26 selected!
[info] send message to 1: wave#0#26#0
[info] send message to 18: wave#0#26#0
[info] message from 18: wave#0#26#0
[info] message from 1: wave#0#2#0
[info] message from 1: wave#0#18#0
[info] message from 1: wave#0#21#0
[info] message from 1: wave#1#19#0
[info] send message to 18: wave#1#19#0
[info] message from 18: wave#1#19#0
[info] after round 1 : parent is ['1'] and leader id is 19
[info] send message to 1: wave#1#19#1
[info] message from 1: wave#1#20#0
[info] send message to 18: wave#1#20#0
[info] message from 18: wave#1#20#0
[info] after round 1 : parent is ['1'] and leader id is 20
[info] send message to 1: wave#1#20#1
[info] message from 1: exit
