[info] Hello from node4
[info] I'm connected to nodes ['3', '4', '5']
[info] I have edges [('4', '3'), ('4', '4'), ('4', '5')]
[info] -- round 0 started!
[info] -- new id 9 selected!
[info] send message to 3: wave#0#9#0
[info] send message to 4: wave#0#9#0
[info] send message to 5: wave#0#9#0
[info] message from 5: wave#0#8#0
[info] message from 3: wave#0#8#0
[info] message from 4: wave#0#9#0
[info] message from 5: wave#0#20#0
[info] send message to 3: wave#0#20#0
[info] send message to 4: wave#0#20#0
[info] message from 3: wave#0#19#0
[info] message from 4: wave#0#20#0
[info] message from 3: wave#0#20#7
[info] after round 0 : parent is ['5'] and leader id is 20
[info] send message to 5: wave#0#20#8
[info] message from 5: wave#1#11#0
[info] send message to 3: wave#1#11#0
[info] send message to 4: wave#1#11#0
[info] message from 4: wave#1#11#0
[info] message from 3: wave#1#11#11
[info] after round 1 : parent is ['5'] and leader id is 11
[info] send message to 5: wave#1#11#12
[info] message from 5: exit
[info] send message to 3: exit
