[info] Hello from node2
[info] I'm connected to nodes ['1', '2', '3']
[info] I have edges [('2', '1'), ('2', '2'), ('2', '3')]
[info] -- round 0 started!
[info] -- new id 1 selected!
[info] send message to 1: wave#0#1#0
[info] send message to 2: wave#0#1#0
[info] send message to 3: wave#0#1#0
[info] message from 1: wave#0#19#0
[info] send message to 2: wave#0#19#0
[info] send message to 3: wave#0#19#0
[info] message from 3: wave#0#8#0
[info] message from 2: wave#0#1#0
[info] message from 3: wave#0#9#0
[info] message from 2: wave#0#19#0
[info] message from 3: wave#0#20#0
[info] send message to 1: wave#0#20#0
[info] send message to 2: wave#0#20#0
[info] message from 2: wave#0#20#0
[info] message from 1: wave#0#20#5
[info] after round 0 : parent is ['3'] and leader id is 20
[info] send message to 3: wave#0#20#6
[info] message from 3: wave#1#11#0
[info] send message to 1: wave#1#11#0
[info] send message to 2: wave#1#11#0
[info] message from 2: wave#1#11#0
[info] message from 1: wave#1#11#9
[info] after round 1 : parent is ['3'] and leader id is 11
[info] send message to 3: wave#1#11#10
[info] message from 3: exit
[info] send message to 1: exit
