[info] Hello from node6
[info] I'm connected to nodes ['5', '6', '7']
[info] I have edges [('6', '5'), ('6', '6'), ('6', '7')]
[info] -- round 0 started!
[info] -- new id 20 selected!
[info] send message to 5: wave#0#20#0
[info] send message to 6: wave#0#20#0
[info] send message to 7: wave#0#20#0
[info] message from 6: wave#0#20#0
[info] message from 5: wave#0#8#0
[info] message from 7: wave#0#14#0
[info] message from 7: wave#0#20#1
[info] message from 5: wave#0#20#9
[info] after round 0 : parent is [] and leader id is 20
[info] -- round 1 started!
[info] -- new id 11 selected!
[info] send message to 5: wave#1#11#0
[info] send message to 6: wave#1#11#0
[info] send message to 7: wave#1#11#0
[info] message from 7: wave#1#1#0
[info] message from 6: wave#1#11#0
[info] message from 7: wave#1#11#6
[info] message from 5: wave#1#11#13
[info] after round 1 : parent is [] and leader id is 11
[info] send message to 5: exit
[info] send message to 7: exit
