[info] Hello from node13
[info] I'm connected to nodes ['12', '13', '14']
[info] I have edges [('13', '12'), ('13', '13'), ('13', '14')]
[info] -- round 0 started!
[info] -- new id 8 selected!
[info] send message to 12: wave#0#8#0
[info] send message to 13: wave#0#8#0
[info] send message to 14: wave#0#8#0
[info] message from 12: wave#0#10#0
[info] send message to 13: wave#0#10#0
[info] send message to 14: wave#0#10#0
[info] message from 14: wave#0#2#0
[info] message from 13: wave#0#8#0
[info] message from 13: wave#0#10#0
[info] message from 14: wave#0#13#0
[info] send message to 12: wave#0#13#0
[info] send message to 13: wave#0#13#0
[info] message from 14: wave#0#15#0
[info] send message to 12: wave#0#15#0
[info] send message to 13: wave#0#15#0
[info] message from 12: wave#0#14#0
[info] message from 13: wave#0#13#0
[info] message from 13: wave#0#15#0
[info] message from 12: wave#0#20#0
[info] send message to 13: wave#0#20#0
[info] send message to 14: wave#0#20#0
[info] message from 13: wave#0#20#0
[info] message from 14: wave#0#20#3
[info] after round 0 : parent is ['12'] and leader id is 20
[info] send message to 12: wave#0#20#4
[info] message from 12: wave#1#1#0
[info] send message to 13: wave#1#1#0
[info] send message to 14: wave#1#1#0
[info] message from 13: wave#1#1#0
[info] message from 14: wave#1#11#0
[info] send message to 12: wave#1#11#0
[info] send message to 13: wave#1#11#0
[info] message from 12: wave#1#11#0
[info] message from 13: wave#1#11#0
[info] after round 1 : parent is ['14'] and leader id is 11
[info] send message to 14: wave#1#11#1
[info] message from 12: exit
[info] send message to 14: exit
