[info] Hello from node9
[info] I'm connected to nodes ['8', '9', '10']
[info] I have edges [('9', '8'), ('9', '9'), ('9', '10')]
[info] -- round 0 started!
[info] -- new id 11 selected!
[info] send message to 8: wave#0#11#0
[info] send message to 9: wave#0#11#0
[info] send message to 10: wave#0#11#0
[info] message from 8: wave#0#14#0
[info] send message to 9: wave#0#14#0
[info] send message to 10: wave#0#14#0
[info] message from 9: wave#0#11#0
[info] message from 10: wave#0#20#0
[info] send message to 8: wave#0#20#0
[info] send message to 9: wave#0#20#0
[info] message from 9: wave#0#14#0
[info] message from 9: wave#0#20#0
[info] message from 8: wave#0#20#1
[info] after round 0 : parent is ['10'] and leader id is 20
[info] send message to 10: wave#0#20#2
[info] message from 10: wave#1#1#0
[info] send message to 8: wave#1#1#0
[info] send message to 9: wave#1#1#0
[info] message from 9: wave#1#1#0
[info] message from 8: wave#1#11#0
[info] send message to 9: wave#1#11#0
[info] send message to 10: wave#1#11#0
[info] message from 9: wave#1#11#0
[info] message from 10: wave#1#11#3
[info] after round 1 : parent is ['8'] and leader id is 11
[info] send message to 8: wave#1#11#4
[info] message from 8: exit
[info] send message to 10: exit
