[info] Hello from node3
[info] I'm connected to nodes ['1', '2', '3', '4', '5', '6', '7', '8', '9', '10', '11', '12', '13', '14', '15', '16', '17', '18', '19', '20']
[info] I have edges [('3', '1'), ('3', '2'), ('3', '3'), ('3', '4'), ('3', '5'), ('3', '6'), ('3', '7'), ('3', '8'), ('3', '9'), ('3', '10'), ('3', '11'), ('3', '12'), ('3', '13'), ('3', '14'), ('3', '15'), ('3', '16'), ('3', '17'), ('3', '18'), ('3', '19'), ('3', '20')]
[info] first phase started!
[info] rejected!
[info] waiting for CRQ messages!
[info] message from 2: CRQ#2#3#0
[info] send message to 2: vote#1
[info] message from 17: CRQ#17#3#0
[info] I have voted before!
[info] send message to 17: vote#0
[info] message from 4: CRQ#4#3#0
[info] I have voted before!
[info] send message to 4: vote#0
[info] message from 10: CRQ#10#3#0
[info] I have voted before!
[info] send message to 10: vote#0
[info] message from 15: CRQ#15#3#0
[info] I have voted before!
[info] send message to 15: vote#0
[info] message from 16: CRQ#16#3#0
[info] I have voted before!
[info] send message to 16: vote#0
[info] message from 2: CAM#2
[info] third phase started!
