[info] Hello from node20
[info] I'm connected to nodes ['19', '20', '21']
[info] I have edges [('20', '19'), ('20', '20'), ('20', '21')]
[info] -- round 0 started!
[info] -- new id 42 selected!
[info] send message to 19: wave#0#42#0
[info] send message to 20: wave#0#42#0
[info] send message to 21: wave#0#42#0
[info] message from 19: wave#0#10#0
[info] message from 20: wave#0#42#0
[info] message from 21: wave#0#39#0
[info] message from 19: wave#0#43#0
[info] send message to 20: wave#0#43#0
[info] send message to 21: wave#0#43#0
[info] message from 20: wave#0#43#0
[info] message from 21: wave#0#45#0
[info] send message to 19: wave#0#45#0
[info] send message to 20: wave#0#45#0
[info] message from 20: wave#0#45#0
[info] message from 19: wave#0#45#6
[info] after round 0 : parent is ['21'] and leader id is 45
[info] send message to 21: wave#0#45#7
[info] message from 21: wave#1#43#0
[info] send message to 19: wave#1#43#0
[info] send message to 20: wave#1#43#0
[info] message from 20: wave#1#43#0
[info] message from 19: wave#1#43#15
[info] after round 1 : parent is ['21'] and leader id is 43
[info] send message to 21: wave#1#43#16
[info] message from 21: exit
[info] send message to 19: exit
