[info] Hello from node31
[info] I'm connected to nodes ['30', '31', '32']
[info] I have edges [('31', '30'), ('31', '31'), ('31', '32')]
[info] -- round 0 started!
[info] -- new id 6 selected!
[info] send message to 30: wave#0#6#0
[info] send message to 31: wave#0#6#0
[info] send message to 32: wave#0#6#0
[info] message from 30: wave#0#41#0
[info] send message to 31: wave#0#41#0
[info] send message to 32: wave#0#41#0
[info] message from 32: wave#0#16#0
[info] message from 31: wave#0#6#0
[info] message from 31: wave#0#41#0
[info] message from 32: wave#0#45#0
[info] send message to 30: wave#0#45#0
[info] send message to 31: wave#0#45#0
[info] message from 31: wave#0#45#0
[info] message from 30: wave#0#45#17
[info] after round 0 : parent is ['32'] and leader id is 45
[info] send message to 32: wave#0#45#18
[info] message from 32: wave#1#43#0
[info] send message to 30: wave#1#43#0
[info] send message to 31: wave#1#43#0
[info] message from 31: wave#1#43#0
[info] message from 30: wave#1#43#26
[info] after round 1 : parent is ['32'] and leader id is 43
[info] send message to 32: wave#1#43#27
[info] message from 32: exit
[info] send message to 30: exit
