[info] Hello from node32
[info] I'm connected to nodes ['31', '32', '33']
[info] I have edges [('32', '31'), ('32', '32'), ('32', '33')]
[info] -- round 0 started!
[info] -- new id 16 selected!
[info] send message to 31: wave#0#16#0
[info] send message to 32: wave#0#16#0
[info] send message to 33: wave#0#16#0
[info] message from 32: wave#0#16#0
[info] message from 33: wave#0#12#0
[info] message from 31: wave#0#6#0
[info] message from 31: wave#0#41#0
[info] send message to 32: wave#0#41#0
[info] send message to 33: wave#0#41#0
[info] message from 33: wave#0#14#0
[info] message from 32: wave#0#41#0
[info] message from 33: wave#0#45#0
[info] send message to 31: wave#0#45#0
[info] send message to 32: wave#0#45#0
[info] message from 32: wave#0#45#0
[info] message from 31: wave#0#45#18
[info] after round 0 : parent is ['33'] and leader id is 45
[info] send message to 33: wave#0#45#19
[info] message from 33: wave#1#43#0
[info] send message to 31: wave#1#43#0
[info] send message to 32: wave#1#43#0
[info] message from 32: wave#1#43#0
[info] message from 31: wave#1#43#27
[info] after round 1 : parent is ['33'] and leader id is 43
[info] send message to 33: wave#1#43#28
[info] message from 33: exit
[info] send message to 31: exit
