[info] Hello from node45
[info] I'm connected to nodes ['1', '44', '45']
[info] I have edges [('45', '1'), ('45', '44'), ('45', '45')]
[info] -- round 0 started!
[info] -- new id 45 selected!
[info] send message to 1: wave#0#45#0
[info] send message to 44: wave#0#45#0
[info] send message to 45: wave#0#45#0
[info] message from 1: wave#0#13#0
[info] message from 1: wave#0#42#0
[info] message from 1: wave#0#43#0
[info] message from 45: wave#0#45#0
[info] message from 44: wave#0#43#0
[info] message from 44: wave#0#45#4
[info] message from 44: wave#0#45#10
[info] message from 44: wave#0#45#20
[info] message from 1: wave#0#45#13
[info] after round 0 : parent is [] and leader id is 45
[info] -- round 1 started!
[info] -- new id 24 selected!
[info] send message to 1: wave#1#24#0
[info] send message to 44: wave#1#24#0
[info] send message to 45: wave#1#24#0
[info] message from 45: wave#1#24#0
[info] message from 44: wave#1#43#0
[info] send message to 1: wave#1#43#0
[info] send message to 45: wave#1#43#0
[info] message from 45: wave#1#43#0
[info] message from 1: wave#1#43#4
[info] after round 1 : parent is ['44'] and leader id is 43
[info] send message to 44: wave#1#43#5
[info] message from 44: exit
[info] send message to 1: exit
