[info] Hello from node38
[info] I'm connected to nodes ['37', '38', '39']
[info] I have edges [('38', '37'), ('38', '38'), ('38', '39')]
[info] -- round 0 started!
[info] -- new id 27 selected!
[info] send message to 37: wave#0#27#0
[info] send message to 38: wave#0#27#0
[info] send message to 39: wave#0#27#0
[info] message from 39: wave#0#27#0
[info] message from 37: wave#0#22#0
[info] message from 38: wave#0#27#0
[info] message from 37: wave#0#36#0
[info] send message to 38: wave#0#36#0
[info] send message to 39: wave#0#36#0
[info] message from 38: wave#0#36#0
[info] message from 37: wave#0#45#0
[info] send message to 38: wave#0#45#0
[info] send message to 39: wave#0#45#0
[info] message from 38: wave#0#45#0
[info] message from 39: wave#0#45#2
[info] after round 0 : parent is ['37'] and leader id is 45
[info] send message to 37: wave#0#45#3
[info] message from 39: wave#1#24#0
[info] send message to 37: wave#1#24#0
[info] send message to 38: wave#1#24#0
[info] message from 38: wave#1#24#0
[info] message from 37: wave#1#43#0
[info] send message to 38: wave#1#43#0
[info] send message to 39: wave#1#43#0
[info] message from 38: wave#1#43#0
[info] message from 39: wave#1#43#11
[info] after round 1 : parent is ['37'] and leader id is 43
[info] send message to 37: wave#1#43#12
[info] message from 37: exit
[info] send message to 39: exit
