[info] Hello from node27
[info] I'm connected to nodes ['26', '27', '28']
[info] I have edges [('27', '26'), ('27', '27'), ('27', '28')]
[info] -- round 0 started!
[info] -- new id 25 selected!
[info] send message to 26: wave#0#25#0
[info] send message to 27: wave#0#25#0
[info] send message to 28: wave#0#25#0
[info] message from 28: wave#0#35#0
[info] send message to 26: wave#0#35#0
[info] send message to 27: wave#0#35#0
[info] message from 27: wave#0#25#0
[info] message from 26: wave#0#30#0
[info] message from 27: wave#0#35#0
[info] message from 28: wave#0#41#0
[info] send message to 26: wave#0#41#0
[info] send message to 27: wave#0#41#0
[info] message from 27: wave#0#41#0
[info] message from 28: wave#0#45#0
[info] send message to 26: wave#0#45#0
[info] send message to 27: wave#0#45#0
[info] message from 26: wave#0#42#0
[info] message from 27: wave#0#45#0
[info] message from 26: wave#0#45#13
[info] after round 0 : parent is ['28'] and leader id is 45
[info] send message to 28: wave#0#45#14
[info] message from 28: wave#1#43#0
[info] send message to 26: wave#1#43#0
[info] send message to 27: wave#1#43#0
[info] message from 27: wave#1#43#0
[info] message from 26: wave#1#43#22
[info] after round 1 : parent is ['28'] and leader id is 43
[info] send message to 28: wave#1#43#23
[info] message from 28: exit
[info] send message to 26: exit
