[info] Hello from node18
[info] I'm connected to nodes ['17', '18', '19']
[info] I have edges [('18', '17'), ('18', '18'), ('18', '19')]
[info] -- round 0 started!
[info] -- new id 12 selected!
[info] send message to 17: wave#0#12#0
[info] send message to 18: wave#0#12#0
[info] send message to 19: wave#0#12#0
[info] message from 19: wave#0#10#0
[info] message from 17: wave#0#43#0
[info] send message to 18: wave#0#43#0
[info] send message to 19: wave#0#43#0
[info] message from 19: wave#0#42#0
[info] message from 18: wave#0#12#0
[info] message from 18: wave#0#43#0
[info] message from 19: wave#0#45#0
[info] send message to 17: wave#0#45#0
[info] send message to 18: wave#0#45#0
[info] message from 18: wave#0#45#0
[info] message from 17: wave#0#45#4
[info] after round 0 : parent is ['19'] and leader id is 45
[info] send message to 19: wave#0#45#5
[info] message from 19: wave#1#43#0
[info] send message to 17: wave#1#43#0
[info] send message to 18: wave#1#43#0
[info] message from 18: wave#1#43#0
[info] message from 17: wave#1#43#13
[info] after round 1 : parent is ['19'] and leader id is 43
[info] send message to 19: wave#1#43#14
[info] message from 19: exit
[info] send message to 17: exit
