[info] Hello from node7
[info] I'm connected to nodes ['6', '7', '8']
[info] I have edges [('7', '6'), ('7', '7'), ('7', '8')]
[info] -- round 0 started!
[info] -- new id 10 selected!
[info] send message to 6: wave#0#10#0
[info] send message to 7: wave#0#10#0
[info] send message to 8: wave#0#10#0
[info] message from 8: wave#0#31#0
[info] send message to 6: wave#0#31#0
[info] send message to 7: wave#0#31#0
[info] message from 7: wave#0#10#0
[info] message from 8: wave#0#43#0
[info] send message to 6: wave#0#43#0
[info] send message to 7: wave#0#43#0
[info] message from 7: wave#0#31#0
[info] message from 6: wave#0#22#0
[info] message from 7: wave#0#43#0
[info] message from 6: wave#0#45#0
[info] send message to 7: wave#0#45#0
[info] send message to 8: wave#0#45#0
[info] message from 7: wave#0#45#0
[info] message from 8: wave#0#45#6
[info] after round 0 : parent is ['6'] and leader id is 45
[info] send message to 6: wave#0#45#7
[info] message from 6: wave#1#24#0
[info] send message to 7: wave#1#24#0
[info] send message to 8: wave#1#24#0
[info] message from 7: wave#1#24#0
[info] message from 8: wave#1#43#0
[info] send message to 6: wave#1#43#0
[info] send message to 7: wave#1#43#0
[info] message from 7: wave#1#43#0
[info] message from 6: wave#1#43#2
[info] after round 1 : parent is ['8'] and leader id is 43
[info] send message to 8: wave#1#43#3
[info] message from 6: exit
[info] send message to 8: exit
