[info] Hello from node15
[info] I'm connected to nodes ['14', '15', '16']
[info] I have edges [('15', '14'), ('15', '15'), ('15', '16')]
[info] -- round 0 started!
[info] -- new id 8 selected!
[info] send message to 14: wave#0#8#0
[info] send message to 15: wave#0#8#0
[info] send message to 16: wave#0#8#0
[info] message from 15: wave#0#8#0
[info] message from 14: wave#0#1#0
[info] message from 16: wave#0#17#0
[info] send message to 14: wave#0#17#0
[info] send message to 15: wave#0#17#0
[info] message from 15: wave#0#17#0
[info] message from 14: wave#0#10#0
[info] message from 16: wave#0#43#0
[info] send message to 14: wave#0#43#0
[info] send message to 15: wave#0#43#0
[info] message from 14: wave#0#28#0
[info] message from 15: wave#0#43#0
[info] message from 14: wave#0#43#1
[info] after round 0 : parent is ['16'] and leader id is 43
[info] send message to 16: wave#0#43#2
[info] message from 16: wave#0#45#0
[info] send message to 14: wave#0#45#0
[info] send message to 15: wave#0#45#0
[info] message from 15: wave#0#45#0
[info] message from 14: wave#0#45#1
[info] after round 0 : parent is ['16'] and leader id is 45
[info] send message to 16: wave#0#45#2
[info] message from 16: wave#1#43#0
[info] send message to 14: wave#1#43#0
[info] send message to 15: wave#1#43#0
[info] message from 14: wave#1#24#0
[info] message from 15: wave#1#43#0
[info] message from 14: wave#1#43#10
[info] after round 1 : parent is ['16'] and leader id is 43
[info] send message to 16: wave#1#43#11
[info] message from 16: exit
[info] send message to 14: exit
