[info] Hello from node25
[info] I'm connected to nodes ['24', '25', '26']
[info] I have edges [('25', '24'), ('25', '25'), ('25', '26')]
[info] -- round 0 started!
[info] -- new id 30 selected!
[info] send message to 24: wave#0#30#0
[info] send message to 25: wave#0#30#0
[info] send message to 26: wave#0#30#0
[info] message from 26: wave#0#30#0
[info] message from 24: wave#0#21#0
[info] message from 25: wave#0#30#0
[info] message from 26: wave#0#35#0
[info] send message to 24: wave#0#35#0
[info] send message to 25: wave#0#35#0
[info] message from 25: wave#0#35#0
[info] message from 26: wave#0#41#0
[info] send message to 24: wave#0#41#0
[info] send message to 25: wave#0#41#0
[info] message from 25: wave#0#41#0
[info] message from 24: wave#0#42#0
[info] send message to 25: wave#0#42#0
[info] send message to 26: wave#0#42#0
[info] message from 25: wave#0#42#0
[info] message from 24: wave#0#43#0
[info] send message to 25: wave#0#43#0
[info] send message to 26: wave#0#43#0
[info] message from 25: wave#0#43#0
[info] message from 26: wave#0#45#0
[info] send message to 24: wave#0#45#0
[info] send message to 25: wave#0#45#0
[info] message from 25: wave#0#45#0
[info] message from 24: wave#0#45#11
[info] after round 0 : parent is ['26'] and leader id is 45
[info] send message to 26: wave#0#45#12
[info] message from 26: wave#1#43#0
[info] send message to 24: wave#1#43#0
[info] send message to 25: wave#1#43#0
[info] message from 25: wave#1#43#0
[info] message from 24: wave#1#43#20
[info] after round 1 : parent is ['26'] and leader id is 43
[info] send message to 26: wave#1#43#21
[info] message from 26: exit
[info] send message to 24: exit
