[info] Hello from node28
[info] I'm connected to nodes ['27', '28', '29']
[info] I have edges [('28', '27'), ('28', '28'), ('28', '29')]
[info] -- round 0 started!
[info] -- new id 35 selected!
[info] send message to 27: wave#0#35#0
[info] send message to 28: wave#0#35#0
[info] send message to 29: wave#0#35#0
[info] message from 29: wave#0#6#0
[info] message from 29: wave#0#41#0
[info] send message to 27: wave#0#41#0
[info] send message to 28: wave#0#41#0
[info] message from 28: wave#0#35#0
[info] message from 27: wave#0#25#0
[info] message from 28: wave#0#41#0
[info] message from 29: wave#0#45#0
[info] send message to 27: wave#0#45#0
[info] send message to 28: wave#0#45#0
[info] message from 28: wave#0#45#0
[info] message from 27: wave#0#45#14
[info] after round 0 : parent is ['29'] and leader id is 45
[info] send message to 29: wave#0#45#15
[info] message from 29: wave#1#43#0
[info] send message to 27: wave#1#43#0
[info] send message to 28: wave#1#43#0
[info] message from 28: wave#1#43#0
[info] message from 27: wave#1#43#23
[info] after round 1 : parent is ['29'] and leader id is 43
[info] send message to 29: wave#1#43#24
[info] message from 29: exit
[info] send message to 27: exit
