[info] Hello from node5
[info] I'm connected to nodes ['4', '5', '6']
[info] I have edges [('5', '4'), ('5', '5'), ('5', '6')]
[info] -- round 0 started!
[info] -- new id 11 selected!
[info] send message to 4: wave#0#11#0
[info] send message to 5: wave#0#11#0
[info] send message to 6: wave#0#11#0
[info] message from 4: wave#0#27#0
[info] send message to 5: wave#0#27#0
[info] send message to 6: wave#0#27#0
[info] message from 4: wave#0#42#0
[info] send message to 5: wave#0#42#0
[info] send message to 6: wave#0#42#0
[info] message from 5: wave#0#11#0
[info] message from 6: wave#0#22#0
[info] message from 5: wave#0#27#0
[info] message from 6: wave#0#31#0
[info] message from 5: wave#0#42#0
[info] message from 6: wave#0#43#0
[info] send message to 4: wave#0#43#0
[info] send message to 5: wave#0#43#0
[info] message from 5: wave#0#43#0
[info] message from 4: wave#0#45#0
[info] send message to 5: wave#0#45#0
[info] send message to 6: wave#0#45#0
[info] message from 5: wave#0#45#0
[info] message from 6: wave#0#45#8
[info] after round 0 : parent is ['4'] and leader id is 45
[info] send message to 4: wave#0#45#9
[info] message from 4: wave#1#24#0
[info] send message to 5: wave#1#24#0
[info] send message to 6: wave#1#24#0
[info] message from 5: wave#1#24#0
[info] message from 6: wave#1#43#0
[info] send message to 4: wave#1#43#0
[info] send message to 5: wave#1#43#0
[info] message from 4: wave#1#43#0
[info] message from 5: wave#1#43#0
[info] after round 1 : parent is ['6'] and leader id is 43
[info] send message to 6: wave#1#43#1
[info] message from 4: exit
[info] send message to 6: exit
