[info] Hello from node2
[info] I'm connected to nodes ['1', '2', '3']
[info] I have edges [('2', '1'), ('2', '2'), ('2', '3')]
[info] -- round 0 started!
[info] -- new id 4 selected!
[info] send message to 1: wave#0#4#0
[info] send message to 2: wave#0#4#0
[info] send message to 3: wave#0#4#0
[info] message from 2: wave#0#4#0
[info] message from 1: wave#0#13#0
[info] send message to 2: wave#0#13#0
[info] send message to 3: wave#0#13#0
[info] message from 2: wave#0#13#0
[info] message from 3: wave#0#42#0
[info] send message to 1: wave#0#42#0
[info] send message to 2: wave#0#42#0
[info] message from 2: wave#0#42#0
[info] message from 3: wave#0#43#0
[info] send message to 1: wave#0#43#0
[info] send message to 2: wave#0#43#0
[info] message from 2: wave#0#43#0
[info] message from 1: wave#0#45#0
[info] send message to 2: wave#0#45#0
[info] send message to 3: wave#0#45#0
[info] message from 2: wave#0#45#0
[info] message from 3: wave#0#45#11
[info] after round 0 : parent is ['1'] and leader id is 45
[info] send message to 1: wave#0#45#12
[info] message from 1: wave#1#24#0
[info] send message to 2: wave#1#24#0
[info] send message to 3: wave#1#24#0
[info] message from 2: wave#1#24#0
[info] message from 1: wave#1#43#0
[info] send message to 2: wave#1#43#0
[info] send message to 3: wave#1#43#0
[info] message from 2: wave#1#43#0
[info] message from 3: wave#1#43#2
[info] after round 1 : parent is ['1'] and leader id is 43
[info] send message to 1: wave#1#43#3
[info] message from 1: exit
[info] send message to 3: exit
