[info] Hello from node34
[info] I'm connected to nodes ['33', '34', '35']
[info] I have edges [('34', '33'), ('34', '34'), ('34', '35')]
[info] -- round 0 started!
[info] -- new id 14 selected!
[info] send message to 33: wave#0#14#0
[info] send message to 34: wave#0#14#0
[info] send message to 35: wave#0#14#0
[info] message from 34: wave#0#14#0
[info] message from 33: wave#0#12#0
[info] message from 35: wave#0#45#0
[info] send message to 33: wave#0#45#0
[info] send message to 34: wave#0#45#0
[info] message from 34: wave#0#45#0
[info] message from 33: wave#0#16#0
[info] message from 33: wave#0#41#0
[info] message from 33: wave#0#45#20
[info] after round 0 : parent is ['35'] and leader id is 45
[info] send message to 35: wave#0#45#21
[info] message from 35: wave#1#43#0
[info] send message to 33: wave#1#43#0
[info] send message to 34: wave#1#43#0
[info] message from 34: wave#1#43#0
[info] message from 33: wave#1#43#29
[info] after round 1 : parent is ['35'] and leader id is 43
[info] send message to 35: wave#1#43#30
[info] message from 35: exit
[info] send message to 33: exit
