[info] Hello from node35
[info] I'm connected to nodes ['34', '35', '36']
[info] I have edges [('35', '34'), ('35', '35'), ('35', '36')]
[info] -- round 0 started!
[info] -- new id 45 selected!
[info] send message to 34: wave#0#45#0
[info] send message to 35: wave#0#45#0
[info] send message to 36: wave#0#45#0
[info] message from 34: wave#0#14#0
[info] message from 36: wave#0#36#0
[info] message from 35: wave#0#45#0
[info] message from 36: wave#0#45#5
[info] message from 34: wave#0#45#21
[info] after round 0 : parent is [] and leader id is 45
[info] -- round 1 started!
[info] -- new id 43 selected!
[info] send message to 34: wave#1#43#0
[info] send message to 35: wave#1#43#0
[info] send message to 36: wave#1#43#0
[info] message from 36: wave#1#24#0
[info] message from 35: wave#1#43#0
[info] message from 36: wave#1#43#14
[info] message from 34: wave#1#43#30
[info] after round 1 : parent is [] and leader id is 43
[info] send message to 34: exit
[info] send message to 36: exit
