[info] Hello from node40
[info] I'm connected to nodes ['39', '40', '41']
[info] I have edges [('40', '39'), ('40', '40'), ('40', '41')]
[info] -- round 0 started!
[info] -- new id 24 selected!
[info] send message to 39: wave#0#24#0
[info] send message to 40: wave#0#24#0
[info] send message to 41: wave#0#24#0
[info] message from 39: wave#0#27#0
[info] send message to 40: wave#0#27#0
[info] send message to 41: wave#0#27#0
[info] message from 40: wave#0#24#0
[info] message from 39: wave#0#36#0
[info] send message to 40: wave#0#36#0
[info] send message to 41: wave#0#36#0
[info] message from 41: wave#0#19#0
[info] message from 40: wave#0#27#0
[info] message from 39: wave#0#45#0
[info] send message to 40: wave#0#45#0
[info] send message to 41: wave#0#45#0
[info] message from 40: wave#0#36#0
[info] message from 41: wave#0#32#0
[info] message from 40: wave#0#45#0
[info] message from 41: wave#0#43#0
[info] message from 41: wave#0#45#0
[info] after round 0 : parent is ['39'] and leader id is 45
[info] send message to 39: wave#0#45#1
[info] message from 41: wave#1#24#0
[info] send message to 39: wave#1#24#0
[info] send message to 40: wave#1#24#0
[info] message from 40: wave#1#24#0
[info] message from 39: wave#1#43#0
[info] send message to 40: wave#1#43#0
[info] send message to 41: wave#1#43#0
[info] message from 40: wave#1#43#0
[info] message from 41: wave#1#43#9
[info] after round 1 : parent is ['39'] and leader id is 43
[info] send message to 39: wave#1#43#10
[info] message from 39: exit
[info] send message to 41: exit
