[info] Hello from node35
[info] I'm connected to nodes ['34', '35']
[info] I have edges [('35', '34'), ('35', '35')]
[info] -- round 0 started!
[info] -- new id 25 selected!
[info] send message to 34: wave#0#25#0
[info] send message to 35: wave#0#25#0
[info] message from 34: wave#0#13#0
[info] message from 34: wave#0#17#0
[info] message from 35: wave#0#25#0
[info] message from 34: wave#0#26#0
[info] send message to 35: wave#0#26#0
[info] message from 35: wave#0#26#0
[info] after round 0 : parent is ['34'] and leader id is 26
[info] send message to 34: wave#0#26#1
[info] message from 34: wave#0#33#0
[info] send message to 35: wave#0#33#0
[info] message from 35: wave#0#33#0
[info] after round 0 : parent is ['34'] and leader id is 33
[info] send message to 34: wave#0#33#1
[info] message from 34: wave#1#6#0
[info] send message to 35: wave#1#6#0
[info] message from 35: wave#1#6#0
[info] after round 1 : parent is ['34'] and leader id is 6
[info] send message to 34: wave#1#6#1
[info] message from 34: exit
