[info] Hello from node23
[info] I'm connected to nodes ['22', '23', '24']
[info] I have edges [('23', '22'), ('23', '23'), ('23', '24')]
[info] -- round 0 started!
[info] -- new id 9 selected!
[info] send message to 22: wave#0#9#0
[info] send message to 23: wave#0#9#0
[info] send message to 24: wave#0#9#0
[info] message from 22: wave#0#20#0
[info] send message to 23: wave#0#20#0
[info] send message to 24: wave#0#20#0
[info] message from 23: wave#0#9#0
[info] message from 24: wave#0#23#0
[info] send message to 22: wave#0#23#0
[info] send message to 23: wave#0#23#0
[info] message from 22: wave#0#30#0
[info] send message to 23: wave#0#30#0
[info] send message to 24: wave#0#30#0
[info] message from 23: wave#0#20#0
[info] message from 23: wave#0#23#0
[info] message from 24: wave#0#24#0
[info] message from 23: wave#0#30#0
[info] message from 22: wave#0#33#0
[info] send message to 23: wave#0#33#0
[info] send message to 24: wave#0#33#0
[info] message from 24: wave#0#27#0
[info] message from 23: wave#0#33#0
[info] message from 24: wave#0#33#0
[info] after round 0 : parent is ['22'] and leader id is 33
[info] send message to 22: wave#0#33#1
[info] message from 24: wave#1#6#0
[info] send message to 22: wave#1#6#0
[info] send message to 23: wave#1#6#0
[info] message from 22: wave#0#34#0
[info] message from 23: wave#1#6#0
[info] message from 22: wave#1#6#22
[info] after round 1 : parent is ['24'] and leader id is 6
[info] send message to 24: wave#1#6#23
[info] message from 24: exit
[info] send message to 22: exit
