[info] Hello from node33
[info] I'm connected to nodes ['32', '33', '34']
[info] I have edges [('33', '32'), ('33', '33'), ('33', '34')]
[info] -- round 0 started!
[info] -- new id 17 selected!
[info] send message to 32: wave#0#17#0
[info] send message to 33: wave#0#17#0
[info] send message to 34: wave#0#17#0
[info] message from 34: wave#0#13#0
[info] message from 33: wave#0#17#0
[info] message from 34: wave#0#25#0
[info] send message to 32: wave#0#25#0
[info] send message to 33: wave#0#25#0
[info] message from 32: wave#0#13#0
[info] message from 33: wave#0#25#0
[info] message from 32: wave#0#26#0
[info] send message to 33: wave#0#26#0
[info] send message to 34: wave#0#26#0
[info] message from 33: wave#0#26#0
[info] message from 32: wave#0#33#0
[info] send message to 33: wave#0#33#0
[info] send message to 34: wave#0#33#0
[info] message from 33: wave#0#33#0
[info] message from 34: wave#0#33#2
[info] after round 0 : parent is ['32'] and leader id is 33
[info] send message to 32: wave#0#33#3
[info] message from 32: wave#1#6#0
[info] send message to 33: wave#1#6#0
[info] send message to 34: wave#1#6#0
[info] message from 33: wave#1#6#0
[info] message from 34: wave#1#6#2
[info] after round 1 : parent is ['32'] and leader id is 6
[info] send message to 32: wave#1#6#3
[info] message from 32: exit
[info] send message to 34: exit
