[info] Hello from node25
[info] I'm connected to nodes ['24', '25', '26']
[info] I have edges [('25', '24'), ('25', '25'), ('25', '26')]
[info] -- round 0 started!
[info] -- new id 24 selected!
[info] send message to 24: wave#0#24#0
[info] send message to 25: wave#0#24#0
[info] send message to 26: wave#0#24#0
[info] message from 25: wave#0#24#0
[info] message from 26: wave#0#27#0
[info] send message to 24: wave#0#27#0
[info] send message to 25: wave#0#27#0
[info] message from 25: wave#0#27#0
[info] message from 24: wave#0#23#0
[info] message from 26: wave#0#33#0
[info] send message to 24: wave#0#33#0
[info] send message to 25: wave#0#33#0
[info] message from 25: wave#0#33#0
[info] message from 24: wave#0#30#0
[info] message from 24: wave#0#33#1
[info] after round 0 : parent is ['26'] and leader id is 33
[info] send message to 26: wave#0#33#2
[info] message from 24: wave#0#33#1
[info] after round 0 : parent is ['26'] and leader id is 33
[info] send message to 26: wave#0#33#3
[info] message from 24: wave#0#33#1
[info] after round 0 : parent is ['26'] and leader id is 33
[info] send message to 26: wave#0#33#4
[info] message from 26: wave#1#6#0
[info] send message to 24: wave#1#6#0
[info] send message to 25: wave#1#6#0
[info] message from 25: wave#1#6#0
[info] message from 24: wave#1#6#24
[info] after round 1 : parent is ['26'] and leader id is 6
[info] send message to 26: wave#1#6#25
[info] message from 26: exit
[info] send message to 24: exit
