[info] Hello from node15
[info] I'm connected to nodes ['14', '15', '16']
[info] I have edges [('15', '14'), ('15', '15'), ('15', '16')]
[info] -- round 0 started!
[info] -- new id 3 selected!
[info] send message to 14: wave#0#3#0
[info] send message to 15: wave#0#3#0
[info] send message to 16: wave#0#3#0
[info] message from 16: wave#0#33#0
[info] send message to 14: wave#0#33#0
[info] send message to 15: wave#0#33#0
[info] message from 14: wave#0#10#0
[info] message from 15: wave#0#3#0
[info] message from 15: wave#0#33#0
[info] message from 14: wave#0#25#0
[info] message from 14: wave#0#34#0
[info] send message to 15: wave#0#34#0
[info] send message to 16: wave#0#34#0
[info] message from 15: wave#0#34#0
[info] message from 16: wave#1#6#0
[info] send message to 14: wave#1#6#0
[info] send message to 15: wave#1#6#0
[info] message from 15: wave#1#6#0
[info] message from 14: wave#1#6#14
[info] after round 1 : parent is ['16'] and leader id is 6
[info] send message to 16: wave#1#6#15
[info] message from 16: exit
[info] send message to 14: exit
