[info] Hello from node28
[info] I'm connected to nodes ['27', '28', '29']
[info] I have edges [('28', '27'), ('28', '28'), ('28', '29')]
[info] -- round 0 started!
[info] -- new id 33 selected!
[info] send message to 27: wave#0#33#0
[info] send message to 28: wave#0#33#0
[info] send message to 29: wave#0#33#0
[info] message from 28: wave#0#33#0
[info] message from 29: wave#0#22#0
[info] message from 27: wave#0#20#0
[info] message from 27: wave#0#27#0
[info] message from 27: wave#0#33#4
[info] message from 27: wave#0#33#10
[info] message from 27: wave#0#33#20
[info] message from 29: wave#0#33#7
[info] after round 0 : parent is [] and leader id is 33
[info] -- round 1 started!
[info] -- new id 6 selected!
[info] send message to 27: wave#1#6#0
[info] send message to 28: wave#1#6#0
[info] send message to 29: wave#1#6#0
[info] message from 28: wave#1#6#0
[info] message from 29: wave#1#6#7
[info] message from 27: wave#1#6#27
[info] after round 1 : parent is [] and leader id is 6
[info] send message to 27: exit
[info] send message to 29: exit
