[info] Hello from node10
[info] I'm connected to nodes ['9', '10', '11']
[info] I have edges [('10', '9'), ('10', '10'), ('10', '11')]
[info] -- round 0 started!
[info] -- new id 13 selected!
[info] send message to 9: wave#0#13#0
[info] send message to 10: wave#0#13#0
[info] send message to 11: wave#0#13#0
[info] message from 10: wave#0#13#0
[info] message from 11: wave#0#25#0
[info] send message to 9: wave#0#25#0
[info] send message to 10: wave#0#25#0
[info] message from 10: wave#0#25#0
[info] message from 9: wave#0#21#0
[info] message from 9: wave#0#31#0
[info] send message to 10: wave#0#31#0
[info] send message to 11: wave#0#31#0
[info] message from 10: wave#0#31#0
[info] message from 11: wave#0#33#0
[info] send message to 9: wave#0#33#0
[info] send message to 10: wave#0#33#0
[info] message from 9: wave#0#34#0
[info] send message to 10: wave#0#34#0
[info] send message to 11: wave#0#34#0
[info] message from 10: wave#0#33#0
[info] message from 10: wave#0#34#0
[info] message from 11: wave#1#6#0
[info] send message to 9: wave#1#6#0
[info] send message to 10: wave#1#6#0
[info] message from 10: wave#1#6#0
[info] message from 9: wave#1#6#9
[info] after round 1 : parent is ['11'] and leader id is 6
[info] send message to 11: wave#1#6#10
[info] message from 11: exit
[info] send message to 9: exit
