[info] Hello from node29
[info] I'm connected to nodes ['28', '29', '30']
[info] I have edges [('29', '28'), ('29', '29'), ('29', '30')]
[info] -- round 0 started!
[info] -- new id 22 selected!
[info] send message to 28: wave#0#22#0
[info] send message to 29: wave#0#22#0
[info] send message to 30: wave#0#22#0
[info] message from 28: wave#0#33#0
[info] send message to 29: wave#0#33#0
[info] send message to 30: wave#0#33#0
[info] message from 30: wave#0#16#0
[info] message from 29: wave#0#22#0
[info] message from 30: wave#0#26#0
[info] message from 29: wave#0#33#0
[info] message from 30: wave#0#33#6
[info] after round 0 : parent is ['28'] and leader id is 33
[info] send message to 28: wave#0#33#7
[info] message from 28: wave#1#6#0
[info] send message to 29: wave#1#6#0
[info] send message to 30: wave#1#6#0
[info] message from 29: wave#1#6#0
[info] message from 30: wave#1#6#6
[info] after round 1 : parent is ['28'] and leader id is 6
[info] send message to 28: wave#1#6#7
[info] message from 28: exit
[info] send message to 30: exit
