[info] Hello from node3
[info] I'm connected to nodes ['1', '3']
[info] I have edges [('3', '1'), ('3', '3')]
[info] -- round 0 started!
[info] -- new id 38 selected!
[info] send message to 1: wave#0#38#0
[info] send message to 3: wave#0#38#0
[info] message from 3: wave#0#38#0
[info] message from 1: wave#0#10#0
[info] message from 1: wave#0#27#0
[info] message from 1: wave#0#36#0
[info] message from 1: wave#0#39#0
[info] send message to 3: wave#0#39#0
[info] message from 3: wave#0#39#0
[info] after round 0 : parent is ['1'] and leader id is 39
[info] send message to 1: wave#0#39#1
[info] message from 1: wave#0#40#0
[info] send message to 3: wave#0#40#0
[info] message from 3: wave#0#40#0
[info] after round 0 : parent is ['1'] and leader id is 40
[info] send message to 1: wave#0#40#1
[info] message from 1: wave#1#14#0
[info] send message to 3: wave#1#14#0
[info] message from 3: wave#1#14#0
[info] after round 1 : parent is ['1'] and leader id is 14
[info] send message to 1: wave#1#14#1
[info] message from 1: exit
