[info] Hello from node21
[info] I'm connected to nodes ['20', '21', '22']
[info] I have edges [('21', '20'), ('21', '21'), ('21', '22')]
[info] -- round 0 started!
[info] -- new id 30 selected!
[info] send message to 20: wave#0#30#0
[info] send message to 21: wave#0#30#0
[info] send message to 22: wave#0#30#0
[info] message from 20: wave#0#18#0
[info] message from 22: wave#0#20#0
[info] message from 21: wave#0#30#0
[info] message from 20: wave#0#33#0
[info] send message to 21: wave#0#33#0
[info] send message to 22: wave#0#33#0
[info] message from 21: wave#0#33#0
[info] message from 22: wave#0#33#2
[info] after round 0 : parent is ['20'] and leader id is 33
[info] send message to 20: wave#0#33#3
[info] message from 20: wave#0#34#0
[info] send message to 21: wave#0#34#0
[info] send message to 22: wave#0#34#0
[info] message from 21: wave#0#34#0
[info] message from 22: wave#1#6#0
[info] send message to 20: wave#1#6#0
[info] send message to 21: wave#1#6#0
[info] message from 21: wave#1#6#0
[info] message from 20: wave#1#6#20
[info] after round 1 : parent is ['22'] and leader id is 6
[info] send message to 22: wave#1#6#21
[info] message from 22: exit
[info] send message to 20: exit
