[info] Hello from node22
[info] I'm connected to nodes ['21', '22', '23']
[info] I have edges [('22', '21'), ('22', '22'), ('22', '23')]
[info] -- round 0 started!
[info] -- new id 20 selected!
[info] send message to 21: wave#0#20#0
[info] send message to 22: wave#0#20#0
[info] send message to 23: wave#0#20#0
[info] message from 22: wave#0#20#0
[info] message from 21: wave#0#30#0
[info] send message to 22: wave#0#30#0
[info] send message to 23: wave#0#30#0
[info] message from 23: wave#0#9#0
[info] message from 22: wave#0#30#0
[info] message from 23: wave#0#23#0
[info] message from 21: wave#0#33#0
[info] send message to 22: wave#0#33#0
[info] send message to 23: wave#0#33#0
[info] message from 22: wave#0#33#0
[info] message from 23: wave#0#33#1
[info] after round 0 : parent is ['21'] and leader id is 33
[info] send message to 21: wave#0#33#2
[info] message from 21: wave#0#34#0
[info] send message to 22: wave#0#34#0
[info] send message to 23: wave#0#34#0
[info] message from 22: wave#0#34#0
[info] message from 23: wave#1#6#0
[info] send message to 21: wave#1#6#0
[info] send message to 22: wave#1#6#0
[info] message from 22: wave#1#6#0
[info] message from 21: wave#1#6#21
[info] after round 1 : parent is ['23'] and leader id is 6
[info] send message to 23: wave#1#6#22
[info] message from 23: exit
[info] send message to 21: exit
