[info] Hello from node30
[info] I'm connected to nodes ['29', '30', '31']
[info] I have edges [('30', '29'), ('30', '30'), ('30', '31')]
[info] -- round 0 started!
[info] -- new id 16 selected!
[info] send message to 29: wave#0#16#0
[info] send message to 30: wave#0#16#0
[info] send message to 31: wave#0#16#0
[info] message from 31: wave#0#26#0
[info] send message to 29: wave#0#26#0
[info] send message to 30: wave#0#26#0
[info] message from 30: wave#0#16#0
[info] message from 29: wave#0#22#0
[info] message from 30: wave#0#26#0
[info] message from 29: wave#0#33#0
[info] send message to 30: wave#0#33#0
[info] send message to 31: wave#0#33#0
[info] message from 30: wave#0#33#0
[info] message from 31: wave#0#33#5
[info] after round 0 : parent is ['29'] and leader id is 33
[info] send message to 29: wave#0#33#6
[info] message from 29: wave#1#6#0
[info] send message to 30: wave#1#6#0
[info] send message to 31: wave#1#6#0
[info] message from 30: wave#1#6#0
[info] message from 31: wave#1#6#5
[info] after round 1 : parent is ['29'] and leader id is 6
[info] send message to 29: wave#1#6#6
[info] message from 29: exit
[info] send message to 31: exit
