[info] Hello from node12
[info] I'm connected to nodes ['11', '12', '13']
[info] I have edges [('12', '11'), ('12', '12'), ('12', '13')]
[info] -- round 0 started!
[info] -- new id 7 selected!
[info] send message to 11: wave#0#7#0
[info] send message to 12: wave#0#7#0
[info] send message to 13: wave#0#7#0
[info] message from 13: wave#0#2#0
[info] message from 11: wave#0#25#0
[info] send message to 12: wave#0#25#0
[info] send message to 13: wave#0#25#0
[info] message from 13: wave#0#10#0
[info] message from 12: wave#0#7#0
[info] message from 12: wave#0#25#0
[info] message from 13: wave#0#33#0
[info] send message to 11: wave#0#33#0
[info] send message to 12: wave#0#33#0
[info] message from 12: wave#0#33#0
[info] message from 11: wave#0#34#0
[info] send message to 12: wave#0#34#0
[info] send message to 13: wave#0#34#0
[info] message from 12: wave#0#34#0
[info] message from 13: wave#1#6#0
[info] send message to 11: wave#1#6#0
[info] send message to 12: wave#1#6#0
[info] message from 12: wave#1#6#0
[info] message from 11: wave#1#6#11
[info] after round 1 : parent is ['13'] and leader id is 6
[info] send message to 13: wave#1#6#12
[info] message from 13: exit
[info] send message to 11: exit
