[info] Hello from node6
[info] I'm connected to nodes ['5', '6', '7']
[info] I have edges [('6', '5'), ('6', '6'), ('6', '7')]
[info] -- round 0 started!
[info] -- new id 1 selected!
[info] send message to 5: wave#0#1#0
[info] send message to 6: wave#0#1#0
[info] send message to 7: wave#0#1#0
[info] message from 7: wave#0#2#0
[info] send message to 5: wave#0#2#0
[info] send message to 6: wave#0#2#0
[info] message from 6: wave#0#1#0
[info] message from 5: wave#0#9#0
[info] send message to 6: wave#0#9#0
[info] send message to 7: wave#0#9#0
[info] message from 7: wave#0#18#0
[info] send message to 5: wave#0#18#0
[info] send message to 6: wave#0#18#0
[info] message from 6: wave#0#2#0
[info] message from 6: wave#0#9#0
[info] message from 5: wave#0#31#0
[info] send message to 6: wave#0#31#0
[info] send message to 7: wave#0#31#0
[info] message from 7: wave#0#21#0
[info] message from 5: wave#0#34#0
[info] send message to 6: wave#0#34#0
[info] send message to 7: wave#0#34#0
[info] message from 6: wave#0#18#0
[info] message from 6: wave#0#31#0
[info] message from 7: wave#0#25#0
[info] message from 6: wave#0#34#0
[info] message from 7: wave#1#6#0
[info] send message to 5: wave#1#6#0
[info] send message to 6: wave#1#6#0
[info] message from 6: wave#1#6#0
[info] message from 5: wave#1#6#5
[info] after round 1 : parent is ['7'] and leader id is 6
[info] send message to 7: wave#1#6#6
[info] message from 7: exit
[info] send message to 5: exit
