[info] Hello from node13
[info] I'm connected to nodes ['12', '13', '14']
[info] I have edges [('13', '12'), ('13', '13'), ('13', '14')]
[info] -- round 0 started!
[info] -- new id 2 selected!
[info] send message to 12: wave#0#2#0
[info] send message to 13: wave#0#2#0
[info] send message to 14: wave#0#2#0
[info] message from 13: wave#0#2#0
[info] message from 14: wave#0#10#0
[info] send message to 12: wave#0#10#0
[info] send message to 13: wave#0#10#0
[info] message from 13: wave#0#10#0
[info] message from 12: wave#0#7#0
[info] message from 12: wave#0#25#0
[info] send message to 13: wave#0#25#0
[info] send message to 14: wave#0#25#0
[info] message from 13: wave#0#25#0
[info] message from 14: wave#0#33#0
[info] send message to 12: wave#0#33#0
[info] send message to 13: wave#0#33#0
[info] message from 13: wave#0#33#0
[info] message from 12: wave#0#34#0
[info] send message to 13: wave#0#34#0
[info] send message to 14: wave#0#34#0
[info] message from 13: wave#0#34#0
[info] message from 14: wave#1#6#0
[info] send message to 12: wave#1#6#0
[info] send message to 13: wave#1#6#0
[info] message from 13: wave#1#6#0
[info] message from 12: wave#1#6#12
[info] after round 1 : parent is ['14'] and leader id is 6
[info] send message to 14: wave#1#6#13
[info] message from 14: exit
[info] send message to 12: exit
