[info] Hello from node3
[info] I'm connected to nodes ['1', '2', '3', '9', '8']
[info] I have edges [('3', '1'), ('3', '2'), ('3', '3'), ('3', '9'), ('3', '8')]
[info] -- round 0 started!
[info] -- new id 9 selected!
[info] send message to 1: wave#0#9#0
[info] send message to 2: wave#0#9#0
[info] send message to 3: wave#0#9#0
[info] send message to 9: wave#0#9#0
[info] send message to 8: wave#0#9#0
[info] message from 3: wave#0#9#0
[info] message from 2: wave#0#9#0
[info] message from 8: wave#0#9#0
[info] message from 1: wave#0#5#0
[info] message from 9: wave#0#8#0
[info] message from 2: wave#1#7#0
[info] send message to 1: wave#1#7#0
[info] send message to 3: wave#1#7#0
[info] send message to 9: wave#1#7#0
[info] send message to 8: wave#1#7#0
[info] message from 1: wave#1#7#0
[info] message from 8: wave#1#1#0
[info] message from 3: wave#1#7#0
[info] message from 9: wave#0#9#1
[info] message from 9: wave#0#9#1
[info] message from 9: wave#1#7#1
[info] message from 8: wave#1#7#1
[info] after round 1 : parent is ['2'] and leader id is 7
[info] send message to 2: wave#1#7#3
[info] message from 1: exit
[info] send message to 2: exit
[info] send message to 9: exit
[info] send message to 8: exit
