[info] Hello from node1
[info] I'm connected to nodes ['1', '2', '25']
[info] I have edges [('1', '1'), ('1', '2'), ('1', '25')]
[info] -- round 0 started!
[info] -- new id 20 selected!
[info] send message to 1: wave#0#20#0
[info] send message to 2: wave#0#20#0
[info] send message to 25: wave#0#20#0
[info] message from 2: wave#0#9#0
[info] message from 1: wave#0#20#0
[info] message from 25: wave#0#20#0
[info] message from 2: wave#0#20#4
[info] after round 0 : parent is [] and leader id is 20
[info] -- round 1 started!
[info] -- new id 24 selected!
[info] send message to 1: wave#1#24#0
[info] send message to 2: wave#1#24#0
[info] send message to 25: wave#1#24#0
[info] message from 1: wave#1#24#0
[info] message from 25: wave#1#24#11
[info] message from 2: wave#1#24#13
[info] after round 1 : parent is [] and leader id is 24
[info] send message to 2: exit
[info] send message to 25: exit
