[info] Hello from node14
[info] I'm connected to nodes ['13', '14', '15']
[info] I have edges [('14', '13'), ('14', '14'), ('14', '15')]
[info] -- round 0 started!
[info] -- new id 20 selected!
[info] send message to 13: wave#0#20#0
[info] send message to 14: wave#0#20#0
[info] send message to 15: wave#0#20#0
[info] message from 13: wave#0#23#0
[info] send message to 14: wave#0#23#0
[info] send message to 15: wave#0#23#0
[info] message from 15: wave#0#10#0
[info] message from 14: wave#0#20#0
[info] message from 15: wave#0#24#0
[info] send message to 13: wave#0#24#0
[info] send message to 14: wave#0#24#0
[info] message from 14: wave#0#23#0
[info] message from 14: wave#0#24#0
[info] message from 13: wave#1#24#0
[info] send message to 14: wave#1#24#0
[info] send message to 15: wave#1#24#0
[info] message from 14: wave#1#24#0
[info] message from 15: wave#1#24#0
[info] after round 1 : parent is ['13'] and leader id is 24
[info] send message to 13: wave#1#24#1
[info] message from 15: exit
[info] send message to 13: exit
