[info] Hello from node18
[info] I'm connected to nodes ['17', '18', '19']
[info] I have edges [('18', '17'), ('18', '18'), ('18', '19')]
[info] -- round 0 started!
[info] -- new id 3 selected!
[info] send message to 17: wave#0#3#0
[info] send message to 18: wave#0#3#0
[info] send message to 19: wave#0#3#0
[info] message from 17: wave#0#19#0
[info] send message to 18: wave#0#19#0
[info] send message to 19: wave#0#19#0
[info] message from 17: wave#0#24#0
[info] send message to 18: wave#0#24#0
[info] send message to 19: wave#0#24#0
[info] message from 19: wave#0#9#0
[info] message from 18: wave#0#3#0
[info] message from 18: wave#0#19#0
[info] message from 18: wave#0#24#0
[info] message from 19: wave#1#24#0
[info] send message to 17: wave#1#24#0
[info] send message to 18: wave#1#24#0
[info] message from 18: wave#1#24#0
[info] message from 17: wave#1#24#3
[info] after round 1 : parent is ['19'] and leader id is 24
[info] send message to 19: wave#1#24#4
[info] message from 19: exit
[info] send message to 17: exit
