[info] Hello from node3
[info] I'm connected to nodes ['2', '3', '4']
[info] I have edges [('3', '2'), ('3', '3'), ('3', '4')]
[info] -- round 0 started!
[info] -- new id 7 selected!
[info] send message to 2: wave#0#7#0
[info] send message to 3: wave#0#7#0
[info] send message to 4: wave#0#7#0
[info] message from 2: wave#0#9#0
[info] send message to 3: wave#0#9#0
[info] send message to 4: wave#0#9#0
[info] message from 2: wave#0#20#0
[info] send message to 3: wave#0#20#0
[info] send message to 4: wave#0#20#0
[info] message from 3: wave#0#7#0
[info] message from 3: wave#0#9#0
[info] message from 4: wave#0#11#0
[info] message from 3: wave#0#20#0
[info] message from 4: wave#0#14#0
[info] message from 4: wave#0#20#2
[info] after round 0 : parent is ['2'] and leader id is 20
[info] send message to 2: wave#0#20#3
[info] message from 4: wave#0#23#0
[info] send message to 2: wave#0#23#0
[info] send message to 3: wave#0#23#0
[info] message from 3: wave#0#23#0
[info] message from 2: wave#1#24#0
[info] send message to 3: wave#1#24#0
[info] send message to 4: wave#1#24#0
[info] message from 3: wave#1#24#0
[info] message from 4: wave#1#24#11
[info] after round 1 : parent is ['2'] and leader id is 24
[info] send message to 2: wave#1#24#12
[info] message from 2: exit
[info] send message to 4: exit
