[info] Hello from node8
[info] I'm connected to nodes ['7', '8', '9']
[info] I have edges [('8', '7'), ('8', '8'), ('8', '9')]
[info] -- round 0 started!
[info] -- new id 20 selected!
[info] send message to 7: wave#0#20#0
[info] send message to 8: wave#0#20#0
[info] send message to 9: wave#0#20#0
[info] message from 7: wave#0#10#0
[info] message from 9: wave#0#20#0
[info] message from 8: wave#0#20#0
[info] message from 9: wave#0#23#0
[info] send message to 7: wave#0#23#0
[info] send message to 8: wave#0#23#0
[info] message from 8: wave#0#23#0
[info] message from 9: wave#0#24#0
[info] send message to 7: wave#0#24#0
[info] send message to 8: wave#0#24#0
[info] message from 7: wave#1#24#0
[info] send message to 8: wave#1#24#0
[info] send message to 9: wave#1#24#0
[info] message from 8: wave#0#24#0
[info] message from 8: wave#1#24#0
[info] message from 9: wave#1#24#6
[info] after round 1 : parent is ['7'] and leader id is 24
[info] send message to 7: wave#1#24#7
[info] message from 7: exit
[info] send message to 9: exit
