[info] Hello from node21
[info] I'm connected to nodes ['20', '21', '22']
[info] I have edges [('21', '20'), ('21', '21'), ('21', '22')]
[info] -- round 0 started!
[info] -- new id 12 selected!
[info] send message to 20: wave#0#12#0
[info] send message to 21: wave#0#12#0
[info] send message to 22: wave#0#12#0
[info] message from 21: wave#0#12#0
[info] message from 22: wave#0#19#0
[info] send message to 20: wave#0#19#0
[info] send message to 21: wave#0#19#0
[info] message from 21: wave#0#19#0
[info] message from 20: wave#0#17#0
[info] message from 22: wave#0#20#0
[info] send message to 20: wave#0#20#0
[info] send message to 21: wave#0#20#0
[info] message from 20: wave#0#24#0
[info] send message to 21: wave#0#24#0
[info] send message to 22: wave#0#24#0
[info] message from 22: wave#1#24#0
[info] send message to 20: wave#1#24#0
[info] send message to 21: wave#1#24#0
[info] message from 21: wave#0#20#0
[info] message from 21: wave#0#24#0
[info] message from 21: wave#1#24#0
[info] message from 20: wave#1#24#6
[info] after round 1 : parent is ['22'] and leader id is 24
[info] send message to 22: wave#1#24#7
[info] message from 22: exit
[info] send message to 20: exit
