[info] Hello from node2
[info] I'm connected to nodes ['1', '2', '3']
[info] I have edges [('2', '1'), ('2', '2'), ('2', '3')]
[info] -- round 0 started!
[info] -- new id 9 selected!
[info] send message to 1: wave#0#9#0
[info] send message to 2: wave#0#9#0
[info] send message to 3: wave#0#9#0
[info] message from 2: wave#0#9#0
[info] message from 1: wave#0#20#0
[info] send message to 2: wave#0#20#0
[info] send message to 3: wave#0#20#0
[info] message from 2: wave#0#20#0
[info] message from 3: wave#0#7#0
[info] message from 3: wave#0#20#3
[info] after round 0 : parent is ['1'] and leader id is 20
[info] send message to 1: wave#0#20#4
[info] message from 1: wave#1#24#0
[info] send message to 2: wave#1#24#0
[info] send message to 3: wave#1#24#0
[info] message from 3: wave#0#23#0
[info] message from 2: wave#1#24#0
[info] message from 3: wave#1#24#12
[info] after round 1 : parent is ['1'] and leader id is 24
[info] send message to 1: wave#1#24#13
[info] message from 1: exit
[info] send message to 3: exit
