[info] Hello from node5
[info] I'm connected to nodes ['4', '5', '6']
[info] I have edges [('5', '4'), ('5', '5'), ('5', '6')]
[info] -- round 0 started!
[info] -- new id 14 selected!
[info] send message to 4: wave#0#14#0
[info] send message to 5: wave#0#14#0
[info] send message to 6: wave#0#14#0
[info] message from 5: wave#0#14#0
[info] message from 4: wave#0#11#0
[info] message from 6: wave#0#3#0
[info] message from 4: wave#0#20#0
[info] send message to 5: wave#0#20#0
[info] send message to 6: wave#0#20#0
[info] message from 5: wave#0#20#0
[info] message from 6: wave#0#20#0
[info] after round 0 : parent is ['4'] and leader id is 20
[info] send message to 4: wave#0#20#1
[info] message from 6: wave#0#23#0
[info] send message to 4: wave#0#23#0
[info] send message to 5: wave#0#23#0
[info] message from 5: wave#0#23#0
[info] message from 4: wave#1#24#0
[info] send message to 5: wave#1#24#0
[info] send message to 6: wave#1#24#0
[info] message from 5: wave#1#24#0
[info] message from 6: wave#1#24#9
[info] after round 1 : parent is ['4'] and leader id is 24
[info] send message to 4: wave#1#24#10
[info] message from 4: exit
[info] send message to 6: exit
