[info] Hello from node6
[info] I'm connected to nodes ['5', '6', '7']
[info] I have edges [('6', '5'), ('6', '6'), ('6', '7')]
[info] -- round 0 started!
[info] -- new id 4 selected!
[info] send message to 5: wave#0#4#0
[info] send message to 6: wave#0#4#0
[info] send message to 7: wave#0#4#0
[info] message from 6: wave#0#4#0
[info] message from 7: wave#0#8#0
[info] send message to 5: wave#0#8#0
[info] send message to 6: wave#0#8#0
[info] message from 6: wave#0#8#0
[info] message from 5: wave#0#2#0
[info] message from 7: wave#0#10#0
[info] send message to 5: wave#0#10#0
[info] send message to 6: wave#0#10#0
[info] message from 6: wave#0#10#0
[info] message from 5: wave#0#8#0
[info] message from 5: wave#0#10#2
[info] after round 0 : parent is ['7'] and leader id is 10
[info] send message to 7: wave#0#10#3
[info] message from 7: exit
[info] send message to 5: exit
