[info] Hello from node3
[info] I'm connected to nodes ['2', '3', '4']
[info] I have edges [('3', '2'), ('3', '3'), ('3', '4')]
[info] -- round 0 started!
[info] -- new id 4 selected!
[info] send message to 2: wave#0#4#0
[info] send message to 3: wave#0#4#0
[info] send message to 4: wave#0#4#0
[info] message from 2: wave#0#2#0
[info] message from 2: wave#0#8#0
[info] send message to 3: wave#0#8#0
[info] send message to 4: wave#0#8#0
[info] message from 4: wave#0#8#0
[info] message from 2: wave#0#14#0
[info] send message to 3: wave#0#14#0
[info] send message to 4: wave#0#14#0
[info] message from 3: wave#0#4#0
[info] message from 4: wave#0#10#0
[info] message from 3: wave#0#8#0
[info] message from 4: wave#0#12#0
[info] message from 3: wave#0#14#0
[info] message from 4: wave#0#14#5
[info] after round 0 : parent is ['2'] and leader id is 14
[info] send message to 2: wave#0#14#6
[info] message from 2: exit
[info] send message to 4: exit
