[info] Hello from node17
[info] I'm connected to nodes ['16', '17', '18']
[info] I have edges [('17', '16'), ('17', '17'), ('17', '18')]
[info] -- round 0 started!
[info] -- new id 2 selected!
[info] send message to 16: wave#0#2#0
[info] send message to 17: wave#0#2#0
[info] send message to 18: wave#0#2#0
[info] message from 18: wave#0#26#0
[info] send message to 16: wave#0#26#0
[info] send message to 17: wave#0#26#0
[info] message from 17: wave#0#2#0
[info] message from 16: wave#0#34#0
[info] send message to 17: wave#0#34#0
[info] send message to 18: wave#0#34#0
[info] message from 17: wave#0#26#0
[info] message from 17: wave#0#34#0
[info] message from 18: wave#0#34#0
[info] after round 0 : parent is ['16'] and leader id is 34
[info] send message to 16: wave#0#34#1
[info] message from 18: wave#1#35#0
[info] send message to 16: wave#1#35#0
[info] send message to 17: wave#1#35#0
[info] message from 17: wave#1#35#0
[info] message from 16: wave#1#35#16
[info] after round 1 : parent is ['18'] and leader id is 35
[info] send message to 18: wave#1#35#17
[info] message from 18: exit
[info] send message to 16: exit
