[info] Hello from node23
[info] I'm connected to nodes ['22', '23', '24']
[info] I have edges [('23', '22'), ('23', '23'), ('23', '24')]
[info] -- round 0 started!
[info] -- new id 27 selected!
[info] send message to 22: wave#0#27#0
[info] send message to 23: wave#0#27#0
[info] send message to 24: wave#0#27#0
[info] message from 23: wave#0#27#0
[info] message from 22: wave#0#34#0
[info] send message to 23: wave#0#34#0
[info] send message to 24: wave#0#34#0
[info] message from 23: wave#0#34#0
[info] message from 24: wave#0#8#0
[info] message from 24: wave#0#14#0
[info] message from 22: wave#1#35#0
[info] send message to 23: wave#1#35#0
[info] send message to 24: wave#1#35#0
[info] message from 23: wave#1#35#0
[info] message from 24: wave#1#35#12
[info] after round 1 : parent is ['22'] and leader id is 35
[info] send message to 22: wave#1#35#13
[info] message from 22: exit
[info] send message to 24: exit
