[info] Hello from node24
[info] I'm connected to nodes ['23', '24', '25']
[info] I have edges [('24', '23'), ('24', '24'), ('24', '25')]
[info] -- round 0 started!
[info] -- new id 8 selected!
[info] send message to 23: wave#0#8#0
[info] send message to 24: wave#0#8#0
[info] send message to 25: wave#0#8#0
[info] message from 25: wave#0#14#0
[info] send message to 23: wave#0#14#0
[info] send message to 24: wave#0#14#0
[info] message from 23: wave#0#27#0
[info] send message to 24: wave#0#27#0
[info] send message to 25: wave#0#27#0
[info] message from 23: wave#0#34#0
[info] send message to 24: wave#0#34#0
[info] send message to 25: wave#0#34#0
[info] message from 24: wave#0#8#0
[info] message from 25: wave#0#33#0
[info] message from 24: wave#0#14#0
[info] message from 24: wave#0#27#0
[info] message from 24: wave#0#34#0
[info] message from 23: wave#1#35#0
[info] send message to 24: wave#1#35#0
[info] send message to 25: wave#1#35#0
[info] message from 24: wave#1#35#0
[info] message from 25: wave#1#35#11
[info] after round 1 : parent is ['23'] and leader id is 35
[info] send message to 23: wave#1#35#12
[info] message from 23: exit
[info] send message to 25: exit
