[info] Hello from node12
[info] I'm connected to nodes ['11', '12', '13']
[info] I have edges [('12', '11'), ('12', '12'), ('12', '13')]
[info] -- round 0 started!
[info] -- new id 5 selected!
[info] send message to 11: wave#0#5#0
[info] send message to 12: wave#0#5#0
[info] send message to 13: wave#0#5#0
[info] message from 13: wave#0#9#0
[info] send message to 11: wave#0#9#0
[info] send message to 12: wave#0#9#0
[info] message from 12: wave#0#5#0
[info] message from 11: wave#0#7#0
[info] message from 12: wave#0#9#0
[info] message from 13: wave#0#13#0
[info] send message to 11: wave#0#13#0
[info] send message to 12: wave#0#13#0
[info] message from 11: wave#0#11#0
[info] message from 12: wave#0#13#0
[info] message from 11: wave#1#3#0
[info] send message to 12: wave#1#3#0
[info] send message to 13: wave#1#3#0
[info] message from 12: wave#1#3#0
[info] message from 13: wave#1#3#3
[info] after round 1 : parent is ['11'] and leader id is 3
[info] send message to 11: wave#1#3#4
[info] message from 11: exit
[info] send message to 13: exit
