[info] Hello from node8
[info] I'm connected to nodes ['7', '8', '9']
[info] I have edges [('8', '7'), ('8', '8'), ('8', '9')]
[info] -- round 0 started!
[info] -- new id 10 selected!
[info] send message to 7: wave#0#10#0
[info] send message to 8: wave#0#10#0
[info] send message to 9: wave#0#10#0
[info] message from 9: wave#0#8#0
[info] message from 9: wave#0#11#0
[info] send message to 7: wave#0#11#0
[info] send message to 8: wave#0#11#0
[info] message from 8: wave#0#10#0
[info] message from 7: wave#0#6#0
[info] message from 8: wave#0#11#0
[info] message from 7: wave#0#10#1
[info] message from 9: wave#0#13#0
[info] send message to 7: wave#0#13#0
[info] send message to 8: wave#0#13#0
[info] message from 7: wave#1#3#0
[info] send message to 8: wave#1#3#0
[info] send message to 9: wave#1#3#0
[info] message from 8: wave#0#13#0
[info] message from 8: wave#1#3#0
[info] message from 9: wave#1#3#7
[info] after round 1 : parent is ['7'] and leader id is 3
[info] send message to 7: wave#1#3#8
[info] message from 7: exit
[info] send message to 9: exit
