[info] Hello from node6
[info] I'm connected to nodes ['1', '2', '3', '4', '5', '6', '7', '8', '9', '10', '11', '12', '13', '14', '15', '16', '17', '18', '19', '20', '21', '22', '23', '24', '25', '26', '27', '28', '29', '30']
[info] I have edges [('6', '1'), ('6', '2'), ('6', '3'), ('6', '4'), ('6', '5'), ('6', '6'), ('6', '7'), ('6', '8'), ('6', '9'), ('6', '10'), ('6', '11'), ('6', '12'), ('6', '13'), ('6', '14'), ('6', '15'), ('6', '16'), ('6', '17'), ('6', '18'), ('6', '19'), ('6', '20'), ('6', '21'), ('6', '22'), ('6', '23'), ('6', '24'), ('6', '25'), ('6', '26'), ('6', '27'), ('6', '28'), ('6', '29'), ('6', '30')]
[info] first phase started!
[info] rejected!
[info] waiting for CRQ messages!
[info] message from 1: CRQ#1#3#0
[info] send message to 1: vote#1
[info] message from 18: CRQ#18#3#0
[info] I have voted before!
[info] send message to 18: vote#0
[info] message from 14: CRQ#14#3#0
[info] I have voted before!
[info] send message to 14: vote#0
[info] message from 23: CRQ#23#3#0
[info] I have voted before!
[info] send message to 23: vote#0
[info] message from 19: CRQ#19#3#0
[info] I have voted before!
[info] send message to 19: vote#0
[info] message from 27: CRQ#27#3#0
[info] I have voted before!
[info] send message to 27: vote#0
[info] message from 1: CAM#1
[info] third phase started!
