[info] Hello from node15
[info] I'm connected to nodes ['1', '2', '3', '4', '5', '6', '7', '8', '9', '10', '11', '12', '13', '14', '15', '16', '17', '18', '19', '20', '21', '22', '23', '24', '25', '26', '27', '28', '29', '30']
[info] I have edges [('15', '1'), ('15', '2'), ('15', '3'), ('15', '4'), ('15', '5'), ('15', '6'), ('15', '7'), ('15', '8'), ('15', '9'), ('15', '10'), ('15', '11'), ('15', '12'), ('15', '13'), ('15', '14'), ('15', '15'), ('15', '16'), ('15', '17'), ('15', '18'), ('15', '19'), ('15', '20'), ('15', '21'), ('15', '22'), ('15', '23'), ('15', '24'), ('15', '25'), ('15', '26'), ('15', '27'), ('15', '28'), ('15', '29'), ('15', '30')]
[info] first phase started!
[info] rejected!
[info] waiting for CRQ messages!
[info] message from 1: CRQ#1#3#0
[info] send message to 1: vote#1
[info] message from 18: CRQ#18#3#0
[info] I have voted before!
[info] send message to 18: vote#0
[info] message from 14: CRQ#14#3#0
[info] I have voted before!
[info] send message to 14: vote#0
[info] message from 23: CRQ#23#3#0
[info] I have voted before!
[info] send message to 23: vote#0
[info] message from 19: CRQ#19#3#0
[info] I have voted before!
[info] send message to 19: vote#0
[info] message from 27: CRQ#27#3#0
[info] I have voted before!
[info] send message to 27: vote#0
[info] message from 1: CAM#1
[info] third phase started!
