[info] Hello from node4
[info] I'm connected to nodes ['1', '2', '3', '4', '5', '6', '7', '8', '9', '10', '11', '12', '13', '14', '15', '16', '17', '18', '19', '20', '21', '22', '23', '24', '25', '26', '27', '28', '29', '30']
[info] I have edges [('4', '1'), ('4', '2'), ('4', '3'), ('4', '4'), ('4', '5'), ('4', '6'), ('4', '7'), ('4', '8'), ('4', '9'), ('4', '10'), ('4', '11'), ('4', '12'), ('4', '13'), ('4', '14'), ('4', '15'), ('4', '16'), ('4', '17'), ('4', '18'), ('4', '19'), ('4', '20'), ('4', '21'), ('4', '22'), ('4', '23'), ('4', '24'), ('4', '25'), ('4', '26'), ('4', '27'), ('4', '28'), ('4', '29'), ('4', '30')]
[info] first phase started!
[info] rejected!
[info] waiting for CRQ messages!
[info] message from 1: CRQ#1#3#0
[info] send message to 1: vote#1
[info] message from 18: CRQ#18#3#0
[info] I have voted before!
[info] send message to 18: vote#0
[info] message from 14: CRQ#14#3#0
[info] I have voted before!
[info] send message to 14: vote#0
[info] message from 23: CRQ#23#3#0
[info] I have voted before!
[info] send message to 23: vote#0
[info] message from 19: CRQ#19#3#0
[info] I have voted before!
[info] send message to 19: vote#0
[info] message from 27: CRQ#27#3#0
[info] I have voted before!
[info] send message to 27: vote#0
[info] message from 1: CAM#1
[info] third phase started!
