[info] Hello from node26
[info] I'm connected to nodes ['1', '2', '3', '4', '5', '6', '7', '8', '9', '10', '11', '12', '13', '14', '15', '16', '17', '18', '19', '20', '21', '22', '23', '24', '25', '26', '27', '28', '29', '30']
[info] I have edges [('26', '1'), ('26', '2'), ('26', '3'), ('26', '4'), ('26', '5'), ('26', '6'), ('26', '7'), ('26', '8'), ('26', '9'), ('26', '10'), ('26', '11'), ('26', '12'), ('26', '13'), ('26', '14'), ('26', '15'), ('26', '16'), ('26', '17'), ('26', '18'), ('26', '19'), ('26', '20'), ('26', '21'), ('26', '22'), ('26', '23'), ('26', '24'), ('26', '25'), ('26', '26'), ('26', '27'), ('26', '28'), ('26', '29'), ('26', '30')]
[info] first phase started!
[info] rejected!
[info] waiting for CRQ messages!
[info] message from 1: CRQ#1#3#0
[info] send message to 1: vote#1
[info] message from 18: CRQ#18#3#0
[info] I have voted before!
[info] send message to 18: vote#0
[info] message from 14: CRQ#14#3#0
[info] I have voted before!
[info] send message to 14: vote#0
[info] message from 23: CRQ#23#3#0
[info] I have voted before!
[info] send message to 23: vote#0
[info] message from 19: CRQ#19#3#0
[info] I have voted before!
[info] send message to 19: vote#0
[info] message from 27: CRQ#27#3#0
[info] I have voted before!
[info] send message to 27: vote#0
[info] message from 1: CAM#1
[info] third phase started!
