[info] Hello from node10
[info] I'm connected to nodes ['1', '2', '3', '4', '5', '6', '7', '8', '9', '10', '11', '12', '13', '14', '15', '16', '17', '18', '19', '20', '21', '22', '23', '24', '25', '26', '27', '28', '29', '30']
[info] I have edges [('10', '1'), ('10', '2'), ('10', '3'), ('10', '4'), ('10', '5'), ('10', '6'), ('10', '7'), ('10', '8'), ('10', '9'), ('10', '10'), ('10', '11'), ('10', '12'), ('10', '13'), ('10', '14'), ('10', '15'), ('10', '16'), ('10', '17'), ('10', '18'), ('10', '19'), ('10', '20'), ('10', '21'), ('10', '22'), ('10', '23'), ('10', '24'), ('10', '25'), ('10', '26'), ('10', '27'), ('10', '28'), ('10', '29'), ('10', '30')]
[info] first phase started!
[info] rejected!
[info] waiting for CRQ messages!
[info] message from 1: CRQ#1#3#0
[info] send message to 1: vote#1
[info] message from 18: CRQ#18#3#0
[info] I have voted before!
[info] send message to 18: vote#0
[info] message from 14: CRQ#14#3#0
[info] I have voted before!
[info] send message to 14: vote#0
[info] message from 23: CRQ#23#3#0
[info] I have voted before!
[info] send message to 23: vote#0
[info] message from 19: CRQ#19#3#0
[info] I have voted before!
[info] send message to 19: vote#0
[info] message from 27: CRQ#27#3#0
[info] I have voted before!
[info] send message to 27: vote#0
[info] message from 1: CAM#1
[info] third phase started!
