[info] Hello from node30
[info] I'm connected to nodes ['1', '2', '3', '4', '5', '6', '7', '8', '9', '10', '11', '12', '13', '14', '15', '16', '17', '18', '19', '20', '21', '22', '23', '24', '25', '26', '27', '28', '29', '30']
[info] I have edges [('30', '1'), ('30', '2'), ('30', '3'), ('30', '4'), ('30', '5'), ('30', '6'), ('30', '7'), ('30', '8'), ('30', '9'), ('30', '10'), ('30', '11'), ('30', '12'), ('30', '13'), ('30', '14'), ('30', '15'), ('30', '16'), ('30', '17'), ('30', '18'), ('30', '19'), ('30', '20'), ('30', '21'), ('30', '22'), ('30', '23'), ('30', '24'), ('30', '25'), ('30', '26'), ('30', '27'), ('30', '28'), ('30', '29'), ('30', '30')]
[info] first phase started!
[info] rejected!
[info] waiting for CRQ messages!
[info] message from 1: CRQ#1#3#0
[info] send message to 1: vote#1
[info] message from 18: CRQ#18#3#0
[info] I have voted before!
[info] send message to 18: vote#0
[info] message from 14: CRQ#14#3#0
[info] I have voted before!
[info] send message to 14: vote#0
[info] message from 23: CRQ#23#3#0
[info] I have voted before!
[info] send message to 23: vote#0
[info] message from 19: CRQ#19#3#0
[info] I have voted before!
[info] send message to 19: vote#0
[info] message from 27: CRQ#27#3#0
[info] I have voted before!
[info] send message to 27: vote#0
[info] message from 1: CAM#1
[info] third phase started!
