[info] Hello from node11
[info] I'm connected to nodes ['1', '2', '3', '4', '5', '6', '7', '8', '9', '10', '11', '12', '13', '14', '15', '16', '17', '18', '19', '20', '21', '22', '23', '24', '25', '26', '27', '28', '29', '30']
[info] I have edges [('11', '1'), ('11', '2'), ('11', '3'), ('11', '4'), ('11', '5'), ('11', '6'), ('11', '7'), ('11', '8'), ('11', '9'), ('11', '10'), ('11', '11'), ('11', '12'), ('11', '13'), ('11', '14'), ('11', '15'), ('11', '16'), ('11', '17'), ('11', '18'), ('11', '19'), ('11', '20'), ('11', '21'), ('11', '22'), ('11', '23'), ('11', '24'), ('11', '25'), ('11', '26'), ('11', '27'), ('11', '28'), ('11', '29'), ('11', '30')]
[info] first phase started!
[info] rejected!
[info] waiting for CRQ messages!
[info] message from 1: CRQ#1#3#0
[info] send message to 1: vote#1
[info] message from 18: CRQ#18#3#0
[info] I have voted before!
[info] send message to 18: vote#0
[info] message from 14: CRQ#14#3#0
[info] I have voted before!
[info] send message to 14: vote#0
[info] message from 23: CRQ#23#3#0
[info] I have voted before!
[info] send message to 23: vote#0
[info] message from 19: CRQ#19#3#0
[info] I have voted before!
[info] send message to 19: vote#0
[info] message from 27: CRQ#27#3#0
[info] I have voted before!
[info] send message to 27: vote#0
[info] message from 1: CAM#1
[info] third phase started!
