[info] Hello from node20
[info] I'm connected to nodes ['1', '2', '3', '4', '5', '6', '7', '8', '9', '10', '11', '12', '13', '14', '15', '16', '17', '18', '19', '20', '21', '22', '23', '24', '25', '26', '27', '28', '29', '30']
[info] I have edges [('20', '1'), ('20', '2'), ('20', '3'), ('20', '4'), ('20', '5'), ('20', '6'), ('20', '7'), ('20', '8'), ('20', '9'), ('20', '10'), ('20', '11'), ('20', '12'), ('20', '13'), ('20', '14'), ('20', '15'), ('20', '16'), ('20', '17'), ('20', '18'), ('20', '19'), ('20', '20'), ('20', '21'), ('20', '22'), ('20', '23'), ('20', '24'), ('20', '25'), ('20', '26'), ('20', '27'), ('20', '28'), ('20', '29'), ('20', '30')]
[info] first phase started!
[info] rejected!
[info] waiting for CRQ messages!
[info] message from 1: CRQ#1#3#0
[info] send message to 1: vote#1
[info] message from 18: CRQ#18#3#0
[info] I have voted before!
[info] send message to 18: vote#0
[info] message from 14: CRQ#14#3#0
[info] I have voted before!
[info] send message to 14: vote#0
[info] message from 23: CRQ#23#3#0
[info] I have voted before!
[info] send message to 23: vote#0
[info] message from 19: CRQ#19#3#0
[info] I have voted before!
[info] send message to 19: vote#0
[info] message from 27: CRQ#27#3#0
[info] I have voted before!
[info] send message to 27: vote#0
[info] message from 1: CAM#1
[info] third phase started!
