[info] Hello from node12
[info] I'm connected to nodes ['1', '2', '3', '4', '5', '6', '7', '8', '9', '10', '11', '12', '13', '14', '15', '16', '17', '18', '19', '20', '21', '22', '23', '24', '25', '26', '27', '28', '29', '30']
[info] I have edges [('12', '1'), ('12', '2'), ('12', '3'), ('12', '4'), ('12', '5'), ('12', '6'), ('12', '7'), ('12', '8'), ('12', '9'), ('12', '10'), ('12', '11'), ('12', '12'), ('12', '13'), ('12', '14'), ('12', '15'), ('12', '16'), ('12', '17'), ('12', '18'), ('12', '19'), ('12', '20'), ('12', '21'), ('12', '22'), ('12', '23'), ('12', '24'), ('12', '25'), ('12', '26'), ('12', '27'), ('12', '28'), ('12', '29'), ('12', '30')]
[info] first phase started!
[info] rejected!
[info] waiting for CRQ messages!
[info] message from 1: CRQ#1#3#0
[info] send message to 1: vote#1
[info] message from 18: CRQ#18#3#0
[info] I have voted before!
[info] send message to 18: vote#0
[info] message from 14: CRQ#14#3#0
[info] I have voted before!
[info] send message to 14: vote#0
[info] message from 23: CRQ#23#3#0
[info] I have voted before!
[info] send message to 23: vote#0
[info] message from 19: CRQ#19#3#0
[info] I have voted before!
[info] send message to 19: vote#0
[info] message from 27: CRQ#27#3#0
[info] I have voted before!
[info] send message to 27: vote#0
[info] message from 1: CAM#1
[info] third phase started!
