[info] Hello from node39
[info] I'm connected to nodes ['1', '39']
[info] I have edges [('39', '1'), ('39', '39')]
[info] -- round 0 started!
[info] -- new id 40 selected!
[info] send message to 1: wave#0#40#0
[info] send message to 39: wave#0#40#0
[info] message from 39: wave#0#40#0
[info] message from 1: wave#0#10#0
[info] message from 1: wave#0#27#0
[info] message from 1: wave#0#36#0
[info] message from 1: wave#0#39#0
[info] message from 1: wave#0#40#0
[info] after round 0 : parent is [] and leader id is 40
[info] -- round 1 started!
[info] -- new id 13 selected!
[info] send message to 1: wave#1#13#0
[info] send message to 39: wave#1#13#0
[info] message from 39: wave#1#13#0
[info] message from 1: wave#1#14#0
[info] send message to 39: wave#1#14#0
[info] message from 39: wave#1#14#0
[info] after round 1 : parent is ['1'] and leader id is 14
[info] send message to 1: wave#1#14#1
[info] message from 1: exit
