[info] Hello from node17
[info] I'm connected to nodes ['16', '17', '18']
[info] I have edges [('17', '16'), ('17', '17'), ('17', '18')]
[info] -- round 0 started!
[info] -- new id 17 selected!
[info] send message to 16: wave#0#17#0
[info] send message to 17: wave#0#17#0
[info] send message to 18: wave#0#17#0
[info] message from 18: wave#0#13#0
[info] message from 17: wave#0#17#0
[info] message from 18: wave#0#15#0
[info] message from 16: wave#0#19#0
[info] send message to 17: wave#0#19#0
[info] send message to 18: wave#0#19#0
[info] message from 17: wave#0#19#0
[info] message from 18: wave#0#19#3
[info] after round 0 : parent is ['16'] and leader id is 19
[info] send message to 16: wave#0#19#4
[info] message from 16: wave#1#20#0
[info] send message to 17: wave#1#20#0
[info] send message to 18: wave#1#20#0
[info] message from 17: wave#1#20#0
[info] message from 18: wave#1#20#3
[info] after round 1 : parent is ['16'] and leader id is 20
[info] send message to 16: wave#1#20#4
[info] message from 16: exit
[info] send message to 18: exit
