[info] Hello from node19
[info] I'm connected to nodes ['18', '19', '20']
[info] I have edges [('19', '18'), ('19', '19'), ('19', '20')]
[info] -- round 0 started!
[info] -- new id 15 selected!
[info] send message to 18: wave#0#15#0
[info] send message to 19: wave#0#15#0
[info] send message to 20: wave#0#15#0
[info] message from 19: wave#0#15#0
[info] message from 20: wave#0#7#0
[info] message from 20: wave#0#15#1
[info] message from 20: wave#0#15#1
[info] message from 18: wave#0#13#0
[info] message from 18: wave#0#17#0
[info] send message to 19: wave#0#17#0
[info] send message to 20: wave#0#17#0
[info] message from 19: wave#0#17#0
[info] message from 18: wave#0#19#0
[info] send message to 19: wave#0#19#0
[info] send message to 20: wave#0#19#0
[info] message from 20: wave#0#17#1
[info] message from 19: wave#0#19#0
[info] message from 20: wave#0#19#1
[info] after round 0 : parent is ['18'] and leader id is 19
[info] send message to 18: wave#0#19#2
[info] message from 18: wave#1#20#0
[info] send message to 19: wave#1#20#0
[info] send message to 20: wave#1#20#0
[info] message from 19: wave#1#20#0
[info] message from 20: wave#1#20#1
[info] after round 1 : parent is ['18'] and leader id is 20
[info] send message to 18: wave#1#20#2
[info] message from 18: exit
[info] send message to 20: exit
