[info] Hello from node6
[info] I'm connected to nodes ['5', '6', '7']
[info] I have edges [('6', '5'), ('6', '6'), ('6', '7')]
[info] -- round 0 started!
[info] -- new id 3 selected!
[info] send message to 5: wave#0#3#0
[info] send message to 6: wave#0#3#0
[info] send message to 7: wave#0#3#0
[info] message from 6: wave#0#3#0
[info] message from 7: wave#0#14#0
[info] send message to 5: wave#0#14#0
[info] send message to 6: wave#0#14#0
[info] message from 6: wave#0#14#0
[info] message from 7: wave#0#17#0
[info] send message to 5: wave#0#17#0
[info] send message to 6: wave#0#17#0
[info] message from 5: wave#0#13#0
[info] message from 6: wave#0#17#0
[info] message from 7: wave#0#19#0
[info] send message to 5: wave#0#19#0
[info] send message to 6: wave#0#19#0
[info] message from 6: wave#0#19#0
[info] message from 5: wave#0#19#5
[info] after round 0 : parent is ['7'] and leader id is 19
[info] send message to 7: wave#0#19#6
[info] message from 7: wave#1#17#0
[info] send message to 5: wave#1#17#0
[info] send message to 6: wave#1#17#0
[info] message from 6: wave#1#17#0
[info] message from 7: wave#1#20#0
[info] send message to 5: wave#1#20#0
[info] send message to 6: wave#1#20#0
[info] message from 6: wave#1#20#0
[info] message from 5: wave#1#20#5
[info] after round 1 : parent is ['7'] and leader id is 20
[info] send message to 7: wave#1#20#6
[info] message from 7: exit
[info] send message to 5: exit
