[info] Hello from node3
[info] I'm connected to nodes ['2', '3', '9']
[info] I have edges [('3', '2'), ('3', '3'), ('3', '9')]
[info] -- round 0 started!
[info] -- new id 6 selected!
[info] send message to 2: wave#0#6#0
[info] send message to 3: wave#0#6#0
[info] send message to 9: wave#0#6#0
[info] message from 2: wave#0#8#0
[info] send message to 3: wave#0#8#0
[info] send message to 9: wave#0#8#0
[info] message from 2: wave#0#9#0
[info] send message to 3: wave#0#9#0
[info] send message to 9: wave#0#9#0
[info] message from 3: wave#0#6#0
[info] message from 3: wave#0#8#0
[info] message from 3: wave#0#9#0
[info] message from 9: wave#0#8#0
[info] message from 9: wave#0#9#1
[info] after round 0 : parent is ['2'] and leader id is 9
[info] send message to 2: wave#0#9#2
[info] message from 9: wave#0#9#1
[info] after round 0 : parent is ['2'] and leader id is 9
[info] send message to 2: wave#0#9#3
[info] message from 9: wave#1#9#0
[info] send message to 2: wave#1#9#0
[info] send message to 3: wave#1#9#0
[info] message from 3: wave#1#9#0
[info] message from 2: wave#1#9#6
[info] after round 1 : parent is ['9'] and leader id is 9
[info] send message to 9: wave#1#9#7
[info] message from 9: exit
[info] send message to 2: exit
