[info] Hello from node9
[info] I'm connected to nodes ['8', '9', '10']
[info] I have edges [('9', '8'), ('9', '9'), ('9', '10')]
[info] -- round 0 started!
[info] -- new id 5 selected!
[info] send message to 8: wave#0#5#0
[info] send message to 9: wave#0#5#0
[info] send message to 10: wave#0#5#0
[info] message from 8: wave#0#2#0
[info] message from 10: wave#0#2#0
[info] message from 8: wave#0#10#0
[info] send message to 9: wave#0#10#0
[info] send message to 10: wave#0#10#0
[info] message from 9: wave#0#5#0
[info] message from 10: wave#0#10#0
[info] after round 0 : parent is ['8'] and leader id is 10
[info] send message to 8: wave#0#10#1
[info] message from 9: wave#0#10#0
[info] after round 0 : parent is ['8'] and leader id is 10
[info] send message to 8: wave#0#10#1
[info] message from 10: wave#1#8#0
[info] send message to 8: wave#1#8#0
[info] send message to 9: wave#1#8#0
[info] message from 9: wave#1#8#0
[info] message from 8: wave#1#5#0
[info] message from 8: wave#1#8#4
[info] after round 1 : parent is ['10'] and leader id is 8
[info] send message to 10: wave#1#8#5
[info] message from 10: exit
[info] send message to 8: exit
