[info] Hello from node7
[info] I'm connected to nodes ['6', '7', '8']
[info] I have edges [('7', '6'), ('7', '7'), ('7', '8')]
[info] -- round 0 started!
[info] -- new id 20 selected!
[info] send message to 6: wave#0#20#0
[info] send message to 7: wave#0#20#0
[info] send message to 8: wave#0#20#0
[info] message from 6: wave#0#12#0
[info] message from 7: wave#0#20#0
[info] message from 8: wave#0#5#0
[info] message from 8: wave#0#20#6
[info] message from 8: wave#0#20#21
[info] message from 6: wave#0#20#13
[info] after round 0 : parent is [] and leader id is 20
[info] -- round 1 started!
[info] -- new id 15 selected!
[info] send message to 6: wave#1#15#0
[info] send message to 7: wave#1#15#0
[info] send message to 8: wave#1#15#0
[info] message from 7: wave#1#15#0
[info] message from 8: wave#1#15#6
[info] message from 6: wave#1#15#13
[info] after round 1 : parent is [] and leader id is 15
[info] send message to 6: exit
[info] send message to 8: exit
