[info] Hello from node18
[info] I'm connected to nodes ['17', '18', '19']
[info] I have edges [('18', '17'), ('18', '18'), ('18', '19')]
[info] -- round 0 started!
[info] -- new id 19 selected!
[info] send message to 17: wave#0#19#0
[info] send message to 18: wave#0#19#0
[info] send message to 19: wave#0#19#0
[info] message from 17: wave#0#5#0
[info] message from 19: wave#0#8#0
[info] message from 18: wave#0#19#0
[info] message from 19: wave#0#17#0
[info] message from 19: wave#0#20#0
[info] send message to 17: wave#0#20#0
[info] send message to 18: wave#0#20#0
[info] message from 18: wave#0#20#0
[info] message from 17: wave#0#20#4
[info] after round 0 : parent is ['19'] and leader id is 20
[info] send message to 19: wave#0#20#5
[info] message from 19: wave#1#15#0
[info] send message to 17: wave#1#15#0
[info] send message to 18: wave#1#15#0
[info] message from 18: wave#1#15#0
[info] message from 17: wave#1#15#4
[info] after round 1 : parent is ['19'] and leader id is 15
[info] send message to 19: wave#1#15#5
[info] message from 19: exit
[info] send message to 17: exit
