[info] Hello from node13
[info] I'm connected to nodes ['12', '13', '14']
[info] I have edges [('13', '12'), ('13', '13'), ('13', '14')]
[info] -- round 0 started!
[info] -- new id 7 selected!
[info] send message to 12: wave#0#7#0
[info] send message to 13: wave#0#7#0
[info] send message to 14: wave#0#7#0
[info] message from 12: wave#0#4#0
[info] message from 13: wave#0#7#0
[info] message from 14: wave#0#8#0
[info] send message to 12: wave#0#8#0
[info] send message to 13: wave#0#8#0
[info] message from 12: wave#0#11#0
[info] send message to 13: wave#0#11#0
[info] send message to 14: wave#0#11#0
[info] message from 13: wave#0#8#0
[info] message from 12: wave#0#12#0
[info] send message to 13: wave#0#12#0
[info] send message to 14: wave#0#12#0
[info] message from 13: wave#0#11#0
[info] message from 14: wave#0#11#0
[info] message from 12: wave#0#20#0
[info] send message to 13: wave#0#20#0
[info] send message to 14: wave#0#20#0
[info] message from 13: wave#0#12#0
[info] message from 14: wave#0#19#0
[info] message from 14: wave#0#20#0
[info] after round 0 : parent is ['12'] and leader id is 20
[info] send message to 12: wave#0#20#1
[info] message from 13: wave#0#20#0
[info] after round 0 : parent is ['12'] and leader id is 20
[info] send message to 12: wave#0#20#1
[info] message from 12: wave#1#15#0
[info] send message to 13: wave#1#15#0
[info] send message to 14: wave#1#15#0
[info] message from 13: wave#1#15#0
[info] message from 14: wave#1#15#0
[info] after round 1 : parent is ['12'] and leader id is 15
[info] send message to 12: wave#1#15#1
[info] message from 12: exit
[info] send message to 14: exit
