[info] Hello from node3
[info] I'm connected to nodes ['2', '3', '4']
[info] I have edges [('3', '2'), ('3', '3'), ('3', '4')]
[info] -- round 0 started!
[info] -- new id 17 selected!
[info] send message to 2: wave#0#17#0
[info] send message to 3: wave#0#17#0
[info] send message to 4: wave#0#17#0
[info] message from 4: wave#0#6#0
[info] message from 2: wave#0#3#0
[info] message from 3: wave#0#17#0
[info] message from 2: wave#0#4#0
[info] message from 4: wave#0#20#0
[info] send message to 2: wave#0#20#0
[info] send message to 3: wave#0#20#0
[info] message from 3: wave#0#20#0
[info] message from 2: wave#0#20#9
[info] after round 0 : parent is ['4'] and leader id is 20
[info] send message to 4: wave#0#20#10
[info] message from 4: wave#1#15#0
[info] send message to 2: wave#1#15#0
[info] send message to 3: wave#1#15#0
[info] message from 3: wave#1#15#0
[info] message from 2: wave#1#15#9
[info] after round 1 : parent is ['4'] and leader id is 15
[info] send message to 4: wave#1#15#10
[info] message from 4: exit
[info] send message to 2: exit
