[info] Hello from node20
[info] I'm connected to nodes ['1', '19', '20']
[info] I have edges [('20', '1'), ('20', '19'), ('20', '20')]
[info] -- round 0 started!
[info] -- new id 1 selected!
[info] send message to 1: wave#0#1#0
[info] send message to 19: wave#0#1#0
[info] send message to 20: wave#0#1#0
[info] message from 1: wave#0#4#0
[info] send message to 19: wave#0#4#0
[info] send message to 20: wave#0#4#0
[info] message from 1: wave#0#17#0
[info] send message to 19: wave#0#17#0
[info] send message to 20: wave#0#17#0
[info] message from 20: wave#0#1#0
[info] message from 20: wave#0#4#0
[info] message from 19: wave#0#8#0
[info] message from 20: wave#0#17#0
[info] message from 1: wave#0#20#0
[info] send message to 19: wave#0#20#0
[info] send message to 20: wave#0#20#0
[info] message from 20: wave#0#20#0
[info] message from 19: wave#0#19#0
[info] message from 19: wave#0#20#6
[info] after round 0 : parent is ['1'] and leader id is 20
[info] send message to 1: wave#0#20#7
[info] message from 1: wave#1#15#0
[info] send message to 19: wave#1#15#0
[info] send message to 20: wave#1#15#0
[info] message from 20: wave#1#15#0
[info] message from 19: wave#1#15#6
[info] after round 1 : parent is ['1'] and leader id is 15
[info] send message to 1: wave#1#15#7
[info] message from 1: exit
[info] send message to 19: exit
