[info] Hello from node20
[info] I'm connected to nodes ['19', '20', '21']
[info] I have edges [('20', '19'), ('20', '20'), ('20', '21')]
[info] -- round 0 started!
[info] -- new id 11 selected!
[info] send message to 19: wave#0#11#0
[info] send message to 20: wave#0#11#0
[info] send message to 21: wave#0#11#0
[info] message from 20: wave#0#11#0
[info] message from 21: wave#0#9#0
[info] message from 21: wave#0#24#0
[info] send message to 19: wave#0#24#0
[info] send message to 20: wave#0#24#0
[info] message from 20: wave#0#24#0
[info] message from 19: wave#0#18#0
[info] message from 19: wave#0#25#0
[info] send message to 20: wave#0#25#0
[info] send message to 21: wave#0#25#0
[info] message from 20: wave#0#25#0
[info] message from 19: wave#0#27#0
[info] send message to 20: wave#0#27#0
[info] send message to 21: wave#0#27#0
[info] message from 20: wave#0#27#0
[info] message from 19: wave#0#39#0
[info] send message to 20: wave#0#39#0
[info] send message to 21: wave#0#39#0
[info] message from 20: wave#0#39#0
[info] message from 19: wave#1#17#0
[info] send message to 20: wave#1#17#0
[info] send message to 21: wave#1#17#0
[info] message from 20: wave#1#17#0
[info] message from 21: wave#1#29#0
[info] send message to 19: wave#1#29#0
[info] send message to 20: wave#1#29#0
[info] message from 20: wave#1#29#0
[info] message from 19: wave#1#29#19
[info] after round 1 : parent is ['21'] and leader id is 29
[info] send message to 21: wave#1#29#20
[info] message from 21: exit
[info] send message to 19: exit
