[info] Hello from node37
[info] I'm connected to nodes ['36', '37', '38']
[info] I have edges [('37', '36'), ('37', '37'), ('37', '38')]
[info] -- round 0 started!
[info] -- new id 32 selected!
[info] send message to 36: wave#0#32#0
[info] send message to 37: wave#0#32#0
[info] send message to 38: wave#0#32#0
[info] message from 38: wave#0#26#0
[info] message from 36: wave#0#21#0
[info] message from 36: wave#0#37#0
[info] send message to 37: wave#0#37#0
[info] send message to 38: wave#0#37#0
[info] message from 37: wave#0#32#0
[info] message from 37: wave#0#37#0
[info] message from 38: wave#0#37#3
[info] after round 0 : parent is ['36'] and leader id is 37
[info] send message to 36: wave#0#37#4
[info] message from 36: wave#1#29#0
[info] send message to 37: wave#1#29#0
[info] send message to 38: wave#1#29#0
[info] message from 37: wave#1#29#0
[info] message from 38: wave#1#29#3
[info] after round 1 : parent is ['36'] and leader id is 29
[info] send message to 36: wave#1#29#4
[info] message from 36: exit
[info] send message to 38: exit
