[info] Hello from node25
[info] I'm connected to nodes ['24', '25', '26']
[info] I have edges [('25', '24'), ('25', '25'), ('25', '26')]
[info] -- round 0 started!
[info] -- new id 3 selected!
[info] send message to 24: wave#0#3#0
[info] send message to 25: wave#0#3#0
[info] send message to 26: wave#0#3#0
[info] message from 25: wave#0#3#0
[info] message from 26: wave#0#9#0
[info] send message to 24: wave#0#9#0
[info] send message to 25: wave#0#9#0
[info] message from 25: wave#0#9#0
[info] message from 24: wave#0#7#0
[info] message from 26: wave#0#31#0
[info] send message to 24: wave#0#31#0
[info] send message to 25: wave#0#31#0
[info] message from 25: wave#0#31#0
[info] message from 24: wave#0#24#0
[info] message from 24: wave#0#39#0
[info] send message to 25: wave#0#39#0
[info] send message to 26: wave#0#39#0
[info] message from 25: wave#0#39#0
[info] message from 26: wave#0#37#0
[info] message from 24: wave#1#17#0
[info] send message to 25: wave#1#17#0
[info] send message to 26: wave#1#17#0
[info] message from 25: wave#1#17#0
[info] message from 26: wave#1#29#0
[info] send message to 24: wave#1#29#0
[info] send message to 25: wave#1#29#0
[info] message from 25: wave#1#29#0
[info] message from 24: wave#1#29#24
[info] after round 1 : parent is ['26'] and leader id is 29
[info] send message to 26: wave#1#29#25
[info] message from 26: exit
[info] send message to 24: exit
