[info] Hello from node3
[info] I'm connected to nodes ['2', '3', '4']
[info] I have edges [('3', '2'), ('3', '3'), ('3', '4')]
[info] -- round 0 started!
[info] -- new id 8 selected!
[info] send message to 2: wave#0#8#0
[info] send message to 3: wave#0#8#0
[info] send message to 4: wave#0#8#0
[info] message from 2: wave#0#6#0
[info] message from 3: wave#0#8#0
[info] message from 4: wave#0#1#0
[info] message from 2: wave#0#34#0
[info] send message to 3: wave#0#34#0
[info] send message to 4: wave#0#34#0
[info] message from 3: wave#0#34#0
[info] message from 4: wave#0#39#0
[info] send message to 2: wave#0#39#0
[info] send message to 3: wave#0#39#0
[info] message from 3: wave#0#39#0
[info] message from 2: wave#0#39#2
[info] after round 0 : parent is ['4'] and leader id is 39
[info] send message to 4: wave#0#39#3
[info] message from 4: wave#1#17#0
[info] send message to 2: wave#1#17#0
[info] send message to 3: wave#1#17#0
[info] message from 3: wave#1#17#0
[info] message from 2: wave#1#17#2
[info] after round 1 : parent is ['4'] and leader id is 17
[info] send message to 4: wave#1#17#3
[info] message from 4: wave#1#29#0
[info] send message to 2: wave#1#29#0
[info] send message to 3: wave#1#29#0
[info] message from 3: wave#1#29#0
[info] message from 2: wave#1#29#2
[info] after round 1 : parent is ['4'] and leader id is 29
[info] send message to 4: wave#1#29#3
[info] message from 4: exit
[info] send message to 2: exit
