[info] Hello from node34
[info] I'm connected to nodes ['33', '34', '35']
[info] I have edges [('34', '33'), ('34', '34'), ('34', '35')]
[info] -- round 0 started!
[info] -- new id 7 selected!
[info] send message to 33: wave#0#7#0
[info] send message to 34: wave#0#7#0
[info] send message to 35: wave#0#7#0
[info] message from 35: wave#0#37#0
[info] send message to 33: wave#0#37#0
[info] send message to 34: wave#0#37#0
[info] message from 33: wave#0#35#0
[info] message from 34: wave#0#7#0
[info] message from 33: wave#0#37#0
[info] after round 0 : parent is ['35'] and leader id is 37
[info] send message to 35: wave#0#37#1
[info] message from 34: wave#0#37#0
[info] after round 0 : parent is ['35'] and leader id is 37
[info] send message to 35: wave#0#37#1
[info] message from 35: wave#1#29#0
[info] send message to 33: wave#1#29#0
[info] send message to 34: wave#1#29#0
[info] message from 34: wave#1#29#0
[info] message from 33: wave#1#29#33
[info] after round 1 : parent is ['35'] and leader id is 29
[info] send message to 35: wave#1#29#34
[info] message from 35: exit
[info] send message to 33: exit
