[info] Hello from node27
[info] I'm connected to nodes ['26', '27', '28']
[info] I have edges [('27', '26'), ('27', '27'), ('27', '28')]
[info] -- round 0 started!
[info] -- new id 31 selected!
[info] send message to 26: wave#0#31#0
[info] send message to 27: wave#0#31#0
[info] send message to 28: wave#0#31#0
[info] message from 28: wave#0#26#0
[info] message from 26: wave#0#9#0
[info] message from 27: wave#0#31#0
[info] message from 28: wave#0#37#0
[info] send message to 26: wave#0#37#0
[info] send message to 27: wave#0#37#0
[info] message from 27: wave#0#37#0
[info] message from 26: wave#0#39#0
[info] send message to 27: wave#0#39#0
[info] send message to 28: wave#0#39#0
[info] message from 27: wave#0#39#0
[info] message from 26: wave#1#17#0
[info] send message to 27: wave#1#17#0
[info] send message to 28: wave#1#17#0
[info] message from 27: wave#1#17#0
[info] message from 28: wave#1#29#0
[info] send message to 26: wave#1#29#0
[info] send message to 27: wave#1#29#0
[info] message from 27: wave#1#29#0
[info] message from 26: wave#1#29#26
[info] after round 1 : parent is ['28'] and leader id is 29
[info] send message to 28: wave#1#29#27
[info] message from 28: exit
[info] send message to 26: exit
