[info] Hello from node13
[info] I'm connected to nodes ['12', '13', '14']
[info] I have edges [('13', '12'), ('13', '13'), ('13', '14')]
[info] -- round 0 started!
[info] -- new id 17 selected!
[info] send message to 12: wave#0#17#0
[info] send message to 13: wave#0#17#0
[info] send message to 14: wave#0#17#0
[info] message from 13: wave#0#17#0
[info] message from 12: wave#0#21#0
[info] send message to 13: wave#0#21#0
[info] send message to 14: wave#0#21#0
[info] message from 13: wave#0#21#0
[info] message from 12: wave#0#29#0
[info] send message to 13: wave#0#29#0
[info] send message to 14: wave#0#29#0
[info] message from 13: wave#0#29#0
[info] message from 12: wave#0#39#0
[info] send message to 13: wave#0#39#0
[info] send message to 14: wave#0#39#0
[info] message from 14: wave#0#36#0
[info] message from 13: wave#0#39#0
[info] message from 14: wave#0#39#1
[info] after round 0 : parent is ['12'] and leader id is 39
[info] send message to 12: wave#0#39#2
[info] message from 14: wave#0#39#1
[info] after round 0 : parent is ['12'] and leader id is 39
[info] send message to 12: wave#0#39#3
[info] message from 12: wave#1#15#0
[info] send message to 13: wave#1#15#0
[info] send message to 14: wave#1#15#0
[info] message from 13: wave#1#15#0
[info] message from 14: wave#1#15#14
[info] after round 1 : parent is ['12'] and leader id is 15
[info] send message to 12: wave#1#15#15
[info] message from 12: exit
[info] send message to 14: exit
