[info] Hello from node18
[info] I'm connected to nodes ['17', '18', '19']
[info] I have edges [('18', '17'), ('18', '18'), ('18', '19')]
[info] -- round 0 started!
[info] -- new id 25 selected!
[info] send message to 17: wave#0#25#0
[info] send message to 18: wave#0#25#0
[info] send message to 19: wave#0#25#0
[info] message from 19: wave#0#2#0
[info] message from 17: wave#0#14#0
[info] message from 19: wave#0#21#0
[info] message from 18: wave#0#25#0
[info] message from 17: wave#0#39#0
[info] send message to 18: wave#0#39#0
[info] send message to 19: wave#0#39#0
[info] message from 18: wave#0#39#0
[info] message from 19: wave#0#31#0
[info] message from 17: wave#1#15#0
[info] send message to 18: wave#1#15#0
[info] send message to 19: wave#1#15#0
[info] message from 18: wave#1#15#0
[info] message from 19: wave#1#15#9
[info] after round 1 : parent is ['17'] and leader id is 15
[info] send message to 17: wave#1#15#10
[info] message from 17: exit
[info] send message to 19: exit
