[info] Hello from node19
[info] I'm connected to nodes ['18', '19', '20']
[info] I have edges [('19', '18'), ('19', '19'), ('19', '20')]
[info] -- round 0 started!
[info] -- new id 2 selected!
[info] send message to 18: wave#0#2#0
[info] send message to 19: wave#0#2#0
[info] send message to 20: wave#0#2#0
[info] message from 20: wave#0#21#0
[info] send message to 18: wave#0#21#0
[info] send message to 19: wave#0#21#0
[info] message from 19: wave#0#2#0
[info] message from 19: wave#0#21#0
[info] message from 18: wave#0#25#0
[info] send message to 19: wave#0#25#0
[info] send message to 20: wave#0#25#0
[info] message from 19: wave#0#25#0
[info] message from 20: wave#0#31#0
[info] send message to 18: wave#0#31#0
[info] send message to 19: wave#0#31#0
[info] message from 18: wave#0#39#0
[info] send message to 19: wave#0#39#0
[info] send message to 20: wave#0#39#0
[info] message from 19: wave#0#31#0
[info] message from 19: wave#0#39#0
[info] message from 18: wave#1#15#0
[info] send message to 19: wave#1#15#0
[info] send message to 20: wave#1#15#0
[info] message from 19: wave#1#15#0
[info] message from 20: wave#1#15#8
[info] after round 1 : parent is ['18'] and leader id is 15
[info] send message to 18: wave#1#15#9
[info] message from 18: exit
[info] send message to 20: exit
