[info] Hello from node22
[info] I'm connected to nodes ['21', '22', '23']
[info] I have edges [('22', '21'), ('22', '22'), ('22', '23')]
[info] -- round 0 started!
[info] -- new id 31 selected!
[info] send message to 21: wave#0#31#0
[info] send message to 22: wave#0#31#0
[info] send message to 23: wave#0#31#0
[info] message from 22: wave#0#31#0
[info] message from 23: wave#0#15#0
[info] message from 21: wave#0#3#0
[info] message from 21: wave#0#21#0
[info] message from 23: wave#0#26#0
[info] message from 23: wave#0#38#0
[info] send message to 21: wave#0#38#0
[info] send message to 22: wave#0#38#0
[info] message from 22: wave#0#38#0
[info] message from 21: wave#0#39#0
[info] send message to 22: wave#0#39#0
[info] send message to 23: wave#0#39#0
[info] message from 22: wave#0#39#0
[info] message from 23: wave#0#40#0
[info] send message to 21: wave#0#40#0
[info] send message to 22: wave#0#40#0
[info] message from 22: wave#0#40#0
[info] message from 21: wave#1#15#0
[info] send message to 22: wave#1#15#0
[info] send message to 23: wave#1#15#0
[info] message from 22: wave#1#15#0
[info] message from 23: wave#1#15#5
[info] after round 1 : parent is ['21'] and leader id is 15
[info] send message to 21: wave#1#15#6
[info] message from 21: exit
[info] send message to 23: exit
