[info] Hello from node2
[info] I'm connected to nodes ['1', '2', '3']
[info] I have edges [('2', '1'), ('2', '2'), ('2', '3')]
[info] -- round 0 started!
[info] -- new id 8 selected!
[info] send message to 1: wave#0#8#0
[info] send message to 2: wave#0#8#0
[info] send message to 3: wave#0#8#0
[info] message from 3: wave#0#29#0
[info] send message to 1: wave#0#29#0
[info] send message to 2: wave#0#29#0
[info] message from 2: wave#0#8#0
[info] message from 1: wave#0#17#0
[info] message from 2: wave#0#29#0
[info] message from 3: wave#0#30#0
[info] send message to 1: wave#0#30#0
[info] send message to 2: wave#0#30#0
[info] message from 2: wave#0#30#0
[info] message from 1: wave#0#30#5
[info] after round 0 : parent is ['3'] and leader id is 30
[info] send message to 3: wave#0#30#6
[info] message from 1: exit
[info] send message to 3: exit
