[info] Hello from node8
[info] I'm connected to nodes ['7', '8', '9']
[info] I have edges [('8', '7'), ('8', '8'), ('8', '9')]
[info] -- round 0 started!
[info] -- new id 24 selected!
[info] send message to 7: wave#0#24#0
[info] send message to 8: wave#0#24#0
[info] send message to 9: wave#0#24#0
[info] message from 7: wave#0#12#0
[info] message from 7: wave#0#20#0
[info] message from 8: wave#0#24#0
[info] message from 9: wave#0#6#0
[info] message from 9: wave#0#14#0
[info] message from 9: wave#0#22#0
[info] message from 7: wave#0#29#0
[info] send message to 8: wave#0#29#0
[info] send message to 9: wave#0#29#0
[info] message from 8: wave#0#29#0
[info] message from 9: wave#0#30#0
[info] send message to 7: wave#0#30#0
[info] send message to 8: wave#0#30#0
[info] message from 8: wave#0#30#0
[info] message from 7: wave#0#30#11
[info] after round 0 : parent is ['9'] and leader id is 30
[info] send message to 9: wave#0#30#12
[info] message from 9: exit
[info] send message to 7: exit
