[info] Hello from node9
[info] I'm connected to nodes ['8', '9', '10']
[info] I have edges [('9', '8'), ('9', '9'), ('9', '10')]
[info] -- round 0 started!
[info] -- new id 6 selected!
[info] send message to 8: wave#0#6#0
[info] send message to 9: wave#0#6#0
[info] send message to 10: wave#0#6#0
[info] message from 10: wave#0#14#0
[info] send message to 8: wave#0#14#0
[info] send message to 9: wave#0#14#0
[info] message from 10: wave#0#22#0
[info] send message to 8: wave#0#22#0
[info] send message to 9: wave#0#22#0
[info] message from 8: wave#0#24#0
[info] send message to 9: wave#0#24#0
[info] send message to 10: wave#0#24#0
[info] message from 9: wave#0#6#0
[info] message from 9: wave#0#14#0
[info] message from 9: wave#0#22#0
[info] message from 9: wave#0#24#0
[info] message from 8: wave#0#29#0
[info] send message to 9: wave#0#29#0
[info] send message to 10: wave#0#29#0
[info] message from 9: wave#0#29#0
[info] message from 10: wave#0#30#0
[info] send message to 8: wave#0#30#0
[info] send message to 9: wave#0#30#0
[info] message from 9: wave#0#30#0
[info] message from 8: wave#0#30#12
[info] after round 0 : parent is ['10'] and leader id is 30
[info] send message to 10: wave#0#30#13
[info] message from 10: exit
[info] send message to 8: exit
