[info] Hello from node21
[info] I'm connected to nodes ['20', '21', '22']
[info] I have edges [('21', '20'), ('21', '21'), ('21', '22')]
[info] -- round 0 started!
[info] -- new id 5 selected!
[info] send message to 20: wave#0#5#0
[info] send message to 21: wave#0#5#0
[info] send message to 22: wave#0#5#0
[info] message from 22: wave#0#7#0
[info] send message to 20: wave#0#7#0
[info] send message to 21: wave#0#7#0
[info] message from 22: wave#0#24#0
[info] send message to 20: wave#0#24#0
[info] send message to 21: wave#0#24#0
[info] message from 20: wave#0#27#0
[info] send message to 21: wave#0#27#0
[info] send message to 22: wave#0#27#0
[info] message from 21: wave#0#5#0
[info] message from 20: wave#0#30#0
[info] send message to 21: wave#0#30#0
[info] send message to 22: wave#0#30#0
[info] message from 21: wave#0#7#0
[info] message from 22: wave#0#29#0
[info] message from 21: wave#0#24#0
[info] message from 21: wave#0#27#0
[info] message from 21: wave#0#30#0
[info] message from 22: wave#0#30#5
[info] after round 0 : parent is ['20'] and leader id is 30
[info] send message to 20: wave#0#30#6
[info] message from 20: exit
[info] send message to 22: exit
