[info] Hello from node26
[info] I'm connected to nodes ['1', '26']
[info] I have edges [('26', '1'), ('26', '26')]
[info] -- round 0 started!
[info] -- new id 40 selected!
[info] send message to 1: wave#0#40#0
[info] send message to 26: wave#0#40#0
[info] message from 1: wave#0#31#0
[info] message from 26: wave#0#40#0
[info] message from 1: wave#0#32#0
[info] message from 1: wave#0#40#0
[info] after round 0 : parent is [] and leader id is 40
[info] -- round 1 started!
[info] -- new id 32 selected!
[info] send message to 1: wave#1#32#0
[info] send message to 26: wave#1#32#0
[info] message from 26: wave#1#32#0
[info] message from 1: wave#1#32#0
[info] after round 1 : parent is [] and leader id is 32
[info] -- round 2 started!
[info] -- new id 2 selected!
[info] send message to 1: wave#2#2#0
[info] send message to 26: wave#2#2#0
[info] message from 26: wave#2#2#0
[info] message from 1: wave#2#2#39
[info] after round 2 : parent is [] and leader id is 2
[info] send message to 1: exit
