[info] Hello from node14
[info] I'm connected to nodes ['13', '14', '15']
[info] I have edges [('14', '13'), ('14', '14'), ('14', '15')]
[info] -- round 0 started!
[info] -- new id 16 selected!
[info] send message to 13: wave#0#16#0
[info] send message to 14: wave#0#16#0
[info] send message to 15: wave#0#16#0
[info] message from 14: wave#0#16#0
[info] message from 13: wave#0#21#0
[info] send message to 14: wave#0#21#0
[info] send message to 15: wave#0#21#0
[info] message from 14: wave#0#21#0
[info] message from 15: wave#0#14#0
[info] message from 15: wave#0#23#0
[info] send message to 13: wave#0#23#0
[info] send message to 14: wave#0#23#0
[info] message from 14: wave#0#23#0
[info] message from 13: wave#0#23#3
[info] after round 0 : parent is ['15'] and leader id is 23
[info] send message to 15: wave#0#23#4
[info] message from 15: wave#1#14#0
[info] send message to 13: wave#1#14#0
[info] send message to 14: wave#1#14#0
[info] message from 14: wave#1#14#0
[info] message from 15: wave#1#17#0
[info] send message to 13: wave#1#17#0
[info] send message to 14: wave#1#17#0
[info] message from 14: wave#1#17#0
[info] message from 13: wave#1#17#13
[info] after round 1 : parent is ['15'] and leader id is 17
[info] send message to 15: wave#1#17#14
[info] message from 15: exit
[info] send message to 13: exit
