[info] Hello from node11
[info] I'm connected to nodes ['10', '11', '12']
[info] I have edges [('11', '10'), ('11', '11'), ('11', '12')]
[info] -- round 0 started!
[info] -- new id 6 selected!
[info] send message to 10: wave#0#6#0
[info] send message to 11: wave#0#6#0
[info] send message to 12: wave#0#6#0
[info] message from 11: wave#0#6#0
[info] message from 12: wave#0#3#0
[info] message from 10: wave#0#11#0
[info] send message to 11: wave#0#11#0
[info] send message to 12: wave#0#11#0
[info] message from 11: wave#0#11#0
[info] message from 10: wave#0#12#0
[info] send message to 11: wave#0#12#0
[info] send message to 12: wave#0#12#0
[info] message from 11: wave#0#12#0
[info] message from 12: wave#0#21#0
[info] send message to 10: wave#0#21#0
[info] send message to 11: wave#0#21#0
[info] message from 10: wave#0#17#0
[info] message from 11: wave#0#21#0
[info] message from 12: wave#0#23#0
[info] send message to 10: wave#0#23#0
[info] send message to 11: wave#0#23#0
[info] message from 10: wave#0#23#0
[info] message from 11: wave#0#23#0
[info] after round 0 : parent is ['12'] and leader id is 23
[info] send message to 12: wave#0#23#1
[info] message from 12: wave#1#14#0
[info] send message to 10: wave#1#14#0
[info] send message to 11: wave#1#14#0
[info] message from 11: wave#1#14#0
[info] message from 12: wave#1#17#0
[info] send message to 10: wave#1#17#0
[info] send message to 11: wave#1#17#0
[info] message from 11: wave#1#17#0
[info] message from 10: wave#1#17#10
[info] after round 1 : parent is ['12'] and leader id is 17
[info] send message to 12: wave#1#17#11
[info] message from 12: exit
[info] send message to 10: exit
