[info] Hello from node18
[info] I'm connected to nodes ['17', '18', '19']
[info] I have edges [('18', '17'), ('18', '18'), ('18', '19')]
[info] -- round 0 started!
[info] -- new id 11 selected!
[info] send message to 17: wave#0#11#0
[info] send message to 18: wave#0#11#0
[info] send message to 19: wave#0#11#0
[info] message from 17: wave#0#9#0
[info] message from 18: wave#0#11#0
[info] message from 19: wave#0#14#0
[info] send message to 17: wave#0#14#0
[info] send message to 18: wave#0#14#0
[info] message from 18: wave#0#14#0
[info] message from 17: wave#0#23#0
[info] send message to 18: wave#0#23#0
[info] send message to 19: wave#0#23#0
[info] message from 19: wave#0#23#0
[info] message from 18: wave#0#23#0
[info] after round 0 : parent is ['17'] and leader id is 23
[info] send message to 17: wave#0#23#1
[info] message from 19: wave#1#17#0
[info] send message to 17: wave#1#17#0
[info] send message to 18: wave#1#17#0
[info] message from 18: wave#1#17#0
[info] message from 17: wave#1#17#17
[info] after round 1 : parent is ['19'] and leader id is 17
[info] send message to 19: wave#1#17#18
[info] message from 19: exit
[info] send message to 17: exit
