[info] Hello from node22
[info] I'm connected to nodes ['21', '22', '23']
[info] I have edges [('22', '21'), ('22', '22'), ('22', '23')]
[info] -- round 0 started!
[info] -- new id 13 selected!
[info] send message to 21: wave#0#13#0
[info] send message to 22: wave#0#13#0
[info] send message to 23: wave#0#13#0
[info] message from 23: wave#0#8#0
[info] message from 21: wave#0#23#0
[info] send message to 22: wave#0#23#0
[info] send message to 23: wave#0#23#0
[info] message from 22: wave#0#13#0
[info] message from 22: wave#0#23#0
[info] message from 23: wave#0#16#0
[info] message from 23: wave#0#23#3
[info] after round 0 : parent is ['21'] and leader id is 23
[info] send message to 21: wave#0#23#4
[info] message from 21: wave#1#17#0
[info] send message to 22: wave#1#17#0
[info] send message to 23: wave#1#17#0
[info] message from 22: wave#1#17#0
[info] message from 23: wave#1#17#3
[info] after round 1 : parent is ['21'] and leader id is 17
[info] send message to 21: wave#1#17#4
[info] message from 21: exit
[info] send message to 23: exit
