[info] Hello from node8
[info] I'm connected to nodes ['7', '8', '9']
[info] I have edges [('8', '7'), ('8', '8'), ('8', '9')]
[info] -- round 0 started!
[info] -- new id 19 selected!
[info] send message to 7: wave#0#19#0
[info] send message to 8: wave#0#19#0
[info] send message to 9: wave#0#19#0
[info] message from 8: wave#0#19#0
[info] message from 7: wave#0#33#0
[info] send message to 8: wave#0#33#0
[info] send message to 9: wave#0#33#0
[info] message from 8: wave#0#33#0
[info] message from 9: wave#0#29#0
[info] message from 7: wave#0#39#0
[info] send message to 8: wave#0#39#0
[info] send message to 9: wave#0#39#0
[info] message from 8: wave#0#39#0
[info] message from 9: wave#0#39#0
[info] after round 0 : parent is ['7'] and leader id is 39
[info] send message to 7: wave#0#39#1
[info] message from 9: wave#1#15#0
[info] send message to 7: wave#1#15#0
[info] send message to 8: wave#1#15#0
[info] message from 8: wave#1#15#0
[info] message from 7: wave#1#15#20
[info] after round 1 : parent is ['9'] and leader id is 15
[info] send message to 9: wave#1#15#21
[info] message from 9: exit
[info] send message to 7: exit
