[info] Hello from node26
[info] I'm connected to nodes ['25', '26', '27']
[info] I have edges [('26', '25'), ('26', '26'), ('26', '27')]
[info] -- round 0 started!
[info] -- new id 17 selected!
[info] send message to 25: wave#0#17#0
[info] send message to 26: wave#0#17#0
[info] send message to 27: wave#0#17#0
[info] message from 25: wave#0#38#0
[info] send message to 26: wave#0#38#0
[info] send message to 27: wave#0#38#0
[info] message from 26: wave#0#17#0
[info] message from 26: wave#0#38#0
[info] message from 27: wave#0#6#0
[info] message from 27: wave#0#18#0
[info] message from 27: wave#0#40#0
[info] send message to 25: wave#0#40#0
[info] send message to 26: wave#0#40#0
[info] message from 26: wave#0#40#0
[info] message from 25: wave#1#15#0
[info] send message to 26: wave#1#15#0
[info] send message to 27: wave#1#15#0
[info] message from 26: wave#1#15#0
[info] message from 27: wave#1#15#1
[info] after round 1 : parent is ['25'] and leader id is 15
[info] send message to 25: wave#1#15#2
[info] message from 25: exit
[info] send message to 27: exit
