[info] Hello from node21
[info] I'm connected to nodes ['20', '21', '22']
[info] I have edges [('21', '20'), ('21', '21'), ('21', '22')]
[info] -- round 0 started!
[info] -- new id 3 selected!
[info] send message to 20: wave#0#3#0
[info] send message to 21: wave#0#3#0
[info] send message to 22: wave#0#3#0
[info] message from 20: wave#0#21#0
[info] send message to 21: wave#0#21#0
[info] send message to 22: wave#0#21#0
[info] message from 22: wave#0#31#0
[info] send message to 20: wave#0#31#0
[info] send message to 21: wave#0#31#0
[info] message from 21: wave#0#3#0
[info] message from 21: wave#0#21#0
[info] message from 20: wave#0#25#0
[info] message from 21: wave#0#31#0
[info] message from 22: wave#0#38#0
[info] send message to 20: wave#0#38#0
[info] send message to 21: wave#0#38#0
[info] message from 20: wave#0#39#0
[info] send message to 21: wave#0#39#0
[info] send message to 22: wave#0#39#0
[info] message from 21: wave#0#38#0
[info] message from 21: wave#0#39#0
[info] message from 20: wave#1#15#0
[info] send message to 21: wave#1#15#0
[info] send message to 22: wave#1#15#0
[info] message from 22: wave#0#40#0
[info] message from 21: wave#1#15#0
[info] message from 22: wave#1#15#6
[info] after round 1 : parent is ['20'] and leader id is 15
[info] send message to 20: wave#1#15#7
[info] message from 20: exit
[info] send message to 22: exit
