[info] Hello from node14
[info] I'm connected to nodes ['13', '14', '15']
[info] I have edges [('14', '13'), ('14', '14'), ('14', '15')]
[info] -- round 0 started!
[info] -- new id 36 selected!
[info] send message to 13: wave#0#36#0
[info] send message to 14: wave#0#36#0
[info] send message to 15: wave#0#36#0
[info] message from 13: wave#0#17#0
[info] message from 13: wave#0#21#0
[info] message from 13: wave#0#29#0
[info] message from 13: wave#0#39#0
[info] send message to 14: wave#0#39#0
[info] send message to 15: wave#0#39#0
[info] message from 14: wave#0#36#0
[info] message from 15: wave#0#39#0
[info] after round 0 : parent is ['13'] and leader id is 39
[info] send message to 13: wave#0#39#1
[info] message from 14: wave#0#39#0
[info] after round 0 : parent is ['13'] and leader id is 39
[info] send message to 13: wave#0#39#1
[info] message from 13: wave#1#15#0
[info] send message to 14: wave#1#15#0
[info] send message to 15: wave#1#15#0
[info] message from 14: wave#1#15#0
[info] message from 15: wave#1#15#13
[info] after round 1 : parent is ['13'] and leader id is 15
[info] send message to 13: wave#1#15#14
[info] message from 13: exit
[info] send message to 15: exit
