[info] Hello from node6
[info] I'm connected to nodes ['5', '6', '7']
[info] I have edges [('6', '5'), ('6', '6'), ('6', '7')]
[info] -- round 0 started!
[info] -- new id 22 selected!
[info] send message to 5: wave#0#22#0
[info] send message to 6: wave#0#22#0
[info] send message to 7: wave#0#22#0
[info] message from 5: wave#0#18#0
[info] message from 7: wave#0#33#0
[info] send message to 5: wave#0#33#0
[info] send message to 6: wave#0#33#0
[info] message from 6: wave#0#22#0
[info] message from 5: wave#0#39#0
[info] send message to 6: wave#0#39#0
[info] send message to 7: wave#0#39#0
[info] message from 6: wave#0#33#0
[info] message from 6: wave#0#39#0
[info] message from 7: wave#0#39#2
[info] after round 0 : parent is ['5'] and leader id is 39
[info] send message to 5: wave#0#39#3
[info] message from 7: wave#1#15#0
[info] send message to 5: wave#1#15#0
[info] send message to 6: wave#1#15#0
[info] message from 6: wave#1#15#0
[info] message from 5: wave#1#15#18
[info] after round 1 : parent is ['7'] and leader id is 15
[info] send message to 7: wave#1#15#19
[info] message from 7: exit
[info] send message to 5: exit
