[info] Hello from node17
[info] I'm connected to nodes ['16', '17', '18']
[info] I have edges [('17', '16'), ('17', '17'), ('17', '18')]
[info] -- round 0 started!
[info] -- new id 14 selected!
[info] send message to 16: wave#0#14#0
[info] send message to 17: wave#0#14#0
[info] send message to 18: wave#0#14#0
[info] message from 17: wave#0#14#0
[info] message from 16: wave#0#3#0
[info] message from 18: wave#0#25#0
[info] send message to 16: wave#0#25#0
[info] send message to 17: wave#0#25#0
[info] message from 17: wave#0#25#0
[info] message from 16: wave#0#39#0
[info] send message to 17: wave#0#39#0
[info] send message to 18: wave#0#39#0
[info] message from 17: wave#0#39#0
[info] message from 16: wave#1#15#0
[info] send message to 17: wave#1#15#0
[info] send message to 18: wave#1#15#0
[info] message from 17: wave#1#15#0
[info] message from 18: wave#1#15#10
[info] after round 1 : parent is ['16'] and leader id is 15
[info] send message to 16: wave#1#15#11
[info] message from 16: exit
[info] send message to 18: exit
