[info] Hello from node10
[info] I'm connected to nodes ['9', '10', '11']
[info] I have edges [('10', '9'), ('10', '10'), ('10', '11')]
[info] -- round 0 started!
[info] -- new id 39 selected!
[info] send message to 9: wave#0#39#0
[info] send message to 10: wave#0#39#0
[info] send message to 11: wave#0#39#0
[info] message from 11: wave#0#29#0
[info] message from 10: wave#0#39#0
[info] message from 9: wave#0#29#0
[info] message from 9: wave#0#39#1
[info] message from 9: wave#0#39#1
[info] message from 11: wave#0#39#4
[info] after round 0 : parent is [] and leader id is 39
[info] -- round 1 started!
[info] -- new id 15 selected!
[info] send message to 9: wave#1#15#0
[info] send message to 10: wave#1#15#0
[info] send message to 11: wave#1#15#0
[info] message from 10: wave#1#15#0
[info] message from 11: wave#0#39#10
[info] message from 11: wave#1#15#17
[info] message from 9: wave#1#15#22
[info] after round 1 : parent is [] and leader id is 15
[info] send message to 9: exit
[info] send message to 11: exit
