[info] Hello from node9
[info] I'm connected to nodes ['8', '9', '10']
[info] I have edges [('9', '8'), ('9', '9'), ('9', '10')]
[info] -- round 0 started!
[info] -- new id 29 selected!
[info] send message to 8: wave#0#29#0
[info] send message to 9: wave#0#29#0
[info] send message to 10: wave#0#29#0
[info] message from 8: wave#0#19#0
[info] message from 10: wave#0#39#0
[info] send message to 8: wave#0#39#0
[info] send message to 9: wave#0#39#0
[info] message from 8: wave#0#33#0
[info] message from 9: wave#0#29#0
[info] message from 8: wave#0#39#0
[info] after round 0 : parent is ['10'] and leader id is 39
[info] send message to 10: wave#0#39#1
[info] message from 9: wave#0#39#0
[info] after round 0 : parent is ['10'] and leader id is 39
[info] send message to 10: wave#0#39#1
[info] message from 10: wave#1#15#0
[info] send message to 8: wave#1#15#0
[info] send message to 9: wave#1#15#0
[info] message from 9: wave#1#15#0
[info] message from 8: wave#1#15#21
[info] after round 1 : parent is ['10'] and leader id is 15
[info] send message to 10: wave#1#15#22
[info] message from 10: exit
[info] send message to 8: exit
