[info] Hello from node24
[info] I'm connected to nodes ['23', '24', '25']
[info] I have edges [('24', '23'), ('24', '24'), ('24', '25')]
[info] -- round 0 started!
[info] -- new id 26 selected!
[info] send message to 23: wave#0#26#0
[info] send message to 24: wave#0#26#0
[info] send message to 25: wave#0#26#0
[info] message from 25: wave#0#38#0
[info] send message to 23: wave#0#38#0
[info] send message to 24: wave#0#38#0
[info] message from 24: wave#0#26#0
[info] message from 23: wave#0#15#0
[info] message from 24: wave#0#38#0
[info] message from 23: wave#0#31#0
[info] message from 23: wave#0#39#0
[info] send message to 24: wave#0#39#0
[info] send message to 25: wave#0#39#0
[info] message from 24: wave#0#39#0
[info] message from 25: wave#0#40#0
[info] send message to 23: wave#0#40#0
[info] send message to 24: wave#0#40#0
[info] message from 24: wave#0#40#0
[info] message from 23: wave#1#15#0
[info] send message to 24: wave#1#15#0
[info] send message to 25: wave#1#15#0
[info] message from 24: wave#1#15#0
[info] message from 25: wave#1#15#3
[info] after round 1 : parent is ['23'] and leader id is 15
[info] send message to 23: wave#1#15#4
[info] message from 23: exit
[info] send message to 25: exit
