[info] Hello from node20
[info] I'm connected to nodes ['19', '20', '21']
[info] I have edges [('20', '19'), ('20', '20'), ('20', '21')]
[info] -- round 0 started!
[info] -- new id 21 selected!
[info] send message to 19: wave#0#21#0
[info] send message to 20: wave#0#21#0
[info] send message to 21: wave#0#21#0
[info] message from 20: wave#0#21#0
[info] message from 19: wave#0#2#0
[info] message from 21: wave#0#3#0
[info] message from 19: wave#0#25#0
[info] send message to 20: wave#0#25#0
[info] send message to 21: wave#0#25#0
[info] message from 20: wave#0#25#0
[info] message from 21: wave#0#31#0
[info] send message to 19: wave#0#31#0
[info] send message to 20: wave#0#31#0
[info] message from 20: wave#0#31#0
[info] message from 19: wave#0#39#0
[info] send message to 20: wave#0#39#0
[info] send message to 21: wave#0#39#0
[info] message from 20: wave#0#39#0
[info] message from 21: wave#0#38#0
[info] message from 19: wave#1#15#0
[info] send message to 20: wave#1#15#0
[info] send message to 21: wave#1#15#0
[info] message from 20: wave#1#15#0
[info] message from 21: wave#1#15#7
[info] after round 1 : parent is ['19'] and leader id is 15
[info] send message to 19: wave#1#15#8
[info] message from 19: exit
[info] send message to 21: exit
