[info] Hello from node40
[info] I'm connected to nodes ['1', '39', '40']
[info] I have edges [('40', '1'), ('40', '39'), ('40', '40')]
[info] -- round 0 started!
[info] -- new id 29 selected!
[info] send message to 1: wave#0#29#0
[info] send message to 39: wave#0#29#0
[info] send message to 40: wave#0#29#0
[info] message from 1: wave#0#21#0
[info] message from 1: wave#0#30#0
[info] send message to 39: wave#0#30#0
[info] send message to 40: wave#0#30#0
[info] message from 1: wave#0#39#0
[info] send message to 39: wave#0#39#0
[info] send message to 40: wave#0#39#0
[info] message from 1: wave#1#15#0
[info] send message to 39: wave#1#15#0
[info] send message to 40: wave#1#15#0
[info] message from 39: wave#0#26#0
[info] message from 40: wave#0#29#0
[info] message from 40: wave#0#30#0
[info] message from 40: wave#0#39#0
[info] message from 40: wave#1#15#0
[info] message from 39: wave#1#15#12
[info] after round 1 : parent is ['1'] and leader id is 15
[info] send message to 1: wave#1#15#13
[info] message from 1: exit
[info] send message to 39: exit
