[info] Hello from node2
[info] I'm connected to nodes ['1', '2']
[info] I have edges [('2', '1'), ('2', '2')]
[info] -- round 0 started!
[info] -- new id 1 selected!
[info] send message to 1: wave#0#1#0
[info] send message to 2: wave#0#1#0
[info] message from 1: wave#0#15#0
[info] send message to 2: wave#0#15#0
[info] message from 2: wave#0#1#0
[info] after round 0 : parent is ['1'] and leader id is 15
[info] send message to 1: wave#0#15#1
[info] message from 2: wave#0#15#0
[info] after round 0 : parent is ['1'] and leader id is 15
[info] send message to 1: wave#0#15#1
[info] message from 1: wave#0#21#0
[info] send message to 2: wave#0#21#0
[info] message from 2: wave#0#21#0
[info] after round 0 : parent is ['1'] and leader id is 21
[info] send message to 1: wave#0#21#1
[info] message from 1: wave#0#23#0
[info] send message to 2: wave#0#23#0
[info] message from 2: wave#0#23#0
[info] after round 0 : parent is ['1'] and leader id is 23
[info] send message to 1: wave#0#23#1
[info] message from 1: wave#0#24#0
[info] send message to 2: wave#0#24#0
[info] message from 2: wave#0#24#0
[info] after round 0 : parent is ['1'] and leader id is 24
[info] send message to 1: wave#0#24#1
[info] message from 1: wave#1#18#0
[info] send message to 2: wave#1#18#0
[info] message from 2: wave#1#18#0
[info] after round 1 : parent is ['1'] and leader id is 18
[info] send message to 1: wave#1#18#1
[info] message from 1: exit
