[info] Hello from node5
[info] I'm connected to nodes ['1', '5']
[info] I have edges [('5', '1'), ('5', '5')]
[info] -- round 0 started!
[info] -- new id 5 selected!
[info] send message to 1: wave#0#5#0
[info] send message to 5: wave#0#5#0
[info] message from 1: wave#0#6#0
[info] send message to 5: wave#0#6#0
[info] message from 5: wave#0#5#0
[info] after round 0 : parent is ['1'] and leader id is 6
[info] send message to 1: wave#0#6#1
[info] message from 5: wave#0#6#0
[info] after round 0 : parent is ['1'] and leader id is 6
[info] send message to 1: wave#0#6#1
[info] message from 1: wave#0#17#0
[info] send message to 5: wave#0#17#0
[info] message from 5: wave#0#17#0
[info] after round 0 : parent is ['1'] and leader id is 17
[info] send message to 1: wave#0#17#1
[info] message from 1: wave#1#6#0
[info] send message to 5: wave#1#6#0
[info] message from 5: wave#1#6#0
[info] after round 1 : parent is ['1'] and leader id is 6
[info] send message to 1: wave#1#6#1
[info] message from 1: wave#1#9#0
[info] send message to 5: wave#1#9#0
[info] message from 5: wave#1#9#0
[info] after round 1 : parent is ['1'] and leader id is 9
[info] send message to 1: wave#1#9#1
[info] message from 1: exit
