[info] Hello from node18
[info] I'm connected to nodes ['1', '18']
[info] I have edges [('18', '1'), ('18', '18')]
[info] -- round 0 started!
[info] -- new id 18 selected!
[info] send message to 1: wave#0#18#0
[info] send message to 18: wave#0#18#0
[info] message from 1: wave#0#6#0
[info] message from 18: wave#0#18#0
[info] message from 1: wave#0#17#0
[info] message from 1: wave#1#6#0
[info] send message to 18: wave#1#6#0
[info] message from 18: wave#1#6#0
[info] after round 1 : parent is ['1'] and leader id is 6
[info] send message to 1: wave#1#6#1
[info] message from 1: wave#1#9#0
[info] send message to 18: wave#1#9#0
[info] message from 18: wave#1#9#0
[info] after round 1 : parent is ['1'] and leader id is 9
[info] send message to 1: wave#1#9#1
[info] message from 1: exit
