[info] Hello from node14
[info] I'm connected to nodes ['13', '14', '15']
[info] I have edges [('14', '13'), ('14', '14'), ('14', '15')]
[info] -- round 0 started!
[info] -- new id 12 selected!
[info] send message to 13: wave#0#12#0
[info] send message to 14: wave#0#12#0
[info] send message to 15: wave#0#12#0
[info] message from 14: wave#0#12#0
[info] message from 13: wave#0#19#0
[info] send message to 14: wave#0#19#0
[info] send message to 15: wave#0#19#0
[info] message from 15: wave#0#30#0
[info] send message to 13: wave#0#30#0
[info] send message to 14: wave#0#30#0
[info] message from 14: wave#0#19#0
[info] message from 13: wave#0#27#0
[info] message from 14: wave#0#30#0
[info] message from 13: wave#0#30#3
[info] after round 0 : parent is ['15'] and leader id is 30
[info] send message to 15: wave#0#30#4
[info] message from 15: wave#1#5#0
[info] send message to 13: wave#1#5#0
[info] send message to 14: wave#1#5#0
[info] message from 14: wave#1#5#0
[info] message from 13: wave#1#10#0
[info] send message to 14: wave#1#10#0
[info] send message to 15: wave#1#10#0
[info] message from 14: wave#1#10#0
[info] message from 15: wave#1#13#0
[info] send message to 13: wave#1#13#0
[info] send message to 14: wave#1#13#0
[info] message from 14: wave#1#13#0
[info] message from 13: wave#1#13#12
[info] after round 1 : parent is ['15'] and leader id is 13
[info] send message to 15: wave#1#13#13
[info] message from 15: exit
[info] send message to 13: exit
