[info] Hello from node7
[info] I'm connected to nodes ['6', '7', '8']
[info] I have edges [('7', '6'), ('7', '7'), ('7', '8')]
[info] -- round 0 started!
[info] -- new id 30 selected!
[info] send message to 6: wave#0#30#0
[info] send message to 7: wave#0#30#0
[info] send message to 8: wave#0#30#0
[info] message from 8: wave#0#30#0
[info] message from 6: wave#0#28#0
[info] message from 7: wave#0#30#0
[info] message from 8: wave#1#10#0
[info] send message to 6: wave#1#10#0
[info] send message to 7: wave#1#10#0
[info] message from 7: wave#1#10#0
[info] message from 8: wave#1#13#0
[info] send message to 6: wave#1#13#0
[info] send message to 7: wave#1#13#0
[info] message from 7: wave#1#13#0
[info] message from 6: wave#1#13#5
[info] after round 1 : parent is ['8'] and leader id is 13
[info] send message to 8: wave#1#13#6
[info] message from 8: exit
[info] send message to 6: exit
