[info] Hello from node1
[info] I'm connected to nodes ['1', '2', '30']
[info] I have edges [('1', '1'), ('1', '2'), ('1', '30')]
[info] -- round 0 started!
[info] -- new id 13 selected!
[info] send message to 1: wave#0#13#0
[info] send message to 2: wave#0#13#0
[info] send message to 30: wave#0#13#0
[info] message from 1: wave#0#13#0
[info] message from 2: wave#0#22#0
[info] send message to 1: wave#0#22#0
[info] send message to 30: wave#0#22#0
[info] message from 1: wave#0#22#0
[info] message from 2: wave#0#29#0
[info] send message to 1: wave#0#29#0
[info] send message to 30: wave#0#29#0
[info] message from 1: wave#0#29#0
[info] message from 2: wave#0#30#0
[info] send message to 1: wave#0#30#0
[info] send message to 30: wave#0#30#0
[info] message from 1: wave#0#30#0
[info] message from 30: wave#0#14#0
[info] message from 2: wave#1#10#0
[info] send message to 1: wave#1#10#0
[info] send message to 30: wave#1#10#0
[info] message from 1: wave#1#10#0
[info] message from 30: wave#1#13#0
[info] send message to 1: wave#1#13#0
[info] send message to 2: wave#1#13#0
[info] message from 2: wave#1#13#0
[info] message from 1: wave#1#13#0
[info] after round 1 : parent is ['30'] and leader id is 13
[info] send message to 30: wave#1#13#1
[info] message from 30: exit
[info] send message to 2: exit
