[info] Hello from node18
[info] I'm connected to nodes ['17', '18', '19']
[info] I have edges [('18', '17'), ('18', '18'), ('18', '19')]
[info] -- round 0 started!
[info] -- new id 20 selected!
[info] send message to 17: wave#0#20#0
[info] send message to 18: wave#0#20#0
[info] send message to 19: wave#0#20#0
[info] message from 18: wave#0#20#0
[info] message from 19: wave#0#1#0
[info] message from 17: wave#0#7#0
[info] message from 19: wave#0#20#2
[info] message from 17: wave#0#30#0
[info] send message to 18: wave#0#30#0
[info] send message to 19: wave#0#30#0
[info] message from 18: wave#0#30#0
[info] message from 17: wave#1#5#0
[info] send message to 18: wave#1#5#0
[info] send message to 19: wave#1#5#0
[info] message from 18: wave#1#5#0
[info] message from 19: wave#1#13#0
[info] send message to 17: wave#1#13#0
[info] send message to 18: wave#1#13#0
[info] message from 18: wave#1#13#0
[info] message from 17: wave#1#13#16
[info] after round 1 : parent is ['19'] and leader id is 13
[info] send message to 19: wave#1#13#17
[info] message from 19: exit
[info] send message to 17: exit
