[info] Hello from node28
[info] I'm connected to nodes ['27', '28', '29']
[info] I have edges [('28', '27'), ('28', '28'), ('28', '29')]
[info] -- round 0 started!
[info] -- new id 26 selected!
[info] send message to 27: wave#0#26#0
[info] send message to 28: wave#0#26#0
[info] send message to 29: wave#0#26#0
[info] message from 27: wave#0#10#0
[info] message from 28: wave#0#26#0
[info] message from 29: wave#0#19#0
[info] message from 29: wave#0#22#0
[info] message from 29: wave#0#29#0
[info] send message to 27: wave#0#29#0
[info] send message to 28: wave#0#29#0
[info] message from 28: wave#0#29#0
[info] message from 29: wave#0#30#0
[info] send message to 27: wave#0#30#0
[info] send message to 28: wave#0#30#0
[info] message from 29: wave#1#10#0
[info] send message to 27: wave#1#10#0
[info] send message to 28: wave#1#10#0
[info] message from 28: wave#0#30#0
[info] message from 28: wave#1#10#0
[info] message from 27: wave#1#13#0
[info] send message to 28: wave#1#13#0
[info] send message to 29: wave#1#13#0
[info] message from 28: wave#1#13#0
[info] message from 29: wave#1#13#3
[info] after round 1 : parent is ['27'] and leader id is 13
[info] send message to 27: wave#1#13#4
[info] message from 27: exit
[info] send message to 29: exit
