[info] Hello from node6
[info] I'm connected to nodes ['5', '6', '7']
[info] I have edges [('6', '5'), ('6', '6'), ('6', '7')]
[info] -- round 0 started!
[info] -- new id 28 selected!
[info] send message to 5: wave#0#28#0
[info] send message to 6: wave#0#28#0
[info] send message to 7: wave#0#28#0
[info] message from 6: wave#0#28#0
[info] message from 7: wave#0#30#0
[info] send message to 5: wave#0#30#0
[info] send message to 6: wave#0#30#0
[info] message from 6: wave#0#30#0
[info] message from 5: wave#0#23#0
[info] message from 7: wave#1#10#0
[info] send message to 5: wave#1#10#0
[info] send message to 6: wave#1#10#0
[info] message from 6: wave#1#10#0
[info] message from 7: wave#1#13#0
[info] send message to 5: wave#1#13#0
[info] send message to 6: wave#1#13#0
[info] message from 6: wave#1#13#0
[info] message from 5: wave#1#13#4
[info] after round 1 : parent is ['7'] and leader id is 13
[info] send message to 7: wave#1#13#5
[info] message from 5: exit
[info] send message to 7: exit
