[info] Hello from node6
[info] I'm connected to nodes ['2', '6', '7']
[info] I have edges [('6', '2'), ('6', '6'), ('6', '7')]
[info] -- round 0 started!
[info] -- new id 7 selected!
[info] send message to 2: wave#0#7#0
[info] send message to 6: wave#0#7#0
[info] send message to 7: wave#0#7#0
[info] message from 2: wave#0#7#0
[info] message from 7: wave#0#5#0
[info] message from 6: wave#0#7#0
[info] message from 2: wave#1#2#0
[info] send message to 6: wave#1#2#0
[info] send message to 7: wave#1#2#0
[info] message from 7: wave#0#7#0
[info] message from 7: wave#1#2#0
[info] message from 6: wave#1#2#0
[info] after round 1 : parent is ['2'] and leader id is 2
[info] send message to 2: wave#1#2#1
[info] message from 2: wave#1#9#0
[info] send message to 6: wave#1#9#0
[info] send message to 7: wave#1#9#0
[info] message from 6: wave#1#9#0
[info] message from 7: wave#1#9#0
[info] after round 1 : parent is ['2'] and leader id is 9
[info] send message to 2: wave#1#9#1
[info] message from 2: exit
[info] send message to 7: exit
