[info] Hello from node36
[info] I'm connected to nodes ['1', '36']
[info] I have edges [('36', '1'), ('36', '36')]
[info] -- round 0 started!
[info] -- new id 1 selected!
[info] send message to 1: wave#0#1#0
[info] send message to 36: wave#0#1#0
[info] message from 1: wave#0#41#0
[info] send message to 36: wave#0#41#0
[info] message from 36: wave#0#1#0
[info] after round 0 : parent is ['1'] and leader id is 41
[info] send message to 1: wave#0#41#1
[info] message from 36: wave#0#41#0
[info] after round 0 : parent is ['1'] and leader id is 41
[info] send message to 1: wave#0#41#1
[info] message from 1: wave#0#42#0
[info] send message to 36: wave#0#42#0
[info] message from 36: wave#0#42#0
[info] after round 0 : parent is ['1'] and leader id is 42
[info] send message to 1: wave#0#42#1
[info] message from 1: wave#0#44#0
[info] send message to 36: wave#0#44#0
[info] message from 36: wave#0#44#0
[info] after round 0 : parent is ['1'] and leader id is 44
[info] send message to 1: wave#0#44#1
[info] message from 1: exit
