[info] Hello from node5
[info] I'm connected to nodes ['1', '5']
[info] I have edges [('5', '1'), ('5', '5')]
[info] -- round 0 started!
[info] -- new id 7 selected!
[info] send message to 1: wave#0#7#0
[info] send message to 5: wave#0#7#0
[info] message from 1: wave#0#4#0
[info] message from 5: wave#0#7#0
[info] message from 1: wave#0#7#0
[info] after round 0 : parent is [] and leader id is 7
[info] -- round 1 started!
[info] -- new id 1 selected!
[info] send message to 1: wave#1#1#0
[info] send message to 5: wave#1#1#0
[info] message from 5: wave#1#1#0
[info] message from 1: wave#0#9#0
[info] message from 1: wave#1#1#8
[info] after round 1 : parent is [] and leader id is 1
[info] send message to 1: exit
