[info] Hello from node17
[info] I'm connected to nodes ['16', '17', '18']
[info] I have edges [('17', '16'), ('17', '17'), ('17', '18')]
[info] -- round 0 started!
[info] -- new id 6 selected!
[info] send message to 16: wave#0#6#0
[info] send message to 17: wave#0#6#0
[info] send message to 18: wave#0#6#0
[info] message from 17: wave#0#6#0
[info] message from 18: wave#0#16#0
[info] send message to 16: wave#0#16#0
[info] send message to 17: wave#0#16#0
[info] message from 16: wave#0#2#0
[info] message from 17: wave#0#16#0
[info] message from 16: wave#0#6#0
[info] message from 16: wave#0#28#0
[info] send message to 17: wave#0#28#0
[info] send message to 18: wave#0#28#0
[info] message from 17: wave#0#28#0
[info] message from 16: wave#0#29#0
[info] send message to 17: wave#0#29#0
[info] send message to 18: wave#0#29#0
[info] message from 17: wave#0#29#0
[info] message from 18: wave#0#30#0
[info] send message to 16: wave#0#30#0
[info] send message to 17: wave#0#30#0
[info] message from 17: wave#0#30#0
[info] message from 16: wave#0#30#16
[info] after round 0 : parent is ['18'] and leader id is 30
[info] send message to 18: wave#0#30#17
[info] message from 18: exit
[info] send message to 16: exit
