[info] Hello from node1
[info] I'm connected to nodes ['1', '2']
[info] I have edges [('1', '1'), ('1', '2')]
[info] -- round 0 started!
[info] -- new id 18 selected!
[info] send message to 1: wave#0#18#0
[info] send message to 2: wave#0#18#0
[info] message from 2: wave#0#26#0
[info] send message to 1: wave#0#26#0
[info] message from 1: wave#0#18#0
[info] after round 0 : parent is ['2'] and leader id is 26
[info] send message to 2: wave#0#26#1
[info] message from 1: wave#0#26#0
[info] after round 0 : parent is ['2'] and leader id is 26
[info] send message to 2: wave#0#26#1
[info] message from 2: wave#0#29#0
[info] send message to 1: wave#0#29#0
[info] message from 1: wave#0#29#0
[info] after round 0 : parent is ['2'] and leader id is 29
[info] send message to 2: wave#0#29#1
[info] message from 2: wave#0#30#0
[info] send message to 1: wave#0#30#0
[info] message from 1: wave#0#30#0
[info] after round 0 : parent is ['2'] and leader id is 30
[info] send message to 2: wave#0#30#1
[info] message from 2: exit
