[info] Hello from node9
[info] I'm connected to nodes ['1', '2', '3', '4', '5', '6', '7', '8', '9', '10', '11', '12', '13', '14', '15']
[info] I have edges [('9', '1'), ('9', '2'), ('9', '3'), ('9', '4'), ('9', '5'), ('9', '6'), ('9', '7'), ('9', '8'), ('9', '9'), ('9', '10'), ('9', '11'), ('9', '12'), ('9', '13'), ('9', '14'), ('9', '15')]
[info] first phase started!
[info] successfully filtered!
[info] second phase started!
[info] send message to 1: CRQ#9#3#0
[info] send message to 2: CRQ#9#3#0
[info] send message to 3: CRQ#9#3#0
[info] send message to 4: CRQ#9#3#0
[info] send message to 5: CRQ#9#3#0
[info] send message to 6: CRQ#9#3#0
[info] send message to 7: CRQ#9#3#0
[info] send message to 8: CRQ#9#3#0
[info] send message to 9: CRQ#9#3#0
[info] send message to 10: CRQ#9#3#0
[info] send message to 11: CRQ#9#3#0
[info] send message to 12: CRQ#9#3#0
[info] send message to 13: CRQ#9#3#0
[info] send message to 14: CRQ#9#3#0
[info] send message to 15: CRQ#9#3#0
[info] message from 1: vote#0
[info] message from 2: vote#0
[info] message from 3: vote#0
[info] message from 4: vote#0
[info] message from 5: vote#0
[info] message from 8: CRQ#8#3#0
[info] send message to 8: vote#0
[info] message from 6: vote#0
[info] message from 7: vote#0
[info] message from 9: CRQ#9#3#0
[info] I vote myself
[info] send message to 9: vote#1
[info] message from 11: vote#0
[info] message from 15: CRQ#15#3#0
[info] I have voted before!
[info] send message to 15: vote#0
[info] message from 12: vote#0
[info] message from 13: vote#0
[info] message from 10: CRQ#10#3#0
[info] I have voted before!
[info] send message to 10: vote#0
[info] message from 8: vote#0
[info] message from 14: vote#0
[info] message from 9: vote#1
[info] message from 15: vote#0
[info] message from 8: CHANGE#12
[info] send message to 8: ACK
[info] message from 10: vote#0
[info] send message to 8: CHANGE#1
[info] send message to 10: CHANGE#1
[info] send message to 15: CHANGE#1
[info] message from 15: CHANGE#1
[info] send message to 15: ACK
[info] message from 10: CHANGE#1
[info] send message to 10: ACK
[info] message from 8: CAM#8
[info] third phase started!
