[info] Hello from node23
[info] I'm connected to nodes ['22', '23', '24']
[info] I have edges [('23', '22'), ('23', '23'), ('23', '24')]
[info] -- round 0 started!
[info] -- new id 9 selected!
[info] send message to 22: wave#0#9#0
[info] send message to 23: wave#0#9#0
[info] send message to 24: wave#0#9#0
[info] message from 22: wave#0#11#0
[info] send message to 23: wave#0#11#0
[info] send message to 24: wave#0#11#0
[info] message from 23: wave#0#9#0
[info] message from 23: wave#0#11#0
[info] message from 22: wave#0#20#0
[info] send message to 23: wave#0#20#0
[info] send message to 24: wave#0#20#0
[info] message from 23: wave#0#20#0
[info] message from 24: wave#0#18#0
[info] message from 22: wave#0#21#0
[info] send message to 23: wave#0#21#0
[info] send message to 24: wave#0#21#0
[info] message from 23: wave#0#21#0
[info] message from 24: wave#0#25#0
[info] send message to 22: wave#0#25#0
[info] send message to 23: wave#0#25#0
[info] message from 23: wave#0#25#0
[info] message from 22: wave#0#25#6
[info] after round 0 : parent is ['24'] and leader id is 25
[info] send message to 24: wave#0#25#7
[info] message from 24: wave#1#9#0
[info] send message to 22: wave#1#9#0
[info] send message to 23: wave#1#9#0
[info] message from 23: wave#1#9#0
[info] message from 24: wave#1#22#0
[info] send message to 22: wave#1#22#0
[info] send message to 23: wave#1#22#0
[info] message from 23: wave#1#22#0
[info] message from 22: wave#1#22#10
[info] after round 1 : parent is ['24'] and leader id is 22
[info] send message to 24: wave#1#22#11
[info] message from 24: exit
[info] send message to 22: exit
