[info] Hello from node6
[info] I'm connected to nodes ['5', '6', '7']
[info] I have edges [('6', '5'), ('6', '6'), ('6', '7')]
[info] -- round 0 started!
[info] -- new id 25 selected!
[info] send message to 5: wave#0#25#0
[info] send message to 6: wave#0#25#0
[info] send message to 7: wave#0#25#0
[info] message from 5: wave#0#10#0
[info] message from 6: wave#0#25#0
[info] message from 7: wave#0#10#0
[info] message from 7: wave#0#22#0
[info] message from 5: wave#0#25#5
[info] message from 7: wave#0#25#10
[info] after round 0 : parent is [] and leader id is 25
[info] -- round 1 started!
[info] -- new id 22 selected!
[info] send message to 5: wave#1#22#0
[info] send message to 6: wave#1#22#0
[info] send message to 7: wave#1#22#0
[info] message from 6: wave#1#22#0
[info] message from 7: wave#1#22#6
[info] message from 5: wave#1#22#18
[info] after round 1 : parent is [] and leader id is 22
[info] send message to 5: exit
[info] send message to 7: exit
