[info] Hello from node2
[info] I'm connected to nodes ['1', '2', '3']
[info] I have edges [('2', '1'), ('2', '2'), ('2', '3')]
[info] -- round 0 started!
[info] -- new id 19 selected!
[info] send message to 1: wave#0#19#0
[info] send message to 2: wave#0#19#0
[info] send message to 3: wave#0#19#0
[info] message from 1: wave#0#12#0
[info] message from 2: wave#0#19#0
[info] message from 3: wave#0#1#0
[info] message from 3: wave#0#22#0
[info] send message to 1: wave#0#22#0
[info] send message to 2: wave#0#22#0
[info] message from 2: wave#0#22#0
[info] message from 3: wave#0#26#0
[info] send message to 1: wave#0#26#0
[info] send message to 2: wave#0#26#0
[info] message from 2: wave#0#26#0
[info] message from 1: wave#0#29#0
[info] send message to 2: wave#0#29#0
[info] send message to 3: wave#0#29#0
[info] message from 2: wave#0#29#0
[info] message from 3: wave#0#29#3
[info] after round 0 : parent is ['1'] and leader id is 29
[info] send message to 1: wave#0#29#4
[info] message from 1: exit
[info] send message to 3: exit
