[info] Hello from node16
[info] I'm connected to nodes ['15', '16', '17']
[info] I have edges [('16', '15'), ('16', '16'), ('16', '17')]
[info] -- round 0 started!
[info] -- new id 15 selected!
[info] send message to 15: wave#0#15#0
[info] send message to 16: wave#0#15#0
[info] send message to 17: wave#0#15#0
[info] message from 16: wave#0#15#0
[info] message from 15: wave#0#1#0
[info] message from 17: wave#0#8#0
[info] message from 17: wave#0#15#1
[info] message from 17: wave#0#20#0
[info] send message to 15: wave#0#20#0
[info] send message to 16: wave#0#20#0
[info] message from 16: wave#0#20#0
[info] message from 17: wave#0#23#0
[info] send message to 15: wave#0#23#0
[info] send message to 16: wave#0#23#0
[info] message from 16: wave#0#23#0
[info] message from 17: wave#0#29#0
[info] send message to 15: wave#0#29#0
[info] send message to 16: wave#0#29#0
[info] message from 16: wave#0#29#0
[info] message from 15: wave#0#29#10
[info] after round 0 : parent is ['17'] and leader id is 29
[info] send message to 17: wave#0#29#11
[info] message from 17: exit
[info] send message to 15: exit
