[info] Hello from node1
[info] I'm connected to nodes ['1', '2']
[info] I have edges [('1', '1'), ('1', '2')]
[info] -- round 0 started!
[info] -- new id 14 selected!
[info] send message to 1: wave#0#14#0
[info] send message to 2: wave#0#14#0
[info] message from 1: wave#0#14#0
[info] message from 2: wave#0#6#0
[info] message from 2: wave#0#12#0
[info] message from 2: wave#0#31#0
[info] send message to 1: wave#0#31#0
[info] message from 1: wave#0#31#0
[info] after round 0 : parent is ['2'] and leader id is 31
[info] send message to 2: wave#0#31#1
[info] message from 2: wave#0#42#0
[info] send message to 1: wave#0#42#0
[info] message from 1: wave#0#42#0
[info] after round 0 : parent is ['2'] and leader id is 42
[info] send message to 2: wave#0#42#1
[info] message from 2: wave#0#43#0
[info] send message to 1: wave#0#43#0
[info] message from 1: wave#0#43#0
[info] after round 0 : parent is ['2'] and leader id is 43
[info] send message to 2: wave#0#43#1
[info] message from 2: wave#1#15#0
[info] send message to 1: wave#1#15#0
[info] message from 1: wave#1#15#0
[info] after round 1 : parent is ['2'] and leader id is 15
[info] send message to 2: wave#1#15#1
[info] message from 2: exit
