[info] Hello from node5
[info] I'm connected to nodes ['4', '5', '6']
[info] I have edges [('5', '4'), ('5', '5'), ('5', '6')]
[info] -- round 0 started!
[info] -- new id 1 selected!
[info] send message to 4: wave#0#1#0
[info] send message to 5: wave#0#1#0
[info] send message to 6: wave#0#1#0
[info] message from 4: wave#0#6#0
[info] send message to 5: wave#0#6#0
[info] send message to 6: wave#0#6#0
[info] message from 4: wave#0#12#0
[info] send message to 5: wave#0#12#0
[info] send message to 6: wave#0#12#0
[info] message from 5: wave#0#1#0
[info] message from 5: wave#0#6#0
[info] message from 5: wave#0#12#0
[info] message from 6: wave#0#31#0
[info] send message to 4: wave#0#31#0
[info] send message to 5: wave#0#31#0
[info] message from 5: wave#0#31#0
[info] message from 6: wave#0#42#0
[info] send message to 4: wave#0#42#0
[info] send message to 5: wave#0#42#0
[info] message from 5: wave#0#42#0
[info] message from 4: wave#0#42#4
[info] after round 0 : parent is ['6'] and leader id is 42
[info] send message to 6: wave#0#42#5
[info] message from 6: wave#0#43#0
[info] send message to 4: wave#0#43#0
[info] send message to 5: wave#0#43#0
[info] message from 5: wave#0#43#0
[info] message from 4: wave#0#43#4
[info] after round 0 : parent is ['6'] and leader id is 43
[info] send message to 6: wave#0#43#5
[info] message from 6: wave#1#15#0
[info] send message to 4: wave#1#15#0
[info] send message to 5: wave#1#15#0
[info] message from 5: wave#1#15#0
[info] message from 4: wave#1#15#4
[info] after round 1 : parent is ['6'] and leader id is 15
[info] send message to 6: wave#1#15#5
[info] message from 6: exit
[info] send message to 4: exit
