[info] Hello from node14
[info] I'm connected to nodes ['13', '14', '15']
[info] I have edges [('14', '13'), ('14', '14'), ('14', '15')]
[info] -- round 0 started!
[info] -- new id 5 selected!
[info] send message to 13: wave#0#5#0
[info] send message to 14: wave#0#5#0
[info] send message to 15: wave#0#5#0
[info] message from 13: wave#0#24#0
[info] send message to 14: wave#0#24#0
[info] send message to 15: wave#0#24#0
[info] message from 14: wave#0#5#0
[info] message from 15: wave#0#43#0
[info] send message to 13: wave#0#43#0
[info] send message to 14: wave#0#43#0
[info] message from 14: wave#0#24#0
[info] message from 13: wave#0#28#0
[info] message from 14: wave#0#43#0
[info] message from 13: wave#0#43#13
[info] after round 0 : parent is ['15'] and leader id is 43
[info] send message to 15: wave#0#43#14
[info] message from 15: wave#1#15#0
[info] send message to 13: wave#1#15#0
[info] send message to 14: wave#1#15#0
[info] message from 14: wave#1#15#0
[info] message from 13: wave#1#15#13
[info] after round 1 : parent is ['15'] and leader id is 15
[info] send message to 15: wave#1#15#14
[info] message from 15: exit
[info] send message to 13: exit
