[info] Hello from node16
[info] I'm connected to nodes ['15', '16', '17']
[info] I have edges [('16', '15'), ('16', '16'), ('16', '17')]
[info] -- round 0 started!
[info] -- new id 11 selected!
[info] send message to 15: wave#0#11#0
[info] send message to 16: wave#0#11#0
[info] send message to 17: wave#0#11#0
[info] message from 17: wave#0#16#0
[info] send message to 15: wave#0#16#0
[info] send message to 16: wave#0#16#0
[info] message from 16: wave#0#11#0
[info] message from 16: wave#0#16#0
[info] message from 15: wave#0#43#0
[info] send message to 16: wave#0#43#0
[info] send message to 17: wave#0#43#0
[info] message from 16: wave#0#43#0
[info] message from 17: wave#0#43#3
[info] after round 0 : parent is ['15'] and leader id is 43
[info] send message to 15: wave#0#43#4
[info] message from 17: wave#0#43#6
[info] after round 0 : parent is ['15'] and leader id is 43
[info] send message to 15: wave#0#43#10
[info] message from 17: wave#0#43#10
[info] after round 0 : parent is ['15'] and leader id is 43
[info] send message to 15: wave#0#43#20
[info] message from 15: wave#1#15#0
[info] send message to 16: wave#1#15#0
[info] send message to 17: wave#1#15#0
[info] message from 16: wave#1#15#0
[info] message from 17: wave#1#15#29
[info] after round 1 : parent is ['15'] and leader id is 15
[info] send message to 15: wave#1#15#30
[info] message from 15: exit
[info] send message to 17: exit
