[info] Hello from node23
[info] I'm connected to nodes ['22', '23', '24']
[info] I have edges [('23', '22'), ('23', '23'), ('23', '24')]
[info] -- round 0 started!
[info] -- new id 1 selected!
[info] send message to 22: wave#0#1#0
[info] send message to 23: wave#0#1#0
[info] send message to 24: wave#0#1#0
[info] message from 24: wave#0#14#0
[info] send message to 22: wave#0#14#0
[info] send message to 23: wave#0#14#0
[info] message from 23: wave#0#1#0
[info] message from 23: wave#0#14#0
[info] message from 24: wave#0#34#0
[info] send message to 22: wave#0#34#0
[info] send message to 23: wave#0#34#0
[info] message from 23: wave#0#34#0
[info] message from 22: wave#0#29#0
[info] message from 22: wave#0#43#0
[info] send message to 23: wave#0#43#0
[info] send message to 24: wave#0#43#0
[info] message from 23: wave#0#43#0
[info] message from 22: wave#1#15#0
[info] send message to 23: wave#1#15#0
[info] send message to 24: wave#1#15#0
[info] message from 23: wave#1#15#0
[info] message from 24: wave#1#15#22
[info] after round 1 : parent is ['22'] and leader id is 15
[info] send message to 22: wave#1#15#23
[info] message from 22: exit
[info] send message to 24: exit
