[info] Hello from node29
[info] I'm connected to nodes ['28', '29', '30']
[info] I have edges [('29', '28'), ('29', '29'), ('29', '30')]
[info] -- round 0 started!
[info] -- new id 26 selected!
[info] send message to 28: wave#0#26#0
[info] send message to 29: wave#0#26#0
[info] send message to 30: wave#0#26#0
[info] message from 28: wave#0#23#0
[info] message from 30: wave#0#28#0
[info] send message to 28: wave#0#28#0
[info] send message to 29: wave#0#28#0
[info] message from 29: wave#0#26#0
[info] message from 29: wave#0#28#0
[info] message from 28: wave#0#34#0
[info] send message to 29: wave#0#34#0
[info] send message to 30: wave#0#34#0
[info] message from 29: wave#0#34#0
[info] message from 28: wave#0#43#0
[info] send message to 29: wave#0#43#0
[info] send message to 30: wave#0#43#0
[info] message from 29: wave#0#43#0
[info] message from 28: wave#1#15#0
[info] send message to 29: wave#1#15#0
[info] send message to 30: wave#1#15#0
[info] message from 29: wave#1#15#0
[info] message from 30: wave#1#15#16
[info] after round 1 : parent is ['28'] and leader id is 15
[info] send message to 28: wave#1#15#17
[info] message from 28: exit
[info] send message to 30: exit
