[info] Hello from node25
[info] I'm connected to nodes ['24', '25', '26']
[info] I have edges [('25', '24'), ('25', '25'), ('25', '26')]
[info] -- round 0 started!
[info] -- new id 14 selected!
[info] send message to 24: wave#0#14#0
[info] send message to 25: wave#0#14#0
[info] send message to 26: wave#0#14#0
[info] message from 24: wave#0#14#0
[info] message from 25: wave#0#14#0
[info] message from 26: wave#0#34#0
[info] send message to 24: wave#0#34#0
[info] send message to 25: wave#0#34#0
[info] message from 25: wave#0#34#0
[info] message from 24: wave#0#43#0
[info] send message to 25: wave#0#43#0
[info] send message to 26: wave#0#43#0
[info] message from 25: wave#0#43#0
[info] message from 24: wave#1#15#0
[info] send message to 25: wave#1#15#0
[info] send message to 26: wave#1#15#0
[info] message from 25: wave#1#15#0
[info] message from 26: wave#1#15#20
[info] after round 1 : parent is ['24'] and leader id is 15
[info] send message to 24: wave#1#15#21
[info] message from 24: exit
[info] send message to 26: exit
