[info] Hello from node18
[info] I'm connected to nodes ['17', '18', '19']
[info] I have edges [('18', '17'), ('18', '18'), ('18', '19')]
[info] -- round 0 started!
[info] -- new id 7 selected!
[info] send message to 17: wave#0#7#0
[info] send message to 18: wave#0#7#0
[info] send message to 19: wave#0#7#0
[info] message from 18: wave#0#7#0
[info] message from 17: wave#0#16#0
[info] send message to 18: wave#0#16#0
[info] send message to 19: wave#0#16#0
[info] message from 18: wave#0#16#0
[info] message from 19: wave#0#4#0
[info] message from 17: wave#0#43#0
[info] send message to 18: wave#0#43#0
[info] send message to 19: wave#0#43#0
[info] message from 18: wave#0#43#0
[info] message from 19: wave#0#10#0
[info] message from 19: wave#0#43#1
[info] after round 0 : parent is ['17'] and leader id is 43
[info] send message to 17: wave#0#43#2
[info] message from 19: wave#0#43#1
[info] after round 0 : parent is ['17'] and leader id is 43
[info] send message to 17: wave#0#43#3
[info] message from 19: wave#0#43#1
[info] after round 0 : parent is ['17'] and leader id is 43
[info] send message to 17: wave#0#43#4
[info] message from 17: wave#1#15#0
[info] send message to 18: wave#1#15#0
[info] send message to 19: wave#1#15#0
[info] message from 18: wave#1#15#0
[info] message from 19: wave#1#15#27
[info] after round 1 : parent is ['17'] and leader id is 15
[info] send message to 17: wave#1#15#28
[info] message from 17: exit
[info] send message to 19: exit
