[info] Hello from node28
[info] I'm connected to nodes ['27', '28', '29']
[info] I have edges [('28', '27'), ('28', '28'), ('28', '29')]
[info] -- round 0 started!
[info] -- new id 23 selected!
[info] send message to 27: wave#0#23#0
[info] send message to 28: wave#0#23#0
[info] send message to 29: wave#0#23#0
[info] message from 28: wave#0#23#0
[info] message from 29: wave#0#26#0
[info] send message to 27: wave#0#26#0
[info] send message to 28: wave#0#26#0
[info] message from 28: wave#0#26#0
[info] message from 27: wave#0#24#0
[info] message from 29: wave#0#28#0
[info] send message to 27: wave#0#28#0
[info] send message to 28: wave#0#28#0
[info] message from 28: wave#0#28#0
[info] message from 27: wave#0#34#0
[info] send message to 28: wave#0#34#0
[info] send message to 29: wave#0#34#0
[info] message from 28: wave#0#34#0
[info] message from 27: wave#0#43#0
[info] send message to 28: wave#0#43#0
[info] send message to 29: wave#0#43#0
[info] message from 28: wave#0#43#0
[info] message from 27: wave#1#15#0
[info] send message to 28: wave#1#15#0
[info] send message to 29: wave#1#15#0
[info] message from 28: wave#1#15#0
[info] message from 29: wave#1#15#17
[info] after round 1 : parent is ['27'] and leader id is 15
[info] send message to 27: wave#1#15#18
[info] message from 27: exit
[info] send message to 29: exit
