[info] Hello from node17
[info] I'm connected to nodes ['16', '17', '18']
[info] I have edges [('17', '16'), ('17', '17'), ('17', '18')]
[info] -- round 0 started!
[info] -- new id 16 selected!
[info] send message to 16: wave#0#16#0
[info] send message to 17: wave#0#16#0
[info] send message to 18: wave#0#16#0
[info] message from 18: wave#0#7#0
[info] message from 17: wave#0#16#0
[info] message from 16: wave#0#11#0
[info] message from 16: wave#0#43#0
[info] send message to 17: wave#0#43#0
[info] send message to 18: wave#0#43#0
[info] message from 17: wave#0#43#0
[info] message from 18: wave#0#43#2
[info] after round 0 : parent is ['16'] and leader id is 43
[info] send message to 16: wave#0#43#3
[info] message from 18: wave#0#43#3
[info] after round 0 : parent is ['16'] and leader id is 43
[info] send message to 16: wave#0#43#6
[info] message from 18: wave#0#43#4
[info] after round 0 : parent is ['16'] and leader id is 43
[info] send message to 16: wave#0#43#10
[info] message from 16: wave#1#15#0
[info] send message to 17: wave#1#15#0
[info] send message to 18: wave#1#15#0
[info] message from 17: wave#1#15#0
[info] message from 18: wave#1#15#28
[info] after round 1 : parent is ['16'] and leader id is 15
[info] send message to 16: wave#1#15#29
[info] message from 16: exit
[info] send message to 18: exit
