[info] Hello from node19
[info] I'm connected to nodes ['18', '19', '20']
[info] I have edges [('19', '18'), ('19', '19'), ('19', '20')]
[info] -- round 0 started!
[info] -- new id 4 selected!
[info] send message to 18: wave#0#4#0
[info] send message to 19: wave#0#4#0
[info] send message to 20: wave#0#4#0
[info] message from 20: wave#0#10#0
[info] send message to 18: wave#0#10#0
[info] send message to 19: wave#0#10#0
[info] message from 18: wave#0#7#0
[info] message from 18: wave#0#16#0
[info] send message to 19: wave#0#16#0
[info] send message to 20: wave#0#16#0
[info] message from 19: wave#0#4#0
[info] message from 18: wave#0#43#0
[info] send message to 19: wave#0#43#0
[info] send message to 20: wave#0#43#0
[info] message from 20: wave#0#43#0
[info] message from 19: wave#0#10#0
[info] after round 0 : parent is ['18'] and leader id is 43
[info] send message to 18: wave#0#43#1
[info] message from 19: wave#0#16#0
[info] after round 0 : parent is ['18'] and leader id is 43
[info] send message to 18: wave#0#43#1
[info] message from 19: wave#0#43#0
[info] after round 0 : parent is ['18'] and leader id is 43
[info] send message to 18: wave#0#43#1
[info] message from 18: wave#1#15#0
[info] send message to 19: wave#1#15#0
[info] send message to 20: wave#1#15#0
[info] message from 19: wave#1#15#0
[info] message from 20: wave#1#15#26
[info] after round 1 : parent is ['18'] and leader id is 15
[info] send message to 18: wave#1#15#27
[info] message from 18: exit
[info] send message to 20: exit
