[info] Hello from node22
[info] I'm connected to nodes ['21', '22', '23']
[info] I have edges [('22', '21'), ('22', '22'), ('22', '23')]
[info] -- round 0 started!
[info] -- new id 29 selected!
[info] send message to 21: wave#0#29#0
[info] send message to 22: wave#0#29#0
[info] send message to 23: wave#0#29#0
[info] message from 23: wave#0#1#0
[info] message from 23: wave#0#14#0
[info] message from 23: wave#0#34#0
[info] send message to 21: wave#0#34#0
[info] send message to 22: wave#0#34#0
[info] message from 22: wave#0#29#0
[info] message from 21: wave#0#43#0
[info] send message to 22: wave#0#43#0
[info] send message to 23: wave#0#43#0
[info] message from 22: wave#0#34#0
[info] message from 22: wave#0#43#0
[info] message from 21: wave#1#15#0
[info] send message to 22: wave#1#15#0
[info] send message to 23: wave#1#15#0
[info] message from 22: wave#1#15#0
[info] message from 23: wave#1#15#23
[info] after round 1 : parent is ['21'] and leader id is 15
[info] send message to 21: wave#1#15#24
[info] message from 21: exit
[info] send message to 23: exit
