[info] Hello from node2
[info] I'm connected to nodes ['1', '2', '3']
[info] I have edges [('2', '1'), ('2', '2'), ('2', '3')]
[info] -- round 0 started!
[info] -- new id 2 selected!
[info] send message to 1: wave#0#2#0
[info] send message to 2: wave#0#2#0
[info] send message to 3: wave#0#2#0
[info] message from 2: wave#0#2#0
[info] message from 1: wave#0#7#0
[info] send message to 2: wave#0#7#0
[info] send message to 3: wave#0#7#0
[info] message from 2: wave#0#7#0
[info] message from 3: wave#0#8#0
[info] send message to 1: wave#0#8#0
[info] send message to 2: wave#0#8#0
[info] message from 2: wave#0#8#0
[info] message from 3: wave#0#9#0
[info] send message to 1: wave#0#9#0
[info] send message to 2: wave#0#9#0
[info] message from 2: wave#0#9#0
[info] message from 3: wave#0#11#0
[info] send message to 1: wave#0#11#0
[info] send message to 2: wave#0#11#0
[info] message from 1: wave#0#11#0
[info] message from 2: wave#0#11#0
[info] after round 0 : parent is ['3'] and leader id is 11
[info] send message to 3: wave#0#11#1
[info] message from 3: wave#0#14#0
[info] send message to 1: wave#0#14#0
[info] send message to 2: wave#0#14#0
[info] message from 2: wave#0#14#0
[info] message from 1: wave#0#14#3
[info] after round 0 : parent is ['3'] and leader id is 14
[info] send message to 3: wave#0#14#4
[info] message from 3: wave#1#13#0
[info] send message to 1: wave#1#13#0
[info] send message to 2: wave#1#13#0
[info] message from 2: wave#1#13#0
[info] message from 1: wave#1#13#2
[info] after round 1 : parent is ['3'] and leader id is 13
[info] send message to 3: wave#1#13#3
[info] message from 1: exit
[info] send message to 3: exit
