[info] Hello from node17
[info] I'm connected to nodes ['16', '17', '18']
[info] I have edges [('17', '16'), ('17', '17'), ('17', '18')]
[info] -- round 0 started!
[info] -- new id 21 selected!
[info] send message to 16: wave#0#21#0
[info] send message to 17: wave#0#21#0
[info] send message to 18: wave#0#21#0
[info] message from 18: wave#0#30#0
[info] send message to 16: wave#0#30#0
[info] send message to 17: wave#0#30#0
[info] message from 18: wave#0#32#0
[info] send message to 16: wave#0#32#0
[info] send message to 17: wave#0#32#0
[info] message from 17: wave#0#21#0
[info] message from 17: wave#0#30#0
[info] message from 16: wave#0#3#0
[info] message from 17: wave#0#32#0
[info] message from 16: wave#0#10#0
[info] message from 18: wave#0#42#0
[info] send message to 16: wave#0#42#0
[info] send message to 17: wave#0#42#0
[info] message from 17: wave#0#42#0
[info] message from 16: wave#0#41#0
[info] message from 16: wave#0#42#1
[info] after round 0 : parent is ['18'] and leader id is 42
[info] send message to 18: wave#0#42#2
[info] message from 16: wave#0#42#1
[info] after round 0 : parent is ['18'] and leader id is 42
[info] send message to 18: wave#0#42#3
[info] message from 18: wave#0#44#0
[info] send message to 16: wave#0#44#0
[info] send message to 17: wave#0#44#0
[info] message from 17: wave#0#44#0
[info] message from 16: wave#0#44#15
[info] after round 0 : parent is ['18'] and leader id is 44
[info] send message to 18: wave#0#44#16
[info] message from 18: exit
[info] send message to 16: exit
