[info] Hello from node24
[info] I'm connected to nodes ['23', '24', '25']
[info] I have edges [('24', '23'), ('24', '24'), ('24', '25')]
[info] -- round 0 started!
[info] -- new id 17 selected!
[info] send message to 23: wave#0#17#0
[info] send message to 24: wave#0#17#0
[info] send message to 25: wave#0#17#0
[info] message from 25: wave#0#15#0
[info] message from 24: wave#0#17#0
[info] message from 25: wave#0#36#0
[info] send message to 23: wave#0#36#0
[info] send message to 24: wave#0#36#0
[info] message from 23: wave#0#5#0
[info] message from 24: wave#0#36#0
[info] message from 23: wave#0#42#0
[info] send message to 24: wave#0#42#0
[info] send message to 25: wave#0#42#0
[info] message from 24: wave#0#42#0
[info] message from 25: wave#0#44#0
[info] send message to 23: wave#0#44#0
[info] send message to 24: wave#0#44#0
[info] message from 24: wave#0#44#0
[info] message from 23: wave#0#44#22
[info] after round 0 : parent is ['25'] and leader id is 44
[info] send message to 25: wave#0#44#23
[info] message from 25: exit
[info] send message to 23: exit
