[info] Hello from node41
[info] I'm connected to nodes ['40', '41', '42']
[info] I have edges [('41', '40'), ('41', '41'), ('41', '42')]
[info] -- round 0 started!
[info] -- new id 28 selected!
[info] send message to 40: wave#0#28#0
[info] send message to 41: wave#0#28#0
[info] send message to 42: wave#0#28#0
[info] message from 42: wave#0#34#0
[info] send message to 40: wave#0#34#0
[info] send message to 41: wave#0#34#0
[info] message from 41: wave#0#28#0
[info] message from 42: wave#0#42#0
[info] send message to 40: wave#0#42#0
[info] send message to 41: wave#0#42#0
[info] message from 40: wave#0#26#0
[info] message from 41: wave#0#34#0
[info] message from 41: wave#0#42#0
[info] message from 40: wave#0#44#0
[info] send message to 41: wave#0#44#0
[info] send message to 42: wave#0#44#0
[info] message from 41: wave#0#44#0
[info] message from 42: wave#0#44#5
[info] after round 0 : parent is ['40'] and leader id is 44
[info] send message to 40: wave#0#44#6
[info] message from 40: exit
[info] send message to 42: exit
