[info] Hello from node12
[info] I'm connected to nodes ['11', '12', '13']
[info] I have edges [('12', '11'), ('12', '12'), ('12', '13')]
[info] -- round 0 started!
[info] -- new id 2 selected!
[info] send message to 11: wave#0#2#0
[info] send message to 12: wave#0#2#0
[info] send message to 13: wave#0#2#0
[info] message from 11: wave#0#26#0
[info] send message to 12: wave#0#26#0
[info] send message to 13: wave#0#26#0
[info] message from 12: wave#0#2#0
[info] message from 12: wave#0#26#0
[info] message from 13: wave#0#41#0
[info] send message to 11: wave#0#41#0
[info] send message to 12: wave#0#41#0
[info] message from 12: wave#0#41#0
[info] message from 11: wave#0#42#0
[info] send message to 12: wave#0#42#0
[info] send message to 13: wave#0#42#0
[info] message from 12: wave#0#42#0
[info] message from 13: wave#0#42#3
[info] after round 0 : parent is ['11'] and leader id is 42
[info] send message to 11: wave#0#42#4
[info] message from 13: wave#0#44#0
[info] send message to 11: wave#0#44#0
[info] send message to 12: wave#0#44#0
[info] message from 12: wave#0#44#0
[info] message from 11: wave#0#44#10
[info] after round 0 : parent is ['13'] and leader id is 44
[info] send message to 13: wave#0#44#11
[info] message from 13: exit
[info] send message to 11: exit
