[info] Hello from node18
[info] I'm connected to nodes ['17', '18', '19']
[info] I have edges [('18', '17'), ('18', '18'), ('18', '19')]
[info] -- round 0 started!
[info] -- new id 30 selected!
[info] send message to 17: wave#0#30#0
[info] send message to 18: wave#0#30#0
[info] send message to 19: wave#0#30#0
[info] message from 19: wave#0#23#0
[info] message from 19: wave#0#32#0
[info] send message to 17: wave#0#32#0
[info] send message to 18: wave#0#32#0
[info] message from 18: wave#0#30#0
[info] message from 18: wave#0#32#0
[info] message from 17: wave#0#21#0
[info] message from 19: wave#0#42#0
[info] send message to 17: wave#0#42#0
[info] send message to 18: wave#0#42#0
[info] message from 18: wave#0#42#0
[info] message from 17: wave#0#42#2
[info] after round 0 : parent is ['19'] and leader id is 42
[info] send message to 19: wave#0#42#3
[info] message from 17: wave#0#42#3
[info] after round 0 : parent is ['19'] and leader id is 42
[info] send message to 19: wave#0#42#6
[info] message from 19: wave#0#44#0
[info] send message to 17: wave#0#44#0
[info] send message to 18: wave#0#44#0
[info] message from 18: wave#0#44#0
[info] message from 17: wave#0#44#16
[info] after round 0 : parent is ['19'] and leader id is 44
[info] send message to 19: wave#0#44#17
[info] message from 19: exit
[info] send message to 17: exit
