[info] Hello from node35
[info] I'm connected to nodes ['34', '35', '36']
[info] I have edges [('35', '34'), ('35', '35'), ('35', '36')]
[info] -- round 0 started!
[info] -- new id 5 selected!
[info] send message to 34: wave#0#5#0
[info] send message to 35: wave#0#5#0
[info] send message to 36: wave#0#5#0
[info] message from 35: wave#0#5#0
[info] message from 34: wave#0#22#0
[info] send message to 35: wave#0#22#0
[info] send message to 36: wave#0#22#0
[info] message from 35: wave#0#22#0
[info] message from 34: wave#0#44#0
[info] send message to 35: wave#0#44#0
[info] send message to 36: wave#0#44#0
[info] message from 35: wave#0#44#0
[info] message from 36: wave#0#13#0
[info] message from 36: wave#0#29#0
[info] message from 36: wave#0#44#11
[info] after round 0 : parent is ['34'] and leader id is 44
[info] send message to 34: wave#0#44#12
[info] message from 34: exit
[info] send message to 36: exit
