[info] Hello from node10
[info] I'm connected to nodes ['9', '10', '11']
[info] I have edges [('10', '9'), ('10', '10'), ('10', '11')]
[info] -- round 0 started!
[info] -- new id 7 selected!
[info] send message to 9: wave#0#7#0
[info] send message to 10: wave#0#7#0
[info] send message to 11: wave#0#7#0
[info] message from 9: wave#0#1#0
[info] message from 11: wave#0#26#0
[info] send message to 9: wave#0#26#0
[info] send message to 10: wave#0#26#0
[info] message from 11: wave#0#41#0
[info] send message to 9: wave#0#41#0
[info] send message to 10: wave#0#41#0
[info] message from 9: wave#0#42#0
[info] send message to 10: wave#0#42#0
[info] send message to 11: wave#0#42#0
[info] message from 10: wave#0#7#0
[info] message from 10: wave#0#26#0
[info] message from 10: wave#0#41#0
[info] message from 10: wave#0#42#0
[info] message from 11: wave#0#42#5
[info] after round 0 : parent is ['9'] and leader id is 42
[info] send message to 9: wave#0#42#6
[info] message from 11: wave#0#44#0
[info] send message to 9: wave#0#44#0
[info] send message to 10: wave#0#44#0
[info] message from 10: wave#0#44#0
[info] message from 9: wave#0#44#8
[info] after round 0 : parent is ['11'] and leader id is 44
[info] send message to 11: wave#0#44#9
[info] message from 11: exit
[info] send message to 9: exit
