[info] Hello from node11
[info] I'm connected to nodes ['10', '11', '12']
[info] I have edges [('11', '10'), ('11', '11'), ('11', '12')]
[info] -- round 0 started!
[info] -- new id 26 selected!
[info] send message to 10: wave#0#26#0
[info] send message to 11: wave#0#26#0
[info] send message to 12: wave#0#26#0
[info] message from 11: wave#0#26#0
[info] message from 12: wave#0#2#0
[info] message from 12: wave#0#41#0
[info] send message to 10: wave#0#41#0
[info] send message to 11: wave#0#41#0
[info] message from 11: wave#0#41#0
[info] message from 10: wave#0#7#0
[info] message from 10: wave#0#42#0
[info] send message to 11: wave#0#42#0
[info] send message to 12: wave#0#42#0
[info] message from 11: wave#0#42#0
[info] message from 12: wave#0#42#4
[info] after round 0 : parent is ['10'] and leader id is 42
[info] send message to 10: wave#0#42#5
[info] message from 12: wave#0#44#0
[info] send message to 10: wave#0#44#0
[info] send message to 11: wave#0#44#0
[info] message from 11: wave#0#44#0
[info] message from 10: wave#0#44#9
[info] after round 0 : parent is ['12'] and leader id is 44
[info] send message to 12: wave#0#44#10
[info] message from 12: exit
[info] send message to 10: exit
