[info] Hello from node22
[info] I'm connected to nodes ['21', '22', '23']
[info] I have edges [('22', '21'), ('22', '22'), ('22', '23')]
[info] -- round 0 started!
[info] -- new id 42 selected!
[info] send message to 21: wave#0#42#0
[info] send message to 22: wave#0#42#0
[info] send message to 23: wave#0#42#0
[info] message from 21: wave#0#27#0
[info] message from 21: wave#0#32#0
[info] message from 23: wave#0#5#0
[info] message from 22: wave#0#42#0
[info] message from 23: wave#0#17#0
[info] message from 23: wave#0#36#0
[info] message from 21: wave#0#42#6
[info] message from 21: wave#0#42#21
[info] message from 23: wave#0#44#0
[info] send message to 21: wave#0#44#0
[info] send message to 22: wave#0#44#0
[info] message from 22: wave#0#44#0
[info] message from 21: wave#0#44#20
[info] after round 0 : parent is ['23'] and leader id is 44
[info] send message to 23: wave#0#44#21
[info] message from 23: exit
[info] send message to 21: exit
