[info] Hello from node19
[info] I'm connected to nodes ['18', '19', '20']
[info] I have edges [('19', '18'), ('19', '19'), ('19', '20')]
[info] -- round 0 started!
[info] -- new id 23 selected!
[info] send message to 18: wave#0#23#0
[info] send message to 19: wave#0#23#0
[info] send message to 20: wave#0#23#0
[info] message from 20: wave#0#32#0
[info] send message to 18: wave#0#32#0
[info] send message to 19: wave#0#32#0
[info] message from 19: wave#0#23#0
[info] message from 19: wave#0#32#0
[info] message from 18: wave#0#30#0
[info] message from 20: wave#0#42#0
[info] send message to 18: wave#0#42#0
[info] send message to 19: wave#0#42#0
[info] message from 19: wave#0#42#0
[info] message from 18: wave#0#42#3
[info] after round 0 : parent is ['20'] and leader id is 42
[info] send message to 20: wave#0#42#4
[info] message from 18: wave#0#42#6
[info] after round 0 : parent is ['20'] and leader id is 42
[info] send message to 20: wave#0#42#10
[info] message from 20: wave#0#44#0
[info] send message to 18: wave#0#44#0
[info] send message to 19: wave#0#44#0
[info] message from 19: wave#0#44#0
[info] message from 18: wave#0#44#17
[info] after round 0 : parent is ['20'] and leader id is 44
[info] send message to 20: wave#0#44#18
[info] message from 20: exit
[info] send message to 18: exit
