[info] Hello from node4
[info] I'm connected to nodes ['3', '4', '5']
[info] I have edges [('4', '3'), ('4', '4'), ('4', '5')]
[info] -- round 0 started!
[info] -- new id 11 selected!
[info] send message to 3: wave#0#11#0
[info] send message to 4: wave#0#11#0
[info] send message to 5: wave#0#11#0
[info] message from 5: wave#0#4#0
[info] message from 3: wave#0#11#0
[info] message from 4: wave#0#11#0
[info] message from 5: wave#0#13#0
[info] send message to 3: wave#0#13#0
[info] send message to 4: wave#0#13#0
[info] message from 4: wave#0#13#0
[info] message from 5: wave#0#14#0
[info] send message to 3: wave#0#14#0
[info] send message to 4: wave#0#14#0
[info] message from 4: wave#0#14#0
[info] message from 5: wave#0#15#0
[info] send message to 3: wave#0#15#0
[info] send message to 4: wave#0#15#0
[info] message from 4: wave#0#15#0
[info] message from 3: wave#0#15#2
[info] after round 0 : parent is ['5'] and leader id is 15
[info] send message to 5: wave#0#15#3
[info] message from 3: exit
[info] send message to 5: exit
