[info] Hello from node1
[info] I'm connected to nodes ['1', '2', '15']
[info] I have edges [('1', '1'), ('1', '2'), ('1', '15')]
[info] -- round 0 started!
[info] -- new id 7 selected!
[info] send message to 1: wave#0#7#0
[info] send message to 2: wave#0#7#0
[info] send message to 15: wave#0#7#0
[info] message from 2: wave#0#4#0
[info] message from 1: wave#0#7#0
[info] message from 2: wave#0#11#0
[info] send message to 1: wave#0#11#0
[info] send message to 15: wave#0#11#0
[info] message from 1: wave#0#11#0
[info] message from 15: wave#0#5#0
[info] message from 2: wave#0#13#0
[info] send message to 1: wave#0#13#0
[info] send message to 15: wave#0#13#0
[info] message from 1: wave#0#13#0
[info] message from 2: wave#0#14#0
[info] send message to 1: wave#0#14#0
[info] send message to 15: wave#0#14#0
[info] message from 1: wave#0#14#0
[info] message from 15: wave#0#15#0
[info] send message to 1: wave#0#15#0
[info] send message to 2: wave#0#15#0
[info] message from 2: wave#0#15#0
[info] message from 1: wave#0#15#0
[info] after round 0 : parent is ['15'] and leader id is 15
[info] send message to 15: wave#0#15#1
[info] message from 15: exit
[info] send message to 2: exit
