[info] Hello from node4
[info] I'm connected to nodes ['3', '4', '5']
[info] I have edges [('4', '3'), ('4', '4'), ('4', '5')]
[info] -- round 0 started!
[info] -- new id 2 selected!
[info] send message to 3: wave#0#2#0
[info] send message to 4: wave#0#2#0
[info] send message to 5: wave#0#2#0
[info] message from 4: wave#0#2#0
[info] message from 5: wave#0#13#0
[info] send message to 3: wave#0#13#0
[info] send message to 4: wave#0#13#0
[info] message from 4: wave#0#13#0
[info] message from 3: wave#0#5#0
[info] message from 5: wave#0#14#0
[info] send message to 3: wave#0#14#0
[info] send message to 4: wave#0#14#0
[info] message from 4: wave#0#14#0
[info] message from 3: wave#0#16#0
[info] send message to 4: wave#0#16#0
[info] send message to 5: wave#0#16#0
[info] message from 5: wave#0#17#0
[info] send message to 3: wave#0#17#0
[info] send message to 4: wave#0#17#0
[info] message from 4: wave#0#16#0
[info] message from 5: wave#0#19#0
[info] send message to 3: wave#0#19#0
[info] send message to 4: wave#0#19#0
[info] message from 4: wave#0#17#0
[info] message from 4: wave#0#19#0
[info] message from 3: wave#0#19#3
[info] after round 0 : parent is ['5'] and leader id is 19
[info] send message to 5: wave#0#19#4
[info] message from 5: wave#1#17#0
[info] send message to 3: wave#1#17#0
[info] send message to 4: wave#1#17#0
[info] message from 4: wave#1#17#0
[info] message from 5: wave#1#20#0
[info] send message to 3: wave#1#20#0
[info] send message to 4: wave#1#20#0
[info] message from 3: wave#1#17#3
[info] message from 4: wave#1#20#0
[info] message from 3: wave#1#20#3
[info] after round 1 : parent is ['5'] and leader id is 20
[info] send message to 5: wave#1#20#4
[info] message from 5: exit
[info] send message to 3: exit
