[info] Hello from node3
[info] I'm connected to nodes ['2', '3', '4']
[info] I have edges [('3', '2'), ('3', '3'), ('3', '4')]
[info] -- round 0 started!
[info] -- new id 5 selected!
[info] send message to 2: wave#0#5#0
[info] send message to 3: wave#0#5#0
[info] send message to 4: wave#0#5#0
[info] message from 4: wave#0#2#0
[info] message from 2: wave#0#2#0
[info] message from 2: wave#0#16#0
[info] send message to 3: wave#0#16#0
[info] send message to 4: wave#0#16#0
[info] message from 4: wave#0#13#0
[info] message from 3: wave#0#5#0
[info] message from 3: wave#0#16#0
[info] message from 4: wave#0#14#0
[info] message from 4: wave#0#17#0
[info] send message to 2: wave#0#17#0
[info] send message to 3: wave#0#17#0
[info] message from 3: wave#0#17#0
[info] message from 4: wave#0#19#0
[info] send message to 2: wave#0#19#0
[info] send message to 3: wave#0#19#0
[info] message from 2: wave#0#17#2
[info] message from 3: wave#0#19#0
[info] message from 2: wave#0#19#2
[info] after round 0 : parent is ['4'] and leader id is 19
[info] send message to 4: wave#0#19#3
[info] message from 4: wave#1#17#0
[info] send message to 2: wave#1#17#0
[info] send message to 3: wave#1#17#0
[info] message from 3: wave#1#17#0
[info] message from 2: wave#1#17#2
[info] after round 1 : parent is ['4'] and leader id is 17
[info] send message to 4: wave#1#17#3
[info] message from 4: wave#1#20#0
[info] send message to 2: wave#1#20#0
[info] send message to 3: wave#1#20#0
[info] message from 3: wave#1#20#0
[info] message from 2: wave#1#20#2
[info] after round 1 : parent is ['4'] and leader id is 20
[info] send message to 4: wave#1#20#3
[info] message from 4: exit
[info] send message to 2: exit
