[info] Hello from node10
[info] I'm connected to nodes ['9', '10', '11']
[info] I have edges [('10', '9'), ('10', '10'), ('10', '11')]
[info] -- round 0 started!
[info] -- new id 1 selected!
[info] send message to 9: wave#0#1#0
[info] send message to 10: wave#0#1#0
[info] send message to 11: wave#0#1#0
[info] message from 11: wave#0#5#0
[info] send message to 9: wave#0#5#0
[info] send message to 10: wave#0#5#0
[info] message from 9: wave#0#19#0
[info] send message to 10: wave#0#19#0
[info] send message to 11: wave#0#19#0
[info] message from 10: wave#0#1#0
[info] message from 10: wave#0#5#0
[info] message from 10: wave#0#19#0
[info] message from 11: wave#0#16#0
[info] message from 11: wave#0#19#1
[info] after round 0 : parent is ['9'] and leader id is 19
[info] send message to 9: wave#0#19#2
[info] message from 11: wave#1#20#0
[info] send message to 9: wave#1#20#0
[info] send message to 10: wave#1#20#0
[info] message from 9: wave#1#17#0
[info] message from 10: wave#1#20#0
[info] message from 9: wave#1#20#9
[info] after round 1 : parent is ['11'] and leader id is 20
[info] send message to 11: wave#1#20#10
[info] message from 11: exit
[info] send message to 9: exit
