[info] Hello from node15
[info] I'm connected to nodes ['14', '15', '16']
[info] I have edges [('15', '14'), ('15', '15'), ('15', '16')]
[info] -- round 0 started!
[info] -- new id 11 selected!
[info] send message to 14: wave#0#11#0
[info] send message to 15: wave#0#11#0
[info] send message to 16: wave#0#11#0
[info] message from 15: wave#0#11#0
[info] message from 16: wave#0#19#0
[info] send message to 14: wave#0#19#0
[info] send message to 15: wave#0#19#0
[info] message from 15: wave#0#19#0
[info] message from 14: wave#0#15#0
[info] message from 14: wave#0#19#3
[info] after round 0 : parent is ['16'] and leader id is 19
[info] send message to 16: wave#0#19#4
[info] message from 16: wave#1#20#0
[info] send message to 14: wave#1#20#0
[info] send message to 15: wave#1#20#0
[info] message from 15: wave#1#20#0
[info] message from 14: wave#1#20#14
[info] after round 1 : parent is ['16'] and leader id is 20
[info] send message to 16: wave#1#20#15
[info] message from 16: exit
[info] send message to 14: exit
