[info] Hello from node7
[info] I'm connected to nodes ['6', '7', '8']
[info] I have edges [('7', '6'), ('7', '7'), ('7', '8')]
[info] -- round 0 started!
[info] -- new id 10 selected!
[info] send message to 6: wave#0#10#0
[info] send message to 7: wave#0#10#0
[info] send message to 8: wave#0#10#0
[info] message from 7: wave#0#10#0
[info] message from 6: wave#0#5#0
[info] message from 8: wave#0#2#0
[info] message from 6: wave#0#10#2
[info] message from 8: wave#0#10#2
[info] after round 0 : parent is [] and leader id is 10
[info] -- round 1 started!
[info] -- new id 5 selected!
[info] send message to 6: wave#1#5#0
[info] send message to 7: wave#1#5#0
[info] send message to 8: wave#1#5#0
[info] message from 8: wave#0#10#3
[info] message from 7: wave#1#5#0
[info] message from 8: wave#1#8#0
[info] send message to 6: wave#1#8#0
[info] send message to 7: wave#1#8#0
[info] message from 7: wave#1#8#0
[info] message from 6: wave#1#8#2
[info] after round 1 : parent is ['8'] and leader id is 8
[info] send message to 8: wave#1#8#3
[info] message from 8: exit
[info] send message to 6: exit
