[info] Hello from node3
[info] I'm connected to nodes ['2', '3', '4']
[info] I have edges [('3', '2'), ('3', '3'), ('3', '4')]
[info] -- round 0 started!
[info] -- new id 5 selected!
[info] send message to 2: wave#0#5#0
[info] send message to 3: wave#0#5#0
[info] send message to 4: wave#0#5#0
[info] message from 3: wave#0#5#0
[info] message from 2: wave#0#8#0
[info] send message to 3: wave#0#8#0
[info] send message to 4: wave#0#8#0
[info] message from 3: wave#0#8#0
[info] message from 2: wave#0#10#0
[info] send message to 3: wave#0#10#0
[info] send message to 4: wave#0#10#0
[info] message from 3: wave#0#10#0
[info] message from 4: wave#0#7#0
[info] message from 4: wave#0#9#0
[info] message from 4: wave#0#10#1
[info] after round 0 : parent is ['2'] and leader id is 10
[info] send message to 2: wave#0#10#2
[info] message from 4: wave#0#10#1
[info] after round 0 : parent is ['2'] and leader id is 10
[info] send message to 2: wave#0#10#3
[info] message from 4: wave#1#5#0
[info] send message to 2: wave#1#5#0
[info] send message to 3: wave#1#5#0
[info] message from 2: wave#1#8#0
[info] send message to 3: wave#1#8#0
[info] send message to 4: wave#1#8#0
[info] message from 3: wave#1#5#0
[info] message from 3: wave#1#8#0
[info] message from 4: wave#1#8#1
[info] after round 1 : parent is ['2'] and leader id is 8
[info] send message to 2: wave#1#8#2
[info] message from 2: exit
[info] send message to 4: exit
