[info] Hello from node24
[info] I'm connected to nodes ['23', '24', '25']
[info] I have edges [('24', '23'), ('24', '24'), ('24', '25')]
[info] -- round 0 started!
[info] -- new id 3 selected!
[info] send message to 23: wave#0#3#0
[info] send message to 24: wave#0#3#0
[info] send message to 25: wave#0#3#0
[info] message from 25: wave#0#13#0
[info] send message to 23: wave#0#13#0
[info] send message to 24: wave#0#13#0
[info] message from 24: wave#0#3#0
[info] message from 24: wave#0#13#0
[info] message from 23: wave#0#21#0
[info] send message to 24: wave#0#21#0
[info] send message to 25: wave#0#21#0
[info] message from 24: wave#0#21#0
[info] message from 25: wave#0#21#1
[info] after round 0 : parent is ['23'] and leader id is 21
[info] send message to 23: wave#0#21#2
[info] message from 23: wave#1#15#0
[info] send message to 24: wave#1#15#0
[info] send message to 25: wave#1#15#0
[info] message from 24: wave#1#15#0
[info] message from 25: wave#1#15#1
[info] after round 1 : parent is ['23'] and leader id is 15
[info] send message to 23: wave#1#15#2
[info] message from 23: exit
[info] send message to 25: exit
