[info] Hello from node1
[info] I'm connected to nodes ['1', '2']
[info] I have edges [('1', '1'), ('1', '2')]
[info] -- round 0 started!
[info] -- new id 20 selected!
[info] send message to 1: wave#0#20#0
[info] send message to 2: wave#0#20#0
[info] message from 2: wave#0#9#0
[info] message from 1: wave#0#20#0
[info] message from 2: wave#0#22#0
[info] send message to 1: wave#0#22#0
[info] message from 1: wave#0#22#0
[info] after round 0 : parent is ['2'] and leader id is 22
[info] send message to 2: wave#0#22#1
[info] message from 2: wave#0#23#0
[info] send message to 1: wave#0#23#0
[info] message from 1: wave#0#23#0
[info] after round 0 : parent is ['2'] and leader id is 23
[info] send message to 2: wave#0#23#1
[info] message from 2: wave#1#15#0
[info] send message to 1: wave#1#15#0
[info] message from 1: wave#1#15#0
[info] after round 1 : parent is ['2'] and leader id is 15
[info] send message to 2: wave#1#15#1
[info] message from 2: exit
