[info] Hello from node16
[info] I'm connected to nodes ['1', '16']
[info] I have edges [('16', '1'), ('16', '16')]
[info] -- round 0 started!
[info] -- new id 15 selected!
[info] send message to 1: wave#0#15#0
[info] send message to 16: wave#0#15#0
[info] message from 16: wave#0#15#0
[info] message from 1: wave#0#15#0
[info] after round 0 : parent is [] and leader id is 15
[info] -- round 1 started!
[info] -- new id 18 selected!
[info] send message to 1: wave#1#18#0
[info] send message to 16: wave#1#18#0
[info] message from 16: wave#1#18#0
[info] message from 1: wave#0#21#0
[info] message from 1: wave#0#23#0
[info] message from 1: wave#0#24#0
[info] message from 1: wave#1#18#24
[info] after round 1 : parent is [] and leader id is 18
[info] send message to 1: exit
