[info] Hello from node25
[info] I'm connected to nodes ['1', '25']
[info] I have edges [('25', '1'), ('25', '25')]
[info] -- round 0 started!
[info] -- new id 22 selected!
[info] send message to 1: wave#0#22#0
[info] send message to 25: wave#0#22#0
[info] message from 25: wave#0#22#0
[info] message from 1: wave#0#15#0
[info] message from 1: wave#0#21#0
[info] message from 1: wave#0#23#0
[info] send message to 25: wave#0#23#0
[info] message from 25: wave#0#23#0
[info] after round 0 : parent is ['1'] and leader id is 23
[info] send message to 1: wave#0#23#1
[info] message from 1: wave#0#24#0
[info] send message to 25: wave#0#24#0
[info] message from 25: wave#0#24#0
[info] after round 0 : parent is ['1'] and leader id is 24
[info] send message to 1: wave#0#24#1
[info] message from 1: wave#1#18#0
[info] send message to 25: wave#1#18#0
[info] message from 25: wave#1#18#0
[info] after round 1 : parent is ['1'] and leader id is 18
[info] send message to 1: wave#1#18#1
[info] message from 1: exit
