[info] Hello from node26
[info] I'm connected to nodes ['25', '26', '27']
[info] I have edges [('26', '25'), ('26', '26'), ('26', '27')]
[info] -- round 0 started!
[info] -- new id 28 selected!
[info] send message to 25: wave#0#28#0
[info] send message to 26: wave#0#28#0
[info] send message to 27: wave#0#28#0
[info] message from 26: wave#0#28#0
[info] message from 27: wave#0#13#0
[info] message from 27: wave#0#25#0
[info] message from 25: wave#0#12#0
[info] message from 27: wave#0#28#0
[info] message from 27: wave#1#18#0
[info] send message to 25: wave#1#18#0
[info] send message to 26: wave#1#18#0
[info] message from 26: wave#1#18#0
[info] message from 25: wave#1#18#25
[info] after round 1 : parent is ['27'] and leader id is 18
[info] send message to 27: wave#1#18#26
[info] message from 27: exit
[info] send message to 25: exit
