[info] Hello from node1
[info] I'm connected to nodes ['1', '2']
[info] I have edges [('1', '1'), ('1', '2')]
[info] -- round 0 started!
[info] -- new id 17 selected!
[info] send message to 1: wave#0#17#0
[info] send message to 2: wave#0#17#0
[info] message from 1: wave#0#17#0
[info] message from 2: wave#0#17#0
[info] after round 0 : parent is [] and leader id is 17
[info] -- round 1 started!
[info] -- new id 7 selected!
[info] send message to 1: wave#1#7#0
[info] send message to 2: wave#1#7#0
[info] message from 1: wave#1#7#0
[info] message from 2: wave#1#18#0
[info] send message to 1: wave#1#18#0
[info] message from 1: wave#1#18#0
[info] after round 1 : parent is ['2'] and leader id is 18
[info] send message to 2: wave#1#18#1
[info] message from 2: exit
