[info] Hello from node6
[info] I'm connected to nodes ['2', '6']
[info] I have edges [('6', '2'), ('6', '6')]
[info] -- round 0 started!
[info] -- new id 7 selected!
[info] send message to 2: wave#0#7#0
[info] send message to 6: wave#0#7#0
[info] message from 2: wave#0#1#0
[info] message from 6: wave#0#7#0
[info] message from 2: wave#0#6#0
[info] message from 2: wave#0#8#0
[info] send message to 6: wave#0#8#0
[info] message from 6: wave#0#8#0
[info] after round 0 : parent is ['2'] and leader id is 8
[info] send message to 2: wave#0#8#1
[info] message from 2: wave#1#1#0
[info] send message to 6: wave#1#1#0
[info] message from 6: wave#1#1#0
[info] after round 1 : parent is ['2'] and leader id is 1
[info] send message to 2: wave#1#1#1
[info] message from 2: wave#2#1#0
[info] send message to 6: wave#2#1#0
[info] message from 6: wave#2#1#0
[info] after round 2 : parent is ['2'] and leader id is 1
[info] send message to 2: wave#2#1#1
[info] message from 2: wave#3#9#0
[info] send message to 6: wave#3#9#0
[info] message from 6: wave#3#9#0
[info] after round 3 : parent is ['2'] and leader id is 9
[info] send message to 2: wave#3#9#1
[info] message from 2: exit
