[info] Hello from node2
[info] I'm connected to nodes ['1', '2', '3', '6', '7']
[info] I have edges [('2', '1'), ('2', '2'), ('2', '3'), ('2', '6'), ('2', '7')]
[info] -- round 0 started!
[info] -- new id 1 selected!
[info] send message to 1: wave#0#1#0
[info] send message to 2: wave#0#1#0
[info] send message to 3: wave#0#1#0
[info] send message to 6: wave#0#1#0
[info] send message to 7: wave#0#1#0
[info] message from 1: wave#0#6#0
[info] send message to 2: wave#0#6#0
[info] send message to 3: wave#0#6#0
[info] send message to 6: wave#0#6#0
[info] send message to 7: wave#0#6#0
[info] message from 3: wave#0#5#0
[info] message from 2: wave#0#1#0
[info] message from 1: wave#0#8#0
[info] send message to 2: wave#0#8#0
[info] send message to 3: wave#0#8#0
[info] send message to 6: wave#0#8#0
[info] send message to 7: wave#0#8#0
[info] message from 6: wave#0#7#0
[info] message from 2: wave#0#6#0
[info] message from 7: wave#0#7#0
[info] message from 2: wave#0#8#0
[info] message from 6: wave#0#8#1
[info] message from 7: wave#0#8#1
[info] message from 3: wave#0#8#1
[info] after round 0 : parent is ['1'] and leader id is 8
[info] send message to 1: wave#0#8#4
[info] message from 1: wave#1#1#0
[info] send message to 2: wave#1#1#0
[info] send message to 3: wave#1#1#0
[info] send message to 6: wave#1#1#0
[info] send message to 7: wave#1#1#0
[info] message from 2: wave#1#1#0
[info] message from 3: wave#1#1#0
[info] message from 7: wave#1#1#1
[info] message from 6: wave#1#1#1
[info] after round 1 : parent is ['1'] and leader id is 1
[info] send message to 1: wave#1#1#3
[info] message from 3: wave#2#1#0
[info] send message to 1: wave#2#1#0
[info] send message to 2: wave#2#1#0
[info] send message to 6: wave#2#1#0
[info] send message to 7: wave#2#1#0
[info] message from 2: wave#2#1#0
[info] message from 6: wave#2#1#1
[info] message from 7: wave#2#1#1
[info] message from 1: wave#3#9#0
[info] send message to 2: wave#3#9#0
[info] send message to 3: wave#3#9#0
[info] send message to 6: wave#3#9#0
[info] send message to 7: wave#3#9#0
[info] message from 2: wave#3#9#0
[info] message from 6: wave#3#9#1
[info] message from 7: wave#3#9#1
[info] message from 3: wave#3#9#3
[info] after round 3 : parent is ['1'] and leader id is 9
[info] send message to 1: wave#3#9#6
[info] message from 1: exit
[info] send message to 3: exit
[info] send message to 6: exit
[info] send message to 7: exit
