[info] Hello from node2
[info] I'm connected to nodes ['1', '2', '3', '6', '7']
[info] I have edges [('2', '1'), ('2', '2'), ('2', '3'), ('2', '6'), ('2', '7')]
[info] round 0 started!
[info] -- new id 5 selected!
[info] send message to 1: wave#0#5#0
[info] send message to 2: wave#0#5#0
[info] send message to 3: wave#0#5#0
[info] send message to 6: wave#0#5#0
[info] send message to 7: wave#0#5#0
[info] message from 3: wave#0#4#0
[info] message from 1: wave#0#1#0
[info] message from 7: wave#0#9#0
[info] send message to 1: wave#0#9#0
[info] send message to 2: wave#0#9#0
[info] send message to 3: wave#0#9#0
[info] send message to 6: wave#0#9#0
[info] message from 2: wave#0#5#0
[info] message from 6: wave#0#9#0
[info] message from 1: wave#1#7#0
[info] send message to 2: wave#1#7#0
[info] send message to 3: wave#1#7#0
[info] send message to 6: wave#1#7#0
[info] send message to 7: wave#1#7#0
[info] message from 1: wave#2#1#0
[info] send message to 2: wave#2#1#0
[info] send message to 3: wave#2#1#0
[info] send message to 6: wave#2#1#0
[info] send message to 7: wave#2#1#0
[info] message from 2: wave#0#9#0
[info] message from 1: wave#3#2#0
[info] send message to 2: wave#3#2#0
[info] send message to 3: wave#3#2#0
[info] send message to 6: wave#3#2#0
[info] send message to 7: wave#3#2#0
[info] message from 6: wave#1#2#0
[info] message from 2: wave#1#7#0
[info] message from 3: wave#0#9#1
[info] message from 1: wave#4#1#0
[info] send message to 2: wave#4#1#0
[info] send message to 3: wave#4#1#0
[info] send message to 6: wave#4#1#0
[info] send message to 7: wave#4#1#0
[info] message from 6: wave#2#5#0
[info] message from 2: wave#2#1#0
[info] message from 1: wave#5#5#0
[info] send message to 2: wave#5#5#0
[info] send message to 3: wave#5#5#0
[info] send message to 6: wave#5#5#0
[info] send message to 7: wave#5#5#0
[info] message from 6: wave#3#3#0
[info] message from 3: wave#1#8#0
[info] message from 7: wave#1#7#1
[info] message from 6: wave#4#7#0
[info] message from 1: wave#6#2#0
[info] send message to 2: wave#6#2#0
[info] send message to 3: wave#6#2#0
[info] send message to 6: wave#6#2#0
[info] send message to 7: wave#6#2#0
[info] message from 2: wave#3#2#0
[info] message from 6: wave#5#5#0
[info] message from 3: wave#2#2#0
[info] message from 7: wave#2#1#1
[info] message from 1: wave#7#8#0
[info] send message to 2: wave#7#8#0
[info] send message to 3: wave#7#8#0
[info] send message to 6: wave#7#8#0
[info] send message to 7: wave#7#8#0
[info] message from 6: wave#6#3#0
[info] message from 3: wave#3#7#0
[info] message from 6: wave#7#7#0
[info] message from 2: wave#4#1#0
[info] message from 3: wave#4#9#0
[info] message from 1: wave#8#4#0
[info] send message to 2: wave#8#4#0
[info] send message to 3: wave#8#4#0
[info] send message to 6: wave#8#4#0
[info] send message to 7: wave#8#4#0
[info] message from 7: wave#3#2#1
[info] message from 6: wave#8#3#0
[info] message from 3: wave#5#7#0
[info] message from 6: wave#9#4#0
[info] send message to 1: wave#9#4#0
[info] send message to 2: wave#9#4#0
[info] send message to 3: wave#9#4#0
[info] send message to 7: wave#9#4#0
[info] message from 2: wave#5#5#0
[info] message from 1: wave#9#1#0
[info] message from 3: wave#6#2#0
[info] message from 3: wave#7#7#0
[info] message from 7: wave#4#1#1
[info] message from 6: wave#10#3#0
[info] send message to 1: wave#10#3#0
[info] send message to 2: wave#10#3#0
[info] send message to 3: wave#10#3#0
[info] send message to 7: wave#10#3#0
[info] message from 1: wave#10#6#0
[info] send message to 2: wave#10#6#0
[info] send message to 3: wave#10#6#0
[info] send message to 6: wave#10#6#0
[info] send message to 7: wave#10#6#0
[info] message from 3: wave#8#7#0
[info] message from 6: wave#11#7#0
[info] send message to 1: wave#11#7#0
[info] send message to 2: wave#11#7#0
[info] send message to 3: wave#11#7#0
[info] send message to 7: wave#11#7#0
[info] message from 2: wave#6#2#0
[info] message from 7: wave#5#5#1
[info] message from 3: wave#9#4#0
[info] message from 6: wave#12#3#0
[info] send message to 1: wave#12#3#0
[info] send message to 2: wave#12#3#0
[info] send message to 3: wave#12#3#0
[info] send message to 7: wave#12#3#0
[info] message from 1: wave#11#2#0
[info] message from 2: wave#7#8#0
[info] message from 3: wave#10#3#0
[info] message from 6: wave#13#6#0
[info] send message to 1: wave#13#6#0
[info] send message to 2: wave#13#6#0
[info] send message to 3: wave#13#6#0
[info] send message to 7: wave#13#6#0
[info] message from 7: wave#6#2#1
[info] message from 1: wave#12#7#0
[info] message from 3: wave#11#2#0
[info] message from 6: wave#14#2#0
[info] send message to 1: wave#14#2#0
[info] send message to 2: wave#14#2#0
[info] send message to 3: wave#14#2#0
[info] send message to 7: wave#14#2#0
[info] message from 2: wave#8#4#0
[info] message from 6: wave#15#2#0
[info] send message to 1: wave#15#2#0
[info] send message to 2: wave#15#2#0
[info] send message to 3: wave#15#2#0
[info] send message to 7: wave#15#2#0
[info] message from 1: wave#13#9#0
[info] message from 3: wave#12#1#0
[info] message from 7: wave#7#8#1
[info] message from 6: wave#16#4#0
[info] send message to 1: wave#16#4#0
[info] send message to 2: wave#16#4#0
[info] send message to 3: wave#16#4#0
[info] send message to 7: wave#16#4#0
[info] message from 3: wave#13#7#0
[info] message from 1: wave#14#8#0
[info] message from 6: wave#17#5#0
[info] send message to 1: wave#17#5#0
[info] send message to 2: wave#17#5#0
[info] send message to 3: wave#17#5#0
[info] send message to 7: wave#17#5#0
[info] message from 7: wave#8#4#1
[info] message from 3: wave#14#4#0
[info] message from 2: wave#9#4#0
[info] message from 1: wave#15#4#0
[info] message from 6: wave#18#6#0
[info] send message to 1: wave#18#6#0
[info] send message to 2: wave#18#6#0
[info] send message to 3: wave#18#6#0
[info] send message to 7: wave#18#6#0
[info] message from 3: wave#15#4#0
[info] message from 6: wave#19#9#0
[info] send message to 1: wave#19#9#0
[info] send message to 2: wave#19#9#0
[info] send message to 3: wave#19#9#0
[info] send message to 7: wave#19#9#0
[info] message from 1: wave#16#7#0
[info] message from 7: wave#9#4#1
[info] message from 3: wave#16#2#0
[info] message from 2: wave#10#3#0
[info] message from 6: wave#20#2#0
[info] send message to 1: wave#20#2#0
[info] send message to 2: wave#20#2#0
[info] send message to 3: wave#20#2#0
[info] send message to 7: wave#20#2#0
[info] message from 3: wave#17#1#0
[info] message from 6: wave#21#7#0
[info] send message to 1: wave#21#7#0
[info] send message to 2: wave#21#7#0
[info] send message to 3: wave#21#7#0
[info] send message to 7: wave#21#7#0
[info] message from 1: wave#17#4#0
[info] message from 2: wave#10#6#0
[info] message from 7: wave#10#3#1
[info] message from 3: wave#18#4#0
[info] message from 6: wave#22#4#0
[info] send message to 1: wave#22#4#0
[info] send message to 2: wave#22#4#0
[info] send message to 3: wave#22#4#0
[info] send message to 7: wave#22#4#0
[info] message from 1: wave#18#8#0
[info] message from 3: wave#19#8#0
[info] message from 6: wave#23#1#0
[info] send message to 1: wave#23#1#0
[info] send message to 2: wave#23#1#0
[info] send message to 3: wave#23#1#0
[info] send message to 7: wave#23#1#0
[info] message from 2: wave#11#7#0
[info] message from 7: wave#10#6#1
[info] message from 6: wave#24#1#0
[info] send message to 1: wave#24#1#0
[info] send message to 2: wave#24#1#0
[info] send message to 3: wave#24#1#0
[info] send message to 7: wave#24#1#0
[info] message from 3: wave#20#1#0
[info] message from 1: wave#19#9#0
[info] message from 6: wave#25#5#0
[info] send message to 1: wave#25#5#0
[info] send message to 2: wave#25#5#0
[info] send message to 3: wave#25#5#0
[info] send message to 7: wave#25#5#0
[info] message from 6: wave#26#3#0
[info] send message to 1: wave#26#3#0
[info] send message to 2: wave#26#3#0
[info] send message to 3: wave#26#3#0
[info] send message to 7: wave#26#3#0
[info] message from 7: wave#11#7#1
[info] message from 3: wave#21#6#0
[info] message from 2: wave#12#3#0
[info] message from 1: wave#20#2#0
[info] message from 3: wave#22#5#0
[info] message from 6: wave#27#5#0
[info] send message to 1: wave#27#5#0
[info] send message to 2: wave#27#5#0
[info] send message to 3: wave#27#5#0
[info] send message to 7: wave#27#5#0
[info] message from 7: wave#12#3#1
[info] message from 6: wave#28#4#0
[info] send message to 1: wave#28#4#0
[info] send message to 2: wave#28#4#0
[info] send message to 3: wave#28#4#0
[info] send message to 7: wave#28#4#0
[info] message from 1: wave#21#8#0
[info] message from 2: wave#13#6#0
[info] message from 3: wave#23#5#0
[info] message from 6: wave#29#9#0
[info] send message to 1: wave#29#9#0
[info] send message to 2: wave#29#9#0
[info] send message to 3: wave#29#9#0
[info] send message to 7: wave#29#9#0
[info] message from 3: wave#24#4#0
[info] message from 1: wave#22#3#0
[info] message from 6: wave#30#6#0
[info] send message to 1: wave#30#6#0
[info] send message to 2: wave#30#6#0
[info] send message to 3: wave#30#6#0
[info] send message to 7: wave#30#6#0
[info] message from 3: wave#25#9#0
[info] message from 2: wave#14#2#0
[info] message from 7: wave#13#6#1
[info] message from 6: wave#31#8#0
[info] send message to 1: wave#31#8#0
[info] send message to 2: wave#31#8#0
[info] send message to 3: wave#31#8#0
[info] send message to 7: wave#31#8#0
[info] message from 1: wave#23#2#0
[info] message from 3: wave#26#8#0
[info] message from 6: wave#32#1#0
[info] send message to 1: wave#32#1#0
[info] send message to 2: wave#32#1#0
[info] send message to 3: wave#32#1#0
[info] send message to 7: wave#32#1#0
[info] message from 7: wave#14#2#1
[info] message from 2: wave#15#2#0
[info] message from 3: wave#27#4#0
[info] message from 1: wave#24#6#0
[info] message from 6: wave#33#9#0
[info] send message to 1: wave#33#9#0
[info] send message to 2: wave#33#9#0
[info] send message to 3: wave#33#9#0
[info] send message to 7: wave#33#9#0
[info] message from 3: wave#28#2#0
[info] message from 6: wave#34#1#0
[info] send message to 1: wave#34#1#0
[info] send message to 2: wave#34#1#0
[info] send message to 3: wave#34#1#0
[info] send message to 7: wave#34#1#0
[info] message from 1: wave#25#3#0
[info] message from 7: wave#15#2#1
[info] message from 2: wave#16#4#0
[info] message from 3: wave#29#4#0
[info] message from 6: wave#35#3#0
[info] send message to 1: wave#35#3#0
[info] send message to 2: wave#35#3#0
[info] send message to 3: wave#35#3#0
[info] send message to 7: wave#35#3#0
[info] message from 1: wave#26#1#0
[info] message from 3: wave#30#1#0
[info] message from 7: wave#16#4#1
[info] message from 2: wave#17#5#0
[info] message from 6: wave#36#2#0
[info] send message to 1: wave#36#2#0
[info] send message to 2: wave#36#2#0
[info] send message to 3: wave#36#2#0
[info] send message to 7: wave#36#2#0
[info] message from 3: wave#31#8#0
[info] message from 6: wave#37#6#0
[info] send message to 1: wave#37#6#0
[info] send message to 2: wave#37#6#0
[info] send message to 3: wave#37#6#0
[info] send message to 7: wave#37#6#0
[info] message from 1: wave#27#7#0
[info] message from 7: wave#17#5#1
[info] message from 6: wave#38#9#0
[info] send message to 1: wave#38#9#0
[info] send message to 2: wave#38#9#0
[info] send message to 3: wave#38#9#0
[info] send message to 7: wave#38#9#0
[info] message from 3: wave#32#1#0
[info] message from 2: wave#18#6#0
[info] message from 3: wave#33#2#0
[info] message from 6: wave#39#3#0
[info] send message to 1: wave#39#3#0
[info] send message to 2: wave#39#3#0
[info] send message to 3: wave#39#3#0
[info] send message to 7: wave#39#3#0
[info] message from 1: wave#28#7#0
[info] message from 3: wave#34#4#0
[info] message from 2: wave#19#9#0
[info] message from 6: wave#40#9#0
[info] send message to 1: wave#40#9#0
[info] send message to 2: wave#40#9#0
[info] send message to 3: wave#40#9#0
[info] send message to 7: wave#40#9#0
[info] message from 7: wave#18#6#1
[info] message from 6: wave#41#2#0
[info] send message to 1: wave#41#2#0
[info] send message to 2: wave#41#2#0
[info] send message to 3: wave#41#2#0
[info] send message to 7: wave#41#2#0
[info] message from 3: wave#35#1#0
[info] message from 1: wave#29#6#0
[info] message from 7: wave#19#9#1
[info] message from 6: wave#42#9#0
[info] send message to 1: wave#42#9#0
[info] send message to 2: wave#42#9#0
[info] send message to 3: wave#42#9#0
[info] send message to 7: wave#42#9#0
[info] message from 2: wave#20#2#0
[info] message from 3: wave#36#6#0
[info] message from 1: wave#30#9#0
[info] message from 6: wave#43#4#0
[info] send message to 1: wave#43#4#0
[info] send message to 2: wave#43#4#0
[info] send message to 3: wave#43#4#0
[info] send message to 7: wave#43#4#0
[info] message from 3: wave#37#5#0
[info] message from 7: wave#20#2#1
[info] message from 6: wave#44#1#0
[info] send message to 1: wave#44#1#0
[info] send message to 2: wave#44#1#0
[info] send message to 3: wave#44#1#0
[info] send message to 7: wave#44#1#0
[info] message from 1: wave#31#5#0
[info] message from 2: wave#21#7#0
[info] message from 3: wave#38#6#0
[info] message from 6: wave#45#3#0
[info] send message to 1: wave#45#3#0
[info] send message to 2: wave#45#3#0
[info] send message to 3: wave#45#3#0
[info] send message to 7: wave#45#3#0
[info] message from 3: wave#39#6#0
[info] message from 1: wave#32#6#0
[info] message from 6: wave#46#1#0
[info] send message to 1: wave#46#1#0
[info] send message to 2: wave#46#1#0
[info] send message to 3: wave#46#1#0
[info] send message to 7: wave#46#1#0
[info] message from 2: wave#22#4#0
[info] message from 7: wave#21#7#1
[info] message from 3: wave#40#7#0
[info] message from 6: wave#47#7#0
[info] send message to 1: wave#47#7#0
[info] send message to 2: wave#47#7#0
[info] send message to 3: wave#47#7#0
[info] send message to 7: wave#47#7#0
[info] message from 1: wave#33#3#0
[info] message from 3: wave#41#7#0
[info] message from 6: wave#48#8#0
[info] send message to 1: wave#48#8#0
[info] send message to 2: wave#48#8#0
[info] send message to 3: wave#48#8#0
[info] send message to 7: wave#48#8#0
[info] message from 7: wave#22#4#1
[info] message from 2: wave#23#1#0
[info] message from 1: wave#34#4#0
[info] message from 6: wave#49#5#0
[info] send message to 1: wave#49#5#0
[info] send message to 2: wave#49#5#0
[info] send message to 3: wave#49#5#0
[info] send message to 7: wave#49#5#0
[info] message from 3: wave#42#6#0
[info] message from 6: wave#50#8#0
[info] send message to 1: wave#50#8#0
[info] send message to 2: wave#50#8#0
[info] send message to 3: wave#50#8#0
[info] send message to 7: wave#50#8#0
[info] message from 7: wave#23#1#1
[info] message from 1: wave#35#6#0
[info] message from 3: wave#43#6#0
[info] message from 2: wave#24#1#0
[info] message from 6: wave#51#5#0
[info] send message to 1: wave#51#5#0
[info] send message to 2: wave#51#5#0
[info] send message to 3: wave#51#5#0
[info] send message to 7: wave#51#5#0
[info] message from 3: wave#44#4#0
[info] message from 1: wave#36#6#0
[info] message from 6: wave#52#9#0
[info] send message to 1: wave#52#9#0
[info] send message to 2: wave#52#9#0
[info] send message to 3: wave#52#9#0
[info] send message to 7: wave#52#9#0
[info] message from 7: wave#24#1#1
[info] message from 3: wave#45#8#0
[info] message from 2: wave#25#5#0
[info] message from 6: wave#53#8#0
[info] send message to 1: wave#53#8#0
[info] send message to 2: wave#53#8#0
[info] send message to 3: wave#53#8#0
[info] send message to 7: wave#53#8#0
[info] message from 3: wave#46#9#0
[info] message from 1: wave#37#6#0
[info] message from 6: wave#54#3#0
[info] send message to 1: wave#54#3#0
[info] send message to 2: wave#54#3#0
[info] send message to 3: wave#54#3#0
[info] send message to 7: wave#54#3#0
[info] message from 2: wave#26#3#0
[info] message from 7: wave#25#5#1
[info] message from 3: wave#47#7#0
[info] message from 6: wave#55#6#0
[info] send message to 1: wave#55#6#0
[info] send message to 2: wave#55#6#0
[info] send message to 3: wave#55#6#0
[info] send message to 7: wave#55#6#0
[info] message from 1: wave#38#8#0
[info] message from 6: wave#56#7#0
[info] send message to 1: wave#56#7#0
[info] send message to 2: wave#56#7#0
[info] send message to 3: wave#56#7#0
[info] send message to 7: wave#56#7#0
[info] message from 2: wave#27#5#0
[info] message from 7: wave#26#3#1
[info] message from 3: wave#48#1#0
[info] message from 6: wave#57#8#0
[info] send message to 1: wave#57#8#0
[info] send message to 2: wave#57#8#0
[info] send message to 3: wave#57#8#0
[info] send message to 7: wave#57#8#0
[info] message from 3: wave#49#4#0
[info] message from 1: wave#39#1#0
[info] message from 6: wave#58#2#0
[info] send message to 1: wave#58#2#0
[info] send message to 2: wave#58#2#0
[info] send message to 3: wave#58#2#0
[info] send message to 7: wave#58#2#0
[info] message from 7: wave#27#5#1
[info] message from 2: wave#28#4#0
[info] message from 3: wave#50#6#0
[info] message from 1: wave#40#8#0
[info] message from 6: wave#59#7#0
[info] send message to 1: wave#59#7#0
[info] send message to 2: wave#59#7#0
[info] send message to 3: wave#59#7#0
[info] send message to 7: wave#59#7#0
[info] message from 3: wave#51#9#0
[info] message from 6: wave#60#2#0
[info] send message to 1: wave#60#2#0
[info] send message to 2: wave#60#2#0
[info] send message to 3: wave#60#2#0
[info] send message to 7: wave#60#2#0
[info] message from 1: wave#41#5#0
[info] message from 7: wave#28#4#1
[info] message from 2: wave#29#9#0
[info] message from 6: wave#61#1#0
[info] send message to 1: wave#61#1#0
[info] send message to 2: wave#61#1#0
[info] send message to 3: wave#61#1#0
[info] send message to 7: wave#61#1#0
[info] message from 3: wave#52#2#0
[info] message from 6: wave#62#6#0
[info] send message to 1: wave#62#6#0
[info] send message to 2: wave#62#6#0
[info] send message to 3: wave#62#6#0
[info] send message to 7: wave#62#6#0
[info] message from 1: wave#42#9#0
[info] message from 3: wave#53#9#0
[info] message from 6: wave#63#6#0
[info] send message to 1: wave#63#6#0
[info] send message to 2: wave#63#6#0
[info] send message to 3: wave#63#6#0
[info] send message to 7: wave#63#6#0
[info] message from 7: wave#29#9#1
[info] message from 2: wave#30#6#0
[info] message from 3: wave#54#7#0
[info] message from 1: wave#43#7#0
[info] message from 6: wave#64#8#0
[info] send message to 1: wave#64#8#0
[info] send message to 2: wave#64#8#0
[info] send message to 3: wave#64#8#0
[info] send message to 7: wave#64#8#0
[info] message from 3: wave#55#6#0
[info] message from 6: wave#65#7#0
[info] send message to 1: wave#65#7#0
[info] send message to 2: wave#65#7#0
[info] send message to 3: wave#65#7#0
[info] send message to 7: wave#65#7#0
[info] message from 7: wave#30#6#1
[info] message from 1: wave#44#1#0
[info] message from 3: wave#56#7#0
[info] message from 2: wave#31#8#0
[info] message from 6: wave#66#6#0
[info] send message to 1: wave#66#6#0
[info] send message to 2: wave#66#6#0
[info] send message to 3: wave#66#6#0
[info] send message to 7: wave#66#6#0
[info] message from 6: wave#67#7#0
[info] send message to 1: wave#67#7#0
[info] send message to 2: wave#67#7#0
[info] send message to 3: wave#67#7#0
[info] send message to 7: wave#67#7#0
[info] message from 3: wave#57#7#0
[info] message from 1: wave#45#3#0
[info] message from 6: wave#68#9#0
[info] send message to 1: wave#68#9#0
[info] send message to 2: wave#68#9#0
[info] send message to 3: wave#68#9#0
[info] send message to 7: wave#68#9#0
[info] message from 3: wave#58#1#0
[info] message from 2: wave#32#1#0
[info] message from 7: wave#31#8#1
[info] message from 1: wave#46#5#0
[info] message from 3: wave#59#5#0
[info] message from 6: wave#69#6#0
[info] send message to 1: wave#69#6#0
[info] send message to 2: wave#69#6#0
[info] send message to 3: wave#69#6#0
[info] send message to 7: wave#69#6#0
[info] message from 6: wave#70#1#0
[info] send message to 1: wave#70#1#0
[info] send message to 2: wave#70#1#0
[info] send message to 3: wave#70#1#0
[info] send message to 7: wave#70#1#0
[info] message from 7: wave#32#1#1
[info] message from 2: wave#33#9#0
[info] message from 3: wave#60#6#0
[info] message from 1: wave#47#7#0
[info] message from 6: wave#71#3#0
[info] send message to 1: wave#71#3#0
[info] send message to 2: wave#71#3#0
[info] send message to 3: wave#71#3#0
[info] send message to 7: wave#71#3#0
[info] message from 3: wave#61#3#0
[info] message from 6: wave#72#3#0
[info] send message to 1: wave#72#3#0
[info] send message to 2: wave#72#3#0
[info] send message to 3: wave#72#3#0
[info] send message to 7: wave#72#3#0
[info] message from 1: wave#48#9#0
[info] message from 7: wave#33#9#1
[info] message from 3: wave#62#9#0
[info] message from 2: wave#34#1#0
[info] message from 3: wave#63#7#0
[info] message from 6: wave#73#5#0
[info] send message to 1: wave#73#5#0
[info] send message to 2: wave#73#5#0
[info] send message to 3: wave#73#5#0
[info] send message to 7: wave#73#5#0
[info] message from 1: wave#49#3#0
[info] message from 3: wave#64#1#0
[info] message from 6: wave#74#2#0
[info] send message to 1: wave#74#2#0
[info] send message to 2: wave#74#2#0
[info] send message to 3: wave#74#2#0
[info] send message to 7: wave#74#2#0
[info] message from 7: wave#34#1#1
[info] message from 2: wave#35#3#0
[info] message from 1: wave#50#9#0
[info] message from 3: wave#65#4#0
[info] message from 6: wave#75#8#0
[info] send message to 1: wave#75#8#0
[info] send message to 2: wave#75#8#0
[info] send message to 3: wave#75#8#0
[info] send message to 7: wave#75#8#0
[info] message from 1: wave#51#2#0
[info] message from 3: wave#66#9#0
[info] message from 2: wave#36#2#0
[info] message from 7: wave#35#3#1
[info] message from 6: wave#76#1#0
[info] send message to 1: wave#76#1#0
[info] send message to 2: wave#76#1#0
[info] send message to 3: wave#76#1#0
[info] send message to 7: wave#76#1#0
[info] message from 3: wave#67#8#0
[info] message from 1: wave#52#3#0
[info] message from 6: wave#77#4#0
[info] send message to 1: wave#77#4#0
[info] send message to 2: wave#77#4#0
[info] send message to 3: wave#77#4#0
[info] send message to 7: wave#77#4#0
[info] message from 7: wave#36#2#1
[info] message from 2: wave#37#6#0
[info] message from 3: wave#68#4#0
[info] message from 6: wave#78#9#0
[info] send message to 1: wave#78#9#0
[info] send message to 2: wave#78#9#0
[info] send message to 3: wave#78#9#0
[info] send message to 7: wave#78#9#0
[info] message from 3: wave#69#2#0
[info] message from 1: wave#53#9#0
[info] message from 7: wave#37#6#1
[info] message from 2: wave#38#9#0
[info] message from 6: wave#79#8#0
[info] send message to 1: wave#79#8#0
[info] send message to 2: wave#79#8#0
[info] send message to 3: wave#79#8#0
[info] send message to 7: wave#79#8#0
[info] message from 3: wave#70#5#0
[info] message from 1: wave#54#1#0
[info] message from 6: wave#80#8#0
[info] send message to 1: wave#80#8#0
[info] send message to 2: wave#80#8#0
[info] send message to 3: wave#80#8#0
[info] send message to 7: wave#80#8#0
[info] message from 7: wave#38#9#1
[info] message from 3: wave#71#7#0
[info] message from 2: wave#39#3#0
[info] message from 1: wave#55#5#0
[info] message from 6: wave#81#4#0
[info] send message to 1: wave#81#4#0
[info] send message to 2: wave#81#4#0
[info] send message to 3: wave#81#4#0
[info] send message to 7: wave#81#4#0
[info] message from 3: wave#72#5#0
[info] message from 6: wave#82#5#0
[info] send message to 1: wave#82#5#0
[info] send message to 2: wave#82#5#0
[info] send message to 3: wave#82#5#0
[info] send message to 7: wave#82#5#0
[info] message from 3: wave#73#3#0
[info] message from 1: wave#56#9#0
[info] message from 7: wave#39#3#1
[info] message from 2: wave#40#9#0
[info] message from 6: wave#83#9#0
[info] send message to 1: wave#83#9#0
[info] send message to 2: wave#83#9#0
[info] send message to 3: wave#83#9#0
[info] send message to 7: wave#83#9#0
[info] message from 3: wave#74#1#0
[info] message from 1: wave#57#2#0
[info] message from 6: wave#84#6#0
[info] send message to 1: wave#84#6#0
[info] send message to 2: wave#84#6#0
[info] send message to 3: wave#84#6#0
[info] send message to 7: wave#84#6#0
[info] message from 3: wave#75#5#0
[info] message from 1: wave#58#8#0
[info] message from 7: wave#40#9#1
[info] message from 6: wave#85#2#0
[info] send message to 1: wave#85#2#0
[info] send message to 2: wave#85#2#0
[info] send message to 3: wave#85#2#0
[info] send message to 7: wave#85#2#0
[info] message from 2: wave#41#2#0
[info] message from 3: wave#76#4#0
[info] message from 6: wave#86#7#0
[info] send message to 1: wave#86#7#0
[info] send message to 2: wave#86#7#0
[info] send message to 3: wave#86#7#0
[info] send message to 7: wave#86#7#0
[info] message from 3: wave#77#7#0
[info] message from 1: wave#59#6#0
[info] message from 7: wave#41#2#1
[info] message from 2: wave#42#9#0
[info] message from 6: wave#87#3#0
[info] send message to 1: wave#87#3#0
[info] send message to 2: wave#87#3#0
[info] send message to 3: wave#87#3#0
[info] send message to 7: wave#87#3#0
[info] message from 3: wave#78#3#0
[info] message from 1: wave#60#5#0
[info] message from 6: wave#88#6#0
[info] send message to 1: wave#88#6#0
[info] send message to 2: wave#88#6#0
[info] send message to 3: wave#88#6#0
[info] send message to 7: wave#88#6#0
[info] message from 3: wave#79#6#0
[info] message from 2: wave#43#4#0
[info] message from 6: wave#89#3#0
[info] send message to 1: wave#89#3#0
[info] send message to 2: wave#89#3#0
[info] send message to 3: wave#89#3#0
[info] send message to 7: wave#89#3#0
[info] message from 7: wave#42#9#1
[info] message from 1: wave#61#5#0
[info] message from 3: wave#80#9#0
[info] message from 6: wave#90#7#0
[info] send message to 1: wave#90#7#0
[info] send message to 2: wave#90#7#0
[info] send message to 3: wave#90#7#0
[info] send message to 7: wave#90#7#0
[info] message from 3: wave#81#5#0
[info] message from 1: wave#62#2#0
[info] message from 7: wave#43#4#1
[info] message from 6: wave#91#4#0
[info] send message to 1: wave#91#4#0
[info] send message to 2: wave#91#4#0
[info] send message to 3: wave#91#4#0
[info] send message to 7: wave#91#4#0
[info] message from 3: wave#82#2#0
[info] message from 2: wave#44#1#0
[info] message from 6: wave#92#8#0
[info] send message to 1: wave#92#8#0
[info] send message to 2: wave#92#8#0
[info] send message to 3: wave#92#8#0
[info] send message to 7: wave#92#8#0
[info] message from 1: wave#63#7#0
[info] message from 3: wave#83#8#0
[info] message from 6: wave#93#4#0
[info] send message to 1: wave#93#4#0
[info] send message to 2: wave#93#4#0
[info] send message to 3: wave#93#4#0
[info] send message to 7: wave#93#4#0
[info] message from 1: wave#64#6#0
[info] message from 7: wave#44#1#1
[info] message from 2: wave#45#3#0
[info] message from 3: wave#84#4#0
[info] message from 6: wave#94#9#0
[info] send message to 1: wave#94#9#0
[info] send message to 2: wave#94#9#0
[info] send message to 3: wave#94#9#0
[info] send message to 7: wave#94#9#0
[info] message from 1: wave#65#8#0
[info] message from 3: wave#85#2#0
[info] message from 6: wave#95#5#0
[info] send message to 1: wave#95#5#0
[info] send message to 2: wave#95#5#0
[info] send message to 3: wave#95#5#0
[info] send message to 7: wave#95#5#0
[info] message from 7: wave#45#3#1
[info] message from 3: wave#86#4#0
[info] message from 2: wave#46#1#0
[info] message from 1: wave#66#4#0
[info] message from 3: wave#87#6#0
[info] message from 6: wave#96#3#0
[info] send message to 1: wave#96#3#0
[info] send message to 2: wave#96#3#0
[info] send message to 3: wave#96#3#0
[info] send message to 7: wave#96#3#0
[info] message from 1: wave#67#8#0
[info] message from 3: wave#88#4#0
[info] message from 7: wave#46#1#1
[info] message from 6: wave#97#5#0
[info] send message to 1: wave#97#5#0
[info] send message to 2: wave#97#5#0
[info] send message to 3: wave#97#5#0
[info] send message to 7: wave#97#5#0
[info] message from 2: wave#47#7#0
[info] message from 3: wave#89#3#0
[info] message from 6: wave#98#9#0
[info] send message to 1: wave#98#9#0
[info] send message to 2: wave#98#9#0
[info] send message to 3: wave#98#9#0
[info] send message to 7: wave#98#9#0
[info] message from 1: wave#68#1#0
[info] message from 3: wave#90#6#0
[info] message from 6: wave#99#2#0
[info] send message to 1: wave#99#2#0
[info] send message to 2: wave#99#2#0
[info] send message to 3: wave#99#2#0
[info] send message to 7: wave#99#2#0
[info] message from 7: wave#47#7#1
[info] message from 2: wave#48#8#0
[info] message from 1: wave#69#2#0
[info] message from 3: wave#91#2#0
[info] message from 6: wave#100#4#0
[info] send message to 1: wave#100#4#0
[info] send message to 2: wave#100#4#0
[info] send message to 3: wave#100#4#0
[info] send message to 7: wave#100#4#0
[info] message from 3: wave#92#2#0
[info] message from 1: wave#70#4#0
[info] message from 6: wave#101#6#0
[info] send message to 1: wave#101#6#0
[info] send message to 2: wave#101#6#0
[info] send message to 3: wave#101#6#0
[info] send message to 7: wave#101#6#0
[info] message from 3: wave#93#6#0
[info] message from 7: wave#48#8#1
[info] message from 2: wave#49#5#0
[info] message from 3: wave#94#2#0
[info] message from 6: wave#102#3#0
[info] send message to 1: wave#102#3#0
[info] send message to 2: wave#102#3#0
[info] send message to 3: wave#102#3#0
[info] send message to 7: wave#102#3#0
[info] message from 1: wave#71#3#0
[info] message from 7: wave#49#5#1
[info] message from 3: wave#95#8#0
[info] message from 2: wave#50#8#0
[info] message from 6: wave#103#5#0
[info] send message to 1: wave#103#5#0
[info] send message to 2: wave#103#5#0
[info] send message to 3: wave#103#5#0
[info] send message to 7: wave#103#5#0
[info] message from 1: wave#72#4#0
[info] message from 6: wave#104#8#0
[info] send message to 1: wave#104#8#0
[info] send message to 2: wave#104#8#0
[info] send message to 3: wave#104#8#0
[info] send message to 7: wave#104#8#0
[info] message from 3: wave#96#5#0
[info] message from 2: wave#51#5#0
[info] message from 7: wave#50#8#1
[info] message from 6: wave#105#4#0
[info] send message to 1: wave#105#4#0
[info] send message to 2: wave#105#4#0
[info] send message to 3: wave#105#4#0
[info] send message to 7: wave#105#4#0
[info] message from 3: wave#97#6#0
[info] message from 1: wave#73#5#0
[info] message from 6: wave#106#1#0
[info] send message to 1: wave#106#1#0
[info] send message to 2: wave#106#1#0
[info] send message to 3: wave#106#1#0
[info] send message to 7: wave#106#1#0
[info] message from 3: wave#98#5#0
[info] message from 7: wave#51#5#1
[info] message from 2: wave#52#9#0
[info] message from 1: wave#74#6#0
[info] message from 6: wave#107#7#0
[info] send message to 1: wave#107#7#0
[info] send message to 2: wave#107#7#0
[info] send message to 3: wave#107#7#0
[info] send message to 7: wave#107#7#0
[info] message from 3: wave#99#4#0
[info] message from 6: wave#108#2#0
[info] send message to 1: wave#108#2#0
[info] send message to 2: wave#108#2#0
[info] send message to 3: wave#108#2#0
[info] send message to 7: wave#108#2#0
[info] message from 1: wave#75#2#0
[info] message from 3: wave#100#4#0
[info] message from 7: wave#52#9#1
[info] message from 6: wave#109#1#0
[info] send message to 1: wave#109#1#0
[info] send message to 2: wave#109#1#0
[info] send message to 3: wave#109#1#0
[info] send message to 7: wave#109#1#0
[info] message from 2: wave#53#8#0
[info] message from 3: wave#101#5#0
[info] message from 6: wave#110#3#0
[info] send message to 1: wave#110#3#0
[info] send message to 2: wave#110#3#0
[info] send message to 3: wave#110#3#0
[info] send message to 7: wave#110#3#0
[info] message from 1: wave#76#9#0
[info] message from 3: wave#102#3#0
[info] message from 6: wave#111#4#0
[info] send message to 1: wave#111#4#0
[info] send message to 2: wave#111#4#0
[info] send message to 3: wave#111#4#0
[info] send message to 7: wave#111#4#0
[info] message from 2: wave#54#3#0
[info] message from 3: wave#103#4#0
[info] message from 7: wave#53#8#1
[info] message from 6: wave#112#7#0
[info] send message to 1: wave#112#7#0
[info] send message to 2: wave#112#7#0
[info] send message to 3: wave#112#7#0
[info] send message to 7: wave#112#7#0
[info] message from 1: wave#77#8#0
[info] message from 3: wave#104#5#0
[info] message from 6: wave#113#5#0
[info] send message to 1: wave#113#5#0
[info] send message to 2: wave#113#5#0
[info] send message to 3: wave#113#5#0
[info] send message to 7: wave#113#5#0
[info] message from 7: wave#54#3#1
[info] message from 2: wave#55#6#0
[info] message from 3: wave#105#1#0
[info] message from 1: wave#78#5#0
[info] message from 6: wave#114#5#0
[info] send message to 1: wave#114#5#0
[info] send message to 2: wave#114#5#0
[info] send message to 3: wave#114#5#0
[info] send message to 7: wave#114#5#0
[info] message from 3: wave#106#6#0
[info] message from 7: wave#55#6#1
[info] message from 6: wave#115#9#0
[info] send message to 1: wave#115#9#0
[info] send message to 2: wave#115#9#0
[info] send message to 3: wave#115#9#0
[info] send message to 7: wave#115#9#0
[info] message from 2: wave#56#7#0
[info] message from 1: wave#79#9#0
[info] message from 3: wave#107#4#0
[info] message from 6: wave#116#5#0
[info] send message to 1: wave#116#5#0
[info] send message to 2: wave#116#5#0
[info] send message to 3: wave#116#5#0
[info] send message to 7: wave#116#5#0
[info] message from 3: wave#108#6#0
[info] message from 7: wave#56#7#1
[info] message from 1: wave#80#5#0
[info] message from 2: wave#57#8#0
[info] message from 6: wave#117#8#0
[info] send message to 1: wave#117#8#0
[info] send message to 2: wave#117#8#0
[info] send message to 3: wave#117#8#0
[info] send message to 7: wave#117#8#0
[info] message from 3: wave#109#6#0
[info] message from 6: wave#118#2#0
[info] send message to 1: wave#118#2#0
[info] send message to 2: wave#118#2#0
[info] send message to 3: wave#118#2#0
[info] send message to 7: wave#118#2#0
[info] message from 3: wave#110#3#0
[info] message from 1: wave#81#4#0
[info] message from 2: wave#58#2#0
[info] message from 7: wave#57#8#1
[info] message from 6: wave#119#3#0
[info] send message to 1: wave#119#3#0
[info] send message to 2: wave#119#3#0
[info] send message to 3: wave#119#3#0
[info] send message to 7: wave#119#3#0
[info] message from 3: wave#111#6#0
[info] message from 1: wave#82#8#0
[info] message from 6: wave#120#3#0
[info] send message to 1: wave#120#3#0
[info] send message to 2: wave#120#3#0
[info] send message to 3: wave#120#3#0
[info] send message to 7: wave#120#3#0
[info] message from 3: wave#112#4#0
[info] message from 2: wave#59#7#0
[info] message from 7: wave#58#2#1
[info] message from 6: wave#121#7#0
[info] send message to 1: wave#121#7#0
[info] send message to 2: wave#121#7#0
[info] send message to 3: wave#121#7#0
[info] send message to 7: wave#121#7#0
[info] message from 1: wave#83#4#0
[info] message from 3: wave#113#7#0
[info] message from 6: wave#122#6#0
[info] send message to 1: wave#122#6#0
[info] send message to 2: wave#122#6#0
[info] send message to 3: wave#122#6#0
[info] send message to 7: wave#122#6#0
[info] message from 3: wave#114#2#0
[info] message from 7: wave#59#7#1
[info] message from 2: wave#60#2#0
[info] message from 6: wave#123#3#0
[info] send message to 1: wave#123#3#0
[info] send message to 2: wave#123#3#0
[info] send message to 3: wave#123#3#0
[info] send message to 7: wave#123#3#0
[info] message from 1: wave#84#2#0
[info] message from 3: wave#115#4#0
[info] message from 6: wave#124#1#0
[info] send message to 1: wave#124#1#0
[info] send message to 2: wave#124#1#0
[info] send message to 3: wave#124#1#0
[info] send message to 7: wave#124#1#0
[info] message from 3: wave#116#2#0
[info] message from 1: wave#85#7#0
[info] message from 7: wave#60#2#1
[info] message from 6: wave#125#8#0
[info] send message to 1: wave#125#8#0
[info] send message to 2: wave#125#8#0
[info] send message to 3: wave#125#8#0
[info] send message to 7: wave#125#8#0
[info] message from 3: wave#117#2#0
[info] message from 2: wave#61#1#0
[info] message from 1: wave#86#9#0
[info] message from 6: wave#126#5#0
[info] send message to 1: wave#126#5#0
[info] send message to 2: wave#126#5#0
[info] send message to 3: wave#126#5#0
[info] send message to 7: wave#126#5#0
[info] message from 3: wave#118#9#0
[info] message from 6: wave#127#7#0
[info] send message to 1: wave#127#7#0
[info] send message to 2: wave#127#7#0
[info] send message to 3: wave#127#7#0
[info] send message to 7: wave#127#7#0
[info] message from 2: wave#62#6#0
[info] message from 7: wave#61#1#1
[info] message from 3: wave#119#5#0
[info] message from 6: wave#128#2#0
[info] send message to 1: wave#128#2#0
[info] send message to 2: wave#128#2#0
[info] send message to 3: wave#128#2#0
[info] send message to 7: wave#128#2#0
[info] message from 1: wave#87#6#0
[info] message from 3: wave#120#4#0
[info] message from 7: wave#62#6#1
[info] message from 2: wave#63#6#0
[info] message from 6: wave#129#8#0
[info] send message to 1: wave#129#8#0
[info] send message to 2: wave#129#8#0
[info] send message to 3: wave#129#8#0
[info] send message to 7: wave#129#8#0
[info] message from 1: wave#88#5#0
[info] message from 3: wave#121#9#0
[info] message from 6: wave#130#7#0
[info] send message to 1: wave#130#7#0
[info] send message to 2: wave#130#7#0
[info] send message to 3: wave#130#7#0
[info] send message to 7: wave#130#7#0
[info] message from 3: wave#122#5#0
[info] message from 1: wave#89#1#0
[info] message from 7: wave#63#6#1
[info] message from 6: wave#131#9#0
[info] send message to 1: wave#131#9#0
[info] send message to 2: wave#131#9#0
[info] send message to 3: wave#131#9#0
[info] send message to 7: wave#131#9#0
[info] message from 2: wave#64#8#0
[info] message from 6: wave#132#7#0
[info] send message to 1: wave#132#7#0
[info] send message to 2: wave#132#7#0
[info] send message to 3: wave#132#7#0
[info] send message to 7: wave#132#7#0
[info] message from 3: wave#123#9#0
[info] message from 1: wave#90#2#0
[info] message from 3: wave#124#7#0
[info] message from 6: wave#133#7#0
[info] send message to 1: wave#133#7#0
[info] send message to 2: wave#133#7#0
[info] send message to 3: wave#133#7#0
[info] send message to 7: wave#133#7#0
[info] message from 7: wave#64#8#1
[info] message from 1: wave#91#7#0
[info] message from 6: wave#134#9#0
[info] send message to 1: wave#134#9#0
[info] send message to 2: wave#134#9#0
[info] send message to 3: wave#134#9#0
[info] send message to 7: wave#134#9#0
[info] message from 2: wave#65#7#0
[info] message from 3: wave#125#1#0
[info] message from 6: wave#135#3#0
[info] send message to 1: wave#135#3#0
[info] send message to 2: wave#135#3#0
[info] send message to 3: wave#135#3#0
[info] send message to 7: wave#135#3#0
[info] message from 3: wave#126#8#0
[info] message from 1: wave#92#7#0
[info] message from 7: wave#65#7#1
[info] message from 6: wave#136#1#0
[info] send message to 1: wave#136#1#0
[info] send message to 2: wave#136#1#0
[info] send message to 3: wave#136#1#0
[info] send message to 7: wave#136#1#0
[info] message from 2: wave#66#6#0
[info] message from 3: wave#127#3#0
[info] message from 1: wave#93#2#0
[info] message from 6: wave#137#2#0
[info] send message to 1: wave#137#2#0
[info] send message to 2: wave#137#2#0
[info] send message to 3: wave#137#2#0
[info] send message to 7: wave#137#2#0
[info] message from 3: wave#128#5#0
[info] message from 2: wave#67#7#0
[info] message from 7: wave#66#6#1
[info] message from 6: wave#138#7#0
[info] send message to 1: wave#138#7#0
[info] send message to 2: wave#138#7#0
[info] send message to 3: wave#138#7#0
[info] send message to 7: wave#138#7#0
[info] message from 1: wave#94#3#0
[info] message from 3: wave#129#8#0
[info] message from 6: wave#139#8#0
[info] send message to 1: wave#139#8#0
[info] send message to 2: wave#139#8#0
[info] send message to 3: wave#139#8#0
[info] send message to 7: wave#139#8#0
[info] message from 7: wave#67#7#1
[info] message from 2: wave#68#9#0
[info] message from 1: wave#95#7#0
[info] message from 6: wave#140#1#0
[info] send message to 1: wave#140#1#0
[info] send message to 2: wave#140#1#0
[info] send message to 3: wave#140#1#0
[info] send message to 7: wave#140#1#0
[info] message from 3: wave#130#9#0
[info] message from 6: wave#141#9#0
[info] send message to 1: wave#141#9#0
[info] send message to 2: wave#141#9#0
[info] send message to 3: wave#141#9#0
[info] send message to 7: wave#141#9#0
[info] message from 1: wave#96#5#0
[info] message from 2: wave#69#6#0
[info] message from 3: wave#131#6#0
[info] message from 7: wave#68#9#1
[info] message from 6: wave#142#9#0
[info] send message to 1: wave#142#9#0
[info] send message to 2: wave#142#9#0
[info] send message to 3: wave#142#9#0
[info] send message to 7: wave#142#9#0
[info] message from 3: wave#132#5#0
[info] message from 1: wave#97#6#0
[info] message from 7: wave#69#6#1
[info] message from 6: wave#143#2#0
[info] send message to 1: wave#143#2#0
[info] send message to 2: wave#143#2#0
[info] send message to 3: wave#143#2#0
[info] send message to 7: wave#143#2#0
[info] message from 2: wave#70#1#0
[info] message from 3: wave#133#2#0
[info] message from 1: wave#98#4#0
[info] message from 3: wave#134#7#0
[info] message from 6: wave#144#9#0
[info] send message to 1: wave#144#9#0
[info] send message to 2: wave#144#9#0
[info] send message to 3: wave#144#9#0
[info] send message to 7: wave#144#9#0
[info] message from 7: wave#70#1#1
[info] message from 6: wave#145#2#0
[info] send message to 1: wave#145#2#0
[info] send message to 2: wave#145#2#0
[info] send message to 3: wave#145#2#0
[info] send message to 7: wave#145#2#0
[info] message from 2: wave#71#3#0
[info] message from 3: wave#135#2#0
[info] message from 1: wave#99#3#0
[info] message from 6: wave#146#1#0
[info] send message to 1: wave#146#1#0
[info] send message to 2: wave#146#1#0
[info] send message to 3: wave#146#1#0
[info] send message to 7: wave#146#1#0
[info] message from 3: wave#136#8#0
[info] message from 7: wave#71#3#1
[info] message from 2: wave#72#3#0
[info] message from 3: wave#137#7#0
[info] message from 6: wave#147#4#0
[info] send message to 1: wave#147#4#0
[info] send message to 2: wave#147#4#0
[info] send message to 3: wave#147#4#0
[info] send message to 7: wave#147#4#0
[info] message from 1: wave#100#9#0
[info] message from 3: wave#138#3#0
[info] message from 6: wave#148#9#0
[info] send message to 1: wave#148#9#0
[info] send message to 2: wave#148#9#0
[info] send message to 3: wave#148#9#0
[info] send message to 7: wave#148#9#0
[info] message from 3: wave#139#4#0
[info] message from 1: wave#101#8#0
[info] message from 7: wave#72#3#1
[info] message from 2: wave#73#5#0
[info] message from 6: wave#149#2#0
[info] send message to 1: wave#149#2#0
[info] send message to 2: wave#149#2#0
[info] send message to 3: wave#149#2#0
[info] send message to 7: wave#149#2#0
[info] message from 3: wave#140#1#0
[info] message from 1: wave#102#2#0
[info] message from 6: wave#150#7#0
[info] send message to 1: wave#150#7#0
[info] send message to 2: wave#150#7#0
[info] send message to 3: wave#150#7#0
[info] send message to 7: wave#150#7#0
[info] message from 7: wave#73#5#1
[info] message from 3: wave#141#5#0
[info] message from 2: wave#74#2#0
[info] message from 1: wave#103#6#0
[info] message from 6: wave#151#9#0
[info] send message to 1: wave#151#9#0
[info] send message to 2: wave#151#9#0
[info] send message to 3: wave#151#9#0
[info] send message to 7: wave#151#9#0
[info] message from 3: wave#142#9#0
[info] message from 6: wave#152#3#0
[info] send message to 1: wave#152#3#0
[info] send message to 2: wave#152#3#0
[info] send message to 3: wave#152#3#0
[info] send message to 7: wave#152#3#0
[info] message from 7: wave#74#2#1
[info] message from 2: wave#75#8#0
[info] message from 6: wave#153#5#0
[info] send message to 1: wave#153#5#0
[info] send message to 2: wave#153#5#0
[info] send message to 3: wave#153#5#0
[info] send message to 7: wave#153#5#0
[info] message from 3: wave#143#1#0
[info] message from 1: wave#104#8#0
[info] message from 6: wave#154#5#0
[info] send message to 1: wave#154#5#0
[info] send message to 2: wave#154#5#0
[info] send message to 3: wave#154#5#0
[info] send message to 7: wave#154#5#0
[info] message from 3: wave#144#4#0
[info] message from 7: wave#75#8#1
[info] message from 6: wave#155#8#0
[info] send message to 1: wave#155#8#0
[info] send message to 2: wave#155#8#0
[info] send message to 3: wave#155#8#0
[info] send message to 7: wave#155#8#0
[info] message from 2: wave#76#1#0
[info] message from 1: wave#105#2#0
[info] message from 3: wave#145#8#0
[info] message from 6: wave#156#2#0
[info] send message to 1: wave#156#2#0
[info] send message to 2: wave#156#2#0
[info] received keyboard interrupt
