[info] Hello from node6
[info] I'm connected to nodes ['2', '6']
[info] I have edges [('6', '2'), ('6', '6')]
[info] round 0 started!
[info] -- new id 9 selected!
[info] send message to 2: wave#0#9#0
[info] send message to 6: wave#0#9#0
[info] message from 2: wave#0#5#0
[info] message from 6: wave#0#9#0
[info] message from 2: wave#0#9#0
[info] after round 0 : parent is [] and leader id is 9
[info] round 1 started!
[info] -- new id 2 selected!
[info] send message to 2: wave#1#2#0
[info] send message to 6: wave#1#2#0
[info] message from 6: wave#1#2#0
[info] after round 1 : parent is [] and leader id is 2
[info] round 2 started!
[info] -- new id 5 selected!
[info] send message to 2: wave#2#5#0
[info] send message to 6: wave#2#5#0
[info] message from 2: wave#1#7#0
[info] after round 2 : parent is [] and leader id is 5
[info] round 3 started!
[info] -- new id 3 selected!
[info] send message to 2: wave#3#3#0
[info] send message to 6: wave#3#3#0
[info] message from 6: wave#2#5#0
[info] after round 3 : parent is [] and leader id is 3
[info] round 4 started!
[info] -- new id 7 selected!
[info] send message to 2: wave#4#7#0
[info] send message to 6: wave#4#7#0
[info] message from 6: wave#3#3#0
[info] after round 4 : parent is [] and leader id is 7
[info] round 5 started!
[info] -- new id 5 selected!
[info] send message to 2: wave#5#5#0
[info] send message to 6: wave#5#5#0
[info] message from 2: wave#2#1#0
[info] after round 5 : parent is [] and leader id is 5
[info] round 6 started!
[info] -- new id 3 selected!
[info] send message to 2: wave#6#3#0
[info] send message to 6: wave#6#3#0
[info] message from 6: wave#4#7#0
[info] after round 6 : parent is [] and leader id is 3
[info] round 7 started!
[info] -- new id 7 selected!
[info] send message to 2: wave#7#7#0
[info] send message to 6: wave#7#7#0
[info] message from 6: wave#5#5#0
[info] after round 7 : parent is [] and leader id is 7
[info] round 8 started!
[info] -- new id 3 selected!
[info] send message to 2: wave#8#3#0
[info] send message to 6: wave#8#3#0
[info] message from 2: wave#3#2#0
[info] after round 8 : parent is [] and leader id is 3
[info] round 9 started!
[info] -- new id 4 selected!
[info] send message to 2: wave#9#4#0
[info] send message to 6: wave#9#4#0
[info] message from 6: wave#6#3#0
[info] after round 9 : parent is [] and leader id is 4
[info] round 10 started!
[info] -- new id 3 selected!
[info] send message to 2: wave#10#3#0
[info] send message to 6: wave#10#3#0
[info] message from 6: wave#7#7#0
[info] after round 10 : parent is [] and leader id is 3
[info] round 11 started!
[info] -- new id 7 selected!
[info] send message to 2: wave#11#7#0
[info] send message to 6: wave#11#7#0
[info] message from 2: wave#4#1#0
[info] after round 11 : parent is [] and leader id is 7
[info] round 12 started!
[info] -- new id 3 selected!
[info] send message to 2: wave#12#3#0
[info] send message to 6: wave#12#3#0
[info] message from 6: wave#8#3#0
[info] after round 12 : parent is [] and leader id is 3
[info] round 13 started!
[info] -- new id 6 selected!
[info] send message to 2: wave#13#6#0
[info] send message to 6: wave#13#6#0
[info] message from 6: wave#9#4#0
[info] after round 13 : parent is [] and leader id is 6
[info] round 14 started!
[info] -- new id 2 selected!
[info] send message to 2: wave#14#2#0
[info] send message to 6: wave#14#2#0
[info] message from 2: wave#5#5#0
[info] after round 14 : parent is [] and leader id is 2
[info] round 15 started!
[info] -- new id 2 selected!
[info] send message to 2: wave#15#2#0
[info] send message to 6: wave#15#2#0
[info] message from 6: wave#10#3#0
[info] after round 15 : parent is [] and leader id is 2
[info] round 16 started!
[info] -- new id 4 selected!
[info] send message to 2: wave#16#4#0
[info] send message to 6: wave#16#4#0
[info] message from 6: wave#11#7#0
[info] after round 16 : parent is [] and leader id is 4
[info] round 17 started!
[info] -- new id 5 selected!
[info] send message to 2: wave#17#5#0
[info] send message to 6: wave#17#5#0
[info] message from 2: wave#6#2#0
[info] after round 17 : parent is [] and leader id is 5
[info] round 18 started!
[info] -- new id 6 selected!
[info] send message to 2: wave#18#6#0
[info] send message to 6: wave#18#6#0
[info] message from 6: wave#12#3#0
[info] after round 18 : parent is [] and leader id is 6
[info] round 19 started!
[info] -- new id 9 selected!
[info] send message to 2: wave#19#9#0
[info] send message to 6: wave#19#9#0
[info] message from 6: wave#13#6#0
[info] after round 19 : parent is [] and leader id is 9
[info] round 20 started!
[info] -- new id 2 selected!
[info] send message to 2: wave#20#2#0
[info] send message to 6: wave#20#2#0
[info] message from 2: wave#7#8#0
[info] after round 20 : parent is [] and leader id is 2
[info] round 21 started!
[info] -- new id 7 selected!
[info] send message to 2: wave#21#7#0
[info] send message to 6: wave#21#7#0
[info] message from 6: wave#14#2#0
[info] after round 21 : parent is [] and leader id is 7
[info] round 22 started!
[info] -- new id 4 selected!
[info] send message to 2: wave#22#4#0
[info] send message to 6: wave#22#4#0
[info] message from 6: wave#15#2#0
[info] after round 22 : parent is [] and leader id is 4
[info] round 23 started!
[info] -- new id 1 selected!
[info] send message to 2: wave#23#1#0
[info] send message to 6: wave#23#1#0
[info] message from 2: wave#8#4#0
[info] after round 23 : parent is [] and leader id is 1
[info] round 24 started!
[info] -- new id 1 selected!
[info] send message to 2: wave#24#1#0
[info] send message to 6: wave#24#1#0
[info] message from 6: wave#16#4#0
[info] after round 24 : parent is [] and leader id is 1
[info] round 25 started!
[info] -- new id 5 selected!
[info] send message to 2: wave#25#5#0
[info] send message to 6: wave#25#5#0
[info] message from 6: wave#17#5#0
[info] after round 25 : parent is [] and leader id is 5
[info] round 26 started!
[info] -- new id 3 selected!
[info] send message to 2: wave#26#3#0
[info] send message to 6: wave#26#3#0
[info] message from 6: wave#18#6#0
[info] after round 26 : parent is [] and leader id is 3
[info] round 27 started!
[info] -- new id 5 selected!
[info] send message to 2: wave#27#5#0
[info] send message to 6: wave#27#5#0
[info] message from 6: wave#19#9#0
[info] after round 27 : parent is [] and leader id is 5
[info] round 28 started!
[info] -- new id 4 selected!
[info] send message to 2: wave#28#4#0
[info] send message to 6: wave#28#4#0
[info] message from 6: wave#20#2#0
[info] after round 28 : parent is [] and leader id is 4
[info] round 29 started!
[info] -- new id 9 selected!
[info] send message to 2: wave#29#9#0
[info] send message to 6: wave#29#9#0
[info] message from 6: wave#21#7#0
[info] after round 29 : parent is [] and leader id is 9
[info] round 30 started!
[info] -- new id 6 selected!
[info] send message to 2: wave#30#6#0
[info] send message to 6: wave#30#6#0
[info] message from 2: wave#10#6#0
[info] after round 30 : parent is [] and leader id is 6
[info] round 31 started!
[info] -- new id 8 selected!
[info] send message to 2: wave#31#8#0
[info] send message to 6: wave#31#8#0
[info] message from 6: wave#22#4#0
[info] after round 31 : parent is [] and leader id is 8
[info] round 32 started!
[info] -- new id 1 selected!
[info] send message to 2: wave#32#1#0
[info] send message to 6: wave#32#1#0
[info] message from 6: wave#23#1#0
[info] after round 32 : parent is [] and leader id is 1
[info] round 33 started!
[info] -- new id 9 selected!
[info] send message to 2: wave#33#9#0
[info] send message to 6: wave#33#9#0
[info] message from 6: wave#24#1#0
[info] after round 33 : parent is [] and leader id is 9
[info] round 34 started!
[info] -- new id 1 selected!
[info] send message to 2: wave#34#1#0
[info] send message to 6: wave#34#1#0
[info] message from 6: wave#25#5#0
[info] after round 34 : parent is [] and leader id is 1
[info] round 35 started!
[info] -- new id 3 selected!
[info] send message to 2: wave#35#3#0
[info] send message to 6: wave#35#3#0
[info] message from 6: wave#26#3#0
[info] after round 35 : parent is [] and leader id is 3
[info] round 36 started!
[info] -- new id 2 selected!
[info] send message to 2: wave#36#2#0
[info] send message to 6: wave#36#2#0
[info] message from 6: wave#27#5#0
[info] after round 36 : parent is [] and leader id is 2
[info] round 37 started!
[info] -- new id 6 selected!
[info] send message to 2: wave#37#6#0
[info] send message to 6: wave#37#6#0
[info] message from 6: wave#28#4#0
[info] after round 37 : parent is [] and leader id is 6
[info] round 38 started!
[info] -- new id 9 selected!
[info] send message to 2: wave#38#9#0
[info] send message to 6: wave#38#9#0
[info] message from 6: wave#29#9#0
[info] after round 38 : parent is [] and leader id is 9
[info] round 39 started!
[info] -- new id 3 selected!
[info] send message to 2: wave#39#3#0
[info] send message to 6: wave#39#3#0
[info] message from 6: wave#30#6#0
[info] after round 39 : parent is [] and leader id is 3
[info] round 40 started!
[info] -- new id 9 selected!
[info] send message to 2: wave#40#9#0
[info] send message to 6: wave#40#9#0
[info] message from 6: wave#31#8#0
[info] after round 40 : parent is [] and leader id is 9
[info] round 41 started!
[info] -- new id 2 selected!
[info] send message to 2: wave#41#2#0
[info] send message to 6: wave#41#2#0
[info] message from 6: wave#32#1#0
[info] after round 41 : parent is [] and leader id is 2
[info] round 42 started!
[info] -- new id 9 selected!
[info] send message to 2: wave#42#9#0
[info] send message to 6: wave#42#9#0
[info] message from 6: wave#33#9#0
[info] after round 42 : parent is [] and leader id is 9
[info] round 43 started!
[info] -- new id 4 selected!
[info] send message to 2: wave#43#4#0
[info] send message to 6: wave#43#4#0
[info] message from 6: wave#34#1#0
[info] after round 43 : parent is [] and leader id is 4
[info] round 44 started!
[info] -- new id 1 selected!
[info] send message to 2: wave#44#1#0
[info] send message to 6: wave#44#1#0
[info] message from 6: wave#35#3#0
[info] after round 44 : parent is [] and leader id is 1
[info] round 45 started!
[info] -- new id 3 selected!
[info] send message to 2: wave#45#3#0
[info] send message to 6: wave#45#3#0
[info] message from 6: wave#36#2#0
[info] after round 45 : parent is [] and leader id is 3
[info] round 46 started!
[info] -- new id 1 selected!
[info] send message to 2: wave#46#1#0
[info] send message to 6: wave#46#1#0
[info] message from 6: wave#37#6#0
[info] after round 46 : parent is [] and leader id is 1
[info] round 47 started!
[info] -- new id 7 selected!
[info] send message to 2: wave#47#7#0
[info] send message to 6: wave#47#7#0
[info] message from 6: wave#38#9#0
[info] after round 47 : parent is [] and leader id is 7
[info] round 48 started!
[info] -- new id 8 selected!
[info] send message to 2: wave#48#8#0
[info] send message to 6: wave#48#8#0
[info] message from 6: wave#39#3#0
[info] after round 48 : parent is [] and leader id is 8
[info] round 49 started!
[info] -- new id 5 selected!
[info] send message to 2: wave#49#5#0
[info] send message to 6: wave#49#5#0
[info] message from 6: wave#40#9#0
[info] after round 49 : parent is [] and leader id is 5
[info] round 50 started!
[info] -- new id 8 selected!
[info] send message to 2: wave#50#8#0
[info] send message to 6: wave#50#8#0
[info] message from 6: wave#41#2#0
[info] after round 50 : parent is [] and leader id is 8
[info] round 51 started!
[info] -- new id 5 selected!
[info] send message to 2: wave#51#5#0
[info] send message to 6: wave#51#5#0
[info] message from 6: wave#42#9#0
[info] after round 51 : parent is [] and leader id is 5
[info] round 52 started!
[info] -- new id 9 selected!
[info] send message to 2: wave#52#9#0
[info] send message to 6: wave#52#9#0
[info] message from 6: wave#43#4#0
[info] after round 52 : parent is [] and leader id is 9
[info] round 53 started!
[info] -- new id 8 selected!
[info] send message to 2: wave#53#8#0
[info] send message to 6: wave#53#8#0
[info] message from 6: wave#44#1#0
[info] after round 53 : parent is [] and leader id is 8
[info] round 54 started!
[info] -- new id 3 selected!
[info] send message to 2: wave#54#3#0
[info] send message to 6: wave#54#3#0
[info] message from 6: wave#45#3#0
[info] after round 54 : parent is [] and leader id is 3
[info] round 55 started!
[info] -- new id 6 selected!
[info] send message to 2: wave#55#6#0
[info] send message to 6: wave#55#6#0
[info] message from 6: wave#46#1#0
[info] after round 55 : parent is [] and leader id is 6
[info] round 56 started!
[info] -- new id 7 selected!
[info] send message to 2: wave#56#7#0
[info] send message to 6: wave#56#7#0
[info] message from 6: wave#47#7#0
[info] after round 56 : parent is [] and leader id is 7
[info] round 57 started!
[info] -- new id 8 selected!
[info] send message to 2: wave#57#8#0
[info] send message to 6: wave#57#8#0
[info] message from 6: wave#48#8#0
[info] after round 57 : parent is [] and leader id is 8
[info] round 58 started!
[info] -- new id 2 selected!
[info] send message to 2: wave#58#2#0
[info] send message to 6: wave#58#2#0
[info] message from 6: wave#49#5#0
[info] after round 58 : parent is [] and leader id is 2
[info] round 59 started!
[info] -- new id 7 selected!
[info] send message to 2: wave#59#7#0
[info] send message to 6: wave#59#7#0
[info] message from 6: wave#50#8#0
[info] after round 59 : parent is [] and leader id is 7
[info] round 60 started!
[info] -- new id 2 selected!
[info] send message to 2: wave#60#2#0
[info] send message to 6: wave#60#2#0
[info] message from 6: wave#51#5#0
[info] after round 60 : parent is [] and leader id is 2
[info] round 61 started!
[info] -- new id 1 selected!
[info] send message to 2: wave#61#1#0
[info] send message to 6: wave#61#1#0
[info] message from 6: wave#52#9#0
[info] after round 61 : parent is [] and leader id is 1
[info] round 62 started!
[info] -- new id 6 selected!
[info] send message to 2: wave#62#6#0
[info] send message to 6: wave#62#6#0
[info] message from 6: wave#53#8#0
[info] after round 62 : parent is [] and leader id is 6
[info] round 63 started!
[info] -- new id 6 selected!
[info] send message to 2: wave#63#6#0
[info] send message to 6: wave#63#6#0
[info] message from 6: wave#54#3#0
[info] after round 63 : parent is [] and leader id is 6
[info] round 64 started!
[info] -- new id 8 selected!
[info] send message to 2: wave#64#8#0
[info] send message to 6: wave#64#8#0
[info] message from 6: wave#55#6#0
[info] after round 64 : parent is [] and leader id is 8
[info] round 65 started!
[info] -- new id 7 selected!
[info] send message to 2: wave#65#7#0
[info] send message to 6: wave#65#7#0
[info] message from 6: wave#56#7#0
[info] after round 65 : parent is [] and leader id is 7
[info] round 66 started!
[info] -- new id 6 selected!
[info] send message to 2: wave#66#6#0
[info] send message to 6: wave#66#6#0
[info] message from 6: wave#57#8#0
[info] after round 66 : parent is [] and leader id is 6
[info] round 67 started!
[info] -- new id 7 selected!
[info] send message to 2: wave#67#7#0
[info] send message to 6: wave#67#7#0
[info] message from 6: wave#58#2#0
[info] after round 67 : parent is [] and leader id is 7
[info] round 68 started!
[info] -- new id 9 selected!
[info] send message to 2: wave#68#9#0
[info] send message to 6: wave#68#9#0
[info] message from 6: wave#59#7#0
[info] after round 68 : parent is [] and leader id is 9
[info] round 69 started!
[info] -- new id 6 selected!
[info] send message to 2: wave#69#6#0
[info] send message to 6: wave#69#6#0
[info] message from 6: wave#60#2#0
[info] after round 69 : parent is [] and leader id is 6
[info] round 70 started!
[info] -- new id 1 selected!
[info] send message to 2: wave#70#1#0
[info] send message to 6: wave#70#1#0
[info] message from 6: wave#61#1#0
[info] after round 70 : parent is [] and leader id is 1
[info] round 71 started!
[info] -- new id 3 selected!
[info] send message to 2: wave#71#3#0
[info] send message to 6: wave#71#3#0
[info] message from 6: wave#62#6#0
[info] after round 71 : parent is [] and leader id is 3
[info] round 72 started!
[info] -- new id 3 selected!
[info] send message to 2: wave#72#3#0
[info] send message to 6: wave#72#3#0
[info] message from 6: wave#63#6#0
[info] after round 72 : parent is [] and leader id is 3
[info] round 73 started!
[info] -- new id 5 selected!
[info] send message to 2: wave#73#5#0
[info] send message to 6: wave#73#5#0
[info] message from 6: wave#64#8#0
[info] after round 73 : parent is [] and leader id is 5
[info] round 74 started!
[info] -- new id 2 selected!
[info] send message to 2: wave#74#2#0
[info] send message to 6: wave#74#2#0
[info] message from 6: wave#65#7#0
[info] after round 74 : parent is [] and leader id is 2
[info] round 75 started!
[info] -- new id 8 selected!
[info] send message to 2: wave#75#8#0
[info] send message to 6: wave#75#8#0
[info] message from 6: wave#66#6#0
[info] after round 75 : parent is [] and leader id is 8
[info] round 76 started!
[info] -- new id 1 selected!
[info] send message to 2: wave#76#1#0
[info] send message to 6: wave#76#1#0
[info] message from 6: wave#67#7#0
[info] after round 76 : parent is [] and leader id is 1
[info] round 77 started!
[info] -- new id 4 selected!
[info] send message to 2: wave#77#4#0
[info] send message to 6: wave#77#4#0
[info] message from 6: wave#68#9#0
[info] after round 77 : parent is [] and leader id is 4
[info] round 78 started!
[info] -- new id 9 selected!
[info] send message to 2: wave#78#9#0
[info] send message to 6: wave#78#9#0
[info] message from 6: wave#69#6#0
[info] after round 78 : parent is [] and leader id is 9
[info] round 79 started!
[info] -- new id 8 selected!
[info] send message to 2: wave#79#8#0
[info] send message to 6: wave#79#8#0
[info] message from 6: wave#70#1#0
[info] after round 79 : parent is [] and leader id is 8
[info] round 80 started!
[info] -- new id 8 selected!
[info] send message to 2: wave#80#8#0
[info] send message to 6: wave#80#8#0
[info] message from 6: wave#71#3#0
[info] after round 80 : parent is [] and leader id is 8
[info] round 81 started!
[info] -- new id 4 selected!
[info] send message to 2: wave#81#4#0
[info] send message to 6: wave#81#4#0
[info] message from 6: wave#72#3#0
[info] after round 81 : parent is [] and leader id is 4
[info] round 82 started!
[info] -- new id 5 selected!
[info] send message to 2: wave#82#5#0
[info] send message to 6: wave#82#5#0
[info] message from 6: wave#73#5#0
[info] after round 82 : parent is [] and leader id is 5
[info] round 83 started!
[info] -- new id 9 selected!
[info] send message to 2: wave#83#9#0
[info] send message to 6: wave#83#9#0
[info] message from 6: wave#74#2#0
[info] after round 83 : parent is [] and leader id is 9
[info] round 84 started!
[info] -- new id 6 selected!
[info] send message to 2: wave#84#6#0
[info] send message to 6: wave#84#6#0
[info] message from 6: wave#75#8#0
[info] after round 84 : parent is [] and leader id is 6
[info] round 85 started!
[info] -- new id 2 selected!
[info] send message to 2: wave#85#2#0
[info] send message to 6: wave#85#2#0
[info] message from 6: wave#76#1#0
[info] after round 85 : parent is [] and leader id is 2
[info] round 86 started!
[info] -- new id 7 selected!
[info] send message to 2: wave#86#7#0
[info] send message to 6: wave#86#7#0
[info] message from 6: wave#77#4#0
[info] after round 86 : parent is [] and leader id is 7
[info] round 87 started!
[info] -- new id 3 selected!
[info] send message to 2: wave#87#3#0
[info] send message to 6: wave#87#3#0
[info] message from 6: wave#78#9#0
[info] after round 87 : parent is [] and leader id is 3
[info] round 88 started!
[info] -- new id 6 selected!
[info] send message to 2: wave#88#6#0
[info] send message to 6: wave#88#6#0
[info] message from 6: wave#79#8#0
[info] after round 88 : parent is [] and leader id is 6
[info] round 89 started!
[info] -- new id 3 selected!
[info] send message to 2: wave#89#3#0
[info] send message to 6: wave#89#3#0
[info] message from 6: wave#80#8#0
[info] after round 89 : parent is [] and leader id is 3
[info] round 90 started!
[info] -- new id 7 selected!
[info] send message to 2: wave#90#7#0
[info] send message to 6: wave#90#7#0
[info] message from 6: wave#81#4#0
[info] after round 90 : parent is [] and leader id is 7
[info] round 91 started!
[info] -- new id 4 selected!
[info] send message to 2: wave#91#4#0
[info] send message to 6: wave#91#4#0
[info] message from 6: wave#82#5#0
[info] after round 91 : parent is [] and leader id is 4
[info] round 92 started!
[info] -- new id 8 selected!
[info] send message to 2: wave#92#8#0
[info] send message to 6: wave#92#8#0
[info] message from 6: wave#83#9#0
[info] after round 92 : parent is [] and leader id is 8
[info] round 93 started!
[info] -- new id 4 selected!
[info] send message to 2: wave#93#4#0
[info] send message to 6: wave#93#4#0
[info] message from 6: wave#84#6#0
[info] after round 93 : parent is [] and leader id is 4
[info] round 94 started!
[info] -- new id 9 selected!
[info] send message to 2: wave#94#9#0
[info] send message to 6: wave#94#9#0
[info] message from 6: wave#85#2#0
[info] after round 94 : parent is [] and leader id is 9
[info] round 95 started!
[info] -- new id 5 selected!
[info] send message to 2: wave#95#5#0
[info] send message to 6: wave#95#5#0
[info] message from 6: wave#86#7#0
[info] after round 95 : parent is [] and leader id is 5
[info] round 96 started!
[info] -- new id 3 selected!
[info] send message to 2: wave#96#3#0
[info] send message to 6: wave#96#3#0
[info] message from 6: wave#87#3#0
[info] after round 96 : parent is [] and leader id is 3
[info] round 97 started!
[info] -- new id 5 selected!
[info] send message to 2: wave#97#5#0
[info] send message to 6: wave#97#5#0
[info] message from 6: wave#88#6#0
[info] after round 97 : parent is [] and leader id is 5
[info] round 98 started!
[info] -- new id 9 selected!
[info] send message to 2: wave#98#9#0
[info] send message to 6: wave#98#9#0
[info] message from 6: wave#89#3#0
[info] after round 98 : parent is [] and leader id is 9
[info] round 99 started!
[info] -- new id 2 selected!
[info] send message to 2: wave#99#2#0
[info] send message to 6: wave#99#2#0
[info] message from 6: wave#90#7#0
[info] after round 99 : parent is [] and leader id is 2
[info] round 100 started!
[info] -- new id 4 selected!
[info] send message to 2: wave#100#4#0
[info] send message to 6: wave#100#4#0
[info] message from 6: wave#91#4#0
[info] after round 100 : parent is [] and leader id is 4
[info] round 101 started!
[info] -- new id 6 selected!
[info] send message to 2: wave#101#6#0
[info] send message to 6: wave#101#6#0
[info] message from 6: wave#92#8#0
[info] after round 101 : parent is [] and leader id is 6
[info] round 102 started!
[info] -- new id 3 selected!
[info] send message to 2: wave#102#3#0
[info] send message to 6: wave#102#3#0
[info] message from 6: wave#93#4#0
[info] after round 102 : parent is [] and leader id is 3
[info] round 103 started!
[info] -- new id 5 selected!
[info] send message to 2: wave#103#5#0
[info] send message to 6: wave#103#5#0
[info] message from 6: wave#94#9#0
[info] after round 103 : parent is [] and leader id is 5
[info] round 104 started!
[info] -- new id 8 selected!
[info] send message to 2: wave#104#8#0
[info] send message to 6: wave#104#8#0
[info] message from 6: wave#95#5#0
[info] after round 104 : parent is [] and leader id is 8
[info] round 105 started!
[info] -- new id 4 selected!
[info] send message to 2: wave#105#4#0
[info] send message to 6: wave#105#4#0
[info] message from 6: wave#96#3#0
[info] after round 105 : parent is [] and leader id is 4
[info] round 106 started!
[info] -- new id 1 selected!
[info] send message to 2: wave#106#1#0
[info] send message to 6: wave#106#1#0
[info] message from 6: wave#97#5#0
[info] after round 106 : parent is [] and leader id is 1
[info] round 107 started!
[info] -- new id 7 selected!
[info] send message to 2: wave#107#7#0
[info] send message to 6: wave#107#7#0
[info] message from 6: wave#98#9#0
[info] after round 107 : parent is [] and leader id is 7
[info] round 108 started!
[info] -- new id 2 selected!
[info] send message to 2: wave#108#2#0
[info] send message to 6: wave#108#2#0
[info] message from 6: wave#99#2#0
[info] after round 108 : parent is [] and leader id is 2
[info] round 109 started!
[info] -- new id 1 selected!
[info] send message to 2: wave#109#1#0
[info] send message to 6: wave#109#1#0
[info] message from 6: wave#100#4#0
[info] after round 109 : parent is [] and leader id is 1
[info] round 110 started!
[info] -- new id 3 selected!
[info] send message to 2: wave#110#3#0
[info] send message to 6: wave#110#3#0
[info] message from 6: wave#101#6#0
[info] after round 110 : parent is [] and leader id is 3
[info] round 111 started!
[info] -- new id 4 selected!
[info] send message to 2: wave#111#4#0
[info] send message to 6: wave#111#4#0
[info] message from 6: wave#102#3#0
[info] after round 111 : parent is [] and leader id is 4
[info] round 112 started!
[info] -- new id 7 selected!
[info] send message to 2: wave#112#7#0
[info] send message to 6: wave#112#7#0
[info] message from 6: wave#103#5#0
[info] after round 112 : parent is [] and leader id is 7
[info] round 113 started!
[info] -- new id 5 selected!
[info] send message to 2: wave#113#5#0
[info] send message to 6: wave#113#5#0
[info] message from 6: wave#104#8#0
[info] after round 113 : parent is [] and leader id is 5
[info] round 114 started!
[info] -- new id 5 selected!
[info] send message to 2: wave#114#5#0
[info] send message to 6: wave#114#5#0
[info] message from 6: wave#105#4#0
[info] after round 114 : parent is [] and leader id is 5
[info] round 115 started!
[info] -- new id 9 selected!
[info] send message to 2: wave#115#9#0
[info] send message to 6: wave#115#9#0
[info] message from 6: wave#106#1#0
[info] after round 115 : parent is [] and leader id is 9
[info] round 116 started!
[info] -- new id 5 selected!
[info] send message to 2: wave#116#5#0
[info] send message to 6: wave#116#5#0
[info] message from 6: wave#107#7#0
[info] after round 116 : parent is [] and leader id is 5
[info] round 117 started!
[info] -- new id 8 selected!
[info] send message to 2: wave#117#8#0
[info] send message to 6: wave#117#8#0
[info] message from 6: wave#108#2#0
[info] after round 117 : parent is [] and leader id is 8
[info] round 118 started!
[info] -- new id 2 selected!
[info] send message to 2: wave#118#2#0
[info] send message to 6: wave#118#2#0
[info] message from 6: wave#109#1#0
[info] after round 118 : parent is [] and leader id is 2
[info] round 119 started!
[info] -- new id 3 selected!
[info] send message to 2: wave#119#3#0
[info] send message to 6: wave#119#3#0
[info] message from 6: wave#110#3#0
[info] after round 119 : parent is [] and leader id is 3
[info] round 120 started!
[info] -- new id 3 selected!
[info] send message to 2: wave#120#3#0
[info] send message to 6: wave#120#3#0
[info] message from 6: wave#111#4#0
[info] after round 120 : parent is [] and leader id is 3
[info] round 121 started!
[info] -- new id 7 selected!
[info] send message to 2: wave#121#7#0
[info] send message to 6: wave#121#7#0
[info] message from 6: wave#112#7#0
[info] after round 121 : parent is [] and leader id is 7
[info] round 122 started!
[info] -- new id 6 selected!
[info] send message to 2: wave#122#6#0
[info] send message to 6: wave#122#6#0
[info] message from 6: wave#113#5#0
[info] after round 122 : parent is [] and leader id is 6
[info] round 123 started!
[info] -- new id 3 selected!
[info] send message to 2: wave#123#3#0
[info] send message to 6: wave#123#3#0
[info] message from 6: wave#114#5#0
[info] after round 123 : parent is [] and leader id is 3
[info] round 124 started!
[info] -- new id 1 selected!
[info] send message to 2: wave#124#1#0
[info] send message to 6: wave#124#1#0
[info] message from 6: wave#115#9#0
[info] after round 124 : parent is [] and leader id is 1
[info] round 125 started!
[info] -- new id 8 selected!
[info] send message to 2: wave#125#8#0
[info] send message to 6: wave#125#8#0
[info] message from 6: wave#116#5#0
[info] after round 125 : parent is [] and leader id is 8
[info] round 126 started!
[info] -- new id 5 selected!
[info] send message to 2: wave#126#5#0
[info] send message to 6: wave#126#5#0
[info] message from 6: wave#117#8#0
[info] after round 126 : parent is [] and leader id is 5
[info] round 127 started!
[info] -- new id 7 selected!
[info] send message to 2: wave#127#7#0
[info] send message to 6: wave#127#7#0
[info] message from 6: wave#118#2#0
[info] after round 127 : parent is [] and leader id is 7
[info] round 128 started!
[info] -- new id 2 selected!
[info] send message to 2: wave#128#2#0
[info] send message to 6: wave#128#2#0
[info] message from 6: wave#119#3#0
[info] after round 128 : parent is [] and leader id is 2
[info] round 129 started!
[info] -- new id 8 selected!
[info] send message to 2: wave#129#8#0
[info] send message to 6: wave#129#8#0
[info] message from 6: wave#120#3#0
[info] after round 129 : parent is [] and leader id is 8
[info] round 130 started!
[info] -- new id 7 selected!
[info] send message to 2: wave#130#7#0
[info] send message to 6: wave#130#7#0
[info] message from 6: wave#121#7#0
[info] after round 130 : parent is [] and leader id is 7
[info] round 131 started!
[info] -- new id 9 selected!
[info] send message to 2: wave#131#9#0
[info] send message to 6: wave#131#9#0
[info] message from 6: wave#122#6#0
[info] after round 131 : parent is [] and leader id is 9
[info] round 132 started!
[info] -- new id 7 selected!
[info] send message to 2: wave#132#7#0
[info] send message to 6: wave#132#7#0
[info] message from 6: wave#123#3#0
[info] after round 132 : parent is [] and leader id is 7
[info] round 133 started!
[info] -- new id 7 selected!
[info] send message to 2: wave#133#7#0
[info] send message to 6: wave#133#7#0
[info] message from 6: wave#124#1#0
[info] after round 133 : parent is [] and leader id is 7
[info] round 134 started!
[info] -- new id 9 selected!
[info] send message to 2: wave#134#9#0
[info] send message to 6: wave#134#9#0
[info] message from 6: wave#125#8#0
[info] after round 134 : parent is [] and leader id is 9
[info] round 135 started!
[info] -- new id 3 selected!
[info] send message to 2: wave#135#3#0
[info] send message to 6: wave#135#3#0
[info] message from 6: wave#126#5#0
[info] after round 135 : parent is [] and leader id is 3
[info] round 136 started!
[info] -- new id 1 selected!
[info] send message to 2: wave#136#1#0
[info] send message to 6: wave#136#1#0
[info] message from 6: wave#127#7#0
[info] after round 136 : parent is [] and leader id is 1
[info] round 137 started!
[info] -- new id 2 selected!
[info] send message to 2: wave#137#2#0
[info] send message to 6: wave#137#2#0
[info] message from 6: wave#128#2#0
[info] after round 137 : parent is [] and leader id is 2
[info] round 138 started!
[info] -- new id 7 selected!
[info] send message to 2: wave#138#7#0
[info] send message to 6: wave#138#7#0
[info] message from 6: wave#129#8#0
[info] after round 138 : parent is [] and leader id is 7
[info] round 139 started!
[info] -- new id 8 selected!
[info] send message to 2: wave#139#8#0
[info] send message to 6: wave#139#8#0
[info] message from 6: wave#130#7#0
[info] after round 139 : parent is [] and leader id is 8
[info] round 140 started!
[info] -- new id 1 selected!
[info] send message to 2: wave#140#1#0
[info] send message to 6: wave#140#1#0
[info] message from 6: wave#131#9#0
[info] after round 140 : parent is [] and leader id is 1
[info] round 141 started!
[info] -- new id 9 selected!
[info] send message to 2: wave#141#9#0
[info] send message to 6: wave#141#9#0
[info] message from 6: wave#132#7#0
[info] after round 141 : parent is [] and leader id is 9
[info] round 142 started!
[info] -- new id 9 selected!
[info] send message to 2: wave#142#9#0
[info] send message to 6: wave#142#9#0
[info] message from 6: wave#133#7#0
[info] after round 142 : parent is [] and leader id is 9
[info] round 143 started!
[info] -- new id 2 selected!
[info] send message to 2: wave#143#2#0
[info] send message to 6: wave#143#2#0
[info] message from 6: wave#134#9#0
[info] after round 143 : parent is [] and leader id is 2
[info] round 144 started!
[info] -- new id 9 selected!
[info] send message to 2: wave#144#9#0
[info] send message to 6: wave#144#9#0
[info] message from 6: wave#135#3#0
[info] after round 144 : parent is [] and leader id is 9
[info] round 145 started!
[info] -- new id 2 selected!
[info] send message to 2: wave#145#2#0
[info] send message to 6: wave#145#2#0
[info] message from 6: wave#136#1#0
[info] after round 145 : parent is [] and leader id is 2
[info] round 146 started!
[info] -- new id 1 selected!
[info] send message to 2: wave#146#1#0
[info] send message to 6: wave#146#1#0
[info] message from 6: wave#137#2#0
[info] after round 146 : parent is [] and leader id is 1
[info] round 147 started!
[info] -- new id 4 selected!
[info] send message to 2: wave#147#4#0
[info] send message to 6: wave#147#4#0
[info] message from 6: wave#138#7#0
[info] after round 147 : parent is [] and leader id is 4
[info] round 148 started!
[info] -- new id 9 selected!
[info] send message to 2: wave#148#9#0
[info] send message to 6: wave#148#9#0
[info] message from 6: wave#139#8#0
[info] after round 148 : parent is [] and leader id is 9
[info] round 149 started!
[info] -- new id 2 selected!
[info] send message to 2: wave#149#2#0
[info] send message to 6: wave#149#2#0
[info] message from 6: wave#140#1#0
[info] after round 149 : parent is [] and leader id is 2
[info] round 150 started!
[info] -- new id 7 selected!
[info] send message to 2: wave#150#7#0
[info] send message to 6: wave#150#7#0
[info] message from 6: wave#141#9#0
[info] after round 150 : parent is [] and leader id is 7
[info] round 151 started!
[info] -- new id 9 selected!
[info] send message to 2: wave#151#9#0
[info] send message to 6: wave#151#9#0
[info] message from 6: wave#142#9#0
[info] after round 151 : parent is [] and leader id is 9
[info] round 152 started!
[info] -- new id 3 selected!
[info] send message to 2: wave#152#3#0
[info] send message to 6: wave#152#3#0
[info] message from 6: wave#143#2#0
[info] after round 152 : parent is [] and leader id is 3
[info] round 153 started!
[info] -- new id 5 selected!
[info] send message to 2: wave#153#5#0
[info] send message to 6: wave#153#5#0
[info] message from 6: wave#144#9#0
[info] after round 153 : parent is [] and leader id is 5
[info] round 154 started!
[info] -- new id 5 selected!
[info] send message to 2: wave#154#5#0
[info] send message to 6: wave#154#5#0
[info] message from 6: wave#145#2#0
[info] after round 154 : parent is [] and leader id is 5
[info] round 155 started!
[info] -- new id 8 selected!
[info] send message to 2: wave#155#8#0
[info] send message to 6: wave#155#8#0
[info] message from 6: wave#146#1#0
[info] after round 155 : parent is [] and leader id is 8
[info] round 156 started!
[info] -- new id 2 selected!
[info] send message to 2: wave#156#2#0
[info] send message to 6: wave#156#2#0
[info] message from 6: wave#147#4#0
[info] after round 156 : parent is [] and leader id is 2
[info] round 157 started!
[info] -- new id 4 selected!
[info] send message to 2: wave#157#4#0
[info] send message to 6: wave#157#4#0
[info] message from 6: wave#148#9#0
[info] after round 157 : parent is [] and leader id is 4
[info] round 158 started!
[info] -- new id 4 selected!
[info] send message to 2: wave#158#4#0
[info] send message to 6: wave#158#4#0
[info] message from 6: wave#149#2#0
[info] after round 158 : parent is [] and leader id is 4
[info] round 159 started!
[info] -- new id 3 selected!
[info] send message to 2: wave#159#3#0
[info] send message to 6: wave#159#3#0
[info] message from 6: wave#150#7#0
[info] after round 159 : parent is [] and leader id is 3
[info] round 160 started!
[info] -- new id 4 selected!
[info] send message to 2: wave#160#4#0
[info] send message to 6: wave#160#4#0
[info] message from 6: wave#151#9#0
[info] after round 160 : parent is [] and leader id is 4
[info] round 161 started!
[info] -- new id 5 selected!
[info] send message to 2: wave#161#5#0
[info] send message to 6: wave#161#5#0
[info] message from 6: wave#152#3#0
[info] after round 161 : parent is [] and leader id is 5
[info] round 162 started!
[info] -- new id 4 selected!
[info] send message to 2: wave#162#4#0
[info] send message to 6: wave#162#4#0
[info] message from 6: wave#153#5#0
[info] after round 162 : parent is [] and leader id is 4
[info] round 163 started!
[info] -- new id 2 selected!
[info] send message to 2: wave#163#2#0
[info] send message to 6: wave#163#2#0
[info] message from 6: wave#154#5#0
[info] after round 163 : parent is [] and leader id is 2
[info] round 164 started!
[info] -- new id 6 selected!
[info] send message to 2: wave#164#6#0
[info] send message to 6: wave#164#6#0
[info] message from 6: wave#155#8#0
[info] after round 164 : parent is [] and leader id is 6
[info] round 165 started!
[info] -- new id 2 selected!
[info] send message to 2: wave#165#2#0
[info] send message to 6: wave#165#2#0
[info] message from 6: wave#156#2#0
[info] after round 165 : parent is [] and leader id is 2
[info] round 166 started!
[info] -- new id 4 selected!
[info] send message to 2: wave#166#4#0
[info] send message to 6: wave#166#4#0
[info] message from 6: wave#157#4#0
[info] after round 166 : parent is [] and leader id is 4
[info] round 167 started!
[info] -- new id 4 selected!
[info] send message to 2: wave#167#4#0
[info] send message to 6: wave#167#4#0
[info] message from 6: wave#158#4#0
[info] after round 167 : parent is [] and leader id is 4
[info] round 168 started!
[info] -- new id 7 selected!
[info] send message to 2: wave#168#7#0
[info] send message to 6: wave#168#7#0
[info] message from 6: wave#159#3#0
[info] after round 168 : parent is [] and leader id is 7
[info] round 169 started!
[info] -- new id 6 selected!
[info] send message to 2: wave#169#6#0
[info] send message to 6: wave#169#6#0
[info] message from 6: wave#160#4#0
[info] after round 169 : parent is [] and leader id is 6
[info] round 170 started!
[info] -- new id 2 selected!
[info] send message to 2: wave#170#2#0
[info] send message to 6: wave#170#2#0
[info] message from 6: wave#161#5#0
[info] after round 170 : parent is [] and leader id is 2
[info] round 171 started!
[info] -- new id 3 selected!
[info] send message to 2: wave#171#3#0
[info] send message to 6: wave#171#3#0
[info] message from 6: wave#162#4#0
[info] after round 171 : parent is [] and leader id is 3
[info] round 172 started!
[info] -- new id 6 selected!
[info] send message to 2: wave#172#6#0
[info] send message to 6: wave#172#6#0
[info] message from 6: wave#163#2#0
[info] after round 172 : parent is [] and leader id is 6
[info] round 173 started!
[info] -- new id 4 selected!
[info] send message to 2: wave#173#4#0
[info] send message to 6: wave#173#4#0
[info] message from 6: wave#164#6#0
[info] after round 173 : parent is [] and leader id is 4
[info] round 174 started!
[info] -- new id 6 selected!
[info] send message to 2: wave#174#6#0
[info] send message to 6: wave#174#6#0
[info] message from 6: wave#165#2#0
[info] after round 174 : parent is [] and leader id is 6
[info] round 175 started!
[info] -- new id 7 selected!
[info] send message to 2: wave#175#7#0
[info] send message to 6: wave#175#7#0
[info] message from 6: wave#166#4#0
[info] after round 175 : parent is [] and leader id is 7
[info] round 176 started!
[info] -- new id 9 selected!
[info] send message to 2: wave#176#9#0
[info] send message to 6: wave#176#9#0
[info] message from 6: wave#167#4#0
[info] after round 176 : parent is [] and leader id is 9
[info] round 177 started!
[info] -- new id 5 selected!
[info] send message to 2: wave#177#5#0
[info] send message to 6: wave#177#5#0
[info] message from 6: wave#168#7#0
[info] after round 177 : parent is [] and leader id is 5
[info] round 178 started!
[info] -- new id 4 selected!
[info] send message to 2: wave#178#4#0
[info] send message to 6: wave#178#4#0
[info] message from 6: wave#169#6#0
[info] after round 178 : parent is [] and leader id is 4
[info] round 179 started!
[info] -- new id 7 selected!
[info] send message to 2: wave#179#7#0
[info] send message to 6: wave#179#7#0
[info] message from 6: wave#170#2#0
[info] after round 179 : parent is [] and leader id is 7
[info] round 180 started!
[info] -- new id 1 selected!
[info] send message to 2: wave#180#1#0
[info] send message to 6: wave#180#1#0
[info] message from 6: wave#171#3#0
[info] after round 180 : parent is [] and leader id is 1
[info] round 181 started!
[info] -- new id 1 selected!
[info] send message to 2: wave#181#1#0
[info] send message to 6: wave#181#1#0
[info] message from 6: wave#172#6#0
[info] after round 181 : parent is [] and leader id is 1
[info] round 182 started!
[info] -- new id 1 selected!
[info] send message to 2: wave#182#1#0
[info] send message to 6: wave#182#1#0
[info] message from 6: wave#173#4#0
[info] after round 182 : parent is [] and leader id is 1
[info] round 183 started!
[info] -- new id 6 selected!
[info] send message to 2: wave#183#6#0
[info] send message to 6: wave#183#6#0
[info] message from 6: wave#174#6#0
[info] after round 183 : parent is [] and leader id is 6
[info] round 184 started!
[info] -- new id 4 selected!
[info] send message to 2: wave#184#4#0
[info] send message to 6: wave#184#4#0
[info] message from 6: wave#175#7#0
[info] after round 184 : parent is [] and leader id is 4
[info] round 185 started!
[info] -- new id 4 selected!
[info] send message to 2: wave#185#4#0
[info] send message to 6: wave#185#4#0
[info] message from 6: wave#176#9#0
[info] after round 185 : parent is [] and leader id is 4
[info] round 186 started!
[info] -- new id 9 selected!
[info] send message to 2: wave#186#9#0
[info] send message to 6: wave#186#9#0
[info] message from 6: wave#177#5#0
[info] after round 186 : parent is [] and leader id is 9
[info] round 187 started!
[info] -- new id 8 selected!
[info] send message to 2: wave#187#8#0
[info] send message to 6: wave#187#8#0
[info] message from 6: wave#178#4#0
[info] after round 187 : parent is [] and leader id is 8
[info] round 188 started!
[info] -- new id 2 selected!
[info] send message to 2: wave#188#2#0
[info] send message to 6: wave#188#2#0
[info] message from 6: wave#179#7#0
[info] after round 188 : parent is [] and leader id is 2
[info] round 189 started!
[info] -- new id 9 selected!
[info] send message to 2: wave#189#9#0
[info] send message to 6: wave#189#9#0
[info] message from 6: wave#180#1#0
[info] after round 189 : parent is [] and leader id is 9
[info] round 190 started!
[info] -- new id 8 selected!
[info] send message to 2: wave#190#8#0
[info] send message to 6: wave#190#8#0
[info] message from 6: wave#181#1#0
[info] after round 190 : parent is [] and leader id is 8
[info] round 191 started!
[info] -- new id 8 selected!
[info] send message to 2: wave#191#8#0
[info] send message to 6: wave#191#8#0
[info] message from 6: wave#182#1#0
[info] after round 191 : parent is [] and leader id is 8
[info] round 192 started!
[info] -- new id 4 selected!
[info] send message to 2: wave#192#4#0
[info] send message to 6: wave#192#4#0
[info] message from 6: wave#183#6#0
[info] after round 192 : parent is [] and leader id is 4
[info] round 193 started!
[info] -- new id 8 selected!
[info] send message to 2: wave#193#8#0
[info] send message to 6: wave#193#8#0
[info] message from 6: wave#184#4#0
[info] after round 193 : parent is [] and leader id is 8
[info] round 194 started!
[info] -- new id 2 selected!
[info] send message to 2: wave#194#2#0
[info] send message to 6: wave#194#2#0
[info] message from 6: wave#185#4#0
[info] after round 194 : parent is [] and leader id is 2
[info] round 195 started!
[info] -- new id 3 selected!
[info] send message to 2: wave#195#3#0
[info] send message to 6: wave#195#3#0
[info] message from 6: wave#186#9#0
[info] after round 195 : parent is [] and leader id is 3
[info] round 196 started!
[info] -- new id 1 selected!
[info] send message to 2: wave#196#1#0
[info] send message to 6: wave#196#1#0
[info] message from 6: wave#187#8#0
[info] after round 196 : parent is [] and leader id is 1
[info] round 197 started!
[info] -- new id 7 selected!
[info] send message to 2: wave#197#7#0
[info] send message to 6: wave#197#7#0
[info] message from 6: wave#188#2#0
[info] after round 197 : parent is [] and leader id is 7
[info] round 198 started!
[info] -- new id 7 selected!
[info] send message to 2: wave#198#7#0
[info] send message to 6: wave#198#7#0
[info] message from 6: wave#189#9#0
[info] after round 198 : parent is [] and leader id is 7
[info] round 199 started!
[info] -- new id 8 selected!
[info] send message to 2: wave#199#8#0
[info] send message to 6: wave#199#8#0
[info] message from 6: wave#190#8#0
[info] after round 199 : parent is [] and leader id is 8
[info] round 200 started!
[info] -- new id 5 selected!
[info] send message to 2: wave#200#5#0
[info] send message to 6: wave#200#5#0
[info] message from 6: wave#191#8#0
[info] after round 200 : parent is [] and leader id is 5
[info] round 201 started!
[info] -- new id 2 selected!
[info] send message to 2: wave#201#2#0
[info] send message to 6: wave#201#2#0
[info] message from 6: wave#192#4#0
[info] after round 201 : parent is [] and leader id is 2
[info] round 202 started!
[info] -- new id 1 selected!
[info] send message to 2: wave#202#1#0
[info] send message to 6: wave#202#1#0
[info] message from 6: wave#193#8#0
[info] after round 202 : parent is [] and leader id is 1
[info] round 203 started!
[info] -- new id 4 selected!
[info] send message to 2: wave#203#4#0
[info] send message to 6: wave#203#4#0
[info] message from 6: wave#194#2#0
[info] after round 203 : parent is [] and leader id is 4
[info] round 204 started!
[info] -- new id 5 selected!
[info] send message to 2: wave#204#5#0
[info] send message to 6: wave#204#5#0
[info] message from 6: wave#195#3#0
[info] after round 204 : parent is [] and leader id is 5
[info] round 205 started!
[info] -- new id 4 selected!
[info] send message to 2: wave#205#4#0
[info] send message to 6: wave#205#4#0
[info] message from 6: wave#196#1#0
[info] after round 205 : parent is [] and leader id is 4
[info] round 206 started!
[info] -- new id 7 selected!
[info] send message to 2: wave#206#7#0
[info] send message to 6: wave#206#7#0
[info] message from 6: wave#197#7#0
[info] after round 206 : parent is [] and leader id is 7
[info] round 207 started!
[info] -- new id 9 selected!
[info] send message to 2: wave#207#9#0
[info] send message to 6: wave#207#9#0
[info] message from 6: wave#198#7#0
[info] after round 207 : parent is [] and leader id is 9
[info] round 208 started!
[info] -- new id 2 selected!
[info] send message to 2: wave#208#2#0
[info] send message to 6: wave#208#2#0
[info] message from 6: wave#199#8#0
[info] after round 208 : parent is [] and leader id is 2
[info] round 209 started!
[info] -- new id 8 selected!
[info] send message to 2: wave#209#8#0
[info] send message to 6: wave#209#8#0
[info] message from 6: wave#200#5#0
[info] after round 209 : parent is [] and leader id is 8
[info] round 210 started!
[info] -- new id 5 selected!
[info] send message to 2: wave#210#5#0
[info] send message to 6: wave#210#5#0
[info] message from 6: wave#201#2#0
[info] after round 210 : parent is [] and leader id is 5
[info] round 211 started!
[info] -- new id 3 selected!
[info] send message to 2: wave#211#3#0
[info] send message to 6: wave#211#3#0
[info] message from 6: wave#202#1#0
[info] after round 211 : parent is [] and leader id is 3
[info] round 212 started!
[info] -- new id 5 selected!
[info] send message to 2: wave#212#5#0
[info] send message to 6: wave#212#5#0
[info] message from 6: wave#203#4#0
[info] after round 212 : parent is [] and leader id is 5
[info] round 213 started!
[info] -- new id 6 selected!
[info] send message to 2: wave#213#6#0
[info] send message to 6: wave#213#6#0
[info] message from 6: wave#204#5#0
[info] after round 213 : parent is [] and leader id is 6
[info] round 214 started!
[info] -- new id 2 selected!
[info] send message to 2: wave#214#2#0
[info] send message to 6: wave#214#2#0
[info] message from 6: wave#205#4#0
[info] after round 214 : parent is [] and leader id is 2
[info] round 215 started!
[info] -- new id 1 selected!
[info] send message to 2: wave#215#1#0
[info] send message to 6: wave#215#1#0
[info] message from 6: wave#206#7#0
[info] after round 215 : parent is [] and leader id is 1
[info] round 216 started!
[info] -- new id 8 selected!
[info] send message to 2: wave#216#8#0
[info] send message to 6: wave#216#8#0
[info] message from 6: wave#207#9#0
[info] after round 216 : parent is [] and leader id is 8
[info] round 217 started!
[info] -- new id 6 selected!
[info] send message to 2: wave#217#6#0
[info] send message to 6: wave#217#6#0
[info] message from 6: wave#208#2#0
[info] after round 217 : parent is [] and leader id is 6
[info] round 218 started!
[info] -- new id 6 selected!
[info] send message to 2: wave#218#6#0
[info] send message to 6: wave#218#6#0
[info] message from 6: wave#209#8#0
[info] after round 218 : parent is [] and leader id is 6
[info] round 219 started!
[info] -- new id 9 selected!
[info] send message to 2: wave#219#9#0
[info] send message to 6: wave#219#9#0
[info] message from 6: wave#210#5#0
[info] after round 219 : parent is [] and leader id is 9
[info] round 220 started!
[info] -- new id 1 selected!
[info] send message to 2: wave#220#1#0
[info] send message to 6: wave#220#1#0
[info] message from 6: wave#211#3#0
[info] after round 220 : parent is [] and leader id is 1
[info] round 221 started!
[info] -- new id 6 selected!
[info] send message to 2: wave#221#6#0
[info] send message to 6: wave#221#6#0
[info] message from 6: wave#212#5#0
[info] after round 221 : parent is [] and leader id is 6
[info] round 222 started!
[info] -- new id 7 selected!
[info] send message to 2: wave#222#7#0
[info] send message to 6: wave#222#7#0
[info] message from 6: wave#213#6#0
[info] after round 222 : parent is [] and leader id is 7
[info] round 223 started!
[info] -- new id 5 selected!
[info] send message to 2: wave#223#5#0
[info] send message to 6: wave#223#5#0
[info] message from 6: wave#214#2#0
[info] after round 223 : parent is [] and leader id is 5
[info] round 224 started!
[info] -- new id 5 selected!
[info] send message to 2: wave#224#5#0
[info] send message to 6: wave#224#5#0
[info] message from 6: wave#215#1#0
[info] after round 224 : parent is [] and leader id is 5
[info] round 225 started!
[info] -- new id 8 selected!
[info] send message to 2: wave#225#8#0
[info] send message to 6: wave#225#8#0
[info] message from 6: wave#216#8#0
[info] after round 225 : parent is [] and leader id is 8
[info] round 226 started!
[info] -- new id 6 selected!
[info] send message to 2: wave#226#6#0
[info] send message to 6: wave#226#6#0
[info] message from 6: wave#217#6#0
[info] after round 226 : parent is [] and leader id is 6
[info] round 227 started!
[info] -- new id 2 selected!
[info] send message to 2: wave#227#2#0
[info] send message to 6: wave#227#2#0
[info] message from 6: wave#218#6#0
[info] after round 227 : parent is [] and leader id is 2
[info] round 228 started!
[info] -- new id 9 selected!
[info] send message to 2: wave#228#9#0
[info] send message to 6: wave#228#9#0
[info] message from 6: wave#219#9#0
[info] after round 228 : parent is [] and leader id is 9
[info] round 229 started!
[info] -- new id 2 selected!
[info] send message to 2: wave#229#2#0
[info] send message to 6: wave#229#2#0
[info] message from 6: wave#220#1#0
[info] after round 229 : parent is [] and leader id is 2
[info] round 230 started!
[info] -- new id 8 selected!
[info] send message to 2: wave#230#8#0
[info] send message to 6: wave#230#8#0
[info] message from 6: wave#221#6#0
[info] after round 230 : parent is [] and leader id is 8
[info] round 231 started!
[info] -- new id 5 selected!
[info] send message to 2: wave#231#5#0
[info] send message to 6: wave#231#5#0
[info] message from 6: wave#222#7#0
[info] after round 231 : parent is [] and leader id is 5
[info] round 232 started!
[info] -- new id 7 selected!
[info] send message to 2: wave#232#7#0
[info] send message to 6: wave#232#7#0
[info] message from 6: wave#223#5#0
[info] after round 232 : parent is [] and leader id is 7
[info] round 233 started!
[info] -- new id 7 selected!
[info] send message to 2: wave#233#7#0
[info] send message to 6: wave#233#7#0
[info] message from 6: wave#224#5#0
[info] after round 233 : parent is [] and leader id is 7
[info] round 234 started!
[info] -- new id 7 selected!
[info] send message to 2: wave#234#7#0
[info] send message to 6: wave#234#7#0
[info] message from 6: wave#225#8#0
[info] after round 234 : parent is [] and leader id is 7
[info] round 235 started!
[info] -- new id 2 selected!
[info] send message to 2: wave#235#2#0
[info] send message to 6: wave#235#2#0
[info] message from 6: wave#226#6#0
[info] after round 235 : parent is [] and leader id is 2
[info] round 236 started!
[info] -- new id 3 selected!
[info] send message to 2: wave#236#3#0
[info] send message to 6: wave#236#3#0
[info] message from 6: wave#227#2#0
[info] after round 236 : parent is [] and leader id is 3
[info] round 237 started!
[info] -- new id 4 selected!
[info] send message to 2: wave#237#4#0
[info] send message to 6: wave#237#4#0
[info] message from 6: wave#228#9#0
[info] after round 237 : parent is [] and leader id is 4
[info] round 238 started!
[info] -- new id 8 selected!
[info] send message to 2: wave#238#8#0
[info] send message to 6: wave#238#8#0
[info] message from 6: wave#229#2#0
[info] after round 238 : parent is [] and leader id is 8
[info] round 239 started!
[info] -- new id 8 selected!
[info] send message to 2: wave#239#8#0
[info] send message to 6: wave#239#8#0
[info] message from 6: wave#230#8#0
[info] after round 239 : parent is [] and leader id is 8
[info] round 240 started!
[info] -- new id 9 selected!
[info] send message to 2: wave#240#9#0
[info] send message to 6: wave#240#9#0
[info] message from 6: wave#231#5#0
[info] after round 240 : parent is [] and leader id is 9
[info] round 241 started!
[info] -- new id 6 selected!
[info] send message to 2: wave#241#6#0
[info] send message to 6: wave#241#6#0
[info] message from 6: wave#232#7#0
[info] after round 241 : parent is [] and leader id is 6
[info] round 242 started!
[info] -- new id 7 selected!
[info] send message to 2: wave#242#7#0
[info] send message to 6: wave#242#7#0
[info] message from 6: wave#233#7#0
[info] after round 242 : parent is [] and leader id is 7
[info] round 243 started!
[info] -- new id 1 selected!
[info] send message to 2: wave#243#1#0
[info] send message to 6: wave#243#1#0
[info] message from 6: wave#234#7#0
[info] after round 243 : parent is [] and leader id is 1
[info] round 244 started!
[info] -- new id 1 selected!
[info] send message to 2: wave#244#1#0
[info] send message to 6: wave#244#1#0
[info] message from 6: wave#235#2#0
[info] after round 244 : parent is [] and leader id is 1
[info] round 245 started!
[info] -- new id 8 selected!
[info] send message to 2: wave#245#8#0
[info] send message to 6: wave#245#8#0
[info] message from 6: wave#236#3#0
[info] after round 245 : parent is [] and leader id is 8
[info] round 246 started!
[info] -- new id 8 selected!
[info] send message to 2: wave#246#8#0
[info] send message to 6: wave#246#8#0
[info] message from 6: wave#237#4#0
[info] after round 246 : parent is [] and leader id is 8
[info] round 247 started!
[info] -- new id 1 selected!
[info] send message to 2: wave#247#1#0
[info] send message to 6: wave#247#1#0
[info] message from 6: wave#238#8#0
[info] after round 247 : parent is [] and leader id is 1
[info] round 248 started!
[info] -- new id 5 selected!
[info] send message to 2: wave#248#5#0
[info] send message to 6: wave#248#5#0
[info] message from 6: wave#239#8#0
[info] after round 248 : parent is [] and leader id is 5
[info] round 249 started!
[info] -- new id 3 selected!
[info] send message to 2: wave#249#3#0
[info] send message to 6: wave#249#3#0
[info] message from 6: wave#240#9#0
[info] after round 249 : parent is [] and leader id is 3
[info] round 250 started!
[info] -- new id 9 selected!
[info] send message to 2: wave#250#9#0
[info] send message to 6: wave#250#9#0
[info] message from 6: wave#241#6#0
[info] after round 250 : parent is [] and leader id is 9
[info] round 251 started!
[info] -- new id 5 selected!
[info] send message to 2: wave#251#5#0
[info] send message to 6: wave#251#5#0
[info] message from 6: wave#242#7#0
[info] after round 251 : parent is [] and leader id is 5
[info] round 252 started!
[info] -- new id 5 selected!
[info] send message to 2: wave#252#5#0
[info] send message to 6: wave#252#5#0
[info] message from 6: wave#243#1#0
[info] after round 252 : parent is [] and leader id is 5
[info] round 253 started!
[info] -- new id 3 selected!
[info] send message to 2: wave#253#3#0
[info] send message to 6: wave#253#3#0
[info] message from 6: wave#244#1#0
[info] after round 253 : parent is [] and leader id is 3
[info] round 254 started!
[info] -- new id 3 selected!
[info] send message to 2: wave#254#3#0
[info] send message to 6: wave#254#3#0
[info] message from 6: wave#245#8#0
[info] after round 254 : parent is [] and leader id is 3
[info] round 255 started!
[info] -- new id 5 selected!
[info] send message to 2: wave#255#5#0
[info] send message to 6: wave#255#5#0
[info] message from 6: wave#246#8#0
[info] after round 255 : parent is [] and leader id is 5
[info] round 256 started!
[info] -- new id 3 selected!
[info] send message to 2: wave#256#3#0
[info] send message to 6: wave#256#3#0
[info] message from 6: wave#247#1#0
[info] after round 256 : parent is [] and leader id is 3
[info] round 257 started!
[info] -- new id 8 selected!
[info] send message to 2: wave#257#8#0
[info] send message to 6: wave#257#8#0
[info] message from 6: wave#248#5#0
[info] after round 257 : parent is [] and leader id is 8
[info] round 258 started!
[info] -- new id 9 selected!
[info] send message to 2: wave#258#9#0
[info] send message to 6: wave#258#9#0
[info] message from 6: wave#249#3#0
[info] after round 258 : parent is [] and leader id is 9
[info] round 259 started!
[info] -- new id 9 selected!
[info] send message to 2: wave#259#9#0
[info] send message to 6: wave#259#9#0
[info] message from 6: wave#250#9#0
[info] after round 259 : parent is [] and leader id is 9
[info] round 260 started!
[info] -- new id 5 selected!
[info] send message to 2: wave#260#5#0
[info] send message to 6: wave#260#5#0
[info] message from 6: wave#251#5#0
[info] after round 260 : parent is [] and leader id is 5
[info] round 261 started!
[info] -- new id 6 selected!
[info] send message to 2: wave#261#6#0
[info] send message to 6: wave#261#6#0
[info] message from 6: wave#252#5#0
[info] after round 261 : parent is [] and leader id is 6
[info] round 262 started!
[info] -- new id 9 selected!
[info] send message to 2: wave#262#9#0
[info] send message to 6: wave#262#9#0
[info] message from 6: wave#253#3#0
[info] after round 262 : parent is [] and leader id is 9
[info] round 263 started!
[info] -- new id 3 selected!
[info] send message to 2: wave#263#3#0
[info] send message to 6: wave#263#3#0
[info] message from 6: wave#254#3#0
[info] after round 263 : parent is [] and leader id is 3
[info] round 264 started!
[info] -- new id 8 selected!
[info] send message to 2: wave#264#8#0
[info] send message to 6: wave#264#8#0
[info] message from 6: wave#255#5#0
[info] after round 264 : parent is [] and leader id is 8
[info] round 265 started!
[info] -- new id 2 selected!
[info] send message to 2: wave#265#2#0
[info] send message to 6: wave#265#2#0
[info] message from 6: wave#256#3#0
[info] after round 265 : parent is [] and leader id is 2
[info] round 266 started!
[info] -- new id 9 selected!
[info] send message to 2: wave#266#9#0
[info] send message to 6: wave#266#9#0
[info] message from 6: wave#257#8#0
[info] after round 266 : parent is [] and leader id is 9
[info] round 267 started!
[info] -- new id 6 selected!
[info] send message to 2: wave#267#6#0
[info] send message to 6: wave#267#6#0
[info] message from 6: wave#258#9#0
[info] after round 267 : parent is [] and leader id is 6
[info] round 268 started!
[info] -- new id 4 selected!
[info] send message to 2: wave#268#4#0
[info] send message to 6: wave#268#4#0
[info] message from 6: wave#259#9#0
[info] after round 268 : parent is [] and leader id is 4
[info] round 269 started!
[info] -- new id 5 selected!
[info] send message to 2: wave#269#5#0
[info] send message to 6: wave#269#5#0
[info] message from 6: wave#260#5#0
[info] after round 269 : parent is [] and leader id is 5
[info] round 270 started!
[info] -- new id 9 selected!
[info] send message to 2: wave#270#9#0
[info] send message to 6: wave#270#9#0
[info] message from 6: wave#261#6#0
[info] after round 270 : parent is [] and leader id is 9
[info] round 271 started!
[info] -- new id 2 selected!
[info] send message to 2: wave#271#2#0
[info] send message to 6: wave#271#2#0
[info] message from 6: wave#262#9#0
[info] after round 271 : parent is [] and leader id is 2
[info] round 272 started!
[info] -- new id 3 selected!
[info] send message to 2: wave#272#3#0
[info] send message to 6: wave#272#3#0
[info] message from 6: wave#263#3#0
[info] after round 272 : parent is [] and leader id is 3
[info] round 273 started!
[info] -- new id 5 selected!
[info] send message to 2: wave#273#5#0
[info] send message to 6: wave#273#5#0
[info] message from 6: wave#264#8#0
[info] after round 273 : parent is [] and leader id is 5
[info] round 274 started!
[info] -- new id 7 selected!
[info] send message to 2: wave#274#7#0
[info] send message to 6: wave#274#7#0
[info] message from 6: wave#265#2#0
[info] after round 274 : parent is [] and leader id is 7
[info] round 275 started!
[info] -- new id 5 selected!
[info] send message to 2: wave#275#5#0
[info] send message to 6: wave#275#5#0
[info] message from 6: wave#266#9#0
[info] after round 275 : parent is [] and leader id is 5
[info] round 276 started!
[info] -- new id 7 selected!
[info] send message to 2: wave#276#7#0
[info] send message to 6: wave#276#7#0
[info] message from 6: wave#267#6#0
[info] after round 276 : parent is [] and leader id is 7
[info] round 277 started!
[info] -- new id 9 selected!
[info] send message to 2: wave#277#9#0
[info] send message to 6: wave#277#9#0
[info] message from 6: wave#268#4#0
[info] after round 277 : parent is [] and leader id is 9
[info] round 278 started!
[info] -- new id 6 selected!
[info] send message to 2: wave#278#6#0
[info] send message to 6: wave#278#6#0
[info] message from 6: wave#269#5#0
[info] after round 278 : parent is [] and leader id is 6
[info] round 279 started!
[info] -- new id 2 selected!
[info] send message to 2: wave#279#2#0
[info] send message to 6: wave#279#2#0
[info] message from 6: wave#270#9#0
[info] after round 279 : parent is [] and leader id is 2
[info] round 280 started!
[info] -- new id 1 selected!
[info] send message to 2: wave#280#1#0
[info] send message to 6: wave#280#1#0
[info] message from 6: wave#271#2#0
[info] after round 280 : parent is [] and leader id is 1
[info] round 281 started!
[info] -- new id 4 selected!
[info] send message to 2: wave#281#4#0
[info] send message to 6: wave#281#4#0
[info] message from 6: wave#272#3#0
[info] after round 281 : parent is [] and leader id is 4
[info] round 282 started!
[info] -- new id 6 selected!
[info] send message to 2: wave#282#6#0
[info] send message to 6: wave#282#6#0
[info] message from 6: wave#273#5#0
[info] after round 282 : parent is [] and leader id is 6
[info] round 283 started!
[info] -- new id 4 selected!
[info] send message to 2: wave#283#4#0
[info] send message to 6: wave#283#4#0
[info] message from 6: wave#274#7#0
[info] after round 283 : parent is [] and leader id is 4
[info] round 284 started!
[info] -- new id 9 selected!
[info] send message to 2: wave#284#9#0
[info] send message to 6: wave#284#9#0
[info] message from 6: wave#275#5#0
[info] after round 284 : parent is [] and leader id is 9
[info] round 285 started!
[info] -- new id 6 selected!
[info] send message to 2: wave#285#6#0
[info] send message to 6: wave#285#6#0
[info] message from 6: wave#276#7#0
[info] after round 285 : parent is [] and leader id is 6
[info] round 286 started!
[info] -- new id 9 selected!
[info] send message to 2: wave#286#9#0
[info] send message to 6: wave#286#9#0
[info] message from 6: wave#277#9#0
[info] after round 286 : parent is [] and leader id is 9
[info] round 287 started!
[info] -- new id 2 selected!
[info] send message to 2: wave#287#2#0
[info] send message to 6: wave#287#2#0
[info] message from 6: wave#278#6#0
[info] after round 287 : parent is [] and leader id is 2
[info] round 288 started!
[info] -- new id 9 selected!
[info] send message to 2: wave#288#9#0
[info] send message to 6: wave#288#9#0
[info] message from 6: wave#279#2#0
[info] after round 288 : parent is [] and leader id is 9
[info] round 289 started!
[info] -- new id 4 selected!
[info] send message to 2: wave#289#4#0
[info] send message to 6: wave#289#4#0
[info] message from 6: wave#280#1#0
[info] after round 289 : parent is [] and leader id is 4
[info] round 290 started!
[info] -- new id 3 selected!
[info] send message to 2: wave#290#3#0
[info] send message to 6: wave#290#3#0
[info] message from 6: wave#281#4#0
[info] after round 290 : parent is [] and leader id is 3
[info] round 291 started!
[info] -- new id 3 selected!
[info] send message to 2: wave#291#3#0
[info] send message to 6: wave#291#3#0
[info] message from 6: wave#282#6#0
[info] after round 291 : parent is [] and leader id is 3
[info] round 292 started!
[info] -- new id 8 selected!
[info] send message to 2: wave#292#8#0
[info] send message to 6: wave#292#8#0
[info] message from 6: wave#283#4#0
[info] after round 292 : parent is [] and leader id is 8
[info] round 293 started!
[info] -- new id 6 selected!
[info] send message to 2: wave#293#6#0
[info] send message to 6: wave#293#6#0
[info] message from 6: wave#284#9#0
[info] after round 293 : parent is [] and leader id is 6
[info] round 294 started!
[info] -- new id 6 selected!
[info] send message to 2: wave#294#6#0
[info] send message to 6: wave#294#6#0
[info] message from 6: wave#285#6#0
[info] after round 294 : parent is [] and leader id is 6
[info] round 295 started!
[info] -- new id 8 selected!
[info] send message to 2: wave#295#8#0
[info] send message to 6: wave#295#8#0
[info] message from 6: wave#286#9#0
[info] after round 295 : parent is [] and leader id is 8
[info] round 296 started!
[info] -- new id 3 selected!
[info] send message to 2: wave#296#3#0
[info] send message to 6: wave#296#3#0
[info] message from 6: wave#287#2#0
[info] after round 296 : parent is [] and leader id is 3
[info] round 297 started!
[info] -- new id 4 selected!
[info] send message to 2: wave#297#4#0
[info] send message to 6: wave#297#4#0
[info] message from 6: wave#288#9#0
[info] after round 297 : parent is [] and leader id is 4
[info] round 298 started!
[info] -- new id 7 selected!
[info] send message to 2: wave#298#7#0
[info] send message to 6: wave#298#7#0
[info] message from 6: wave#289#4#0
[info] after round 298 : parent is [] and leader id is 7
[info] round 299 started!
[info] -- new id 3 selected!
[info] send message to 2: wave#299#3#0
[info] send message to 6: wave#299#3#0
[info] message from 6: wave#290#3#0
[info] after round 299 : parent is [] and leader id is 3
[info] round 300 started!
[info] -- new id 4 selected!
[info] send message to 2: wave#300#4#0
[info] send message to 6: wave#300#4#0
[info] message from 6: wave#291#3#0
[info] after round 300 : parent is [] and leader id is 4
[info] round 301 started!
[info] -- new id 7 selected!
[info] send message to 2: wave#301#7#0
[info] send message to 6: wave#301#7#0
[info] message from 6: wave#292#8#0
[info] after round 301 : parent is [] and leader id is 7
[info] round 302 started!
[info] -- new id 1 selected!
[info] send message to 2: wave#302#1#0
[info] send message to 6: wave#302#1#0
[info] message from 6: wave#293#6#0
[info] after round 302 : parent is [] and leader id is 1
[info] round 303 started!
[info] -- new id 9 selected!
[info] send message to 2: wave#303#9#0
[info] send message to 6: wave#303#9#0
[info] message from 6: wave#294#6#0
[info] after round 303 : parent is [] and leader id is 9
[info] round 304 started!
[info] -- new id 2 selected!
[info] send message to 2: wave#304#2#0
[info] send message to 6: wave#304#2#0
[info] message from 6: wave#295#8#0
[info] after round 304 : parent is [] and leader id is 2
[info] round 305 started!
[info] -- new id 9 selected!
[info] send message to 2: wave#305#9#0
[info] send message to 6: wave#305#9#0
[info] message from 6: wave#296#3#0
[info] after round 305 : parent is [] and leader id is 9
[info] round 306 started!
[info] -- new id 8 selected!
[info] send message to 2: wave#306#8#0
[info] send message to 6: wave#306#8#0
[info] message from 6: wave#297#4#0
[info] after round 306 : parent is [] and leader id is 8
[info] round 307 started!
[info] -- new id 6 selected!
[info] send message to 2: wave#307#6#0
[info] send message to 6: wave#307#6#0
[info] message from 6: wave#298#7#0
[info] after round 307 : parent is [] and leader id is 6
[info] round 308 started!
[info] -- new id 9 selected!
[info] send message to 2: wave#308#9#0
[info] send message to 6: wave#308#9#0
[info] message from 6: wave#299#3#0
[info] after round 308 : parent is [] and leader id is 9
[info] round 309 started!
[info] -- new id 4 selected!
[info] send message to 2: wave#309#4#0
[info] send message to 6: wave#309#4#0
[info] message from 6: wave#300#4#0
[info] after round 309 : parent is [] and leader id is 4
[info] round 310 started!
[info] -- new id 4 selected!
[info] send message to 2: wave#310#4#0
[info] send message to 6: wave#310#4#0
[info] message from 6: wave#301#7#0
[info] after round 310 : parent is [] and leader id is 4
[info] round 311 started!
[info] -- new id 4 selected!
[info] send message to 2: wave#311#4#0
[info] send message to 6: wave#311#4#0
[info] message from 6: wave#302#1#0
[info] after round 311 : parent is [] and leader id is 4
[info] round 312 started!
[info] -- new id 8 selected!
[info] send message to 2: wave#312#8#0
[info] send message to 6: wave#312#8#0
[info] message from 6: wave#303#9#0
[info] after round 312 : parent is [] and leader id is 8
[info] round 313 started!
[info] -- new id 3 selected!
[info] send message to 2: wave#313#3#0
[info] send message to 6: wave#313#3#0
[info] message from 6: wave#304#2#0
[info] after round 313 : parent is [] and leader id is 3
[info] round 314 started!
[info] -- new id 9 selected!
[info] send message to 2: wave#314#9#0
[info] send message to 6: wave#314#9#0
[info] message from 6: wave#305#9#0
[info] after round 314 : parent is [] and leader id is 9
[info] round 315 started!
[info] -- new id 6 selected!
[info] send message to 2: wave#315#6#0
[info] received keyboard interrupt
