[info] Hello from node4
[info] I'm connected to nodes ['1', '4']
[info] I have edges [('4', '1'), ('4', '4')]
[info] round 0 started!
[info] -- new id 1 selected!
[info] send message to 1: wave#0#1#0
[info] send message to 4: wave#0#1#0
[info] message from 4: wave#0#1#0
[info] message from 1: wave#0#1#0
[info] after round 0 : parent is [] and leader id is 1
[info] round 1 started!
[info] -- new id 7 selected!
[info] send message to 1: wave#1#7#0
[info] send message to 4: wave#1#7#0
[info] message from 4: wave#1#7#0
[info] after round 1 : parent is [] and leader id is 7
[info] round 2 started!
[info] -- new id 1 selected!
[info] send message to 1: wave#2#1#0
[info] send message to 4: wave#2#1#0
[info] message from 4: wave#2#1#0
[info] after round 2 : parent is [] and leader id is 1
[info] round 3 started!
[info] -- new id 2 selected!
[info] send message to 1: wave#3#2#0
[info] send message to 4: wave#3#2#0
[info] message from 4: wave#3#2#0
[info] after round 3 : parent is [] and leader id is 2
[info] round 4 started!
[info] -- new id 1 selected!
[info] send message to 1: wave#4#1#0
[info] send message to 4: wave#4#1#0
[info] message from 4: wave#4#1#0
[info] after round 4 : parent is [] and leader id is 1
[info] round 5 started!
[info] -- new id 5 selected!
[info] send message to 1: wave#5#5#0
[info] send message to 4: wave#5#5#0
[info] message from 4: wave#5#5#0
[info] after round 5 : parent is [] and leader id is 5
[info] round 6 started!
[info] -- new id 2 selected!
[info] send message to 1: wave#6#2#0
[info] send message to 4: wave#6#2#0
[info] message from 4: wave#6#2#0
[info] after round 6 : parent is [] and leader id is 2
[info] round 7 started!
[info] -- new id 8 selected!
[info] send message to 1: wave#7#8#0
[info] send message to 4: wave#7#8#0
[info] message from 4: wave#7#8#0
[info] after round 7 : parent is [] and leader id is 8
[info] round 8 started!
[info] -- new id 4 selected!
[info] send message to 1: wave#8#4#0
[info] send message to 4: wave#8#4#0
[info] message from 4: wave#8#4#0
[info] after round 8 : parent is [] and leader id is 4
[info] round 9 started!
[info] -- new id 1 selected!
[info] send message to 1: wave#9#1#0
[info] send message to 4: wave#9#1#0
[info] message from 4: wave#9#1#0
[info] after round 9 : parent is [] and leader id is 1
[info] round 10 started!
[info] -- new id 6 selected!
[info] send message to 1: wave#10#6#0
[info] send message to 4: wave#10#6#0
[info] message from 4: wave#10#6#0
[info] after round 10 : parent is [] and leader id is 6
[info] round 11 started!
[info] -- new id 2 selected!
[info] send message to 1: wave#11#2#0
[info] send message to 4: wave#11#2#0
[info] message from 4: wave#11#2#0
[info] after round 11 : parent is [] and leader id is 2
[info] round 12 started!
[info] -- new id 7 selected!
[info] send message to 1: wave#12#7#0
[info] send message to 4: wave#12#7#0
[info] message from 4: wave#12#7#0
[info] after round 12 : parent is [] and leader id is 7
[info] round 13 started!
[info] -- new id 9 selected!
[info] send message to 1: wave#13#9#0
[info] send message to 4: wave#13#9#0
[info] message from 4: wave#13#9#0
[info] after round 13 : parent is [] and leader id is 9
[info] round 14 started!
[info] -- new id 8 selected!
[info] send message to 1: wave#14#8#0
[info] send message to 4: wave#14#8#0
[info] message from 4: wave#14#8#0
[info] after round 14 : parent is [] and leader id is 8
[info] round 15 started!
[info] -- new id 4 selected!
[info] send message to 1: wave#15#4#0
[info] send message to 4: wave#15#4#0
[info] message from 4: wave#15#4#0
[info] after round 15 : parent is [] and leader id is 4
[info] round 16 started!
[info] -- new id 7 selected!
[info] send message to 1: wave#16#7#0
[info] send message to 4: wave#16#7#0
[info] message from 4: wave#16#7#0
[info] after round 16 : parent is [] and leader id is 7
[info] round 17 started!
[info] -- new id 4 selected!
[info] send message to 1: wave#17#4#0
[info] send message to 4: wave#17#4#0
[info] message from 4: wave#17#4#0
[info] after round 17 : parent is [] and leader id is 4
[info] round 18 started!
[info] -- new id 8 selected!
[info] send message to 1: wave#18#8#0
[info] send message to 4: wave#18#8#0
[info] message from 4: wave#18#8#0
[info] after round 18 : parent is [] and leader id is 8
[info] round 19 started!
[info] -- new id 9 selected!
[info] send message to 1: wave#19#9#0
[info] send message to 4: wave#19#9#0
[info] message from 4: wave#19#9#0
[info] after round 19 : parent is [] and leader id is 9
[info] round 20 started!
[info] -- new id 2 selected!
[info] send message to 1: wave#20#2#0
[info] send message to 4: wave#20#2#0
[info] message from 4: wave#20#2#0
[info] after round 20 : parent is [] and leader id is 2
[info] round 21 started!
[info] -- new id 8 selected!
[info] send message to 1: wave#21#8#0
[info] send message to 4: wave#21#8#0
[info] message from 4: wave#21#8#0
[info] after round 21 : parent is [] and leader id is 8
[info] round 22 started!
[info] -- new id 3 selected!
[info] send message to 1: wave#22#3#0
[info] send message to 4: wave#22#3#0
[info] message from 4: wave#22#3#0
[info] after round 22 : parent is [] and leader id is 3
[info] round 23 started!
[info] -- new id 2 selected!
[info] send message to 1: wave#23#2#0
[info] send message to 4: wave#23#2#0
[info] message from 4: wave#23#2#0
[info] after round 23 : parent is [] and leader id is 2
[info] round 24 started!
[info] -- new id 6 selected!
[info] send message to 1: wave#24#6#0
[info] send message to 4: wave#24#6#0
[info] message from 4: wave#24#6#0
[info] after round 24 : parent is [] and leader id is 6
[info] round 25 started!
[info] -- new id 3 selected!
[info] send message to 1: wave#25#3#0
[info] send message to 4: wave#25#3#0
[info] message from 4: wave#25#3#0
[info] after round 25 : parent is [] and leader id is 3
[info] round 26 started!
[info] -- new id 1 selected!
[info] send message to 1: wave#26#1#0
[info] send message to 4: wave#26#1#0
[info] message from 4: wave#26#1#0
[info] after round 26 : parent is [] and leader id is 1
[info] round 27 started!
[info] -- new id 7 selected!
[info] send message to 1: wave#27#7#0
[info] send message to 4: wave#27#7#0
[info] message from 4: wave#27#7#0
[info] after round 27 : parent is [] and leader id is 7
[info] round 28 started!
[info] -- new id 7 selected!
[info] send message to 1: wave#28#7#0
[info] send message to 4: wave#28#7#0
[info] message from 4: wave#28#7#0
[info] after round 28 : parent is [] and leader id is 7
[info] round 29 started!
[info] -- new id 6 selected!
[info] send message to 1: wave#29#6#0
[info] send message to 4: wave#29#6#0
[info] message from 4: wave#29#6#0
[info] after round 29 : parent is [] and leader id is 6
[info] round 30 started!
[info] -- new id 9 selected!
[info] send message to 1: wave#30#9#0
[info] send message to 4: wave#30#9#0
[info] message from 4: wave#30#9#0
[info] after round 30 : parent is [] and leader id is 9
[info] round 31 started!
[info] -- new id 5 selected!
[info] send message to 1: wave#31#5#0
[info] send message to 4: wave#31#5#0
[info] message from 4: wave#31#5#0
[info] after round 31 : parent is [] and leader id is 5
[info] round 32 started!
[info] -- new id 6 selected!
[info] send message to 1: wave#32#6#0
[info] send message to 4: wave#32#6#0
[info] message from 4: wave#32#6#0
[info] after round 32 : parent is [] and leader id is 6
[info] round 33 started!
[info] -- new id 3 selected!
[info] send message to 1: wave#33#3#0
[info] send message to 4: wave#33#3#0
[info] message from 4: wave#33#3#0
[info] after round 33 : parent is [] and leader id is 3
[info] round 34 started!
[info] -- new id 4 selected!
[info] send message to 1: wave#34#4#0
[info] send message to 4: wave#34#4#0
[info] message from 4: wave#34#4#0
[info] after round 34 : parent is [] and leader id is 4
[info] round 35 started!
[info] -- new id 6 selected!
[info] send message to 1: wave#35#6#0
[info] send message to 4: wave#35#6#0
[info] message from 4: wave#35#6#0
[info] after round 35 : parent is [] and leader id is 6
[info] round 36 started!
[info] -- new id 6 selected!
[info] send message to 1: wave#36#6#0
[info] send message to 4: wave#36#6#0
[info] message from 4: wave#36#6#0
[info] after round 36 : parent is [] and leader id is 6
[info] round 37 started!
[info] -- new id 6 selected!
[info] send message to 1: wave#37#6#0
[info] send message to 4: wave#37#6#0
[info] message from 4: wave#37#6#0
[info] after round 37 : parent is [] and leader id is 6
[info] round 38 started!
[info] -- new id 8 selected!
[info] send message to 1: wave#38#8#0
[info] send message to 4: wave#38#8#0
[info] message from 4: wave#38#8#0
[info] after round 38 : parent is [] and leader id is 8
[info] round 39 started!
[info] -- new id 1 selected!
[info] send message to 1: wave#39#1#0
[info] send message to 4: wave#39#1#0
[info] message from 4: wave#39#1#0
[info] after round 39 : parent is [] and leader id is 1
[info] round 40 started!
[info] -- new id 8 selected!
[info] send message to 1: wave#40#8#0
[info] send message to 4: wave#40#8#0
[info] message from 4: wave#40#8#0
[info] after round 40 : parent is [] and leader id is 8
[info] round 41 started!
[info] -- new id 5 selected!
[info] send message to 1: wave#41#5#0
[info] send message to 4: wave#41#5#0
[info] message from 4: wave#41#5#0
[info] after round 41 : parent is [] and leader id is 5
[info] round 42 started!
[info] -- new id 9 selected!
[info] send message to 1: wave#42#9#0
[info] send message to 4: wave#42#9#0
[info] message from 4: wave#42#9#0
[info] after round 42 : parent is [] and leader id is 9
[info] round 43 started!
[info] -- new id 7 selected!
[info] send message to 1: wave#43#7#0
[info] send message to 4: wave#43#7#0
[info] message from 4: wave#43#7#0
[info] after round 43 : parent is [] and leader id is 7
[info] round 44 started!
[info] -- new id 1 selected!
[info] send message to 1: wave#44#1#0
[info] send message to 4: wave#44#1#0
[info] message from 4: wave#44#1#0
[info] after round 44 : parent is [] and leader id is 1
[info] round 45 started!
[info] -- new id 3 selected!
[info] send message to 1: wave#45#3#0
[info] send message to 4: wave#45#3#0
[info] message from 4: wave#45#3#0
[info] after round 45 : parent is [] and leader id is 3
[info] round 46 started!
[info] -- new id 5 selected!
[info] send message to 1: wave#46#5#0
[info] send message to 4: wave#46#5#0
[info] message from 4: wave#46#5#0
[info] after round 46 : parent is [] and leader id is 5
[info] round 47 started!
[info] -- new id 7 selected!
[info] send message to 1: wave#47#7#0
[info] send message to 4: wave#47#7#0
[info] message from 4: wave#47#7#0
[info] after round 47 : parent is [] and leader id is 7
[info] round 48 started!
[info] -- new id 9 selected!
[info] send message to 1: wave#48#9#0
[info] send message to 4: wave#48#9#0
[info] message from 4: wave#48#9#0
[info] after round 48 : parent is [] and leader id is 9
[info] round 49 started!
[info] -- new id 3 selected!
[info] send message to 1: wave#49#3#0
[info] send message to 4: wave#49#3#0
[info] message from 4: wave#49#3#0
[info] after round 49 : parent is [] and leader id is 3
[info] round 50 started!
[info] -- new id 9 selected!
[info] send message to 1: wave#50#9#0
[info] send message to 4: wave#50#9#0
[info] message from 4: wave#50#9#0
[info] after round 50 : parent is [] and leader id is 9
[info] round 51 started!
[info] -- new id 2 selected!
[info] send message to 1: wave#51#2#0
[info] send message to 4: wave#51#2#0
[info] message from 4: wave#51#2#0
[info] after round 51 : parent is [] and leader id is 2
[info] round 52 started!
[info] -- new id 3 selected!
[info] send message to 1: wave#52#3#0
[info] send message to 4: wave#52#3#0
[info] message from 4: wave#52#3#0
[info] after round 52 : parent is [] and leader id is 3
[info] round 53 started!
[info] -- new id 9 selected!
[info] send message to 1: wave#53#9#0
[info] send message to 4: wave#53#9#0
[info] message from 4: wave#53#9#0
[info] after round 53 : parent is [] and leader id is 9
[info] round 54 started!
[info] -- new id 1 selected!
[info] send message to 1: wave#54#1#0
[info] send message to 4: wave#54#1#0
[info] message from 4: wave#54#1#0
[info] after round 54 : parent is [] and leader id is 1
[info] round 55 started!
[info] -- new id 5 selected!
[info] send message to 1: wave#55#5#0
[info] send message to 4: wave#55#5#0
[info] message from 4: wave#55#5#0
[info] after round 55 : parent is [] and leader id is 5
[info] round 56 started!
[info] -- new id 9 selected!
[info] send message to 1: wave#56#9#0
[info] send message to 4: wave#56#9#0
[info] message from 4: wave#56#9#0
[info] after round 56 : parent is [] and leader id is 9
[info] round 57 started!
[info] -- new id 2 selected!
[info] send message to 1: wave#57#2#0
[info] send message to 4: wave#57#2#0
[info] message from 4: wave#57#2#0
[info] after round 57 : parent is [] and leader id is 2
[info] round 58 started!
[info] -- new id 8 selected!
[info] send message to 1: wave#58#8#0
[info] send message to 4: wave#58#8#0
[info] message from 4: wave#58#8#0
[info] after round 58 : parent is [] and leader id is 8
[info] round 59 started!
[info] -- new id 6 selected!
[info] send message to 1: wave#59#6#0
[info] send message to 4: wave#59#6#0
[info] message from 4: wave#59#6#0
[info] after round 59 : parent is [] and leader id is 6
[info] round 60 started!
[info] -- new id 5 selected!
[info] send message to 1: wave#60#5#0
[info] send message to 4: wave#60#5#0
[info] message from 4: wave#60#5#0
[info] after round 60 : parent is [] and leader id is 5
[info] round 61 started!
[info] -- new id 5 selected!
[info] send message to 1: wave#61#5#0
[info] send message to 4: wave#61#5#0
[info] message from 4: wave#61#5#0
[info] after round 61 : parent is [] and leader id is 5
[info] round 62 started!
[info] -- new id 2 selected!
[info] send message to 1: wave#62#2#0
[info] send message to 4: wave#62#2#0
[info] message from 4: wave#62#2#0
[info] after round 62 : parent is [] and leader id is 2
[info] round 63 started!
[info] -- new id 7 selected!
[info] send message to 1: wave#63#7#0
[info] send message to 4: wave#63#7#0
[info] message from 4: wave#63#7#0
[info] after round 63 : parent is [] and leader id is 7
[info] round 64 started!
[info] -- new id 6 selected!
[info] send message to 1: wave#64#6#0
[info] send message to 4: wave#64#6#0
[info] message from 4: wave#64#6#0
[info] after round 64 : parent is [] and leader id is 6
[info] round 65 started!
[info] -- new id 8 selected!
[info] send message to 1: wave#65#8#0
[info] send message to 4: wave#65#8#0
[info] message from 4: wave#65#8#0
[info] after round 65 : parent is [] and leader id is 8
[info] round 66 started!
[info] -- new id 4 selected!
[info] send message to 1: wave#66#4#0
[info] send message to 4: wave#66#4#0
[info] message from 4: wave#66#4#0
[info] after round 66 : parent is [] and leader id is 4
[info] round 67 started!
[info] -- new id 8 selected!
[info] send message to 1: wave#67#8#0
[info] send message to 4: wave#67#8#0
[info] message from 4: wave#67#8#0
[info] after round 67 : parent is [] and leader id is 8
[info] round 68 started!
[info] -- new id 1 selected!
[info] send message to 1: wave#68#1#0
[info] send message to 4: wave#68#1#0
[info] message from 4: wave#68#1#0
[info] after round 68 : parent is [] and leader id is 1
[info] round 69 started!
[info] -- new id 2 selected!
[info] send message to 1: wave#69#2#0
[info] send message to 4: wave#69#2#0
[info] message from 4: wave#69#2#0
[info] after round 69 : parent is [] and leader id is 2
[info] round 70 started!
[info] -- new id 4 selected!
[info] send message to 1: wave#70#4#0
[info] send message to 4: wave#70#4#0
[info] message from 4: wave#70#4#0
[info] after round 70 : parent is [] and leader id is 4
[info] round 71 started!
[info] -- new id 3 selected!
[info] send message to 1: wave#71#3#0
[info] send message to 4: wave#71#3#0
[info] message from 4: wave#71#3#0
[info] after round 71 : parent is [] and leader id is 3
[info] round 72 started!
[info] -- new id 4 selected!
[info] send message to 1: wave#72#4#0
[info] send message to 4: wave#72#4#0
[info] message from 4: wave#72#4#0
[info] after round 72 : parent is [] and leader id is 4
[info] round 73 started!
[info] -- new id 5 selected!
[info] send message to 1: wave#73#5#0
[info] send message to 4: wave#73#5#0
[info] message from 4: wave#73#5#0
[info] after round 73 : parent is [] and leader id is 5
[info] round 74 started!
[info] -- new id 6 selected!
[info] send message to 1: wave#74#6#0
[info] send message to 4: wave#74#6#0
[info] message from 4: wave#74#6#0
[info] after round 74 : parent is [] and leader id is 6
[info] round 75 started!
[info] -- new id 2 selected!
[info] send message to 1: wave#75#2#0
[info] send message to 4: wave#75#2#0
[info] message from 4: wave#75#2#0
[info] after round 75 : parent is [] and leader id is 2
[info] round 76 started!
[info] -- new id 9 selected!
[info] send message to 1: wave#76#9#0
[info] send message to 4: wave#76#9#0
[info] message from 4: wave#76#9#0
[info] after round 76 : parent is [] and leader id is 9
[info] round 77 started!
[info] -- new id 8 selected!
[info] send message to 1: wave#77#8#0
[info] send message to 4: wave#77#8#0
[info] message from 4: wave#77#8#0
[info] after round 77 : parent is [] and leader id is 8
[info] round 78 started!
[info] -- new id 5 selected!
[info] send message to 1: wave#78#5#0
[info] send message to 4: wave#78#5#0
[info] message from 4: wave#78#5#0
[info] after round 78 : parent is [] and leader id is 5
[info] round 79 started!
[info] -- new id 9 selected!
[info] send message to 1: wave#79#9#0
[info] send message to 4: wave#79#9#0
[info] message from 4: wave#79#9#0
[info] after round 79 : parent is [] and leader id is 9
[info] round 80 started!
[info] -- new id 5 selected!
[info] send message to 1: wave#80#5#0
[info] send message to 4: wave#80#5#0
[info] message from 4: wave#80#5#0
[info] after round 80 : parent is [] and leader id is 5
[info] round 81 started!
[info] -- new id 4 selected!
[info] send message to 1: wave#81#4#0
[info] send message to 4: wave#81#4#0
[info] message from 4: wave#81#4#0
[info] after round 81 : parent is [] and leader id is 4
[info] round 82 started!
[info] -- new id 8 selected!
[info] send message to 1: wave#82#8#0
[info] send message to 4: wave#82#8#0
[info] message from 4: wave#82#8#0
[info] after round 82 : parent is [] and leader id is 8
[info] round 83 started!
[info] -- new id 4 selected!
[info] send message to 1: wave#83#4#0
[info] send message to 4: wave#83#4#0
[info] message from 4: wave#83#4#0
[info] after round 83 : parent is [] and leader id is 4
[info] round 84 started!
[info] -- new id 2 selected!
[info] send message to 1: wave#84#2#0
[info] send message to 4: wave#84#2#0
[info] message from 4: wave#84#2#0
[info] after round 84 : parent is [] and leader id is 2
[info] round 85 started!
[info] -- new id 7 selected!
[info] send message to 1: wave#85#7#0
[info] send message to 4: wave#85#7#0
[info] message from 4: wave#85#7#0
[info] after round 85 : parent is [] and leader id is 7
[info] round 86 started!
[info] -- new id 9 selected!
[info] send message to 1: wave#86#9#0
[info] send message to 4: wave#86#9#0
[info] message from 4: wave#86#9#0
[info] after round 86 : parent is [] and leader id is 9
[info] round 87 started!
[info] -- new id 6 selected!
[info] send message to 1: wave#87#6#0
[info] send message to 4: wave#87#6#0
[info] message from 4: wave#87#6#0
[info] after round 87 : parent is [] and leader id is 6
[info] round 88 started!
[info] -- new id 5 selected!
[info] send message to 1: wave#88#5#0
[info] send message to 4: wave#88#5#0
[info] message from 4: wave#88#5#0
[info] after round 88 : parent is [] and leader id is 5
[info] round 89 started!
[info] -- new id 1 selected!
[info] send message to 1: wave#89#1#0
[info] send message to 4: wave#89#1#0
[info] message from 4: wave#89#1#0
[info] after round 89 : parent is [] and leader id is 1
[info] round 90 started!
[info] -- new id 2 selected!
[info] send message to 1: wave#90#2#0
[info] send message to 4: wave#90#2#0
[info] message from 4: wave#90#2#0
[info] after round 90 : parent is [] and leader id is 2
[info] round 91 started!
[info] -- new id 7 selected!
[info] send message to 1: wave#91#7#0
[info] send message to 4: wave#91#7#0
[info] message from 4: wave#91#7#0
[info] after round 91 : parent is [] and leader id is 7
[info] round 92 started!
[info] -- new id 7 selected!
[info] send message to 1: wave#92#7#0
[info] send message to 4: wave#92#7#0
[info] message from 4: wave#92#7#0
[info] after round 92 : parent is [] and leader id is 7
[info] round 93 started!
[info] -- new id 2 selected!
[info] send message to 1: wave#93#2#0
[info] send message to 4: wave#93#2#0
[info] message from 4: wave#93#2#0
[info] after round 93 : parent is [] and leader id is 2
[info] round 94 started!
[info] -- new id 3 selected!
[info] send message to 1: wave#94#3#0
[info] send message to 4: wave#94#3#0
[info] message from 4: wave#94#3#0
[info] after round 94 : parent is [] and leader id is 3
[info] round 95 started!
[info] -- new id 7 selected!
[info] send message to 1: wave#95#7#0
[info] send message to 4: wave#95#7#0
[info] message from 4: wave#95#7#0
[info] after round 95 : parent is [] and leader id is 7
[info] round 96 started!
[info] -- new id 5 selected!
[info] send message to 1: wave#96#5#0
[info] send message to 4: wave#96#5#0
[info] message from 4: wave#96#5#0
[info] after round 96 : parent is [] and leader id is 5
[info] round 97 started!
[info] -- new id 6 selected!
[info] send message to 1: wave#97#6#0
[info] send message to 4: wave#97#6#0
[info] message from 4: wave#97#6#0
[info] after round 97 : parent is [] and leader id is 6
[info] round 98 started!
[info] -- new id 4 selected!
[info] send message to 1: wave#98#4#0
[info] send message to 4: wave#98#4#0
[info] message from 4: wave#98#4#0
[info] after round 98 : parent is [] and leader id is 4
[info] round 99 started!
[info] -- new id 3 selected!
[info] send message to 1: wave#99#3#0
[info] send message to 4: wave#99#3#0
[info] message from 4: wave#99#3#0
[info] after round 99 : parent is [] and leader id is 3
[info] round 100 started!
[info] -- new id 9 selected!
[info] send message to 1: wave#100#9#0
[info] send message to 4: wave#100#9#0
[info] message from 4: wave#100#9#0
[info] after round 100 : parent is [] and leader id is 9
[info] round 101 started!
[info] -- new id 8 selected!
[info] send message to 1: wave#101#8#0
[info] send message to 4: wave#101#8#0
[info] message from 4: wave#101#8#0
[info] after round 101 : parent is [] and leader id is 8
[info] round 102 started!
[info] -- new id 2 selected!
[info] send message to 1: wave#102#2#0
[info] send message to 4: wave#102#2#0
[info] message from 4: wave#102#2#0
[info] after round 102 : parent is [] and leader id is 2
[info] round 103 started!
[info] -- new id 6 selected!
[info] send message to 1: wave#103#6#0
[info] send message to 4: wave#103#6#0
[info] message from 4: wave#103#6#0
[info] after round 103 : parent is [] and leader id is 6
[info] round 104 started!
[info] -- new id 8 selected!
[info] send message to 1: wave#104#8#0
[info] send message to 4: wave#104#8#0
[info] message from 4: wave#104#8#0
[info] after round 104 : parent is [] and leader id is 8
[info] round 105 started!
[info] -- new id 2 selected!
[info] send message to 1: wave#105#2#0
[info] send message to 4: wave#105#2#0
[info] message from 4: wave#105#2#0
[info] after round 105 : parent is [] and leader id is 2
[info] round 106 started!
[info] -- new id 2 selected!
[info] send message to 1: wave#106#2#0
[info] send message to 4: wave#106#2#0
[info] message from 4: wave#106#2#0
[info] after round 106 : parent is [] and leader id is 2
[info] round 107 started!
[info] -- new id 5 selected!
[info] send message to 1: wave#107#5#0
[info] send message to 4: wave#107#5#0
[info] message from 4: wave#107#5#0
[info] after round 107 : parent is [] and leader id is 5
[info] round 108 started!
[info] -- new id 8 selected!
[info] send message to 1: wave#108#8#0
[info] send message to 4: wave#108#8#0
[info] message from 4: wave#108#8#0
[info] after round 108 : parent is [] and leader id is 8
[info] round 109 started!
[info] -- new id 1 selected!
[info] send message to 1: wave#109#1#0
[info] send message to 4: wave#109#1#0
[info] message from 4: wave#109#1#0
[info] after round 109 : parent is [] and leader id is 1
[info] round 110 started!
[info] -- new id 8 selected!
[info] send message to 1: wave#110#8#0
[info] send message to 4: wave#110#8#0
[info] message from 4: wave#110#8#0
[info] after round 110 : parent is [] and leader id is 8
[info] round 111 started!
[info] -- new id 3 selected!
[info] send message to 1: wave#111#3#0
[info] send message to 4: wave#111#3#0
[info] message from 4: wave#111#3#0
[info] after round 111 : parent is [] and leader id is 3
[info] round 112 started!
[info] -- new id 9 selected!
[info] send message to 1: wave#112#9#0
[info] send message to 4: wave#112#9#0
[info] message from 4: wave#112#9#0
[info] after round 112 : parent is [] and leader id is 9
[info] round 113 started!
[info] -- new id 6 selected!
[info] send message to 1: wave#113#6#0
[info] send message to 4: wave#113#6#0
[info] message from 4: wave#113#6#0
[info] after round 113 : parent is [] and leader id is 6
[info] round 114 started!
[info] -- new id 5 selected!
[info] send message to 1: wave#114#5#0
[info] send message to 4: wave#114#5#0
[info] message from 4: wave#114#5#0
[info] after round 114 : parent is [] and leader id is 5
[info] round 115 started!
[info] -- new id 4 selected!
[info] send message to 1: wave#115#4#0
[info] send message to 4: wave#115#4#0
[info] message from 4: wave#115#4#0
[info] after round 115 : parent is [] and leader id is 4
[info] round 116 started!
[info] -- new id 7 selected!
[info] send message to 1: wave#116#7#0
[info] send message to 4: wave#116#7#0
[info] message from 4: wave#116#7#0
[info] after round 116 : parent is [] and leader id is 7
[info] round 117 started!
[info] -- new id 7 selected!
[info] send message to 1: wave#117#7#0
[info] send message to 4: wave#117#7#0
[info] message from 4: wave#117#7#0
[info] after round 117 : parent is [] and leader id is 7
[info] round 118 started!
[info] -- new id 9 selected!
[info] send message to 1: wave#118#9#0
[info] send message to 4: wave#118#9#0
[info] message from 4: wave#118#9#0
[info] after round 118 : parent is [] and leader id is 9
[info] round 119 started!
[info] -- new id 8 selected!
[info] send message to 1: wave#119#8#0
[info] send message to 4: wave#119#8#0
[info] message from 4: wave#119#8#0
[info] after round 119 : parent is [] and leader id is 8
[info] round 120 started!
[info] -- new id 6 selected!
[info] send message to 1: wave#120#6#0
[info] send message to 4: wave#120#6#0
[info] message from 4: wave#120#6#0
[info] after round 120 : parent is [] and leader id is 6
[info] round 121 started!
[info] -- new id 1 selected!
[info] send message to 1: wave#121#1#0
[info] send message to 4: wave#121#1#0
[info] message from 4: wave#121#1#0
[info] after round 121 : parent is [] and leader id is 1
[info] round 122 started!
[info] -- new id 5 selected!
[info] send message to 1: wave#122#5#0
[info] send message to 4: wave#122#5#0
[info] message from 4: wave#122#5#0
[info] after round 122 : parent is [] and leader id is 5
[info] round 123 started!
[info] -- new id 8 selected!
[info] send message to 1: wave#123#8#0
[info] send message to 4: wave#123#8#0
[info] message from 4: wave#123#8#0
[info] after round 123 : parent is [] and leader id is 8
[info] round 124 started!
[info] -- new id 9 selected!
[info] send message to 1: wave#124#9#0
[info] send message to 4: wave#124#9#0
[info] message from 4: wave#124#9#0
[info] after round 124 : parent is [] and leader id is 9
[info] round 125 started!
[info] -- new id 5 selected!
[info] send message to 1: wave#125#5#0
[info] send message to 4: wave#125#5#0
[info] message from 4: wave#125#5#0
[info] after round 125 : parent is [] and leader id is 5
[info] round 126 started!
[info] -- new id 8 selected!
[info] send message to 1: wave#126#8#0
[info] send message to 4: wave#126#8#0
[info] message from 4: wave#126#8#0
[info] after round 126 : parent is [] and leader id is 8
[info] round 127 started!
[info] -- new id 6 selected!
[info] send message to 1: wave#127#6#0
[info] send message to 4: wave#127#6#0
[info] message from 4: wave#127#6#0
[info] after round 127 : parent is [] and leader id is 6
[info] round 128 started!
[info] -- new id 1 selected!
[info] send message to 1: wave#128#1#0
[info] send message to 4: wave#128#1#0
[info] message from 4: wave#128#1#0
[info] after round 128 : parent is [] and leader id is 1
[info] round 129 started!
[info] -- new id 9 selected!
[info] send message to 1: wave#129#9#0
[info] send message to 4: wave#129#9#0
[info] message from 4: wave#129#9#0
[info] after round 129 : parent is [] and leader id is 9
[info] round 130 started!
[info] -- new id 1 selected!
[info] send message to 1: wave#130#1#0
[info] send message to 4: wave#130#1#0
[info] message from 4: wave#130#1#0
[info] after round 130 : parent is [] and leader id is 1
[info] round 131 started!
[info] -- new id 4 selected!
[info] send message to 1: wave#131#4#0
[info] send message to 4: wave#131#4#0
[info] message from 4: wave#131#4#0
[info] after round 131 : parent is [] and leader id is 4
[info] round 132 started!
[info] -- new id 7 selected!
[info] send message to 1: wave#132#7#0
[info] send message to 4: wave#132#7#0
[info] message from 4: wave#132#7#0
[info] after round 132 : parent is [] and leader id is 7
[info] round 133 started!
[info] -- new id 5 selected!
[info] send message to 1: wave#133#5#0
[info] send message to 4: wave#133#5#0
[info] message from 4: wave#133#5#0
[info] after round 133 : parent is [] and leader id is 5
[info] round 134 started!
[info] -- new id 3 selected!
[info] send message to 1: wave#134#3#0
[info] send message to 4: wave#134#3#0
[info] message from 4: wave#134#3#0
[info] after round 134 : parent is [] and leader id is 3
[info] round 135 started!
[info] -- new id 3 selected!
[info] send message to 1: wave#135#3#0
[info] send message to 4: wave#135#3#0
[info] message from 4: wave#135#3#0
[info] after round 135 : parent is [] and leader id is 3
[info] round 136 started!
[info] -- new id 6 selected!
[info] send message to 1: wave#136#6#0
[info] send message to 4: wave#136#6#0
[info] message from 4: wave#136#6#0
[info] after round 136 : parent is [] and leader id is 6
[info] round 137 started!
[info] -- new id 6 selected!
[info] send message to 1: wave#137#6#0
[info] send message to 4: wave#137#6#0
[info] message from 4: wave#137#6#0
[info] after round 137 : parent is [] and leader id is 6
[info] round 138 started!
[info] -- new id 9 selected!
[info] send message to 1: wave#138#9#0
[info] send message to 4: wave#138#9#0
[info] message from 4: wave#138#9#0
[info] after round 138 : parent is [] and leader id is 9
[info] round 139 started!
[info] -- new id 4 selected!
[info] send message to 1: wave#139#4#0
[info] send message to 4: wave#139#4#0
[info] message from 4: wave#139#4#0
[info] after round 139 : parent is [] and leader id is 4
[info] round 140 started!
[info] -- new id 8 selected!
[info] send message to 1: wave#140#8#0
[info] send message to 4: wave#140#8#0
[info] message from 4: wave#140#8#0
[info] after round 140 : parent is [] and leader id is 8
[info] round 141 started!
[info] -- new id 6 selected!
[info] send message to 1: wave#141#6#0
[info] send message to 4: wave#141#6#0
[info] message from 4: wave#141#6#0
[info] after round 141 : parent is [] and leader id is 6
[info] round 142 started!
[info] -- new id 4 selected!
[info] send message to 1: wave#142#4#0
[info] send message to 4: wave#142#4#0
[info] message from 4: wave#142#4#0
[info] after round 142 : parent is [] and leader id is 4
[info] round 143 started!
[info] -- new id 1 selected!
[info] send message to 1: wave#143#1#0
[info] send message to 4: wave#143#1#0
[info] message from 4: wave#143#1#0
[info] after round 143 : parent is [] and leader id is 1
[info] round 144 started!
[info] -- new id 8 selected!
[info] send message to 1: wave#144#8#0
[info] send message to 4: wave#144#8#0
[info] message from 4: wave#144#8#0
[info] after round 144 : parent is [] and leader id is 8
[info] round 145 started!
[info] -- new id 5 selected!
[info] send message to 1: wave#145#5#0
[info] send message to 4: wave#145#5#0
[info] message from 4: wave#145#5#0
[info] after round 145 : parent is [] and leader id is 5
[info] round 146 started!
[info] -- new id 7 selected!
[info] send message to 1: wave#146#7#0
[info] send message to 4: wave#146#7#0
[info] message from 4: wave#146#7#0
[info] after round 146 : parent is [] and leader id is 7
[info] round 147 started!
[info] -- new id 8 selected!
[info] send message to 1: wave#147#8#0
[info] send message to 4: wave#147#8#0
[info] message from 4: wave#147#8#0
[info] after round 147 : parent is [] and leader id is 8
[info] round 148 started!
[info] -- new id 2 selected!
[info] send message to 1: wave#148#2#0
[info] send message to 4: wave#148#2#0
[info] message from 4: wave#148#2#0
[info] after round 148 : parent is [] and leader id is 2
[info] round 149 started!
[info] -- new id 3 selected!
[info] send message to 1: wave#149#3#0
[info] send message to 4: wave#149#3#0
[info] message from 4: wave#149#3#0
[info] after round 149 : parent is [] and leader id is 3
[info] round 150 started!
[info] -- new id 6 selected!
[info] send message to 1: wave#150#6#0
[info] send message to 4: wave#150#6#0
[info] message from 4: wave#150#6#0
[info] after round 150 : parent is [] and leader id is 6
[info] round 151 started!
[info] -- new id 1 selected!
[info] send message to 1: wave#151#1#0
[info] send message to 4: wave#151#1#0
[info] message from 4: wave#151#1#0
[info] after round 151 : parent is [] and leader id is 1
[info] round 152 started!
[info] -- new id 3 selected!
[info] send message to 1: wave#152#3#0
[info] send message to 4: wave#152#3#0
[info] message from 4: wave#152#3#0
[info] after round 152 : parent is [] and leader id is 3
[info] round 153 started!
[info] -- new id 2 selected!
[info] send message to 1: wave#153#2#0
[info] send message to 4: wave#153#2#0
[info] message from 4: wave#153#2#0
[info] after round 153 : parent is [] and leader id is 2
[info] round 154 started!
[info] -- new id 5 selected!
[info] send message to 1: wave#154#5#0
[info] send message to 4: wave#154#5#0
[info] message from 4: wave#154#5#0
[info] after round 154 : parent is [] and leader id is 5
[info] round 155 started!
[info] -- new id 8 selected!
[info] send message to 1: wave#155#8#0
[info] send message to 4: wave#155#8#0
[info] message from 4: wave#155#8#0
[info] after round 155 : parent is [] and leader id is 8
[info] round 156 started!
[info] -- new id 5 selected!
[info] send message to 1: wave#156#5#0
[info] send message to 4: wave#156#5#0
[info] message from 4: wave#156#5#0
[info] after round 156 : parent is [] and leader id is 5
[info] round 157 started!
[info] -- new id 5 selected!
[info] send message to 1: wave#157#5#0
[info] send message to 4: wave#157#5#0
[info] message from 4: wave#157#5#0
[info] after round 157 : parent is [] and leader id is 5
[info] round 158 started!
[info] -- new id 5 selected!
[info] send message to 1: wave#158#5#0
[info] send message to 4: wave#158#5#0
[info] message from 4: wave#158#5#0
[info] after round 158 : parent is [] and leader id is 5
[info] round 159 started!
[info] -- new id 2 selected!
[info] send message to 1: wave#159#2#0
[info] send message to 4: wave#159#2#0
[info] message from 4: wave#159#2#0
[info] after round 159 : parent is [] and leader id is 2
[info] round 160 started!
[info] -- new id 6 selected!
[info] send message to 1: wave#160#6#0
[info] send message to 4: wave#160#6#0
[info] message from 4: wave#160#6#0
[info] after round 160 : parent is [] and leader id is 6
[info] round 161 started!
[info] -- new id 2 selected!
[info] send message to 1: wave#161#2#0
[info] send message to 4: wave#161#2#0
[info] message from 4: wave#161#2#0
[info] after round 161 : parent is [] and leader id is 2
[info] round 162 started!
[info] -- new id 8 selected!
[info] send message to 1: wave#162#8#0
[info] send message to 4: wave#162#8#0
[info] message from 4: wave#162#8#0
[info] after round 162 : parent is [] and leader id is 8
[info] round 163 started!
[info] -- new id 8 selected!
[info] send message to 1: wave#163#8#0
[info] send message to 4: wave#163#8#0
[info] message from 4: wave#163#8#0
[info] after round 163 : parent is [] and leader id is 8
[info] round 164 started!
[info] -- new id 1 selected!
[info] send message to 1: wave#164#1#0
[info] send message to 4: wave#164#1#0
[info] message from 4: wave#164#1#0
[info] after round 164 : parent is [] and leader id is 1
[info] round 165 started!
[info] -- new id 3 selected!
[info] send message to 1: wave#165#3#0
[info] send message to 4: wave#165#3#0
[info] message from 4: wave#165#3#0
[info] after round 165 : parent is [] and leader id is 3
[info] round 166 started!
[info] -- new id 4 selected!
[info] send message to 1: wave#166#4#0
[info] send message to 4: wave#166#4#0
[info] message from 4: wave#166#4#0
[info] after round 166 : parent is [] and leader id is 4
[info] round 167 started!
[info] -- new id 5 selected!
[info] send message to 1: wave#167#5#0
[info] send message to 4: wave#167#5#0
[info] message from 4: wave#167#5#0
[info] after round 167 : parent is [] and leader id is 5
[info] round 168 started!
[info] -- new id 3 selected!
[info] send message to 1: wave#168#3#0
[info] send message to 4: wave#168#3#0
[info] message from 4: wave#168#3#0
[info] after round 168 : parent is [] and leader id is 3
[info] round 169 started!
[info] -- new id 7 selected!
[info] send message to 1: wave#169#7#0
[info] send message to 4: wave#169#7#0
[info] message from 4: wave#169#7#0
[info] after round 169 : parent is [] and leader id is 7
[info] round 170 started!
[info] -- new id 7 selected!
[info] send message to 1: wave#170#7#0
[info] send message to 4: wave#170#7#0
[info] message from 4: wave#170#7#0
[info] after round 170 : parent is [] and leader id is 7
[info] round 171 started!
[info] -- new id 8 selected!
[info] send message to 1: wave#171#8#0
[info] send message to 4: wave#171#8#0
[info] message from 4: wave#171#8#0
[info] after round 171 : parent is [] and leader id is 8
[info] round 172 started!
[info] -- new id 3 selected!
[info] send message to 1: wave#172#3#0
[info] send message to 4: wave#172#3#0
[info] message from 4: wave#172#3#0
[info] after round 172 : parent is [] and leader id is 3
[info] round 173 started!
[info] -- new id 9 selected!
[info] send message to 1: wave#173#9#0
[info] send message to 4: wave#173#9#0
[info] message from 4: wave#173#9#0
[info] after round 173 : parent is [] and leader id is 9
[info] round 174 started!
[info] -- new id 3 selected!
[info] send message to 1: wave#174#3#0
[info] send message to 4: wave#174#3#0
[info] message from 4: wave#174#3#0
[info] after round 174 : parent is [] and leader id is 3
[info] round 175 started!
[info] -- new id 3 selected!
[info] send message to 1: wave#175#3#0
[info] send message to 4: wave#175#3#0
[info] message from 4: wave#175#3#0
[info] after round 175 : parent is [] and leader id is 3
[info] round 176 started!
[info] -- new id 6 selected!
[info] send message to 1: wave#176#6#0
[info] send message to 4: wave#176#6#0
[info] message from 4: wave#176#6#0
[info] after round 176 : parent is [] and leader id is 6
[info] round 177 started!
[info] -- new id 2 selected!
[info] send message to 1: wave#177#2#0
[info] send message to 4: wave#177#2#0
[info] message from 4: wave#177#2#0
[info] after round 177 : parent is [] and leader id is 2
[info] round 178 started!
[info] -- new id 4 selected!
[info] send message to 1: wave#178#4#0
[info] send message to 4: wave#178#4#0
[info] message from 4: wave#178#4#0
[info] after round 178 : parent is [] and leader id is 4
[info] round 179 started!
[info] -- new id 8 selected!
[info] send message to 1: wave#179#8#0
[info] send message to 4: wave#179#8#0
[info] message from 4: wave#179#8#0
[info] after round 179 : parent is [] and leader id is 8
[info] round 180 started!
[info] -- new id 7 selected!
[info] send message to 1: wave#180#7#0
[info] send message to 4: wave#180#7#0
[info] message from 4: wave#180#7#0
[info] after round 180 : parent is [] and leader id is 7
[info] round 181 started!
[info] -- new id 1 selected!
[info] send message to 1: wave#181#1#0
[info] send message to 4: wave#181#1#0
[info] message from 4: wave#181#1#0
[info] after round 181 : parent is [] and leader id is 1
[info] round 182 started!
[info] -- new id 8 selected!
[info] send message to 1: wave#182#8#0
[info] send message to 4: wave#182#8#0
[info] message from 4: wave#182#8#0
[info] after round 182 : parent is [] and leader id is 8
[info] round 183 started!
[info] -- new id 6 selected!
[info] send message to 1: wave#183#6#0
[info] send message to 4: wave#183#6#0
[info] message from 4: wave#183#6#0
[info] after round 183 : parent is [] and leader id is 6
[info] round 184 started!
[info] -- new id 9 selected!
[info] send message to 1: wave#184#9#0
[info] send message to 4: wave#184#9#0
[info] message from 4: wave#184#9#0
[info] after round 184 : parent is [] and leader id is 9
[info] round 185 started!
[info] -- new id 2 selected!
[info] send message to 1: wave#185#2#0
[info] send message to 4: wave#185#2#0
[info] message from 4: wave#185#2#0
[info] after round 185 : parent is [] and leader id is 2
[info] round 186 started!
[info] -- new id 4 selected!
[info] send message to 1: wave#186#4#0
[info] send message to 4: wave#186#4#0
[info] message from 4: wave#186#4#0
[info] after round 186 : parent is [] and leader id is 4
[info] round 187 started!
[info] -- new id 5 selected!
[info] send message to 1: wave#187#5#0
[info] send message to 4: wave#187#5#0
[info] message from 4: wave#187#5#0
[info] after round 187 : parent is [] and leader id is 5
[info] round 188 started!
[info] -- new id 8 selected!
[info] send message to 1: wave#188#8#0
[info] send message to 4: wave#188#8#0
[info] message from 4: wave#188#8#0
[info] after round 188 : parent is [] and leader id is 8
[info] round 189 started!
[info] -- new id 7 selected!
[info] send message to 1: wave#189#7#0
[info] send message to 4: wave#189#7#0
[info] message from 4: wave#189#7#0
[info] after round 189 : parent is [] and leader id is 7
[info] round 190 started!
[info] -- new id 3 selected!
[info] send message to 1: wave#190#3#0
[info] send message to 4: wave#190#3#0
[info] message from 4: wave#190#3#0
[info] after round 190 : parent is [] and leader id is 3
[info] round 191 started!
[info] -- new id 7 selected!
[info] send message to 1: wave#191#7#0
[info] send message to 4: wave#191#7#0
[info] message from 4: wave#191#7#0
[info] after round 191 : parent is [] and leader id is 7
[info] round 192 started!
[info] -- new id 2 selected!
[info] send message to 1: wave#192#2#0
[info] send message to 4: wave#192#2#0
[info] message from 4: wave#192#2#0
[info] after round 192 : parent is [] and leader id is 2
[info] round 193 started!
[info] -- new id 3 selected!
[info] send message to 1: wave#193#3#0
[info] send message to 4: wave#193#3#0
[info] message from 4: wave#193#3#0
[info] after round 193 : parent is [] and leader id is 3
[info] round 194 started!
[info] -- new id 3 selected!
[info] send message to 1: wave#194#3#0
[info] send message to 4: wave#194#3#0
[info] message from 4: wave#194#3#0
[info] after round 194 : parent is [] and leader id is 3
[info] round 195 started!
[info] -- new id 9 selected!
[info] send message to 1: wave#195#9#0
[info] send message to 4: wave#195#9#0
[info] message from 4: wave#195#9#0
[info] after round 195 : parent is [] and leader id is 9
[info] round 196 started!
[info] -- new id 9 selected!
[info] send message to 1: wave#196#9#0
[info] send message to 4: wave#196#9#0
[info] message from 4: wave#196#9#0
[info] after round 196 : parent is [] and leader id is 9
[info] round 197 started!
[info] -- new id 1 selected!
[info] send message to 1: wave#197#1#0
[info] send message to 4: wave#197#1#0
[info] message from 4: wave#197#1#0
[info] after round 197 : parent is [] and leader id is 1
[info] round 198 started!
[info] -- new id 4 selected!
[info] send message to 1: wave#198#4#0
[info] send message to 4: wave#198#4#0
[info] message from 4: wave#198#4#0
[info] after round 198 : parent is [] and leader id is 4
[info] round 199 started!
[info] -- new id 8 selected!
[info] send message to 1: wave#199#8#0
[info] send message to 4: wave#199#8#0
[info] message from 4: wave#199#8#0
[info] after round 199 : parent is [] and leader id is 8
[info] round 200 started!
[info] -- new id 7 selected!
[info] send message to 1: wave#200#7#0
[info] send message to 4: wave#200#7#0
[info] message from 4: wave#200#7#0
[info] after round 200 : parent is [] and leader id is 7
[info] round 201 started!
[info] -- new id 3 selected!
[info] send message to 1: wave#201#3#0
[info] send message to 4: wave#201#3#0
[info] message from 4: wave#201#3#0
[info] after round 201 : parent is [] and leader id is 3
[info] round 202 started!
[info] -- new id 6 selected!
[info] send message to 1: wave#202#6#0
[info] send message to 4: wave#202#6#0
[info] message from 4: wave#202#6#0
[info] after round 202 : parent is [] and leader id is 6
[info] round 203 started!
[info] -- new id 7 selected!
[info] send message to 1: wave#203#7#0
[info] send message to 4: wave#203#7#0
[info] message from 4: wave#203#7#0
[info] after round 203 : parent is [] and leader id is 7
[info] round 204 started!
[info] -- new id 8 selected!
[info] send message to 1: wave#204#8#0
[info] send message to 4: wave#204#8#0
[info] message from 4: wave#204#8#0
[info] after round 204 : parent is [] and leader id is 8
[info] round 205 started!
[info] -- new id 4 selected!
[info] send message to 1: wave#205#4#0
[info] send message to 4: wave#205#4#0
[info] message from 4: wave#205#4#0
[info] after round 205 : parent is [] and leader id is 4
[info] round 206 started!
[info] -- new id 7 selected!
[info] send message to 1: wave#206#7#0
[info] send message to 4: wave#206#7#0
[info] message from 4: wave#206#7#0
[info] after round 206 : parent is [] and leader id is 7
[info] round 207 started!
[info] -- new id 2 selected!
[info] send message to 1: wave#207#2#0
[info] send message to 4: wave#207#2#0
[info] message from 4: wave#207#2#0
[info] after round 207 : parent is [] and leader id is 2
[info] round 208 started!
[info] -- new id 7 selected!
[info] send message to 1: wave#208#7#0
[info] send message to 4: wave#208#7#0
[info] message from 4: wave#208#7#0
[info] after round 208 : parent is [] and leader id is 7
[info] round 209 started!
[info] -- new id 1 selected!
[info] send message to 1: wave#209#1#0
[info] send message to 4: wave#209#1#0
[info] message from 4: wave#209#1#0
[info] after round 209 : parent is [] and leader id is 1
[info] round 210 started!
[info] -- new id 8 selected!
[info] send message to 1: wave#210#8#0
[info] send message to 4: wave#210#8#0
[info] message from 4: wave#210#8#0
[info] after round 210 : parent is [] and leader id is 8
[info] round 211 started!
[info] -- new id 6 selected!
[info] send message to 1: wave#211#6#0
[info] send message to 4: wave#211#6#0
[info] message from 4: wave#211#6#0
[info] after round 211 : parent is [] and leader id is 6
[info] round 212 started!
[info] -- new id 5 selected!
[info] send message to 1: wave#212#5#0
[info] send message to 4: wave#212#5#0
[info] message from 4: wave#212#5#0
[info] after round 212 : parent is [] and leader id is 5
[info] round 213 started!
[info] -- new id 7 selected!
[info] send message to 1: wave#213#7#0
[info] send message to 4: wave#213#7#0
[info] message from 4: wave#213#7#0
[info] after round 213 : parent is [] and leader id is 7
[info] round 214 started!
[info] -- new id 1 selected!
[info] send message to 1: wave#214#1#0
[info] send message to 4: wave#214#1#0
[info] message from 4: wave#214#1#0
[info] after round 214 : parent is [] and leader id is 1
[info] round 215 started!
[info] -- new id 8 selected!
[info] send message to 1: wave#215#8#0
[info] send message to 4: wave#215#8#0
[info] message from 4: wave#215#8#0
[info] after round 215 : parent is [] and leader id is 8
[info] round 216 started!
[info] -- new id 5 selected!
[info] send message to 1: wave#216#5#0
[info] send message to 4: wave#216#5#0
[info] message from 4: wave#216#5#0
[info] after round 216 : parent is [] and leader id is 5
[info] round 217 started!
[info] -- new id 8 selected!
[info] send message to 1: wave#217#8#0
[info] send message to 4: wave#217#8#0
[info] message from 4: wave#217#8#0
[info] after round 217 : parent is [] and leader id is 8
[info] round 218 started!
[info] -- new id 4 selected!
[info] send message to 1: wave#218#4#0
[info] send message to 4: wave#218#4#0
[info] message from 4: wave#218#4#0
[info] after round 218 : parent is [] and leader id is 4
[info] round 219 started!
[info] -- new id 2 selected!
[info] send message to 1: wave#219#2#0
[info] send message to 4: wave#219#2#0
[info] message from 4: wave#219#2#0
[info] after round 219 : parent is [] and leader id is 2
[info] round 220 started!
[info] -- new id 5 selected!
[info] send message to 1: wave#220#5#0
[info] send message to 4: wave#220#5#0
[info] message from 4: wave#220#5#0
[info] after round 220 : parent is [] and leader id is 5
[info] round 221 started!
[info] -- new id 6 selected!
[info] send message to 1: wave#221#6#0
[info] send message to 4: wave#221#6#0
[info] message from 4: wave#221#6#0
[info] after round 221 : parent is [] and leader id is 6
[info] round 222 started!
[info] -- new id 5 selected!
[info] send message to 1: wave#222#5#0
[info] send message to 4: wave#222#5#0
[info] message from 4: wave#222#5#0
[info] after round 222 : parent is [] and leader id is 5
[info] round 223 started!
[info] -- new id 3 selected!
[info] send message to 1: wave#223#3#0
[info] send message to 4: wave#223#3#0
[info] message from 4: wave#223#3#0
[info] after round 223 : parent is [] and leader id is 3
[info] round 224 started!
[info] -- new id 1 selected!
[info] send message to 1: wave#224#1#0
[info] send message to 4: wave#224#1#0
[info] message from 4: wave#224#1#0
[info] after round 224 : parent is [] and leader id is 1
[info] round 225 started!
[info] -- new id 6 selected!
[info] send message to 1: wave#225#6#0
[info] send message to 4: wave#225#6#0
[info] message from 4: wave#225#6#0
[info] after round 225 : parent is [] and leader id is 6
[info] round 226 started!
[info] -- new id 1 selected!
[info] send message to 1: wave#226#1#0
[info] send message to 4: wave#226#1#0
[info] message from 4: wave#226#1#0
[info] after round 226 : parent is [] and leader id is 1
[info] round 227 started!
[info] -- new id 3 selected!
[info] send message to 1: wave#227#3#0
[info] send message to 4: wave#227#3#0
[info] message from 4: wave#227#3#0
[info] after round 227 : parent is [] and leader id is 3
[info] round 228 started!
[info] -- new id 2 selected!
[info] send message to 1: wave#228#2#0
[info] send message to 4: wave#228#2#0
[info] message from 4: wave#228#2#0
[info] after round 228 : parent is [] and leader id is 2
[info] round 229 started!
[info] -- new id 3 selected!
[info] send message to 1: wave#229#3#0
[info] send message to 4: wave#229#3#0
[info] message from 4: wave#229#3#0
[info] after round 229 : parent is [] and leader id is 3
[info] round 230 started!
[info] -- new id 9 selected!
[info] send message to 1: wave#230#9#0
[info] send message to 4: wave#230#9#0
[info] message from 4: wave#230#9#0
[info] after round 230 : parent is [] and leader id is 9
[info] round 231 started!
[info] -- new id 6 selected!
[info] send message to 1: wave#231#6#0
[info] send message to 4: wave#231#6#0
[info] message from 4: wave#231#6#0
[info] after round 231 : parent is [] and leader id is 6
[info] round 232 started!
[info] -- new id 6 selected!
[info] send message to 1: wave#232#6#0
[info] send message to 4: wave#232#6#0
[info] message from 4: wave#232#6#0
[info] after round 232 : parent is [] and leader id is 6
[info] round 233 started!
[info] -- new id 9 selected!
[info] send message to 1: wave#233#9#0
[info] send message to 4: wave#233#9#0
[info] message from 4: wave#233#9#0
[info] after round 233 : parent is [] and leader id is 9
[info] round 234 started!
[info] -- new id 7 selected!
[info] send message to 1: wave#234#7#0
[info] send message to 4: wave#234#7#0
[info] message from 4: wave#234#7#0
[info] after round 234 : parent is [] and leader id is 7
[info] round 235 started!
[info] -- new id 4 selected!
[info] send message to 1: wave#235#4#0
[info] send message to 4: wave#235#4#0
[info] message from 4: wave#235#4#0
[info] after round 235 : parent is [] and leader id is 4
[info] round 236 started!
[info] -- new id 9 selected!
[info] send message to 1: wave#236#9#0
[info] send message to 4: wave#236#9#0
[info] message from 4: wave#236#9#0
[info] after round 236 : parent is [] and leader id is 9
[info] round 237 started!
[info] -- new id 9 selected!
[info] send message to 1: wave#237#9#0
[info] send message to 4: wave#237#9#0
[info] message from 4: wave#237#9#0
[info] after round 237 : parent is [] and leader id is 9
[info] round 238 started!
[info] -- new id 3 selected!
[info] send message to 1: wave#238#3#0
[info] send message to 4: wave#238#3#0
[info] message from 4: wave#238#3#0
[info] after round 238 : parent is [] and leader id is 3
[info] round 239 started!
[info] -- new id 4 selected!
[info] send message to 1: wave#239#4#0
[info] send message to 4: wave#239#4#0
[info] message from 4: wave#239#4#0
[info] after round 239 : parent is [] and leader id is 4
[info] round 240 started!
[info] -- new id 5 selected!
[info] send message to 1: wave#240#5#0
[info] send message to 4: wave#240#5#0
[info] message from 4: wave#240#5#0
[info] after round 240 : parent is [] and leader id is 5
[info] round 241 started!
[info] -- new id 2 selected!
[info] send message to 1: wave#241#2#0
[info] send message to 4: wave#241#2#0
[info] message from 4: wave#241#2#0
[info] after round 241 : parent is [] and leader id is 2
[info] round 242 started!
[info] -- new id 4 selected!
[info] send message to 1: wave#242#4#0
[info] send message to 4: wave#242#4#0
[info] message from 4: wave#242#4#0
[info] after round 242 : parent is [] and leader id is 4
[info] round 243 started!
[info] -- new id 3 selected!
[info] send message to 1: wave#243#3#0
[info] send message to 4: wave#243#3#0
[info] message from 4: wave#243#3#0
[info] after round 243 : parent is [] and leader id is 3
[info] round 244 started!
[info] -- new id 2 selected!
[info] send message to 1: wave#244#2#0
[info] send message to 4: wave#244#2#0
[info] message from 4: wave#244#2#0
[info] after round 244 : parent is [] and leader id is 2
[info] round 245 started!
[info] -- new id 8 selected!
[info] send message to 1: wave#245#8#0
[info] send message to 4: wave#245#8#0
[info] message from 4: wave#245#8#0
[info] after round 245 : parent is [] and leader id is 8
[info] round 246 started!
[info] -- new id 4 selected!
[info] send message to 1: wave#246#4#0
[info] send message to 4: wave#246#4#0
[info] message from 4: wave#246#4#0
[info] after round 246 : parent is [] and leader id is 4
[info] round 247 started!
[info] -- new id 6 selected!
[info] send message to 1: wave#247#6#0
[info] send message to 4: wave#247#6#0
[info] message from 4: wave#247#6#0
[info] after round 247 : parent is [] and leader id is 6
[info] round 248 started!
[info] -- new id 8 selected!
[info] send message to 1: wave#248#8#0
[info] send message to 4: wave#248#8#0
[info] message from 4: wave#248#8#0
[info] after round 248 : parent is [] and leader id is 8
[info] round 249 started!
[info] -- new id 4 selected!
[info] send message to 1: wave#249#4#0
[info] send message to 4: wave#249#4#0
[info] message from 4: wave#249#4#0
[info] after round 249 : parent is [] and leader id is 4
[info] round 250 started!
[info] -- new id 8 selected!
[info] send message to 1: wave#250#8#0
[info] send message to 4: wave#250#8#0
[info] message from 4: wave#250#8#0
[info] after round 250 : parent is [] and leader id is 8
[info] round 251 started!
[info] -- new id 2 selected!
[info] send message to 1: wave#251#2#0
[info] send message to 4: wave#251#2#0
[info] message from 4: wave#251#2#0
[info] after round 251 : parent is [] and leader id is 2
[info] round 252 started!
[info] -- new id 1 selected!
[info] send message to 1: wave#252#1#0
[info] send message to 4: wave#252#1#0
[info] message from 4: wave#252#1#0
[info] after round 252 : parent is [] and leader id is 1
[info] round 253 started!
[info] -- new id 7 selected!
[info] send message to 1: wave#253#7#0
[info] send message to 4: wave#253#7#0
[info] message from 4: wave#253#7#0
[info] after round 253 : parent is [] and leader id is 7
[info] round 254 started!
[info] -- new id 3 selected!
[info] send message to 1: wave#254#3#0
[info] send message to 4: wave#254#3#0
[info] message from 4: wave#254#3#0
[info] after round 254 : parent is [] and leader id is 3
[info] round 255 started!
[info] -- new id 8 selected!
[info] send message to 1: wave#255#8#0
[info] send message to 4: wave#255#8#0
[info] message from 4: wave#255#8#0
[info] after round 255 : parent is [] and leader id is 8
[info] round 256 started!
[info] -- new id 3 selected!
[info] send message to 1: wave#256#3#0
[info] send message to 4: wave#256#3#0
[info] message from 4: wave#256#3#0
[info] after round 256 : parent is [] and leader id is 3
[info] round 257 started!
[info] -- new id 7 selected!
[info] send message to 1: wave#257#7#0
[info] send message to 4: wave#257#7#0
[info] message from 4: wave#257#7#0
[info] after round 257 : parent is [] and leader id is 7
[info] round 258 started!
[info] -- new id 9 selected!
[info] send message to 1: wave#258#9#0
[info] send message to 4: wave#258#9#0
[info] message from 4: wave#258#9#0
[info] after round 258 : parent is [] and leader id is 9
[info] round 259 started!
[info] -- new id 3 selected!
[info] send message to 1: wave#259#3#0
[info] send message to 4: wave#259#3#0
[info] message from 4: wave#259#3#0
[info] after round 259 : parent is [] and leader id is 3
[info] round 260 started!
[info] -- new id 7 selected!
[info] send message to 1: wave#260#7#0
[info] send message to 4: wave#260#7#0
[info] message from 4: wave#260#7#0
[info] after round 260 : parent is [] and leader id is 7
[info] round 261 started!
[info] -- new id 2 selected!
[info] send message to 1: wave#261#2#0
[info] send message to 4: wave#261#2#0
[info] message from 4: wave#261#2#0
[info] after round 261 : parent is [] and leader id is 2
[info] round 262 started!
[info] -- new id 5 selected!
[info] send message to 1: wave#262#5#0
[info] send message to 4: wave#262#5#0
[info] message from 4: wave#262#5#0
[info] after round 262 : parent is [] and leader id is 5
[info] round 263 started!
[info] -- new id 7 selected!
[info] send message to 1: wave#263#7#0
[info] send message to 4: wave#263#7#0
[info] message from 4: wave#263#7#0
[info] after round 263 : parent is [] and leader id is 7
[info] round 264 started!
[info] -- new id 3 selected!
[info] send message to 1: wave#264#3#0
[info] send message to 4: wave#264#3#0
[info] message from 4: wave#264#3#0
[info] after round 264 : parent is [] and leader id is 3
[info] round 265 started!
[info] -- new id 3 selected!
[info] send message to 1: wave#265#3#0
[info] send message to 4: wave#265#3#0
[info] message from 4: wave#265#3#0
[info] after round 265 : parent is [] and leader id is 3
[info] round 266 started!
[info] -- new id 3 selected!
[info] send message to 1: wave#266#3#0
[info] send message to 4: wave#266#3#0
[info] message from 4: wave#266#3#0
[info] after round 266 : parent is [] and leader id is 3
[info] round 267 started!
[info] -- new id 4 selected!
[info] send message to 1: wave#267#4#0
[info] send message to 4: wave#267#4#0
[info] message from 4: wave#267#4#0
[info] after round 267 : parent is [] and leader id is 4
[info] round 268 started!
[info] -- new id 6 selected!
[info] send message to 1: wave#268#6#0
[info] send message to 4: wave#268#6#0
[info] message from 4: wave#268#6#0
[info] after round 268 : parent is [] and leader id is 6
[info] round 269 started!
[info] -- new id 3 selected!
[info] send message to 1: wave#269#3#0
[info] send message to 4: wave#269#3#0
[info] message from 4: wave#269#3#0
[info] after round 269 : parent is [] and leader id is 3
[info] round 270 started!
[info] -- new id 8 selected!
[info] send message to 1: wave#270#8#0
[info] send message to 4: wave#270#8#0
[info] message from 4: wave#270#8#0
[info] after round 270 : parent is [] and leader id is 8
[info] round 271 started!
[info] -- new id 5 selected!
[info] send message to 1: wave#271#5#0
[info] send message to 4: wave#271#5#0
[info] message from 4: wave#271#5#0
[info] after round 271 : parent is [] and leader id is 5
[info] round 272 started!
[info] -- new id 8 selected!
[info] send message to 1: wave#272#8#0
[info] send message to 4: wave#272#8#0
[info] message from 4: wave#272#8#0
[info] after round 272 : parent is [] and leader id is 8
[info] round 273 started!
[info] -- new id 4 selected!
[info] send message to 1: wave#273#4#0
[info] send message to 4: wave#273#4#0
[info] message from 4: wave#273#4#0
[info] after round 273 : parent is [] and leader id is 4
[info] round 274 started!
[info] -- new id 4 selected!
[info] send message to 1: wave#274#4#0
[info] send message to 4: wave#274#4#0
[info] message from 4: wave#274#4#0
[info] after round 274 : parent is [] and leader id is 4
[info] round 275 started!
[info] -- new id 1 selected!
[info] send message to 1: wave#275#1#0
[info] send message to 4: wave#275#1#0
[info] message from 4: wave#275#1#0
[info] after round 275 : parent is [] and leader id is 1
[info] round 276 started!
[info] -- new id 2 selected!
[info] send message to 1: wave#276#2#0
[info] send message to 4: wave#276#2#0
[info] message from 4: wave#276#2#0
[info] after round 276 : parent is [] and leader id is 2
[info] round 277 started!
[info] -- new id 7 selected!
[info] send message to 1: wave#277#7#0
[info] send message to 4: wave#277#7#0
[info] message from 4: wave#277#7#0
[info] after round 277 : parent is [] and leader id is 7
[info] round 278 started!
[info] -- new id 4 selected!
[info] send message to 1: wave#278#4#0
[info] send message to 4: wave#278#4#0
[info] message from 4: wave#278#4#0
[info] after round 278 : parent is [] and leader id is 4
[info] round 279 started!
[info] -- new id 7 selected!
[info] send message to 1: wave#279#7#0
[info] send message to 4: wave#279#7#0
[info] message from 4: wave#279#7#0
[info] after round 279 : parent is [] and leader id is 7
[info] round 280 started!
[info] -- new id 5 selected!
[info] send message to 1: wave#280#5#0
[info] send message to 4: wave#280#5#0
[info] message from 4: wave#280#5#0
[info] after round 280 : parent is [] and leader id is 5
[info] round 281 started!
[info] -- new id 6 selected!
[info] send message to 1: wave#281#6#0
[info] send message to 4: wave#281#6#0
[info] message from 4: wave#281#6#0
[info] after round 281 : parent is [] and leader id is 6
[info] round 282 started!
[info] -- new id 8 selected!
[info] send message to 1: wave#282#8#0
[info] send message to 4: wave#282#8#0
[info] message from 4: wave#282#8#0
[info] after round 282 : parent is [] and leader id is 8
[info] round 283 started!
[info] -- new id 3 selected!
[info] send message to 1: wave#283#3#0
[info] send message to 4: wave#283#3#0
[info] message from 4: wave#283#3#0
[info] after round 283 : parent is [] and leader id is 3
[info] round 284 started!
[info] -- new id 6 selected!
[info] send message to 1: wave#284#6#0
[info] send message to 4: wave#284#6#0
[info] message from 4: wave#284#6#0
[info] after round 284 : parent is [] and leader id is 6
[info] round 285 started!
[info] -- new id 1 selected!
[info] send message to 1: wave#285#1#0
[info] send message to 4: wave#285#1#0
[info] message from 4: wave#285#1#0
[info] after round 285 : parent is [] and leader id is 1
[info] round 286 started!
[info] -- new id 4 selected!
[info] send message to 1: wave#286#4#0
[info] send message to 4: wave#286#4#0
[info] message from 4: wave#286#4#0
[info] after round 286 : parent is [] and leader id is 4
[info] round 287 started!
[info] -- new id 6 selected!
[info] send message to 1: wave#287#6#0
[info] send message to 4: wave#287#6#0
[info] message from 4: wave#287#6#0
[info] after round 287 : parent is [] and leader id is 6
[info] round 288 started!
[info] -- new id 4 selected!
[info] send message to 1: wave#288#4#0
[info] send message to 4: wave#288#4#0
[info] message from 4: wave#288#4#0
[info] after round 288 : parent is [] and leader id is 4
[info] round 289 started!
[info] -- new id 7 selected!
[info] send message to 1: wave#289#7#0
[info] send message to 4: wave#289#7#0
[info] message from 4: wave#289#7#0
[info] after round 289 : parent is [] and leader id is 7
[info] round 290 started!
[info] -- new id 9 selected!
[info] send message to 1: wave#290#9#0
[info] send message to 4: wave#290#9#0
[info] message from 4: wave#290#9#0
[info] after round 290 : parent is [] and leader id is 9
[info] round 291 started!
[info] -- new id 9 selected!
[info] send message to 1: wave#291#9#0
[info] send message to 4: wave#291#9#0
[info] message from 4: wave#291#9#0
[info] after round 291 : parent is [] and leader id is 9
[info] round 292 started!
[info] -- new id 7 selected!
[info] send message to 1: wave#292#7#0
[info] send message to 4: wave#292#7#0
[info] message from 4: wave#292#7#0
[info] after round 292 : parent is [] and leader id is 7
[info] round 293 started!
[info] -- new id 7 selected!
[info] send message to 1: wave#293#7#0
[info] send message to 4: wave#293#7#0
[info] message from 4: wave#293#7#0
[info] after round 293 : parent is [] and leader id is 7
[info] round 294 started!
[info] -- new id 9 selected!
[info] send message to 1: wave#294#9#0
[info] send message to 4: wave#294#9#0
[info] message from 4: wave#294#9#0
[info] after round 294 : parent is [] and leader id is 9
[info] round 295 started!
[info] -- new id 7 selected!
[info] send message to 1: wave#295#7#0
[info] send message to 4: wave#295#7#0
[info] message from 4: wave#295#7#0
[info] after round 295 : parent is [] and leader id is 7
[info] round 296 started!
[info] -- new id 7 selected!
[info] send message to 1: wave#296#7#0
[info] send message to 4: wave#296#7#0
[info] message from 4: wave#296#7#0
[info] after round 296 : parent is [] and leader id is 7
[info] round 297 started!
[info] -- new id 1 selected!
[info] send message to 1: wave#297#1#0
[info] send message to 4: wave#297#1#0
[info] message from 4: wave#297#1#0
[info] after round 297 : parent is [] and leader id is 1
[info] round 298 started!
[info] -- new id 9 selected!
[info] send message to 1: wave#298#9#0
[info] send message to 4: wave#298#9#0
[info] message from 4: wave#298#9#0
[info] after round 298 : parent is [] and leader id is 9
[info] round 299 started!
[info] -- new id 3 selected!
[info] send message to 1: wave#299#3#0
[info] send message to 4: wave#299#3#0
[info] message from 4: wave#299#3#0
[info] after round 299 : parent is [] and leader id is 3
[info] round 300 started!
[info] -- new id 6 selected!
[info] send message to 1: wave#300#6#0
[info] send message to 4: wave#300#6#0
[info] message from 4: wave#300#6#0
[info] after round 300 : parent is [] and leader id is 6
[info] round 301 started!
[info] -- new id 9 selected!
[info] send message to 1: wave#301#9#0
[info] send message to 4: wave#301#9#0
[info] message from 4: wave#301#9#0
[info] after round 301 : parent is [] and leader id is 9
[info] round 302 started!
[info] -- new id 6 selected!
[info] send message to 1: wave#302#6#0
[info] send message to 4: wave#302#6#0
[info] message from 4: wave#302#6#0
[info] after round 302 : parent is [] and leader id is 6
[info] round 303 started!
[info] -- new id 5 selected!
[info] send message to 1: wave#303#5#0
[info] send message to 4: wave#303#5#0
[info] message from 4: wave#303#5#0
[info] after round 303 : parent is [] and leader id is 5
[info] round 304 started!
[info] -- new id 4 selected!
[info] send message to 1: wave#304#4#0
[info] send message to 4: wave#304#4#0
[info] message from 4: wave#304#4#0
[info] after round 304 : parent is [] and leader id is 4
[info] round 305 started!
[info] -- new id 3 selected!
[info] send message to 1: wave#305#3#0
[info] send message to 4: wave#305#3#0
[info] message from 4: wave#305#3#0
[info] after round 305 : parent is [] and leader id is 3
[info] round 306 started!
[info] -- new id 9 selected!
[info] send message to 1: wave#306#9#0
[info] send message to 4: wave#306#9#0
[info] message from 4: wave#306#9#0
[info] after round 306 : parent is [] and leader id is 9
[info] round 307 started!
[info] -- new id 4 selected!
[info] send message to 1: wave#307#4#0
[info] send message to 4: wave#307#4#0
[info] message from 4: wave#307#4#0
[info] after round 307 : parent is [] and leader id is 4
[info] round 308 started!
[info] -- new id 6 selected!
[info] send message to 1: wave#308#6#0
[info] send message to 4: wave#308#6#0
[info] message from 4: wave#308#6#0
[info] after round 308 : parent is [] and leader id is 6
[info] round 309 started!
[info] -- new id 9 selected!
[info] send message to 1: wave#309#9#0
[info] send message to 4: wave#309#9#0
[info] message from 4: wave#309#9#0
[info] after round 309 : parent is [] and leader id is 9
[info] round 310 started!
[info] -- new id 4 selected!
[info] send message to 1: wave#310#4#0
[info] send message to 4: wave#310#4#0
[info] message from 4: wave#310#4#0
[info] after round 310 : parent is [] and leader id is 4
[info] round 311 started!
[info] -- new id 4 selected!
[info] send message to 1: wave#311#4#0
[info] send message to 4: wave#311#4#0
[info] message from 4: wave#311#4#0
[info] after round 311 : parent is [] and leader id is 4
[info] round 312 started!
[info] -- new id 2 selected!
[info] send message to 1: wave#312#2#0
[info] send message to 4: wave#312#2#0
[info] message from 4: wave#312#2#0
[info] after round 312 : parent is [] and leader id is 2
[info] round 313 started!
[info] -- new id 1 selected!
[info] send message to 1: wave#313#1#0
[info] send message to 4: wave#313#1#0
[info] message from 4: wave#313#1#0
[info] after round 313 : parent is [] and leader id is 1
[info] round 314 started!
[info] -- new id 8 selected!
[info] send message to 1: wave#314#8#0
[info] send message to 4: wave#314#8#0
[info] message from 4: wave#314#8#0
[info] after round 314 : parent is [] and leader id is 8
[info] round 315 started!
[info] -- new id 2 selected!
[info] send message to 1: wave#315#2#0
[info] send message to 4: wave#315#2#0
[info] message from 4: wave#315#2#0
[info] after round 315 : parent is [] and leader id is 2
[info] round 316 started!
[info] -- new id 3 selected!
[info] send message to 1: wave#316#3#0
[info] send message to 4: wave#316#3#0
[info] message from 4: wave#316#3#0
[info] after round 316 : parent is [] and leader id is 3
[info] round 317 started!
[info] -- new id 8 selected!
[info] send message to 1: wave#317#8#0
[info] send message to 4: wave#317#8#0
[info] message from 4: wave#317#8#0
[info] after round 317 : parent is [] and leader id is 8
[info] round 318 started!
[info] -- new id 3 selected!
[info] send message to 1: wave#318#3#0
[info] received keyboard interrupt
