[info] Hello from node9
[info] I'm connected to nodes ['3', '8', '9']
[info] I have edges [('9', '3'), ('9', '8'), ('9', '9')]
[info] round 0 started!
[info] -- new id 3 selected!
[info] send message to 3: wave#0#3#0
[info] send message to 8: wave#0#3#0
[info] send message to 9: wave#0#3#0
[info] message from 3: wave#0#4#0
[info] send message to 8: wave#0#4#0
[info] send message to 9: wave#0#4#0
[info] message from 3: wave#0#5#0
[info] send message to 8: wave#0#5#0
[info] send message to 9: wave#0#5#0
[info] message from 9: wave#0#3#0
[info] message from 9: wave#0#4#0
[info] message from 9: wave#0#5#0
[info] message from 8: wave#0#9#0
[info] send message to 3: wave#0#9#0
[info] send message to 9: wave#0#9#0
[info] message from 9: wave#0#9#0
[info] message from 3: wave#0#9#0
[info] after round 0 : parent is ['8'] and leader id is 9
[info] send message to 8: wave#0#9#1
[info] message from 8: wave#1#8#0
[info] send message to 3: wave#1#8#0
[info] send message to 9: wave#1#8#0
[info] message from 3: wave#1#7#0
[info] message from 9: wave#1#8#0
[info] message from 8: wave#2#2#0
[info] send message to 3: wave#2#2#0
[info] send message to 9: wave#2#2#0
[info] message from 9: wave#2#2#0
[info] message from 8: wave#3#7#0
[info] send message to 3: wave#3#7#0
[info] send message to 9: wave#3#7#0
[info] message from 3: wave#2#1#0
[info] message from 9: wave#3#7#0
[info] message from 8: wave#4#9#0
[info] send message to 3: wave#4#9#0
[info] send message to 9: wave#4#9#0
[info] message from 8: wave#5#7#0
[info] send message to 3: wave#5#7#0
[info] send message to 9: wave#5#7#0
[info] message from 9: wave#4#9#0
[info] message from 9: wave#5#7#0
[info] message from 8: wave#6#2#0
[info] send message to 3: wave#6#2#0
[info] send message to 9: wave#6#2#0
[info] message from 8: wave#7#7#0
[info] send message to 3: wave#7#7#0
[info] send message to 9: wave#7#7#0
[info] message from 9: wave#6#2#0
[info] message from 8: wave#8#7#0
[info] send message to 3: wave#8#7#0
[info] send message to 9: wave#8#7#0
[info] message from 9: wave#7#7#0
[info] message from 8: wave#9#4#0
[info] send message to 3: wave#9#4#0
[info] send message to 9: wave#9#4#0
[info] message from 9: wave#8#7#0
[info] message from 8: wave#10#3#0
[info] send message to 3: wave#10#3#0
[info] send message to 9: wave#10#3#0
[info] message from 9: wave#9#4#0
[info] message from 8: wave#11#2#0
[info] send message to 3: wave#11#2#0
[info] send message to 9: wave#11#2#0
[info] message from 9: wave#10#3#0
[info] message from 8: wave#12#1#0
[info] send message to 3: wave#12#1#0
[info] send message to 9: wave#12#1#0
[info] message from 9: wave#11#2#0
[info] message from 8: wave#13#7#0
[info] send message to 3: wave#13#7#0
[info] send message to 9: wave#13#7#0
[info] message from 9: wave#12#1#0
[info] message from 8: wave#14#4#0
[info] send message to 3: wave#14#4#0
[info] send message to 9: wave#14#4#0
[info] message from 8: wave#15#4#0
[info] send message to 3: wave#15#4#0
[info] send message to 9: wave#15#4#0
[info] message from 9: wave#13#7#0
[info] message from 8: wave#16#2#0
[info] send message to 3: wave#16#2#0
[info] send message to 9: wave#16#2#0
[info] message from 9: wave#14#4#0
[info] message from 8: wave#17#1#0
[info] send message to 3: wave#17#1#0
[info] send message to 9: wave#17#1#0
[info] message from 9: wave#15#4#0
[info] message from 8: wave#18#4#0
[info] send message to 3: wave#18#4#0
[info] send message to 9: wave#18#4#0
[info] message from 9: wave#16#2#0
[info] message from 8: wave#19#8#0
[info] send message to 3: wave#19#8#0
[info] send message to 9: wave#19#8#0
[info] message from 9: wave#17#1#0
[info] message from 8: wave#20#1#0
[info] send message to 3: wave#20#1#0
[info] send message to 9: wave#20#1#0
[info] message from 9: wave#18#4#0
[info] message from 8: wave#21#6#0
[info] send message to 3: wave#21#6#0
[info] send message to 9: wave#21#6#0
[info] message from 9: wave#19#8#0
[info] message from 8: wave#22#5#0
[info] send message to 3: wave#22#5#0
[info] send message to 9: wave#22#5#0
[info] message from 8: wave#23#5#0
[info] send message to 3: wave#23#5#0
[info] send message to 9: wave#23#5#0
[info] message from 9: wave#20#1#0
[info] message from 8: wave#24#4#0
[info] send message to 3: wave#24#4#0
[info] send message to 9: wave#24#4#0
[info] message from 9: wave#21#6#0
[info] message from 8: wave#25#9#0
[info] send message to 3: wave#25#9#0
[info] send message to 9: wave#25#9#0
[info] message from 9: wave#22#5#0
[info] message from 8: wave#26#8#0
[info] send message to 3: wave#26#8#0
[info] send message to 9: wave#26#8#0
[info] message from 9: wave#23#5#0
[info] message from 8: wave#27#4#0
[info] send message to 3: wave#27#4#0
[info] send message to 9: wave#27#4#0
[info] message from 9: wave#24#4#0
[info] message from 8: wave#28#2#0
[info] send message to 3: wave#28#2#0
[info] send message to 9: wave#28#2#0
[info] message from 9: wave#25#9#0
[info] message from 8: wave#29#4#0
[info] send message to 3: wave#29#4#0
[info] send message to 9: wave#29#4#0
[info] message from 9: wave#26#8#0
[info] message from 8: wave#30#1#0
[info] send message to 3: wave#30#1#0
[info] send message to 9: wave#30#1#0
[info] message from 9: wave#27#4#0
[info] message from 8: wave#31#8#0
[info] send message to 3: wave#31#8#0
[info] send message to 9: wave#31#8#0
[info] message from 9: wave#28#2#0
[info] message from 8: wave#32#1#0
[info] send message to 3: wave#32#1#0
[info] send message to 9: wave#32#1#0
[info] message from 9: wave#29#4#0
[info] message from 8: wave#33#2#0
[info] send message to 3: wave#33#2#0
[info] send message to 9: wave#33#2#0
[info] message from 9: wave#30#1#0
[info] message from 8: wave#34#4#0
[info] send message to 3: wave#34#4#0
[info] send message to 9: wave#34#4#0
[info] message from 9: wave#31#8#0
[info] message from 8: wave#35#1#0
[info] send message to 3: wave#35#1#0
[info] send message to 9: wave#35#1#0
[info] message from 9: wave#32#1#0
[info] message from 8: wave#36#6#0
[info] send message to 3: wave#36#6#0
[info] send message to 9: wave#36#6#0
[info] message from 9: wave#33#2#0
[info] message from 8: wave#37#5#0
[info] send message to 3: wave#37#5#0
[info] send message to 9: wave#37#5#0
[info] message from 9: wave#34#4#0
[info] message from 8: wave#38#6#0
[info] send message to 3: wave#38#6#0
[info] send message to 9: wave#38#6#0
[info] message from 9: wave#35#1#0
[info] message from 8: wave#39#6#0
[info] send message to 3: wave#39#6#0
[info] send message to 9: wave#39#6#0
[info] message from 9: wave#36#6#0
[info] message from 8: wave#40#7#0
[info] send message to 3: wave#40#7#0
[info] send message to 9: wave#40#7#0
[info] message from 9: wave#37#5#0
[info] message from 8: wave#41#7#0
[info] send message to 3: wave#41#7#0
[info] send message to 9: wave#41#7#0
[info] message from 9: wave#38#6#0
[info] message from 8: wave#42#6#0
[info] send message to 3: wave#42#6#0
[info] send message to 9: wave#42#6#0
[info] message from 9: wave#39#6#0
[info] message from 8: wave#43#6#0
[info] send message to 3: wave#43#6#0
[info] send message to 9: wave#43#6#0
[info] message from 9: wave#40#7#0
[info] message from 9: wave#41#7#0
[info] message from 8: wave#44#4#0
[info] send message to 3: wave#44#4#0
[info] send message to 9: wave#44#4#0
[info] message from 9: wave#42#6#0
[info] message from 8: wave#45#8#0
[info] send message to 3: wave#45#8#0
[info] send message to 9: wave#45#8#0
[info] message from 9: wave#43#6#0
[info] message from 8: wave#46#9#0
[info] send message to 3: wave#46#9#0
[info] send message to 9: wave#46#9#0
[info] message from 9: wave#44#4#0
[info] message from 9: wave#45#8#0
[info] message from 8: wave#47#7#0
[info] send message to 3: wave#47#7#0
[info] send message to 9: wave#47#7#0
[info] message from 9: wave#46#9#0
[info] message from 8: wave#48#1#0
[info] send message to 3: wave#48#1#0
[info] send message to 9: wave#48#1#0
[info] message from 9: wave#47#7#0
[info] message from 8: wave#49#4#0
[info] send message to 3: wave#49#4#0
[info] send message to 9: wave#49#4#0
[info] message from 9: wave#48#1#0
[info] message from 8: wave#50#6#0
[info] send message to 3: wave#50#6#0
[info] send message to 9: wave#50#6#0
[info] message from 9: wave#49#4#0
[info] message from 8: wave#51#9#0
[info] send message to 3: wave#51#9#0
[info] send message to 9: wave#51#9#0
[info] message from 9: wave#50#6#0
[info] message from 8: wave#52#2#0
[info] send message to 3: wave#52#2#0
[info] send message to 9: wave#52#2#0
[info] message from 9: wave#51#9#0
[info] message from 8: wave#53#9#0
[info] send message to 3: wave#53#9#0
[info] send message to 9: wave#53#9#0
[info] message from 9: wave#52#2#0
[info] message from 8: wave#54#7#0
[info] send message to 3: wave#54#7#0
[info] send message to 9: wave#54#7#0
[info] message from 9: wave#53#9#0
[info] message from 8: wave#55#6#0
[info] send message to 3: wave#55#6#0
[info] send message to 9: wave#55#6#0
[info] message from 9: wave#54#7#0
[info] message from 8: wave#56#7#0
[info] send message to 3: wave#56#7#0
[info] send message to 9: wave#56#7#0
[info] message from 9: wave#55#6#0
[info] message from 8: wave#57#7#0
[info] send message to 3: wave#57#7#0
[info] send message to 9: wave#57#7#0
[info] message from 9: wave#56#7#0
[info] message from 8: wave#58#1#0
[info] send message to 3: wave#58#1#0
[info] send message to 9: wave#58#1#0
[info] message from 9: wave#57#7#0
[info] message from 8: wave#59#5#0
[info] send message to 3: wave#59#5#0
[info] send message to 9: wave#59#5#0
[info] message from 9: wave#58#1#0
[info] message from 8: wave#60#6#0
[info] send message to 3: wave#60#6#0
[info] send message to 9: wave#60#6#0
[info] message from 9: wave#59#5#0
[info] message from 8: wave#61#3#0
[info] send message to 3: wave#61#3#0
[info] send message to 9: wave#61#3#0
[info] message from 9: wave#60#6#0
[info] message from 8: wave#62#9#0
[info] send message to 3: wave#62#9#0
[info] send message to 9: wave#62#9#0
[info] message from 9: wave#61#3#0
[info] message from 8: wave#63#7#0
[info] send message to 3: wave#63#7#0
[info] send message to 9: wave#63#7#0
[info] message from 9: wave#62#9#0
[info] message from 8: wave#64#1#0
[info] send message to 3: wave#64#1#0
[info] send message to 9: wave#64#1#0
[info] message from 9: wave#63#7#0
[info] message from 8: wave#65#4#0
[info] send message to 3: wave#65#4#0
[info] send message to 9: wave#65#4#0
[info] message from 9: wave#64#1#0
[info] message from 8: wave#66#9#0
[info] send message to 3: wave#66#9#0
[info] send message to 9: wave#66#9#0
[info] message from 9: wave#65#4#0
[info] message from 8: wave#67#8#0
[info] send message to 3: wave#67#8#0
[info] send message to 9: wave#67#8#0
[info] message from 9: wave#66#9#0
[info] message from 8: wave#68#4#0
[info] send message to 3: wave#68#4#0
[info] send message to 9: wave#68#4#0
[info] message from 9: wave#67#8#0
[info] message from 8: wave#69#2#0
[info] send message to 3: wave#69#2#0
[info] send message to 9: wave#69#2#0
[info] message from 9: wave#68#4#0
[info] message from 9: wave#69#2#0
[info] message from 8: wave#70#5#0
[info] send message to 3: wave#70#5#0
[info] send message to 9: wave#70#5#0
[info] message from 9: wave#70#5#0
[info] message from 8: wave#71#7#0
[info] send message to 3: wave#71#7#0
[info] send message to 9: wave#71#7#0
[info] message from 9: wave#71#7#0
[info] message from 8: wave#72#5#0
[info] send message to 3: wave#72#5#0
[info] send message to 9: wave#72#5#0
[info] message from 9: wave#72#5#0
[info] message from 8: wave#73#3#0
[info] send message to 3: wave#73#3#0
[info] send message to 9: wave#73#3#0
[info] message from 9: wave#73#3#0
[info] message from 8: wave#74#1#0
[info] send message to 3: wave#74#1#0
[info] send message to 9: wave#74#1#0
[info] message from 8: wave#75#5#0
[info] send message to 3: wave#75#5#0
[info] send message to 9: wave#75#5#0
[info] message from 9: wave#74#1#0
[info] message from 8: wave#76#4#0
[info] send message to 3: wave#76#4#0
[info] send message to 9: wave#76#4#0
[info] message from 8: wave#77#7#0
[info] send message to 3: wave#77#7#0
[info] send message to 9: wave#77#7#0
[info] message from 9: wave#75#5#0
[info] message from 9: wave#76#4#0
[info] message from 8: wave#78#3#0
[info] send message to 3: wave#78#3#0
[info] send message to 9: wave#78#3#0
[info] message from 9: wave#77#7#0
[info] message from 8: wave#79#6#0
[info] send message to 3: wave#79#6#0
[info] send message to 9: wave#79#6#0
[info] message from 9: wave#78#3#0
[info] message from 8: wave#80#9#0
[info] send message to 3: wave#80#9#0
[info] send message to 9: wave#80#9#0
[info] message from 9: wave#79#6#0
[info] message from 8: wave#81#5#0
[info] send message to 3: wave#81#5#0
[info] send message to 9: wave#81#5#0
[info] message from 9: wave#80#9#0
[info] message from 8: wave#82#2#0
[info] send message to 3: wave#82#2#0
[info] send message to 9: wave#82#2#0
[info] message from 9: wave#81#5#0
[info] message from 9: wave#82#2#0
[info] message from 8: wave#83#8#0
[info] send message to 3: wave#83#8#0
[info] send message to 9: wave#83#8#0
[info] message from 9: wave#83#8#0
[info] message from 8: wave#84#4#0
[info] send message to 3: wave#84#4#0
[info] send message to 9: wave#84#4#0
[info] message from 9: wave#84#4#0
[info] message from 8: wave#85#2#0
[info] send message to 3: wave#85#2#0
[info] send message to 9: wave#85#2#0
[info] message from 8: wave#86#4#0
[info] send message to 3: wave#86#4#0
[info] send message to 9: wave#86#4#0
[info] message from 9: wave#85#2#0
[info] message from 8: wave#87#6#0
[info] send message to 3: wave#87#6#0
[info] send message to 9: wave#87#6#0
[info] message from 9: wave#86#4#0
[info] message from 8: wave#88#4#0
[info] send message to 3: wave#88#4#0
[info] send message to 9: wave#88#4#0
[info] message from 9: wave#87#6#0
[info] message from 9: wave#88#4#0
[info] message from 8: wave#89#3#0
[info] send message to 3: wave#89#3#0
[info] send message to 9: wave#89#3#0
[info] message from 8: wave#90#6#0
[info] send message to 3: wave#90#6#0
[info] send message to 9: wave#90#6#0
[info] message from 9: wave#89#3#0
[info] message from 9: wave#90#6#0
[info] message from 8: wave#91#2#0
[info] send message to 3: wave#91#2#0
[info] send message to 9: wave#91#2#0
[info] message from 9: wave#91#2#0
[info] message from 8: wave#92#2#0
[info] send message to 3: wave#92#2#0
[info] send message to 9: wave#92#2#0
[info] message from 8: wave#93#6#0
[info] send message to 3: wave#93#6#0
[info] send message to 9: wave#93#6#0
[info] message from 9: wave#92#2#0
[info] message from 8: wave#94#2#0
[info] send message to 3: wave#94#2#0
[info] send message to 9: wave#94#2#0
[info] message from 9: wave#93#6#0
[info] message from 8: wave#95#8#0
[info] send message to 3: wave#95#8#0
[info] send message to 9: wave#95#8#0
[info] message from 9: wave#94#2#0
[info] message from 8: wave#96#5#0
[info] send message to 3: wave#96#5#0
[info] send message to 9: wave#96#5#0
[info] message from 9: wave#95#8#0
[info] message from 8: wave#97#6#0
[info] send message to 3: wave#97#6#0
[info] send message to 9: wave#97#6#0
[info] message from 9: wave#96#5#0
[info] message from 8: wave#98#5#0
[info] send message to 3: wave#98#5#0
[info] send message to 9: wave#98#5#0
[info] message from 9: wave#97#6#0
[info] message from 8: wave#99#4#0
[info] send message to 3: wave#99#4#0
[info] send message to 9: wave#99#4#0
[info] message from 9: wave#98#5#0
[info] message from 8: wave#100#4#0
[info] send message to 3: wave#100#4#0
[info] send message to 9: wave#100#4#0
[info] message from 8: wave#101#5#0
[info] send message to 3: wave#101#5#0
[info] send message to 9: wave#101#5#0
[info] message from 9: wave#99#4#0
[info] message from 9: wave#100#4#0
[info] message from 8: wave#102#3#0
[info] send message to 3: wave#102#3#0
[info] send message to 9: wave#102#3#0
[info] message from 9: wave#101#5#0
[info] message from 8: wave#103#4#0
[info] send message to 3: wave#103#4#0
[info] send message to 9: wave#103#4#0
[info] message from 8: wave#104#5#0
[info] send message to 3: wave#104#5#0
[info] send message to 9: wave#104#5#0
[info] message from 9: wave#102#3#0
[info] message from 8: wave#105#1#0
[info] send message to 3: wave#105#1#0
[info] send message to 9: wave#105#1#0
[info] message from 9: wave#103#4#0
[info] message from 8: wave#106#6#0
[info] send message to 3: wave#106#6#0
[info] send message to 9: wave#106#6#0
[info] message from 9: wave#104#5#0
[info] message from 8: wave#107#4#0
[info] send message to 3: wave#107#4#0
[info] send message to 9: wave#107#4#0
[info] message from 8: wave#108#6#0
[info] send message to 3: wave#108#6#0
[info] send message to 9: wave#108#6#0
[info] message from 9: wave#105#1#0
[info] message from 9: wave#106#6#0
[info] message from 8: wave#109#6#0
[info] send message to 3: wave#109#6#0
[info] send message to 9: wave#109#6#0
[info] message from 8: wave#110#3#0
[info] send message to 3: wave#110#3#0
[info] send message to 9: wave#110#3#0
[info] message from 9: wave#107#4#0
[info] message from 9: wave#108#6#0
[info] message from 8: wave#111#6#0
[info] send message to 3: wave#111#6#0
[info] send message to 9: wave#111#6#0
[info] message from 9: wave#109#6#0
[info] message from 8: wave#112#4#0
[info] send message to 3: wave#112#4#0
[info] send message to 9: wave#112#4#0
[info] message from 9: wave#110#3#0
[info] message from 8: wave#113#7#0
[info] send message to 3: wave#113#7#0
[info] send message to 9: wave#113#7#0
[info] message from 9: wave#111#6#0
[info] message from 8: wave#114#2#0
[info] send message to 3: wave#114#2#0
[info] send message to 9: wave#114#2#0
[info] message from 9: wave#112#4#0
[info] message from 8: wave#115#4#0
[info] send message to 3: wave#115#4#0
[info] send message to 9: wave#115#4#0
[info] message from 8: wave#116#2#0
[info] send message to 3: wave#116#2#0
[info] send message to 9: wave#116#2#0
[info] message from 9: wave#113#7#0
[info] message from 9: wave#114#2#0
[info] message from 8: wave#117#2#0
[info] send message to 3: wave#117#2#0
[info] send message to 9: wave#117#2#0
[info] message from 9: wave#115#4#0
[info] message from 8: wave#118#9#0
[info] send message to 3: wave#118#9#0
[info] send message to 9: wave#118#9#0
[info] message from 9: wave#116#2#0
[info] message from 8: wave#119#5#0
[info] send message to 3: wave#119#5#0
[info] send message to 9: wave#119#5#0
[info] message from 8: wave#120#4#0
[info] send message to 3: wave#120#4#0
[info] send message to 9: wave#120#4#0
[info] message from 9: wave#117#2#0
[info] message from 8: wave#121#9#0
[info] send message to 3: wave#121#9#0
[info] send message to 9: wave#121#9#0
[info] message from 9: wave#118#9#0
[info] message from 8: wave#122#5#0
[info] send message to 3: wave#122#5#0
[info] send message to 9: wave#122#5#0
[info] message from 9: wave#119#5#0
[info] message from 8: wave#123#9#0
[info] send message to 3: wave#123#9#0
[info] send message to 9: wave#123#9#0
[info] message from 9: wave#120#4#0
[info] message from 8: wave#124#7#0
[info] send message to 3: wave#124#7#0
[info] send message to 9: wave#124#7#0
[info] message from 9: wave#121#9#0
[info] message from 8: wave#125#1#0
[info] send message to 3: wave#125#1#0
[info] send message to 9: wave#125#1#0
[info] message from 9: wave#122#5#0
[info] message from 8: wave#126#8#0
[info] send message to 3: wave#126#8#0
[info] send message to 9: wave#126#8#0
[info] message from 9: wave#123#9#0
[info] message from 8: wave#127#3#0
[info] send message to 3: wave#127#3#0
[info] send message to 9: wave#127#3#0
[info] message from 9: wave#124#7#0
[info] message from 8: wave#128#5#0
[info] send message to 3: wave#128#5#0
[info] send message to 9: wave#128#5#0
[info] message from 9: wave#125#1#0
[info] message from 8: wave#129#8#0
[info] send message to 3: wave#129#8#0
[info] send message to 9: wave#129#8#0
[info] message from 9: wave#126#8#0
[info] message from 8: wave#130#9#0
[info] send message to 3: wave#130#9#0
[info] send message to 9: wave#130#9#0
[info] message from 8: wave#131#6#0
[info] send message to 3: wave#131#6#0
[info] send message to 9: wave#131#6#0
[info] message from 9: wave#127#3#0
[info] message from 8: wave#132#5#0
[info] send message to 3: wave#132#5#0
[info] send message to 9: wave#132#5#0
[info] message from 9: wave#128#5#0
[info] message from 8: wave#133#2#0
[info] send message to 3: wave#133#2#0
[info] send message to 9: wave#133#2#0
[info] message from 9: wave#129#8#0
[info] message from 8: wave#134#7#0
[info] send message to 3: wave#134#7#0
[info] send message to 9: wave#134#7#0
[info] message from 9: wave#130#9#0
[info] message from 8: wave#135#2#0
[info] send message to 3: wave#135#2#0
[info] send message to 9: wave#135#2#0
[info] message from 9: wave#131#6#0
[info] message from 8: wave#136#8#0
[info] send message to 3: wave#136#8#0
[info] send message to 9: wave#136#8#0
[info] message from 9: wave#132#5#0
[info] message from 8: wave#137#7#0
[info] send message to 3: wave#137#7#0
[info] send message to 9: wave#137#7#0
[info] message from 9: wave#133#2#0
[info] message from 8: wave#138#3#0
[info] send message to 3: wave#138#3#0
[info] send message to 9: wave#138#3#0
[info] message from 8: wave#139#4#0
[info] send message to 3: wave#139#4#0
[info] send message to 9: wave#139#4#0
[info] message from 9: wave#134#7#0
[info] message from 8: wave#140#1#0
[info] send message to 3: wave#140#1#0
[info] send message to 9: wave#140#1#0
[info] message from 9: wave#135#2#0
[info] message from 8: wave#141#5#0
[info] send message to 3: wave#141#5#0
[info] send message to 9: wave#141#5#0
[info] message from 9: wave#136#8#0
[info] message from 8: wave#142#9#0
[info] send message to 3: wave#142#9#0
[info] send message to 9: wave#142#9#0
[info] message from 9: wave#137#7#0
[info] message from 8: wave#143#1#0
[info] send message to 3: wave#143#1#0
[info] send message to 9: wave#143#1#0
[info] message from 9: wave#138#3#0
[info] message from 8: wave#144#4#0
[info] send message to 3: wave#144#4#0
[info] send message to 9: wave#144#4#0
[info] message from 9: wave#139#4#0
[info] message from 8: wave#145#8#0
[info] send message to 3: wave#145#8#0
[info] send message to 9: wave#145#8#0
[info] message from 9: wave#140#1#0
[info] message from 8: wave#146#4#0
[info] send message to 3: wave#146#4#0
[info] send message to 9: wave#146#4#0
[info] message from 9: wave#141#5#0
[info] message from 8: wave#147#3#0
[info] send message to 3: wave#147#3#0
[info] send message to 9: wave#147#3#0
[info] message from 9: wave#142#9#0
[info] message from 8: wave#148#6#0
[info] send message to 3: wave#148#6#0
[info] send message to 9: wave#148#6#0
[info] message from 9: wave#143#1#0
[info] message from 9: wave#144#4#0
[info] message from 8: wave#149#2#0
[info] send message to 3: wave#149#2#0
[info] send message to 9: wave#149#2#0
[info] message from 9: wave#145#8#0
[info] message from 8: wave#150#4#0
[info] send message to 3: wave#150#4#0
[info] send message to 9: wave#150#4#0
[info] message from 9: wave#146#4#0
[info] message from 8: wave#151#4#0
[info] send message to 3: wave#151#4#0
[info] send message to 9: wave#151#4#0
[info] message from 9: wave#147#3#0
[info] message from 8: wave#152#4#0
[info] send message to 3: wave#152#4#0
[info] send message to 9: wave#152#4#0
[info] message from 9: wave#148#6#0
[info] message from 8: wave#153#7#0
[info] send message to 3: wave#153#7#0
[info] send message to 9: wave#153#7#0
[info] message from 9: wave#149#2#0
[info] message from 8: wave#154#9#0
[info] send message to 3: wave#154#9#0
[info] send message to 9: wave#154#9#0
[info] message from 9: wave#150#4#0
[info] message from 8: wave#155#4#0
[info] send message to 3: wave#155#4#0
[info] send message to 9: wave#155#4#0
[info] message from 9: wave#151#4#0
[info] message from 8: wave#156#6#0
[info] send message to 3: wave#156#6#0
[info] send message to 9: wave#156#6#0
[info] message from 9: wave#152#4#0
[info] message from 8: wave#157#3#0
[info] send message to 3: wave#157#3#0
[info] send message to 9: wave#157#3#0
[info] message from 9: wave#153#7#0
[info] message from 8: wave#158#9#0
[info] send message to 3: wave#158#9#0
[info] send message to 9: wave#158#9#0
[info] message from 9: wave#154#9#0
[info] message from 8: wave#159#9#0
[info] send message to 3: wave#159#9#0
[info] send message to 9: wave#159#9#0
[info] message from 9: wave#155#4#0
[info] message from 8: wave#160#3#0
[info] send message to 3: wave#160#3#0
[info] send message to 9: wave#160#3#0
[info] message from 9: wave#156#6#0
[info] message from 8: wave#161#9#0
[info] send message to 3: wave#161#9#0
[info] send message to 9: wave#161#9#0
[info] message from 9: wave#157#3#0
[info] message from 9: wave#158#9#0
[info] message from 8: wave#162#8#0
[info] send message to 3: wave#162#8#0
[info] send message to 9: wave#162#8#0
[info] message from 9: wave#159#9#0
[info] message from 8: wave#163#7#0
[info] send message to 3: wave#163#7#0
[info] send message to 9: wave#163#7#0
[info] message from 9: wave#160#3#0
[info] message from 8: wave#164#8#0
[info] send message to 3: wave#164#8#0
[info] send message to 9: wave#164#8#0
[info] message from 9: wave#161#9#0
[info] message from 8: wave#165#9#0
[info] send message to 3: wave#165#9#0
[info] send message to 9: wave#165#9#0
[info] message from 9: wave#162#8#0
[info] message from 8: wave#166#2#0
[info] send message to 3: wave#166#2#0
[info] send message to 9: wave#166#2#0
[info] message from 8: wave#167#5#0
[info] send message to 3: wave#167#5#0
[info] send message to 9: wave#167#5#0
[info] message from 9: wave#163#7#0
[info] message from 9: wave#164#8#0
[info] message from 8: wave#168#3#0
[info] send message to 3: wave#168#3#0
[info] send message to 9: wave#168#3#0
[info] message from 9: wave#165#9#0
[info] message from 8: wave#169#5#0
[info] send message to 3: wave#169#5#0
[info] send message to 9: wave#169#5#0
[info] message from 9: wave#166#2#0
[info] message from 8: wave#170#3#0
[info] send message to 3: wave#170#3#0
[info] send message to 9: wave#170#3#0
[info] message from 9: wave#167#5#0
[info] message from 8: wave#171#9#0
[info] send message to 3: wave#171#9#0
[info] send message to 9: wave#171#9#0
[info] message from 9: wave#168#3#0
[info] message from 8: wave#172#7#0
[info] send message to 3: wave#172#7#0
[info] send message to 9: wave#172#7#0
[info] message from 9: wave#169#5#0
[info] message from 9: wave#170#3#0
[info] message from 8: wave#173#6#0
[info] send message to 3: wave#173#6#0
[info] send message to 9: wave#173#6#0
[info] message from 9: wave#171#9#0
[info] message from 8: wave#174#5#0
[info] send message to 3: wave#174#5#0
[info] send message to 9: wave#174#5#0
[info] message from 9: wave#172#7#0
[info] message from 8: wave#175#8#0
[info] send message to 3: wave#175#8#0
[info] send message to 9: wave#175#8#0
[info] message from 9: wave#173#6#0
[info] message from 9: wave#174#5#0
[info] message from 8: wave#176#4#0
[info] send message to 3: wave#176#4#0
[info] send message to 9: wave#176#4#0
[info] message from 9: wave#175#8#0
[info] message from 8: wave#177#1#0
[info] send message to 3: wave#177#1#0
[info] send message to 9: wave#177#1#0
[info] message from 9: wave#176#4#0
[info] message from 8: wave#178#9#0
[info] send message to 3: wave#178#9#0
[info] send message to 9: wave#178#9#0
[info] message from 9: wave#177#1#0
[info] message from 8: wave#179#3#0
[info] send message to 3: wave#179#3#0
[info] send message to 9: wave#179#3#0
[info] message from 9: wave#178#9#0
[info] message from 8: wave#180#3#0
[info] send message to 3: wave#180#3#0
[info] send message to 9: wave#180#3#0
[info] message from 9: wave#179#3#0
[info] message from 8: wave#181#9#0
[info] send message to 3: wave#181#9#0
[info] send message to 9: wave#181#9#0
[info] message from 9: wave#180#3#0
[info] message from 8: wave#182#1#0
[info] send message to 3: wave#182#1#0
[info] send message to 9: wave#182#1#0
[info] message from 9: wave#181#9#0
[info] message from 8: wave#183#6#0
[info] send message to 3: wave#183#6#0
[info] send message to 9: wave#183#6#0
[info] message from 9: wave#182#1#0
[info] message from 9: wave#183#6#0
[info] message from 8: wave#184#9#0
[info] send message to 3: wave#184#9#0
[info] send message to 9: wave#184#9#0
[info] message from 9: wave#184#9#0
[info] message from 8: wave#185#9#0
[info] send message to 3: wave#185#9#0
[info] send message to 9: wave#185#9#0
[info] message from 9: wave#185#9#0
[info] message from 8: wave#186#9#0
[info] send message to 3: wave#186#9#0
[info] send message to 9: wave#186#9#0
[info] message from 9: wave#186#9#0
[info] message from 8: wave#187#1#0
[info] send message to 3: wave#187#1#0
[info] send message to 9: wave#187#1#0
[info] message from 9: wave#187#1#0
[info] message from 8: wave#188#8#0
[info] send message to 3: wave#188#8#0
[info] send message to 9: wave#188#8#0
[info] message from 9: wave#188#8#0
[info] message from 8: wave#189#7#0
[info] send message to 3: wave#189#7#0
[info] send message to 9: wave#189#7#0
[info] message from 9: wave#189#7#0
[info] message from 8: wave#190#9#0
[info] send message to 3: wave#190#9#0
[info] send message to 9: wave#190#9#0
[info] message from 8: wave#191#7#0
[info] send message to 3: wave#191#7#0
[info] send message to 9: wave#191#7#0
[info] message from 9: wave#190#9#0
[info] message from 8: wave#192#9#0
[info] send message to 3: wave#192#9#0
[info] send message to 9: wave#192#9#0
[info] message from 9: wave#191#7#0
[info] message from 8: wave#193#7#0
[info] send message to 3: wave#193#7#0
[info] send message to 9: wave#193#7#0
[info] message from 9: wave#192#9#0
[info] message from 9: wave#193#7#0
[info] message from 8: wave#194#7#0
[info] send message to 3: wave#194#7#0
[info] send message to 9: wave#194#7#0
[info] message from 9: wave#194#7#0
[info] message from 8: wave#195#7#0
[info] send message to 3: wave#195#7#0
[info] send message to 9: wave#195#7#0
[info] message from 9: wave#195#7#0
[info] message from 8: wave#196#7#0
[info] send message to 3: wave#196#7#0
[info] send message to 9: wave#196#7#0
[info] message from 8: wave#197#7#0
[info] send message to 3: wave#197#7#0
[info] send message to 9: wave#197#7#0
[info] message from 9: wave#196#7#0
[info] message from 8: wave#198#7#0
[info] send message to 3: wave#198#7#0
[info] send message to 9: wave#198#7#0
[info] message from 9: wave#197#7#0
[info] message from 8: wave#199#2#0
[info] send message to 3: wave#199#2#0
[info] send message to 9: wave#199#2#0
[info] message from 9: wave#198#7#0
[info] message from 8: wave#200#4#0
[info] send message to 3: wave#200#4#0
[info] send message to 9: wave#200#4#0
[info] message from 9: wave#199#2#0
[info] message from 8: wave#201#7#0
[info] send message to 3: wave#201#7#0
[info] send message to 9: wave#201#7#0
[info] message from 9: wave#200#4#0
[info] message from 9: wave#201#7#0
[info] message from 8: wave#202#9#0
[info] send message to 3: wave#202#9#0
[info] send message to 9: wave#202#9#0
[info] message from 8: wave#203#1#0
[info] send message to 3: wave#203#1#0
[info] send message to 9: wave#203#1#0
[info] message from 9: wave#202#9#0
[info] message from 8: wave#204#2#0
[info] send message to 3: wave#204#2#0
[info] send message to 9: wave#204#2#0
[info] message from 9: wave#203#1#0
[info] message from 8: wave#205#8#0
[info] send message to 3: wave#205#8#0
[info] send message to 9: wave#205#8#0
[info] message from 9: wave#204#2#0
[info] message from 8: wave#206#3#0
[info] send message to 3: wave#206#3#0
[info] send message to 9: wave#206#3#0
[info] message from 9: wave#205#8#0
[info] message from 8: wave#207#3#0
[info] send message to 3: wave#207#3#0
[info] send message to 9: wave#207#3#0
[info] message from 9: wave#206#3#0
[info] message from 8: wave#208#5#0
[info] send message to 3: wave#208#5#0
[info] send message to 9: wave#208#5#0
[info] message from 9: wave#207#3#0
[info] message from 8: wave#209#7#0
[info] send message to 3: wave#209#7#0
[info] send message to 9: wave#209#7#0
[info] message from 9: wave#208#5#0
[info] message from 8: wave#210#4#0
[info] send message to 3: wave#210#4#0
[info] send message to 9: wave#210#4#0
[info] message from 9: wave#209#7#0
[info] message from 8: wave#211#9#0
[info] send message to 3: wave#211#9#0
[info] send message to 9: wave#211#9#0
[info] message from 9: wave#210#4#0
[info] message from 8: wave#212#7#0
[info] send message to 3: wave#212#7#0
[info] send message to 9: wave#212#7#0
[info] message from 8: wave#213#2#0
[info] send message to 3: wave#213#2#0
[info] send message to 9: wave#213#2#0
[info] message from 9: wave#211#9#0
[info] message from 8: wave#214#5#0
[info] send message to 3: wave#214#5#0
[info] send message to 9: wave#214#5#0
[info] message from 9: wave#212#7#0
[info] message from 8: wave#215#2#0
[info] send message to 3: wave#215#2#0
[info] send message to 9: wave#215#2#0
[info] message from 9: wave#213#2#0
[info] message from 8: wave#216#5#0
[info] send message to 3: wave#216#5#0
[info] send message to 9: wave#216#5#0
[info] message from 9: wave#214#5#0
[info] message from 9: wave#215#2#0
[info] message from 8: wave#217#1#0
[info] send message to 3: wave#217#1#0
[info] send message to 9: wave#217#1#0
[info] message from 9: wave#216#5#0
[info] message from 8: wave#218#7#0
[info] send message to 3: wave#218#7#0
[info] send message to 9: wave#218#7#0
[info] message from 8: wave#219#3#0
[info] send message to 3: wave#219#3#0
[info] send message to 9: wave#219#3#0
[info] message from 9: wave#217#1#0
[info] message from 8: wave#220#5#0
[info] send message to 3: wave#220#5#0
[info] send message to 9: wave#220#5#0
[info] message from 9: wave#218#7#0
[info] message from 8: wave#221#7#0
[info] send message to 3: wave#221#7#0
[info] send message to 9: wave#221#7#0
[info] message from 9: wave#219#3#0
[info] message from 8: wave#222#7#0
[info] send message to 3: wave#222#7#0
[info] send message to 9: wave#222#7#0
[info] message from 9: wave#220#5#0
[info] message from 8: wave#223#1#0
[info] send message to 3: wave#223#1#0
[info] send message to 9: wave#223#1#0
[info] message from 9: wave#221#7#0
[info] message from 8: wave#224#2#0
[info] send message to 3: wave#224#2#0
[info] send message to 9: wave#224#2#0
[info] message from 9: wave#222#7#0
[info] message from 8: wave#225#3#0
[info] send message to 3: wave#225#3#0
[info] send message to 9: wave#225#3#0
[info] message from 9: wave#223#1#0
[info] message from 8: wave#226#6#0
[info] send message to 3: wave#226#6#0
[info] send message to 9: wave#226#6#0
[info] message from 9: wave#224#2#0
[info] message from 9: wave#225#3#0
[info] message from 8: wave#227#9#0
[info] send message to 3: wave#227#9#0
[info] send message to 9: wave#227#9#0
[info] message from 9: wave#226#6#0
[info] message from 8: wave#228#9#0
[info] send message to 3: wave#228#9#0
[info] send message to 9: wave#228#9#0
[info] message from 8: wave#229#9#0
[info] send message to 3: wave#229#9#0
[info] send message to 9: wave#229#9#0
[info] message from 9: wave#227#9#0
[info] message from 8: wave#230#3#0
[info] send message to 3: wave#230#3#0
[info] send message to 9: wave#230#3#0
[info] message from 9: wave#228#9#0
[info] message from 8: wave#231#4#0
[info] send message to 3: wave#231#4#0
[info] send message to 9: wave#231#4#0
[info] message from 9: wave#229#9#0
[info] message from 8: wave#232#9#0
[info] send message to 3: wave#232#9#0
[info] send message to 9: wave#232#9#0
[info] message from 9: wave#230#3#0
[info] message from 8: wave#233#6#0
[info] send message to 3: wave#233#6#0
[info] send message to 9: wave#233#6#0
[info] message from 9: wave#231#4#0
[info] message from 8: wave#234#7#0
[info] send message to 3: wave#234#7#0
[info] send message to 9: wave#234#7#0
[info] message from 9: wave#232#9#0
[info] message from 8: wave#235#1#0
[info] send message to 3: wave#235#1#0
[info] send message to 9: wave#235#1#0
[info] message from 9: wave#233#6#0
[info] message from 8: wave#236#8#0
[info] send message to 3: wave#236#8#0
[info] send message to 9: wave#236#8#0
[info] message from 9: wave#234#7#0
[info] message from 8: wave#237#1#0
[info] send message to 3: wave#237#1#0
[info] send message to 9: wave#237#1#0
[info] message from 9: wave#235#1#0
[info] message from 8: wave#238#7#0
[info] send message to 3: wave#238#7#0
[info] send message to 9: wave#238#7#0
[info] message from 9: wave#236#8#0
[info] message from 8: wave#239#6#0
[info] send message to 3: wave#239#6#0
[info] send message to 9: wave#239#6#0
[info] message from 9: wave#237#1#0
[info] message from 8: wave#240#1#0
[info] send message to 3: wave#240#1#0
[info] send message to 9: wave#240#1#0
[info] message from 9: wave#238#7#0
[info] message from 8: wave#241#8#0
[info] send message to 3: wave#241#8#0
[info] send message to 9: wave#241#8#0
[info] message from 9: wave#239#6#0
[info] message from 8: wave#242#5#0
[info] send message to 3: wave#242#5#0
[info] send message to 9: wave#242#5#0
[info] message from 9: wave#240#1#0
[info] message from 8: wave#243#5#0
[info] send message to 3: wave#243#5#0
[info] send message to 9: wave#243#5#0
[info] message from 9: wave#241#8#0
[info] message from 8: wave#244#3#0
[info] send message to 3: wave#244#3#0
[info] send message to 9: wave#244#3#0
[info] message from 9: wave#242#5#0
[info] message from 8: wave#245#4#0
[info] send message to 3: wave#245#4#0
[info] send message to 9: wave#245#4#0
[info] message from 9: wave#243#5#0
[info] message from 8: wave#246#8#0
[info] send message to 3: wave#246#8#0
[info] send message to 9: wave#246#8#0
[info] message from 9: wave#244#3#0
[info] message from 9: wave#245#4#0
[info] message from 8: wave#247#6#0
[info] send message to 3: wave#247#6#0
[info] send message to 9: wave#247#6#0
[info] message from 8: wave#248#7#0
[info] send message to 3: wave#248#7#0
[info] send message to 9: wave#248#7#0
[info] message from 9: wave#246#8#0
[info] message from 8: wave#249#8#0
[info] send message to 3: wave#249#8#0
[info] send message to 9: wave#249#8#0
[info] message from 9: wave#247#6#0
[info] message from 8: wave#250#8#0
[info] send message to 3: wave#250#8#0
[info] send message to 9: wave#250#8#0
[info] message from 9: wave#248#7#0
[info] message from 8: wave#251#5#0
[info] send message to 3: wave#251#5#0
[info] send message to 9: wave#251#5#0
[info] message from 9: wave#249#8#0
[info] message from 8: wave#252#1#0
[info] send message to 3: wave#252#1#0
[info] send message to 9: wave#252#1#0
[info] message from 9: wave#250#8#0
[info] message from 9: wave#251#5#0
[info] message from 8: wave#253#8#0
[info] send message to 3: wave#253#8#0
[info] send message to 9: wave#253#8#0
[info] message from 8: wave#254#7#0
[info] send message to 3: wave#254#7#0
[info] send message to 9: wave#254#7#0
[info] message from 9: wave#252#1#0
[info] message from 8: wave#255#7#0
[info] send message to 3: wave#255#7#0
[info] send message to 9: wave#255#7#0
[info] message from 9: wave#253#8#0
[info] message from 8: wave#256#8#0
[info] send message to 3: wave#256#8#0
[info] send message to 9: wave#256#8#0
[info] message from 9: wave#254#7#0
[info] message from 8: wave#257#1#0
[info] send message to 3: wave#257#1#0
[info] send message to 9: wave#257#1#0
[info] message from 9: wave#255#7#0
[info] message from 8: wave#258#1#0
[info] send message to 3: wave#258#1#0
[info] send message to 9: wave#258#1#0
[info] message from 9: wave#256#8#0
[info] message from 8: wave#259#3#0
[info] send message to 3: wave#259#3#0
[info] send message to 9: wave#259#3#0
[info] message from 9: wave#257#1#0
[info] message from 8: wave#260#7#0
[info] send message to 3: wave#260#7#0
[info] send message to 9: wave#260#7#0
[info] message from 9: wave#258#1#0
[info] message from 8: wave#261#4#0
[info] send message to 3: wave#261#4#0
[info] send message to 9: wave#261#4#0
[info] message from 9: wave#259#3#0
[info] message from 8: wave#262#2#0
[info] send message to 3: wave#262#2#0
[info] send message to 9: wave#262#2#0
[info] message from 8: wave#263#5#0
[info] send message to 3: wave#263#5#0
[info] send message to 9: wave#263#5#0
[info] message from 9: wave#260#7#0
[info] message from 8: wave#264#9#0
[info] send message to 3: wave#264#9#0
[info] send message to 9: wave#264#9#0
[info] message from 9: wave#261#4#0
[info] message from 8: wave#265#4#0
[info] send message to 3: wave#265#4#0
[info] send message to 9: wave#265#4#0
[info] message from 9: wave#262#2#0
[info] message from 8: wave#266#4#0
[info] send message to 3: wave#266#4#0
[info] send message to 9: wave#266#4#0
[info] message from 9: wave#263#5#0
[info] message from 8: wave#267#1#0
[info] send message to 3: wave#267#1#0
[info] send message to 9: wave#267#1#0
[info] message from 9: wave#264#9#0
[info] message from 8: wave#268#5#0
[info] send message to 3: wave#268#5#0
[info] send message to 9: wave#268#5#0
[info] message from 9: wave#265#4#0
[info] message from 8: wave#269#8#0
[info] send message to 3: wave#269#8#0
[info] send message to 9: wave#269#8#0
[info] message from 9: wave#266#4#0
[info] message from 8: wave#270#7#0
[info] send message to 3: wave#270#7#0
[info] send message to 9: wave#270#7#0
[info] message from 8: wave#271#1#0
[info] send message to 3: wave#271#1#0
[info] send message to 9: wave#271#1#0
[info] message from 9: wave#267#1#0
[info] message from 8: wave#272#4#0
[info] send message to 3: wave#272#4#0
[info] send message to 9: wave#272#4#0
[info] message from 9: wave#268#5#0
[info] message from 8: wave#273#2#0
[info] send message to 3: wave#273#2#0
[info] send message to 9: wave#273#2#0
[info] message from 9: wave#269#8#0
[info] message from 9: wave#270#7#0
[info] message from 8: wave#274#6#0
[info] send message to 3: wave#274#6#0
[info] send message to 9: wave#274#6#0
[info] message from 9: wave#271#1#0
[info] message from 8: wave#275#2#0
[info] send message to 3: wave#275#2#0
[info] send message to 9: wave#275#2#0
[info] message from 8: wave#276#2#0
[info] send message to 3: wave#276#2#0
[info] send message to 9: wave#276#2#0
[info] message from 9: wave#272#4#0
[info] message from 8: wave#277#3#0
[info] send message to 3: wave#277#3#0
[info] send message to 9: wave#277#3#0
[info] message from 9: wave#273#2#0
[info] message from 9: wave#274#6#0
[info] message from 8: wave#278#3#0
[info] send message to 3: wave#278#3#0
[info] send message to 9: wave#278#3#0
[info] message from 9: wave#275#2#0
[info] message from 8: wave#279#6#0
[info] send message to 3: wave#279#6#0
[info] send message to 9: wave#279#6#0
[info] message from 8: wave#280#9#0
[info] send message to 3: wave#280#9#0
[info] send message to 9: wave#280#9#0
[info] message from 9: wave#276#2#0
[info] message from 8: wave#281#2#0
[info] send message to 3: wave#281#2#0
[info] send message to 9: wave#281#2#0
[info] message from 9: wave#277#3#0
[info] message from 9: wave#278#3#0
[info] message from 8: wave#282#1#0
[info] send message to 3: wave#282#1#0
[info] send message to 9: wave#282#1#0
[info] message from 8: wave#283#1#0
[info] send message to 3: wave#283#1#0
[info] send message to 9: wave#283#1#0
[info] message from 9: wave#279#6#0
[info] message from 8: wave#284#8#0
[info] send message to 3: wave#284#8#0
[info] send message to 9: wave#284#8#0
[info] message from 9: wave#280#9#0
[info] message from 9: wave#281#2#0
[info] message from 8: wave#285#6#0
[info] send message to 3: wave#285#6#0
[info] send message to 9: wave#285#6#0
[info] message from 9: wave#282#1#0
[info] message from 8: wave#286#5#0
[info] send message to 3: wave#286#5#0
[info] send message to 9: wave#286#5#0
[info] message from 9: wave#283#1#0
[info] message from 8: wave#287#1#0
[info] send message to 3: wave#287#1#0
[info] send message to 9: wave#287#1#0
[info] message from 9: wave#284#8#0
[info] message from 8: wave#288#9#0
[info] send message to 3: wave#288#9#0
[info] send message to 9: wave#288#9#0
[info] message from 9: wave#285#6#0
[info] message from 8: wave#289#9#0
[info] send message to 3: wave#289#9#0
[info] send message to 9: wave#289#9#0
[info] message from 9: wave#286#5#0
[info] message from 9: wave#287#1#0
[info] message from 8: wave#290#4#0
[info] send message to 3: wave#290#4#0
[info] send message to 9: wave#290#4#0
[info] message from 9: wave#288#9#0
[info] message from 8: wave#291#8#0
[info] send message to 3: wave#291#8#0
[info] send message to 9: wave#291#8#0
[info] message from 9: wave#289#9#0
[info] message from 8: wave#292#9#0
[info] send message to 3: wave#292#9#0
[info] send message to 9: wave#292#9#0
[info] message from 9: wave#290#4#0
[info] message from 9: wave#291#8#0
[info] message from 8: wave#293#8#0
[info] send message to 3: wave#293#8#0
[info] send message to 9: wave#293#8#0
[info] message from 9: wave#292#9#0
[info] message from 8: wave#294#1#0
[info] send message to 3: wave#294#1#0
[info] send message to 9: wave#294#1#0
[info] message from 9: wave#293#8#0
[info] message from 9: wave#294#1#0
[info] message from 8: wave#295#4#0
[info] send message to 3: wave#295#4#0
[info] send message to 9: wave#295#4#0
[info] message from 9: wave#295#4#0
[info] message from 8: wave#296#6#0
[info] send message to 3: wave#296#6#0
[info] send message to 9: wave#296#6#0
[info] message from 8: wave#297#5#0
[info] send message to 3: wave#297#5#0
[info] send message to 9: wave#297#5#0
[info] message from 9: wave#296#6#0
[info] message from 9: wave#297#5#0
[info] message from 8: wave#298#8#0
[info] send message to 3: wave#298#8#0
[info] send message to 9: wave#298#8#0
[info] message from 8: wave#299#1#0
[info] send message to 3: wave#299#1#0
[info] send message to 9: wave#299#1#0
[info] message from 9: wave#298#8#0
[info] message from 8: wave#300#3#0
[info] send message to 3: wave#300#3#0
[info] send message to 9: wave#300#3#0
[info] message from 9: wave#299#1#0
[info] message from 8: wave#301#8#0
[info] send message to 3: wave#301#8#0
[info] send message to 9: wave#301#8#0
[info] message from 9: wave#300#3#0
[info] message from 8: wave#302#2#0
[info] send message to 3: wave#302#2#0
[info] send message to 9: wave#302#2#0
[info] message from 9: wave#301#8#0
[info] message from 8: wave#303#1#0
[info] send message to 3: wave#303#1#0
[info] send message to 9: wave#303#1#0
[info] message from 9: wave#302#2#0
[info] message from 8: wave#304#6#0
[info] send message to 3: wave#304#6#0
[info] send message to 9: wave#304#6#0
[info] message from 9: wave#303#1#0
[info] message from 8: wave#305#1#0
[info] send message to 3: wave#305#1#0
[info] send message to 9: wave#305#1#0
[info] message from 9: wave#304#6#0
[info] message from 8: wave#306#9#0
[info] send message to 3: wave#306#9#0
[info] send message to 9: wave#306#9#0
[info] message from 9: wave#305#1#0
[info] message from 8: wave#307#8#0
[info] send message to 3: wave#307#8#0
[info] received keyboard interrupt
