[info] Hello from node8
[info] I'm connected to nodes ['7', '8', '9']
[info] I have edges [('8', '7'), ('8', '8'), ('8', '9')]
[info] -- round 0 started!
[info] -- new id 2 selected!
[info] send message to 7: wave#0#2#0
[info] send message to 8: wave#0#2#0
[info] send message to 9: wave#0#2#0
[info] message from 9: wave#0#8#0
[info] send message to 7: wave#0#8#0
[info] send message to 8: wave#0#8#0
[info] message from 8: wave#0#2#0
[info] message from 7: wave#0#6#0
[info] message from 7: wave#0#10#0
[info] send message to 8: wave#0#10#0
[info] send message to 9: wave#0#10#0
[info] message from 8: wave#0#8#0
[info] message from 8: wave#0#10#0
[info] message from 9: wave#0#10#1
[info] after round 0 : parent is ['7'] and leader id is 10
[info] send message to 7: wave#0#10#2
[info] message from 9: wave#1#10#0
[info] send message to 7: wave#1#10#0
[info] send message to 8: wave#1#10#0
[info] message from 7: wave#1#8#0
[info] message from 8: wave#1#10#0
[info] message from 7: wave#1#10#1
[info] after round 1 : parent is ['9'] and leader id is 10
[info] send message to 9: wave#1#10#2
[info] message from 9: exit
[info] send message to 7: exit
