[info] Hello from node33
[info] I'm connected to nodes ['32', '33', '34']
[info] I have edges [('33', '32'), ('33', '33'), ('33', '34')]
[info] -- round 0 started!
[info] -- new id 18 selected!
[info] send message to 32: wave#0#18#0
[info] send message to 33: wave#0#18#0
[info] send message to 34: wave#0#18#0
[info] message from 33: wave#0#18#0
[info] message from 34: wave#0#31#0
[info] send message to 32: wave#0#31#0
[info] send message to 33: wave#0#31#0
[info] message from 32: wave#0#13#0
[info] message from 33: wave#0#31#0
[info] message from 34: wave#0#35#0
[info] send message to 32: wave#0#35#0
[info] send message to 33: wave#0#35#0
[info] message from 33: wave#0#35#0
[info] message from 34: wave#0#38#0
[info] send message to 32: wave#0#38#0
[info] send message to 33: wave#0#38#0
[info] message from 33: wave#0#38#0
[info] message from 32: wave#0#28#0
[info] message from 32: wave#0#43#0
[info] send message to 33: wave#0#43#0
[info] send message to 34: wave#0#43#0
[info] message from 33: wave#0#43#0
[info] message from 32: wave#1#15#0
[info] send message to 33: wave#1#15#0
[info] send message to 34: wave#1#15#0
[info] message from 33: wave#1#15#0
[info] message from 34: wave#1#15#12
[info] after round 1 : parent is ['32'] and leader id is 15
[info] send message to 32: wave#1#15#13
[info] message from 32: exit
[info] send message to 34: exit
