[info] Hello from node35
[info] I'm connected to nodes ['34', '35', '36']
[info] I have edges [('35', '34'), ('35', '35'), ('35', '36')]
[info] -- round 0 started!
[info] -- new id 1 selected!
[info] send message to 34: wave#0#1#0
[info] send message to 35: wave#0#1#0
[info] send message to 36: wave#0#1#0
[info] message from 35: wave#0#1#0
[info] message from 36: wave#0#35#0
[info] send message to 34: wave#0#35#0
[info] send message to 35: wave#0#35#0
[info] message from 35: wave#0#35#0
[info] message from 34: wave#0#31#0
[info] message from 36: wave#0#38#0
[info] send message to 34: wave#0#38#0
[info] send message to 35: wave#0#38#0
[info] message from 35: wave#0#38#0
[info] message from 34: wave#0#43#0
[info] send message to 35: wave#0#43#0
[info] send message to 36: wave#0#43#0
[info] message from 35: wave#0#43#0
[info] message from 34: wave#1#15#0
[info] send message to 35: wave#1#15#0
[info] send message to 36: wave#1#15#0
[info] message from 35: wave#1#15#0
[info] message from 36: wave#1#15#10
[info] after round 1 : parent is ['34'] and leader id is 15
[info] send message to 34: wave#1#15#11
[info] message from 34: exit
[info] send message to 36: exit
