[info] Hello from node40
[info] I'm connected to nodes ['39', '40', '41']
[info] I have edges [('40', '39'), ('40', '40'), ('40', '41')]
[info] -- round 0 started!
[info] -- new id 18 selected!
[info] send message to 39: wave#0#18#0
[info] send message to 40: wave#0#18#0
[info] send message to 41: wave#0#18#0
[info] message from 41: wave#0#20#0
[info] send message to 39: wave#0#20#0
[info] send message to 40: wave#0#20#0
[info] message from 40: wave#0#18#0
[info] message from 40: wave#0#20#0
[info] message from 41: wave#0#37#0
[info] send message to 39: wave#0#37#0
[info] send message to 40: wave#0#37#0
[info] message from 40: wave#0#37#0
[info] message from 39: wave#0#23#0
[info] message from 39: wave#0#38#0
[info] send message to 40: wave#0#38#0
[info] send message to 41: wave#0#38#0
[info] message from 40: wave#0#38#0
[info] message from 41: wave#0#38#5
[info] after round 0 : parent is ['39'] and leader id is 38
[info] send message to 39: wave#0#38#6
[info] message from 39: wave#0#43#0
[info] send message to 40: wave#0#43#0
[info] send message to 41: wave#0#43#0
[info] message from 40: wave#0#43#0
[info] message from 41: wave#0#43#5
[info] after round 0 : parent is ['39'] and leader id is 43
[info] send message to 39: wave#0#43#6
[info] message from 39: wave#1#15#0
[info] send message to 40: wave#1#15#0
[info] send message to 41: wave#1#15#0
[info] message from 40: wave#1#15#0
[info] message from 41: wave#1#15#5
[info] after round 1 : parent is ['39'] and leader id is 15
[info] send message to 39: wave#1#15#6
[info] message from 39: exit
[info] send message to 41: exit
