[info] Hello from node34
[info] I'm connected to nodes ['33', '34', '35']
[info] I have edges [('34', '33'), ('34', '34'), ('34', '35')]
[info] -- round 0 started!
[info] -- new id 31 selected!
[info] send message to 33: wave#0#31#0
[info] send message to 34: wave#0#31#0
[info] send message to 35: wave#0#31#0
[info] message from 35: wave#0#1#0
[info] message from 35: wave#0#35#0
[info] send message to 33: wave#0#35#0
[info] send message to 34: wave#0#35#0
[info] message from 34: wave#0#31#0
[info] message from 33: wave#0#18#0
[info] message from 35: wave#0#38#0
[info] send message to 33: wave#0#38#0
[info] send message to 34: wave#0#38#0
[info] message from 34: wave#0#35#0
[info] message from 34: wave#0#38#0
[info] message from 33: wave#0#43#0
[info] send message to 34: wave#0#43#0
[info] send message to 35: wave#0#43#0
[info] message from 34: wave#0#43#0
[info] message from 33: wave#1#15#0
[info] send message to 34: wave#1#15#0
[info] send message to 35: wave#1#15#0
[info] message from 34: wave#1#15#0
[info] message from 35: wave#1#15#11
[info] after round 1 : parent is ['33'] and leader id is 15
[info] send message to 33: wave#1#15#12
[info] message from 33: exit
[info] send message to 35: exit
