[info] Hello from node30
[info] I'm connected to nodes ['29', '30', '31']
[info] I have edges [('30', '29'), ('30', '30'), ('30', '31')]
[info] -- round 0 started!
[info] -- new id 28 selected!
[info] send message to 29: wave#0#28#0
[info] send message to 30: wave#0#28#0
[info] send message to 31: wave#0#28#0
[info] message from 31: wave#0#3#0
[info] message from 30: wave#0#28#0
[info] message from 29: wave#0#26#0
[info] message from 29: wave#0#34#0
[info] send message to 30: wave#0#34#0
[info] send message to 31: wave#0#34#0
[info] message from 30: wave#0#34#0
[info] message from 29: wave#0#43#0
[info] send message to 30: wave#0#43#0
[info] send message to 31: wave#0#43#0
[info] message from 30: wave#0#43#0
[info] message from 31: wave#0#35#0
[info] message from 29: wave#1#15#0
[info] send message to 30: wave#1#15#0
[info] send message to 31: wave#1#15#0
[info] message from 30: wave#1#15#0
[info] message from 31: wave#1#15#15
[info] after round 1 : parent is ['29'] and leader id is 15
[info] send message to 29: wave#1#15#16
[info] message from 29: exit
[info] send message to 31: exit
