[info] Hello from node42
[info] I'm connected to nodes ['41', '42', '43']
[info] I have edges [('42', '41'), ('42', '42'), ('42', '43')]
[info] -- round 0 started!
[info] -- new id 8 selected!
[info] send message to 41: wave#0#8#0
[info] send message to 42: wave#0#8#0
[info] send message to 43: wave#0#8#0
[info] message from 41: wave#0#20#0
[info] send message to 42: wave#0#20#0
[info] send message to 43: wave#0#20#0
[info] message from 42: wave#0#8#0
[info] message from 43: wave#0#17#0
[info] message from 42: wave#0#20#0
[info] message from 43: wave#0#37#0
[info] send message to 41: wave#0#37#0
[info] send message to 42: wave#0#37#0
[info] message from 42: wave#0#37#0
[info] message from 41: wave#0#38#0
[info] send message to 42: wave#0#38#0
[info] send message to 43: wave#0#38#0
[info] message from 42: wave#0#38#0
[info] message from 43: wave#0#38#3
[info] after round 0 : parent is ['41'] and leader id is 38
[info] send message to 41: wave#0#38#4
[info] message from 41: wave#0#43#0
[info] send message to 42: wave#0#43#0
[info] send message to 43: wave#0#43#0
[info] message from 42: wave#0#43#0
[info] message from 43: wave#0#43#3
[info] after round 0 : parent is ['41'] and leader id is 43
[info] send message to 41: wave#0#43#4
[info] message from 41: wave#1#15#0
[info] send message to 42: wave#1#15#0
[info] send message to 43: wave#1#15#0
[info] message from 42: wave#1#15#0
[info] message from 43: wave#1#15#3
[info] after round 1 : parent is ['41'] and leader id is 15
[info] send message to 41: wave#1#15#4
[info] message from 41: exit
[info] send message to 43: exit
