[info] Hello from node2
[info] I'm connected to nodes ['1', '2', '3']
[info] I have edges [('2', '1'), ('2', '2'), ('2', '3')]
[info] -- round 0 started!
[info] -- new id 6 selected!
[info] send message to 1: wave#0#6#0
[info] send message to 2: wave#0#6#0
[info] send message to 3: wave#0#6#0
[info] message from 3: wave#0#12#0
[info] send message to 1: wave#0#12#0
[info] send message to 2: wave#0#12#0
[info] message from 1: wave#0#14#0
[info] send message to 2: wave#0#14#0
[info] send message to 3: wave#0#14#0
[info] message from 2: wave#0#6#0
[info] message from 3: wave#0#31#0
[info] send message to 1: wave#0#31#0
[info] send message to 2: wave#0#31#0
[info] message from 2: wave#0#12#0
[info] message from 2: wave#0#14#0
[info] message from 3: wave#0#42#0
[info] send message to 1: wave#0#42#0
[info] send message to 2: wave#0#42#0
[info] message from 1: wave#0#31#1
[info] message from 2: wave#0#31#0
[info] message from 2: wave#0#42#0
[info] message from 1: wave#0#42#1
[info] after round 0 : parent is ['3'] and leader id is 42
[info] send message to 3: wave#0#42#2
[info] message from 3: wave#0#43#0
[info] send message to 1: wave#0#43#0
[info] send message to 2: wave#0#43#0
[info] message from 1: wave#0#43#1
[info] message from 2: wave#0#43#0
[info] after round 0 : parent is ['3'] and leader id is 43
[info] send message to 3: wave#0#43#2
[info] message from 3: wave#1#15#0
[info] send message to 1: wave#1#15#0
[info] send message to 2: wave#1#15#0
[info] message from 2: wave#1#15#0
[info] message from 1: wave#1#15#1
[info] after round 1 : parent is ['3'] and leader id is 15
[info] send message to 3: wave#1#15#2
[info] message from 3: exit
[info] send message to 1: exit
