[info] Hello from node38
[info] I'm connected to nodes ['37', '38', '39']
[info] I have edges [('38', '37'), ('38', '38'), ('38', '39')]
[info] -- round 0 started!
[info] -- new id 30 selected!
[info] send message to 37: wave#0#30#0
[info] send message to 38: wave#0#30#0
[info] send message to 39: wave#0#30#0
[info] message from 38: wave#0#30#0
[info] message from 39: wave#0#23#0
[info] message from 37: wave#0#38#0
[info] send message to 38: wave#0#38#0
[info] send message to 39: wave#0#38#0
[info] message from 38: wave#0#38#0
[info] message from 39: wave#0#37#0
[info] message from 37: wave#0#43#0
[info] send message to 38: wave#0#43#0
[info] send message to 39: wave#0#43#0
[info] message from 39: wave#0#38#7
[info] message from 38: wave#0#43#0
[info] message from 39: wave#0#43#7
[info] after round 0 : parent is ['37'] and leader id is 43
[info] send message to 37: wave#0#43#8
[info] message from 37: wave#1#15#0
[info] send message to 38: wave#1#15#0
[info] send message to 39: wave#1#15#0
[info] message from 38: wave#1#15#0
[info] message from 39: wave#1#15#7
[info] after round 1 : parent is ['37'] and leader id is 15
[info] send message to 37: wave#1#15#8
[info] message from 37: exit
[info] send message to 39: exit
