[info] Hello from node18
[info] I'm connected to nodes ['1', '2', '3', '4', '5', '6', '7', '8', '9', '10', '11', '12', '13', '14', '15', '16', '17', '18', '19', '20']
[info] I have edges [('18', '1'), ('18', '2'), ('18', '3'), ('18', '4'), ('18', '5'), ('18', '6'), ('18', '7'), ('18', '8'), ('18', '9'), ('18', '10'), ('18', '11'), ('18', '12'), ('18', '13'), ('18', '14'), ('18', '15'), ('18', '16'), ('18', '17'), ('18', '18'), ('18', '19'), ('18', '20')]
[info] -- round 0 started!
[info] -- new id 16 selected!
[info] send message to 1: wave#0#16#0
[info] send message to 2: wave#0#16#0
[info] send message to 3: wave#0#16#0
[info] send message to 4: wave#0#16#0
[info] send message to 5: wave#0#16#0
[info] send message to 6: wave#0#16#0
[info] send message to 7: wave#0#16#0
[info] send message to 8: wave#0#16#0
[info] send message to 9: wave#0#16#0
[info] send message to 10: wave#0#16#0
[info] send message to 11: wave#0#16#0
[info] send message to 12: wave#0#16#0
[info] send message to 13: wave#0#16#0
[info] send message to 14: wave#0#16#0
[info] send message to 15: wave#0#16#0
[info] send message to 16: wave#0#16#0
[info] send message to 17: wave#0#16#0
[info] send message to 18: wave#0#16#0
[info] send message to 19: wave#0#16#0
[info] send message to 20: wave#0#16#0
[info] message from 7: wave#0#6#0
[info] message from 2: wave#0#13#0
[info] message from 1: wave#0#6#0
[info] message from 11: wave#0#1#0
[info] message from 6: wave#0#17#0
[info] send message to 1: wave#0#17#0
[info] send message to 2: wave#0#17#0
[info] send message to 3: wave#0#17#0
[info] send message to 4: wave#0#17#0
[info] send message to 5: wave#0#17#0
[info] send message to 7: wave#0#17#0
[info] send message to 8: wave#0#17#0
[info] send message to 9: wave#0#17#0
[info] send message to 10: wave#0#17#0
[info] send message to 11: wave#0#17#0
[info] send message to 12: wave#0#17#0
[info] send message to 13: wave#0#17#0
[info] send message to 14: wave#0#17#0
[info] send message to 15: wave#0#17#0
[info] send message to 16: wave#0#17#0
[info] send message to 17: wave#0#17#0
[info] send message to 18: wave#0#17#0
[info] send message to 19: wave#0#17#0
[info] send message to 20: wave#0#17#0
[info] message from 4: wave#0#5#0
[info] message from 3: wave#0#13#0
[info] message from 13: wave#0#8#0
[info] message from 8: wave#0#13#0
[info] message from 19: wave#0#16#0
[info] message from 20: wave#0#13#0
[info] message from 16: wave#0#11#0
[info] message from 10: wave#0#5#0
[info] message from 9: wave#0#17#0
[info] message from 7: wave#0#13#0
[info] message from 18: wave#0#16#0
[info] message from 12: wave#0#4#0
[info] message from 5: wave#0#2#0
[info] message from 15: wave#0#16#0
[info] message from 14: wave#0#2#0
[info] message from 17: wave#0#9#0
[info] message from 1: wave#0#13#0
[info] message from 2: wave#0#17#0
[info] message from 11: wave#0#6#0
[info] message from 4: wave#0#6#0
[info] message from 13: wave#0#13#0
[info] message from 3: wave#0#17#0
[info] message from 8: wave#0#17#0
[info] message from 20: wave#0#17#0
[info] message from 16: wave#0#13#0
[info] message from 19: wave#0#17#0
[info] message from 10: wave#0#6#0
[info] message from 7: wave#0#17#0
[info] message from 12: wave#0#6#0
[info] message from 18: wave#0#17#0
[info] message from 14: wave#0#6#0
[info] message from 5: wave#0#6#0
[info] message from 15: wave#0#17#0
[info] message from 1: wave#0#17#0
[info] message from 17: wave#0#13#0
[info] message from 11: wave#0#13#0
[info] message from 4: wave#0#13#0
[info] message from 13: wave#0#17#0
[info] message from 16: wave#0#17#0
[info] message from 12: wave#0#13#0
[info] message from 10: wave#0#13#0
[info] message from 14: wave#0#13#0
[info] message from 5: wave#0#13#0
[info] message from 17: wave#0#17#0
[info] message from 11: wave#0#17#0
[info] message from 4: wave#0#17#0
[info] message from 12: wave#0#17#0
[info] message from 10: wave#0#17#0
[info] message from 14: wave#0#17#0
[info] message from 5: wave#0#17#0
[info] after round 0 : parent is ['6'] and leader id is 17
[info] send message to 6: wave#0#17#1
[info] message from 2: wave#1#16#0
[info] send message to 1: wave#1#16#0
[info] send message to 3: wave#1#16#0
[info] send message to 4: wave#1#16#0
[info] send message to 5: wave#1#16#0
[info] send message to 6: wave#1#16#0
[info] send message to 7: wave#1#16#0
[info] send message to 8: wave#1#16#0
[info] send message to 9: wave#1#16#0
[info] send message to 10: wave#1#16#0
[info] send message to 11: wave#1#16#0
[info] send message to 12: wave#1#16#0
[info] send message to 13: wave#1#16#0
[info] send message to 14: wave#1#16#0
[info] send message to 15: wave#1#16#0
[info] send message to 16: wave#1#16#0
[info] send message to 17: wave#1#16#0
[info] send message to 18: wave#1#16#0
[info] send message to 19: wave#1#16#0
[info] send message to 20: wave#1#16#0
[info] message from 1: wave#1#16#0
[info] message from 9: wave#1#16#0
[info] message from 3: wave#1#16#0
[info] message from 4: wave#1#16#0
[info] message from 7: wave#1#16#0
[info] message from 6: wave#1#16#0
[info] message from 8: wave#1#16#0
[info] message from 10: wave#1#16#0
[info] message from 11: wave#1#16#0
[info] message from 12: wave#1#16#0
[info] message from 13: wave#1#16#0
[info] message from 14: wave#1#16#0
[info] message from 5: wave#1#16#0
[info] message from 15: wave#1#16#0
[info] message from 16: wave#1#16#0
[info] message from 18: wave#1#16#0
[info] message from 17: wave#1#16#0
[info] message from 19: wave#1#16#0
[info] message from 20: wave#1#16#0
[info] after round 1 : parent is ['2'] and leader id is 16
[info] send message to 2: wave#1#16#1
[info] message from 1: exit
[info] send message to 2: exit
[info] send message to 3: exit
[info] send message to 4: exit
[info] send message to 5: exit
[info] send message to 6: exit
[info] send message to 7: exit
[info] send message to 8: exit
[info] send message to 9: exit
[info] send message to 10: exit
[info] send message to 11: exit
[info] send message to 12: exit
[info] send message to 13: exit
[info] send message to 14: exit
[info] send message to 15: exit
[info] send message to 16: exit
[info] send message to 17: exit
[info] send message to 19: exit
[info] send message to 20: exit
