[info] Hello from node22
[info] I'm connected to nodes ['21', '22', '23']
[info] I have edges [('22', '21'), ('22', '22'), ('22', '23')]
[info] -- round 0 started!
[info] -- new id 32 selected!
[info] send message to 21: wave#0#32#0
[info] send message to 22: wave#0#32#0
[info] send message to 23: wave#0#32#0
[info] message from 23: wave#0#21#0
[info] message from 23: wave#0#43#0
[info] send message to 21: wave#0#43#0
[info] send message to 22: wave#0#43#0
[info] message from 21: wave#0#30#0
[info] message from 22: wave#0#32#0
[info] message from 22: wave#0#43#0
[info] message from 21: wave#0#43#2
[info] after round 0 : parent is ['23'] and leader id is 43
[info] send message to 23: wave#0#43#3
[info] message from 21: wave#0#43#3
[info] after round 0 : parent is ['23'] and leader id is 43
[info] send message to 23: wave#0#43#6
[info] message from 21: wave#0#43#4
[info] after round 0 : parent is ['23'] and leader id is 43
[info] send message to 23: wave#0#43#10
[info] message from 23: wave#1#43#0
[info] send message to 21: wave#1#43#0
[info] send message to 22: wave#1#43#0
[info] message from 22: wave#1#43#0
[info] message from 21: wave#0#44#0
[info] message from 21: wave#1#43#21
[info] after round 1 : parent is ['23'] and leader id is 43
[info] send message to 23: wave#1#43#22
[info] message from 23: exit
[info] send message to 21: exit
