[info] Hello from node23
[info] I'm connected to nodes ['22', '23', '24']
[info] I have edges [('23', '22'), ('23', '23'), ('23', '24')]
[info] -- round 0 started!
[info] -- new id 21 selected!
[info] send message to 22: wave#0#21#0
[info] send message to 23: wave#0#21#0
[info] send message to 24: wave#0#21#0
[info] message from 23: wave#0#21#0
[info] message from 24: wave#0#43#0
[info] send message to 22: wave#0#43#0
[info] send message to 23: wave#0#43#0
[info] message from 23: wave#0#43#0
[info] message from 22: wave#0#32#0
[info] message from 22: wave#0#43#3
[info] after round 0 : parent is ['24'] and leader id is 43
[info] send message to 24: wave#0#43#4
[info] message from 24: wave#1#43#0
[info] send message to 22: wave#1#43#0
[info] send message to 23: wave#1#43#0
[info] message from 22: wave#0#43#6
[info] message from 22: wave#0#43#10
[info] message from 23: wave#1#43#0
[info] message from 22: wave#1#43#22
[info] after round 1 : parent is ['24'] and leader id is 43
[info] send message to 24: wave#1#43#23
[info] message from 24: exit
[info] send message to 22: exit
