[info] Hello from node28
[info] I'm connected to nodes ['27', '28', '29']
[info] I have edges [('28', '27'), ('28', '28'), ('28', '29')]
[info] -- round 0 started!
[info] -- new id 16 selected!
[info] send message to 27: wave#0#16#0
[info] send message to 28: wave#0#16#0
[info] send message to 29: wave#0#16#0
[info] message from 28: wave#0#16#0
[info] message from 27: wave#0#43#0
[info] send message to 28: wave#0#43#0
[info] send message to 29: wave#0#43#0
[info] message from 28: wave#0#43#0
[info] message from 29: wave#0#25#0
[info] message from 29: wave#0#43#1
[info] after round 0 : parent is ['27'] and leader id is 43
[info] send message to 27: wave#0#43#2
[info] message from 29: wave#0#43#1
[info] after round 0 : parent is ['27'] and leader id is 43
[info] send message to 27: wave#0#43#3
[info] message from 27: wave#1#43#0
[info] send message to 28: wave#1#43#0
[info] send message to 29: wave#1#43#0
[info] message from 28: wave#1#43#0
[info] message from 29: wave#1#43#17
[info] after round 1 : parent is ['27'] and leader id is 43
[info] send message to 27: wave#1#43#18
[info] message from 27: exit
[info] send message to 29: exit
