[info] Hello from node40
[info] I'm connected to nodes ['39', '40', '41']
[info] I have edges [('40', '39'), ('40', '40'), ('40', '41')]
[info] -- round 0 started!
[info] -- new id 34 selected!
[info] send message to 39: wave#0#34#0
[info] send message to 40: wave#0#34#0
[info] send message to 41: wave#0#34#0
[info] message from 41: wave#0#32#0
[info] message from 39: wave#0#33#0
[info] message from 40: wave#0#34#0
[info] message from 39: wave#0#44#0
[info] send message to 40: wave#0#44#0
[info] send message to 41: wave#0#44#0
[info] message from 40: wave#0#44#0
[info] message from 41: wave#0#35#0
[info] message from 39: wave#1#43#0
[info] send message to 40: wave#1#43#0
[info] send message to 41: wave#1#43#0
[info] message from 40: wave#1#43#0
[info] message from 41: wave#1#43#5
[info] after round 1 : parent is ['39'] and leader id is 43
[info] send message to 39: wave#1#43#6
[info] message from 39: exit
[info] send message to 41: exit
