[info] Hello from node20
[info] I'm connected to nodes ['19', '20', '21']
[info] I have edges [('20', '19'), ('20', '20'), ('20', '21')]
[info] -- round 0 started!
[info] -- new id 18 selected!
[info] send message to 19: wave#0#18#0
[info] send message to 20: wave#0#18#0
[info] send message to 21: wave#0#18#0
[info] message from 21: wave#0#30#0
[info] send message to 19: wave#0#30#0
[info] send message to 20: wave#0#30#0
[info] message from 21: wave#0#32#0
[info] send message to 19: wave#0#32#0
[info] send message to 20: wave#0#32#0
[info] message from 19: wave#0#20#0
[info] message from 19: wave#0#36#0
[info] send message to 20: wave#0#36#0
[info] send message to 21: wave#0#36#0
[info] message from 21: wave#0#43#0
[info] send message to 19: wave#0#43#0
[info] send message to 20: wave#0#43#0
[info] message from 20: wave#0#18#0
[info] message from 19: wave#0#43#0
[info] after round 0 : parent is ['21'] and leader id is 43
[info] send message to 21: wave#0#43#1
[info] message from 20: wave#0#30#0
[info] after round 0 : parent is ['21'] and leader id is 43
[info] send message to 21: wave#0#43#1
[info] message from 20: wave#0#32#0
[info] after round 0 : parent is ['21'] and leader id is 43
[info] send message to 21: wave#0#43#1
[info] message from 19: wave#0#44#0
[info] send message to 20: wave#0#44#0
[info] send message to 21: wave#0#44#0
[info] message from 20: wave#0#36#0
[info] message from 20: wave#0#43#0
[info] message from 20: wave#0#44#0
[info] message from 21: wave#1#43#0
[info] send message to 19: wave#1#43#0
[info] send message to 20: wave#1#43#0
[info] message from 20: wave#1#43#0
[info] message from 19: wave#1#43#19
[info] after round 1 : parent is ['21'] and leader id is 43
[info] send message to 21: wave#1#43#20
[info] message from 21: exit
[info] send message to 19: exit
