[info] Hello from node18
[info] I'm connected to nodes ['17', '18', '19']
[info] I have edges [('18', '17'), ('18', '18'), ('18', '19')]
[info] -- round 0 started!
[info] -- new id 36 selected!
[info] send message to 17: wave#0#36#0
[info] send message to 18: wave#0#36#0
[info] send message to 19: wave#0#36#0
[info] message from 18: wave#0#36#0
[info] message from 19: wave#0#20#0
[info] message from 17: wave#0#43#0
[info] send message to 18: wave#0#43#0
[info] send message to 19: wave#0#43#0
[info] message from 18: wave#0#43#0
[info] message from 17: wave#0#44#0
[info] send message to 18: wave#0#44#0
[info] send message to 19: wave#0#44#0
[info] message from 18: wave#0#44#0
[info] message from 19: wave#1#43#0
[info] send message to 17: wave#1#43#0
[info] send message to 18: wave#1#43#0
[info] message from 17: wave#0#45#0
[info] message from 18: wave#1#43#0
[info] message from 17: wave#1#43#17
[info] after round 1 : parent is ['19'] and leader id is 43
[info] send message to 19: wave#1#43#18
[info] message from 19: exit
[info] send message to 17: exit
