[info] Hello from node14
[info] I'm connected to nodes ['13', '14', '15']
[info] I have edges [('14', '13'), ('14', '14'), ('14', '15')]
[info] -- round 0 started!
[info] -- new id 23 selected!
[info] send message to 13: wave#0#23#0
[info] send message to 14: wave#0#23#0
[info] send message to 15: wave#0#23#0
[info] message from 15: wave#0#6#0
[info] message from 14: wave#0#23#0
[info] message from 15: wave#0#28#0
[info] send message to 13: wave#0#28#0
[info] send message to 14: wave#0#28#0
[info] message from 14: wave#0#28#0
[info] message from 15: wave#0#29#0
[info] send message to 13: wave#0#29#0
[info] send message to 14: wave#0#29#0
[info] message from 14: wave#0#29#0
[info] message from 13: wave#0#26#0
[info] message from 13: wave#0#34#0
[info] send message to 14: wave#0#34#0
[info] send message to 15: wave#0#34#0
[info] message from 14: wave#0#34#0
[info] message from 15: wave#0#33#0
[info] message from 15: wave#0#34#6
[info] after round 0 : parent is ['13'] and leader id is 34
[info] send message to 13: wave#0#34#7
[info] message from 13: exit
[info] send message to 15: exit
