[info] Hello from node24
[info] I'm connected to nodes ['23', '24', '25']
[info] I have edges [('24', '23'), ('24', '24'), ('24', '25')]
[info] -- round 0 started!
[info] -- new id 1 selected!
[info] send message to 23: wave#0#1#0
[info] send message to 24: wave#0#1#0
[info] send message to 25: wave#0#1#0
[info] message from 25: wave#0#22#0
[info] send message to 23: wave#0#22#0
[info] send message to 24: wave#0#22#0
[info] message from 24: wave#0#1#0
[info] message from 23: wave#0#33#0
[info] send message to 24: wave#0#33#0
[info] send message to 25: wave#0#33#0
[info] message from 24: wave#0#22#0
[info] message from 24: wave#0#33#0
[info] message from 25: wave#0#30#0
[info] message from 25: wave#0#34#0
[info] send message to 23: wave#0#34#0
[info] send message to 24: wave#0#34#0
[info] message from 24: wave#0#34#0
[info] message from 23: wave#0#34#3
[info] after round 0 : parent is ['25'] and leader id is 34
[info] send message to 25: wave#0#34#4
[info] message from 25: exit
[info] send message to 23: exit
