[info] Hello from node17
[info] I'm connected to nodes ['16', '17', '18']
[info] I have edges [('17', '16'), ('17', '17'), ('17', '18')]
[info] -- round 0 started!
[info] -- new id 29 selected!
[info] send message to 16: wave#0#29#0
[info] send message to 17: wave#0#29#0
[info] send message to 18: wave#0#29#0
[info] message from 17: wave#0#29#0
[info] message from 18: wave#0#24#0
[info] message from 16: wave#0#28#0
[info] message from 18: wave#0#33#0
[info] send message to 16: wave#0#33#0
[info] send message to 17: wave#0#33#0
[info] message from 17: wave#0#33#0
[info] message from 16: wave#0#34#0
[info] send message to 17: wave#0#34#0
[info] send message to 18: wave#0#34#0
[info] message from 17: wave#0#34#0
[info] message from 18: wave#0#34#3
[info] after round 0 : parent is ['16'] and leader id is 34
[info] send message to 16: wave#0#34#4
[info] message from 16: exit
[info] send message to 18: exit
