[info] Hello from node35
[info] I'm connected to nodes ['1', '34', '35']
[info] I have edges [('35', '1'), ('35', '34'), ('35', '35')]
[info] -- round 0 started!
[info] -- new id 26 selected!
[info] send message to 1: wave#0#26#0
[info] send message to 34: wave#0#26#0
[info] send message to 35: wave#0#26#0
[info] message from 1: wave#0#20#0
[info] message from 34: wave#0#9#0
[info] message from 1: wave#0#34#0
[info] send message to 34: wave#0#34#0
[info] send message to 35: wave#0#34#0
[info] message from 35: wave#0#26#0
[info] message from 34: wave#0#32#0
[info] message from 35: wave#0#34#0
[info] message from 34: wave#0#34#14
[info] after round 0 : parent is ['1'] and leader id is 34
[info] send message to 1: wave#0#34#15
[info] message from 1: exit
[info] send message to 34: exit
