[info] Hello from node7
[info] I'm connected to nodes ['1', '7']
[info] I have edges [('7', '1'), ('7', '7')]
[info] -- round 0 started!
[info] -- new id 16 selected!
[info] send message to 1: wave#0#16#0
[info] send message to 7: wave#0#16#0
[info] message from 1: wave#0#5#0
[info] message from 7: wave#0#16#0
[info] message from 1: wave#0#23#0
[info] send message to 7: wave#0#23#0
[info] message from 7: wave#0#23#0
[info] after round 0 : parent is ['1'] and leader id is 23
[info] send message to 1: wave#0#23#1
[info] message from 1: wave#0#25#0
[info] send message to 7: wave#0#25#0
[info] message from 7: wave#0#25#0
[info] after round 0 : parent is ['1'] and leader id is 25
[info] send message to 1: wave#0#25#1
[info] message from 1: wave#1#22#0
[info] send message to 7: wave#1#22#0
[info] message from 7: wave#1#22#0
[info] after round 1 : parent is ['1'] and leader id is 22
[info] send message to 1: wave#1#22#1
[info] message from 1: exit
