[info] Hello from node14
[info] I'm connected to nodes ['1', '14']
[info] I have edges [('14', '1'), ('14', '14')]
[info] -- round 0 started!
[info] -- new id 19 selected!
[info] send message to 1: wave#0#19#0
[info] send message to 14: wave#0#19#0
[info] message from 1: wave#0#5#0
[info] message from 14: wave#0#19#0
[info] message from 1: wave#0#16#0
[info] message from 1: wave#0#23#0
[info] send message to 14: wave#0#23#0
[info] message from 14: wave#0#23#0
[info] after round 0 : parent is ['1'] and leader id is 23
[info] send message to 1: wave#0#23#1
[info] message from 1: wave#0#25#0
[info] send message to 14: wave#0#25#0
[info] message from 14: wave#0#25#0
[info] after round 0 : parent is ['1'] and leader id is 25
[info] send message to 1: wave#0#25#1
[info] message from 1: wave#1#22#0
[info] send message to 14: wave#1#22#0
[info] message from 14: wave#1#22#0
[info] after round 1 : parent is ['1'] and leader id is 22
[info] send message to 1: wave#1#22#1
[info] message from 1: exit
