[info] Hello from node19
[info] I'm connected to nodes ['1', '19']
[info] I have edges [('19', '1'), ('19', '19')]
[info] -- round 0 started!
[info] -- new id 23 selected!
[info] send message to 1: wave#0#23#0
[info] send message to 19: wave#0#23#0
[info] message from 1: wave#0#5#0
[info] message from 19: wave#0#23#0
[info] message from 1: wave#0#16#0
[info] message from 1: wave#0#23#0
[info] after round 0 : parent is [] and leader id is 23
[info] -- round 1 started!
[info] -- new id 19 selected!
[info] send message to 1: wave#1#19#0
[info] send message to 19: wave#1#19#0
[info] message from 19: wave#1#19#0
[info] message from 1: wave#0#25#0
[info] message from 1: wave#1#22#0
[info] send message to 19: wave#1#22#0
[info] message from 19: wave#1#22#0
[info] after round 1 : parent is ['1'] and leader id is 22
[info] send message to 1: wave#1#22#1
[info] message from 1: exit
