[info] Hello from node17
[info] I'm connected to nodes ['1', '17']
[info] I have edges [('17', '1'), ('17', '17')]
[info] -- round 0 started!
[info] -- new id 6 selected!
[info] send message to 1: wave#0#6#0
[info] send message to 17: wave#0#6#0
[info] message from 1: wave#0#5#0
[info] message from 17: wave#0#6#0
[info] message from 1: wave#0#16#0
[info] send message to 17: wave#0#16#0
[info] message from 17: wave#0#16#0
[info] after round 0 : parent is ['1'] and leader id is 16
[info] send message to 1: wave#0#16#1
[info] message from 1: wave#0#23#0
[info] send message to 17: wave#0#23#0
[info] message from 17: wave#0#23#0
[info] after round 0 : parent is ['1'] and leader id is 23
[info] send message to 1: wave#0#23#1
[info] message from 1: wave#0#25#0
[info] send message to 17: wave#0#25#0
[info] message from 17: wave#0#25#0
[info] after round 0 : parent is ['1'] and leader id is 25
[info] send message to 1: wave#0#25#1
[info] message from 1: wave#1#22#0
[info] send message to 17: wave#1#22#0
[info] message from 17: wave#1#22#0
[info] after round 1 : parent is ['1'] and leader id is 22
[info] send message to 1: wave#1#22#1
[info] message from 1: exit
