[info] Hello from node4
[info] I'm connected to nodes ['3', '4', '5']
[info] I have edges [('4', '3'), ('4', '4'), ('4', '5')]
[info] -- round 0 started!
[info] -- new id 2 selected!
[info] send message to 3: wave#0#2#0
[info] send message to 4: wave#0#2#0
[info] send message to 5: wave#0#2#0
[info] message from 5: wave#0#5#0
[info] send message to 3: wave#0#5#0
[info] send message to 4: wave#0#5#0
[info] message from 4: wave#0#2#0
[info] message from 3: wave#0#4#0
[info] message from 4: wave#0#5#0
[info] message from 3: wave#1#3#0
[info] send message to 4: wave#1#3#0
[info] send message to 5: wave#1#3#0
[info] message from 4: wave#1#3#0
[info] message from 5: wave#1#3#1
[info] after round 1 : parent is ['3'] and leader id is 3
[info] send message to 3: wave#1#3#2
[info] message from 3: exit
[info] send message to 5: exit
