[info] Hello from node34
[info] I'm connected to nodes ['33', '34', '35']
[info] I have edges [('34', '33'), ('34', '34'), ('34', '35')]
[info] -- round 0 started!
[info] -- new id 7 selected!
[info] send message to 33: wave#0#7#0
[info] send message to 34: wave#0#7#0
[info] send message to 35: wave#0#7#0
[info] message from 33: wave#0#28#0
[info] send message to 34: wave#0#28#0
[info] send message to 35: wave#0#28#0
[info] message from 34: wave#0#7#0
[info] message from 34: wave#0#28#0
[info] message from 35: wave#0#29#0
[info] send message to 33: wave#0#29#0
[info] send message to 34: wave#0#29#0
[info] message from 34: wave#0#29#0
[info] message from 33: wave#0#32#0
[info] send message to 34: wave#0#32#0
[info] send message to 35: wave#0#32#0
[info] message from 34: wave#0#32#0
[info] message from 33: wave#0#34#0
[info] send message to 34: wave#0#34#0
[info] send message to 35: wave#0#34#0
[info] message from 35: wave#0#32#1
[info] message from 34: wave#0#34#0
[info] message from 35: wave#0#34#1
[info] after round 0 : parent is ['33'] and leader id is 34
[info] send message to 33: wave#0#34#2
[info] message from 33: wave#1#21#0
[info] send message to 34: wave#1#21#0
[info] send message to 35: wave#1#21#0
[info] message from 34: wave#1#21#0
[info] message from 35: wave#1#21#1
[info] after round 1 : parent is ['33'] and leader id is 21
[info] send message to 33: wave#1#21#2
[info] message from 33: exit
[info] send message to 35: exit
