[info] Hello from node35
[info] I'm connected to nodes ['34', '35']
[info] I have edges [('35', '34'), ('35', '35')]
[info] -- round 0 started!
[info] -- new id 29 selected!
[info] send message to 34: wave#0#29#0
[info] send message to 35: wave#0#29#0
[info] message from 34: wave#0#7#0
[info] message from 34: wave#0#28#0
[info] message from 35: wave#0#29#0
[info] message from 34: wave#0#32#0
[info] send message to 35: wave#0#32#0
[info] message from 35: wave#0#32#0
[info] after round 0 : parent is ['34'] and leader id is 32
[info] send message to 34: wave#0#32#1
[info] message from 34: wave#0#34#0
[info] send message to 35: wave#0#34#0
[info] message from 35: wave#0#34#0
[info] after round 0 : parent is ['34'] and leader id is 34
[info] send message to 34: wave#0#34#1
[info] message from 34: wave#1#21#0
[info] send message to 35: wave#1#21#0
[info] message from 35: wave#1#21#0
[info] after round 1 : parent is ['34'] and leader id is 21
[info] send message to 34: wave#1#21#1
[info] message from 34: exit
