[info] Hello from node1
[info] I'm connected to nodes ['1', '2']
[info] I have edges [('1', '1'), ('1', '2')]
[info] -- round 0 started!
[info] -- new id 24 selected!
[info] send message to 1: wave#0#24#0
[info] send message to 2: wave#0#24#0
[info] message from 2: wave#0#13#0
[info] message from 1: wave#0#24#0
[info] message from 2: wave#0#30#0
[info] send message to 1: wave#0#30#0
[info] message from 1: wave#0#30#0
[info] after round 0 : parent is ['2'] and leader id is 30
[info] send message to 2: wave#0#30#1
[info] message from 2: wave#0#35#0
[info] send message to 1: wave#0#35#0
[info] message from 1: wave#0#35#0
[info] after round 0 : parent is ['2'] and leader id is 35
[info] send message to 2: wave#0#35#1
[info] message from 2: wave#1#21#0
[info] send message to 1: wave#1#21#0
[info] message from 1: wave#1#21#0
[info] after round 1 : parent is ['2'] and leader id is 21
[info] send message to 2: wave#1#21#1
[info] message from 2: exit
