[info] Hello from node6
[info] I'm connected to nodes ['5', '6', '7']
[info] I have edges [('6', '5'), ('6', '6'), ('6', '7')]
[info] -- round 0 started!
[info] -- new id 35 selected!
[info] send message to 5: wave#0#35#0
[info] send message to 6: wave#0#35#0
[info] send message to 7: wave#0#35#0
[info] message from 7: wave#0#21#0
[info] message from 6: wave#0#35#0
[info] message from 5: wave#0#26#0
[info] message from 5: wave#0#30#0
[info] message from 5: wave#0#35#5
[info] message from 7: wave#1#21#0
[info] send message to 5: wave#1#21#0
[info] send message to 6: wave#1#21#0
[info] message from 6: wave#1#21#0
[info] message from 5: wave#1#21#5
[info] after round 1 : parent is ['7'] and leader id is 21
[info] send message to 7: wave#1#21#6
[info] message from 7: exit
[info] send message to 5: exit
