[info] Hello from node11
[info] I'm connected to nodes ['10', '11', '12']
[info] I have edges [('11', '10'), ('11', '11'), ('11', '12')]
[info] -- round 0 started!
[info] -- new id 38 selected!
[info] send message to 10: wave#0#38#0
[info] send message to 11: wave#0#38#0
[info] send message to 12: wave#0#38#0
[info] message from 12: wave#0#40#0
[info] send message to 10: wave#0#40#0
[info] send message to 11: wave#0#40#0
[info] message from 11: wave#0#38#0
[info] message from 10: wave#0#44#0
[info] send message to 11: wave#0#44#0
[info] send message to 12: wave#0#44#0
[info] message from 11: wave#0#40#0
[info] message from 11: wave#0#44#0
[info] message from 12: wave#0#45#0
[info] send message to 10: wave#0#45#0
[info] send message to 11: wave#0#45#0
[info] message from 10: wave#0#45#0
[info] message from 11: wave#0#45#0
[info] after round 0 : parent is ['12'] and leader id is 45
[info] send message to 12: wave#0#45#1
[info] message from 10: exit
[info] send message to 12: exit
