[info] Hello from node33
[info] I'm connected to nodes ['32', '33', '34']
[info] I have edges [('33', '32'), ('33', '33'), ('33', '34')]
[info] -- round 0 started!
[info] -- new id 17 selected!
[info] send message to 32: wave#0#17#0
[info] send message to 33: wave#0#17#0
[info] send message to 34: wave#0#17#0
[info] message from 34: wave#0#4#0
[info] message from 33: wave#0#17#0
[info] message from 32: wave#0#6#0
[info] message from 34: wave#0#33#0
[info] send message to 32: wave#0#33#0
[info] send message to 33: wave#0#33#0
[info] message from 33: wave#0#33#0
[info] message from 34: wave#0#45#0
[info] send message to 32: wave#0#45#0
[info] send message to 33: wave#0#45#0
[info] message from 32: wave#0#36#0
[info] message from 33: wave#0#45#0
[info] message from 32: wave#0#45#22
[info] after round 0 : parent is ['34'] and leader id is 45
[info] send message to 34: wave#0#45#23
[info] message from 34: exit
[info] send message to 32: exit
