[info] Hello from node19
[info] I'm connected to nodes ['18', '19', '20']
[info] I have edges [('19', '18'), ('19', '19'), ('19', '20')]
[info] -- round 0 started!
[info] -- new id 37 selected!
[info] send message to 18: wave#0#37#0
[info] send message to 19: wave#0#37#0
[info] send message to 20: wave#0#37#0
[info] message from 18: wave#0#28#0
[info] message from 18: wave#0#38#0
[info] send message to 19: wave#0#38#0
[info] send message to 20: wave#0#38#0
[info] message from 19: wave#0#37#0
[info] message from 20: wave#0#21#0
[info] message from 19: wave#0#38#0
[info] message from 20: wave#0#29#0
[info] message from 18: wave#0#41#0
[info] send message to 19: wave#0#41#0
[info] send message to 20: wave#0#41#0
[info] message from 19: wave#0#41#0
[info] message from 18: wave#0#44#0
[info] send message to 19: wave#0#44#0
[info] send message to 20: wave#0#44#0
[info] message from 19: wave#0#44#0
[info] message from 20: wave#0#45#0
[info] send message to 18: wave#0#45#0
[info] send message to 19: wave#0#45#0
[info] message from 19: wave#0#45#0
[info] message from 18: wave#0#45#8
[info] after round 0 : parent is ['20'] and leader id is 45
[info] send message to 20: wave#0#45#9
[info] message from 20: exit
[info] send message to 18: exit
