[info] Hello from node2
[info] I'm connected to nodes ['1', '2', '3']
[info] I have edges [('2', '1'), ('2', '2'), ('2', '3')]
[info] -- round 0 started!
[info] -- new id 25 selected!
[info] send message to 1: wave#0#25#0
[info] send message to 2: wave#0#25#0
[info] send message to 3: wave#0#25#0
[info] message from 3: wave#0#14#0
[info] message from 2: wave#0#25#0
[info] message from 3: wave#0#25#1
[info] message from 1: wave#0#16#0
[info] message from 3: wave#0#32#0
[info] send message to 1: wave#0#32#0
[info] send message to 2: wave#0#32#0
[info] message from 2: wave#0#32#0
[info] message from 3: wave#0#37#0
[info] send message to 1: wave#0#37#0
[info] send message to 2: wave#0#37#0
[info] message from 2: wave#0#37#0
[info] message from 3: wave#0#44#0
[info] send message to 1: wave#0#44#0
[info] send message to 2: wave#0#44#0
[info] message from 2: wave#0#44#0
[info] message from 1: wave#0#44#2
[info] after round 0 : parent is ['3'] and leader id is 44
[info] send message to 3: wave#0#44#3
[info] message from 1: wave#0#44#3
[info] after round 0 : parent is ['3'] and leader id is 44
[info] send message to 3: wave#0#44#6
[info] message from 1: wave#0#44#4
[info] after round 0 : parent is ['3'] and leader id is 44
[info] send message to 3: wave#0#44#10
[info] message from 1: wave#0#44#5
[info] after round 0 : parent is ['3'] and leader id is 44
[info] send message to 3: wave#0#44#15
[info] message from 1: wave#0#44#6
[info] after round 0 : parent is ['3'] and leader id is 44
[info] send message to 3: wave#0#44#21
[info] message from 1: wave#0#44#7
[info] after round 0 : parent is ['3'] and leader id is 44
[info] send message to 3: wave#0#44#28
[info] message from 1: wave#0#45#0
[info] send message to 2: wave#0#45#0
[info] send message to 3: wave#0#45#0
[info] message from 2: wave#0#45#0
[info] message from 3: wave#0#45#8
[info] after round 0 : parent is ['1'] and leader id is 45
[info] send message to 1: wave#0#45#9
[info] message from 1: exit
[info] send message to 3: exit
