[info] Hello from node9
[info] I'm connected to nodes ['8', '9', '10']
[info] I have edges [('9', '8'), ('9', '9'), ('9', '10')]
[info] -- round 0 started!
[info] -- new id 7 selected!
[info] send message to 8: wave#0#7#0
[info] send message to 9: wave#0#7#0
[info] send message to 10: wave#0#7#0
[info] message from 10: wave#0#44#0
[info] send message to 8: wave#0#44#0
[info] send message to 9: wave#0#44#0
[info] message from 8: wave#0#8#0
[info] message from 9: wave#0#7#0
[info] message from 8: wave#0#34#0
[info] message from 9: wave#0#44#0
[info] message from 8: wave#0#44#9
[info] after round 0 : parent is ['10'] and leader id is 44
[info] send message to 10: wave#0#44#10
[info] message from 8: wave#0#44#45
[info] after round 0 : parent is ['10'] and leader id is 44
[info] send message to 10: wave#0#44#55
[info] message from 8: wave#0#44#165
[info] after round 0 : parent is ['10'] and leader id is 44
[info] send message to 10: wave#0#44#220
[info] message from 8: wave#0#44#495
[info] after round 0 : parent is ['10'] and leader id is 44
[info] send message to 10: wave#0#44#715
[info] message from 8: wave#0#44#1287
[info] after round 0 : parent is ['10'] and leader id is 44
[info] send message to 10: wave#0#44#2002
[info] message from 8: wave#0#44#3003
[info] after round 0 : parent is ['10'] and leader id is 44
[info] send message to 10: wave#0#44#5005
[info] message from 8: wave#0#45#0
[info] send message to 9: wave#0#45#0
[info] send message to 10: wave#0#45#0
[info] message from 9: wave#0#45#0
[info] message from 10: wave#0#45#1
[info] after round 0 : parent is ['8'] and leader id is 45
[info] send message to 8: wave#0#45#2
[info] message from 8: exit
[info] send message to 10: exit
