[info] Hello from node36
[info] I'm connected to nodes ['35', '36', '37']
[info] I have edges [('36', '35'), ('36', '36'), ('36', '37')]
[info] -- round 0 started!
[info] -- new id 29 selected!
[info] send message to 35: wave#0#29#0
[info] send message to 36: wave#0#29#0
[info] send message to 37: wave#0#29#0
[info] message from 37: wave#0#7#0
[info] message from 36: wave#0#29#0
[info] message from 35: wave#0#33#0
[info] send message to 36: wave#0#33#0
[info] send message to 37: wave#0#33#0
[info] message from 36: wave#0#33#0
[info] message from 37: wave#0#45#0
[info] send message to 35: wave#0#45#0
[info] send message to 36: wave#0#45#0
[info] message from 36: wave#0#45#0
[info] message from 35: wave#0#45#25
[info] after round 0 : parent is ['37'] and leader id is 45
[info] send message to 37: wave#0#45#26
[info] message from 37: exit
[info] send message to 35: exit
