[info] Hello from node16
[info] I'm connected to nodes ['15', '16', '17']
[info] I have edges [('16', '15'), ('16', '16'), ('16', '17')]
[info] -- round 0 started!
[info] -- new id 33 selected!
[info] send message to 15: wave#0#33#0
[info] send message to 16: wave#0#33#0
[info] send message to 17: wave#0#33#0
[info] message from 15: wave#0#41#0
[info] send message to 16: wave#0#41#0
[info] send message to 17: wave#0#41#0
[info] message from 17: wave#0#38#0
[info] message from 16: wave#0#33#0
[info] message from 16: wave#0#41#0
[info] message from 15: wave#0#44#0
[info] send message to 16: wave#0#44#0
[info] send message to 17: wave#0#44#0
[info] message from 16: wave#0#44#0
[info] message from 17: wave#0#45#0
[info] send message to 15: wave#0#45#0
[info] send message to 16: wave#0#45#0
[info] message from 16: wave#0#45#0
[info] message from 15: wave#0#45#5
[info] after round 0 : parent is ['17'] and leader id is 45
[info] send message to 17: wave#0#45#6
[info] message from 15: exit
[info] send message to 17: exit
