[info] Hello from node8
[info] I'm connected to nodes ['7', '8', '9']
[info] I have edges [('8', '7'), ('8', '8'), ('8', '9')]
[info] -- round 0 started!
[info] -- new id 8 selected!
[info] send message to 7: wave#0#8#0
[info] send message to 8: wave#0#8#0
[info] send message to 9: wave#0#8#0
[info] message from 8: wave#0#8#0
[info] message from 9: wave#0#7#0
[info] message from 7: wave#0#34#0
[info] send message to 8: wave#0#34#0
[info] send message to 9: wave#0#34#0
[info] message from 8: wave#0#34#0
[info] message from 9: wave#0#44#0
[info] send message to 7: wave#0#44#0
[info] send message to 8: wave#0#44#0
[info] message from 7: wave#0#37#0
[info] message from 8: wave#0#44#0
[info] message from 7: wave#0#44#8
[info] after round 0 : parent is ['9'] and leader id is 44
[info] send message to 9: wave#0#44#9
[info] message from 7: wave#0#44#36
[info] after round 0 : parent is ['9'] and leader id is 44
[info] send message to 9: wave#0#44#45
[info] message from 7: wave#0#44#120
[info] after round 0 : parent is ['9'] and leader id is 44
[info] send message to 9: wave#0#44#165
[info] message from 7: wave#0#44#330
[info] after round 0 : parent is ['9'] and leader id is 44
[info] send message to 9: wave#0#44#495
[info] message from 7: wave#0#44#792
[info] after round 0 : parent is ['9'] and leader id is 44
[info] send message to 9: wave#0#44#1287
[info] message from 7: wave#0#44#1716
[info] after round 0 : parent is ['9'] and leader id is 44
[info] send message to 9: wave#0#44#3003
[info] message from 7: wave#0#45#0
[info] send message to 8: wave#0#45#0
[info] send message to 9: wave#0#45#0
[info] message from 8: wave#0#45#0
[info] message from 9: wave#0#45#2
[info] after round 0 : parent is ['7'] and leader id is 45
[info] send message to 7: wave#0#45#3
[info] message from 7: exit
[info] send message to 9: exit
