[info] Hello from node5
[info] I'm connected to nodes ['4', '5', '6']
[info] I have edges [('5', '4'), ('5', '5'), ('5', '6')]
[info] -- round 0 started!
[info] -- new id 32 selected!
[info] send message to 4: wave#0#32#0
[info] send message to 5: wave#0#32#0
[info] send message to 6: wave#0#32#0
[info] message from 6: wave#0#37#0
[info] send message to 4: wave#0#37#0
[info] send message to 5: wave#0#37#0
[info] message from 4: wave#0#25#0
[info] message from 5: wave#0#32#0
[info] message from 5: wave#0#37#0
[info] message from 6: wave#0#44#0
[info] send message to 4: wave#0#44#0
[info] send message to 5: wave#0#44#0
[info] message from 5: wave#0#44#0
[info] message from 4: wave#0#44#5
[info] after round 0 : parent is ['6'] and leader id is 44
[info] send message to 6: wave#0#44#6
[info] message from 4: wave#0#44#15
[info] after round 0 : parent is ['6'] and leader id is 44
[info] send message to 6: wave#0#44#21
[info] message from 4: wave#0#44#35
[info] after round 0 : parent is ['6'] and leader id is 44
[info] send message to 6: wave#0#44#56
[info] message from 4: wave#0#44#70
[info] after round 0 : parent is ['6'] and leader id is 44
[info] send message to 6: wave#0#44#126
[info] message from 4: wave#0#44#126
[info] after round 0 : parent is ['6'] and leader id is 44
[info] send message to 6: wave#0#44#252
[info] message from 4: wave#0#44#210
[info] after round 0 : parent is ['6'] and leader id is 44
[info] send message to 6: wave#0#44#462
[info] message from 4: wave#0#45#0
[info] send message to 5: wave#0#45#0
[info] send message to 6: wave#0#45#0
[info] message from 5: wave#0#45#0
[info] message from 6: wave#0#45#5
[info] after round 0 : parent is ['4'] and leader id is 45
[info] send message to 4: wave#0#45#6
[info] message from 4: exit
[info] send message to 6: exit
