[info] Hello from node4
[info] I'm connected to nodes ['1', '4']
[info] I have edges [('4', '1'), ('4', '4')]
[info] -- round 0 started!
[info] -- new id 12 selected!
[info] send message to 1: wave#0#12#0
[info] send message to 4: wave#0#12#0
[info] message from 1: wave#0#1#0
[info] message from 4: wave#0#12#0
[info] message from 1: wave#0#7#0
[info] message from 1: wave#0#9#0
[info] message from 1: wave#0#10#0
[info] message from 1: wave#1#11#0
[info] send message to 4: wave#1#11#0
[info] message from 4: wave#1#11#0
[info] after round 1 : parent is ['1'] and leader id is 11
[info] send message to 1: wave#1#11#1
[info] message from 1: wave#1#13#0
[info] send message to 4: wave#1#13#0
[info] message from 4: wave#1#13#0
[info] after round 1 : parent is ['1'] and leader id is 13
[info] send message to 1: wave#1#13#1
[info] message from 1: wave#2#6#0
[info] send message to 4: wave#2#6#0
[info] message from 4: wave#2#6#0
[info] after round 2 : parent is ['1'] and leader id is 6
[info] send message to 1: wave#2#6#1
[info] message from 1: exit
