[info] Hello from node7
[info] I'm connected to nodes ['1', '7']
[info] I have edges [('7', '1'), ('7', '7')]
[info] -- round 0 started!
[info] -- new id 10 selected!
[info] send message to 1: wave#0#10#0
[info] send message to 7: wave#0#10#0
[info] message from 1: wave#0#1#0
[info] message from 7: wave#0#10#0
[info] message from 1: wave#0#7#0
[info] message from 1: wave#0#9#0
[info] message from 1: wave#0#10#0
[info] after round 0 : parent is [] and leader id is 10
[info] -- round 1 started!
[info] -- new id 13 selected!
[info] send message to 1: wave#1#13#0
[info] send message to 7: wave#1#13#0
[info] message from 7: wave#1#13#0
[info] message from 1: wave#0#12#0
[info] message from 1: wave#1#11#0
[info] message from 1: wave#2#6#0
[info] send message to 7: wave#2#6#0
[info] message from 7: wave#2#6#0
[info] after round 2 : parent is ['1'] and leader id is 6
[info] send message to 1: wave#2#6#1
[info] message from 1: exit
