[info] Hello from node23
[info] I'm connected to nodes ['22', '23', '24']
[info] I have edges [('23', '22'), ('23', '23'), ('23', '24')]
[info] -- round 0 started!
[info] -- new id 3 selected!
[info] send message to 22: wave#0#3#0
[info] send message to 23: wave#0#3#0
[info] send message to 24: wave#0#3#0
[info] message from 22: wave#0#1#0
[info] message from 23: wave#0#3#0
[info] message from 24: wave#0#1#0
[info] message from 24: wave#0#25#0
[info] send message to 22: wave#0#25#0
[info] send message to 23: wave#0#25#0
[info] message from 23: wave#0#25#0
[info] message from 22: wave#1#24#0
[info] send message to 23: wave#1#24#0
[info] send message to 24: wave#1#24#0
[info] message from 23: wave#1#24#0
[info] message from 24: wave#1#24#2
[info] after round 1 : parent is ['22'] and leader id is 24
[info] send message to 22: wave#1#24#3
[info] message from 22: exit
[info] send message to 24: exit
