[info] Hello from node19
[info] I'm connected to nodes ['18', '19', '20']
[info] I have edges [('19', '18'), ('19', '19'), ('19', '20')]
[info] -- round 0 started!
[info] -- new id 7 selected!
[info] send message to 18: wave#0#7#0
[info] send message to 19: wave#0#7#0
[info] send message to 20: wave#0#7#0
[info] message from 19: wave#0#7#0
[info] message from 20: wave#0#9#0
[info] send message to 18: wave#0#9#0
[info] send message to 19: wave#0#9#0
[info] message from 19: wave#0#9#0
[info] message from 18: wave#0#4#0
[info] message from 18: wave#0#12#0
[info] send message to 19: wave#0#12#0
[info] send message to 20: wave#0#12#0
[info] message from 19: wave#0#12#0
[info] message from 18: wave#0#24#0
[info] send message to 19: wave#0#24#0
[info] send message to 20: wave#0#24#0
[info] message from 19: wave#0#24#0
[info] message from 20: wave#0#25#0
[info] send message to 18: wave#0#25#0
[info] send message to 19: wave#0#25#0
[info] message from 19: wave#0#25#0
[info] message from 18: wave#1#24#0
[info] send message to 19: wave#1#24#0
[info] send message to 20: wave#1#24#0
[info] message from 19: wave#1#24#0
[info] message from 20: wave#1#24#6
[info] after round 1 : parent is ['18'] and leader id is 24
[info] send message to 18: wave#1#24#7
[info] message from 18: exit
[info] send message to 20: exit
