[info] Hello from node12
[info] I'm connected to nodes ['11', '12', '13']
[info] I have edges [('12', '11'), ('12', '12'), ('12', '13')]
[info] -- round 0 started!
[info] -- new id 23 selected!
[info] send message to 11: wave#0#23#0
[info] send message to 12: wave#0#23#0
[info] send message to 13: wave#0#23#0
[info] message from 12: wave#0#23#0
[info] message from 11: wave#0#1#0
[info] message from 13: wave#0#24#0
[info] send message to 11: wave#0#24#0
[info] send message to 12: wave#0#24#0
[info] message from 12: wave#0#24#0
[info] message from 11: wave#0#24#2
[info] after round 0 : parent is ['13'] and leader id is 24
[info] send message to 13: wave#0#24#3
[info] message from 13: wave#0#25#0
[info] send message to 11: wave#0#25#0
[info] send message to 12: wave#0#25#0
[info] message from 12: wave#0#25#0
[info] message from 11: wave#1#24#0
[info] send message to 12: wave#1#24#0
[info] send message to 13: wave#1#24#0
[info] message from 12: wave#1#24#0
[info] message from 13: wave#1#24#13
[info] after round 1 : parent is ['11'] and leader id is 24
[info] send message to 11: wave#1#24#14
[info] message from 11: exit
[info] send message to 13: exit
