[info] Hello from node22
[info] I'm connected to nodes ['21', '22', '23']
[info] I have edges [('22', '21'), ('22', '22'), ('22', '23')]
[info] -- round 0 started!
[info] -- new id 34 selected!
[info] send message to 21: wave#0#34#0
[info] send message to 22: wave#0#34#0
[info] send message to 23: wave#0#34#0
[info] message from 23: wave#0#27#0
[info] message from 22: wave#0#34#0
[info] message from 21: wave#0#14#0
[info] message from 21: wave#0#34#1
[info] message from 21: wave#0#34#1
[info] message from 21: wave#1#35#0
[info] send message to 22: wave#1#35#0
[info] send message to 23: wave#1#35#0
[info] message from 22: wave#1#35#0
[info] message from 23: wave#1#35#13
[info] after round 1 : parent is ['21'] and leader id is 35
[info] send message to 21: wave#1#35#14
[info] message from 21: exit
[info] send message to 23: exit
