[info] Hello from node4
[info] I'm connected to nodes ['3', '4', '5']
[info] I have edges [('4', '3'), ('4', '4'), ('4', '5')]
[info] -- round 0 started!
[info] -- new id 27 selected!
[info] send message to 3: wave#0#27#0
[info] send message to 4: wave#0#27#0
[info] send message to 5: wave#0#27#0
[info] message from 3: wave#0#13#0
[info] message from 5: wave#0#10#0
[info] message from 4: wave#0#27#0
[info] message from 5: wave#0#25#0
[info] message from 3: wave#0#27#3
[info] message from 5: wave#0#29#0
[info] send message to 3: wave#0#29#0
[info] send message to 4: wave#0#29#0
[info] message from 3: wave#0#27#5
[info] message from 4: wave#0#29#0
[info] message from 5: wave#0#30#0
[info] send message to 3: wave#0#30#0
[info] send message to 4: wave#0#30#0
[info] message from 4: wave#0#30#0
[info] message from 3: wave#0#30#3
[info] after round 0 : parent is ['5'] and leader id is 30
[info] send message to 5: wave#0#30#4
[info] message from 5: wave#0#31#0
[info] send message to 3: wave#0#31#0
[info] send message to 4: wave#0#31#0
[info] message from 4: wave#0#31#0
[info] message from 5: wave#0#32#0
[info] send message to 3: wave#0#32#0
[info] send message to 4: wave#0#32#0
[info] message from 3: wave#0#31#3
[info] message from 4: wave#0#32#0
[info] message from 5: wave#0#34#0
[info] send message to 3: wave#0#34#0
[info] send message to 4: wave#0#34#0
[info] message from 3: wave#0#32#3
[info] message from 4: wave#0#34#0
[info] message from 3: wave#0#34#3
[info] after round 0 : parent is ['5'] and leader id is 34
[info] send message to 5: wave#0#34#4
[info] message from 5: wave#1#35#0
[info] send message to 3: wave#1#35#0
[info] send message to 4: wave#1#35#0
[info] message from 4: wave#1#35#0
[info] message from 3: wave#1#35#3
[info] after round 1 : parent is ['5'] and leader id is 35
[info] send message to 5: wave#1#35#4
[info] message from 5: exit
[info] send message to 3: exit
