[info] Hello from node18
[info] I'm connected to nodes ['17', '18', '19']
[info] I have edges [('18', '17'), ('18', '18'), ('18', '19')]
[info] -- round 0 started!
[info] -- new id 26 selected!
[info] send message to 17: wave#0#26#0
[info] send message to 18: wave#0#26#0
[info] send message to 19: wave#0#26#0
[info] message from 18: wave#0#26#0
[info] message from 19: wave#0#16#0
[info] message from 17: wave#0#2#0
[info] message from 19: wave#0#34#0
[info] send message to 17: wave#0#34#0
[info] send message to 18: wave#0#34#0
[info] message from 17: wave#0#34#0
[info] message from 18: wave#0#34#0
[info] after round 0 : parent is ['19'] and leader id is 34
[info] send message to 19: wave#0#34#1
[info] message from 19: wave#1#35#0
[info] send message to 17: wave#1#35#0
[info] send message to 18: wave#1#35#0
[info] message from 18: wave#1#35#0
[info] message from 17: wave#1#35#17
[info] after round 1 : parent is ['19'] and leader id is 35
[info] send message to 19: wave#1#35#18
[info] message from 19: exit
[info] send message to 17: exit
