[info] Hello from node25
[info] I'm connected to nodes ['24', '25', '26']
[info] I have edges [('25', '24'), ('25', '25'), ('25', '26')]
[info] -- round 0 started!
[info] -- new id 14 selected!
[info] send message to 24: wave#0#14#0
[info] send message to 25: wave#0#14#0
[info] send message to 26: wave#0#14#0
[info] message from 25: wave#0#14#0
[info] message from 26: wave#0#4#0
[info] message from 24: wave#0#8#0
[info] message from 26: wave#0#33#0
[info] send message to 24: wave#0#33#0
[info] send message to 25: wave#0#33#0
[info] message from 25: wave#0#33#0
[info] message from 24: wave#0#27#0
[info] message from 24: wave#0#34#0
[info] send message to 25: wave#0#34#0
[info] send message to 26: wave#0#34#0
[info] message from 25: wave#0#34#0
[info] message from 24: wave#1#35#0
[info] send message to 25: wave#1#35#0
[info] send message to 26: wave#1#35#0
[info] message from 25: wave#1#35#0
[info] message from 26: wave#1#35#10
[info] after round 1 : parent is ['24'] and leader id is 35
[info] send message to 24: wave#1#35#11
[info] message from 24: exit
[info] send message to 26: exit
