[info] Hello from node3
[info] I'm connected to nodes ['2', '3', '4']
[info] I have edges [('3', '2'), ('3', '3'), ('3', '4')]
[info] -- round 0 started!
[info] -- new id 13 selected!
[info] send message to 2: wave#0#13#0
[info] send message to 3: wave#0#13#0
[info] send message to 4: wave#0#13#0
[info] message from 3: wave#0#13#0
[info] message from 4: wave#0#27#0
[info] send message to 2: wave#0#27#0
[info] send message to 3: wave#0#27#0
[info] message from 2: wave#0#7#0
[info] message from 3: wave#0#27#0
[info] message from 2: wave#0#26#0
[info] message from 2: wave#0#27#2
[info] after round 0 : parent is ['4'] and leader id is 27
[info] send message to 4: wave#0#27#3
[info] message from 2: wave#0#27#2
[info] after round 0 : parent is ['4'] and leader id is 27
[info] send message to 4: wave#0#27#5
[info] message from 4: wave#0#29#0
[info] send message to 2: wave#0#29#0
[info] send message to 3: wave#0#29#0
[info] message from 4: wave#0#30#0
[info] send message to 2: wave#0#30#0
[info] send message to 3: wave#0#30#0
[info] message from 3: wave#0#29#0
[info] message from 3: wave#0#30#0
[info] message from 2: wave#0#30#2
[info] after round 0 : parent is ['4'] and leader id is 30
[info] send message to 4: wave#0#30#3
[info] message from 4: wave#0#31#0
[info] send message to 2: wave#0#31#0
[info] send message to 3: wave#0#31#0
[info] message from 3: wave#0#31#0
[info] message from 2: wave#0#31#2
[info] after round 0 : parent is ['4'] and leader id is 31
[info] send message to 4: wave#0#31#3
[info] message from 4: wave#0#32#0
[info] send message to 2: wave#0#32#0
[info] send message to 3: wave#0#32#0
[info] message from 3: wave#0#32#0
[info] message from 2: wave#0#32#2
[info] after round 0 : parent is ['4'] and leader id is 32
[info] send message to 4: wave#0#32#3
[info] message from 4: wave#0#34#0
[info] send message to 2: wave#0#34#0
[info] send message to 3: wave#0#34#0
[info] message from 3: wave#0#34#0
[info] message from 2: wave#0#34#2
[info] after round 0 : parent is ['4'] and leader id is 34
[info] send message to 4: wave#0#34#3
[info] message from 4: wave#1#35#0
[info] send message to 2: wave#1#35#0
[info] send message to 3: wave#1#35#0
[info] message from 3: wave#1#35#0
[info] message from 2: wave#1#35#2
[info] after round 1 : parent is ['4'] and leader id is 35
[info] send message to 4: wave#1#35#3
[info] message from 4: exit
[info] send message to 2: exit
