[info] Hello from node34
[info] I'm connected to nodes ['33', '34', '35']
[info] I have edges [('34', '33'), ('34', '34'), ('34', '35')]
[info] -- round 0 started!
[info] -- new id 5 selected!
[info] send message to 33: wave#0#5#0
[info] send message to 34: wave#0#5#0
[info] send message to 35: wave#0#5#0
[info] message from 35: wave#0#1#0
[info] message from 34: wave#0#5#0
[info] message from 33: wave#0#14#0
[info] send message to 34: wave#0#14#0
[info] send message to 35: wave#0#14#0
[info] message from 35: wave#0#5#1
[info] message from 34: wave#0#14#0
[info] message from 35: wave#0#14#1
[info] after round 0 : parent is ['33'] and leader id is 14
[info] send message to 33: wave#0#14#2
[info] message from 33: wave#0#22#0
[info] send message to 34: wave#0#22#0
[info] send message to 35: wave#0#22#0
[info] message from 34: wave#0#22#0
[info] message from 33: wave#0#26#0
[info] send message to 34: wave#0#26#0
[info] send message to 35: wave#0#26#0
[info] message from 35: wave#0#22#1
[info] message from 34: wave#0#26#0
[info] message from 35: wave#0#26#1
[info] after round 0 : parent is ['33'] and leader id is 26
[info] send message to 33: wave#0#26#2
[info] message from 33: wave#0#33#0
[info] send message to 34: wave#0#33#0
[info] send message to 35: wave#0#33#0
[info] message from 34: wave#0#33#0
[info] message from 35: wave#0#33#1
[info] after round 0 : parent is ['33'] and leader id is 33
[info] send message to 33: wave#0#33#2
[info] message from 33: wave#0#34#0
[info] send message to 34: wave#0#34#0
[info] send message to 35: wave#0#34#0
[info] message from 34: wave#0#34#0
[info] message from 33: wave#1#35#0
[info] send message to 34: wave#1#35#0
[info] send message to 35: wave#1#35#0
[info] message from 34: wave#1#35#0
[info] message from 35: wave#0#34#1
[info] message from 35: wave#1#35#1
[info] after round 1 : parent is ['33'] and leader id is 35
[info] send message to 33: wave#1#35#2
[info] message from 33: exit
[info] send message to 35: exit
