[info] Hello from node20
[info] I'm connected to nodes ['19', '20', '21']
[info] I have edges [('20', '19'), ('20', '20'), ('20', '21')]
[info] -- round 0 started!
[info] -- new id 34 selected!
[info] send message to 19: wave#0#34#0
[info] send message to 20: wave#0#34#0
[info] send message to 21: wave#0#34#0
[info] message from 21: wave#0#14#0
[info] message from 20: wave#0#34#0
[info] message from 19: wave#0#16#0
[info] message from 19: wave#0#26#0
[info] message from 21: wave#0#34#0
[info] message from 19: wave#0#34#2
[info] after round 0 : parent is [] and leader id is 34
[info] -- round 1 started!
[info] -- new id 35 selected!
[info] send message to 19: wave#1#35#0
[info] send message to 20: wave#1#35#0
[info] send message to 21: wave#1#35#0
[info] message from 20: wave#1#35#0
[info] message from 19: wave#1#35#19
[info] message from 21: wave#1#35#15
[info] after round 1 : parent is [] and leader id is 35
[info] send message to 19: exit
[info] send message to 21: exit
