[info] Hello from node28
[info] I'm connected to nodes ['27', '28', '29']
[info] I have edges [('28', '27'), ('28', '28'), ('28', '29')]
[info] -- round 0 started!
[info] -- new id 23 selected!
[info] send message to 27: wave#0#23#0
[info] send message to 28: wave#0#23#0
[info] send message to 29: wave#0#23#0
[info] message from 29: wave#0#29#0
[info] send message to 27: wave#0#29#0
[info] send message to 28: wave#0#29#0
[info] message from 27: wave#0#3#0
[info] message from 27: wave#0#33#0
[info] send message to 28: wave#0#33#0
[info] send message to 29: wave#0#33#0
[info] message from 28: wave#0#23#0
[info] message from 28: wave#0#29#0
[info] message from 28: wave#0#33#0
[info] message from 29: wave#0#34#0
[info] send message to 27: wave#0#34#0
[info] send message to 28: wave#0#34#0
[info] message from 28: wave#0#34#0
[info] message from 29: wave#0#35#0
[info] send message to 27: wave#0#35#0
[info] send message to 28: wave#0#35#0
[info] message from 28: wave#0#35#0
[info] message from 27: wave#0#35#0
[info] after round 0 : parent is ['29'] and leader id is 35
[info] send message to 29: wave#0#35#1
[info] message from 27: exit
[info] send message to 29: exit
