[info] Hello from node1
[info] I'm connected to nodes ['1', '2', '35']
[info] I have edges [('1', '1'), ('1', '2'), ('1', '35')]
[info] -- round 0 started!
[info] -- new id 14 selected!
[info] send message to 1: wave#0#14#0
[info] send message to 2: wave#0#14#0
[info] send message to 35: wave#0#14#0
[info] message from 2: wave#0#11#0
[info] message from 2: wave#0#22#0
[info] send message to 1: wave#0#22#0
[info] send message to 35: wave#0#22#0
[info] message from 1: wave#0#14#0
[info] message from 1: wave#0#22#0
[info] message from 2: wave#0#34#0
[info] send message to 1: wave#0#34#0
[info] send message to 35: wave#0#34#0
[info] message from 1: wave#0#34#0
[info] message from 35: wave#0#9#0
[info] message from 2: wave#0#35#0
[info] send message to 1: wave#0#35#0
[info] send message to 35: wave#0#35#0
[info] message from 1: wave#0#35#0
[info] message from 35: wave#0#35#8
[info] after round 0 : parent is ['2'] and leader id is 35
[info] send message to 2: wave#0#35#9
[info] message from 2: exit
[info] send message to 35: exit
