[info] Hello from node7
[info] I'm connected to nodes ['6', '7', '8']
[info] I have edges [('7', '6'), ('7', '7'), ('7', '8')]
[info] -- round 0 started!
[info] -- new id 27 selected!
[info] send message to 6: wave#0#27#0
[info] send message to 7: wave#0#27#0
[info] send message to 8: wave#0#27#0
[info] message from 6: wave#0#21#0
[info] message from 8: wave#0#9#0
[info] message from 6: wave#0#34#0
[info] send message to 7: wave#0#34#0
[info] send message to 8: wave#0#34#0
[info] message from 7: wave#0#27#0
[info] message from 7: wave#0#34#0
[info] message from 8: wave#0#35#0
[info] send message to 6: wave#0#35#0
[info] send message to 7: wave#0#35#0
[info] message from 7: wave#0#35#0
[info] message from 6: wave#0#35#14
[info] after round 0 : parent is ['8'] and leader id is 35
[info] send message to 8: wave#0#35#15
[info] message from 8: exit
[info] send message to 6: exit
