[info] Hello from node33
[info] I'm connected to nodes ['32', '33', '34']
[info] I have edges [('33', '32'), ('33', '33'), ('33', '34')]
[info] -- round 0 started!
[info] -- new id 29 selected!
[info] send message to 32: wave#0#29#0
[info] send message to 33: wave#0#29#0
[info] send message to 34: wave#0#29#0
[info] message from 34: wave#0#24#0
[info] message from 33: wave#0#29#0
[info] message from 32: wave#0#27#0
[info] message from 34: wave#0#34#0
[info] send message to 32: wave#0#34#0
[info] send message to 33: wave#0#34#0
[info] message from 33: wave#0#34#0
[info] message from 32: wave#0#29#1
[info] message from 34: wave#0#35#0
[info] send message to 32: wave#0#35#0
[info] send message to 33: wave#0#35#0
[info] message from 33: wave#0#35#0
[info] message from 32: wave#0#35#5
[info] after round 0 : parent is ['34'] and leader id is 35
[info] send message to 34: wave#0#35#6
[info] message from 34: exit
[info] send message to 32: exit
