[info] Hello from node15
[info] I'm connected to nodes ['14', '15', '16']
[info] I have edges [('15', '14'), ('15', '15'), ('15', '16')]
[info] -- round 0 started!
[info] -- new id 20 selected!
[info] send message to 14: wave#0#20#0
[info] send message to 15: wave#0#20#0
[info] send message to 16: wave#0#20#0
[info] message from 14: wave#0#15#0
[info] message from 16: wave#0#17#0
[info] message from 15: wave#0#20#0
[info] message from 14: wave#0#20#2
[info] message from 14: wave#0#20#3
[info] message from 16: wave#0#20#5
[info] after round 0 : parent is [] and leader id is 20
[info] -- round 1 started!
[info] -- new id 5 selected!
[info] send message to 14: wave#1#5#0
[info] send message to 15: wave#1#5#0
[info] send message to 16: wave#1#5#0
[info] message from 14: wave#1#13#0
[info] send message to 15: wave#1#13#0
[info] send message to 16: wave#1#13#0
[info] message from 15: wave#1#5#0
[info] message from 14: wave#1#14#0
[info] send message to 15: wave#1#14#0
[info] send message to 16: wave#1#14#0
[info] message from 15: wave#1#13#0
[info] message from 15: wave#1#14#0
[info] message from 16: wave#1#14#5
[info] after round 1 : parent is ['14'] and leader id is 14
[info] send message to 14: wave#1#14#6
[info] message from 14: exit
[info] send message to 16: exit
