[info] Hello from node21
[info] I'm connected to nodes ['1', '2', '3', '4', '5', '6', '7', '8', '9', '10', '11', '12', '13', '14', '15', '16', '17', '18', '19', '20', '21', '22', '23', '24', '25', '26', '27', '28', '29', '30', '31', '32', '33', '34', '35']
[info] I have edges [('21', '1'), ('21', '2'), ('21', '3'), ('21', '4'), ('21', '5'), ('21', '6'), ('21', '7'), ('21', '8'), ('21', '9'), ('21', '10'), ('21', '11'), ('21', '12'), ('21', '13'), ('21', '14'), ('21', '15'), ('21', '16'), ('21', '17'), ('21', '18'), ('21', '19'), ('21', '20'), ('21', '21'), ('21', '22'), ('21', '23'), ('21', '24'), ('21', '25'), ('21', '26'), ('21', '27'), ('21', '28'), ('21', '29'), ('21', '30'), ('21', '31'), ('21', '32'), ('21', '33'), ('21', '34'), ('21', '35')]
[info] -- round 0 started!
[info] -- new id 3 selected!
[info] send message to 1: wave#0#3#0
[info] send message to 2: wave#0#3#0
[info] send message to 3: wave#0#3#0
[info] send message to 4: wave#0#3#0
[info] send message to 5: wave#0#3#0
[info] send message to 6: wave#0#3#0
[info] send message to 7: wave#0#3#0
[info] send message to 8: wave#0#3#0
[info] send message to 9: wave#0#3#0
[info] send message to 10: wave#0#3#0
[info] send message to 11: wave#0#3#0
[info] send message to 12: wave#0#3#0
[info] send message to 13: wave#0#3#0
[info] send message to 14: wave#0#3#0
[info] send message to 15: wave#0#3#0
[info] send message to 16: wave#0#3#0
[info] send message to 17: wave#0#3#0
[info] send message to 18: wave#0#3#0
[info] send message to 19: wave#0#3#0
[info] send message to 20: wave#0#3#0
[info] send message to 21: wave#0#3#0
[info] send message to 22: wave#0#3#0
[info] send message to 23: wave#0#3#0
[info] send message to 24: wave#0#3#0
[info] send message to 25: wave#0#3#0
[info] send message to 26: wave#0#3#0
[info] send message to 27: wave#0#3#0
[info] send message to 28: wave#0#3#0
[info] send message to 29: wave#0#3#0
[info] send message to 30: wave#0#3#0
[info] send message to 31: wave#0#3#0
[info] send message to 32: wave#0#3#0
[info] send message to 33: wave#0#3#0
[info] send message to 34: wave#0#3#0
[info] send message to 35: wave#0#3#0
[info] message from 5: wave#0#19#0
[info] send message to 1: wave#0#19#0
[info] send message to 2: wave#0#19#0
[info] send message to 3: wave#0#19#0
[info] send message to 4: wave#0#19#0
[info] send message to 6: wave#0#19#0
[info] send message to 7: wave#0#19#0
[info] send message to 8: wave#0#19#0
[info] send message to 9: wave#0#19#0
[info] send message to 10: wave#0#19#0
[info] send message to 11: wave#0#19#0
[info] send message to 12: wave#0#19#0
[info] send message to 13: wave#0#19#0
[info] send message to 14: wave#0#19#0
[info] send message to 15: wave#0#19#0
[info] send message to 16: wave#0#19#0
[info] send message to 17: wave#0#19#0
[info] send message to 18: wave#0#19#0
[info] send message to 19: wave#0#19#0
[info] send message to 20: wave#0#19#0
[info] send message to 21: wave#0#19#0
[info] send message to 22: wave#0#19#0
[info] send message to 23: wave#0#19#0
[info] send message to 24: wave#0#19#0
[info] send message to 25: wave#0#19#0
[info] send message to 26: wave#0#19#0
[info] send message to 27: wave#0#19#0
[info] send message to 28: wave#0#19#0
[info] send message to 29: wave#0#19#0
[info] send message to 30: wave#0#19#0
[info] send message to 31: wave#0#19#0
[info] send message to 32: wave#0#19#0
[info] send message to 33: wave#0#19#0
[info] send message to 34: wave#0#19#0
[info] send message to 35: wave#0#19#0
[info] message from 23: wave#0#32#0
[info] send message to 1: wave#0#32#0
[info] send message to 2: wave#0#32#0
[info] send message to 3: wave#0#32#0
[info] send message to 4: wave#0#32#0
[info] send message to 5: wave#0#32#0
[info] send message to 6: wave#0#32#0
[info] send message to 7: wave#0#32#0
[info] send message to 8: wave#0#32#0
[info] send message to 9: wave#0#32#0
[info] send message to 10: wave#0#32#0
[info] send message to 11: wave#0#32#0
[info] send message to 12: wave#0#32#0
[info] send message to 13: wave#0#32#0
[info] send message to 14: wave#0#32#0
[info] send message to 15: wave#0#32#0
[info] send message to 16: wave#0#32#0
[info] send message to 17: wave#0#32#0
[info] send message to 18: wave#0#32#0
[info] send message to 19: wave#0#32#0
[info] send message to 20: wave#0#32#0
[info] send message to 21: wave#0#32#0
[info] send message to 22: wave#0#32#0
[info] send message to 24: wave#0#32#0
[info] send message to 25: wave#0#32#0
[info] send message to 26: wave#0#32#0
[info] send message to 27: wave#0#32#0
[info] send message to 28: wave#0#32#0
[info] send message to 29: wave#0#32#0
[info] send message to 30: wave#0#32#0
[info] send message to 31: wave#0#32#0
[info] send message to 32: wave#0#32#0
[info] send message to 33: wave#0#32#0
[info] send message to 34: wave#0#32#0
[info] send message to 35: wave#0#32#0
[info] message from 8: wave#0#31#0
[info] message from 7: wave#0#7#0
[info] message from 9: wave#0#21#0
[info] message from 3: wave#0#16#0
[info] message from 11: wave#0#4#0
[info] message from 1: wave#0#10#0
[info] message from 2: wave#0#14#0
[info] message from 6: wave#0#31#0
[info] message from 20: wave#0#20#0
[info] message from 4: wave#0#26#0
[info] message from 10: wave#0#8#0
[info] message from 12: wave#0#31#0
[info] message from 28: wave#0#4#0
[info] message from 13: wave#0#11#0
[info] message from 18: wave#0#2#0
[info] message from 21: wave#0#3#0
[info] message from 16: wave#0#22#0
[info] message from 19: wave#0#25#0
[info] message from 15: wave#0#28#0
[info] message from 14: wave#0#17#0
[info] message from 17: wave#0#10#0
[info] message from 24: wave#0#10#0
[info] message from 34: wave#0#24#0
[info] message from 5: wave#0#32#0
[info] message from 22: wave#0#26#0
[info] message from 32: wave#0#28#0
[info] message from 26: wave#0#12#0
[info] message from 25: wave#0#21#0
[info] message from 27: wave#0#4#0
[info] message from 33: wave#0#2#0
[info] message from 30: wave#0#5#0
[info] message from 29: wave#0#32#0
[info] message from 31: wave#0#29#0
[info] message from 35: wave#0#31#0
[info] message from 8: wave#0#32#0
[info] message from 7: wave#0#19#0
[info] message from 3: wave#0#19#0
[info] message from 9: wave#0#32#0
[info] message from 2: wave#0#19#0
[info] message from 11: wave#0#19#0
[info] message from 6: wave#0#32#0
[info] message from 20: wave#0#32#0
[info] message from 1: wave#0#19#0
[info] message from 4: wave#0#32#0
[info] message from 13: wave#0#19#0
[info] message from 12: wave#0#32#0
[info] message from 10: wave#0#19#0
[info] message from 16: wave#0#32#0
[info] message from 28: wave#0#19#0
[info] message from 18: wave#0#19#0
[info] message from 14: wave#0#19#0
[info] message from 21: wave#0#19#0
[info] message from 19: wave#0#32#0
[info] message from 17: wave#0#19#0
[info] message from 15: wave#0#32#0
[info] message from 24: wave#0#19#0
[info] message from 22: wave#0#32#0
[info] message from 32: wave#0#32#0
[info] message from 34: wave#0#32#0
[info] message from 26: wave#0#19#0
[info] message from 25: wave#0#32#0
[info] message from 33: wave#0#19#0
[info] message from 30: wave#0#19#0
[info] message from 27: wave#0#19#0
[info] message from 35: wave#0#32#0
[info] message from 31: wave#0#32#0
[info] message from 7: wave#0#32#0
[info] message from 3: wave#0#32#0
[info] message from 2: wave#0#32#0
[info] message from 11: wave#0#32#0
[info] message from 1: wave#0#32#0
[info] message from 13: wave#0#32#0
[info] message from 10: wave#0#32#0
[info] message from 18: wave#0#32#0
[info] message from 28: wave#0#32#0
[info] message from 14: wave#0#32#0
[info] message from 21: wave#0#32#0
[info] message from 17: wave#0#32#0
[info] message from 24: wave#0#32#0
[info] message from 26: wave#0#32#0
[info] message from 33: wave#0#32#0
[info] message from 27: wave#0#32#0
[info] message from 30: wave#0#32#0
[info] after round 0 : parent is ['23'] and leader id is 32
[info] send message to 23: wave#0#32#1
[info] message from 29: wave#1#23#0
[info] send message to 1: wave#1#23#0
[info] send message to 2: wave#1#23#0
[info] send message to 3: wave#1#23#0
[info] send message to 4: wave#1#23#0
[info] send message to 5: wave#1#23#0
[info] send message to 6: wave#1#23#0
[info] send message to 7: wave#1#23#0
[info] send message to 8: wave#1#23#0
[info] send message to 9: wave#1#23#0
[info] send message to 10: wave#1#23#0
[info] send message to 11: wave#1#23#0
[info] send message to 12: wave#1#23#0
[info] send message to 13: wave#1#23#0
[info] send message to 14: wave#1#23#0
[info] send message to 15: wave#1#23#0
[info] send message to 16: wave#1#23#0
[info] send message to 17: wave#1#23#0
[info] send message to 18: wave#1#23#0
[info] send message to 19: wave#1#23#0
[info] send message to 20: wave#1#23#0
[info] send message to 21: wave#1#23#0
[info] send message to 22: wave#1#23#0
[info] send message to 23: wave#1#23#0
[info] send message to 24: wave#1#23#0
[info] send message to 25: wave#1#23#0
[info] send message to 26: wave#1#23#0
[info] send message to 27: wave#1#23#0
[info] send message to 28: wave#1#23#0
[info] send message to 30: wave#1#23#0
[info] send message to 31: wave#1#23#0
[info] send message to 32: wave#1#23#0
[info] send message to 33: wave#1#23#0
[info] send message to 34: wave#1#23#0
[info] send message to 35: wave#1#23#0
[info] message from 1: wave#1#23#0
[info] message from 2: wave#1#23#0
[info] message from 3: wave#1#23#0
[info] message from 4: wave#1#23#0
[info] message from 6: wave#1#23#0
[info] message from 5: wave#1#23#0
[info] message from 7: wave#1#23#0
[info] message from 23: wave#1#4#0
[info] message from 8: wave#1#23#0
[info] message from 9: wave#1#23#0
[info] message from 11: wave#1#23#0
[info] message from 10: wave#1#23#0
[info] message from 14: wave#1#23#0
[info] message from 13: wave#1#23#0
[info] message from 12: wave#1#23#0
[info] message from 15: wave#1#23#0
[info] message from 16: wave#1#23#0
[info] message from 17: wave#1#23#0
[info] message from 18: wave#1#23#0
[info] message from 19: wave#1#23#0
[info] message from 20: wave#1#23#0
[info] message from 22: wave#1#23#0
[info] message from 25: wave#1#23#0
[info] message from 21: wave#1#23#0
[info] message from 24: wave#1#23#0
[info] message from 26: wave#1#23#0
[info] message from 27: wave#1#23#0
[info] message from 28: wave#1#23#0
[info] message from 31: wave#1#23#0
[info] message from 30: wave#1#23#0
[info] message from 33: wave#1#23#0
[info] message from 34: wave#1#23#0
[info] message from 32: wave#1#23#0
[info] message from 35: wave#1#23#0
[info] message from 23: wave#1#23#0
[info] after round 1 : parent is ['29'] and leader id is 23
[info] send message to 29: wave#1#23#1
[info] message from 2: exit
[info] send message to 1: exit
[info] send message to 3: exit
[info] send message to 4: exit
[info] send message to 5: exit
[info] send message to 6: exit
[info] send message to 7: exit
[info] send message to 8: exit
[info] send message to 9: exit
[info] send message to 10: exit
[info] send message to 11: exit
[info] send message to 12: exit
[info] send message to 13: exit
[info] send message to 14: exit
[info] send message to 15: exit
[info] send message to 16: exit
[info] send message to 17: exit
[info] send message to 18: exit
[info] send message to 19: exit
[info] send message to 20: exit
[info] send message to 22: exit
[info] send message to 23: exit
[info] send message to 24: exit
[info] send message to 25: exit
[info] send message to 26: exit
[info] send message to 27: exit
[info] send message to 28: exit
[info] send message to 29: exit
[info] send message to 30: exit
[info] send message to 31: exit
[info] send message to 32: exit
[info] send message to 33: exit
[info] send message to 34: exit
[info] send message to 35: exit
