[info] Hello from node18
[info] I'm connected to nodes ['17', '18', '19']
[info] I have edges [('18', '17'), ('18', '18'), ('18', '19')]
[info] -- round 0 started!
[info] -- new id 22 selected!
[info] send message to 17: wave#0#22#0
[info] send message to 18: wave#0#22#0
[info] send message to 19: wave#0#22#0
[info] message from 18: wave#0#22#0
[info] message from 19: wave#0#29#0
[info] send message to 17: wave#0#29#0
[info] send message to 18: wave#0#29#0
[info] message from 18: wave#0#29#0
[info] message from 19: wave#0#30#0
[info] send message to 17: wave#0#30#0
[info] send message to 18: wave#0#30#0
[info] message from 17: wave#0#2#0
[info] message from 18: wave#0#30#0
[info] message from 17: wave#0#33#0
[info] send message to 18: wave#0#33#0
[info] send message to 19: wave#0#33#0
[info] message from 18: wave#0#33#0
[info] message from 19: wave#0#35#0
[info] send message to 17: wave#0#35#0
[info] send message to 18: wave#0#35#0
[info] message from 18: wave#0#35#0
[info] message from 19: wave#1#16#0
[info] send message to 17: wave#1#16#0
[info] send message to 18: wave#1#16#0
[info] message from 18: wave#1#16#0
[info] message from 17: wave#1#16#1
[info] after round 1 : parent is ['19'] and leader id is 16
[info] send message to 19: wave#1#16#2
[info] message from 17: exit
[info] send message to 19: exit
