[info] Hello from node35
[info] I'm connected to nodes ['1', '34', '35']
[info] I have edges [('35', '1'), ('35', '34'), ('35', '35')]
[info] -- round 0 started!
[info] -- new id 29 selected!
[info] send message to 1: wave#0#29#0
[info] send message to 34: wave#0#29#0
[info] send message to 35: wave#0#29#0
[info] message from 1: wave#0#27#0
[info] message from 1: wave#0#29#0
[info] message from 35: wave#0#29#0
[info] message from 1: wave#1#16#0
[info] send message to 34: wave#1#16#0
[info] send message to 35: wave#1#16#0
[info] message from 35: wave#1#16#0
[info] message from 34: wave#0#29#0
[info] message from 34: wave#0#35#0
[info] message from 34: wave#1#16#18
[info] after round 1 : parent is ['1'] and leader id is 16
[info] send message to 1: wave#1#16#19
[info] message from 1: exit
[info] send message to 34: exit
