[info] Hello from node14
[info] I'm connected to nodes ['13', '14', '15']
[info] I have edges [('14', '13'), ('14', '14'), ('14', '15')]
[info] -- round 0 started!
[info] -- new id 10 selected!
[info] send message to 13: wave#0#10#0
[info] send message to 14: wave#0#10#0
[info] send message to 15: wave#0#10#0
[info] message from 15: wave#0#18#0
[info] send message to 13: wave#0#18#0
[info] send message to 14: wave#0#18#0
[info] message from 13: wave#0#2#0
[info] message from 14: wave#0#10#0
[info] message from 13: wave#0#33#0
[info] send message to 14: wave#0#33#0
[info] send message to 15: wave#0#33#0
[info] message from 15: wave#0#22#0
[info] message from 14: wave#0#18#0
[info] message from 14: wave#0#33#0
[info] message from 15: wave#0#29#0
[info] message from 13: wave#1#16#0
[info] send message to 14: wave#1#16#0
[info] send message to 15: wave#1#16#0
[info] message from 14: wave#1#16#0
[info] message from 15: wave#0#35#0
[info] message from 15: wave#1#16#2
[info] after round 1 : parent is ['13'] and leader id is 16
[info] send message to 13: wave#1#16#3
[info] message from 13: exit
[info] send message to 15: exit
