[info] Hello from node23
[info] I'm connected to nodes ['22', '23', '24']
[info] I have edges [('23', '22'), ('23', '23'), ('23', '24')]
[info] -- round 0 started!
[info] -- new id 3 selected!
[info] send message to 22: wave#0#3#0
[info] send message to 23: wave#0#3#0
[info] send message to 24: wave#0#3#0
[info] message from 23: wave#0#3#0
[info] message from 24: wave#0#19#0
[info] send message to 22: wave#0#19#0
[info] send message to 23: wave#0#19#0
[info] message from 23: wave#0#19#0
[info] message from 24: wave#0#28#0
[info] send message to 22: wave#0#28#0
[info] send message to 23: wave#0#28#0
[info] message from 23: wave#0#28#0
[info] message from 22: wave#0#20#0
[info] message from 22: wave#0#30#0
[info] send message to 23: wave#0#30#0
[info] send message to 24: wave#0#30#0
[info] message from 23: wave#0#30#0
[info] message from 24: wave#0#30#0
[info] after round 0 : parent is ['22'] and leader id is 30
[info] send message to 22: wave#0#30#1
[info] message from 24: wave#0#35#0
[info] send message to 22: wave#0#35#0
[info] send message to 23: wave#0#35#0
[info] message from 23: wave#0#35#0
[info] message from 24: wave#1#16#0
[info] send message to 22: wave#1#16#0
[info] send message to 23: wave#1#16#0
[info] message from 23: wave#1#16#0
[info] message from 22: wave#1#16#6
[info] after round 1 : parent is ['24'] and leader id is 16
[info] send message to 24: wave#1#16#7
[info] message from 24: exit
[info] send message to 22: exit
