[info] Hello from node8
[info] I'm connected to nodes ['7', '8', '9']
[info] I have edges [('8', '7'), ('8', '8'), ('8', '9')]
[info] -- round 0 started!
[info] -- new id 17 selected!
[info] send message to 7: wave#0#17#0
[info] send message to 8: wave#0#17#0
[info] send message to 9: wave#0#17#0
[info] message from 7: wave#0#27#0
[info] send message to 8: wave#0#27#0
[info] send message to 9: wave#0#27#0
[info] message from 8: wave#0#17#0
[info] message from 8: wave#0#27#0
[info] message from 9: wave#0#12#0
[info] message from 7: wave#0#29#0
[info] send message to 8: wave#0#29#0
[info] send message to 9: wave#0#29#0
[info] message from 8: wave#0#29#0
[info] message from 9: wave#0#33#0
[info] send message to 7: wave#0#33#0
[info] send message to 8: wave#0#33#0
[info] message from 8: wave#0#33#0
[info] message from 7: wave#1#16#0
[info] send message to 8: wave#1#16#0
[info] send message to 9: wave#1#16#0
[info] message from 8: wave#1#16#0
[info] message from 9: wave#1#16#8
[info] after round 1 : parent is ['7'] and leader id is 16
[info] send message to 7: wave#1#16#9
[info] message from 7: exit
[info] send message to 9: exit
