[info] Hello from node34
[info] I'm connected to nodes ['33', '34', '35']
[info] I have edges [('34', '33'), ('34', '34'), ('34', '35')]
[info] -- round 0 started!
[info] -- new id 29 selected!
[info] send message to 33: wave#0#29#0
[info] send message to 34: wave#0#29#0
[info] send message to 35: wave#0#29#0
[info] message from 33: wave#0#35#0
[info] send message to 34: wave#0#35#0
[info] send message to 35: wave#0#35#0
[info] message from 35: wave#0#29#0
[info] message from 35: wave#1#16#0
[info] send message to 33: wave#1#16#0
[info] send message to 34: wave#1#16#0
[info] message from 34: wave#0#29#0
[info] message from 34: wave#0#35#0
[info] message from 34: wave#1#16#0
[info] message from 33: wave#1#16#17
[info] after round 1 : parent is ['35'] and leader id is 16
[info] send message to 35: wave#1#16#18
[info] message from 35: exit
[info] send message to 33: exit
