[info] Hello from node22
[info] I'm connected to nodes ['21', '22', '23']
[info] I have edges [('22', '21'), ('22', '22'), ('22', '23')]
[info] -- round 0 started!
[info] -- new id 20 selected!
[info] send message to 21: wave#0#20#0
[info] send message to 22: wave#0#20#0
[info] send message to 23: wave#0#20#0
[info] message from 23: wave#0#3#0
[info] message from 21: wave#0#5#0
[info] message from 21: wave#0#30#0
[info] send message to 22: wave#0#30#0
[info] send message to 23: wave#0#30#0
[info] message from 23: wave#0#19#0
[info] message from 23: wave#0#28#0
[info] message from 22: wave#0#20#0
[info] message from 22: wave#0#30#0
[info] message from 23: wave#0#30#1
[info] after round 0 : parent is ['21'] and leader id is 30
[info] send message to 21: wave#0#30#2
[info] message from 23: wave#0#35#0
[info] send message to 21: wave#0#35#0
[info] send message to 22: wave#0#35#0
[info] message from 22: wave#0#35#0
[info] message from 23: wave#1#16#0
[info] send message to 21: wave#1#16#0
[info] send message to 22: wave#1#16#0
[info] message from 22: wave#1#16#0
[info] message from 21: wave#1#16#5
[info] after round 1 : parent is ['23'] and leader id is 16
[info] send message to 23: wave#1#16#6
[info] message from 23: exit
[info] send message to 21: exit
