[info] Hello from node2
[info] I'm connected to nodes ['1', '2', '3']
[info] I have edges [('2', '1'), ('2', '2'), ('2', '3')]
[info] -- round 0 started!
[info] -- new id 4 selected!
[info] send message to 1: wave#0#4#0
[info] send message to 2: wave#0#4#0
[info] send message to 3: wave#0#4#0
[info] message from 1: wave#0#27#0
[info] send message to 2: wave#0#27#0
[info] send message to 3: wave#0#27#0
[info] message from 2: wave#0#4#0
[info] message from 2: wave#0#27#0
[info] message from 3: wave#0#25#0
[info] message from 3: wave#0#29#0
[info] send message to 1: wave#0#29#0
[info] send message to 2: wave#0#29#0
[info] message from 2: wave#0#29#0
[info] message from 1: wave#0#29#1
[info] after round 0 : parent is ['3'] and leader id is 29
[info] send message to 3: wave#0#29#2
[info] message from 3: wave#1#16#0
[info] send message to 1: wave#1#16#0
[info] send message to 2: wave#1#16#0
[info] message from 2: wave#1#16#0
[info] message from 1: wave#1#16#20
[info] after round 1 : parent is ['3'] and leader id is 16
[info] send message to 3: wave#1#16#21
[info] message from 3: exit
[info] send message to 1: exit
