[info] Hello from node26
[info] I'm connected to nodes ['25', '26', '27']
[info] I have edges [('26', '25'), ('26', '26'), ('26', '27')]
[info] -- round 0 started!
[info] -- new id 3 selected!
[info] send message to 25: wave#0#3#0
[info] send message to 26: wave#0#3#0
[info] send message to 27: wave#0#3#0
[info] message from 27: wave#0#16#0
[info] send message to 25: wave#0#16#0
[info] send message to 26: wave#0#16#0
[info] message from 25: wave#0#28#0
[info] send message to 26: wave#0#28#0
[info] send message to 27: wave#0#28#0
[info] message from 26: wave#0#3#0
[info] message from 27: wave#0#30#0
[info] send message to 25: wave#0#30#0
[info] send message to 26: wave#0#30#0
[info] message from 26: wave#0#16#0
[info] message from 26: wave#0#28#0
[info] message from 26: wave#0#30#0
[info] message from 27: wave#0#35#0
[info] send message to 25: wave#0#35#0
[info] send message to 26: wave#0#35#0
[info] message from 26: wave#0#35#0
[info] message from 27: wave#1#16#0
[info] send message to 25: wave#1#16#0
[info] send message to 26: wave#1#16#0
[info] message from 26: wave#1#16#0
[info] message from 25: wave#1#16#9
[info] after round 1 : parent is ['27'] and leader id is 16
[info] send message to 27: wave#1#16#10
[info] message from 27: exit
[info] send message to 25: exit
