[info] Hello from node24
[info] I'm connected to nodes ['23', '24', '25']
[info] I have edges [('24', '23'), ('24', '24'), ('24', '25')]
[info] -- round 0 started!
[info] -- new id 19 selected!
[info] send message to 23: wave#0#19#0
[info] send message to 24: wave#0#19#0
[info] send message to 25: wave#0#19#0
[info] message from 23: wave#0#3#0
[info] message from 24: wave#0#19#0
[info] message from 25: wave#0#28#0
[info] send message to 23: wave#0#28#0
[info] send message to 24: wave#0#28#0
[info] message from 24: wave#0#28#0
[info] message from 25: wave#0#30#0
[info] send message to 23: wave#0#30#0
[info] send message to 24: wave#0#30#0
[info] message from 23: wave#0#30#0
[info] message from 24: wave#0#30#0
[info] after round 0 : parent is ['25'] and leader id is 30
[info] send message to 25: wave#0#30#1
[info] message from 25: wave#0#35#0
[info] send message to 23: wave#0#35#0
[info] send message to 24: wave#0#35#0
[info] message from 24: wave#0#35#0
[info] message from 25: wave#1#16#0
[info] send message to 23: wave#1#16#0
[info] send message to 24: wave#1#16#0
[info] message from 24: wave#1#16#0
[info] message from 23: wave#1#16#7
[info] after round 1 : parent is ['25'] and leader id is 16
[info] send message to 25: wave#1#16#8
[info] message from 25: exit
[info] send message to 23: exit
