[info] Hello from node27
[info] I'm connected to nodes ['26', '27', '28']
[info] I have edges [('27', '26'), ('27', '27'), ('27', '28')]
[info] -- round 0 started!
[info] -- new id 16 selected!
[info] send message to 26: wave#0#16#0
[info] send message to 27: wave#0#16#0
[info] send message to 28: wave#0#16#0
[info] message from 27: wave#0#16#0
[info] message from 28: wave#0#16#0
[info] message from 26: wave#0#3#0
[info] message from 28: wave#0#30#0
[info] send message to 26: wave#0#30#0
[info] send message to 27: wave#0#30#0
[info] message from 27: wave#0#30#0
[info] message from 26: wave#0#28#0
[info] message from 28: wave#0#35#0
[info] send message to 26: wave#0#35#0
[info] send message to 27: wave#0#35#0
[info] message from 27: wave#0#35#0
[info] message from 28: wave#1#16#0
[info] send message to 26: wave#1#16#0
[info] send message to 27: wave#1#16#0
[info] message from 27: wave#1#16#0
[info] message from 26: wave#1#16#10
[info] after round 1 : parent is ['28'] and leader id is 16
[info] send message to 28: wave#1#16#11
[info] message from 28: exit
[info] send message to 26: exit
