[info] Hello from node21
[info] I'm connected to nodes ['20', '21', '22']
[info] I have edges [('21', '20'), ('21', '21'), ('21', '22')]
[info] -- round 0 started!
[info] -- new id 15 selected!
[info] send message to 20: wave#0#15#0
[info] send message to 21: wave#0#15#0
[info] send message to 22: wave#0#15#0
[info] message from 20: wave#0#9#0
[info] message from 20: wave#0#13#0
[info] message from 20: wave#0#27#0
[info] send message to 21: wave#0#27#0
[info] send message to 22: wave#0#27#0
[info] message from 21: wave#0#15#0
[info] message from 22: wave#0#16#0
[info] message from 20: wave#0#29#0
[info] send message to 21: wave#0#29#0
[info] send message to 22: wave#0#29#0
[info] message from 21: wave#0#27#0
[info] message from 22: wave#0#30#0
[info] send message to 20: wave#0#30#0
[info] send message to 21: wave#0#30#0
[info] message from 21: wave#0#29#0
[info] message from 21: wave#0#30#0
[info] message from 20: wave#0#30#18
[info] after round 0 : parent is ['22'] and leader id is 30
[info] send message to 22: wave#0#30#19
[info] message from 22: exit
[info] send message to 20: exit
