[info] Hello from node20
[info] I'm connected to nodes ['19', '20', '21']
[info] I have edges [('20', '19'), ('20', '20'), ('20', '21')]
[info] -- round 0 started!
[info] -- new id 9 selected!
[info] send message to 19: wave#0#9#0
[info] send message to 20: wave#0#9#0
[info] send message to 21: wave#0#9#0
[info] message from 20: wave#0#9#0
[info] message from 19: wave#0#13#0
[info] send message to 20: wave#0#13#0
[info] send message to 21: wave#0#13#0
[info] message from 20: wave#0#13#0
[info] message from 19: wave#0#27#0
[info] send message to 20: wave#0#27#0
[info] send message to 21: wave#0#27#0
[info] message from 20: wave#0#27#0
[info] message from 21: wave#0#15#0
[info] message from 19: wave#0#29#0
[info] send message to 20: wave#0#29#0
[info] send message to 21: wave#0#29#0
[info] message from 20: wave#0#29#0
[info] message from 21: wave#0#30#0
[info] send message to 19: wave#0#30#0
[info] send message to 20: wave#0#30#0
[info] message from 20: wave#0#30#0
[info] message from 19: wave#0#30#17
[info] after round 0 : parent is ['21'] and leader id is 30
[info] send message to 21: wave#0#30#18
[info] message from 21: exit
[info] send message to 19: exit
