[info] Hello from node4
[info] I'm connected to nodes ['3', '4', '5']
[info] I have edges [('4', '3'), ('4', '4'), ('4', '5')]
[info] -- round 0 started!
[info] -- new id 16 selected!
[info] send message to 3: wave#0#16#0
[info] send message to 4: wave#0#16#0
[info] send message to 5: wave#0#16#0
[info] message from 3: wave#0#15#0
[info] message from 4: wave#0#16#0
[info] message from 5: wave#0#12#0
[info] message from 3: wave#0#26#0
[info] send message to 4: wave#0#26#0
[info] send message to 5: wave#0#26#0
[info] message from 4: wave#0#26#0
[info] message from 5: wave#0#17#0
[info] message from 5: wave#0#26#3
[info] after round 0 : parent is ['3'] and leader id is 26
[info] send message to 3: wave#0#26#4
[info] message from 5: wave#0#26#6
[info] after round 0 : parent is ['3'] and leader id is 26
[info] send message to 3: wave#0#26#10
[info] message from 5: wave#0#26#10
[info] after round 0 : parent is ['3'] and leader id is 26
[info] send message to 3: wave#0#26#20
[info] message from 5: wave#0#29#0
[info] send message to 3: wave#0#29#0
[info] send message to 4: wave#0#29#0
[info] message from 4: wave#0#29#0
[info] message from 5: wave#0#30#0
[info] send message to 3: wave#0#30#0
[info] send message to 4: wave#0#30#0
[info] message from 4: wave#0#30#0
[info] message from 3: wave#0#30#1
[info] after round 0 : parent is ['5'] and leader id is 30
[info] send message to 5: wave#0#30#2
[info] message from 3: exit
[info] send message to 5: exit
