[info] Hello from node24
[info] I'm connected to nodes ['23', '24', '25']
[info] I have edges [('24', '23'), ('24', '24'), ('24', '25')]
[info] -- round 0 started!
[info] -- new id 15 selected!
[info] send message to 23: wave#0#15#0
[info] send message to 24: wave#0#15#0
[info] send message to 25: wave#0#15#0
[info] message from 25: wave#0#17#0
[info] send message to 23: wave#0#17#0
[info] send message to 24: wave#0#17#0
[info] message from 23: wave#0#6#0
[info] message from 24: wave#0#15#0
[info] message from 23: wave#0#10#0
[info] message from 24: wave#0#17#0
[info] message from 25: wave#0#28#0
[info] send message to 23: wave#0#28#0
[info] send message to 24: wave#0#28#0
[info] message from 24: wave#0#28#0
[info] message from 23: wave#0#30#0
[info] send message to 24: wave#0#30#0
[info] send message to 25: wave#0#30#0
[info] message from 24: wave#0#30#0
[info] message from 25: wave#0#30#6
[info] after round 0 : parent is ['23'] and leader id is 30
[info] send message to 23: wave#0#30#7
[info] message from 23: wave#1#8#0
[info] send message to 24: wave#1#8#0
[info] send message to 25: wave#1#8#0
[info] message from 24: wave#1#8#0
[info] message from 25: wave#1#8#6
[info] after round 1 : parent is ['23'] and leader id is 8
[info] send message to 23: wave#1#8#7
[info] message from 23: exit
[info] send message to 25: exit
