[info] Hello from node17
[info] I'm connected to nodes ['16', '17', '18']
[info] I have edges [('17', '16'), ('17', '17'), ('17', '18')]
[info] -- round 0 started!
[info] -- new id 13 selected!
[info] send message to 16: wave#0#13#0
[info] send message to 17: wave#0#13#0
[info] send message to 18: wave#0#13#0
[info] message from 18: wave#0#22#0
[info] send message to 16: wave#0#22#0
[info] send message to 17: wave#0#22#0
[info] message from 16: wave#0#2#0
[info] message from 16: wave#0#23#0
[info] send message to 17: wave#0#23#0
[info] send message to 18: wave#0#23#0
[info] message from 17: wave#0#13#0
[info] message from 18: wave#0#30#0
[info] send message to 16: wave#0#30#0
[info] send message to 17: wave#0#30#0
[info] message from 17: wave#0#22#0
[info] message from 17: wave#0#23#0
[info] message from 16: wave#0#25#0
[info] message from 17: wave#0#30#0
[info] message from 16: wave#0#27#0
[info] message from 16: wave#0#30#2
[info] after round 0 : parent is ['18'] and leader id is 30
[info] send message to 18: wave#0#30#3
[info] message from 18: wave#1#8#0
[info] send message to 16: wave#1#8#0
[info] send message to 17: wave#1#8#0
[info] message from 17: wave#1#8#0
[info] message from 16: wave#1#8#16
[info] after round 1 : parent is ['18'] and leader id is 8
[info] send message to 18: wave#1#8#17
[info] message from 18: exit
[info] send message to 16: exit
