[info] Hello from node20
[info] I'm connected to nodes ['19', '20', '21']
[info] I have edges [('20', '19'), ('20', '20'), ('20', '21')]
[info] -- round 0 started!
[info] -- new id 5 selected!
[info] send message to 19: wave#0#5#0
[info] send message to 20: wave#0#5#0
[info] send message to 21: wave#0#5#0
[info] message from 19: wave#0#5#0
[info] message from 20: wave#0#5#0
[info] message from 21: wave#0#12#0
[info] send message to 19: wave#0#12#0
[info] send message to 20: wave#0#12#0
[info] message from 20: wave#0#12#0
[info] message from 21: wave#0#20#0
[info] send message to 19: wave#0#20#0
[info] send message to 20: wave#0#20#0
[info] message from 20: wave#0#20#0
[info] message from 21: wave#0#22#0
[info] send message to 19: wave#0#22#0
[info] send message to 20: wave#0#22#0
[info] message from 20: wave#0#22#0
[info] message from 21: wave#0#26#0
[info] send message to 19: wave#0#26#0
[info] send message to 20: wave#0#26#0
[info] message from 20: wave#0#26#0
[info] message from 19: wave#0#29#0
[info] send message to 20: wave#0#29#0
[info] send message to 21: wave#0#29#0
[info] message from 20: wave#0#29#0
[info] message from 21: wave#0#29#10
[info] after round 0 : parent is ['19'] and leader id is 29
[info] send message to 19: wave#0#29#11
[info] message from 19: exit
[info] send message to 21: exit
