[info] Hello from node29
[info] I'm connected to nodes ['28', '29', '30']
[info] I have edges [('29', '28'), ('29', '29'), ('29', '30')]
[info] -- round 0 started!
[info] -- new id 14 selected!
[info] send message to 28: wave#0#14#0
[info] send message to 29: wave#0#14#0
[info] send message to 30: wave#0#14#0
[info] message from 30: wave#0#11#0
[info] message from 29: wave#0#14#0
[info] message from 30: wave#0#14#1
[info] message from 28: wave#0#8#0
[info] message from 28: wave#0#26#0
[info] send message to 29: wave#0#26#0
[info] send message to 30: wave#0#26#0
[info] message from 29: wave#0#26#0
[info] message from 30: wave#0#26#1
[info] after round 0 : parent is ['28'] and leader id is 26
[info] send message to 28: wave#0#26#2
[info] message from 28: wave#0#29#0
[info] send message to 29: wave#0#29#0
[info] send message to 30: wave#0#29#0
[info] message from 29: wave#0#29#0
[info] message from 30: wave#0#29#1
[info] after round 0 : parent is ['28'] and leader id is 29
[info] send message to 28: wave#0#29#2
[info] message from 28: exit
[info] send message to 30: exit
