[info] Hello from node18
[info] I'm connected to nodes ['17', '18', '19']
[info] I have edges [('18', '17'), ('18', '18'), ('18', '19')]
[info] -- round 0 started!
[info] -- new id 9 selected!
[info] send message to 17: wave#0#9#0
[info] send message to 18: wave#0#9#0
[info] send message to 19: wave#0#9#0
[info] message from 19: wave#0#5#0
[info] message from 17: wave#0#7#0
[info] message from 17: wave#0#10#0
[info] send message to 18: wave#0#10#0
[info] send message to 19: wave#0#10#0
[info] message from 19: wave#0#12#0
[info] send message to 17: wave#0#12#0
[info] send message to 18: wave#0#12#0
[info] message from 18: wave#0#9#0
[info] message from 19: wave#0#20#0
[info] send message to 17: wave#0#20#0
[info] send message to 18: wave#0#20#0
[info] message from 18: wave#0#10#0
[info] message from 17: wave#0#19#0
[info] message from 18: wave#0#12#0
[info] message from 18: wave#0#20#0
[info] message from 19: wave#0#22#0
[info] send message to 17: wave#0#22#0
[info] send message to 18: wave#0#22#0
[info] message from 18: wave#0#22#0
[info] message from 19: wave#0#26#0
[info] send message to 17: wave#0#26#0
[info] send message to 18: wave#0#26#0
[info] message from 18: wave#0#26#0
[info] message from 17: wave#0#29#0
[info] send message to 18: wave#0#29#0
[info] send message to 19: wave#0#29#0
[info] message from 18: wave#0#29#0
[info] message from 19: wave#0#29#12
[info] after round 0 : parent is ['17'] and leader id is 29
[info] send message to 17: wave#0#29#13
[info] message from 17: exit
[info] send message to 19: exit
