[info] Hello from node13
[info] I'm connected to nodes ['12', '13', '14']
[info] I have edges [('13', '12'), ('13', '13'), ('13', '14')]
[info] -- round 0 started!
[info] -- new id 16 selected!
[info] send message to 12: wave#0#16#0
[info] send message to 13: wave#0#16#0
[info] send message to 14: wave#0#16#0
[info] message from 13: wave#0#16#0
[info] message from 12: wave#0#17#0
[info] send message to 13: wave#0#17#0
[info] send message to 14: wave#0#17#0
[info] message from 13: wave#0#17#0
[info] message from 14: wave#0#13#0
[info] message from 12: wave#0#22#0
[info] send message to 13: wave#0#22#0
[info] send message to 14: wave#0#22#0
[info] message from 13: wave#0#22#0
[info] message from 12: wave#0#25#0
[info] send message to 13: wave#0#25#0
[info] send message to 14: wave#0#25#0
[info] message from 14: wave#0#19#0
[info] message from 13: wave#0#25#0
[info] message from 12: wave#0#29#0
[info] send message to 13: wave#0#29#0
[info] send message to 14: wave#0#29#0
[info] message from 13: wave#0#29#0
[info] message from 14: wave#0#29#17
[info] after round 0 : parent is ['12'] and leader id is 29
[info] send message to 12: wave#0#29#18
[info] message from 12: exit
[info] send message to 14: exit
