[info] Hello from node12
[info] I'm connected to nodes ['11', '12', '13']
[info] I have edges [('12', '11'), ('12', '12'), ('12', '13')]
[info] -- round 0 started!
[info] -- new id 17 selected!
[info] send message to 11: wave#0#17#0
[info] send message to 12: wave#0#17#0
[info] send message to 13: wave#0#17#0
[info] message from 13: wave#0#16#0
[info] message from 11: wave#0#1#0
[info] message from 12: wave#0#17#0
[info] message from 11: wave#0#22#0
[info] send message to 12: wave#0#22#0
[info] send message to 13: wave#0#22#0
[info] message from 12: wave#0#22#0
[info] message from 11: wave#0#25#0
[info] send message to 12: wave#0#25#0
[info] send message to 13: wave#0#25#0
[info] message from 12: wave#0#25#0
[info] message from 11: wave#0#29#0
[info] send message to 12: wave#0#29#0
[info] send message to 13: wave#0#29#0
[info] message from 12: wave#0#29#0
[info] message from 13: wave#0#29#18
[info] after round 0 : parent is ['11'] and leader id is 29
[info] send message to 11: wave#0#29#19
[info] message from 11: exit
[info] send message to 13: exit
