[info] Hello from node5
[info] I'm connected to nodes ['4', '5', '6']
[info] I have edges [('5', '4'), ('5', '5'), ('5', '6')]
[info] -- round 0 started!
[info] -- new id 25 selected!
[info] send message to 4: wave#0#25#0
[info] send message to 5: wave#0#25#0
[info] send message to 6: wave#0#25#0
[info] message from 6: wave#0#8#0
[info] message from 4: wave#0#29#0
[info] send message to 5: wave#0#29#0
[info] send message to 6: wave#0#29#0
[info] message from 6: wave#0#21#0
[info] message from 5: wave#0#25#0
[info] message from 5: wave#0#29#0
[info] message from 6: wave#0#29#25
[info] after round 0 : parent is ['4'] and leader id is 29
[info] send message to 4: wave#0#29#26
[info] message from 4: exit
[info] send message to 6: exit
