[info] Hello from node22
[info] I'm connected to nodes ['21', '22', '23']
[info] I have edges [('22', '21'), ('22', '22'), ('22', '23')]
[info] -- round 0 started!
[info] -- new id 20 selected!
[info] send message to 21: wave#0#20#0
[info] send message to 22: wave#0#20#0
[info] send message to 23: wave#0#20#0
[info] message from 23: wave#0#20#0
[info] message from 22: wave#0#20#0
[info] message from 21: wave#0#12#0
[info] message from 23: wave#0#22#0
[info] send message to 21: wave#0#22#0
[info] send message to 22: wave#0#22#0
[info] message from 22: wave#0#22#0
[info] message from 23: wave#0#26#0
[info] send message to 21: wave#0#26#0
[info] send message to 22: wave#0#26#0
[info] message from 22: wave#0#26#0
[info] message from 21: wave#0#29#0
[info] send message to 22: wave#0#29#0
[info] send message to 23: wave#0#29#0
[info] message from 22: wave#0#29#0
[info] message from 23: wave#0#29#8
[info] after round 0 : parent is ['21'] and leader id is 29
[info] send message to 21: wave#0#29#9
[info] message from 21: exit
[info] send message to 23: exit
