[info] Hello from node23
[info] I'm connected to nodes ['22', '23', '24']
[info] I have edges [('23', '22'), ('23', '23'), ('23', '24')]
[info] -- round 0 started!
[info] -- new id 20 selected!
[info] send message to 22: wave#0#20#0
[info] send message to 23: wave#0#20#0
[info] send message to 24: wave#0#20#0
[info] message from 23: wave#0#20#0
[info] message from 22: wave#0#20#0
[info] message from 24: wave#0#22#0
[info] send message to 22: wave#0#22#0
[info] send message to 23: wave#0#22#0
[info] message from 23: wave#0#22#0
[info] message from 24: wave#0#26#0
[info] send message to 22: wave#0#26#0
[info] send message to 23: wave#0#26#0
[info] message from 23: wave#0#26#0
[info] message from 22: wave#0#29#0
[info] send message to 23: wave#0#29#0
[info] send message to 24: wave#0#29#0
[info] message from 23: wave#0#29#0
[info] message from 24: wave#0#29#7
[info] after round 0 : parent is ['22'] and leader id is 29
[info] send message to 22: wave#0#29#8
[info] message from 22: exit
[info] send message to 24: exit
