[info] Hello from node1
[info] I'm connected to nodes ['1', '2']
[info] I have edges [('1', '1'), ('1', '2')]
[info] -- round 0 started!
[info] -- new id 5 selected!
[info] send message to 1: wave#0#5#0
[info] send message to 2: wave#0#5#0
[info] message from 2: wave#0#19#0
[info] send message to 1: wave#0#19#0
[info] message from 1: wave#0#5#0
[info] after round 0 : parent is ['2'] and leader id is 19
[info] send message to 2: wave#0#19#1
[info] message from 1: wave#0#19#0
[info] after round 0 : parent is ['2'] and leader id is 19
[info] send message to 2: wave#0#19#1
[info] message from 2: wave#0#29#0
[info] send message to 1: wave#0#29#0
[info] message from 1: wave#0#29#0
[info] after round 0 : parent is ['2'] and leader id is 29
[info] send message to 2: wave#0#29#1
[info] message from 2: exit
