[info] Hello from node3
[info] I'm connected to nodes ['2', '3', '4']
[info] I have edges [('3', '2'), ('3', '3'), ('3', '4')]
[info] -- round 0 started!
[info] -- new id 22 selected!
[info] send message to 2: wave#0#22#0
[info] send message to 3: wave#0#22#0
[info] send message to 4: wave#0#22#0
[info] message from 4: wave#0#3#0
[info] message from 2: wave#0#9#0
[info] message from 2: wave#0#20#0
[info] message from 4: wave#0#12#0
[info] message from 3: wave#0#22#0
[info] message from 2: wave#0#22#2
[info] message from 4: wave#0#23#0
[info] send message to 2: wave#0#23#0
[info] send message to 3: wave#0#23#0
[info] message from 3: wave#0#23#0
[info] message from 2: wave#0#23#2
[info] after round 0 : parent is ['4'] and leader id is 23
[info] send message to 4: wave#0#23#3
[info] message from 4: wave#1#15#0
[info] send message to 2: wave#1#15#0
[info] send message to 3: wave#1#15#0
[info] message from 3: wave#1#15#0
[info] message from 2: wave#1#15#2
[info] after round 1 : parent is ['4'] and leader id is 15
[info] send message to 4: wave#1#15#3
[info] message from 4: exit
[info] send message to 2: exit
