[info] Hello from node23
[info] I'm connected to nodes ['22', '23', '24']
[info] I have edges [('23', '22'), ('23', '23'), ('23', '24')]
[info] -- round 0 started!
[info] -- new id 21 selected!
[info] send message to 22: wave#0#21#0
[info] send message to 23: wave#0#21#0
[info] send message to 24: wave#0#21#0
[info] message from 24: wave#0#3#0
[info] message from 23: wave#0#21#0
[info] message from 24: wave#0#13#0
[info] message from 22: wave#0#21#0
[info] message from 24: wave#0#21#2
[info] after round 0 : parent is [] and leader id is 21
[info] -- round 1 started!
[info] -- new id 15 selected!
[info] send message to 22: wave#1#15#0
[info] send message to 23: wave#1#15#0
[info] send message to 24: wave#1#15#0
[info] message from 23: wave#1#15#0
[info] message from 24: wave#1#15#2
[info] message from 22: wave#1#15#22
[info] after round 1 : parent is [] and leader id is 15
[info] send message to 22: exit
[info] send message to 24: exit
