[info] Hello from node12
[info] I'm connected to nodes ['11', '12', '13']
[info] I have edges [('12', '11'), ('12', '12'), ('12', '13')]
[info] -- round 0 started!
[info] -- new id 20 selected!
[info] send message to 11: wave#0#20#0
[info] send message to 12: wave#0#20#0
[info] send message to 13: wave#0#20#0
[info] message from 12: wave#0#20#0
[info] message from 13: wave#0#19#0
[info] message from 11: wave#0#17#0
[info] message from 11: wave#0#23#0
[info] send message to 12: wave#0#23#0
[info] send message to 13: wave#0#23#0
[info] message from 13: wave#0#20#1
[info] message from 12: wave#0#23#0
[info] message from 13: wave#1#15#0
[info] send message to 11: wave#1#15#0
[info] send message to 12: wave#1#15#0
[info] message from 12: wave#1#15#0
[info] message from 11: wave#1#15#11
[info] after round 1 : parent is ['13'] and leader id is 15
[info] send message to 13: wave#1#15#12
[info] message from 13: exit
[info] send message to 11: exit
