[info] Hello from node19
[info] I'm connected to nodes ['18', '19', '20']
[info] I have edges [('19', '18'), ('19', '19'), ('19', '20')]
[info] -- round 0 started!
[info] -- new id 16 selected!
[info] send message to 18: wave#0#16#0
[info] send message to 19: wave#0#16#0
[info] send message to 20: wave#0#16#0
[info] message from 18: wave#0#14#0
[info] message from 18: wave#0#21#0
[info] send message to 19: wave#0#21#0
[info] send message to 20: wave#0#21#0
[info] message from 19: wave#0#16#0
[info] message from 20: wave#0#7#0
[info] message from 19: wave#0#21#0
[info] message from 20: wave#0#21#0
[info] after round 0 : parent is ['18'] and leader id is 21
[info] send message to 18: wave#0#21#1
[info] message from 20: wave#1#15#0
[info] send message to 18: wave#1#15#0
[info] send message to 19: wave#1#15#0
[info] message from 19: wave#1#15#0
[info] message from 18: wave#1#15#18
[info] after round 1 : parent is ['20'] and leader id is 15
[info] send message to 20: wave#1#15#19
[info] message from 20: exit
[info] send message to 18: exit
