[info] Hello from node25
[info] I'm connected to nodes ['24', '25']
[info] I have edges [('25', '24'), ('25', '25')]
[info] -- round 0 started!
[info] -- new id 13 selected!
[info] send message to 24: wave#0#13#0
[info] send message to 25: wave#0#13#0
[info] message from 25: wave#0#13#0
[info] message from 24: wave#0#3#0
[info] message from 24: wave#0#21#0
[info] send message to 25: wave#0#21#0
[info] message from 25: wave#0#21#0
[info] after round 0 : parent is ['24'] and leader id is 21
[info] send message to 24: wave#0#21#1
[info] message from 24: wave#1#15#0
[info] send message to 25: wave#1#15#0
[info] message from 25: wave#1#15#0
[info] after round 1 : parent is ['24'] and leader id is 15
[info] send message to 24: wave#1#15#1
[info] message from 24: exit
