[info] Hello from node37
[info] I'm connected to nodes ['1', '2', '3', '4', '5', '6', '7', '8', '9', '10', '11', '12', '13', '14', '15', '16', '17', '18', '19', '20', '21', '22', '23', '24', '25', '26', '27', '28', '29', '30', '31', '32', '33', '34', '35', '36', '37', '38', '39', '40', '41', '42', '43', '44', '45']
[info] I have edges [('37', '1'), ('37', '2'), ('37', '3'), ('37', '4'), ('37', '5'), ('37', '6'), ('37', '7'), ('37', '8'), ('37', '9'), ('37', '10'), ('37', '11'), ('37', '12'), ('37', '13'), ('37', '14'), ('37', '15'), ('37', '16'), ('37', '17'), ('37', '18'), ('37', '19'), ('37', '20'), ('37', '21'), ('37', '22'), ('37', '23'), ('37', '24'), ('37', '25'), ('37', '26'), ('37', '27'), ('37', '28'), ('37', '29'), ('37', '30'), ('37', '31'), ('37', '32'), ('37', '33'), ('37', '34'), ('37', '35'), ('37', '36'), ('37', '37'), ('37', '38'), ('37', '39'), ('37', '40'), ('37', '41'), ('37', '42'), ('37', '43'), ('37', '44'), ('37', '45')]
[info] first phase started!
[info] successfully filtered!
[info] second phase started!
[info] send message to 1: CRQ#37#3#0
[info] send message to 2: CRQ#37#3#0
[info] send message to 3: CRQ#37#3#0
[info] send message to 4: CRQ#37#3#0
[info] send message to 5: CRQ#37#3#0
[info] send message to 6: CRQ#37#3#0
[info] send message to 7: CRQ#37#3#0
[info] send message to 8: CRQ#37#3#0
[info] send message to 9: CRQ#37#3#0
[info] send message to 10: CRQ#37#3#0
[info] send message to 11: CRQ#37#3#0
[info] send message to 12: CRQ#37#3#0
[info] send message to 13: CRQ#37#3#0
[info] send message to 14: CRQ#37#3#0
[info] send message to 15: CRQ#37#3#0
[info] send message to 16: CRQ#37#3#0
[info] send message to 17: CRQ#37#3#0
[info] send message to 18: CRQ#37#3#0
[info] send message to 19: CRQ#37#3#0
[info] send message to 20: CRQ#37#3#0
[info] send message to 21: CRQ#37#3#0
[info] send message to 22: CRQ#37#3#0
[info] send message to 23: CRQ#37#3#0
[info] send message to 24: CRQ#37#3#0
[info] send message to 25: CRQ#37#3#0
[info] send message to 26: CRQ#37#3#0
[info] send message to 27: CRQ#37#3#0
[info] send message to 28: CRQ#37#3#0
[info] send message to 29: CRQ#37#3#0
[info] send message to 30: CRQ#37#3#0
[info] send message to 31: CRQ#37#3#0
[info] send message to 32: CRQ#37#3#0
[info] send message to 33: CRQ#37#3#0
[info] send message to 34: CRQ#37#3#0
[info] send message to 35: CRQ#37#3#0
[info] send message to 36: CRQ#37#3#0
[info] send message to 37: CRQ#37#3#0
[info] send message to 38: CRQ#37#3#0
[info] send message to 39: CRQ#37#3#0
[info] send message to 40: CRQ#37#3#0
[info] send message to 41: CRQ#37#3#0
[info] send message to 42: CRQ#37#3#0
[info] send message to 43: CRQ#37#3#0
[info] send message to 44: CRQ#37#3#0
[info] send message to 45: CRQ#37#3#0
[info] message from 2: vote#0
[info] message from 3: vote#0
[info] message from 4: vote#0
[info] message from 5: vote#0
[info] message from 7: CRQ#7#3#0
[info] send message to 7: vote#0
[info] message from 6: vote#0
[info] message from 8: vote#0
[info] message from 1: CRQ#1#3#0
[info] send message to 1: vote#0
[info] message from 9: vote#0
[info] message from 10: vote#0
[info] message from 11: vote#0
[info] message from 12: vote#0
[info] message from 13: vote#0
[info] message from 14: vote#0
[info] message from 15: vote#0
[info] message from 16: vote#0
[info] message from 7: vote#0
[info] message from 17: vote#0
[info] message from 18: vote#0
[info] message from 19: vote#0
[info] message from 20: vote#0
[info] message from 21: vote#0
[info] message from 22: vote#0
[info] message from 1: vote#0
[info] message from 23: vote#0
[info] message from 24: vote#0
[info] message from 25: vote#0
[info] message from 26: vote#0
[info] message from 27: vote#0
[info] message from 28: vote#0
[info] message from 29: vote#0
[info] message from 30: vote#0
[info] message from 31: vote#0
[info] message from 32: vote#0
[info] message from 33: vote#0
[info] message from 34: vote#0
[info] message from 35: vote#0
[info] message from 36: vote#0
[info] message from 37: CRQ#37#3#0
[info] I vote myself
[info] send message to 37: vote#1
[info] message from 38: vote#0
[info] message from 39: vote#0
[info] message from 40: vote#0
[info] message from 41: vote#0
[info] message from 42: vote#0
[info] message from 43: vote#0
[info] message from 44: vote#0
[info] message from 45: vote#0
[info] message from 7: CHANGE#34
[info] send message to 7: ACK
[info] message from 37: vote#1
[info] send message to 1: CHANGE#1
[info] send message to 7: CHANGE#1
[info] message from 1: CHANGE#10
[info] send message to 1: ACK
[info] message from 7: CAM#7
[info] third phase started!
