[info] Hello from node1
[info] I'm connected to nodes ['1', '2', '3', '4', '5', '6', '7', '8', '9', '10', '11', '12', '13', '14', '15', '16', '17', '18', '19', '20', '21', '22', '23', '24', '25', '26', '27', '28', '29', '30', '31', '32', '33', '34', '35', '36', '37', '38', '39', '40', '41', '42', '43', '44', '45']
[info] I have edges [('1', '1'), ('1', '2'), ('1', '3'), ('1', '4'), ('1', '5'), ('1', '6'), ('1', '7'), ('1', '8'), ('1', '9'), ('1', '10'), ('1', '11'), ('1', '12'), ('1', '13'), ('1', '14'), ('1', '15'), ('1', '16'), ('1', '17'), ('1', '18'), ('1', '19'), ('1', '20'), ('1', '21'), ('1', '22'), ('1', '23'), ('1', '24'), ('1', '25'), ('1', '26'), ('1', '27'), ('1', '28'), ('1', '29'), ('1', '30'), ('1', '31'), ('1', '32'), ('1', '33'), ('1', '34'), ('1', '35'), ('1', '36'), ('1', '37'), ('1', '38'), ('1', '39'), ('1', '40'), ('1', '41'), ('1', '42'), ('1', '43'), ('1', '44'), ('1', '45')]
[info] first phase started!
[info] successfully filtered!
[info] second phase started!
[info] send message to 1: CRQ#1#3#0
[info] send message to 2: CRQ#1#3#0
[info] send message to 3: CRQ#1#3#0
[info] send message to 4: CRQ#1#3#0
[info] send message to 5: CRQ#1#3#0
[info] send message to 6: CRQ#1#3#0
[info] send message to 7: CRQ#1#3#0
[info] send message to 8: CRQ#1#3#0
[info] send message to 9: CRQ#1#3#0
[info] send message to 10: CRQ#1#3#0
[info] send message to 11: CRQ#1#3#0
[info] send message to 12: CRQ#1#3#0
[info] send message to 13: CRQ#1#3#0
[info] send message to 14: CRQ#1#3#0
[info] send message to 15: CRQ#1#3#0
[info] send message to 16: CRQ#1#3#0
[info] send message to 17: CRQ#1#3#0
[info] send message to 18: CRQ#1#3#0
[info] send message to 19: CRQ#1#3#0
[info] send message to 20: CRQ#1#3#0
[info] send message to 21: CRQ#1#3#0
[info] send message to 22: CRQ#1#3#0
[info] send message to 23: CRQ#1#3#0
[info] send message to 24: CRQ#1#3#0
[info] send message to 25: CRQ#1#3#0
[info] send message to 26: CRQ#1#3#0
[info] send message to 27: CRQ#1#3#0
[info] send message to 28: CRQ#1#3#0
[info] send message to 29: CRQ#1#3#0
[info] send message to 30: CRQ#1#3#0
[info] send message to 31: CRQ#1#3#0
[info] send message to 32: CRQ#1#3#0
[info] send message to 33: CRQ#1#3#0
[info] send message to 34: CRQ#1#3#0
[info] send message to 35: CRQ#1#3#0
[info] send message to 36: CRQ#1#3#0
[info] send message to 37: CRQ#1#3#0
[info] send message to 38: CRQ#1#3#0
[info] send message to 39: CRQ#1#3#0
[info] send message to 40: CRQ#1#3#0
[info] send message to 41: CRQ#1#3#0
[info] send message to 42: CRQ#1#3#0
[info] send message to 43: CRQ#1#3#0
[info] send message to 44: CRQ#1#3#0
[info] send message to 45: CRQ#1#3#0
[info] message from 1: CRQ#1#3#0
[info] I vote myself
[info] send message to 1: vote#1
[info] message from 7: CRQ#7#3#0
[info] I have voted before!
[info] send message to 7: vote#0
[info] message from 5: vote#1
[info] message from 2: vote#1
[info] message from 3: vote#1
[info] message from 6: vote#1
[info] message from 4: vote#1
[info] message from 9: vote#1
[info] message from 11: vote#1
[info] message from 8: vote#1
[info] message from 12: vote#0
[info] message from 13: vote#0
[info] message from 10: vote#1
[info] message from 16: vote#0
[info] message from 15: vote#0
[info] message from 14: vote#0
[info] message from 21: vote#0
[info] message from 18: vote#0
[info] message from 19: vote#0
[info] message from 22: vote#0
[info] message from 17: vote#0
[info] message from 20: vote#0
[info] message from 24: vote#0
[info] message from 25: vote#0
[info] message from 26: vote#0
[info] message from 23: vote#0
[info] message from 37: CRQ#37#3#0
[info] I have voted before!
[info] send message to 37: vote#0
[info] message from 29: vote#0
[info] message from 27: vote#0
[info] message from 33: vote#0
[info] message from 30: vote#0
[info] message from 28: vote#0
[info] message from 36: vote#0
[info] message from 32: vote#0
[info] message from 35: vote#0
[info] message from 40: vote#0
[info] message from 34: vote#0
[info] message from 31: vote#0
[info] message from 41: vote#0
[info] message from 38: vote#0
[info] message from 7: vote#0
[info] message from 42: vote#0
[info] message from 43: vote#0
[info] message from 44: vote#0
[info] message from 39: vote#0
[info] message from 45: vote#0
[info] message from 1: vote#1
[info] message from 7: CHANGE#34
[info] send message to 7: ACK
[info] message from 37: vote#0
[info] send message to 7: CHANGE#10
[info] send message to 37: CHANGE#10
[info] message from 7: CAM#7
[info] third phase started!
