[info] Hello from node7
[info] I'm connected to nodes ['1', '2', '3', '4', '5', '6', '7', '8', '9', '10', '11', '12', '13', '14', '15', '16', '17', '18', '19', '20', '21', '22', '23', '24', '25', '26', '27', '28', '29', '30', '31', '32', '33', '34', '35', '36', '37', '38', '39', '40', '41', '42', '43', '44', '45']
[info] I have edges [('7', '1'), ('7', '2'), ('7', '3'), ('7', '4'), ('7', '5'), ('7', '6'), ('7', '7'), ('7', '8'), ('7', '9'), ('7', '10'), ('7', '11'), ('7', '12'), ('7', '13'), ('7', '14'), ('7', '15'), ('7', '16'), ('7', '17'), ('7', '18'), ('7', '19'), ('7', '20'), ('7', '21'), ('7', '22'), ('7', '23'), ('7', '24'), ('7', '25'), ('7', '26'), ('7', '27'), ('7', '28'), ('7', '29'), ('7', '30'), ('7', '31'), ('7', '32'), ('7', '33'), ('7', '34'), ('7', '35'), ('7', '36'), ('7', '37'), ('7', '38'), ('7', '39'), ('7', '40'), ('7', '41'), ('7', '42'), ('7', '43'), ('7', '44'), ('7', '45')]
[info] first phase started!
[info] successfully filtered!
[info] second phase started!
[info] send message to 1: CRQ#7#3#0
[info] send message to 2: CRQ#7#3#0
[info] send message to 3: CRQ#7#3#0
[info] send message to 4: CRQ#7#3#0
[info] send message to 5: CRQ#7#3#0
[info] send message to 6: CRQ#7#3#0
[info] send message to 7: CRQ#7#3#0
[info] send message to 8: CRQ#7#3#0
[info] send message to 9: CRQ#7#3#0
[info] send message to 10: CRQ#7#3#0
[info] send message to 11: CRQ#7#3#0
[info] send message to 12: CRQ#7#3#0
[info] send message to 13: CRQ#7#3#0
[info] send message to 14: CRQ#7#3#0
[info] send message to 15: CRQ#7#3#0
[info] send message to 16: CRQ#7#3#0
[info] send message to 17: CRQ#7#3#0
[info] send message to 18: CRQ#7#3#0
[info] send message to 19: CRQ#7#3#0
[info] send message to 20: CRQ#7#3#0
[info] send message to 21: CRQ#7#3#0
[info] send message to 22: CRQ#7#3#0
[info] send message to 23: CRQ#7#3#0
[info] send message to 24: CRQ#7#3#0
[info] send message to 25: CRQ#7#3#0
[info] send message to 26: CRQ#7#3#0
[info] send message to 27: CRQ#7#3#0
[info] send message to 28: CRQ#7#3#0
[info] send message to 29: CRQ#7#3#0
[info] send message to 30: CRQ#7#3#0
[info] send message to 31: CRQ#7#3#0
[info] send message to 32: CRQ#7#3#0
[info] send message to 33: CRQ#7#3#0
[info] send message to 34: CRQ#7#3#0
[info] send message to 35: CRQ#7#3#0
[info] send message to 36: CRQ#7#3#0
[info] send message to 37: CRQ#7#3#0
[info] send message to 38: CRQ#7#3#0
[info] send message to 39: CRQ#7#3#0
[info] send message to 40: CRQ#7#3#0
[info] send message to 41: CRQ#7#3#0
[info] send message to 42: CRQ#7#3#0
[info] send message to 43: CRQ#7#3#0
[info] send message to 44: CRQ#7#3#0
[info] send message to 45: CRQ#7#3#0
[info] message from 2: vote#0
[info] message from 3: vote#0
[info] message from 1: CRQ#1#3#0
[info] send message to 1: vote#0
[info] message from 5: vote#0
[info] message from 6: vote#0
[info] message from 4: vote#0
[info] message from 7: CRQ#7#3#0
[info] I vote myself
[info] send message to 7: vote#1
[info] message from 9: vote#0
[info] message from 11: vote#0
[info] message from 12: vote#1
[info] message from 8: vote#0
[info] message from 13: vote#1
[info] message from 10: vote#0
[info] message from 16: vote#1
[info] message from 15: vote#1
[info] message from 21: vote#1
[info] message from 14: vote#1
[info] message from 18: vote#1
[info] message from 22: vote#1
[info] message from 19: vote#1
[info] message from 17: vote#1
[info] message from 20: vote#1
[info] message from 24: vote#1
[info] message from 25: vote#1
[info] message from 26: vote#1
[info] message from 23: vote#1
[info] message from 29: vote#1
[info] message from 27: vote#1
[info] message from 33: vote#1
[info] message from 36: vote#1
[info] message from 28: vote#1
[info] message from 37: CRQ#37#3#0
[info] I have voted before!
[info] send message to 37: vote#0
[info] message from 30: vote#1
[info] message from 41: vote#1
[info] message from 32: vote#1
[info] message from 40: vote#1
[info] message from 35: vote#1
[info] message from 43: vote#1
[info] message from 34: vote#1
[info] message from 31: vote#1
[info] message from 44: vote#1
[info] message from 38: vote#1
[info] message from 45: vote#1
[info] message from 42: vote#1
[info] message from 7: vote#1
[info] message from 39: vote#1
[info] message from 1: vote#0
[info] message from 37: vote#0
[info] send message to 1: CHANGE#34
[info] send message to 37: CHANGE#34
[info] message from 1: ACK
[info] message from 1: CHANGE#10
[info] I am have better chance of being a leader!
[info] message from 37: ACK
[info] send message to 1: CAM#7
[info] send message to 2: CAM#7
[info] send message to 3: CAM#7
[info] send message to 4: CAM#7
[info] send message to 5: CAM#7
[info] send message to 6: CAM#7
[info] send message to 7: CAM#7
[info] send message to 8: CAM#7
[info] send message to 9: CAM#7
[info] send message to 10: CAM#7
[info] send message to 11: CAM#7
[info] send message to 12: CAM#7
[info] send message to 13: CAM#7
[info] send message to 14: CAM#7
[info] send message to 15: CAM#7
[info] send message to 16: CAM#7
[info] send message to 17: CAM#7
[info] send message to 18: CAM#7
[info] send message to 19: CAM#7
[info] send message to 20: CAM#7
[info] send message to 21: CAM#7
[info] send message to 22: CAM#7
[info] send message to 23: CAM#7
[info] send message to 24: CAM#7
[info] send message to 25: CAM#7
[info] send message to 26: CAM#7
[info] send message to 27: CAM#7
[info] send message to 28: CAM#7
[info] send message to 29: CAM#7
[info] send message to 30: CAM#7
[info] send message to 31: CAM#7
[info] send message to 32: CAM#7
[info] send message to 33: CAM#7
[info] send message to 34: CAM#7
[info] send message to 35: CAM#7
[info] send message to 36: CAM#7
[info] send message to 37: CAM#7
[info] send message to 38: CAM#7
[info] send message to 39: CAM#7
[info] send message to 40: CAM#7
[info] send message to 41: CAM#7
[info] send message to 42: CAM#7
[info] send message to 43: CAM#7
[info] send message to 44: CAM#7
[info] send message to 45: CAM#7
[info] message from 37: CHANGE#1
[info] I am have better chance of being a leader!
[info] message from 7: CAM#7
[info] third phase started!
