[info] Hello from node19
[info] I'm connected to nodes ['18', '19', '20']
[info] I have edges [('19', '18'), ('19', '19'), ('19', '20')]
[info] -- round 0 started!
[info] -- new id 4 selected!
[info] send message to 18: wave#0#4#0
[info] send message to 19: wave#0#4#0
[info] send message to 20: wave#0#4#0
[info] message from 19: wave#0#4#0
[info] message from 20: wave#0#1#0
[info] message from 18: wave#0#6#0
[info] send message to 19: wave#0#6#0
[info] send message to 20: wave#0#6#0
[info] message from 19: wave#0#6#0
[info] message from 20: wave#0#9#0
[info] send message to 18: wave#0#9#0
[info] send message to 19: wave#0#9#0
[info] message from 20: wave#0#18#0
[info] send message to 18: wave#0#18#0
[info] send message to 19: wave#0#18#0
[info] message from 19: wave#0#9#0
[info] message from 20: wave#0#19#0
[info] send message to 18: wave#0#19#0
[info] send message to 19: wave#0#19#0
[info] message from 19: wave#0#18#0
[info] message from 18: wave#0#18#1
[info] message from 19: wave#0#19#0
[info] message from 18: wave#0#19#1
[info] after round 0 : parent is ['20'] and leader id is 19
[info] send message to 20: wave#0#19#2
[info] message from 18: wave#1#5#0
[info] send message to 19: wave#1#5#0
[info] send message to 20: wave#1#5#0
[info] message from 19: wave#1#5#0
[info] message from 20: wave#1#5#1
[info] after round 1 : parent is ['18'] and leader id is 5
[info] send message to 18: wave#1#5#2
[info] message from 18: exit
[info] send message to 20: exit
