[info] Hello from node13
[info] I'm connected to nodes ['12', '13', '14']
[info] I have edges [('13', '12'), ('13', '13'), ('13', '14')]
[info] -- round 0 started!
[info] -- new id 1 selected!
[info] send message to 12: wave#0#1#0
[info] send message to 13: wave#0#1#0
[info] send message to 14: wave#0#1#0
[info] message from 14: wave#0#19#0
[info] send message to 12: wave#0#19#0
[info] send message to 13: wave#0#19#0
[info] message from 13: wave#0#1#0
[info] message from 13: wave#0#19#0
[info] message from 12: wave#0#3#0
[info] message from 12: wave#0#19#1
[info] after round 0 : parent is ['14'] and leader id is 19
[info] send message to 14: wave#0#19#2
[info] message from 12: wave#0#19#1
[info] after round 0 : parent is ['14'] and leader id is 19
[info] send message to 14: wave#0#19#3
[info] message from 14: wave#1#5#0
[info] send message to 12: wave#1#5#0
[info] send message to 13: wave#1#5#0
[info] message from 13: wave#1#5#0
[info] message from 12: wave#1#5#12
[info] after round 1 : parent is ['14'] and leader id is 5
[info] send message to 14: wave#1#5#13
[info] message from 14: exit
[info] send message to 12: exit
