[info] Hello from node17
[info] I'm connected to nodes ['16', '17', '18']
[info] I have edges [('17', '16'), ('17', '17'), ('17', '18')]
[info] -- round 0 started!
[info] -- new id 5 selected!
[info] send message to 16: wave#0#5#0
[info] send message to 17: wave#0#5#0
[info] send message to 18: wave#0#5#0
[info] message from 17: wave#0#5#0
[info] message from 18: wave#0#6#0
[info] send message to 16: wave#0#6#0
[info] send message to 17: wave#0#6#0
[info] message from 17: wave#0#6#0
[info] message from 18: wave#0#9#0
[info] send message to 16: wave#0#9#0
[info] send message to 17: wave#0#9#0
[info] message from 16: wave#0#18#0
[info] send message to 17: wave#0#18#0
[info] send message to 18: wave#0#18#0
[info] message from 17: wave#0#9#0
[info] message from 17: wave#0#18#0
[info] message from 18: wave#0#18#0
[info] after round 0 : parent is ['16'] and leader id is 18
[info] send message to 16: wave#0#18#1
[info] message from 16: wave#0#19#0
[info] send message to 17: wave#0#19#0
[info] send message to 18: wave#0#19#0
[info] message from 17: wave#0#19#0
[info] message from 18: wave#0#19#0
[info] after round 0 : parent is ['16'] and leader id is 19
[info] send message to 16: wave#0#19#1
[info] message from 16: wave#1#5#0
[info] send message to 17: wave#1#5#0
[info] send message to 18: wave#1#5#0
[info] message from 17: wave#1#5#0
[info] message from 18: wave#1#5#3
[info] after round 1 : parent is ['16'] and leader id is 5
[info] send message to 16: wave#1#5#4
[info] message from 16: exit
[info] send message to 18: exit
