[info] Hello from node3
[info] I'm connected to nodes ['2', '3', '4']
[info] I have edges [('3', '2'), ('3', '3'), ('3', '4')]
[info] -- round 0 started!
[info] -- new id 8 selected!
[info] send message to 2: wave#0#8#0
[info] send message to 3: wave#0#8#0
[info] send message to 4: wave#0#8#0
[info] message from 2: wave#0#18#0
[info] send message to 3: wave#0#18#0
[info] send message to 4: wave#0#18#0
[info] message from 2: wave#0#21#0
[info] send message to 3: wave#0#21#0
[info] send message to 4: wave#0#21#0
[info] message from 3: wave#0#8#0
[info] message from 4: wave#0#10#0
[info] message from 3: wave#0#18#0
[info] message from 3: wave#0#21#0
[info] message from 4: wave#0#11#0
[info] message from 4: wave#0#24#0
[info] send message to 2: wave#0#24#0
[info] send message to 3: wave#0#24#0
[info] message from 3: wave#0#24#0
[info] message from 2: wave#0#24#7
[info] after round 0 : parent is ['4'] and leader id is 24
[info] send message to 4: wave#0#24#8
[info] message from 4: wave#1#24#0
[info] send message to 2: wave#1#24#0
[info] send message to 3: wave#1#24#0
[info] message from 3: wave#1#24#0
[info] message from 2: wave#1#24#4
[info] after round 1 : parent is ['4'] and leader id is 24
[info] send message to 4: wave#1#24#5
[info] message from 4: exit
[info] send message to 2: exit
