[info] Hello from node10
[info] I'm connected to nodes ['9', '10', '11']
[info] I have edges [('10', '9'), ('10', '10'), ('10', '11')]
[info] -- round 0 started!
[info] -- new id 24 selected!
[info] send message to 9: wave#0#24#0
[info] send message to 10: wave#0#24#0
[info] send message to 11: wave#0#24#0
[info] message from 9: wave#0#10#0
[info] message from 10: wave#0#24#0
[info] message from 11: wave#0#8#0
[info] message from 11: wave#0#22#0
[info] message from 11: wave#0#23#0
[info] message from 11: wave#0#24#0
[info] message from 11: wave#1#24#0
[info] send message to 9: wave#1#24#0
[info] send message to 10: wave#1#24#0
[info] message from 10: wave#1#24#0
[info] message from 9: wave#1#24#11
[info] after round 1 : parent is ['11'] and leader id is 24
[info] send message to 11: wave#1#24#12
[info] message from 11: exit
[info] send message to 9: exit
