[info] Hello from node24
[info] I'm connected to nodes ['23', '24', '25']
[info] I have edges [('24', '23'), ('24', '24'), ('24', '25')]
[info] -- round 0 started!
[info] -- new id 5 selected!
[info] send message to 23: wave#0#5#0
[info] send message to 24: wave#0#5#0
[info] send message to 25: wave#0#5#0
[info] message from 25: wave#0#8#0
[info] send message to 23: wave#0#8#0
[info] send message to 24: wave#0#8#0
[info] message from 25: wave#0#21#0
[info] send message to 23: wave#0#21#0
[info] send message to 24: wave#0#21#0
[info] message from 24: wave#0#5#0
[info] message from 23: wave#0#11#0
[info] message from 25: wave#0#24#0
[info] send message to 23: wave#0#24#0
[info] send message to 24: wave#0#24#0
[info] message from 23: wave#0#20#0
[info] message from 24: wave#0#8#0
[info] message from 24: wave#0#21#0
[info] message from 24: wave#0#24#0
[info] message from 23: wave#0#24#3
[info] after round 0 : parent is ['25'] and leader id is 24
[info] send message to 25: wave#0#24#4
[info] message from 25: wave#1#24#0
[info] send message to 23: wave#1#24#0
[info] send message to 24: wave#1#24#0
[info] message from 23: wave#1#24#0
[info] message from 24: wave#1#24#0
[info] after round 1 : parent is ['25'] and leader id is 24
[info] send message to 25: wave#1#24#1
[info] message from 23: exit
[info] send message to 25: exit
