[info] Hello from node13
[info] I'm connected to nodes ['12', '13', '14']
[info] I have edges [('13', '12'), ('13', '13'), ('13', '14')]
[info] -- round 0 started!
[info] -- new id 16 selected!
[info] send message to 12: wave#0#16#0
[info] send message to 13: wave#0#16#0
[info] send message to 14: wave#0#16#0
[info] message from 14: wave#0#23#0
[info] send message to 12: wave#0#23#0
[info] send message to 13: wave#0#23#0
[info] message from 13: wave#0#16#0
[info] message from 12: wave#0#22#0
[info] message from 14: wave#0#24#0
[info] send message to 12: wave#0#24#0
[info] send message to 13: wave#0#24#0
[info] message from 13: wave#0#23#0
[info] message from 13: wave#0#24#0
[info] message from 12: wave#0#24#2
[info] after round 0 : parent is ['14'] and leader id is 24
[info] send message to 14: wave#0#24#3
[info] message from 12: wave#0#24#3
[info] after round 0 : parent is ['14'] and leader id is 24
[info] send message to 14: wave#0#24#6
[info] message from 12: wave#0#24#4
[info] after round 0 : parent is ['14'] and leader id is 24
[info] send message to 14: wave#0#24#10
[info] message from 12: wave#0#24#5
[info] after round 0 : parent is ['14'] and leader id is 24
[info] send message to 14: wave#0#24#15
[info] message from 14: wave#1#24#0
[info] send message to 12: wave#1#24#0
[info] send message to 13: wave#1#24#0
[info] message from 13: wave#1#24#0
[info] message from 12: wave#1#24#14
[info] after round 1 : parent is ['14'] and leader id is 24
[info] send message to 14: wave#1#24#15
[info] message from 14: exit
[info] send message to 12: exit
