[info] Hello from node19
[info] I'm connected to nodes ['18', '19', '20']
[info] I have edges [('19', '18'), ('19', '19'), ('19', '20')]
[info] -- round 0 started!
[info] -- new id 3 selected!
[info] send message to 18: wave#0#3#0
[info] send message to 19: wave#0#3#0
[info] send message to 20: wave#0#3#0
[info] message from 19: wave#0#3#0
[info] message from 18: wave#0#18#0
[info] send message to 19: wave#0#18#0
[info] send message to 20: wave#0#18#0
[info] message from 19: wave#0#18#0
[info] message from 20: wave#0#2#0
[info] message from 20: wave#0#18#1
[info] after round 0 : parent is ['18'] and leader id is 18
[info] send message to 18: wave#0#18#2
[info] message from 20: wave#0#18#1
[info] after round 0 : parent is ['18'] and leader id is 18
[info] send message to 18: wave#0#18#3
[info] message from 20: wave#0#18#1
[info] after round 0 : parent is ['18'] and leader id is 18
[info] send message to 18: wave#0#18#4
[info] message from 18: wave#1#7#0
[info] send message to 19: wave#1#7#0
[info] send message to 20: wave#1#7#0
[info] message from 19: wave#1#7#0
[info] message from 20: wave#1#7#1
[info] after round 1 : parent is ['18'] and leader id is 7
[info] send message to 18: wave#1#7#2
[info] message from 18: exit
[info] send message to 20: exit
