[info] Hello from node6
[info] I'm connected to nodes ['5', '6', '7']
[info] I have edges [('6', '5'), ('6', '6'), ('6', '7')]
[info] -- round 0 started!
[info] -- new id 37 selected!
[info] send message to 5: wave#0#37#0
[info] send message to 6: wave#0#37#0
[info] send message to 7: wave#0#37#0
[info] message from 6: wave#0#37#0
[info] message from 5: wave#0#32#0
[info] message from 7: wave#0#34#0
[info] message from 7: wave#0#44#0
[info] send message to 5: wave#0#44#0
[info] send message to 6: wave#0#44#0
[info] message from 6: wave#0#44#0
[info] message from 5: wave#0#44#6
[info] after round 0 : parent is ['7'] and leader id is 44
[info] send message to 7: wave#0#44#7
[info] message from 5: wave#0#44#21
[info] after round 0 : parent is ['7'] and leader id is 44
[info] send message to 7: wave#0#44#28
[info] message from 5: wave#0#44#56
[info] after round 0 : parent is ['7'] and leader id is 44
[info] send message to 7: wave#0#44#84
[info] message from 5: wave#0#44#126
[info] after round 0 : parent is ['7'] and leader id is 44
[info] send message to 7: wave#0#44#210
[info] message from 5: wave#0#44#252
[info] after round 0 : parent is ['7'] and leader id is 44
[info] send message to 7: wave#0#44#462
[info] message from 5: wave#0#44#462
[info] after round 0 : parent is ['7'] and leader id is 44
[info] send message to 7: wave#0#44#924
[info] message from 5: wave#0#45#0
[info] send message to 6: wave#0#45#0
[info] send message to 7: wave#0#45#0
[info] message from 6: wave#0#45#0
[info] message from 7: wave#0#45#4
[info] after round 0 : parent is ['5'] and leader id is 45
[info] send message to 5: wave#0#45#5
[info] message from 5: exit
[info] send message to 7: exit
