[info] Hello from node7
[info] I'm connected to nodes ['6', '7', '8']
[info] I have edges [('7', '6'), ('7', '7'), ('7', '8')]
[info] -- round 0 started!
[info] -- new id 34 selected!
[info] send message to 6: wave#0#34#0
[info] send message to 7: wave#0#34#0
[info] send message to 8: wave#0#34#0
[info] message from 6: wave#0#37#0
[info] send message to 7: wave#0#37#0
[info] send message to 8: wave#0#37#0
[info] message from 8: wave#0#8#0
[info] message from 7: wave#0#34#0
[info] message from 7: wave#0#37#0
[info] message from 8: wave#0#44#0
[info] send message to 6: wave#0#44#0
[info] send message to 7: wave#0#44#0
[info] message from 7: wave#0#44#0
[info] message from 6: wave#0#44#7
[info] after round 0 : parent is ['8'] and leader id is 44
[info] send message to 8: wave#0#44#8
[info] message from 6: wave#0#44#28
[info] after round 0 : parent is ['8'] and leader id is 44
[info] send message to 8: wave#0#44#36
[info] message from 6: wave#0#44#84
[info] after round 0 : parent is ['8'] and leader id is 44
[info] send message to 8: wave#0#44#120
[info] message from 6: wave#0#44#210
[info] after round 0 : parent is ['8'] and leader id is 44
[info] send message to 8: wave#0#44#330
[info] message from 6: wave#0#44#462
[info] after round 0 : parent is ['8'] and leader id is 44
[info] send message to 8: wave#0#44#792
[info] message from 6: wave#0#44#924
[info] after round 0 : parent is ['8'] and leader id is 44
[info] send message to 8: wave#0#44#1716
[info] message from 6: wave#0#45#0
[info] send message to 7: wave#0#45#0
[info] send message to 8: wave#0#45#0
[info] message from 7: wave#0#45#0
[info] message from 8: wave#0#45#3
[info] after round 0 : parent is ['6'] and leader id is 45
[info] send message to 6: wave#0#45#4
[info] message from 6: exit
[info] send message to 8: exit
