[info] Hello from node23
[info] I'm connected to nodes ['22', '23', '24']
[info] I have edges [('23', '22'), ('23', '23'), ('23', '24')]
[info] -- round 0 started!
[info] -- new id 7 selected!
[info] send message to 22: wave#0#7#0
[info] send message to 23: wave#0#7#0
[info] send message to 24: wave#0#7#0
[info] message from 22: wave#0#29#0
[info] send message to 23: wave#0#29#0
[info] send message to 24: wave#0#29#0
[info] message from 23: wave#0#7#0
[info] message from 24: wave#0#36#0
[info] send message to 22: wave#0#36#0
[info] send message to 23: wave#0#36#0
[info] message from 23: wave#0#29#0
[info] message from 23: wave#0#36#0
[info] message from 22: wave#0#37#0
[info] send message to 23: wave#0#37#0
[info] send message to 24: wave#0#37#0
[info] message from 23: wave#0#37#0
[info] message from 22: wave#0#38#0
[info] send message to 23: wave#0#38#0
[info] send message to 24: wave#0#38#0
[info] message from 23: wave#0#38#0
[info] message from 22: wave#0#41#0
[info] send message to 23: wave#0#41#0
[info] send message to 24: wave#0#41#0
[info] message from 23: wave#0#41#0
[info] message from 22: wave#0#44#0
[info] send message to 23: wave#0#44#0
[info] send message to 24: wave#0#44#0
[info] message from 23: wave#0#44#0
[info] message from 24: wave#0#45#0
[info] send message to 22: wave#0#45#0
[info] send message to 23: wave#0#45#0
[info] message from 23: wave#0#45#0
[info] message from 22: wave#0#45#12
[info] after round 0 : parent is ['24'] and leader id is 45
[info] send message to 24: wave#0#45#13
[info] message from 24: exit
[info] send message to 22: exit
