[info] Hello from node29
[info] I'm connected to nodes ['28', '29', '30']
[info] I have edges [('29', '28'), ('29', '29'), ('29', '30')]
[info] -- round 0 started!
[info] -- new id 29 selected!
[info] send message to 28: wave#0#29#0
[info] send message to 29: wave#0#29#0
[info] send message to 30: wave#0#29#0
[info] message from 29: wave#0#29#0
[info] message from 30: wave#0#10#0
[info] message from 28: wave#0#29#0
[info] message from 28: wave#0#36#0
[info] send message to 29: wave#0#36#0
[info] send message to 30: wave#0#36#0
[info] message from 29: wave#0#36#0
[info] message from 28: wave#0#37#0
[info] send message to 29: wave#0#37#0
[info] send message to 30: wave#0#37#0
[info] message from 29: wave#0#37#0
[info] message from 28: wave#0#38#0
[info] send message to 29: wave#0#38#0
[info] send message to 30: wave#0#38#0
[info] message from 29: wave#0#38#0
[info] message from 28: wave#0#41#0
[info] send message to 29: wave#0#41#0
[info] send message to 30: wave#0#41#0
[info] message from 29: wave#0#41#0
[info] message from 28: wave#0#44#0
[info] send message to 29: wave#0#44#0
[info] send message to 30: wave#0#44#0
[info] message from 29: wave#0#44#0
[info] message from 30: wave#0#45#0
[info] send message to 28: wave#0#45#0
[info] send message to 29: wave#0#45#0
[info] message from 29: wave#0#45#0
[info] message from 28: wave#0#45#18
[info] after round 0 : parent is ['30'] and leader id is 45
[info] send message to 30: wave#0#45#19
[info] message from 30: exit
[info] send message to 28: exit
