[info] Hello from node37
[info] I'm connected to nodes ['36', '37', '38']
[info] I have edges [('37', '36'), ('37', '37'), ('37', '38')]
[info] -- round 0 started!
[info] -- new id 7 selected!
[info] send message to 36: wave#0#7#0
[info] send message to 37: wave#0#7#0
[info] send message to 38: wave#0#7#0
[info] message from 37: wave#0#7#0
[info] message from 36: wave#0#29#0
[info] send message to 37: wave#0#29#0
[info] send message to 38: wave#0#29#0
[info] message from 36: wave#0#33#0
[info] send message to 37: wave#0#33#0
[info] send message to 38: wave#0#33#0
[info] message from 37: wave#0#29#0
[info] message from 38: wave#0#28#0
[info] message from 37: wave#0#33#0
[info] message from 38: wave#0#45#0
[info] send message to 36: wave#0#45#0
[info] send message to 37: wave#0#45#0
[info] message from 37: wave#0#45#0
[info] message from 36: wave#0#45#26
[info] after round 0 : parent is ['38'] and leader id is 45
[info] send message to 38: wave#0#45#27
[info] message from 38: exit
[info] send message to 36: exit
