[info] Hello from node20
[info] I'm connected to nodes ['19', '20', '21']
[info] I have edges [('20', '19'), ('20', '20'), ('20', '21')]
[info] -- round 0 started!
[info] -- new id 21 selected!
[info] send message to 19: wave#0#21#0
[info] send message to 20: wave#0#21#0
[info] send message to 21: wave#0#21#0
[info] message from 21: wave#0#21#0
[info] message from 21: wave#0#29#0
[info] send message to 19: wave#0#29#0
[info] send message to 20: wave#0#29#0
[info] message from 19: wave#0#37#0
[info] send message to 20: wave#0#37#0
[info] send message to 21: wave#0#37#0
[info] message from 20: wave#0#21#0
[info] message from 19: wave#0#38#0
[info] send message to 20: wave#0#38#0
[info] send message to 21: wave#0#38#0
[info] message from 20: wave#0#29#0
[info] message from 21: wave#0#36#0
[info] message from 20: wave#0#37#0
[info] message from 19: wave#0#41#0
[info] send message to 20: wave#0#41#0
[info] send message to 21: wave#0#41#0
[info] message from 20: wave#0#38#0
[info] message from 20: wave#0#41#0
[info] message from 19: wave#0#44#0
[info] send message to 20: wave#0#44#0
[info] send message to 21: wave#0#44#0
[info] message from 20: wave#0#44#0
[info] message from 21: wave#0#45#0
[info] send message to 19: wave#0#45#0
[info] send message to 20: wave#0#45#0
[info] message from 20: wave#0#45#0
[info] message from 19: wave#0#45#9
[info] after round 0 : parent is ['21'] and leader id is 45
[info] send message to 21: wave#0#45#10
[info] message from 21: exit
[info] send message to 19: exit
