[info] Hello from node42
[info] I'm connected to nodes ['41', '42', '43']
[info] I have edges [('42', '41'), ('42', '42'), ('42', '43')]
[info] -- round 0 started!
[info] -- new id 11 selected!
[info] send message to 41: wave#0#11#0
[info] send message to 42: wave#0#11#0
[info] send message to 43: wave#0#11#0
[info] message from 41: wave#0#45#0
[info] send message to 42: wave#0#45#0
[info] send message to 43: wave#0#45#0
[info] message from 43: wave#0#34#0
[info] message from 42: wave#0#11#0
[info] message from 42: wave#0#45#0
[info] message from 43: wave#0#44#0
[info] message from 43: wave#0#45#13
[info] after round 0 : parent is ['41'] and leader id is 45
[info] send message to 41: wave#0#45#14
[info] message from 41: exit
[info] send message to 43: exit
