[info] Hello from node4
[info] I'm connected to nodes ['3', '4', '5']
[info] I have edges [('4', '3'), ('4', '4'), ('4', '5')]
[info] -- round 0 started!
[info] -- new id 25 selected!
[info] send message to 3: wave#0#25#0
[info] send message to 4: wave#0#25#0
[info] send message to 5: wave#0#25#0
[info] message from 3: wave#0#14#0
[info] message from 3: wave#0#25#0
[info] message from 4: wave#0#25#0
[info] message from 5: wave#0#32#0
[info] send message to 3: wave#0#32#0
[info] send message to 4: wave#0#32#0
[info] message from 4: wave#0#32#0
[info] message from 5: wave#0#37#0
[info] send message to 3: wave#0#37#0
[info] send message to 4: wave#0#37#0
[info] message from 4: wave#0#37#0
[info] message from 5: wave#0#44#0
[info] send message to 3: wave#0#44#0
[info] send message to 4: wave#0#44#0
[info] message from 4: wave#0#44#0
[info] message from 3: wave#0#44#4
[info] after round 0 : parent is ['5'] and leader id is 44
[info] send message to 5: wave#0#44#5
[info] message from 3: wave#0#44#10
[info] after round 0 : parent is ['5'] and leader id is 44
[info] send message to 5: wave#0#44#15
[info] message from 3: wave#0#44#20
[info] after round 0 : parent is ['5'] and leader id is 44
[info] send message to 5: wave#0#44#35
[info] message from 3: wave#0#44#35
[info] after round 0 : parent is ['5'] and leader id is 44
[info] send message to 5: wave#0#44#70
[info] message from 3: wave#0#44#56
[info] after round 0 : parent is ['5'] and leader id is 44
[info] send message to 5: wave#0#44#126
[info] message from 3: wave#0#44#84
[info] after round 0 : parent is ['5'] and leader id is 44
[info] send message to 5: wave#0#44#210
[info] message from 3: wave#0#45#0
[info] send message to 4: wave#0#45#0
[info] send message to 5: wave#0#45#0
[info] message from 4: wave#0#45#0
[info] message from 5: wave#0#45#6
[info] after round 0 : parent is ['3'] and leader id is 45
[info] send message to 3: wave#0#45#7
[info] message from 3: exit
[info] send message to 5: exit
