[info] Hello from node43
[info] I'm connected to nodes ['42', '43', '44']
[info] I have edges [('43', '42'), ('43', '43'), ('43', '44')]
[info] -- round 0 started!
[info] -- new id 34 selected!
[info] send message to 42: wave#0#34#0
[info] send message to 43: wave#0#34#0
[info] send message to 44: wave#0#34#0
[info] message from 44: wave#0#44#0
[info] send message to 42: wave#0#44#0
[info] send message to 43: wave#0#44#0
[info] message from 43: wave#0#34#0
[info] message from 42: wave#0#11#0
[info] message from 42: wave#0#45#0
[info] send message to 43: wave#0#45#0
[info] send message to 44: wave#0#45#0
[info] message from 43: wave#0#44#0
[info] message from 43: wave#0#45#0
[info] message from 44: wave#0#45#12
[info] after round 0 : parent is ['42'] and leader id is 45
[info] send message to 42: wave#0#45#13
[info] message from 42: exit
[info] send message to 44: exit
