[info] Hello from node15
[info] I'm connected to nodes ['14', '15', '16']
[info] I have edges [('15', '14'), ('15', '15'), ('15', '16')]
[info] -- round 0 started!
[info] -- new id 41 selected!
[info] send message to 14: wave#0#41#0
[info] send message to 15: wave#0#41#0
[info] send message to 16: wave#0#41#0
[info] message from 15: wave#0#41#0
[info] message from 16: wave#0#33#0
[info] message from 14: wave#0#38#0
[info] message from 14: wave#0#44#0
[info] send message to 15: wave#0#44#0
[info] send message to 16: wave#0#44#0
[info] message from 15: wave#0#44#0
[info] message from 16: wave#0#45#0
[info] send message to 14: wave#0#45#0
[info] send message to 15: wave#0#45#0
[info] message from 15: wave#0#45#0
[info] message from 14: wave#0#45#4
[info] after round 0 : parent is ['16'] and leader id is 45
[info] send message to 16: wave#0#45#5
[info] message from 14: exit
[info] send message to 16: exit
