[info] Hello from node45
[info] I'm connected to nodes ['1', '44', '45']
[info] I have edges [('45', '1'), ('45', '44'), ('45', '45')]
[info] -- round 0 started!
[info] -- new id 2 selected!
[info] send message to 1: wave#0#2#0
[info] send message to 44: wave#0#2#0
[info] send message to 45: wave#0#2#0
[info] message from 1: wave#0#16#0
[info] send message to 44: wave#0#16#0
[info] send message to 45: wave#0#16#0
[info] message from 1: wave#0#25#0
[info] send message to 44: wave#0#25#0
[info] send message to 45: wave#0#25#0
[info] message from 1: wave#0#32#0
[info] send message to 44: wave#0#32#0
[info] send message to 45: wave#0#32#0
[info] message from 1: wave#0#37#0
[info] send message to 44: wave#0#37#0
[info] send message to 45: wave#0#37#0
[info] message from 1: wave#0#44#0
[info] send message to 44: wave#0#44#0
[info] send message to 45: wave#0#44#0
[info] message from 44: wave#0#44#0
[info] message from 45: wave#0#2#0
[info] after round 0 : parent is ['1'] and leader id is 44
[info] send message to 1: wave#0#44#1
[info] message from 45: wave#0#16#0
[info] after round 0 : parent is ['1'] and leader id is 44
[info] send message to 1: wave#0#44#1
[info] message from 45: wave#0#25#0
[info] after round 0 : parent is ['1'] and leader id is 44
[info] send message to 1: wave#0#44#1
[info] message from 45: wave#0#32#0
[info] after round 0 : parent is ['1'] and leader id is 44
[info] send message to 1: wave#0#44#1
[info] message from 45: wave#0#37#0
[info] after round 0 : parent is ['1'] and leader id is 44
[info] send message to 1: wave#0#44#1
[info] message from 45: wave#0#44#0
[info] after round 0 : parent is ['1'] and leader id is 44
[info] send message to 1: wave#0#44#1
[info] message from 44: wave#0#45#0
[info] send message to 1: wave#0#45#0
[info] send message to 45: wave#0#45#0
[info] message from 45: wave#0#45#0
[info] message from 1: wave#0#45#10
[info] after round 0 : parent is ['44'] and leader id is 45
[info] send message to 44: wave#0#45#11
[info] message from 44: exit
[info] send message to 1: exit
