[info] Hello from node10
[info] I'm connected to nodes ['9', '10', '11']
[info] I have edges [('10', '9'), ('10', '10'), ('10', '11')]
[info] -- round 0 started!
[info] -- new id 44 selected!
[info] send message to 9: wave#0#44#0
[info] send message to 10: wave#0#44#0
[info] send message to 11: wave#0#44#0
[info] message from 11: wave#0#38#0
[info] message from 10: wave#0#44#0
[info] message from 11: wave#0#40#0
[info] message from 9: wave#0#7#0
[info] message from 9: wave#0#44#10
[info] message from 9: wave#0#44#55
[info] message from 9: wave#0#44#220
[info] message from 9: wave#0#44#715
[info] message from 9: wave#0#44#2002
[info] message from 9: wave#0#44#5005
[info] message from 9: wave#0#45#0
[info] send message to 10: wave#0#45#0
[info] send message to 11: wave#0#45#0
[info] message from 10: wave#0#45#0
[info] message from 11: wave#0#45#0
[info] after round 0 : parent is ['9'] and leader id is 45
[info] send message to 9: wave#0#45#1
[info] message from 9: exit
[info] send message to 11: exit
