[info] Hello from node30
[info] I'm connected to nodes ['1', '29', '30']
[info] I have edges [('30', '1'), ('30', '29'), ('30', '30')]
[info] -- round 0 started!
[info] -- new id 27 selected!
[info] send message to 1: wave#0#27#0
[info] send message to 29: wave#0#27#0
[info] send message to 30: wave#0#27#0
[info] message from 1: wave#0#13#0
[info] message from 1: wave#0#29#0
[info] send message to 29: wave#0#29#0
[info] send message to 30: wave#0#29#0
[info] message from 1: wave#0#30#0
[info] send message to 29: wave#0#30#0
[info] send message to 30: wave#0#30#0
[info] message from 29: wave#0#26#0
[info] message from 30: wave#0#27#0
[info] message from 30: wave#0#29#0
[info] message from 30: wave#0#30#0
[info] message from 1: wave#1#24#0
[info] send message to 29: wave#1#24#0
[info] send message to 30: wave#1#24#0
[info] message from 29: wave#0#30#3
[info] message from 30: wave#1#24#0
[info] message from 29: wave#1#24#4
[info] after round 1 : parent is ['1'] and leader id is 24
[info] send message to 1: wave#1#24#5
[info] message from 29: exit
[info] send message to 1: exit
