[info] Hello from node22
[info] I'm connected to nodes ['21', '22', '23']
[info] I have edges [('22', '21'), ('22', '22'), ('22', '23')]
[info] -- round 0 started!
[info] -- new id 30 selected!
[info] send message to 21: wave#0#30#0
[info] send message to 22: wave#0#30#0
[info] send message to 23: wave#0#30#0
[info] message from 21: wave#0#23#0
[info] message from 23: wave#0#22#0
[info] message from 22: wave#0#30#0
[info] message from 21: wave#0#30#3
[info] message from 21: wave#1#24#0
[info] send message to 22: wave#1#24#0
[info] send message to 23: wave#1#24#0
[info] message from 22: wave#1#24#0
[info] message from 23: wave#1#24#3
[info] after round 1 : parent is ['21'] and leader id is 24
[info] send message to 21: wave#1#24#4
[info] message from 21: exit
[info] send message to 23: exit
