[info] Hello from node21
[info] I'm connected to nodes ['20', '21', '22']
[info] I have edges [('21', '20'), ('21', '21'), ('21', '22')]
[info] -- round 0 started!
[info] -- new id 23 selected!
[info] send message to 20: wave#0#23#0
[info] send message to 21: wave#0#23#0
[info] send message to 22: wave#0#23#0
[info] message from 21: wave#0#23#0
[info] message from 22: wave#0#30#0
[info] send message to 20: wave#0#30#0
[info] send message to 21: wave#0#30#0
[info] message from 21: wave#0#30#0
[info] message from 20: wave#0#22#0
[info] message from 20: wave#0#30#2
[info] after round 0 : parent is ['22'] and leader id is 30
[info] send message to 22: wave#0#30#3
[info] message from 20: wave#1#24#0
[info] send message to 21: wave#1#24#0
[info] send message to 22: wave#1#24#0
[info] message from 21: wave#1#24#0
[info] message from 22: wave#1#24#4
[info] after round 1 : parent is ['20'] and leader id is 24
[info] send message to 20: wave#1#24#5
[info] message from 20: exit
[info] send message to 22: exit
