[info] Hello from node27
[info] I'm connected to nodes ['26', '27', '28']
[info] I have edges [('27', '26'), ('27', '27'), ('27', '28')]
[info] -- round 0 started!
[info] -- new id 6 selected!
[info] send message to 26: wave#0#6#0
[info] send message to 27: wave#0#6#0
[info] send message to 28: wave#0#6#0
[info] message from 28: wave#0#22#0
[info] send message to 26: wave#0#22#0
[info] send message to 27: wave#0#22#0
[info] message from 26: wave#0#9#0
[info] message from 27: wave#0#6#0
[info] message from 28: wave#0#26#0
[info] send message to 26: wave#0#26#0
[info] send message to 27: wave#0#26#0
[info] message from 27: wave#0#22#0
[info] message from 26: wave#0#17#0
[info] message from 28: wave#0#27#0
[info] send message to 26: wave#0#27#0
[info] send message to 27: wave#0#27#0
[info] message from 27: wave#0#26#0
[info] message from 27: wave#0#27#0
[info] message from 28: wave#0#29#0
[info] send message to 26: wave#0#29#0
[info] send message to 27: wave#0#29#0
[info] message from 27: wave#0#29#0
[info] message from 28: wave#0#30#0
[info] send message to 26: wave#0#30#0
[info] send message to 27: wave#0#30#0
[info] message from 26: wave#0#30#0
[info] message from 27: wave#0#30#0
[info] after round 0 : parent is ['28'] and leader id is 30
[info] send message to 28: wave#0#30#1
[info] message from 28: wave#1#24#0
[info] send message to 26: wave#1#24#0
[info] send message to 27: wave#1#24#0
[info] message from 27: wave#1#24#0
[info] message from 26: wave#1#24#1
[info] after round 1 : parent is ['28'] and leader id is 24
[info] send message to 28: wave#1#24#2
[info] message from 26: exit
[info] send message to 28: exit
