[info] Hello from node14
[info] I'm connected to nodes ['13', '14', '15']
[info] I have edges [('14', '13'), ('14', '14'), ('14', '15')]
[info] -- round 0 started!
[info] -- new id 4 selected!
[info] send message to 13: wave#0#4#0
[info] send message to 14: wave#0#4#0
[info] send message to 15: wave#0#4#0
[info] message from 15: wave#0#24#0
[info] send message to 13: wave#0#24#0
[info] send message to 14: wave#0#24#0
[info] message from 14: wave#0#4#0
[info] message from 14: wave#0#24#0
[info] message from 15: wave#0#29#0
[info] send message to 13: wave#0#29#0
[info] send message to 14: wave#0#29#0
[info] message from 14: wave#0#29#0
[info] message from 13: wave#0#25#0
[info] message from 15: wave#0#30#0
[info] send message to 13: wave#0#30#0
[info] send message to 14: wave#0#30#0
[info] message from 14: wave#0#30#0
[info] message from 13: wave#0#30#1
[info] after round 0 : parent is ['15'] and leader id is 30
[info] send message to 15: wave#0#30#2
[info] message from 15: wave#1#24#0
[info] send message to 13: wave#1#24#0
[info] send message to 14: wave#1#24#0
[info] message from 14: wave#1#24#0
[info] message from 13: wave#1#24#18
[info] after round 1 : parent is ['15'] and leader id is 24
[info] send message to 15: wave#1#24#19
[info] message from 15: exit
[info] send message to 13: exit
