[info] Hello from node17
[info] I'm connected to nodes ['16', '17', '18']
[info] I have edges [('17', '16'), ('17', '17'), ('17', '18')]
[info] -- round 0 started!
[info] -- new id 30 selected!
[info] send message to 16: wave#0#30#0
[info] send message to 17: wave#0#30#0
[info] send message to 18: wave#0#30#0
[info] message from 17: wave#0#30#0
[info] message from 18: wave#0#3#0
[info] message from 16: wave#0#29#0
[info] message from 18: wave#0#23#0
[info] message from 18: wave#0#30#1
[info] message from 16: wave#0#30#4
[info] after round 0 : parent is [] and leader id is 30
[info] -- round 1 started!
[info] -- new id 24 selected!
[info] send message to 16: wave#1#24#0
[info] send message to 17: wave#1#24#0
[info] send message to 18: wave#1#24#0
[info] message from 18: wave#0#30#1
[info] message from 18: wave#0#30#1
[info] message from 17: wave#1#24#0
[info] message from 18: wave#1#24#8
[info] message from 16: wave#1#24#21
[info] after round 1 : parent is [] and leader id is 24
[info] send message to 16: exit
[info] send message to 18: exit
