[info] Hello from node11
[info] I'm connected to nodes ['10', '11', '12']
[info] I have edges [('11', '10'), ('11', '11'), ('11', '12')]
[info] -- round 0 started!
[info] -- new id 30 selected!
[info] send message to 10: wave#0#30#0
[info] send message to 11: wave#0#30#0
[info] send message to 12: wave#0#30#0
[info] message from 10: wave#0#10#0
[info] message from 11: wave#0#30#0
[info] message from 12: wave#0#10#0
[info] message from 12: wave#0#30#1
[info] message from 12: wave#1#24#0
[info] send message to 10: wave#1#24#0
[info] send message to 11: wave#1#24#0
[info] message from 11: wave#1#24#0
[info] message from 10: wave#1#24#15
[info] after round 1 : parent is ['12'] and leader id is 24
[info] send message to 12: wave#1#24#16
[info] message from 12: exit
[info] send message to 10: exit
