[info] Hello from node18
[info] I'm connected to nodes ['17', '18', '19']
[info] I have edges [('18', '17'), ('18', '18'), ('18', '19')]
[info] -- round 0 started!
[info] -- new id 3 selected!
[info] send message to 17: wave#0#3#0
[info] send message to 18: wave#0#3#0
[info] send message to 19: wave#0#3#0
[info] message from 19: wave#0#23#0
[info] send message to 17: wave#0#23#0
[info] send message to 18: wave#0#23#0
[info] message from 17: wave#0#30#0
[info] send message to 18: wave#0#30#0
[info] send message to 19: wave#0#30#0
[info] message from 18: wave#0#3#0
[info] message from 19: wave#0#30#0
[info] after round 0 : parent is ['17'] and leader id is 30
[info] send message to 17: wave#0#30#1
[info] message from 18: wave#0#23#0
[info] after round 0 : parent is ['17'] and leader id is 30
[info] send message to 17: wave#0#30#1
[info] message from 18: wave#0#30#0
[info] after round 0 : parent is ['17'] and leader id is 30
[info] send message to 17: wave#0#30#1
[info] message from 17: wave#1#24#0
[info] send message to 18: wave#1#24#0
[info] send message to 19: wave#1#24#0
[info] message from 18: wave#1#24#0
[info] message from 19: wave#1#24#7
[info] after round 1 : parent is ['17'] and leader id is 24
[info] send message to 17: wave#1#24#8
[info] message from 17: exit
[info] send message to 19: exit
