[info] Hello from node8
[info] I'm connected to nodes ['1', '2', '3', '4', '5', '6', '7', '8', '9', '10']
[info] I have edges [('8', '1'), ('8', '2'), ('8', '3'), ('8', '4'), ('8', '5'), ('8', '6'), ('8', '7'), ('8', '8'), ('8', '9'), ('8', '10')]
[info] -- round 0 started!
[info] -- new id 1 selected!
[info] send message to 1: wave#0#1#0
[info] send message to 2: wave#0#1#0
[info] send message to 3: wave#0#1#0
[info] send message to 4: wave#0#1#0
[info] send message to 5: wave#0#1#0
[info] send message to 6: wave#0#1#0
[info] send message to 7: wave#0#1#0
[info] send message to 8: wave#0#1#0
[info] send message to 9: wave#0#1#0
[info] send message to 10: wave#0#1#0
[info] message from 5: wave#0#10#0
[info] send message to 1: wave#0#10#0
[info] send message to 2: wave#0#10#0
[info] send message to 3: wave#0#10#0
[info] send message to 4: wave#0#10#0
[info] send message to 6: wave#0#10#0
[info] send message to 7: wave#0#10#0
[info] send message to 8: wave#0#10#0
[info] send message to 9: wave#0#10#0
[info] send message to 10: wave#0#10#0
[info] message from 9: wave#0#1#0
[info] message from 8: wave#0#1#0
[info] message from 3: wave#0#7#0
[info] message from 1: wave#0#5#0
[info] message from 2: wave#0#2#0
[info] message from 9: wave#0#10#0
[info] message from 7: wave#0#8#0
[info] message from 8: wave#0#10#0
[info] message from 6: wave#0#8#0
[info] message from 3: wave#0#10#0
[info] message from 4: wave#0#3#0
[info] message from 1: wave#0#10#0
[info] message from 10: wave#0#10#0
[info] message from 2: wave#0#10#0
[info] message from 7: wave#0#10#0
[info] message from 6: wave#0#10#0
[info] message from 4: wave#0#10#0
[info] after round 0 : parent is ['5'] and leader id is 10
[info] send message to 5: wave#0#10#1
[info] message from 10: wave#1#4#0
[info] send message to 1: wave#1#4#0
[info] send message to 2: wave#1#4#0
[info] send message to 3: wave#1#4#0
[info] send message to 4: wave#1#4#0
[info] send message to 5: wave#1#4#0
[info] send message to 6: wave#1#4#0
[info] send message to 7: wave#1#4#0
[info] send message to 8: wave#1#4#0
[info] send message to 9: wave#1#4#0
[info] message from 5: wave#1#5#0
[info] send message to 1: wave#1#5#0
[info] send message to 2: wave#1#5#0
[info] send message to 3: wave#1#5#0
[info] send message to 4: wave#1#5#0
[info] send message to 6: wave#1#5#0
[info] send message to 7: wave#1#5#0
[info] send message to 8: wave#1#5#0
[info] send message to 9: wave#1#5#0
[info] send message to 10: wave#1#5#0
[info] message from 1: wave#1#4#0
[info] message from 2: wave#1#4#0
[info] message from 4: wave#1#4#0
[info] message from 3: wave#1#4#0
[info] message from 6: wave#1#4#0
[info] message from 7: wave#1#4#0
[info] message from 8: wave#1#4#0
[info] message from 1: wave#1#5#0
[info] message from 9: wave#1#4#0
[info] message from 10: wave#1#5#0
[info] message from 2: wave#1#5#0
[info] message from 4: wave#1#5#0
[info] message from 3: wave#1#5#0
[info] message from 6: wave#1#5#0
[info] message from 7: wave#1#5#0
[info] message from 9: wave#1#5#0
[info] after round 1 : parent is ['5'] and leader id is 5
[info] send message to 5: wave#1#5#1
[info] message from 8: wave#1#5#0
[info] after round 1 : parent is ['5'] and leader id is 5
[info] send message to 5: wave#1#5#1
[info] message from 1: exit
[info] send message to 2: exit
[info] send message to 3: exit
[info] send message to 4: exit
[info] send message to 5: exit
[info] send message to 6: exit
[info] send message to 7: exit
[info] send message to 9: exit
[info] send message to 10: exit
