[info] Hello from node38
[info] I'm connected to nodes ['37', '38', '39']
[info] I have edges [('38', '37'), ('38', '38'), ('38', '39')]
[info] -- round 0 started!
[info] -- new id 7 selected!
[info] send message to 37: wave#0#7#0
[info] send message to 38: wave#0#7#0
[info] send message to 39: wave#0#7#0
[info] message from 38: wave#0#7#0
[info] message from 37: wave#0#24#0
[info] send message to 38: wave#0#24#0
[info] send message to 39: wave#0#24#0
[info] message from 39: wave#0#29#0
[info] send message to 37: wave#0#29#0
[info] send message to 38: wave#0#29#0
[info] message from 38: wave#0#24#0
[info] message from 37: wave#0#27#0
[info] message from 37: wave#0#38#0
[info] send message to 38: wave#0#38#0
[info] send message to 39: wave#0#38#0
[info] message from 38: wave#0#29#0
[info] message from 38: wave#0#38#0
[info] message from 39: wave#0#38#2
[info] after round 0 : parent is ['37'] and leader id is 38
[info] send message to 37: wave#0#38#3
[info] message from 37: wave#0#40#0
[info] send message to 38: wave#0#40#0
[info] send message to 39: wave#0#40#0
[info] message from 38: wave#0#40#0
[info] message from 37: wave#1#9#0
[info] send message to 38: wave#1#9#0
[info] send message to 39: wave#1#9#0
[info] message from 38: wave#1#9#0
[info] message from 39: wave#0#40#2
[info] message from 39: wave#1#9#2
[info] after round 1 : parent is ['37'] and leader id is 9
[info] send message to 37: wave#1#9#3
[info] message from 37: exit
[info] send message to 39: exit
