[info] Hello from node36
[info] I'm connected to nodes ['35', '36', '37']
[info] I have edges [('36', '35'), ('36', '36'), ('36', '37')]
[info] -- round 0 started!
[info] -- new id 27 selected!
[info] send message to 35: wave#0#27#0
[info] send message to 36: wave#0#27#0
[info] send message to 37: wave#0#27#0
[info] message from 35: wave#0#20#0
[info] message from 37: wave#0#24#0
[info] message from 36: wave#0#27#0
[info] message from 35: wave#0#38#0
[info] send message to 36: wave#0#38#0
[info] send message to 37: wave#0#38#0
[info] message from 36: wave#0#38#0
[info] message from 37: wave#0#38#4
[info] after round 0 : parent is ['35'] and leader id is 38
[info] send message to 35: wave#0#38#5
[info] message from 35: wave#0#40#0
[info] send message to 36: wave#0#40#0
[info] send message to 37: wave#0#40#0
[info] message from 36: wave#0#40#0
[info] message from 35: wave#1#9#0
[info] send message to 36: wave#1#9#0
[info] send message to 37: wave#1#9#0
[info] message from 36: wave#1#9#0
[info] message from 37: wave#1#9#4
[info] after round 1 : parent is ['35'] and leader id is 9
[info] send message to 35: wave#1#9#5
[info] message from 35: exit
[info] send message to 37: exit
