[info] Hello from node40
[info] I'm connected to nodes ['39', '40']
[info] I have edges [('40', '39'), ('40', '40')]
[info] -- round 0 started!
[info] -- new id 25 selected!
[info] send message to 39: wave#0#25#0
[info] send message to 40: wave#0#25#0
[info] message from 40: wave#0#25#0
[info] message from 39: wave#0#29#0
[info] send message to 40: wave#0#29#0
[info] message from 40: wave#0#29#0
[info] after round 0 : parent is ['39'] and leader id is 29
[info] send message to 39: wave#0#29#1
[info] message from 39: wave#0#38#0
[info] send message to 40: wave#0#38#0
[info] message from 40: wave#0#38#0
[info] after round 0 : parent is ['39'] and leader id is 38
[info] send message to 39: wave#0#38#1
[info] message from 39: wave#0#40#0
[info] send message to 40: wave#0#40#0
[info] message from 40: wave#0#40#0
[info] after round 0 : parent is ['39'] and leader id is 40
[info] send message to 39: wave#0#40#1
[info] message from 39: wave#1#9#0
[info] send message to 40: wave#1#9#0
[info] message from 40: wave#1#9#0
[info] after round 1 : parent is ['39'] and leader id is 9
[info] send message to 39: wave#1#9#1
[info] message from 39: exit
