[info] Hello from node26
[info] I'm connected to nodes ['25', '26', '27']
[info] I have edges [('26', '25'), ('26', '26'), ('26', '27')]
[info] -- round 0 started!
[info] -- new id 32 selected!
[info] send message to 25: wave#0#32#0
[info] send message to 26: wave#0#32#0
[info] send message to 27: wave#0#32#0
[info] message from 25: wave#0#25#0
[info] message from 27: wave#0#28#0
[info] message from 26: wave#0#32#0
[info] message from 27: wave#0#38#0
[info] send message to 25: wave#0#38#0
[info] send message to 26: wave#0#38#0
[info] message from 26: wave#0#38#0
[info] message from 25: wave#0#40#0
[info] send message to 26: wave#0#40#0
[info] send message to 27: wave#0#40#0
[info] message from 26: wave#0#40#0
[info] message from 25: wave#1#9#0
[info] send message to 26: wave#1#9#0
[info] send message to 27: wave#1#9#0
[info] message from 26: wave#1#9#0
[info] message from 27: wave#1#9#14
[info] after round 1 : parent is ['25'] and leader id is 9
[info] send message to 25: wave#1#9#15
[info] message from 25: exit
[info] send message to 27: exit
