[info] Hello from node18
[info] I'm connected to nodes ['17', '18', '19']
[info] I have edges [('18', '17'), ('18', '18'), ('18', '19')]
[info] -- round 0 started!
[info] -- new id 13 selected!
[info] send message to 17: wave#0#13#0
[info] send message to 18: wave#0#13#0
[info] send message to 19: wave#0#13#0
[info] message from 18: wave#0#13#0
[info] message from 19: wave#0#9#0
[info] message from 17: wave#0#2#0
[info] message from 19: wave#0#26#0
[info] send message to 17: wave#0#26#0
[info] send message to 18: wave#0#26#0
[info] message from 18: wave#0#26#0
[info] message from 17: wave#0#30#0
[info] send message to 18: wave#0#30#0
[info] send message to 19: wave#0#30#0
[info] message from 18: wave#0#30#0
[info] message from 17: wave#0#33#0
[info] send message to 18: wave#0#33#0
[info] send message to 19: wave#0#33#0
[info] message from 18: wave#0#33#0
[info] message from 17: wave#0#34#0
[info] send message to 18: wave#0#34#0
[info] send message to 19: wave#0#34#0
[info] message from 18: wave#0#34#0
[info] message from 17: wave#0#40#0
[info] send message to 18: wave#0#40#0
[info] send message to 19: wave#0#40#0
[info] message from 18: wave#0#40#0
[info] message from 17: wave#1#9#0
[info] send message to 18: wave#1#9#0
[info] send message to 19: wave#1#9#0
[info] message from 18: wave#1#9#0
[info] message from 19: wave#1#9#22
[info] after round 1 : parent is ['17'] and leader id is 9
[info] send message to 17: wave#1#9#23
[info] message from 17: exit
[info] send message to 19: exit
