[info] Hello from node32
[info] I'm connected to nodes ['31', '32', '33']
[info] I have edges [('32', '31'), ('32', '32'), ('32', '33')]
[info] -- round 0 started!
[info] -- new id 1 selected!
[info] send message to 31: wave#0#1#0
[info] send message to 32: wave#0#1#0
[info] send message to 33: wave#0#1#0
[info] message from 33: wave#0#21#0
[info] send message to 31: wave#0#21#0
[info] send message to 32: wave#0#21#0
[info] message from 32: wave#0#1#0
[info] message from 33: wave#0#38#0
[info] send message to 31: wave#0#38#0
[info] send message to 32: wave#0#38#0
[info] message from 32: wave#0#21#0
[info] message from 32: wave#0#38#0
[info] message from 31: wave#0#31#0
[info] message from 31: wave#0#40#0
[info] send message to 32: wave#0#40#0
[info] send message to 33: wave#0#40#0
[info] message from 32: wave#0#40#0
[info] message from 31: wave#1#9#0
[info] send message to 32: wave#1#9#0
[info] send message to 33: wave#1#9#0
[info] message from 32: wave#1#9#0
[info] message from 33: wave#1#9#8
[info] after round 1 : parent is ['31'] and leader id is 9
[info] send message to 31: wave#1#9#9
[info] message from 31: exit
[info] send message to 33: exit
