[info] Hello from node17
[info] I'm connected to nodes ['16', '17', '18']
[info] I have edges [('17', '16'), ('17', '17'), ('17', '18')]
[info] -- round 0 started!
[info] -- new id 2 selected!
[info] send message to 16: wave#0#2#0
[info] send message to 17: wave#0#2#0
[info] send message to 18: wave#0#2#0
[info] message from 18: wave#0#13#0
[info] send message to 16: wave#0#13#0
[info] send message to 17: wave#0#13#0
[info] message from 17: wave#0#2#0
[info] message from 16: wave#0#10#0
[info] message from 17: wave#0#13#0
[info] message from 18: wave#0#26#0
[info] send message to 16: wave#0#26#0
[info] send message to 17: wave#0#26#0
[info] message from 16: wave#0#17#0
[info] message from 17: wave#0#26#0
[info] message from 16: wave#0#30#0
[info] send message to 17: wave#0#30#0
[info] send message to 18: wave#0#30#0
[info] message from 17: wave#0#30#0
[info] message from 16: wave#0#33#0
[info] send message to 17: wave#0#33#0
[info] send message to 18: wave#0#33#0
[info] message from 17: wave#0#33#0
[info] message from 16: wave#0#34#0
[info] send message to 17: wave#0#34#0
[info] send message to 18: wave#0#34#0
[info] message from 17: wave#0#34#0
[info] message from 16: wave#0#40#0
[info] send message to 17: wave#0#40#0
[info] send message to 18: wave#0#40#0
[info] message from 17: wave#0#40#0
[info] message from 16: wave#1#9#0
[info] send message to 17: wave#1#9#0
[info] send message to 18: wave#1#9#0
[info] message from 17: wave#1#9#0
[info] message from 18: wave#1#9#23
[info] after round 1 : parent is ['16'] and leader id is 9
[info] send message to 16: wave#1#9#24
[info] message from 16: exit
[info] send message to 18: exit
