[info] Hello from node11
[info] I'm connected to nodes ['1', '11']
[info] I have edges [('11', '1'), ('11', '11')]
[info] -- round 0 started!
[info] -- new id 18 selected!
[info] send message to 1: wave#0#18#0
[info] send message to 11: wave#0#18#0
[info] message from 1: wave#0#18#0
[info] message from 11: wave#0#18#0
[info] after round 0 : parent is [] and leader id is 18
[info] -- round 1 started!
[info] -- new id 17 selected!
[info] send message to 1: wave#1#17#0
[info] send message to 11: wave#1#17#0
[info] message from 11: wave#1#17#0
[info] message from 1: wave#1#26#0
[info] send message to 11: wave#1#26#0
[info] message from 11: wave#1#26#0
[info] after round 1 : parent is ['1'] and leader id is 26
[info] send message to 1: wave#1#26#1
[info] message from 1: wave#2#26#0
[info] send message to 11: wave#2#26#0
[info] message from 11: wave#2#26#0
[info] after round 2 : parent is ['1'] and leader id is 26
[info] send message to 1: wave#2#26#1
[info] message from 1: exit
