[info] Hello from node25
[info] I'm connected to nodes ['1', '25']
[info] I have edges [('25', '1'), ('25', '25')]
[info] -- round 0 started!
[info] -- new id 5 selected!
[info] send message to 1: wave#0#5#0
[info] send message to 25: wave#0#5#0
[info] message from 25: wave#0#5#0
[info] message from 1: wave#0#18#0
[info] send message to 25: wave#0#18#0
[info] message from 25: wave#0#18#0
[info] after round 0 : parent is ['1'] and leader id is 18
[info] send message to 1: wave#0#18#1
[info] message from 1: wave#1#26#0
[info] send message to 25: wave#1#26#0
[info] message from 25: wave#1#26#0
[info] after round 1 : parent is ['1'] and leader id is 26
[info] send message to 1: wave#1#26#1
[info] message from 1: wave#2#26#0
[info] send message to 25: wave#2#26#0
[info] message from 25: wave#2#26#0
[info] after round 2 : parent is ['1'] and leader id is 26
[info] send message to 1: wave#2#26#1
[info] message from 1: exit
