[info] Hello from node22
[info] I'm connected to nodes ['1', '22']
[info] I have edges [('22', '1'), ('22', '22')]
[info] -- round 0 started!
[info] -- new id 9 selected!
[info] send message to 1: wave#0#9#0
[info] send message to 22: wave#0#9#0
[info] message from 22: wave#0#9#0
[info] message from 1: wave#0#18#0
[info] send message to 22: wave#0#18#0
[info] message from 22: wave#0#18#0
[info] after round 0 : parent is ['1'] and leader id is 18
[info] send message to 1: wave#0#18#1
[info] message from 1: wave#1#26#0
[info] send message to 22: wave#1#26#0
[info] message from 22: wave#1#26#0
[info] after round 1 : parent is ['1'] and leader id is 26
[info] send message to 1: wave#1#26#1
[info] message from 1: wave#2#26#0
[info] send message to 22: wave#2#26#0
[info] message from 22: wave#2#26#0
[info] after round 2 : parent is ['1'] and leader id is 26
[info] send message to 1: wave#2#26#1
[info] message from 1: exit
