[info] Hello from node7
[info] I'm connected to nodes ['1', '2', '3', '4', '5', '6', '7', '8', '9', '10']
[info] I have edges [('7', '1'), ('7', '2'), ('7', '3'), ('7', '4'), ('7', '5'), ('7', '6'), ('7', '7'), ('7', '8'), ('7', '9'), ('7', '10')]
[info] -- round 0 started!
[info] -- new id 7 selected!
[info] send message to 1: wave#0#7#0
[info] send message to 2: wave#0#7#0
[info] send message to 3: wave#0#7#0
[info] send message to 4: wave#0#7#0
[info] send message to 5: wave#0#7#0
[info] send message to 6: wave#0#7#0
[info] send message to 7: wave#0#7#0
[info] send message to 8: wave#0#7#0
[info] send message to 9: wave#0#7#0
[info] send message to 10: wave#0#7#0
[info] message from 2: wave#0#10#0
[info] send message to 1: wave#0#10#0
[info] send message to 3: wave#0#10#0
[info] send message to 4: wave#0#10#0
[info] send message to 5: wave#0#10#0
[info] send message to 6: wave#0#10#0
[info] send message to 7: wave#0#10#0
[info] send message to 8: wave#0#10#0
[info] send message to 9: wave#0#10#0
[info] send message to 10: wave#0#10#0
[info] message from 4: wave#0#6#0
[info] message from 6: wave#0#1#0
[info] message from 5: wave#0#5#0
[info] message from 1: wave#0#7#0
[info] message from 3: wave#0#4#0
[info] message from 7: wave#0#7#0
[info] message from 8: wave#0#5#0
[info] message from 4: wave#0#10#0
[info] message from 9: wave#0#7#0
[info] message from 6: wave#0#10#0
[info] message from 5: wave#0#10#0
[info] message from 10: wave#0#7#0
[info] message from 1: wave#0#10#0
[info] message from 3: wave#0#10#0
[info] message from 8: wave#0#10#0
[info] message from 7: wave#0#10#0
[info] message from 9: wave#0#10#0
[info] message from 10: wave#0#10#0
[info] after round 0 : parent is ['2'] and leader id is 10
[info] send message to 2: wave#0#10#1
[info] message from 3: exit
[info] send message to 1: exit
[info] send message to 2: exit
[info] send message to 4: exit
[info] send message to 5: exit
[info] send message to 6: exit
[info] send message to 8: exit
[info] send message to 9: exit
[info] send message to 10: exit
