[info] Hello from node25
[info] I'm connected to nodes ['1', '24', '25']
[info] I have edges [('25', '1'), ('25', '24'), ('25', '25')]
[info] -- round 0 started!
[info] -- new id 8 selected!
[info] send message to 1: wave#0#8#0
[info] send message to 24: wave#0#8#0
[info] send message to 25: wave#0#8#0
[info] message from 1: wave#0#21#0
[info] send message to 24: wave#0#21#0
[info] send message to 25: wave#0#21#0
[info] message from 25: wave#0#8#0
[info] message from 25: wave#0#21#0
[info] message from 1: wave#0#24#0
[info] send message to 24: wave#0#24#0
[info] send message to 25: wave#0#24#0
[info] message from 24: wave#0#5#0
[info] message from 25: wave#0#24#0
[info] message from 24: wave#0#24#4
[info] after round 0 : parent is ['1'] and leader id is 24
[info] send message to 1: wave#0#24#5
[info] message from 1: wave#1#24#0
[info] send message to 24: wave#1#24#0
[info] send message to 25: wave#1#24#0
[info] message from 25: wave#1#24#0
[info] message from 24: wave#1#24#1
[info] after round 1 : parent is ['1'] and leader id is 24
[info] send message to 1: wave#1#24#2
[info] message from 24: exit
[info] send message to 1: exit
