[info] Hello from node19
[info] I'm connected to nodes ['18', '19', '20']
[info] I have edges [('19', '18'), ('19', '19'), ('19', '20')]
[info] -- round 0 started!
[info] -- new id 5 selected!
[info] send message to 18: wave#0#5#0
[info] send message to 19: wave#0#5#0
[info] send message to 20: wave#0#5#0
[info] message from 20: wave#0#12#0
[info] send message to 18: wave#0#12#0
[info] send message to 19: wave#0#12#0
[info] message from 19: wave#0#5#0
[info] message from 19: wave#0#12#0
[info] message from 20: wave#0#20#0
[info] send message to 18: wave#0#20#0
[info] send message to 19: wave#0#20#0
[info] message from 18: wave#0#17#0
[info] message from 19: wave#0#20#0
[info] message from 18: wave#0#23#0
[info] send message to 19: wave#0#23#0
[info] send message to 20: wave#0#23#0
[info] message from 19: wave#0#23#0
[info] message from 18: wave#0#24#0
[info] send message to 19: wave#0#24#0
[info] send message to 20: wave#0#24#0
[info] message from 19: wave#0#24#0
[info] message from 20: wave#0#24#1
[info] after round 0 : parent is ['18'] and leader id is 24
[info] send message to 18: wave#0#24#2
[info] message from 18: wave#1#24#0
[info] send message to 19: wave#1#24#0
[info] send message to 20: wave#1#24#0
[info] message from 19: wave#1#24#0
[info] message from 20: wave#1#24#4
[info] after round 1 : parent is ['18'] and leader id is 24
[info] send message to 18: wave#1#24#5
[info] message from 18: exit
[info] send message to 20: exit
