[info] Hello from node1
[info] I'm connected to nodes ['1', '2', '25']
[info] I have edges [('1', '1'), ('1', '2'), ('1', '25')]
[info] -- round 0 started!
[info] -- new id 21 selected!
[info] send message to 1: wave#0#21#0
[info] send message to 2: wave#0#21#0
[info] send message to 25: wave#0#21#0
[info] message from 1: wave#0#21#0
[info] message from 2: wave#0#18#0
[info] message from 25: wave#0#8#0
[info] message from 2: wave#0#24#0
[info] send message to 1: wave#0#24#0
[info] send message to 25: wave#0#24#0
[info] message from 1: wave#0#24#0
[info] message from 25: wave#0#24#5
[info] after round 0 : parent is ['2'] and leader id is 24
[info] send message to 2: wave#0#24#6
[info] message from 2: wave#1#24#0
[info] send message to 1: wave#1#24#0
[info] send message to 25: wave#1#24#0
[info] message from 1: wave#1#24#0
[info] message from 25: wave#1#24#2
[info] after round 1 : parent is ['2'] and leader id is 24
[info] send message to 2: wave#1#24#3
[info] message from 25: exit
[info] send message to 2: exit
