[info] Hello from node14
[info] I'm connected to nodes ['13', '14', '15']
[info] I have edges [('14', '13'), ('14', '14'), ('14', '15')]
[info] -- round 0 started!
[info] -- new id 3 selected!
[info] send message to 13: wave#0#3#0
[info] send message to 14: wave#0#3#0
[info] send message to 15: wave#0#3#0
[info] message from 14: wave#0#3#0
[info] message from 15: wave#0#1#0
[info] message from 15: wave#0#15#0
[info] send message to 13: wave#0#15#0
[info] send message to 14: wave#0#15#0
[info] message from 14: wave#0#15#0
[info] message from 13: wave#0#2#0
[info] message from 13: wave#0#17#0
[info] send message to 14: wave#0#17#0
[info] send message to 15: wave#0#17#0
[info] message from 15: wave#0#20#0
[info] send message to 13: wave#0#20#0
[info] send message to 14: wave#0#20#0
[info] message from 14: wave#0#17#0
[info] message from 13: wave#0#26#0
[info] send message to 14: wave#0#26#0
[info] send message to 15: wave#0#26#0
[info] message from 14: wave#0#20#0
[info] message from 15: wave#0#23#0
[info] message from 14: wave#0#26#0
[info] message from 15: wave#0#29#0
[info] send message to 13: wave#0#29#0
[info] send message to 14: wave#0#29#0
[info] message from 14: wave#0#29#0
[info] message from 13: wave#0#29#8
[info] after round 0 : parent is ['15'] and leader id is 29
[info] send message to 15: wave#0#29#9
[info] message from 15: exit
[info] send message to 13: exit
