[info] Hello from node12
[info] I'm connected to nodes ['11', '12', '13']
[info] I have edges [('12', '11'), ('12', '12'), ('12', '13')]
[info] -- round 0 started!
[info] -- new id 17 selected!
[info] send message to 11: wave#0#17#0
[info] send message to 12: wave#0#17#0
[info] send message to 13: wave#0#17#0
[info] message from 12: wave#0#17#0
[info] message from 11: wave#0#26#0
[info] send message to 12: wave#0#26#0
[info] send message to 13: wave#0#26#0
[info] message from 13: wave#0#2#0
[info] message from 12: wave#0#26#0
[info] message from 13: wave#0#3#0
[info] message from 13: wave#0#15#0
[info] message from 13: wave#0#29#0
[info] send message to 11: wave#0#29#0
[info] send message to 12: wave#0#29#0
[info] message from 12: wave#0#29#0
[info] message from 11: wave#0#29#6
[info] after round 0 : parent is ['13'] and leader id is 29
[info] send message to 13: wave#0#29#7
[info] message from 13: exit
[info] send message to 11: exit
