[info] Hello from node21
[info] I'm connected to nodes ['20', '21', '22']
[info] I have edges [('21', '20'), ('21', '21'), ('21', '22')]
[info] -- round 0 started!
[info] -- new id 2 selected!
[info] send message to 20: wave#0#2#0
[info] send message to 21: wave#0#2#0
[info] send message to 22: wave#0#2#0
[info] message from 20: wave#0#15#0
[info] send message to 21: wave#0#15#0
[info] send message to 22: wave#0#15#0
[info] message from 22: wave#0#20#0
[info] send message to 20: wave#0#20#0
[info] send message to 21: wave#0#20#0
[info] message from 21: wave#0#2#0
[info] message from 21: wave#0#15#0
[info] message from 21: wave#0#20#0
[info] message from 22: wave#0#23#0
[info] send message to 20: wave#0#23#0
[info] send message to 21: wave#0#23#0
[info] message from 21: wave#0#23#0
[info] message from 22: wave#0#29#0
[info] send message to 20: wave#0#29#0
[info] send message to 21: wave#0#29#0
[info] message from 21: wave#0#29#0
[info] message from 20: wave#0#29#15
[info] after round 0 : parent is ['22'] and leader id is 29
[info] send message to 22: wave#0#29#16
[info] message from 22: exit
[info] send message to 20: exit
