[info] Hello from node13
[info] I'm connected to nodes ['12', '13', '14']
[info] I have edges [('13', '12'), ('13', '13'), ('13', '14')]
[info] -- round 0 started!
[info] -- new id 2 selected!
[info] send message to 12: wave#0#2#0
[info] send message to 13: wave#0#2#0
[info] send message to 14: wave#0#2#0
[info] message from 14: wave#0#3#0
[info] send message to 12: wave#0#3#0
[info] send message to 13: wave#0#3#0
[info] message from 14: wave#0#15#0
[info] send message to 12: wave#0#15#0
[info] send message to 13: wave#0#15#0
[info] message from 12: wave#0#17#0
[info] send message to 13: wave#0#17#0
[info] send message to 14: wave#0#17#0
[info] message from 12: wave#0#26#0
[info] send message to 13: wave#0#26#0
[info] send message to 14: wave#0#26#0
[info] message from 13: wave#0#2#0
[info] message from 13: wave#0#3#0
[info] message from 13: wave#0#15#0
[info] message from 13: wave#0#17#0
[info] message from 13: wave#0#26#0
[info] message from 14: wave#0#20#0
[info] message from 14: wave#0#29#0
[info] send message to 12: wave#0#29#0
[info] send message to 13: wave#0#29#0
[info] message from 13: wave#0#29#0
[info] message from 12: wave#0#29#7
[info] after round 0 : parent is ['14'] and leader id is 29
[info] send message to 14: wave#0#29#8
[info] message from 14: exit
[info] send message to 12: exit
