[info] Hello from node18
[info] I'm connected to nodes ['17', '18', '19']
[info] I have edges [('18', '17'), ('18', '18'), ('18', '19')]
[info] -- round 0 started!
[info] -- new id 11 selected!
[info] send message to 17: wave#0#11#0
[info] send message to 18: wave#0#11#0
[info] send message to 19: wave#0#11#0
[info] message from 19: wave#0#9#0
[info] message from 19: wave#0#15#0
[info] send message to 17: wave#0#15#0
[info] send message to 18: wave#0#15#0
[info] message from 17: wave#0#8#0
[info] message from 18: wave#0#11#0
[info] message from 17: wave#0#15#0
[info] after round 0 : parent is ['19'] and leader id is 15
[info] send message to 19: wave#0#15#1
[info] message from 18: wave#0#15#0
[info] after round 0 : parent is ['19'] and leader id is 15
[info] send message to 19: wave#0#15#1
[info] message from 19: wave#0#20#0
[info] send message to 17: wave#0#20#0
[info] send message to 18: wave#0#20#0
[info] message from 18: wave#0#20#0
[info] message from 19: wave#0#23#0
[info] send message to 17: wave#0#23#0
[info] send message to 18: wave#0#23#0
[info] message from 18: wave#0#23#0
[info] message from 19: wave#0#29#0
[info] send message to 17: wave#0#29#0
[info] send message to 18: wave#0#29#0
[info] message from 18: wave#0#29#0
[info] message from 17: wave#0#29#12
[info] after round 0 : parent is ['19'] and leader id is 29
[info] send message to 19: wave#0#29#13
[info] message from 19: exit
[info] send message to 17: exit
