[info] Hello from node9
[info] I'm connected to nodes ['8', '9', '10']
[info] I have edges [('9', '8'), ('9', '9'), ('9', '10')]
[info] -- round 0 started!
[info] -- new id 7 selected!
[info] send message to 8: wave#0#7#0
[info] send message to 9: wave#0#7#0
[info] send message to 10: wave#0#7#0
[info] message from 9: wave#0#7#0
[info] message from 8: wave#0#2#0
[info] message from 8: wave#0#6#0
[info] message from 10: wave#0#20#0
[info] send message to 8: wave#0#20#0
[info] send message to 9: wave#0#20#0
[info] message from 9: wave#0#20#0
[info] message from 8: wave#0#26#0
[info] send message to 9: wave#0#26#0
[info] send message to 10: wave#0#26#0
[info] message from 9: wave#0#26#0
[info] message from 10: wave#0#26#1
[info] after round 0 : parent is ['8'] and leader id is 26
[info] send message to 8: wave#0#26#2
[info] message from 10: wave#0#29#0
[info] send message to 8: wave#0#29#0
[info] send message to 9: wave#0#29#0
[info] message from 9: wave#0#29#0
[info] message from 8: wave#0#29#3
[info] after round 0 : parent is ['10'] and leader id is 29
[info] send message to 10: wave#0#29#4
[info] message from 8: exit
[info] send message to 10: exit
