[info] Hello from node30
[info] I'm connected to nodes ['1', '29', '30']
[info] I have edges [('30', '1'), ('30', '29'), ('30', '30')]
[info] -- round 0 started!
[info] -- new id 7 selected!
[info] send message to 1: wave#0#7#0
[info] send message to 29: wave#0#7#0
[info] send message to 30: wave#0#7#0
[info] message from 1: wave#0#12#0
[info] send message to 29: wave#0#12#0
[info] send message to 30: wave#0#12#0
[info] message from 1: wave#0#19#0
[info] send message to 29: wave#0#19#0
[info] send message to 30: wave#0#19#0
[info] message from 1: wave#0#22#0
[info] send message to 29: wave#0#22#0
[info] send message to 30: wave#0#22#0
[info] message from 1: wave#0#26#0
[info] send message to 29: wave#0#26#0
[info] send message to 30: wave#0#26#0
[info] message from 30: wave#0#7#0
[info] message from 30: wave#0#12#0
[info] message from 30: wave#0#19#0
[info] message from 30: wave#0#22#0
[info] message from 29: wave#0#20#0
[info] message from 30: wave#0#26#0
[info] message from 29: wave#0#29#0
[info] send message to 1: wave#0#29#0
[info] send message to 30: wave#0#29#0
[info] message from 30: wave#0#29#0
[info] message from 1: wave#0#29#5
[info] after round 0 : parent is ['29'] and leader id is 29
[info] send message to 29: wave#0#29#6
[info] message from 29: exit
[info] send message to 1: exit
