[info] Hello from node10
[info] I'm connected to nodes ['9', '10', '11']
[info] I have edges [('10', '9'), ('10', '10'), ('10', '11')]
[info] -- round 0 started!
[info] -- new id 20 selected!
[info] send message to 9: wave#0#20#0
[info] send message to 10: wave#0#20#0
[info] send message to 11: wave#0#20#0
[info] message from 9: wave#0#7#0
[info] message from 10: wave#0#20#0
[info] message from 9: wave#0#26#0
[info] send message to 10: wave#0#26#0
[info] send message to 11: wave#0#26#0
[info] message from 11: wave#0#26#0
[info] message from 10: wave#0#26#0
[info] after round 0 : parent is ['9'] and leader id is 26
[info] send message to 9: wave#0#26#1
[info] message from 11: wave#0#29#0
[info] send message to 9: wave#0#29#0
[info] send message to 10: wave#0#29#0
[info] message from 10: wave#0#29#0
[info] message from 9: wave#0#29#4
[info] after round 0 : parent is ['11'] and leader id is 29
[info] send message to 11: wave#0#29#5
[info] message from 9: exit
[info] send message to 11: exit
