[info] Hello from node19
[info] I'm connected to nodes ['18', '19', '20']
[info] I have edges [('19', '18'), ('19', '19'), ('19', '20')]
[info] -- round 0 started!
[info] -- new id 9 selected!
[info] send message to 18: wave#0#9#0
[info] send message to 19: wave#0#9#0
[info] send message to 20: wave#0#9#0
[info] message from 20: wave#0#15#0
[info] send message to 18: wave#0#15#0
[info] send message to 19: wave#0#15#0
[info] message from 19: wave#0#9#0
[info] message from 19: wave#0#15#0
[info] message from 18: wave#0#11#0
[info] message from 18: wave#0#15#1
[info] after round 0 : parent is ['20'] and leader id is 15
[info] send message to 20: wave#0#15#2
[info] message from 18: wave#0#15#1
[info] after round 0 : parent is ['20'] and leader id is 15
[info] send message to 20: wave#0#15#3
[info] message from 20: wave#0#20#0
[info] send message to 18: wave#0#20#0
[info] send message to 19: wave#0#20#0
[info] message from 19: wave#0#20#0
[info] message from 20: wave#0#23#0
[info] send message to 18: wave#0#23#0
[info] send message to 19: wave#0#23#0
[info] message from 19: wave#0#23#0
[info] message from 20: wave#0#29#0
[info] send message to 18: wave#0#29#0
[info] send message to 19: wave#0#29#0
[info] message from 19: wave#0#29#0
[info] message from 18: wave#0#29#13
[info] after round 0 : parent is ['20'] and leader id is 29
[info] send message to 20: wave#0#29#14
[info] message from 20: exit
[info] send message to 18: exit
