[info] Hello from node1
[info] I'm connected to nodes ['1', '2', '20']
[info] I have edges [('1', '1'), ('1', '2'), ('1', '20')]
[info] -- round 0 started!
[info] -- new id 9 selected!
[info] send message to 1: wave#0#9#0
[info] send message to 2: wave#0#9#0
[info] send message to 20: wave#0#9#0
[info] message from 2: wave#0#9#0
[info] message from 1: wave#0#9#0
[info] message from 2: wave#0#18#0
[info] send message to 1: wave#0#18#0
[info] send message to 20: wave#0#18#0
[info] message from 1: wave#0#18#0
[info] message from 20: wave#0#1#0
[info] message from 2: wave#0#19#0
[info] send message to 1: wave#0#19#0
[info] send message to 20: wave#0#19#0
[info] message from 1: wave#0#19#0
[info] message from 20: wave#0#19#3
[info] after round 0 : parent is ['2'] and leader id is 19
[info] send message to 2: wave#0#19#4
[info] message from 2: wave#1#5#0
[info] send message to 1: wave#1#5#0
[info] send message to 20: wave#1#5#0
[info] message from 1: wave#1#5#0
[info] message from 20: wave#1#5#0
[info] after round 1 : parent is ['2'] and leader id is 5
[info] send message to 2: wave#1#5#1
[info] message from 20: exit
[info] send message to 2: exit
