[info] Hello from node13
[info] I'm connected to nodes ['1', '13']
[info] I have edges [('13', '1'), ('13', '13')]
[info] -- round 0 started!
[info] -- new id 17 selected!
[info] send message to 1: wave#0#17#0
[info] send message to 13: wave#0#17#0
[info] message from 13: wave#0#17#0
[info] message from 1: wave#0#22#0
[info] send message to 13: wave#0#22#0
[info] message from 13: wave#0#22#0
[info] after round 0 : parent is ['1'] and leader id is 22
[info] send message to 1: wave#0#22#1
[info] message from 1: wave#0#32#0
[info] send message to 13: wave#0#32#0
[info] message from 13: wave#0#32#0
[info] after round 0 : parent is ['1'] and leader id is 32
[info] send message to 1: wave#0#32#1
[info] message from 1: wave#0#39#0
[info] send message to 13: wave#0#39#0
[info] message from 13: wave#0#39#0
[info] after round 0 : parent is ['1'] and leader id is 39
[info] send message to 1: wave#0#39#1
[info] message from 1: wave#1#37#0
[info] send message to 13: wave#1#37#0
[info] message from 13: wave#1#37#0
[info] after round 1 : parent is ['1'] and leader id is 37
[info] send message to 1: wave#1#37#1
[info] message from 1: exit
