[info] Hello from node16
[info] I'm connected to nodes ['1', '16']
[info] I have edges [('16', '1'), ('16', '16')]
[info] -- round 0 started!
[info] -- new id 32 selected!
[info] send message to 1: wave#0#32#0
[info] send message to 16: wave#0#32#0
[info] message from 1: wave#0#22#0
[info] message from 16: wave#0#32#0
[info] message from 1: wave#0#32#0
[info] after round 0 : parent is [] and leader id is 32
[info] -- round 1 started!
[info] -- new id 28 selected!
[info] send message to 1: wave#1#28#0
[info] send message to 16: wave#1#28#0
[info] message from 16: wave#1#28#0
[info] message from 1: wave#0#39#0
[info] message from 1: wave#1#37#0
[info] send message to 16: wave#1#37#0
[info] message from 16: wave#1#37#0
[info] after round 1 : parent is ['1'] and leader id is 37
[info] send message to 1: wave#1#37#1
[info] message from 1: exit
