[info] Hello from node22
[info] I'm connected to nodes ['1', '22']
[info] I have edges [('22', '1'), ('22', '22')]
[info] -- round 0 started!
[info] -- new id 38 selected!
[info] send message to 1: wave#0#38#0
[info] send message to 22: wave#0#38#0
[info] message from 22: wave#0#38#0
[info] message from 1: wave#0#22#0
[info] message from 1: wave#0#32#0
[info] message from 1: wave#0#39#0
[info] send message to 22: wave#0#39#0
[info] message from 22: wave#0#39#0
[info] after round 0 : parent is ['1'] and leader id is 39
[info] send message to 1: wave#0#39#1
[info] message from 1: wave#1#37#0
[info] send message to 22: wave#1#37#0
[info] message from 22: wave#1#37#0
[info] after round 1 : parent is ['1'] and leader id is 37
[info] send message to 1: wave#1#37#1
[info] message from 1: exit
