[info] Hello from node21
[info] I'm connected to nodes ['20', '21', '22']
[info] I have edges [('21', '20'), ('21', '21'), ('21', '22')]
[info] -- round 0 started!
[info] -- new id 10 selected!
[info] send message to 20: wave#0#10#0
[info] send message to 21: wave#0#10#0
[info] send message to 22: wave#0#10#0
[info] message from 20: wave#0#10#0
[info] message from 22: wave#0#2#0
[info] message from 21: wave#0#10#0
[info] message from 22: wave#0#33#0
[info] send message to 20: wave#0#33#0
[info] send message to 21: wave#0#33#0
[info] message from 21: wave#0#33#0
[info] message from 22: wave#0#34#0
[info] send message to 20: wave#0#34#0
[info] send message to 21: wave#0#34#0
[info] message from 21: wave#0#34#0
[info] message from 20: wave#0#34#0
[info] after round 0 : parent is ['22'] and leader id is 34
[info] send message to 22: wave#0#34#1
[info] message from 20: exit
[info] send message to 22: exit
