[info] Hello from node13
[info] I'm connected to nodes ['12', '13', '14']
[info] I have edges [('13', '12'), ('13', '13'), ('13', '14')]
[info] -- round 0 started!
[info] -- new id 26 selected!
[info] send message to 12: wave#0#26#0
[info] send message to 13: wave#0#26#0
[info] send message to 14: wave#0#26#0
[info] message from 14: wave#0#23#0
[info] message from 14: wave#0#28#0
[info] send message to 12: wave#0#28#0
[info] send message to 13: wave#0#28#0
[info] message from 14: wave#0#29#0
[info] send message to 12: wave#0#29#0
[info] send message to 13: wave#0#29#0
[info] message from 12: wave#0#19#0
[info] message from 13: wave#0#26#0
[info] message from 12: wave#0#21#0
[info] message from 12: wave#0#34#0
[info] send message to 13: wave#0#34#0
[info] send message to 14: wave#0#34#0
[info] message from 13: wave#0#28#0
[info] message from 13: wave#0#29#0
[info] message from 13: wave#0#34#0
[info] message from 14: wave#0#34#7
[info] after round 0 : parent is ['12'] and leader id is 34
[info] send message to 12: wave#0#34#8
[info] message from 12: exit
[info] send message to 14: exit
