[info] Hello from node25
[info] I'm connected to nodes ['24', '25', '26']
[info] I have edges [('25', '24'), ('25', '25'), ('25', '26')]
[info] -- round 0 started!
[info] -- new id 22 selected!
[info] send message to 24: wave#0#22#0
[info] send message to 25: wave#0#22#0
[info] send message to 26: wave#0#22#0
[info] message from 25: wave#0#22#0
[info] message from 26: wave#0#2#0
[info] message from 24: wave#0#1#0
[info] message from 26: wave#0#30#0
[info] send message to 24: wave#0#30#0
[info] send message to 25: wave#0#30#0
[info] message from 24: wave#0#33#0
[info] send message to 25: wave#0#33#0
[info] send message to 26: wave#0#33#0
[info] message from 25: wave#0#30#0
[info] message from 25: wave#0#33#0
[info] message from 26: wave#0#34#0
[info] send message to 24: wave#0#34#0
[info] send message to 25: wave#0#34#0
[info] message from 25: wave#0#34#0
[info] message from 24: wave#0#34#4
[info] after round 0 : parent is ['26'] and leader id is 34
[info] send message to 26: wave#0#34#5
[info] message from 26: exit
[info] send message to 24: exit
