[info] Hello from node12
[info] I'm connected to nodes ['11', '12', '13']
[info] I have edges [('12', '11'), ('12', '12'), ('12', '13')]
[info] -- round 0 started!
[info] -- new id 19 selected!
[info] send message to 11: wave#0#19#0
[info] send message to 12: wave#0#19#0
[info] send message to 13: wave#0#19#0
[info] message from 11: wave#0#9#0
[info] message from 11: wave#0#21#0
[info] send message to 12: wave#0#21#0
[info] send message to 13: wave#0#21#0
[info] message from 12: wave#0#19#0
[info] message from 13: wave#0#26#0
[info] send message to 11: wave#0#26#0
[info] send message to 12: wave#0#26#0
[info] message from 11: wave#0#23#0
[info] message from 12: wave#0#21#0
[info] message from 11: wave#0#34#0
[info] send message to 12: wave#0#34#0
[info] send message to 13: wave#0#34#0
[info] message from 12: wave#0#26#0
[info] message from 12: wave#0#34#0
[info] message from 13: wave#0#28#0
[info] message from 13: wave#0#29#0
[info] message from 13: wave#0#34#8
[info] after round 0 : parent is ['11'] and leader id is 34
[info] send message to 11: wave#0#34#9
[info] message from 11: exit
[info] send message to 13: exit
