[info] Hello from node45
[info] I'm connected to nodes ['1', '45']
[info] I have edges [('45', '1'), ('45', '45')]
[info] -- round 0 started!
[info] -- new id 44 selected!
[info] send message to 1: wave#0#44#0
[info] send message to 45: wave#0#44#0
[info] message from 45: wave#0#44#0
[info] message from 1: wave#0#37#0
[info] message from 1: wave#0#44#0
[info] after round 0 : parent is [] and leader id is 44
[info] -- round 1 started!
[info] -- new id 40 selected!
[info] send message to 1: wave#1#40#0
[info] send message to 45: wave#1#40#0
[info] message from 45: wave#1#40#0
[info] message from 1: wave#1#40#0
[info] after round 1 : parent is [] and leader id is 40
[info] -- round 2 started!
[info] -- new id 41 selected!
[info] send message to 1: wave#2#41#0
[info] send message to 45: wave#2#41#0
[info] message from 45: wave#2#41#0
[info] message from 1: wave#2#42#0
[info] send message to 45: wave#2#42#0
[info] message from 45: wave#2#42#0
[info] after round 2 : parent is ['1'] and leader id is 42
[info] send message to 1: wave#2#42#1
[info] message from 1: exit
