[info] Hello from node35
[info] I'm connected to nodes ['1', '35']
[info] I have edges [('35', '1'), ('35', '35')]
[info] -- round 0 started!
[info] -- new id 8 selected!
[info] send message to 1: wave#0#8#0
[info] send message to 35: wave#0#8#0
[info] message from 35: wave#0#8#0
[info] message from 1: wave#0#37#0
[info] send message to 35: wave#0#37#0
[info] message from 35: wave#0#37#0
[info] after round 0 : parent is ['1'] and leader id is 37
[info] send message to 1: wave#0#37#1
[info] message from 1: wave#0#44#0
[info] send message to 35: wave#0#44#0
[info] message from 35: wave#0#44#0
[info] after round 0 : parent is ['1'] and leader id is 44
[info] send message to 1: wave#0#44#1
[info] message from 1: wave#1#40#0
[info] send message to 35: wave#1#40#0
[info] message from 35: wave#1#40#0
[info] after round 1 : parent is ['1'] and leader id is 40
[info] send message to 1: wave#1#40#1
[info] message from 1: wave#2#41#0
[info] send message to 35: wave#2#41#0
[info] message from 35: wave#2#41#0
[info] after round 2 : parent is ['1'] and leader id is 41
[info] send message to 1: wave#2#41#1
[info] message from 1: wave#2#42#0
[info] send message to 35: wave#2#42#0
[info] message from 35: wave#2#42#0
[info] after round 2 : parent is ['1'] and leader id is 42
[info] send message to 1: wave#2#42#1
[info] message from 1: exit
