[info] Hello from node9
[info] I'm connected to nodes ['8', '9', '10']
[info] I have edges [('9', '8'), ('9', '9'), ('9', '10')]
[info] -- round 0 started!
[info] -- new id 6 selected!
[info] send message to 8: wave#0#6#0
[info] send message to 9: wave#0#6#0
[info] send message to 10: wave#0#6#0
[info] message from 9: wave#0#6#0
[info] message from 8: wave#0#6#0
[info] message from 10: wave#0#6#0
[info] after round 0 : parent is [] and leader id is 6
[info] -- round 1 started!
[info] -- new id 7 selected!
[info] send message to 8: wave#1#7#0
[info] send message to 9: wave#1#7#0
[info] send message to 10: wave#1#7#0
[info] message from 9: wave#1#7#0
[info] message from 10: wave#1#5#0
[info] message from 10: wave#1#7#1
[info] message from 10: wave#1#7#1
[info] message from 8: wave#1#7#8
[info] after round 1 : parent is [] and leader id is 7
[info] -- round 2 started!
[info] -- new id 10 selected!
[info] send message to 8: wave#2#10#0
[info] send message to 9: wave#2#10#0
[info] send message to 10: wave#2#10#0
[info] message from 9: wave#2#10#0
[info] message from 10: wave#2#10#1
[info] message from 8: wave#2#10#8
[info] after round 2 : parent is [] and leader id is 10
[info] send message to 8: exit
[info] send message to 10: exit
