[info] Hello from node15
[info] I'm connected to nodes ['1', '15']
[info] I have edges [('15', '1'), ('15', '15')]
[info] -- round 0 started!
[info] -- new id 9 selected!
[info] send message to 1: wave#0#9#0
[info] send message to 15: wave#0#9#0
[info] message from 15: wave#0#9#0
[info] message from 1: wave#0#1#0
[info] message from 1: wave#0#7#0
[info] message from 1: wave#0#10#0
[info] send message to 15: wave#0#10#0
[info] message from 15: wave#0#10#0
[info] after round 0 : parent is ['1'] and leader id is 10
[info] send message to 1: wave#0#10#1
[info] message from 1: wave#0#12#0
[info] send message to 15: wave#0#12#0
[info] message from 15: wave#0#12#0
[info] after round 0 : parent is ['1'] and leader id is 12
[info] send message to 1: wave#0#12#1
[info] message from 1: wave#1#11#0
[info] send message to 15: wave#1#11#0
[info] message from 15: wave#1#11#0
[info] after round 1 : parent is ['1'] and leader id is 11
[info] send message to 1: wave#1#11#1
[info] message from 1: wave#1#13#0
[info] send message to 15: wave#1#13#0
[info] message from 15: wave#1#13#0
[info] after round 1 : parent is ['1'] and leader id is 13
[info] send message to 1: wave#1#13#1
[info] message from 1: wave#2#6#0
[info] send message to 15: wave#2#6#0
[info] message from 15: wave#2#6#0
[info] after round 2 : parent is ['1'] and leader id is 6
[info] send message to 1: wave#2#6#1
[info] message from 1: exit
