[info] Hello from node4
[info] I'm connected to nodes ['1', '4']
[info] I have edges [('4', '1'), ('4', '4')]
[info] -- round 0 started!
[info] -- new id 20 selected!
[info] send message to 1: wave#0#20#0
[info] send message to 4: wave#0#20#0
[info] message from 1: wave#0#10#0
[info] message from 4: wave#0#20#0
[info] message from 1: wave#0#15#0
[info] message from 1: wave#1#2#0
[info] send message to 4: wave#1#2#0
[info] message from 4: wave#1#2#0
[info] after round 1 : parent is ['1'] and leader id is 2
[info] send message to 1: wave#1#2#1
[info] message from 1: wave#1#14#0
[info] send message to 4: wave#1#14#0
[info] message from 4: wave#1#14#0
[info] after round 1 : parent is ['1'] and leader id is 14
[info] send message to 1: wave#1#14#1
[info] message from 1: exit
