[info] Hello from node29
[info] I'm connected to nodes ['1', '29']
[info] I have edges [('29', '1'), ('29', '29')]
[info] -- round 0 started!
[info] -- new id 20 selected!
[info] send message to 1: wave#0#20#0
[info] send message to 29: wave#0#20#0
[info] message from 1: wave#0#2#0
[info] message from 29: wave#0#20#0
[info] message from 1: wave#0#18#0
[info] message from 1: wave#0#21#0
[info] send message to 29: wave#0#21#0
[info] message from 29: wave#0#21#0
[info] after round 0 : parent is ['1'] and leader id is 21
[info] send message to 1: wave#0#21#1
[info] message from 1: wave#0#26#0
[info] send message to 29: wave#0#26#0
[info] message from 29: wave#0#26#0
[info] after round 0 : parent is ['1'] and leader id is 26
[info] send message to 1: wave#0#26#1
[info] message from 1: wave#1#19#0
[info] send message to 29: wave#1#19#0
[info] message from 29: wave#1#19#0
[info] after round 1 : parent is ['1'] and leader id is 19
[info] send message to 1: wave#1#19#1
[info] message from 1: wave#1#20#0
[info] send message to 29: wave#1#20#0
[info] message from 29: wave#1#20#0
[info] after round 1 : parent is ['1'] and leader id is 20
[info] send message to 1: wave#1#20#1
[info] message from 1: exit
