[info] Hello from node10
[info] I'm connected to nodes ['1', '10']
[info] I have edges [('10', '1'), ('10', '10')]
[info] -- round 0 started!
[info] -- new id 17 selected!
[info] send message to 1: wave#0#17#0
[info] send message to 10: wave#0#17#0
[info] message from 1: wave#0#2#0
[info] message from 10: wave#0#17#0
[info] message from 1: wave#0#18#0
[info] send message to 10: wave#0#18#0
[info] message from 10: wave#0#18#0
[info] after round 0 : parent is ['1'] and leader id is 18
[info] send message to 1: wave#0#18#1
[info] message from 1: wave#0#21#0
[info] send message to 10: wave#0#21#0
[info] message from 10: wave#0#21#0
[info] after round 0 : parent is ['1'] and leader id is 21
[info] send message to 1: wave#0#21#1
[info] message from 1: wave#0#26#0
[info] send message to 10: wave#0#26#0
[info] message from 10: wave#0#26#0
[info] after round 0 : parent is ['1'] and leader id is 26
[info] send message to 1: wave#0#26#1
[info] message from 1: wave#1#19#0
[info] send message to 10: wave#1#19#0
[info] message from 10: wave#1#19#0
[info] after round 1 : parent is ['1'] and leader id is 19
[info] send message to 1: wave#1#19#1
[info] message from 1: wave#1#20#0
[info] send message to 10: wave#1#20#0
[info] message from 10: wave#1#20#0
[info] after round 1 : parent is ['1'] and leader id is 20
[info] send message to 1: wave#1#20#1
[info] message from 1: exit
