[info] Hello from node2
[info] I'm connected to nodes ['1', '2', '3', '4', '5']
[info] I have edges [('2', '1'), ('2', '2'), ('2', '3'), ('2', '4'), ('2', '5')]
[info] -- round 0 started!
[info] -- new id 5 selected!
[info] send message to 1: wave#0#5#0
[info] send message to 2: wave#0#5#0
[info] send message to 3: wave#0#5#0
[info] send message to 4: wave#0#5#0
[info] send message to 5: wave#0#5#0
[info] message from 1: wave#0#5#0
[info] message from 5: wave#0#4#0
[info] message from 2: wave#0#5#0
[info] message from 3: wave#0#1#0
[info] message from 4: wave#0#2#0
[info] message from 5: wave#0#5#0
[info] message from 3: wave#0#5#0
[info] message from 4: wave#0#5#0
[info] after round 0 : parent is [] and leader id is 5
[info] -- round 1 started!
[info] -- new id 5 selected!
[info] send message to 1: wave#1#5#0
[info] send message to 2: wave#1#5#0
[info] send message to 3: wave#1#5#0
[info] send message to 4: wave#1#5#0
[info] send message to 5: wave#1#5#0
[info] message from 2: wave#1#5#0
[info] message from 3: wave#1#5#0
[info] message from 5: wave#1#5#0
[info] message from 4: wave#1#5#0
[info] message from 1: wave#1#5#4
[info] after round 1 : parent is [] and leader id is 5
[info] send message to 1: exit
[info] send message to 3: exit
[info] send message to 4: exit
[info] send message to 5: exit
