[info] Hello from node3
[info] I'm connected to nodes ['2', '3', '4']
[info] I have edges [('3', '2'), ('3', '3'), ('3', '4')]
[info] -- round 0 started!
[info] -- new id 7 selected!
[info] send message to 2: wave#0#7#0
[info] send message to 3: wave#0#7#0
[info] send message to 4: wave#0#7#0
[info] message from 3: wave#0#7#0
[info] message from 2: wave#0#9#0
[info] send message to 3: wave#0#9#0
[info] send message to 4: wave#0#9#0
[info] message from 3: wave#0#9#0
[info] message from 2: wave#0#26#0
[info] send message to 3: wave#0#26#0
[info] send message to 4: wave#0#26#0
[info] message from 4: wave#0#17#0
[info] message from 3: wave#0#26#0
[info] message from 4: wave#0#32#0
[info] send message to 2: wave#0#32#0
[info] send message to 3: wave#0#32#0
[info] message from 3: wave#0#32#0
[info] message from 4: wave#1#30#0
[info] send message to 2: wave#1#30#0
[info] send message to 3: wave#1#30#0
[info] message from 3: wave#1#30#0
[info] message from 2: wave#1#30#15
[info] after round 1 : parent is ['4'] and leader id is 30
[info] send message to 4: wave#1#30#16
[info] message from 4: exit
[info] send message to 2: exit
