[info] Hello from node8
[info] I'm connected to nodes ['7', '8', '9']
[info] I have edges [('8', '7'), ('8', '8'), ('8', '9')]
[info] -- round 0 started!
[info] -- new id 4 selected!
[info] send message to 7: wave#0#4#0
[info] send message to 8: wave#0#4#0
[info] send message to 9: wave#0#4#0
[info] message from 7: wave#0#24#0
[info] send message to 8: wave#0#24#0
[info] send message to 9: wave#0#24#0
[info] message from 9: wave#0#27#0
[info] send message to 7: wave#0#27#0
[info] send message to 8: wave#0#27#0
[info] message from 7: wave#0#32#0
[info] send message to 8: wave#0#32#0
[info] send message to 9: wave#0#32#0
[info] message from 8: wave#0#4#0
[info] message from 8: wave#0#24#0
[info] message from 8: wave#0#27#0
[info] message from 9: wave#0#32#0
[info] after round 0 : parent is ['7'] and leader id is 32
[info] send message to 7: wave#0#32#1
[info] message from 8: wave#0#32#0
[info] after round 0 : parent is ['7'] and leader id is 32
[info] send message to 7: wave#0#32#1
[info] message from 9: wave#1#26#0
[info] send message to 7: wave#1#26#0
[info] send message to 8: wave#1#26#0
[info] message from 8: wave#1#26#0
[info] message from 7: wave#1#30#0
[info] send message to 8: wave#1#30#0
[info] send message to 9: wave#1#30#0
[info] message from 8: wave#1#30#0
[info] message from 9: wave#1#30#14
[info] after round 1 : parent is ['7'] and leader id is 30
[info] send message to 7: wave#1#30#15
[info] message from 7: exit
[info] send message to 9: exit
