[info] Hello from node6
[info] I'm connected to nodes ['5', '6', '7']
[info] I have edges [('6', '5'), ('6', '6'), ('6', '7')]
[info] -- round 0 started!
[info] -- new id 32 selected!
[info] send message to 5: wave#0#32#0
[info] send message to 6: wave#0#32#0
[info] send message to 7: wave#0#32#0
[info] message from 7: wave#0#24#0
[info] message from 6: wave#0#32#0
[info] message from 5: wave#0#32#0
[info] message from 7: wave#0#32#2
[info] after round 0 : parent is [] and leader id is 32
[info] -- round 1 started!
[info] -- new id 30 selected!
[info] send message to 5: wave#1#30#0
[info] send message to 6: wave#1#30#0
[info] send message to 7: wave#1#30#0
[info] message from 7: wave#0#32#3
[info] message from 6: wave#1#30#0
[info] message from 7: wave#1#26#0
[info] message from 7: wave#1#30#16
[info] message from 5: wave#1#30#18
[info] after round 1 : parent is [] and leader id is 30
[info] send message to 5: exit
[info] send message to 7: exit
