[info] Hello from node14
[info] I'm connected to nodes ['13', '14', '15']
[info] I have edges [('14', '13'), ('14', '14'), ('14', '15')]
[info] -- round 0 started!
[info] -- new id 32 selected!
[info] send message to 13: wave#0#32#0
[info] send message to 14: wave#0#32#0
[info] send message to 15: wave#0#32#0
[info] message from 13: wave#0#1#0
[info] message from 14: wave#0#32#0
[info] message from 15: wave#0#28#0
[info] message from 13: wave#0#32#2
[info] message from 13: wave#1#26#0
[info] send message to 14: wave#1#26#0
[info] send message to 15: wave#1#26#0
[info] message from 14: wave#1#26#0
[info] message from 13: wave#1#30#0
[info] send message to 14: wave#1#30#0
[info] send message to 15: wave#1#30#0
[info] message from 14: wave#1#30#0
[info] message from 15: wave#1#30#8
[info] after round 1 : parent is ['13'] and leader id is 30
[info] send message to 13: wave#1#30#9
[info] message from 13: exit
[info] send message to 15: exit
