[info] Hello from node31
[info] I'm connected to nodes ['30', '31', '32']
[info] I have edges [('31', '30'), ('31', '31'), ('31', '32')]
[info] -- round 0 started!
[info] -- new id 29 selected!
[info] send message to 30: wave#0#29#0
[info] send message to 31: wave#0#29#0
[info] send message to 32: wave#0#29#0
[info] message from 30: wave#0#14#0
[info] message from 31: wave#0#29#0
[info] message from 30: wave#0#35#0
[info] send message to 31: wave#0#35#0
[info] send message to 32: wave#0#35#0
[info] message from 31: wave#0#35#0
[info] message from 32: wave#0#25#0
[info] message from 32: wave#0#30#0
[info] message from 32: wave#0#32#0
[info] message from 32: wave#1#30#0
[info] send message to 30: wave#1#30#0
[info] send message to 31: wave#1#30#0
[info] message from 31: wave#1#30#0
[info] message from 30: wave#1#30#8
[info] after round 1 : parent is ['32'] and leader id is 30
[info] send message to 32: wave#1#30#9
[info] message from 32: exit
[info] send message to 30: exit
