[info] Hello from node7
[info] I'm connected to nodes ['6', '7', '8']
[info] I have edges [('7', '6'), ('7', '7'), ('7', '8')]
[info] -- round 0 started!
[info] -- new id 2 selected!
[info] send message to 6: wave#0#2#0
[info] send message to 7: wave#0#2#0
[info] send message to 8: wave#0#2#0
[info] message from 7: wave#0#2#0
[info] message from 8: wave#0#6#0
[info] send message to 6: wave#0#6#0
[info] send message to 7: wave#0#6#0
[info] message from 6: wave#0#2#0
[info] message from 7: wave#0#6#0
[info] message from 8: wave#0#7#0
[info] send message to 6: wave#0#7#0
[info] send message to 7: wave#0#7#0
[info] message from 6: wave#0#15#0
[info] send message to 7: wave#0#15#0
[info] send message to 8: wave#0#15#0
[info] message from 7: wave#0#7#0
[info] message from 7: wave#0#15#0
[info] message from 8: wave#0#13#0
[info] message from 8: wave#0#15#5
[info] after round 0 : parent is ['6'] and leader id is 15
[info] send message to 6: wave#0#15#6
[info] message from 8: wave#0#15#15
[info] after round 0 : parent is ['6'] and leader id is 15
[info] send message to 6: wave#0#15#21
[info] message from 6: exit
[info] send message to 8: exit
