[info] Hello from node8
[info] I'm connected to nodes ['7', '8', '9']
[info] I have edges [('8', '7'), ('8', '8'), ('8', '9')]
[info] -- round 0 started!
[info] -- new id 6 selected!
[info] send message to 7: wave#0#6#0
[info] send message to 8: wave#0#6#0
[info] send message to 9: wave#0#6#0
[info] message from 9: wave#0#2#0
[info] message from 9: wave#0#7#0
[info] send message to 7: wave#0#7#0
[info] send message to 8: wave#0#7#0
[info] message from 7: wave#0#2#0
[info] message from 8: wave#0#6#0
[info] message from 9: wave#0#13#0
[info] send message to 7: wave#0#13#0
[info] send message to 8: wave#0#13#0
[info] message from 8: wave#0#7#0
[info] message from 8: wave#0#13#0
[info] message from 7: wave#0#15#0
[info] send message to 8: wave#0#15#0
[info] send message to 9: wave#0#15#0
[info] message from 8: wave#0#15#0
[info] message from 9: wave#0#15#4
[info] after round 0 : parent is ['7'] and leader id is 15
[info] send message to 7: wave#0#15#5
[info] message from 9: wave#0#15#10
[info] after round 0 : parent is ['7'] and leader id is 15
[info] send message to 7: wave#0#15#15
[info] message from 7: exit
[info] send message to 9: exit
