[info] Hello from node16
[info] I'm connected to nodes ['15', '16', '17']
[info] I have edges [('16', '15'), ('16', '16'), ('16', '17')]
[info] -- round 0 started!
[info] -- new id 2 selected!
[info] send message to 15: wave#0#2#0
[info] send message to 16: wave#0#2#0
[info] send message to 17: wave#0#2#0
[info] message from 16: wave#0#2#0
[info] message from 17: wave#0#8#0
[info] send message to 15: wave#0#8#0
[info] send message to 16: wave#0#8#0
[info] message from 15: wave#0#18#0
[info] send message to 16: wave#0#18#0
[info] send message to 17: wave#0#18#0
[info] message from 16: wave#0#8#0
[info] message from 16: wave#0#18#0
[info] message from 17: wave#0#17#0
[info] message from 17: wave#0#18#1
[info] after round 0 : parent is ['15'] and leader id is 18
[info] send message to 15: wave#0#18#2
[info] message from 15: wave#0#20#0
[info] send message to 16: wave#0#20#0
[info] send message to 17: wave#0#20#0
[info] message from 16: wave#0#20#0
[info] message from 17: wave#0#20#0
[info] after round 0 : parent is ['15'] and leader id is 20
[info] send message to 15: wave#0#20#1
[info] message from 15: exit
[info] send message to 17: exit
