[info] Hello from node12
[info] I'm connected to nodes ['11', '12', '13']
[info] I have edges [('12', '11'), ('12', '12'), ('12', '13')]
[info] -- round 0 started!
[info] -- new id 14 selected!
[info] send message to 11: wave#0#14#0
[info] send message to 12: wave#0#14#0
[info] send message to 13: wave#0#14#0
[info] message from 12: wave#0#14#0
[info] message from 13: wave#0#6#0
[info] message from 11: wave#0#2#0
[info] message from 13: wave#0#11#0
[info] message from 11: wave#0#20#0
[info] send message to 12: wave#0#20#0
[info] send message to 13: wave#0#20#0
[info] message from 12: wave#0#20#0
[info] message from 13: wave#0#18#0
[info] message from 13: wave#0#20#4
[info] after round 0 : parent is ['11'] and leader id is 20
[info] send message to 11: wave#0#20#5
[info] message from 11: exit
[info] send message to 13: exit
