[info] Hello from node5
[info] I'm connected to nodes ['1', '4', '5']
[info] I have edges [('5', '1'), ('5', '4'), ('5', '5')]
[info] -- round 0 started!
[info] -- new id 1 selected!
[info] send message to 1: wave#0#1#0
[info] send message to 4: wave#0#1#0
[info] send message to 5: wave#0#1#0
[info] message from 4: wave#0#8#0
[info] send message to 1: wave#0#8#0
[info] send message to 5: wave#0#8#0
[info] message from 1: wave#0#3#0
[info] message from 5: wave#0#1#0
[info] message from 1: wave#0#8#0
[info] after round 0 : parent is ['4'] and leader id is 8
[info] send message to 4: wave#0#8#1
[info] message from 5: wave#0#8#0
[info] after round 0 : parent is ['4'] and leader id is 8
[info] send message to 4: wave#0#8#1
[info] message from 4: wave#1#4#0
[info] send message to 1: wave#1#4#0
[info] send message to 5: wave#1#4#0
[info] message from 5: wave#1#4#0
[info] message from 1: wave#1#4#0
[info] after round 1 : parent is ['4'] and leader id is 4
[info] send message to 4: wave#1#4#1
[info] message from 4: exit
[info] send message to 1: exit
