[info] Hello from node6
[info] I'm connected to nodes ['2', '6', '7']
[info] I have edges [('6', '2'), ('6', '6'), ('6', '7')]
[info] -- round 0 started!
[info] -- new id 6 selected!
[info] send message to 2: wave#0#6#0
[info] send message to 6: wave#0#6#0
[info] send message to 7: wave#0#6#0
[info] message from 2: wave#0#5#0
[info] message from 2: wave#0#6#0
[info] message from 7: wave#0#4#0
[info] message from 7: wave#0#5#0
[info] message from 2: wave#0#8#0
[info] send message to 6: wave#0#8#0
[info] send message to 7: wave#0#8#0
[info] message from 7: wave#0#6#0
[info] message from 6: wave#0#6#0
[info] message from 7: wave#0#8#0
[info] after round 0 : parent is ['2'] and leader id is 8
[info] send message to 2: wave#0#8#1
[info] message from 6: wave#0#8#0
[info] after round 0 : parent is ['2'] and leader id is 8
[info] send message to 2: wave#0#8#1
[info] message from 2: wave#1#4#0
[info] send message to 6: wave#1#4#0
[info] send message to 7: wave#1#4#0
[info] message from 6: wave#1#4#0
[info] message from 7: wave#1#4#0
[info] after round 1 : parent is ['2'] and leader id is 4
[info] send message to 2: wave#1#4#1
[info] message from 2: exit
[info] send message to 7: exit
