[info] Hello from node2
[info] I'm connected to nodes ['1', '2', '3']
[info] I have edges [('2', '1'), ('2', '2'), ('2', '3')]
[info] -- round 0 started!
[info] -- new id 19 selected!
[info] send message to 1: wave#0#19#0
[info] send message to 2: wave#0#19#0
[info] send message to 3: wave#0#19#0
[info] message from 2: wave#0#19#0
[info] message from 1: wave#0#34#0
[info] send message to 2: wave#0#34#0
[info] send message to 3: wave#0#34#0
[info] message from 2: wave#0#34#0
[info] message from 3: wave#0#24#0
[info] message from 3: wave#0#34#21
[info] after round 0 : parent is ['1'] and leader id is 34
[info] send message to 1: wave#0#34#22
[info] message from 1: wave#1#33#0
[info] send message to 2: wave#1#33#0
[info] send message to 3: wave#1#33#0
[info] message from 2: wave#1#33#0
[info] message from 3: wave#1#33#10
[info] after round 1 : parent is ['1'] and leader id is 33
[info] send message to 1: wave#1#33#11
[info] message from 1: exit
[info] send message to 3: exit
