[info] Hello from node10
[info] I'm connected to nodes ['9', '10', '11']
[info] I have edges [('10', '9'), ('10', '10'), ('10', '11')]
[info] -- round 0 started!
[info] -- new id 8 selected!
[info] send message to 9: wave#0#8#0
[info] send message to 10: wave#0#8#0
[info] send message to 11: wave#0#8#0
[info] message from 11: wave#0#33#0
[info] send message to 9: wave#0#33#0
[info] send message to 10: wave#0#33#0
[info] message from 10: wave#0#8#0
[info] message from 9: wave#0#7#0
[info] message from 10: wave#0#33#0
[info] message from 9: wave#0#34#0
[info] send message to 10: wave#0#34#0
[info] send message to 11: wave#0#34#0
[info] message from 10: wave#0#34#0
[info] message from 11: wave#0#34#13
[info] after round 0 : parent is ['9'] and leader id is 34
[info] send message to 9: wave#0#34#14
[info] message from 9: wave#1#33#0
[info] send message to 10: wave#1#33#0
[info] send message to 11: wave#1#33#0
[info] message from 10: wave#1#33#0
[info] message from 11: wave#1#33#2
[info] after round 1 : parent is ['9'] and leader id is 33
[info] send message to 9: wave#1#33#3
[info] message from 9: exit
[info] send message to 11: exit
