[info] Hello from node23
[info] I'm connected to nodes ['22', '23', '24']
[info] I have edges [('23', '22'), ('23', '23'), ('23', '24')]
[info] -- round 0 started!
[info] -- new id 26 selected!
[info] send message to 22: wave#0#26#0
[info] send message to 23: wave#0#26#0
[info] send message to 24: wave#0#26#0
[info] message from 24: wave#0#7#0
[info] message from 22: wave#0#2#0
[info] message from 23: wave#0#26#0
[info] message from 22: wave#0#29#0
[info] send message to 23: wave#0#29#0
[info] send message to 24: wave#0#29#0
[info] message from 23: wave#0#29#0
[info] message from 22: wave#0#30#0
[info] send message to 23: wave#0#30#0
[info] send message to 24: wave#0#30#0
[info] message from 23: wave#0#30#0
[info] message from 24: wave#0#29#1
[info] message from 24: wave#0#31#0
[info] send message to 22: wave#0#31#0
[info] send message to 23: wave#0#31#0
[info] message from 23: wave#0#31#0
[info] message from 22: wave#0#33#0
[info] send message to 23: wave#0#33#0
[info] send message to 24: wave#0#33#0
[info] message from 23: wave#0#33#0
[info] message from 24: wave#0#32#0
[info] message from 22: wave#0#34#0
[info] send message to 23: wave#0#34#0
[info] send message to 24: wave#0#34#0
[info] message from 23: wave#0#34#0
[info] message from 24: wave#0#34#0
[info] after round 0 : parent is ['22'] and leader id is 34
[info] send message to 22: wave#0#34#1
[info] message from 24: wave#1#33#0
[info] send message to 22: wave#1#33#0
[info] send message to 23: wave#1#33#0
[info] message from 23: wave#1#33#0
[info] message from 22: wave#1#33#10
[info] after round 1 : parent is ['24'] and leader id is 33
[info] send message to 24: wave#1#33#11
[info] message from 24: exit
[info] send message to 22: exit
