[info] Hello from node31
[info] I'm connected to nodes ['30', '31', '32']
[info] I have edges [('31', '30'), ('31', '31'), ('31', '32')]
[info] -- round 0 started!
[info] -- new id 19 selected!
[info] send message to 30: wave#0#19#0
[info] send message to 31: wave#0#19#0
[info] send message to 32: wave#0#19#0
[info] message from 32: wave#0#28#0
[info] send message to 30: wave#0#28#0
[info] send message to 31: wave#0#28#0
[info] message from 31: wave#0#19#0
[info] message from 31: wave#0#28#0
[info] message from 30: wave#0#5#0
[info] message from 32: wave#0#32#0
[info] send message to 30: wave#0#32#0
[info] send message to 31: wave#0#32#0
[info] message from 31: wave#0#32#0
[info] message from 32: wave#0#34#0
[info] send message to 30: wave#0#34#0
[info] send message to 31: wave#0#34#0
[info] message from 31: wave#0#34#0
[info] message from 30: wave#0#34#7
[info] after round 0 : parent is ['32'] and leader id is 34
[info] send message to 32: wave#0#34#8
[info] message from 30: wave#0#34#28
[info] after round 0 : parent is ['32'] and leader id is 34
[info] send message to 32: wave#0#34#36
[info] message from 32: wave#1#33#0
[info] send message to 30: wave#1#33#0
[info] send message to 31: wave#1#33#0
[info] message from 31: wave#1#33#0
[info] message from 30: wave#1#33#18
[info] after round 1 : parent is ['32'] and leader id is 33
[info] send message to 32: wave#1#33#19
[info] message from 32: exit
[info] send message to 30: exit
