[info] Hello from node30
[info] I'm connected to nodes ['29', '30', '31']
[info] I have edges [('30', '29'), ('30', '30'), ('30', '31')]
[info] -- round 0 started!
[info] -- new id 5 selected!
[info] send message to 29: wave#0#5#0
[info] send message to 30: wave#0#5#0
[info] send message to 31: wave#0#5#0
[info] message from 29: wave#0#5#0
[info] message from 31: wave#0#19#0
[info] send message to 29: wave#0#19#0
[info] send message to 30: wave#0#19#0
[info] message from 31: wave#0#28#0
[info] send message to 29: wave#0#28#0
[info] send message to 30: wave#0#28#0
[info] message from 30: wave#0#5#0
[info] message from 31: wave#0#32#0
[info] send message to 29: wave#0#32#0
[info] send message to 30: wave#0#32#0
[info] message from 30: wave#0#19#0
[info] message from 30: wave#0#28#0
[info] message from 29: wave#0#26#0
[info] message from 31: wave#0#34#0
[info] send message to 29: wave#0#34#0
[info] send message to 30: wave#0#34#0
[info] message from 30: wave#0#32#0
[info] message from 30: wave#0#34#0
[info] message from 29: wave#0#31#0
[info] message from 29: wave#0#34#6
[info] after round 0 : parent is ['31'] and leader id is 34
[info] send message to 31: wave#0#34#7
[info] message from 29: wave#0#34#21
[info] after round 0 : parent is ['31'] and leader id is 34
[info] send message to 31: wave#0#34#28
[info] message from 31: wave#1#33#0
[info] send message to 29: wave#1#33#0
[info] send message to 30: wave#1#33#0
[info] message from 30: wave#1#33#0
[info] message from 29: wave#1#33#17
[info] after round 1 : parent is ['31'] and leader id is 33
[info] send message to 31: wave#1#33#18
[info] message from 31: exit
[info] send message to 29: exit
