[info] Hello from node11
[info] I'm connected to nodes ['10', '11', '12']
[info] I have edges [('11', '10'), ('11', '11'), ('11', '12')]
[info] -- round 0 started!
[info] -- new id 33 selected!
[info] send message to 10: wave#0#33#0
[info] send message to 11: wave#0#33#0
[info] send message to 12: wave#0#33#0
[info] message from 11: wave#0#33#0
[info] message from 12: wave#0#12#0
[info] message from 10: wave#0#8#0
[info] message from 12: wave#0#33#1
[info] message from 10: wave#0#34#0
[info] send message to 11: wave#0#34#0
[info] send message to 12: wave#0#34#0
[info] message from 11: wave#0#34#0
[info] message from 12: wave#0#34#12
[info] after round 0 : parent is ['10'] and leader id is 34
[info] send message to 10: wave#0#34#13
[info] message from 10: wave#1#33#0
[info] send message to 11: wave#1#33#0
[info] send message to 12: wave#1#33#0
[info] message from 11: wave#1#33#0
[info] message from 12: wave#1#33#1
[info] after round 1 : parent is ['10'] and leader id is 33
[info] send message to 10: wave#1#33#2
[info] message from 10: exit
[info] send message to 12: exit
