[info] Hello from node9
[info] I'm connected to nodes ['8', '9', '10']
[info] I have edges [('9', '8'), ('9', '9'), ('9', '10')]
[info] -- round 0 started!
[info] -- new id 7 selected!
[info] send message to 8: wave#0#7#0
[info] send message to 9: wave#0#7#0
[info] send message to 10: wave#0#7#0
[info] message from 10: wave#0#8#0
[info] send message to 8: wave#0#8#0
[info] send message to 9: wave#0#8#0
[info] message from 9: wave#0#7#0
[info] message from 10: wave#0#33#0
[info] send message to 8: wave#0#33#0
[info] send message to 9: wave#0#33#0
[info] message from 8: wave#0#22#0
[info] message from 9: wave#0#8#0
[info] message from 8: wave#0#23#0
[info] message from 9: wave#0#33#0
[info] message from 8: wave#0#30#0
[info] message from 8: wave#0#34#0
[info] send message to 9: wave#0#34#0
[info] send message to 10: wave#0#34#0
[info] message from 9: wave#0#34#0
[info] message from 10: wave#0#34#14
[info] after round 0 : parent is ['8'] and leader id is 34
[info] send message to 8: wave#0#34#15
[info] message from 8: wave#1#33#0
[info] send message to 9: wave#1#33#0
[info] send message to 10: wave#1#33#0
[info] message from 9: wave#1#33#0
[info] message from 10: wave#1#33#3
[info] after round 1 : parent is ['8'] and leader id is 33
[info] send message to 8: wave#1#33#4
[info] message from 8: exit
[info] send message to 10: exit
