[info] Hello from node34
[info] I'm connected to nodes ['33', '34', '35']
[info] I have edges [('34', '33'), ('34', '34'), ('34', '35')]
[info] -- round 0 started!
[info] -- new id 32 selected!
[info] send message to 33: wave#0#32#0
[info] send message to 34: wave#0#32#0
[info] send message to 35: wave#0#32#0
[info] message from 35: wave#0#19#0
[info] message from 35: wave#0#34#0
[info] send message to 33: wave#0#34#0
[info] send message to 34: wave#0#34#0
[info] message from 33: wave#0#4#0
[info] message from 33: wave#0#28#0
[info] message from 34: wave#0#32#0
[info] message from 34: wave#0#34#0
[info] message from 33: wave#0#34#10
[info] after round 0 : parent is ['35'] and leader id is 34
[info] send message to 35: wave#0#34#11
[info] message from 33: wave#0#34#55
[info] after round 0 : parent is ['35'] and leader id is 34
[info] send message to 35: wave#0#34#66
[info] message from 35: wave#1#33#0
[info] send message to 33: wave#1#33#0
[info] send message to 34: wave#1#33#0
[info] message from 34: wave#1#33#0
[info] message from 33: wave#1#33#21
[info] after round 1 : parent is ['35'] and leader id is 33
[info] send message to 35: wave#1#33#22
[info] message from 35: exit
[info] send message to 33: exit
