[info] Hello from node5
[info] I'm connected to nodes ['4', '5', '6']
[info] I have edges [('5', '4'), ('5', '5'), ('5', '6')]
[info] -- round 0 started!
[info] -- new id 4 selected!
[info] send message to 4: wave#0#4#0
[info] send message to 5: wave#0#4#0
[info] send message to 6: wave#0#4#0
[info] message from 6: wave#0#4#0
[info] message from 5: wave#0#4#0
[info] message from 4: wave#0#11#0
[info] send message to 5: wave#0#11#0
[info] send message to 6: wave#0#11#0
[info] message from 5: wave#0#11#0
[info] message from 6: wave#0#13#0
[info] send message to 4: wave#0#13#0
[info] send message to 5: wave#0#13#0
[info] message from 5: wave#0#13#0
[info] message from 6: wave#0#14#0
[info] send message to 4: wave#0#14#0
[info] send message to 5: wave#0#14#0
[info] message from 5: wave#0#14#0
[info] message from 6: wave#0#15#0
[info] send message to 4: wave#0#15#0
[info] send message to 5: wave#0#15#0
[info] message from 5: wave#0#15#0
[info] message from 4: wave#0#15#3
[info] after round 0 : parent is ['6'] and leader id is 15
[info] send message to 6: wave#0#15#4
[info] message from 6: exit
[info] send message to 4: exit
