[info] Hello from node22
[info] I'm connected to nodes ['21', '22', '23']
[info] I have edges [('22', '21'), ('22', '22'), ('22', '23')]
[info] -- round 0 started!
[info] -- new id 14 selected!
[info] send message to 21: wave#0#14#0
[info] send message to 22: wave#0#14#0
[info] send message to 23: wave#0#14#0
[info] message from 21: wave#0#9#0
[info] message from 21: wave#0#19#0
[info] send message to 22: wave#0#19#0
[info] send message to 23: wave#0#19#0
[info] message from 21: wave#0#22#0
[info] send message to 22: wave#0#22#0
[info] send message to 23: wave#0#22#0
[info] message from 22: wave#0#14#0
[info] message from 23: wave#0#2#0
[info] message from 22: wave#0#19#0
[info] message from 22: wave#0#22#0
[info] message from 23: wave#0#18#0
[info] message from 23: wave#0#23#0
[info] send message to 21: wave#0#23#0
[info] send message to 22: wave#0#23#0
[info] message from 22: wave#0#23#0
[info] message from 21: wave#0#23#1
[info] after round 0 : parent is ['23'] and leader id is 23
[info] send message to 23: wave#0#23#2
[info] message from 21: exit
[info] send message to 23: exit
