[info] Hello from node35
[info] I'm connected to nodes ['34', '35', '36']
[info] I have edges [('35', '34'), ('35', '35'), ('35', '36')]
[info] -- round 0 started!
[info] -- new id 32 selected!
[info] send message to 34: wave#0#32#0
[info] send message to 35: wave#0#32#0
[info] send message to 36: wave#0#32#0
[info] message from 35: wave#0#32#0
[info] message from 36: wave#0#36#0
[info] send message to 34: wave#0#36#0
[info] send message to 35: wave#0#36#0
[info] message from 35: wave#0#36#0
[info] message from 34: wave#0#25#0
[info] message from 34: wave#0#39#0
[info] send message to 35: wave#0#39#0
[info] send message to 36: wave#0#39#0
[info] message from 35: wave#0#39#0
[info] message from 34: wave#0#40#0
[info] send message to 35: wave#0#40#0
[info] send message to 36: wave#0#40#0
[info] message from 35: wave#0#40#0
[info] message from 36: wave#0#40#1
[info] after round 0 : parent is ['34'] and leader id is 40
[info] send message to 34: wave#0#40#2
[info] message from 34: wave#1#16#0
[info] send message to 35: wave#1#16#0
[info] send message to 36: wave#1#16#0
[info] message from 36: wave#1#16#0
[info] message from 35: wave#1#16#0
[info] after round 1 : parent is ['34'] and leader id is 16
[info] send message to 34: wave#1#16#1
[info] message from 34: exit
[info] send message to 36: exit
