[info] Hello from node23
[info] I'm connected to nodes ['22', '23', '24']
[info] I have edges [('23', '22'), ('23', '23'), ('23', '24')]
[info] -- round 0 started!
[info] -- new id 21 selected!
[info] send message to 22: wave#0#21#0
[info] send message to 23: wave#0#21#0
[info] send message to 24: wave#0#21#0
[info] message from 24: wave#0#30#0
[info] send message to 22: wave#0#30#0
[info] send message to 23: wave#0#30#0
[info] message from 23: wave#0#21#0
[info] message from 23: wave#0#30#0
[info] message from 24: wave#0#40#0
[info] send message to 22: wave#0#40#0
[info] send message to 23: wave#0#40#0
[info] message from 23: wave#0#40#0
[info] message from 22: wave#0#12#0
[info] message from 22: wave#0#40#1
[info] after round 0 : parent is ['24'] and leader id is 40
[info] send message to 24: wave#0#40#2
[info] message from 22: wave#0#40#1
[info] after round 0 : parent is ['24'] and leader id is 40
[info] send message to 24: wave#0#40#3
[info] message from 22: wave#0#40#1
[info] after round 0 : parent is ['24'] and leader id is 40
[info] send message to 24: wave#0#40#4
[info] message from 22: wave#1#16#0
[info] send message to 23: wave#1#16#0
[info] send message to 24: wave#1#16#0
[info] message from 23: wave#1#16#0
[info] message from 24: wave#1#16#12
[info] after round 1 : parent is ['22'] and leader id is 16
[info] send message to 22: wave#1#16#13
[info] message from 22: exit
[info] send message to 24: exit
