[info] Hello from node25
[info] I'm connected to nodes ['24', '25', '26']
[info] I have edges [('25', '24'), ('25', '25'), ('25', '26')]
[info] -- round 0 started!
[info] -- new id 40 selected!
[info] send message to 24: wave#0#40#0
[info] send message to 25: wave#0#40#0
[info] send message to 26: wave#0#40#0
[info] message from 24: wave#0#30#0
[info] message from 25: wave#0#40#0
[info] message from 26: wave#0#39#0
[info] message from 24: wave#0#40#3
[info] message from 24: wave#0#40#6
[info] message from 24: wave#0#40#10
[info] message from 24: wave#1#16#0
[info] send message to 25: wave#1#16#0
[info] send message to 26: wave#1#16#0
[info] message from 25: wave#1#16#0
[info] message from 26: wave#1#16#10
[info] after round 1 : parent is ['24'] and leader id is 16
[info] send message to 24: wave#1#16#11
[info] message from 24: exit
[info] send message to 26: exit
