[info] Hello from node34
[info] I'm connected to nodes ['33', '34', '35']
[info] I have edges [('34', '33'), ('34', '34'), ('34', '35')]
[info] -- round 0 started!
[info] -- new id 25 selected!
[info] send message to 33: wave#0#25#0
[info] send message to 34: wave#0#25#0
[info] send message to 35: wave#0#25#0
[info] message from 35: wave#0#32#0
[info] send message to 33: wave#0#32#0
[info] send message to 34: wave#0#32#0
[info] message from 35: wave#0#36#0
[info] send message to 33: wave#0#36#0
[info] send message to 34: wave#0#36#0
[info] message from 34: wave#0#25#0
[info] message from 33: wave#0#4#0
[info] message from 34: wave#0#32#0
[info] message from 34: wave#0#36#0
[info] message from 33: wave#0#39#0
[info] send message to 34: wave#0#39#0
[info] send message to 35: wave#0#39#0
[info] message from 34: wave#0#39#0
[info] message from 33: wave#0#40#0
[info] send message to 34: wave#0#40#0
[info] send message to 35: wave#0#40#0
[info] message from 34: wave#0#40#0
[info] message from 33: wave#1#16#0
[info] send message to 34: wave#1#16#0
[info] send message to 35: wave#1#16#0
[info] message from 34: wave#1#16#0
[info] message from 35: wave#0#40#2
[info] message from 35: wave#1#16#1
[info] after round 1 : parent is ['33'] and leader id is 16
[info] send message to 33: wave#1#16#2
[info] message from 33: exit
[info] send message to 35: exit
