[info] Hello from node2
[info] I'm connected to nodes ['1', '2', '3']
[info] I have edges [('2', '1'), ('2', '2'), ('2', '3')]
[info] -- round 0 started!
[info] -- new id 28 selected!
[info] send message to 1: wave#0#28#0
[info] send message to 2: wave#0#28#0
[info] send message to 3: wave#0#28#0
[info] message from 2: wave#0#28#0
[info] message from 3: wave#0#7#0
[info] message from 1: wave#0#29#0
[info] send message to 2: wave#0#29#0
[info] send message to 3: wave#0#29#0
[info] message from 2: wave#0#29#0
[info] message from 3: wave#0#30#0
[info] send message to 1: wave#0#30#0
[info] send message to 2: wave#0#30#0
[info] message from 3: wave#0#33#0
[info] send message to 1: wave#0#33#0
[info] send message to 2: wave#0#33#0
[info] message from 2: wave#0#30#0
[info] message from 2: wave#0#33#0
[info] message from 3: wave#0#34#0
[info] send message to 1: wave#0#34#0
[info] send message to 2: wave#0#34#0
[info] message from 2: wave#0#34#0
[info] message from 3: wave#0#40#0
[info] send message to 1: wave#0#40#0
[info] send message to 2: wave#0#40#0
[info] message from 2: wave#0#40#0
[info] message from 3: wave#1#16#0
[info] send message to 1: wave#1#16#0
[info] send message to 2: wave#1#16#0
[info] message from 2: wave#1#16#0
[info] message from 1: wave#1#16#6
[info] after round 1 : parent is ['3'] and leader id is 16
[info] send message to 3: wave#1#16#7
[info] message from 3: exit
[info] send message to 1: exit
