[info] Hello from node18
[info] I'm connected to nodes ['17', '18', '19']
[info] I have edges [('18', '17'), ('18', '18'), ('18', '19')]
[info] -- round 0 started!
[info] -- new id 18 selected!
[info] send message to 17: wave#0#18#0
[info] send message to 18: wave#0#18#0
[info] send message to 19: wave#0#18#0
[info] message from 17: wave#0#3#0
[info] message from 18: wave#0#18#0
[info] message from 17: wave#0#25#0
[info] send message to 18: wave#0#25#0
[info] send message to 19: wave#0#25#0
[info] message from 18: wave#0#25#0
[info] message from 19: wave#0#40#0
[info] send message to 17: wave#0#40#0
[info] send message to 18: wave#0#40#0
[info] message from 17: wave#0#32#0
[info] message from 18: wave#0#40#0
[info] message from 17: wave#0#40#5
[info] after round 0 : parent is ['19'] and leader id is 40
[info] send message to 19: wave#0#40#6
[info] message from 19: wave#1#16#0
[info] send message to 17: wave#1#16#0
[info] send message to 18: wave#1#16#0
[info] message from 18: wave#1#16#0
[info] message from 17: wave#1#16#22
[info] after round 1 : parent is ['19'] and leader id is 16
[info] send message to 19: wave#1#16#23
[info] message from 19: exit
[info] send message to 17: exit
