[info] Hello from node32
[info] I'm connected to nodes ['31', '32', '33']
[info] I have edges [('32', '31'), ('32', '32'), ('32', '33')]
[info] -- round 0 started!
[info] -- new id 4 selected!
[info] send message to 31: wave#0#4#0
[info] send message to 32: wave#0#4#0
[info] send message to 33: wave#0#4#0
[info] message from 32: wave#0#4#0
[info] message from 33: wave#0#4#0
[info] message from 33: wave#0#25#0
[info] send message to 31: wave#0#25#0
[info] send message to 32: wave#0#25#0
[info] message from 31: wave#0#1#0
[info] message from 33: wave#0#32#0
[info] send message to 31: wave#0#32#0
[info] send message to 32: wave#0#32#0
[info] message from 32: wave#0#25#0
[info] message from 31: wave#0#4#1
[info] message from 32: wave#0#32#0
[info] message from 33: wave#0#36#0
[info] send message to 31: wave#0#36#0
[info] send message to 32: wave#0#36#0
[info] message from 32: wave#0#36#0
[info] message from 31: wave#0#39#0
[info] send message to 32: wave#0#39#0
[info] send message to 33: wave#0#39#0
[info] message from 32: wave#0#39#0
[info] message from 31: wave#0#40#0
[info] send message to 32: wave#0#40#0
[info] send message to 33: wave#0#40#0
[info] message from 32: wave#0#40#0
[info] message from 31: wave#1#16#0
[info] send message to 32: wave#1#16#0
[info] send message to 33: wave#1#16#0
[info] message from 32: wave#1#16#0
[info] message from 33: wave#1#16#3
[info] after round 1 : parent is ['31'] and leader id is 16
[info] send message to 31: wave#1#16#4
[info] message from 31: exit
[info] send message to 33: exit
