[info] Hello from node14
[info] I'm connected to nodes ['13', '14', '15']
[info] I have edges [('14', '13'), ('14', '14'), ('14', '15')]
[info] -- round 0 started!
[info] -- new id 32 selected!
[info] send message to 13: wave#0#32#0
[info] send message to 14: wave#0#32#0
[info] send message to 15: wave#0#32#0
[info] message from 13: wave#0#19#0
[info] message from 15: wave#0#19#0
[info] message from 15: wave#0#25#0
[info] message from 14: wave#0#32#0
[info] message from 15: wave#0#40#0
[info] send message to 13: wave#0#40#0
[info] send message to 14: wave#0#40#0
[info] message from 14: wave#0#40#0
[info] message from 13: wave#0#40#1
[info] after round 0 : parent is ['15'] and leader id is 40
[info] send message to 15: wave#0#40#2
[info] message from 15: wave#1#16#0
[info] send message to 13: wave#1#16#0
[info] send message to 14: wave#1#16#0
[info] message from 14: wave#1#16#0
[info] message from 13: wave#1#16#18
[info] after round 1 : parent is ['15'] and leader id is 16
[info] send message to 15: wave#1#16#19
[info] message from 15: exit
[info] send message to 13: exit
