[info] Hello from node29
[info] I'm connected to nodes ['28', '29', '30']
[info] I have edges [('29', '28'), ('29', '29'), ('29', '30')]
[info] -- round 0 started!
[info] -- new id 6 selected!
[info] send message to 28: wave#0#6#0
[info] send message to 29: wave#0#6#0
[info] send message to 30: wave#0#6#0
[info] message from 28: wave#0#3#0
[info] message from 30: wave#0#4#0
[info] message from 29: wave#0#6#0
[info] message from 28: wave#0#22#0
[info] send message to 29: wave#0#22#0
[info] send message to 30: wave#0#22#0
[info] message from 29: wave#0#22#0
[info] message from 28: wave#0#39#0
[info] send message to 29: wave#0#39#0
[info] send message to 30: wave#0#39#0
[info] message from 29: wave#0#39#0
[info] message from 28: wave#0#40#0
[info] send message to 29: wave#0#40#0
[info] send message to 30: wave#0#40#0
[info] message from 30: wave#0#25#0
[info] message from 29: wave#0#40#0
[info] message from 28: wave#1#16#0
[info] send message to 29: wave#1#16#0
[info] send message to 30: wave#1#16#0
[info] message from 29: wave#1#16#0
[info] message from 30: wave#1#16#6
[info] after round 1 : parent is ['28'] and leader id is 16
[info] send message to 28: wave#1#16#7
[info] message from 28: exit
[info] send message to 30: exit
