[info] Hello from node8
[info] I'm connected to nodes ['1', '8']
[info] I have edges [('8', '1'), ('8', '8')]
[info] -- round 0 started!
[info] -- new id 7 selected!
[info] send message to 1: wave#0#7#0
[info] send message to 8: wave#0#7#0
[info] message from 1: wave#0#1#0
[info] message from 8: wave#0#7#0
[info] message from 1: wave#0#3#0
[info] message from 1: wave#0#8#0
[info] send message to 8: wave#0#8#0
[info] message from 8: wave#0#8#0
[info] after round 0 : parent is ['1'] and leader id is 8
[info] send message to 1: wave#0#8#1
[info] message from 1: wave#0#10#0
[info] send message to 8: wave#0#10#0
[info] message from 8: wave#0#10#0
[info] after round 0 : parent is ['1'] and leader id is 10
[info] send message to 1: wave#0#10#1
[info] message from 1: wave#1#1#0
[info] send message to 8: wave#1#1#0
[info] message from 8: wave#1#1#0
[info] after round 1 : parent is ['1'] and leader id is 1
[info] send message to 1: wave#1#1#1
[info] message from 1: wave#1#10#0
[info] send message to 8: wave#1#10#0
[info] message from 8: wave#1#10#0
[info] after round 1 : parent is ['1'] and leader id is 10
[info] send message to 1: wave#1#10#1
[info] message from 1: exit
