[info] Hello from node5
[info] I'm connected to nodes ['1', '5']
[info] I have edges [('5', '1'), ('5', '5')]
[info] -- round 0 started!
[info] -- new id 1 selected!
[info] send message to 1: wave#0#1#0
[info] send message to 5: wave#0#1#0
[info] message from 1: wave#0#1#0
[info] message from 5: wave#0#1#0
[info] after round 0 : parent is [] and leader id is 1
[info] -- round 1 started!
[info] -- new id 1 selected!
[info] send message to 1: wave#1#1#0
[info] send message to 5: wave#1#1#0
[info] message from 5: wave#1#1#0
[info] message from 1: wave#0#3#0
[info] message from 1: wave#0#8#0
[info] message from 1: wave#0#10#0
[info] message from 1: wave#1#10#0
[info] send message to 5: wave#1#10#0
[info] message from 5: wave#1#10#0
[info] after round 1 : parent is ['1'] and leader id is 10
[info] send message to 1: wave#1#10#1
[info] message from 1: exit
