[info] Hello from node10
[info] I'm connected to nodes ['1', '10']
[info] I have edges [('10', '1'), ('10', '10')]
[info] -- round 0 started!
[info] -- new id 4 selected!
[info] send message to 1: wave#0#4#0
[info] send message to 10: wave#0#4#0
[info] message from 10: wave#0#4#0
[info] message from 1: wave#0#1#0
[info] message from 1: wave#0#3#0
[info] message from 1: wave#0#8#0
[info] send message to 10: wave#0#8#0
[info] message from 10: wave#0#8#0
[info] after round 0 : parent is ['1'] and leader id is 8
[info] send message to 1: wave#0#8#1
[info] message from 1: wave#0#10#0
[info] send message to 10: wave#0#10#0
[info] message from 10: wave#0#10#0
[info] after round 0 : parent is ['1'] and leader id is 10
[info] send message to 1: wave#0#10#1
[info] message from 1: wave#1#1#0
[info] send message to 10: wave#1#1#0
[info] message from 10: wave#1#1#0
[info] after round 1 : parent is ['1'] and leader id is 1
[info] send message to 1: wave#1#1#1
[info] message from 1: wave#1#10#0
[info] send message to 10: wave#1#10#0
[info] message from 10: wave#1#10#0
[info] after round 1 : parent is ['1'] and leader id is 10
[info] send message to 1: wave#1#10#1
[info] message from 1: exit
