[info] Hello from node1
[info] I'm connected to nodes ['1', '2', '20']
[info] I have edges [('1', '1'), ('1', '2'), ('1', '20')]
[info] -- round 0 started!
[info] -- new id 4 selected!
[info] send message to 1: wave#0#4#0
[info] send message to 2: wave#0#4#0
[info] send message to 20: wave#0#4#0
[info] message from 2: wave#0#3#0
[info] message from 1: wave#0#4#0
[info] message from 2: wave#0#17#0
[info] send message to 1: wave#0#17#0
[info] send message to 20: wave#0#17#0
[info] message from 1: wave#0#17#0
[info] message from 20: wave#0#1#0
[info] message from 2: wave#0#20#0
[info] send message to 1: wave#0#20#0
[info] send message to 20: wave#0#20#0
[info] message from 1: wave#0#20#0
[info] message from 20: wave#0#20#7
[info] after round 0 : parent is ['2'] and leader id is 20
[info] send message to 2: wave#0#20#8
[info] message from 2: wave#1#15#0
[info] send message to 1: wave#1#15#0
[info] send message to 20: wave#1#15#0
[info] message from 1: wave#1#15#0
[info] message from 20: wave#1#15#7
[info] after round 1 : parent is ['2'] and leader id is 15
[info] send message to 2: wave#1#15#8
[info] message from 2: exit
[info] send message to 20: exit
