[info] Hello from node17
[info] I'm connected to nodes ['16', '17', '18']
[info] I have edges [('17', '16'), ('17', '17'), ('17', '18')]
[info] -- round 0 started!
[info] -- new id 5 selected!
[info] send message to 16: wave#0#5#0
[info] send message to 17: wave#0#5#0
[info] send message to 18: wave#0#5#0
[info] message from 17: wave#0#5#0
[info] message from 18: wave#0#19#0
[info] send message to 16: wave#0#19#0
[info] send message to 17: wave#0#19#0
[info] message from 17: wave#0#19#0
[info] message from 16: wave#0#11#0
[info] message from 18: wave#0#20#0
[info] send message to 16: wave#0#20#0
[info] send message to 17: wave#0#20#0
[info] message from 17: wave#0#20#0
[info] message from 16: wave#0#20#3
[info] after round 0 : parent is ['18'] and leader id is 20
[info] send message to 18: wave#0#20#4
[info] message from 18: wave#1#15#0
[info] send message to 16: wave#1#15#0
[info] send message to 17: wave#1#15#0
[info] message from 17: wave#1#15#0
[info] message from 16: wave#1#15#3
[info] after round 1 : parent is ['18'] and leader id is 15
[info] send message to 18: wave#1#15#4
[info] message from 18: exit
[info] send message to 16: exit
