[info] Hello from node4
[info] I'm connected to nodes ['3', '4', '5']
[info] I have edges [('4', '3'), ('4', '4'), ('4', '5')]
[info] -- round 0 started!
[info] -- new id 6 selected!
[info] send message to 3: wave#0#6#0
[info] send message to 4: wave#0#6#0
[info] send message to 5: wave#0#6#0
[info] message from 4: wave#0#6#0
[info] message from 3: wave#0#17#0
[info] send message to 4: wave#0#17#0
[info] send message to 5: wave#0#17#0
[info] message from 4: wave#0#17#0
[info] message from 5: wave#0#12#0
[info] message from 5: wave#0#20#0
[info] send message to 3: wave#0#20#0
[info] send message to 4: wave#0#20#0
[info] message from 4: wave#0#20#0
[info] message from 3: wave#0#20#10
[info] after round 0 : parent is ['5'] and leader id is 20
[info] send message to 5: wave#0#20#11
[info] message from 5: wave#1#15#0
[info] send message to 3: wave#1#15#0
[info] send message to 4: wave#1#15#0
[info] message from 4: wave#1#15#0
[info] message from 3: wave#1#15#10
[info] after round 1 : parent is ['5'] and leader id is 15
[info] send message to 5: wave#1#15#11
[info] message from 5: exit
[info] send message to 3: exit
