[info] Hello from node14
[info] I'm connected to nodes ['13', '14', '15']
[info] I have edges [('14', '13'), ('14', '14'), ('14', '15')]
[info] -- round 0 started!
[info] -- new id 8 selected!
[info] send message to 13: wave#0#8#0
[info] send message to 14: wave#0#8#0
[info] send message to 15: wave#0#8#0
[info] message from 15: wave#0#1#0
[info] message from 13: wave#0#7#0
[info] message from 14: wave#0#8#0
[info] message from 15: wave#0#11#0
[info] send message to 13: wave#0#11#0
[info] send message to 14: wave#0#11#0
[info] message from 13: wave#0#11#0
[info] message from 14: wave#0#11#0
[info] after round 0 : parent is ['15'] and leader id is 11
[info] send message to 15: wave#0#11#1
[info] message from 15: wave#0#19#0
[info] send message to 13: wave#0#19#0
[info] send message to 14: wave#0#19#0
[info] message from 13: wave#0#12#0
[info] message from 14: wave#0#19#0
[info] message from 15: wave#0#20#0
[info] send message to 13: wave#0#20#0
[info] send message to 14: wave#0#20#0
[info] message from 13: wave#0#20#0
[info] message from 14: wave#0#20#0
[info] after round 0 : parent is ['15'] and leader id is 20
[info] send message to 15: wave#0#20#1
[info] message from 15: wave#1#15#0
[info] send message to 13: wave#1#15#0
[info] send message to 14: wave#1#15#0
[info] message from 14: wave#1#15#0
[info] message from 13: wave#1#15#0
[info] after round 1 : parent is ['15'] and leader id is 15
[info] send message to 15: wave#1#15#1
[info] message from 13: exit
[info] send message to 15: exit
