[info] Hello from node7
[info] I'm connected to nodes ['6', '7', '8']
[info] I have edges [('7', '6'), ('7', '7'), ('7', '8')]
[info] -- round 0 started!
[info] -- new id 5 selected!
[info] send message to 6: wave#0#5#0
[info] send message to 7: wave#0#5#0
[info] send message to 8: wave#0#5#0
[info] message from 8: wave#0#15#0
[info] send message to 6: wave#0#15#0
[info] send message to 7: wave#0#15#0
[info] message from 7: wave#0#5#0
[info] message from 6: wave#0#10#0
[info] message from 7: wave#0#15#0
[info] message from 6: wave#0#15#2
[info] after round 0 : parent is ['8'] and leader id is 15
[info] send message to 8: wave#0#15#3
[info] message from 6: wave#0#15#3
[info] after round 0 : parent is ['8'] and leader id is 15
[info] send message to 8: wave#0#15#6
[info] message from 6: wave#0#15#4
[info] after round 0 : parent is ['8'] and leader id is 15
[info] send message to 8: wave#0#15#10
[info] message from 8: wave#1#12#0
[info] send message to 6: wave#1#12#0
[info] send message to 7: wave#1#12#0
[info] message from 7: wave#1#12#0
[info] message from 6: wave#1#12#8
[info] after round 1 : parent is ['8'] and leader id is 12
[info] send message to 8: wave#1#12#9
[info] message from 8: exit
[info] send message to 6: exit
