[info] Hello from node33
[info] I'm connected to nodes ['32', '33', '34']
[info] I have edges [('33', '32'), ('33', '33'), ('33', '34')]
[info] -- round 0 started!
[info] -- new id 21 selected!
[info] send message to 32: wave#0#21#0
[info] send message to 33: wave#0#21#0
[info] send message to 34: wave#0#21#0
[info] message from 32: wave#0#9#0
[info] message from 34: wave#0#39#0
[info] send message to 32: wave#0#39#0
[info] send message to 33: wave#0#39#0
[info] message from 32: wave#0#30#0
[info] message from 33: wave#0#21#0
[info] message from 32: wave#0#34#0
[info] message from 33: wave#0#39#0
[info] message from 32: wave#0#40#0
[info] send message to 33: wave#0#40#0
[info] send message to 34: wave#0#40#0
[info] message from 33: wave#0#40#0
[info] message from 34: wave#0#40#1
[info] after round 0 : parent is ['32'] and leader id is 40
[info] send message to 32: wave#0#40#2
[info] message from 34: wave#1#11#0
[info] send message to 32: wave#1#11#0
[info] send message to 33: wave#1#11#0
[info] message from 33: wave#1#11#0
[info] message from 32: wave#1#31#0
[info] send message to 33: wave#1#31#0
[info] send message to 34: wave#1#31#0
[info] message from 33: wave#1#31#0
[info] message from 34: wave#1#31#7
[info] after round 1 : parent is ['32'] and leader id is 31
[info] send message to 32: wave#1#31#8
[info] message from 32: exit
[info] send message to 34: exit
