[info] Hello from node37
[info] I'm connected to nodes ['36', '37', '38']
[info] I have edges [('37', '36'), ('37', '37'), ('37', '38')]
[info] -- round 0 started!
[info] -- new id 3 selected!
[info] send message to 36: wave#0#3#0
[info] send message to 37: wave#0#3#0
[info] send message to 38: wave#0#3#0
[info] message from 38: wave#0#32#0
[info] send message to 36: wave#0#32#0
[info] send message to 37: wave#0#32#0
[info] message from 37: wave#0#3#0
[info] message from 37: wave#0#32#0
[info] message from 38: wave#0#40#0
[info] send message to 36: wave#0#40#0
[info] send message to 37: wave#0#40#0
[info] message from 37: wave#0#40#0
[info] message from 36: wave#0#19#0
[info] message from 36: wave#0#33#0
[info] message from 36: wave#0#40#2
[info] after round 0 : parent is ['38'] and leader id is 40
[info] send message to 38: wave#0#40#3
[info] message from 38: wave#1#11#0
[info] send message to 36: wave#1#11#0
[info] send message to 37: wave#1#11#0
[info] message from 37: wave#1#11#0
[info] message from 36: wave#1#31#0
[info] send message to 37: wave#1#31#0
[info] send message to 38: wave#1#31#0
[info] message from 37: wave#1#31#0
[info] message from 38: wave#1#31#3
[info] after round 1 : parent is ['36'] and leader id is 31
[info] send message to 36: wave#1#31#4
[info] message from 36: exit
[info] send message to 38: exit
