[info] Hello from node29
[info] I'm connected to nodes ['28', '29', '30']
[info] I have edges [('29', '28'), ('29', '29'), ('29', '30')]
[info] -- round 0 started!
[info] -- new id 34 selected!
[info] send message to 28: wave#0#34#0
[info] send message to 29: wave#0#34#0
[info] send message to 30: wave#0#34#0
[info] message from 29: wave#0#34#0
[info] message from 30: wave#0#15#0
[info] message from 28: wave#0#10#0
[info] message from 28: wave#0#40#0
[info] send message to 29: wave#0#40#0
[info] send message to 30: wave#0#40#0
[info] message from 29: wave#0#40#0
[info] message from 30: wave#0#40#5
[info] after round 0 : parent is ['28'] and leader id is 40
[info] send message to 28: wave#0#40#6
[info] message from 28: wave#1#5#0
[info] send message to 29: wave#1#5#0
[info] send message to 30: wave#1#5#0
[info] message from 30: wave#1#11#0
[info] send message to 28: wave#1#11#0
[info] send message to 29: wave#1#11#0
[info] message from 29: wave#1#5#0
[info] message from 29: wave#1#11#0
[info] message from 28: wave#1#31#0
[info] send message to 29: wave#1#31#0
[info] send message to 30: wave#1#31#0
[info] message from 29: wave#1#31#0
[info] message from 30: wave#1#31#11
[info] after round 1 : parent is ['28'] and leader id is 31
[info] send message to 28: wave#1#31#12
[info] message from 28: exit
[info] send message to 30: exit
