[info] Hello from node18
[info] I'm connected to nodes ['17', '18', '19']
[info] I have edges [('18', '17'), ('18', '18'), ('18', '19')]
[info] -- round 0 started!
[info] -- new id 22 selected!
[info] send message to 17: wave#0#22#0
[info] send message to 18: wave#0#22#0
[info] send message to 19: wave#0#22#0
[info] message from 18: wave#0#22#0
[info] message from 19: wave#0#2#0
[info] message from 17: wave#0#9#0
[info] message from 17: wave#0#22#1
[info] message from 17: wave#0#24#0
[info] send message to 18: wave#0#24#0
[info] send message to 19: wave#0#24#0
[info] message from 18: wave#0#24#0
[info] message from 17: wave#0#29#0
[info] send message to 18: wave#0#29#0
[info] send message to 19: wave#0#29#0
[info] message from 18: wave#0#29#0
[info] message from 19: wave#0#34#0
[info] send message to 17: wave#0#34#0
[info] send message to 18: wave#0#34#0
[info] message from 17: wave#0#40#0
[info] send message to 18: wave#0#40#0
[info] send message to 19: wave#0#40#0
[info] message from 18: wave#0#34#0
[info] message from 18: wave#0#40#0
[info] message from 19: wave#0#40#1
[info] after round 0 : parent is ['17'] and leader id is 40
[info] send message to 17: wave#0#40#2
[info] message from 17: wave#1#31#0
[info] send message to 18: wave#1#31#0
[info] send message to 19: wave#1#31#0
[info] message from 18: wave#1#31#0
[info] message from 19: wave#1#31#22
[info] after round 1 : parent is ['17'] and leader id is 31
[info] send message to 17: wave#1#31#23
[info] message from 17: exit
[info] send message to 19: exit
