[info] Hello from node11
[info] I'm connected to nodes ['10', '11', '12']
[info] I have edges [('11', '10'), ('11', '11'), ('11', '12')]
[info] -- round 0 started!
[info] -- new id 36 selected!
[info] send message to 10: wave#0#36#0
[info] send message to 11: wave#0#36#0
[info] send message to 12: wave#0#36#0
[info] message from 12: wave#0#13#0
[info] message from 11: wave#0#36#0
[info] message from 12: wave#0#40#0
[info] send message to 10: wave#0#40#0
[info] send message to 11: wave#0#40#0
[info] message from 10: wave#0#13#0
[info] message from 11: wave#0#40#0
[info] message from 10: wave#0#40#10
[info] after round 0 : parent is ['12'] and leader id is 40
[info] send message to 12: wave#0#40#11
[info] message from 12: wave#1#31#0
[info] send message to 10: wave#1#31#0
[info] send message to 11: wave#1#31#0
[info] message from 11: wave#1#31#0
[info] message from 10: wave#1#31#10
[info] after round 1 : parent is ['12'] and leader id is 31
[info] send message to 12: wave#1#31#11
[info] message from 12: exit
[info] send message to 10: exit
