[info] Hello from node23
[info] I'm connected to nodes ['22', '23', '24']
[info] I have edges [('23', '22'), ('23', '23'), ('23', '24')]
[info] -- round 0 started!
[info] -- new id 34 selected!
[info] send message to 22: wave#0#34#0
[info] send message to 23: wave#0#34#0
[info] send message to 24: wave#0#34#0
[info] message from 23: wave#0#34#0
[info] message from 22: wave#0#9#0
[info] message from 24: wave#0#29#0
[info] message from 24: wave#0#40#0
[info] send message to 22: wave#0#40#0
[info] send message to 23: wave#0#40#0
[info] message from 23: wave#0#40#0
[info] message from 22: wave#0#40#3
[info] after round 0 : parent is ['24'] and leader id is 40
[info] send message to 24: wave#0#40#4
[info] message from 24: wave#1#5#0
[info] send message to 22: wave#1#5#0
[info] send message to 23: wave#1#5#0
[info] message from 23: wave#1#5#0
[info] message from 22: wave#1#31#0
[info] send message to 23: wave#1#31#0
[info] send message to 24: wave#1#31#0
[info] message from 23: wave#1#31#0
[info] message from 24: wave#1#11#0
[info] message from 24: wave#1#31#17
[info] after round 1 : parent is ['22'] and leader id is 31
[info] send message to 22: wave#1#31#18
[info] message from 22: exit
[info] send message to 24: exit
