[info] Hello from node22
[info] I'm connected to nodes ['21', '22', '23']
[info] I have edges [('22', '21'), ('22', '22'), ('22', '23')]
[info] -- round 0 started!
[info] -- new id 25 selected!
[info] send message to 21: wave#0#25#0
[info] send message to 22: wave#0#25#0
[info] send message to 23: wave#0#25#0
[info] message from 21: wave#0#26#0
[info] send message to 22: wave#0#26#0
[info] send message to 23: wave#0#26#0
[info] message from 22: wave#0#25#0
[info] message from 23: wave#0#13#0
[info] message from 22: wave#0#26#0
[info] message from 23: wave#0#28#0
[info] send message to 21: wave#0#28#0
[info] send message to 22: wave#0#28#0
[info] message from 21: wave#0#30#0
[info] send message to 22: wave#0#30#0
[info] send message to 23: wave#0#30#0
[info] message from 22: wave#0#28#0
[info] message from 23: wave#1#18#0
[info] send message to 21: wave#1#18#0
[info] send message to 22: wave#1#18#0
[info] message from 22: wave#0#30#0
[info] message from 22: wave#1#18#0
[info] message from 21: wave#1#18#21
[info] after round 1 : parent is ['23'] and leader id is 18
[info] send message to 23: wave#1#18#22
[info] message from 23: exit
[info] send message to 21: exit
