[info] Hello from node29
[info] I'm connected to nodes ['28', '29', '30']
[info] I have edges [('29', '28'), ('29', '29'), ('29', '30')]
[info] -- round 0 started!
[info] -- new id 28 selected!
[info] send message to 28: wave#0#28#0
[info] send message to 29: wave#0#28#0
[info] send message to 30: wave#0#28#0
[info] message from 28: wave#0#25#0
[info] message from 29: wave#0#28#0
[info] message from 30: wave#0#11#0
[info] message from 30: wave#0#28#1
[info] message from 30: wave#0#28#1
[info] message from 28: wave#0#28#2
[info] after round 0 : parent is [] and leader id is 28
[info] -- round 1 started!
[info] -- new id 18 selected!
[info] send message to 28: wave#1#18#0
[info] send message to 29: wave#1#18#0
[info] send message to 30: wave#1#18#0
[info] message from 28: wave#0#28#3
[info] message from 29: wave#1#18#0
[info] message from 30: wave#1#18#1
[info] message from 28: wave#1#18#28
[info] after round 1 : parent is [] and leader id is 18
[info] send message to 28: exit
[info] send message to 30: exit
