[info] Hello from node2
[info] I'm connected to nodes ['1', '2']
[info] I have edges [('2', '1'), ('2', '2')]
[info] -- round 0 started!
[info] -- new id 4 selected!
[info] send message to 1: wave#0#4#0
[info] send message to 2: wave#0#4#0
[info] message from 1: wave#0#1#0
[info] message from 2: wave#0#4#0
[info] message from 1: wave#0#3#0
[info] message from 1: wave#0#4#0
[info] after round 0 : parent is [] and leader id is 4
[info] -- round 1 started!
[info] -- new id 3 selected!
[info] send message to 1: wave#1#3#0
[info] send message to 2: wave#1#3#0
[info] message from 2: wave#1#3#0
[info] message from 1: wave#1#5#0
[info] send message to 2: wave#1#5#0
[info] message from 2: wave#1#5#0
[info] after round 1 : parent is ['1'] and leader id is 5
[info] send message to 1: wave#1#5#1
[info] message from 1: exit
