[info] Hello from node15
[info] I'm connected to nodes ['14', '15', '16']
[info] I have edges [('15', '14'), ('15', '15'), ('15', '16')]
[info] -- round 0 started!
[info] -- new id 30 selected!
[info] send message to 14: wave#0#30#0
[info] send message to 15: wave#0#30#0
[info] send message to 16: wave#0#30#0
[info] message from 14: wave#0#12#0
[info] message from 16: wave#0#30#0
[info] message from 15: wave#0#30#0
[info] message from 14: wave#0#19#0
[info] message from 14: wave#0#30#4
[info] after round 0 : parent is [] and leader id is 30
[info] -- round 1 started!
[info] -- new id 5 selected!
[info] send message to 14: wave#1#5#0
[info] send message to 15: wave#1#5#0
[info] send message to 16: wave#1#5#0
[info] message from 15: wave#1#5#0
[info] message from 14: wave#1#10#0
[info] send message to 15: wave#1#10#0
[info] send message to 16: wave#1#10#0
[info] message from 15: wave#1#10#0
[info] message from 16: wave#1#13#0
[info] send message to 14: wave#1#13#0
[info] send message to 15: wave#1#13#0
[info] message from 15: wave#1#13#0
[info] message from 14: wave#1#13#13
[info] after round 1 : parent is ['16'] and leader id is 13
[info] send message to 16: wave#1#13#14
[info] message from 16: exit
[info] send message to 14: exit
