[info] Hello from node13
[info] I'm connected to nodes ['12', '13', '14']
[info] I have edges [('13', '12'), ('13', '13'), ('13', '14')]
[info] -- round 0 started!
[info] -- new id 19 selected!
[info] send message to 12: wave#0#19#0
[info] send message to 13: wave#0#19#0
[info] send message to 14: wave#0#19#0
[info] message from 14: wave#0#12#0
[info] message from 13: wave#0#19#0
[info] message from 12: wave#0#27#0
[info] send message to 13: wave#0#27#0
[info] send message to 14: wave#0#27#0
[info] message from 13: wave#0#27#0
[info] message from 14: wave#0#30#0
[info] send message to 12: wave#0#30#0
[info] send message to 13: wave#0#30#0
[info] message from 13: wave#0#30#0
[info] message from 12: wave#0#30#2
[info] after round 0 : parent is ['14'] and leader id is 30
[info] send message to 14: wave#0#30#3
[info] message from 14: wave#1#5#0
[info] send message to 12: wave#1#5#0
[info] send message to 13: wave#1#5#0
[info] message from 13: wave#1#5#0
[info] message from 12: wave#1#10#0
[info] send message to 13: wave#1#10#0
[info] send message to 14: wave#1#10#0
[info] message from 13: wave#1#10#0
[info] message from 14: wave#1#13#0
[info] send message to 12: wave#1#13#0
[info] send message to 13: wave#1#13#0
[info] message from 13: wave#1#13#0
[info] message from 12: wave#1#13#11
[info] after round 1 : parent is ['14'] and leader id is 13
[info] send message to 14: wave#1#13#12
[info] message from 14: exit
[info] send message to 12: exit
