[info] Hello from node4
[info] I'm connected to nodes ['3', '4', '5']
[info] I have edges [('4', '3'), ('4', '4'), ('4', '5')]
[info] -- round 0 started!
[info] -- new id 29 selected!
[info] send message to 3: wave#0#29#0
[info] send message to 4: wave#0#29#0
[info] send message to 5: wave#0#29#0
[info] message from 3: wave#0#29#0
[info] message from 5: wave#0#23#0
[info] message from 4: wave#0#29#0
[info] message from 5: wave#0#28#0
[info] message from 5: wave#0#30#0
[info] send message to 3: wave#0#30#0
[info] send message to 4: wave#0#30#0
[info] message from 4: wave#0#30#0
[info] message from 5: wave#1#10#0
[info] send message to 3: wave#1#10#0
[info] send message to 4: wave#1#10#0
[info] message from 4: wave#1#10#0
[info] message from 5: wave#1#13#0
[info] send message to 3: wave#1#13#0
[info] send message to 4: wave#1#13#0
[info] message from 4: wave#1#13#0
[info] message from 3: wave#1#13#2
[info] after round 1 : parent is ['5'] and leader id is 13
[info] send message to 5: wave#1#13#3
[info] message from 3: exit
[info] send message to 5: exit
