[info] Hello from node17
[info] I'm connected to nodes ['16', '17', '18']
[info] I have edges [('17', '16'), ('17', '17'), ('17', '18')]
[info] -- round 0 started!
[info] -- new id 7 selected!
[info] send message to 16: wave#0#7#0
[info] send message to 17: wave#0#7#0
[info] send message to 18: wave#0#7#0
[info] message from 18: wave#0#20#0
[info] send message to 16: wave#0#20#0
[info] send message to 17: wave#0#20#0
[info] message from 16: wave#0#30#0
[info] send message to 17: wave#0#30#0
[info] send message to 18: wave#0#30#0
[info] message from 17: wave#0#7#0
[info] message from 17: wave#0#20#0
[info] message from 17: wave#0#30#0
[info] message from 16: wave#1#5#0
[info] send message to 17: wave#1#5#0
[info] send message to 18: wave#1#5#0
[info] message from 17: wave#1#5#0
[info] message from 18: wave#1#13#0
[info] send message to 16: wave#1#13#0
[info] send message to 17: wave#1#13#0
[info] message from 17: wave#1#13#0
[info] message from 16: wave#1#13#15
[info] after round 1 : parent is ['18'] and leader id is 13
[info] send message to 18: wave#1#13#16
[info] message from 18: exit
[info] send message to 16: exit
