[info] Hello from node12
[info] I'm connected to nodes ['11', '12', '13']
[info] I have edges [('12', '11'), ('12', '12'), ('12', '13')]
[info] -- round 0 started!
[info] -- new id 27 selected!
[info] send message to 11: wave#0#27#0
[info] send message to 12: wave#0#27#0
[info] send message to 13: wave#0#27#0
[info] message from 11: wave#0#9#0
[info] message from 13: wave#0#19#0
[info] message from 11: wave#0#19#0
[info] message from 12: wave#0#27#0
[info] message from 13: wave#0#30#0
[info] send message to 11: wave#0#30#0
[info] send message to 12: wave#0#30#0
[info] message from 12: wave#0#30#0
[info] message from 11: wave#0#30#1
[info] after round 0 : parent is ['13'] and leader id is 30
[info] send message to 13: wave#0#30#2
[info] message from 13: wave#1#5#0
[info] send message to 11: wave#1#5#0
[info] send message to 12: wave#1#5#0
[info] message from 12: wave#1#5#0
[info] message from 11: wave#1#10#0
[info] send message to 12: wave#1#10#0
[info] send message to 13: wave#1#10#0
[info] message from 12: wave#1#10#0
[info] message from 13: wave#1#13#0
[info] send message to 11: wave#1#13#0
[info] send message to 12: wave#1#13#0
[info] message from 12: wave#1#13#0
[info] message from 11: wave#1#13#10
[info] after round 1 : parent is ['13'] and leader id is 13
[info] send message to 13: wave#1#13#11
[info] message from 13: exit
[info] send message to 11: exit
