[info] Hello from node24
[info] I'm connected to nodes ['23', '24', '25']
[info] I have edges [('24', '23'), ('24', '24'), ('24', '25')]
[info] -- round 0 started!
[info] -- new id 14 selected!
[info] send message to 23: wave#0#14#0
[info] send message to 24: wave#0#14#0
[info] send message to 25: wave#0#14#0
[info] message from 24: wave#0#14#0
[info] message from 25: wave#0#20#0
[info] send message to 23: wave#0#20#0
[info] send message to 24: wave#0#20#0
[info] message from 23: wave#0#11#0
[info] message from 24: wave#0#20#0
[info] message from 25: wave#0#26#0
[info] send message to 23: wave#0#26#0
[info] send message to 24: wave#0#26#0
[info] message from 23: wave#0#20#0
[info] message from 24: wave#0#26#0
[info] message from 25: wave#0#29#0
[info] send message to 23: wave#0#29#0
[info] send message to 24: wave#0#29#0
[info] message from 23: wave#1#13#0
[info] send message to 24: wave#1#13#0
[info] send message to 25: wave#1#13#0
[info] message from 24: wave#0#29#0
[info] message from 25: wave#0#30#0
[info] message from 24: wave#1#13#0
[info] message from 25: wave#1#13#7
[info] after round 1 : parent is ['23'] and leader id is 13
[info] send message to 23: wave#1#13#8
[info] message from 23: exit
[info] send message to 25: exit
