[info] Hello from node10
[info] I'm connected to nodes ['1', '10']
[info] I have edges [('10', '1'), ('10', '10')]
[info] -- round 0 started!
[info] -- new id 15 selected!
[info] send message to 1: wave#0#15#0
[info] send message to 10: wave#0#15#0
[info] message from 1: wave#0#7#0
[info] message from 1: wave#0#13#0
[info] message from 10: wave#0#15#0
[info] message from 1: wave#0#15#0
[info] after round 0 : parent is [] and leader id is 15
[info] -- round 1 started!
[info] -- new id 3 selected!
[info] send message to 1: wave#1#3#0
[info] send message to 10: wave#1#3#0
[info] message from 10: wave#1#3#0
[info] message from 1: wave#2#14#0
[info] send message to 10: wave#2#14#0
[info] message from 10: wave#2#14#0
[info] after round 2 : parent is ['1'] and leader id is 14
[info] send message to 1: wave#2#14#1
[info] message from 1: exit
