[info] Hello from node4
[info] I'm connected to nodes ['1', '4']
[info] I have edges [('4', '1'), ('4', '4')]
[info] -- round 0 started!
[info] -- new id 15 selected!
[info] send message to 1: wave#0#15#0
[info] send message to 4: wave#0#15#0
[info] message from 1: wave#0#7#0
[info] message from 1: wave#0#13#0
[info] message from 4: wave#0#15#0
[info] message from 1: wave#1#3#0
[info] send message to 4: wave#1#3#0
[info] message from 4: wave#1#3#0
[info] after round 1 : parent is ['1'] and leader id is 3
[info] send message to 1: wave#1#3#1
[info] message from 1: wave#2#14#0
[info] send message to 4: wave#2#14#0
[info] message from 4: wave#2#14#0
[info] after round 2 : parent is ['1'] and leader id is 14
[info] send message to 1: wave#2#14#1
[info] message from 1: exit
