[info] Hello from node9
[info] I'm connected to nodes ['1', '9']
[info] I have edges [('9', '1'), ('9', '9')]
[info] -- round 0 started!
[info] -- new id 12 selected!
[info] send message to 1: wave#0#12#0
[info] send message to 9: wave#0#12#0
[info] message from 1: wave#0#14#0
[info] send message to 9: wave#0#14#0
[info] message from 9: wave#0#12#0
[info] after round 0 : parent is ['1'] and leader id is 14
[info] send message to 1: wave#0#14#1
[info] message from 9: wave#0#14#0
[info] after round 0 : parent is ['1'] and leader id is 14
[info] send message to 1: wave#0#14#1
[info] message from 1: wave#1#1#0
[info] send message to 9: wave#1#1#0
[info] message from 9: wave#1#1#0
[info] after round 1 : parent is ['1'] and leader id is 1
[info] send message to 1: wave#1#1#1
[info] message from 1: wave#1#13#0
[info] send message to 9: wave#1#13#0
[info] message from 9: wave#1#13#0
[info] after round 1 : parent is ['1'] and leader id is 13
[info] send message to 1: wave#1#13#1
[info] message from 1: exit
