[info] Hello from node6
[info] I'm connected to nodes ['5', '6', '7']
[info] I have edges [('6', '5'), ('6', '6'), ('6', '7')]
[info] -- round 0 started!
[info] -- new id 9 selected!
[info] send message to 5: wave#0#9#0
[info] send message to 6: wave#0#9#0
[info] send message to 7: wave#0#9#0
[info] message from 7: wave#0#5#0
[info] message from 6: wave#0#9#0
[info] message from 5: wave#0#1#0
[info] message from 5: wave#0#9#2
[info] message from 5: wave#1#1#0
[info] send message to 6: wave#1#1#0
[info] send message to 7: wave#1#1#0
[info] message from 6: wave#1#1#0
[info] message from 7: wave#1#1#4
[info] after round 1 : parent is ['5'] and leader id is 1
[info] send message to 5: wave#1#1#5
[info] message from 5: exit
[info] send message to 7: exit
