[info] Hello from node22
[info] I'm connected to nodes ['21', '22', '23']
[info] I have edges [('22', '21'), ('22', '22'), ('22', '23')]
[info] -- round 0 started!
[info] -- new id 12 selected!
[info] send message to 21: wave#0#12#0
[info] send message to 22: wave#0#12#0
[info] send message to 23: wave#0#12#0
[info] message from 23: wave#0#16#0
[info] send message to 21: wave#0#16#0
[info] send message to 22: wave#0#16#0
[info] message from 21: wave#0#31#0
[info] send message to 22: wave#0#31#0
[info] send message to 23: wave#0#31#0
[info] message from 22: wave#0#12#0
[info] message from 23: wave#0#44#0
[info] send message to 21: wave#0#44#0
[info] send message to 22: wave#0#44#0
[info] message from 22: wave#0#16#0
[info] message from 22: wave#0#31#0
[info] message from 22: wave#0#44#0
[info] message from 21: wave#0#44#6
[info] after round 0 : parent is ['23'] and leader id is 44
[info] send message to 23: wave#0#44#7
[info] message from 23: wave#1#35#0
[info] send message to 21: wave#1#35#0
[info] send message to 22: wave#1#35#0
[info] message from 22: wave#1#35#0
[info] message from 21: wave#1#35#21
[info] after round 1 : parent is ['23'] and leader id is 35
[info] send message to 23: wave#1#35#22
[info] message from 23: exit
[info] send message to 21: exit
