[info] Hello from node21
[info] I'm connected to nodes ['20', '21', '22']
[info] I have edges [('21', '20'), ('21', '21'), ('21', '22')]
[info] -- round 0 started!
[info] -- new id 31 selected!
[info] send message to 20: wave#0#31#0
[info] send message to 21: wave#0#31#0
[info] send message to 22: wave#0#31#0
[info] message from 21: wave#0#31#0
[info] message from 22: wave#0#12#0
[info] message from 22: wave#0#16#0
[info] message from 20: wave#0#21#0
[info] message from 22: wave#0#44#0
[info] send message to 20: wave#0#44#0
[info] send message to 21: wave#0#44#0
[info] message from 21: wave#0#44#0
[info] message from 20: wave#0#44#5
[info] after round 0 : parent is ['22'] and leader id is 44
[info] send message to 22: wave#0#44#6
[info] message from 22: wave#1#35#0
[info] send message to 20: wave#1#35#0
[info] send message to 21: wave#1#35#0
[info] message from 21: wave#1#35#0
[info] message from 20: wave#1#35#20
[info] after round 1 : parent is ['22'] and leader id is 35
[info] send message to 22: wave#1#35#21
[info] message from 22: exit
[info] send message to 20: exit
