[info] Hello from node34
[info] I'm connected to nodes ['33', '34', '35']
[info] I have edges [('34', '33'), ('34', '34'), ('34', '35')]
[info] -- round 0 started!
[info] -- new id 4 selected!
[info] send message to 33: wave#0#4#0
[info] send message to 34: wave#0#4#0
[info] send message to 35: wave#0#4#0
[info] message from 33: wave#0#9#0
[info] send message to 34: wave#0#9#0
[info] send message to 35: wave#0#9#0
[info] message from 35: wave#0#45#0
[info] send message to 33: wave#0#45#0
[info] send message to 34: wave#0#45#0
[info] message from 34: wave#0#4#0
[info] message from 33: wave#0#18#0
[info] message from 34: wave#0#9#0
[info] message from 34: wave#0#45#0
[info] message from 33: wave#1#35#0
[info] send message to 34: wave#1#35#0
[info] send message to 35: wave#1#35#0
[info] message from 34: wave#1#35#0
[info] message from 35: wave#1#35#11
[info] after round 1 : parent is ['33'] and leader id is 35
[info] send message to 33: wave#1#35#12
[info] message from 33: exit
[info] send message to 35: exit
