[info] Hello from node26
[info] I'm connected to nodes ['25', '26', '27']
[info] I have edges [('26', '25'), ('26', '26'), ('26', '27')]
[info] -- round 0 started!
[info] -- new id 12 selected!
[info] send message to 25: wave#0#12#0
[info] send message to 26: wave#0#12#0
[info] send message to 27: wave#0#12#0
[info] message from 27: wave#0#44#0
[info] send message to 25: wave#0#44#0
[info] send message to 26: wave#0#44#0
[info] message from 26: wave#0#12#0
[info] message from 26: wave#0#44#0
[info] message from 25: wave#0#35#0
[info] message from 25: wave#0#44#1
[info] after round 0 : parent is ['27'] and leader id is 44
[info] send message to 27: wave#0#44#2
[info] message from 25: wave#0#44#1
[info] after round 0 : parent is ['27'] and leader id is 44
[info] send message to 27: wave#0#44#3
[info] message from 27: wave#0#45#0
[info] send message to 25: wave#0#45#0
[info] send message to 26: wave#0#45#0
[info] message from 26: wave#0#45#0
[info] message from 25: wave#1#35#0
[info] send message to 26: wave#1#35#0
[info] send message to 27: wave#1#35#0
[info] message from 26: wave#1#35#0
[info] message from 27: wave#1#35#19
[info] after round 1 : parent is ['25'] and leader id is 35
[info] send message to 25: wave#1#35#20
[info] message from 25: exit
[info] send message to 27: exit
