[info] Hello from node32
[info] I'm connected to nodes ['31', '32', '33']
[info] I have edges [('32', '31'), ('32', '32'), ('32', '33')]
[info] -- round 0 started!
[info] -- new id 18 selected!
[info] send message to 31: wave#0#18#0
[info] send message to 32: wave#0#18#0
[info] send message to 33: wave#0#18#0
[info] message from 33: wave#0#9#0
[info] message from 31: wave#0#14#0
[info] message from 32: wave#0#18#0
[info] message from 31: wave#0#39#0
[info] send message to 32: wave#0#39#0
[info] send message to 33: wave#0#39#0
[info] message from 32: wave#0#39#0
[info] message from 33: wave#0#45#0
[info] send message to 31: wave#0#45#0
[info] send message to 32: wave#0#45#0
[info] message from 32: wave#0#45#0
[info] message from 31: wave#0#44#0
[info] message from 31: wave#1#35#0
[info] send message to 32: wave#1#35#0
[info] send message to 33: wave#1#35#0
[info] message from 32: wave#1#35#0
[info] message from 33: wave#1#35#13
[info] after round 1 : parent is ['31'] and leader id is 35
[info] send message to 31: wave#1#35#14
[info] message from 31: exit
[info] send message to 33: exit
