[info] Hello from node38
[info] I'm connected to nodes ['37', '38', '39']
[info] I have edges [('38', '37'), ('38', '38'), ('38', '39')]
[info] -- round 0 started!
[info] -- new id 13 selected!
[info] send message to 37: wave#0#13#0
[info] send message to 38: wave#0#13#0
[info] send message to 39: wave#0#13#0
[info] message from 38: wave#0#13#0
[info] message from 39: wave#0#16#0
[info] send message to 37: wave#0#16#0
[info] send message to 38: wave#0#16#0
[info] message from 38: wave#0#16#0
[info] message from 39: wave#0#21#0
[info] send message to 37: wave#0#21#0
[info] send message to 38: wave#0#21#0
[info] message from 38: wave#0#21#0
[info] message from 37: wave#0#43#0
[info] send message to 38: wave#0#43#0
[info] send message to 39: wave#0#43#0
[info] message from 39: wave#0#44#0
[info] send message to 37: wave#0#44#0
[info] send message to 38: wave#0#44#0
[info] message from 38: wave#0#43#0
[info] message from 38: wave#0#44#0
[info] message from 37: wave#0#45#0
[info] send message to 38: wave#0#45#0
[info] send message to 39: wave#0#45#0
[info] message from 38: wave#0#45#0
[info] message from 39: wave#0#45#7
[info] after round 0 : parent is ['37'] and leader id is 45
[info] send message to 37: wave#0#45#8
[info] message from 37: wave#1#35#0
[info] send message to 38: wave#1#35#0
[info] send message to 39: wave#1#35#0
[info] message from 38: wave#1#35#0
[info] message from 39: wave#1#35#7
[info] after round 1 : parent is ['37'] and leader id is 35
[info] send message to 37: wave#1#35#8
[info] message from 37: exit
[info] send message to 39: exit
