[info] Hello from node39
[info] I'm connected to nodes ['38', '39', '40']
[info] I have edges [('39', '38'), ('39', '39'), ('39', '40')]
[info] -- round 0 started!
[info] -- new id 16 selected!
[info] send message to 38: wave#0#16#0
[info] send message to 39: wave#0#16#0
[info] send message to 40: wave#0#16#0
[info] message from 40: wave#0#21#0
[info] send message to 38: wave#0#21#0
[info] send message to 39: wave#0#21#0
[info] message from 38: wave#0#13#0
[info] message from 40: wave#0#44#0
[info] send message to 38: wave#0#44#0
[info] send message to 39: wave#0#44#0
[info] message from 39: wave#0#16#0
[info] message from 39: wave#0#21#0
[info] message from 39: wave#0#44#0
[info] message from 38: wave#0#43#0
[info] message from 38: wave#0#45#0
[info] send message to 39: wave#0#45#0
[info] send message to 40: wave#0#45#0
[info] message from 39: wave#0#45#0
[info] message from 40: wave#0#45#6
[info] after round 0 : parent is ['38'] and leader id is 45
[info] send message to 38: wave#0#45#7
[info] message from 38: wave#1#35#0
[info] send message to 39: wave#1#35#0
[info] send message to 40: wave#1#35#0
[info] message from 39: wave#1#35#0
[info] message from 40: wave#1#35#6
[info] after round 1 : parent is ['38'] and leader id is 35
[info] send message to 38: wave#1#35#7
[info] message from 38: exit
[info] send message to 40: exit
