[info] Hello from node19
[info] I'm connected to nodes ['18', '19', '20']
[info] I have edges [('19', '18'), ('19', '19'), ('19', '20')]
[info] -- round 0 started!
[info] -- new id 7 selected!
[info] send message to 18: wave#0#7#0
[info] send message to 19: wave#0#7#0
[info] send message to 20: wave#0#7#0
[info] message from 19: wave#0#7#0
[info] message from 18: wave#0#16#0
[info] send message to 19: wave#0#16#0
[info] send message to 20: wave#0#16#0
[info] message from 19: wave#0#16#0
[info] message from 20: wave#0#21#0
[info] send message to 18: wave#0#21#0
[info] send message to 19: wave#0#21#0
[info] message from 19: wave#0#21#0
[info] message from 18: wave#0#23#0
[info] send message to 19: wave#0#23#0
[info] send message to 20: wave#0#23#0
[info] message from 19: wave#0#23#0
[info] message from 20: wave#0#31#0
[info] send message to 18: wave#0#31#0
[info] send message to 19: wave#0#31#0
[info] message from 18: wave#0#27#0
[info] message from 20: wave#0#44#0
[info] send message to 18: wave#0#44#0
[info] send message to 19: wave#0#44#0
[info] message from 19: wave#0#31#0
[info] message from 19: wave#0#44#0
[info] message from 18: wave#0#44#3
[info] after round 0 : parent is ['20'] and leader id is 44
[info] send message to 20: wave#0#44#4
[info] message from 18: wave#0#45#0
[info] send message to 19: wave#0#45#0
[info] send message to 20: wave#0#45#0
[info] message from 19: wave#0#45#0
[info] message from 20: wave#1#35#0
[info] send message to 18: wave#1#35#0
[info] send message to 19: wave#1#35#0
[info] message from 19: wave#1#35#0
[info] message from 18: wave#1#35#18
[info] after round 1 : parent is ['20'] and leader id is 35
[info] send message to 20: wave#1#35#19
[info] message from 20: exit
[info] send message to 18: exit
