[info] Hello from node2
[info] I'm connected to nodes ['1', '2', '3']
[info] I have edges [('2', '1'), ('2', '2'), ('2', '3')]
[info] -- round 0 started!
[info] -- new id 37 selected!
[info] send message to 1: wave#0#37#0
[info] send message to 2: wave#0#37#0
[info] send message to 3: wave#0#37#0
[info] message from 1: wave#0#3#0
[info] message from 1: wave#0#37#1
[info] message from 2: wave#0#37#0
[info] message from 3: wave#0#15#0
[info] message from 3: wave#0#38#0
[info] send message to 1: wave#0#38#0
[info] send message to 2: wave#0#38#0
[info] message from 2: wave#0#38#0
[info] message from 1: wave#0#38#1
[info] after round 0 : parent is ['3'] and leader id is 38
[info] send message to 3: wave#0#38#2
[info] message from 3: wave#0#45#0
[info] send message to 1: wave#0#45#0
[info] send message to 2: wave#0#45#0
[info] message from 2: wave#0#45#0
[info] message from 1: wave#0#45#1
[info] after round 0 : parent is ['3'] and leader id is 45
[info] send message to 3: wave#0#45#2
[info] message from 3: wave#1#35#0
[info] send message to 1: wave#1#35#0
[info] send message to 2: wave#1#35#0
[info] message from 2: wave#1#35#0
[info] message from 1: wave#1#35#1
[info] after round 1 : parent is ['3'] and leader id is 35
[info] send message to 3: wave#1#35#2
[info] message from 3: exit
[info] send message to 1: exit
