[info] Hello from node20
[info] I'm connected to nodes ['19', '20', '21']
[info] I have edges [('20', '19'), ('20', '20'), ('20', '21')]
[info] -- round 0 started!
[info] -- new id 21 selected!
[info] send message to 19: wave#0#21#0
[info] send message to 20: wave#0#21#0
[info] send message to 21: wave#0#21#0
[info] message from 19: wave#0#7#0
[info] message from 21: wave#0#31#0
[info] send message to 19: wave#0#31#0
[info] send message to 20: wave#0#31#0
[info] message from 19: wave#0#16#0
[info] message from 20: wave#0#21#0
[info] message from 19: wave#0#23#0
[info] message from 20: wave#0#31#0
[info] message from 21: wave#0#44#0
[info] send message to 19: wave#0#44#0
[info] send message to 20: wave#0#44#0
[info] message from 20: wave#0#44#0
[info] message from 19: wave#0#44#4
[info] after round 0 : parent is ['21'] and leader id is 44
[info] send message to 21: wave#0#44#5
[info] message from 21: wave#1#35#0
[info] send message to 19: wave#1#35#0
[info] send message to 20: wave#1#35#0
[info] message from 19: wave#0#45#0
[info] message from 20: wave#1#35#0
[info] message from 19: wave#1#35#19
[info] after round 1 : parent is ['21'] and leader id is 35
[info] send message to 21: wave#1#35#20
[info] message from 21: exit
[info] send message to 19: exit
