[info] Hello from node24
[info] I'm connected to nodes ['23', '24', '25']
[info] I have edges [('24', '23'), ('24', '24'), ('24', '25')]
[info] -- round 0 started!
[info] -- new id 44 selected!
[info] send message to 23: wave#0#44#0
[info] send message to 24: wave#0#44#0
[info] send message to 25: wave#0#44#0
[info] message from 23: wave#0#16#0
[info] message from 24: wave#0#44#0
[info] message from 25: wave#0#35#0
[info] message from 25: wave#0#44#0
[info] message from 23: wave#0#44#8
[info] after round 0 : parent is [] and leader id is 44
[info] -- round 1 started!
[info] -- new id 35 selected!
[info] send message to 23: wave#1#35#0
[info] send message to 24: wave#1#35#0
[info] send message to 25: wave#1#35#0
[info] message from 24: wave#1#35#0
[info] message from 25: wave#0#45#0
[info] message from 23: wave#1#35#23
[info] message from 25: wave#1#35#21
[info] after round 1 : parent is [] and leader id is 35
[info] send message to 23: exit
[info] send message to 25: exit
