[info] Hello from node31
[info] I'm connected to nodes ['30', '31', '32']
[info] I have edges [('31', '30'), ('31', '31'), ('31', '32')]
[info] -- round 0 started!
[info] -- new id 14 selected!
[info] send message to 30: wave#0#14#0
[info] send message to 31: wave#0#14#0
[info] send message to 32: wave#0#14#0
[info] message from 31: wave#0#14#0
[info] message from 32: wave#0#18#0
[info] send message to 30: wave#0#18#0
[info] send message to 31: wave#0#18#0
[info] message from 31: wave#0#18#0
[info] message from 30: wave#0#39#0
[info] send message to 31: wave#0#39#0
[info] send message to 32: wave#0#39#0
[info] message from 31: wave#0#39#0
[info] message from 30: wave#0#44#0
[info] send message to 31: wave#0#44#0
[info] send message to 32: wave#0#44#0
[info] message from 31: wave#0#44#0
[info] message from 32: wave#0#45#0
[info] send message to 30: wave#0#45#0
[info] send message to 31: wave#0#45#0
[info] message from 31: wave#0#45#0
[info] message from 30: wave#1#35#0
[info] send message to 31: wave#1#35#0
[info] send message to 32: wave#1#35#0
[info] message from 31: wave#1#35#0
[info] message from 32: wave#1#35#14
[info] after round 1 : parent is ['30'] and leader id is 35
[info] send message to 30: wave#1#35#15
[info] message from 30: exit
[info] send message to 32: exit
