[info] Hello from node16
[info] I'm connected to nodes ['15', '16', '17']
[info] I have edges [('16', '15'), ('16', '16'), ('16', '17')]
[info] -- round 0 started!
[info] -- new id 2 selected!
[info] send message to 15: wave#0#2#0
[info] send message to 16: wave#0#2#0
[info] send message to 17: wave#0#2#0
[info] message from 17: wave#0#20#0
[info] send message to 15: wave#0#20#0
[info] send message to 16: wave#0#20#0
[info] message from 16: wave#0#2#0
[info] message from 15: wave#0#28#0
[info] send message to 16: wave#0#28#0
[info] send message to 17: wave#0#28#0
[info] message from 16: wave#0#20#0
[info] message from 16: wave#0#28#0
[info] message from 15: wave#0#32#0
[info] send message to 16: wave#0#32#0
[info] send message to 17: wave#0#32#0
[info] message from 16: wave#0#32#0
[info] message from 15: wave#1#26#0
[info] send message to 16: wave#1#26#0
[info] send message to 17: wave#1#26#0
[info] message from 16: wave#1#26#0
[info] message from 15: wave#1#30#0
[info] send message to 16: wave#1#30#0
[info] send message to 17: wave#1#30#0
[info] message from 16: wave#1#30#0
[info] message from 17: wave#1#30#6
[info] after round 1 : parent is ['15'] and leader id is 30
[info] send message to 15: wave#1#30#7
[info] message from 15: exit
[info] send message to 17: exit
