[info] Hello from node22
[info] I'm connected to nodes ['21', '22', '23']
[info] I have edges [('22', '21'), ('22', '22'), ('22', '23')]
[info] -- round 0 started!
[info] -- new id 9 selected!
[info] send message to 21: wave#0#9#0
[info] send message to 22: wave#0#9#0
[info] send message to 23: wave#0#9#0
[info] message from 21: wave#0#14#0
[info] send message to 22: wave#0#14#0
[info] send message to 23: wave#0#14#0
[info] message from 21: wave#0#19#0
[info] send message to 22: wave#0#19#0
[info] send message to 23: wave#0#19#0
[info] message from 22: wave#0#9#0
[info] message from 22: wave#0#14#0
[info] message from 23: wave#0#12#0
[info] message from 22: wave#0#19#0
[info] message from 23: wave#0#17#0
[info] message from 21: wave#0#20#0
[info] send message to 22: wave#0#20#0
[info] send message to 23: wave#0#20#0
[info] message from 22: wave#0#20#0
[info] message from 23: wave#0#26#0
[info] send message to 21: wave#0#26#0
[info] send message to 22: wave#0#26#0
[info] message from 21: wave#0#28#0
[info] send message to 22: wave#0#28#0
[info] send message to 23: wave#0#28#0
[info] message from 23: wave#0#35#0
[info] send message to 21: wave#0#35#0
[info] send message to 22: wave#0#35#0
[info] message from 22: wave#0#26#0
[info] message from 21: wave#0#32#0
[info] message from 22: wave#0#28#0
[info] message from 21: wave#1#26#0
[info] send message to 22: wave#1#26#0
[info] send message to 23: wave#1#26#0
[info] message from 22: wave#0#35#0
[info] message from 22: wave#1#26#0
[info] message from 21: wave#1#30#0
[info] send message to 22: wave#1#30#0
[info] send message to 23: wave#1#30#0
[info] message from 22: wave#1#30#0
[info] message from 23: wave#1#30#0
[info] after round 1 : parent is ['21'] and leader id is 30
[info] send message to 21: wave#1#30#1
[info] message from 21: exit
[info] send message to 23: exit
