[info] Hello from node32
[info] I'm connected to nodes ['31', '32', '33']
[info] I have edges [('32', '31'), ('32', '32'), ('32', '33')]
[info] -- round 0 started!
[info] -- new id 25 selected!
[info] send message to 31: wave#0#25#0
[info] send message to 32: wave#0#25#0
[info] send message to 33: wave#0#25#0
[info] message from 33: wave#0#2#0
[info] message from 33: wave#0#30#0
[info] send message to 31: wave#0#30#0
[info] send message to 32: wave#0#30#0
[info] message from 31: wave#0#29#0
[info] message from 33: wave#0#32#0
[info] send message to 31: wave#0#32#0
[info] send message to 32: wave#0#32#0
[info] message from 31: wave#0#35#0
[info] send message to 32: wave#0#35#0
[info] send message to 33: wave#0#35#0
[info] message from 33: wave#1#30#0
[info] send message to 31: wave#1#30#0
[info] send message to 32: wave#1#30#0
[info] message from 32: wave#0#25#0
[info] message from 32: wave#0#30#0
[info] message from 32: wave#0#32#0
[info] message from 32: wave#0#35#0
[info] message from 32: wave#1#30#0
[info] message from 31: wave#1#30#9
[info] after round 1 : parent is ['33'] and leader id is 30
[info] send message to 33: wave#1#30#10
[info] message from 33: exit
[info] send message to 31: exit
