[info] Hello from node1
[info] I'm connected to nodes ['1', '2', '35']
[info] I have edges [('1', '1'), ('1', '2'), ('1', '35')]
[info] -- round 0 started!
[info] -- new id 26 selected!
[info] send message to 1: wave#0#26#0
[info] send message to 2: wave#0#26#0
[info] send message to 35: wave#0#26#0
[info] message from 1: wave#0#26#0
[info] message from 2: wave#0#9#0
[info] message from 2: wave#0#32#0
[info] send message to 1: wave#0#32#0
[info] send message to 35: wave#0#32#0
[info] message from 1: wave#0#32#0
[info] message from 35: wave#0#27#0
[info] message from 2: wave#1#30#0
[info] send message to 1: wave#1#30#0
[info] send message to 35: wave#1#30#0
[info] message from 1: wave#1#30#0
[info] message from 35: wave#1#30#13
[info] after round 1 : parent is ['2'] and leader id is 30
[info] send message to 2: wave#1#30#14
[info] message from 2: exit
[info] send message to 35: exit
