[info] Hello from node12
[info] I'm connected to nodes ['11', '12', '13']
[info] I have edges [('12', '11'), ('12', '12'), ('12', '13')]
[info] -- round 0 started!
[info] -- new id 1 selected!
[info] send message to 11: wave#0#1#0
[info] send message to 12: wave#0#1#0
[info] send message to 13: wave#0#1#0
[info] message from 13: wave#0#1#0
[info] message from 12: wave#0#1#0
[info] message from 13: wave#0#32#0
[info] send message to 11: wave#0#32#0
[info] send message to 12: wave#0#32#0
[info] message from 11: wave#0#32#0
[info] message from 12: wave#0#32#0
[info] after round 0 : parent is ['13'] and leader id is 32
[info] send message to 13: wave#0#32#1
[info] message from 11: wave#1#26#0
[info] send message to 12: wave#1#26#0
[info] send message to 13: wave#1#26#0
[info] message from 12: wave#1#26#0
[info] message from 11: wave#1#30#0
[info] send message to 12: wave#1#30#0
[info] send message to 13: wave#1#30#0
[info] message from 12: wave#1#30#0
[info] message from 13: wave#1#30#10
[info] after round 1 : parent is ['11'] and leader id is 30
[info] send message to 11: wave#1#30#11
[info] message from 11: exit
[info] send message to 13: exit
