[info] Hello from node21
[info] I'm connected to nodes ['20', '21', '22']
[info] I have edges [('21', '20'), ('21', '21'), ('21', '22')]
[info] -- round 0 started!
[info] -- new id 14 selected!
[info] send message to 20: wave#0#14#0
[info] send message to 21: wave#0#14#0
[info] send message to 22: wave#0#14#0
[info] message from 20: wave#0#2#0
[info] message from 21: wave#0#14#0
[info] message from 20: wave#0#19#0
[info] send message to 21: wave#0#19#0
[info] send message to 22: wave#0#19#0
[info] message from 21: wave#0#19#0
[info] message from 22: wave#0#9#0
[info] message from 20: wave#0#20#0
[info] send message to 21: wave#0#20#0
[info] send message to 22: wave#0#20#0
[info] message from 21: wave#0#20#0
[info] message from 20: wave#0#28#0
[info] send message to 21: wave#0#28#0
[info] send message to 22: wave#0#28#0
[info] message from 21: wave#0#28#0
[info] message from 22: wave#0#26#0
[info] message from 20: wave#0#32#0
[info] send message to 21: wave#0#32#0
[info] send message to 22: wave#0#32#0
[info] message from 21: wave#0#32#0
[info] message from 20: wave#1#26#0
[info] send message to 21: wave#1#26#0
[info] send message to 22: wave#1#26#0
[info] message from 21: wave#1#26#0
[info] message from 22: wave#0#35#0
[info] message from 20: wave#1#30#0
[info] send message to 21: wave#1#30#0
[info] send message to 22: wave#1#30#0
[info] message from 21: wave#1#30#0
[info] message from 22: wave#1#30#1
[info] after round 1 : parent is ['20'] and leader id is 30
[info] send message to 20: wave#1#30#2
[info] message from 20: exit
[info] send message to 22: exit
