[info] Hello from node7
[info] I'm connected to nodes ['6', '7', '8']
[info] I have edges [('7', '6'), ('7', '7'), ('7', '8')]
[info] -- round 0 started!
[info] -- new id 24 selected!
[info] send message to 6: wave#0#24#0
[info] send message to 7: wave#0#24#0
[info] send message to 8: wave#0#24#0
[info] message from 7: wave#0#24#0
[info] message from 6: wave#0#32#0
[info] send message to 7: wave#0#32#0
[info] send message to 8: wave#0#32#0
[info] message from 7: wave#0#32#0
[info] message from 8: wave#0#4#0
[info] message from 8: wave#0#27#0
[info] message from 8: wave#0#32#1
[info] after round 0 : parent is ['6'] and leader id is 32
[info] send message to 6: wave#0#32#2
[info] message from 8: wave#0#32#1
[info] after round 0 : parent is ['6'] and leader id is 32
[info] send message to 6: wave#0#32#3
[info] message from 8: wave#1#26#0
[info] send message to 6: wave#1#26#0
[info] send message to 7: wave#1#26#0
[info] message from 6: wave#1#30#0
[info] send message to 7: wave#1#30#0
[info] send message to 8: wave#1#30#0
[info] message from 7: wave#1#26#0
[info] message from 7: wave#1#30#0
[info] message from 8: wave#1#30#15
[info] after round 1 : parent is ['6'] and leader id is 30
[info] send message to 6: wave#1#30#16
[info] message from 6: exit
[info] send message to 8: exit
