[info] Hello from node13
[info] I'm connected to nodes ['12', '13', '14']
[info] I have edges [('13', '12'), ('13', '13'), ('13', '14')]
[info] -- round 0 started!
[info] -- new id 10 selected!
[info] send message to 12: wave#0#10#0
[info] send message to 13: wave#0#10#0
[info] send message to 14: wave#0#10#0
[info] message from 14: wave#0#11#0
[info] send message to 12: wave#0#11#0
[info] send message to 13: wave#0#11#0
[info] message from 12: wave#0#13#0
[info] send message to 13: wave#0#13#0
[info] send message to 14: wave#0#13#0
[info] message from 12: wave#0#14#0
[info] send message to 13: wave#0#14#0
[info] send message to 14: wave#0#14#0
[info] message from 13: wave#0#10#0
[info] message from 13: wave#0#11#0
[info] message from 13: wave#0#13#0
[info] message from 13: wave#0#14#0
[info] message from 14: wave#0#14#2
[info] after round 0 : parent is ['12'] and leader id is 14
[info] send message to 12: wave#0#14#3
[info] message from 12: wave#1#12#0
[info] send message to 13: wave#1#12#0
[info] send message to 14: wave#1#12#0
[info] message from 13: wave#1#12#0
[info] message from 14: wave#1#12#2
[info] after round 1 : parent is ['12'] and leader id is 12
[info] send message to 12: wave#1#12#3
[info] message from 12: exit
[info] send message to 14: exit
