[info] Hello from node15
[info] I'm connected to nodes ['14', '15']
[info] I have edges [('15', '14'), ('15', '15')]
[info] -- round 0 started!
[info] -- new id 9 selected!
[info] send message to 14: wave#0#9#0
[info] send message to 15: wave#0#9#0
[info] message from 15: wave#0#9#0
[info] message from 14: wave#0#11#0
[info] send message to 15: wave#0#11#0
[info] message from 15: wave#0#11#0
[info] after round 0 : parent is ['14'] and leader id is 11
[info] send message to 14: wave#0#11#1
[info] message from 14: wave#0#13#0
[info] send message to 15: wave#0#13#0
[info] message from 15: wave#0#13#0
[info] after round 0 : parent is ['14'] and leader id is 13
[info] send message to 14: wave#0#13#1
[info] message from 14: wave#0#14#0
[info] send message to 15: wave#0#14#0
[info] message from 15: wave#0#14#0
[info] after round 0 : parent is ['14'] and leader id is 14
[info] send message to 14: wave#0#14#1
[info] message from 14: wave#1#12#0
[info] send message to 15: wave#1#12#0
[info] message from 15: wave#1#12#0
[info] after round 1 : parent is ['14'] and leader id is 12
[info] send message to 14: wave#1#12#1
[info] message from 14: exit
