[info] Hello from node1
[info] I'm connected to nodes ['1', '2', '3', '4', '5', '6', '7', '8', '9', '10']
[info] I have edges [('1', '1'), ('1', '2'), ('1', '3'), ('1', '4'), ('1', '5'), ('1', '6'), ('1', '7'), ('1', '8'), ('1', '9'), ('1', '10')]
[info] first phase started!
[info] successfully filtered!
[info] second phase started!
[info] send message to 1: CRQ#1#3#0
[info] send message to 2: CRQ#1#3#0
[info] send message to 3: CRQ#1#3#0
[info] send message to 4: CRQ#1#3#0
[info] send message to 5: CRQ#1#3#0
[info] send message to 6: CRQ#1#3#0
[info] send message to 7: CRQ#1#3#0
[info] send message to 8: CRQ#1#3#0
[info] send message to 9: CRQ#1#3#0
[info] send message to 10: CRQ#1#3#0
[info] message from 1: CRQ#1#3#0
[info] I vote myself
[info] send message to 1: vote#1
[info] message from 2: vote#1
[info] message from 3: vote#1
[info] message from 4: vote#1
[info] message from 5: vote#1
[info] message from 6: vote#1
[info] message from 8: CRQ#8#3#0
[info] I have voted before!
[info] send message to 8: vote#0
[info] message from 7: vote#1
[info] message from 9: vote#1
[info] message from 10: vote#1
[info] message from 1: vote#1
[info] message from 8: vote#0
[info] send message to 8: CHANGE#9
[info] message from 8: ACK
[info] send message to 1: CAM#1
[info] send message to 2: CAM#1
[info] send message to 3: CAM#1
[info] send message to 4: CAM#1
[info] send message to 5: CAM#1
[info] send message to 6: CAM#1
[info] send message to 7: CAM#1
[info] send message to 8: CAM#1
[info] send message to 9: CAM#1
[info] send message to 10: CAM#1
[info] message from 1: CAM#1
[info] third phase started!
