[info] Hello from node8
[info] I'm connected to nodes ['1', '2', '3', '4', '5', '6', '7', '8', '9', '10']
[info] I have edges [('8', '1'), ('8', '2'), ('8', '3'), ('8', '4'), ('8', '5'), ('8', '6'), ('8', '7'), ('8', '8'), ('8', '9'), ('8', '10')]
[info] first phase started!
[info] successfully filtered!
[info] second phase started!
[info] send message to 1: CRQ#8#3#0
[info] send message to 2: CRQ#8#3#0
[info] send message to 3: CRQ#8#3#0
[info] send message to 4: CRQ#8#3#0
[info] send message to 5: CRQ#8#3#0
[info] send message to 6: CRQ#8#3#0
[info] send message to 7: CRQ#8#3#0
[info] send message to 8: CRQ#8#3#0
[info] send message to 9: CRQ#8#3#0
[info] send message to 10: CRQ#8#3#0
[info] message from 1: CRQ#1#3#0
[info] send message to 1: vote#0
[info] message from 2: vote#0
[info] message from 3: vote#0
[info] message from 4: vote#0
[info] message from 5: vote#0
[info] message from 1: vote#0
[info] message from 6: vote#0
[info] message from 8: CRQ#8#3#0
[info] I vote myself
[info] send message to 8: vote#1
[info] message from 7: vote#0
[info] message from 9: vote#0
[info] message from 10: vote#0
[info] message from 1: CHANGE#9
[info] send message to 1: ACK
[info] message from 8: vote#1
[info] send message to 1: CHANGE#1
[info] message from 1: CAM#1
[info] third phase started!
