[info] Hello from node10
[info] I'm connected to nodes ['9', '10', '11']
[info] I have edges [('10', '9'), ('10', '10'), ('10', '11')]
[info] -- round 0 started!
[info] -- new id 4 selected!
[info] send message to 9: wave#0#4#0
[info] send message to 10: wave#0#4#0
[info] send message to 11: wave#0#4#0
[info] message from 9: wave#0#1#0
[info] message from 9: wave#0#22#0
[info] send message to 10: wave#0#22#0
[info] send message to 11: wave#0#22#0
[info] message from 10: wave#0#4#0
[info] message from 9: wave#0#25#0
[info] send message to 10: wave#0#25#0
[info] send message to 11: wave#0#25#0
[info] message from 10: wave#0#22#0
[info] message from 11: wave#0#20#0
[info] message from 10: wave#0#25#0
[info] message from 11: wave#0#25#15
[info] after round 0 : parent is ['9'] and leader id is 25
[info] send message to 9: wave#0#25#16
[info] message from 9: exit
[info] send message to 11: exit
