[info] Hello from node19
[info] I'm connected to nodes ['18', '19', '20']
[info] I have edges [('19', '18'), ('19', '19'), ('19', '20')]
[info] -- round 0 started!
[info] -- new id 12 selected!
[info] send message to 18: wave#0#12#0
[info] send message to 19: wave#0#12#0
[info] send message to 20: wave#0#12#0
[info] message from 18: wave#0#15#0
[info] send message to 19: wave#0#15#0
[info] send message to 20: wave#0#15#0
[info] message from 19: wave#0#12#0
[info] message from 20: wave#0#11#0
[info] message from 19: wave#0#15#0
[info] message from 20: wave#0#17#0
[info] send message to 18: wave#0#17#0
[info] send message to 19: wave#0#17#0
[info] message from 19: wave#0#17#0
[info] message from 20: wave#0#23#0
[info] send message to 18: wave#0#23#0
[info] send message to 19: wave#0#23#0
[info] message from 19: wave#0#23#0
[info] message from 18: wave#0#18#0
[info] message from 18: wave#0#25#0
[info] send message to 19: wave#0#25#0
[info] send message to 20: wave#0#25#0
[info] message from 19: wave#0#25#0
[info] message from 20: wave#0#25#6
[info] after round 0 : parent is ['18'] and leader id is 25
[info] send message to 18: wave#0#25#7
[info] message from 18: exit
[info] send message to 20: exit
