[info] Hello from node9
[info] I'm connected to nodes ['8', '9', '10']
[info] I have edges [('9', '8'), ('9', '9'), ('9', '10')]
[info] -- round 0 started!
[info] -- new id 1 selected!
[info] send message to 8: wave#0#1#0
[info] send message to 9: wave#0#1#0
[info] send message to 10: wave#0#1#0
[info] message from 9: wave#0#1#0
[info] message from 8: wave#0#22#0
[info] send message to 9: wave#0#22#0
[info] send message to 10: wave#0#22#0
[info] message from 9: wave#0#22#0
[info] message from 8: wave#0#25#0
[info] send message to 9: wave#0#25#0
[info] send message to 10: wave#0#25#0
[info] message from 10: wave#0#4#0
[info] message from 9: wave#0#25#0
[info] message from 10: wave#0#25#16
[info] after round 0 : parent is ['8'] and leader id is 25
[info] send message to 8: wave#0#25#17
[info] message from 8: exit
[info] send message to 10: exit
