[info] Hello from node9
[info] I'm connected to nodes ['8', '9', '10']
[info] I have edges [('9', '8'), ('9', '9'), ('9', '10')]
[info] -- round 0 started!
[info] -- new id 8 selected!
[info] send message to 8: wave#0#8#0
[info] send message to 9: wave#0#8#0
[info] send message to 10: wave#0#8#0
[info] message from 8: wave#0#8#0
[info] message from 10: wave#0#5#0
[info] message from 9: wave#0#8#0
[info] message from 10: wave#0#8#1
[info] after round 0 : parent is [] and leader id is 8
[info] -- round 1 started!
[info] -- new id 10 selected!
[info] send message to 8: wave#1#10#0
[info] send message to 9: wave#1#10#0
[info] send message to 10: wave#1#10#0
[info] message from 9: wave#1#10#0
[info] message from 10: wave#1#10#1
[info] message from 8: wave#1#10#8
[info] after round 1 : parent is [] and leader id is 10
[info] send message to 8: exit
[info] send message to 10: exit
