[info] Hello from node6
[info] I'm connected to nodes ['5', '6', '7']
[info] I have edges [('6', '5'), ('6', '6'), ('6', '7')]
[info] -- round 0 started!
[info] -- new id 15 selected!
[info] send message to 5: wave#0#15#0
[info] send message to 6: wave#0#15#0
[info] send message to 7: wave#0#15#0
[info] message from 6: wave#0#15#0
[info] message from 5: wave#0#3#0
[info] message from 5: wave#0#10#0
[info] message from 7: wave#0#1#0
[info] message from 7: wave#1#4#0
[info] send message to 5: wave#1#4#0
[info] send message to 6: wave#1#4#0
[info] message from 6: wave#1#4#0
[info] message from 5: wave#1#6#0
[info] send message to 6: wave#1#6#0
[info] send message to 7: wave#1#6#0
[info] message from 6: wave#1#6#0
[info] message from 7: wave#1#6#9
[info] after round 1 : parent is ['5'] and leader id is 6
[info] send message to 5: wave#1#6#10
[info] message from 5: exit
[info] send message to 7: exit
