[info] Hello from node14
[info] I'm connected to nodes ['13', '14', '15']
[info] I have edges [('14', '13'), ('14', '14'), ('14', '15')]
[info] -- round 0 started!
[info] -- new id 8 selected!
[info] send message to 13: wave#0#8#0
[info] send message to 14: wave#0#8#0
[info] send message to 15: wave#0#8#0
[info] message from 14: wave#0#8#0
[info] message from 15: wave#0#14#0
[info] send message to 13: wave#0#14#0
[info] send message to 14: wave#0#14#0
[info] message from 14: wave#0#14#0
[info] message from 13: wave#0#9#0
[info] message from 13: wave#1#4#0
[info] send message to 14: wave#1#4#0
[info] send message to 15: wave#1#4#0
[info] message from 14: wave#1#4#0
[info] message from 15: wave#1#4#1
[info] after round 1 : parent is ['13'] and leader id is 4
[info] send message to 13: wave#1#4#2
[info] message from 13: wave#1#6#0
[info] send message to 14: wave#1#6#0
[info] send message to 15: wave#1#6#0
[info] message from 14: wave#1#6#0
[info] message from 15: wave#1#6#1
[info] after round 1 : parent is ['13'] and leader id is 6
[info] send message to 13: wave#1#6#2
[info] message from 13: exit
[info] send message to 15: exit
