[info] Hello from node11
[info] I'm connected to nodes ['10', '11', '12']
[info] I have edges [('11', '10'), ('11', '11'), ('11', '12')]
[info] -- round 0 started!
[info] -- new id 1 selected!
[info] send message to 10: wave#0#1#0
[info] send message to 11: wave#0#1#0
[info] send message to 12: wave#0#1#0
[info] message from 12: wave#0#6#0
[info] send message to 10: wave#0#6#0
[info] send message to 11: wave#0#6#0
[info] message from 11: wave#0#1#0
[info] message from 10: wave#0#3#0
[info] message from 11: wave#0#6#0
[info] message from 12: wave#0#9#0
[info] send message to 10: wave#0#9#0
[info] send message to 11: wave#0#9#0
[info] message from 11: wave#0#9#0
[info] message from 10: wave#1#4#0
[info] send message to 11: wave#1#4#0
[info] send message to 12: wave#1#4#0
[info] message from 12: wave#0#14#0
[info] message from 11: wave#1#4#0
[info] message from 12: wave#1#4#4
[info] after round 1 : parent is ['10'] and leader id is 4
[info] send message to 10: wave#1#4#5
[info] message from 10: wave#1#6#0
[info] send message to 11: wave#1#6#0
[info] send message to 12: wave#1#6#0
[info] message from 11: wave#1#6#0
[info] message from 12: wave#1#6#4
[info] after round 1 : parent is ['10'] and leader id is 6
[info] send message to 10: wave#1#6#5
[info] message from 10: exit
[info] send message to 12: exit
