[info] Hello from node9
[info] I'm connected to nodes ['8', '9', '10']
[info] I have edges [('9', '8'), ('9', '9'), ('9', '10')]
[info] -- round 0 started!
[info] -- new id 3 selected!
[info] send message to 8: wave#0#3#0
[info] send message to 9: wave#0#3#0
[info] send message to 10: wave#0#3#0
[info] message from 9: wave#0#3#0
[info] message from 10: wave#0#3#0
[info] message from 8: wave#0#3#0
[info] after round 0 : parent is [] and leader id is 3
[info] -- round 1 started!
[info] -- new id 4 selected!
[info] send message to 8: wave#1#4#0
[info] send message to 9: wave#1#4#0
[info] send message to 10: wave#1#4#0
[info] message from 10: wave#0#6#0
[info] message from 9: wave#1#4#0
[info] message from 10: wave#0#9#0
[info] message from 8: wave#1#6#0
[info] send message to 9: wave#1#6#0
[info] send message to 10: wave#1#6#0
[info] message from 10: wave#1#4#6
[info] message from 9: wave#1#6#0
[info] message from 10: wave#1#6#6
[info] after round 1 : parent is ['8'] and leader id is 6
[info] send message to 8: wave#1#6#7
[info] message from 8: exit
[info] send message to 10: exit
