[info] Hello from node4
[info] I'm connected to nodes ['3', '4', '5']
[info] I have edges [('4', '3'), ('4', '4'), ('4', '5')]
[info] -- round 0 started!
[info] -- new id 1 selected!
[info] send message to 3: wave#0#1#0
[info] send message to 4: wave#0#1#0
[info] send message to 5: wave#0#1#0
[info] message from 5: wave#0#39#0
[info] send message to 3: wave#0#39#0
[info] send message to 4: wave#0#39#0
[info] message from 3: wave#0#8#0
[info] message from 4: wave#0#1#0
[info] message from 3: wave#0#34#0
[info] message from 4: wave#0#39#0
[info] message from 3: wave#0#39#3
[info] after round 0 : parent is ['5'] and leader id is 39
[info] send message to 5: wave#0#39#4
[info] message from 5: wave#1#17#0
[info] send message to 3: wave#1#17#0
[info] send message to 4: wave#1#17#0
[info] message from 4: wave#1#17#0
[info] message from 3: wave#1#17#3
[info] after round 1 : parent is ['5'] and leader id is 17
[info] send message to 5: wave#1#17#4
[info] message from 5: wave#1#29#0
[info] send message to 3: wave#1#29#0
[info] send message to 4: wave#1#29#0
[info] message from 4: wave#1#29#0
[info] message from 3: wave#1#29#3
[info] after round 1 : parent is ['5'] and leader id is 29
[info] send message to 5: wave#1#29#4
[info] message from 5: exit
[info] send message to 3: exit
