[info] Hello from node40
[info] I'm connected to nodes ['39', '40']
[info] I have edges [('40', '39'), ('40', '40')]
[info] -- round 0 started!
[info] -- new id 19 selected!
[info] send message to 39: wave#0#19#0
[info] send message to 40: wave#0#19#0
[info] message from 40: wave#0#19#0
[info] message from 39: wave#0#16#0
[info] message from 39: wave#0#26#0
[info] send message to 40: wave#0#26#0
[info] message from 40: wave#0#26#0
[info] after round 0 : parent is ['39'] and leader id is 26
[info] send message to 39: wave#0#26#1
[info] message from 39: wave#0#32#0
[info] send message to 40: wave#0#32#0
[info] message from 40: wave#0#32#0
[info] after round 0 : parent is ['39'] and leader id is 32
[info] send message to 39: wave#0#32#1
[info] message from 39: wave#0#37#0
[info] send message to 40: wave#0#37#0
[info] message from 40: wave#0#37#0
[info] after round 0 : parent is ['39'] and leader id is 37
[info] send message to 39: wave#0#37#1
[info] message from 39: wave#1#29#0
[info] send message to 40: wave#1#29#0
[info] message from 40: wave#1#29#0
[info] after round 1 : parent is ['39'] and leader id is 29
[info] send message to 39: wave#1#29#1
[info] message from 39: exit
