[info] Hello from node7
[info] I'm connected to nodes ['6', '7', '8']
[info] I have edges [('7', '6'), ('7', '7'), ('7', '8')]
[info] -- round 0 started!
[info] -- new id 39 selected!
[info] send message to 6: wave#0#39#0
[info] send message to 7: wave#0#39#0
[info] send message to 8: wave#0#39#0
[info] message from 7: wave#0#39#0
[info] message from 6: wave#0#2#0
[info] message from 8: wave#0#33#0
[info] message from 6: wave#0#39#0
[info] message from 6: wave#1#17#0
[info] send message to 7: wave#1#17#0
[info] send message to 8: wave#1#17#0
[info] message from 7: wave#1#17#0
[info] message from 8: wave#1#29#0
[info] send message to 6: wave#1#29#0
[info] send message to 7: wave#1#29#0
[info] message from 7: wave#1#29#0
[info] message from 6: wave#1#29#6
[info] after round 1 : parent is ['8'] and leader id is 29
[info] send message to 8: wave#1#29#7
[info] message from 8: exit
[info] send message to 6: exit
