[info] Hello from node36
[info] I'm connected to nodes ['35', '36', '37']
[info] I have edges [('36', '35'), ('36', '36'), ('36', '37')]
[info] -- round 0 started!
[info] -- new id 21 selected!
[info] send message to 35: wave#0#21#0
[info] send message to 36: wave#0#21#0
[info] send message to 37: wave#0#21#0
[info] message from 35: wave#0#37#0
[info] send message to 36: wave#0#37#0
[info] send message to 37: wave#0#37#0
[info] message from 36: wave#0#21#0
[info] message from 36: wave#0#37#0
[info] message from 37: wave#0#32#0
[info] message from 37: wave#0#37#4
[info] after round 0 : parent is ['35'] and leader id is 37
[info] send message to 35: wave#0#37#5
[info] message from 35: wave#1#29#0
[info] send message to 36: wave#1#29#0
[info] send message to 37: wave#1#29#0
[info] message from 36: wave#1#29#0
[info] message from 37: wave#1#29#4
[info] after round 1 : parent is ['35'] and leader id is 29
[info] send message to 35: wave#1#29#5
[info] message from 35: exit
[info] send message to 37: exit
