[info] Hello from node18
[info] I'm connected to nodes ['17', '18', '19']
[info] I have edges [('18', '17'), ('18', '18'), ('18', '19')]
[info] -- round 0 started!
[info] -- new id 11 selected!
[info] send message to 17: wave#0#11#0
[info] send message to 18: wave#0#11#0
[info] send message to 19: wave#0#11#0
[info] message from 18: wave#0#11#0
[info] message from 17: wave#0#25#0
[info] send message to 18: wave#0#25#0
[info] send message to 19: wave#0#25#0
[info] message from 18: wave#0#25#0
[info] message from 19: wave#0#18#0
[info] message from 19: wave#0#24#0
[info] message from 17: wave#0#27#0
[info] send message to 18: wave#0#27#0
[info] send message to 19: wave#0#27#0
[info] message from 18: wave#0#27#0
[info] message from 17: wave#0#39#0
[info] send message to 18: wave#0#39#0
[info] send message to 19: wave#0#39#0
[info] message from 18: wave#0#39#0
[info] message from 17: wave#1#17#0
[info] send message to 18: wave#1#17#0
[info] send message to 19: wave#1#17#0
[info] message from 18: wave#1#17#0
[info] message from 19: wave#1#29#0
[info] send message to 17: wave#1#29#0
[info] send message to 18: wave#1#29#0
[info] message from 18: wave#1#29#0
[info] message from 17: wave#1#29#17
[info] after round 1 : parent is ['19'] and leader id is 29
[info] send message to 19: wave#1#29#18
[info] message from 19: exit
[info] send message to 17: exit
