[info] Hello from node28
[info] I'm connected to nodes ['27', '28', '29']
[info] I have edges [('28', '27'), ('28', '28'), ('28', '29')]
[info] -- round 0 started!
[info] -- new id 26 selected!
[info] send message to 27: wave#0#26#0
[info] send message to 28: wave#0#26#0
[info] send message to 29: wave#0#26#0
[info] message from 29: wave#0#1#0
[info] message from 28: wave#0#26#0
[info] message from 27: wave#0#31#0
[info] send message to 28: wave#0#31#0
[info] send message to 29: wave#0#31#0
[info] message from 28: wave#0#31#0
[info] message from 29: wave#0#37#0
[info] send message to 27: wave#0#37#0
[info] send message to 28: wave#0#37#0
[info] message from 28: wave#0#37#0
[info] message from 27: wave#0#39#0
[info] send message to 28: wave#0#39#0
[info] send message to 29: wave#0#39#0
[info] message from 28: wave#0#39#0
[info] message from 27: wave#1#17#0
[info] send message to 28: wave#1#17#0
[info] send message to 29: wave#1#17#0
[info] message from 28: wave#1#17#0
[info] message from 29: wave#1#29#0
[info] send message to 27: wave#1#29#0
[info] send message to 28: wave#1#29#0
[info] message from 28: wave#1#29#0
[info] message from 27: wave#1#29#27
[info] after round 1 : parent is ['29'] and leader id is 29
[info] send message to 29: wave#1#29#28
[info] message from 29: exit
[info] send message to 27: exit
