[info] Hello from node29
[info] I'm connected to nodes ['28', '29', '30']
[info] I have edges [('29', '28'), ('29', '29'), ('29', '30')]
[info] -- round 0 started!
[info] -- new id 1 selected!
[info] send message to 28: wave#0#1#0
[info] send message to 29: wave#0#1#0
[info] send message to 30: wave#0#1#0
[info] message from 29: wave#0#1#0
[info] message from 28: wave#0#26#0
[info] send message to 29: wave#0#26#0
[info] send message to 30: wave#0#26#0
[info] message from 29: wave#0#26#0
[info] message from 30: wave#0#18#0
[info] message from 28: wave#0#31#0
[info] send message to 29: wave#0#31#0
[info] send message to 30: wave#0#31#0
[info] message from 29: wave#0#31#0
[info] message from 30: wave#0#37#0
[info] send message to 28: wave#0#37#0
[info] send message to 29: wave#0#37#0
[info] message from 29: wave#0#37#0
[info] message from 28: wave#0#39#0
[info] send message to 29: wave#0#39#0
[info] send message to 30: wave#0#39#0
[info] message from 29: wave#0#39#0
[info] message from 28: wave#1#17#0
[info] send message to 29: wave#1#17#0
[info] send message to 30: wave#1#17#0
[info] message from 30: wave#1#29#0
[info] send message to 28: wave#1#29#0
[info] send message to 29: wave#1#29#0
[info] message from 29: wave#1#17#0
[info] message from 29: wave#1#29#0
[info] message from 28: wave#1#29#28
[info] after round 1 : parent is ['30'] and leader id is 29
[info] send message to 30: wave#1#29#29
[info] message from 30: exit
[info] send message to 28: exit
