[info] Hello from node14
[info] I'm connected to nodes ['13', '14', '15']
[info] I have edges [('14', '13'), ('14', '14'), ('14', '15')]
[info] -- round 0 started!
[info] -- new id 27 selected!
[info] send message to 13: wave#0#27#0
[info] send message to 14: wave#0#27#0
[info] send message to 15: wave#0#27#0
[info] message from 14: wave#0#27#0
[info] message from 13: wave#0#25#0
[info] message from 13: wave#0#39#0
[info] send message to 14: wave#0#39#0
[info] send message to 15: wave#0#39#0
[info] message from 14: wave#0#39#0
[info] message from 15: wave#0#8#0
[info] message from 13: wave#1#17#0
[info] send message to 14: wave#1#17#0
[info] send message to 15: wave#1#17#0
[info] message from 14: wave#1#17#0
[info] message from 15: wave#1#29#0
[info] send message to 13: wave#1#29#0
[info] send message to 14: wave#1#29#0
[info] message from 14: wave#1#29#0
[info] message from 13: wave#1#29#13
[info] after round 1 : parent is ['15'] and leader id is 29
[info] send message to 15: wave#1#29#14
[info] message from 15: exit
[info] send message to 13: exit
