[info] Hello from node21
[info] I'm connected to nodes ['1', '2', '3', '4', '5', '6', '7', '8', '9', '10', '11', '12', '13', '14', '15', '16', '17', '18', '19', '20', '21', '22', '23', '24', '25']
[info] I have edges [('21', '1'), ('21', '2'), ('21', '3'), ('21', '4'), ('21', '5'), ('21', '6'), ('21', '7'), ('21', '8'), ('21', '9'), ('21', '10'), ('21', '11'), ('21', '12'), ('21', '13'), ('21', '14'), ('21', '15'), ('21', '16'), ('21', '17'), ('21', '18'), ('21', '19'), ('21', '20'), ('21', '21'), ('21', '22'), ('21', '23'), ('21', '24'), ('21', '25')]
[info] -- round 0 started!
[info] -- new id 8 selected!
[info] send message to 1: wave#0#8#0
[info] send message to 2: wave#0#8#0
[info] send message to 3: wave#0#8#0
[info] send message to 4: wave#0#8#0
[info] send message to 5: wave#0#8#0
[info] send message to 6: wave#0#8#0
[info] send message to 7: wave#0#8#0
[info] send message to 8: wave#0#8#0
[info] send message to 9: wave#0#8#0
[info] send message to 10: wave#0#8#0
[info] send message to 11: wave#0#8#0
[info] send message to 12: wave#0#8#0
[info] send message to 13: wave#0#8#0
[info] send message to 14: wave#0#8#0
[info] send message to 15: wave#0#8#0
[info] send message to 16: wave#0#8#0
[info] send message to 17: wave#0#8#0
[info] send message to 18: wave#0#8#0
[info] send message to 19: wave#0#8#0
[info] send message to 20: wave#0#8#0
[info] send message to 21: wave#0#8#0
[info] send message to 22: wave#0#8#0
[info] send message to 23: wave#0#8#0
[info] send message to 24: wave#0#8#0
[info] send message to 25: wave#0#8#0
[info] message from 7: wave#0#13#0
[info] send message to 1: wave#0#13#0
[info] send message to 2: wave#0#13#0
[info] send message to 3: wave#0#13#0
[info] send message to 4: wave#0#13#0
[info] send message to 5: wave#0#13#0
[info] send message to 6: wave#0#13#0
[info] send message to 8: wave#0#13#0
[info] send message to 9: wave#0#13#0
[info] send message to 10: wave#0#13#0
[info] send message to 11: wave#0#13#0
[info] send message to 12: wave#0#13#0
[info] send message to 13: wave#0#13#0
[info] send message to 14: wave#0#13#0
[info] send message to 15: wave#0#13#0
[info] send message to 16: wave#0#13#0
[info] send message to 17: wave#0#13#0
[info] send message to 18: wave#0#13#0
[info] send message to 19: wave#0#13#0
[info] send message to 20: wave#0#13#0
[info] send message to 21: wave#0#13#0
[info] send message to 22: wave#0#13#0
[info] send message to 23: wave#0#13#0
[info] send message to 24: wave#0#13#0
[info] send message to 25: wave#0#13#0
[info] message from 2: wave#0#4#0
[info] message from 12: wave#0#23#0
[info] send message to 1: wave#0#23#0
[info] send message to 2: wave#0#23#0
[info] send message to 3: wave#0#23#0
[info] send message to 4: wave#0#23#0
[info] send message to 5: wave#0#23#0
[info] send message to 6: wave#0#23#0
[info] send message to 7: wave#0#23#0
[info] send message to 8: wave#0#23#0
[info] send message to 9: wave#0#23#0
[info] send message to 10: wave#0#23#0
[info] send message to 11: wave#0#23#0
[info] send message to 13: wave#0#23#0
[info] send message to 14: wave#0#23#0
[info] send message to 15: wave#0#23#0
[info] send message to 16: wave#0#23#0
[info] send message to 17: wave#0#23#0
[info] send message to 18: wave#0#23#0
[info] send message to 19: wave#0#23#0
[info] send message to 20: wave#0#23#0
[info] send message to 21: wave#0#23#0
[info] send message to 22: wave#0#23#0
[info] send message to 23: wave#0#23#0
[info] send message to 24: wave#0#23#0
[info] send message to 25: wave#0#23#0
[info] message from 11: wave#0#20#0
[info] message from 1: wave#0#16#0
[info] message from 6: wave#0#25#0
[info] send message to 1: wave#0#25#0
[info] send message to 2: wave#0#25#0
[info] send message to 3: wave#0#25#0
[info] send message to 4: wave#0#25#0
[info] send message to 5: wave#0#25#0
[info] send message to 7: wave#0#25#0
[info] send message to 8: wave#0#25#0
[info] send message to 9: wave#0#25#0
[info] send message to 10: wave#0#25#0
[info] send message to 11: wave#0#25#0
[info] send message to 12: wave#0#25#0
[info] send message to 13: wave#0#25#0
[info] send message to 14: wave#0#25#0
[info] send message to 15: wave#0#25#0
[info] send message to 16: wave#0#25#0
[info] send message to 17: wave#0#25#0
[info] send message to 18: wave#0#25#0
[info] send message to 19: wave#0#25#0
[info] send message to 20: wave#0#25#0
[info] send message to 21: wave#0#25#0
[info] send message to 22: wave#0#25#0
[info] send message to 23: wave#0#25#0
[info] send message to 24: wave#0#25#0
[info] send message to 25: wave#0#25#0
[info] message from 9: wave#0#8#0
[info] message from 4: wave#0#14#0
[info] message from 5: wave#0#20#0
[info] message from 21: wave#0#8#0
[info] message from 3: wave#0#17#0
[info] message from 14: wave#0#22#0
[info] message from 8: wave#0#15#0
[info] message from 15: wave#0#12#0
[info] message from 16: wave#0#2#0
[info] message from 23: wave#0#22#0
[info] message from 17: wave#0#18#0
[info] message from 20: wave#0#10#0
[info] message from 13: wave#0#11#0
[info] message from 18: wave#0#10#0
[info] message from 10: wave#0#1#0
[info] message from 24: wave#0#15#0
[info] message from 25: wave#0#18#0
[info] message from 22: wave#0#3#0
[info] message from 7: wave#0#23#0
[info] message from 19: wave#0#3#0
[info] message from 12: wave#0#25#0
[info] message from 2: wave#0#13#0
[info] message from 9: wave#0#13#0
[info] message from 1: wave#0#23#0
[info] message from 11: wave#0#23#0
[info] message from 3: wave#0#23#0
[info] message from 5: wave#0#23#0
[info] message from 21: wave#0#13#0
[info] message from 8: wave#0#23#0
[info] message from 4: wave#0#23#0
[info] message from 23: wave#0#23#0
[info] message from 15: wave#0#13#0
[info] message from 17: wave#0#23#0
[info] message from 14: wave#0#23#0
[info] message from 16: wave#0#13#0
[info] message from 18: wave#0#13#0
[info] message from 13: wave#0#13#0
[info] message from 20: wave#0#13#0
[info] message from 10: wave#0#13#0
[info] message from 24: wave#0#23#0
[info] message from 19: wave#0#13#0
[info] message from 7: wave#0#25#0
[info] message from 25: wave#0#23#0
[info] message from 22: wave#0#13#0
[info] message from 2: wave#0#23#0
[info] message from 9: wave#0#23#0
[info] message from 11: wave#0#25#0
[info] message from 21: wave#0#23#0
[info] message from 3: wave#0#25#0
[info] message from 4: wave#0#25#0
[info] message from 1: wave#0#25#0
[info] message from 17: wave#0#25#0
[info] message from 14: wave#0#25#0
[info] message from 8: wave#0#25#0
[info] message from 5: wave#0#25#0
[info] message from 23: wave#0#25#0
[info] message from 15: wave#0#23#0
[info] message from 16: wave#0#23#0
[info] message from 18: wave#0#23#0
[info] message from 10: wave#0#23#0
[info] message from 20: wave#0#23#0
[info] message from 13: wave#0#23#0
[info] message from 25: wave#0#25#0
[info] message from 22: wave#0#23#0
[info] message from 19: wave#0#23#0
[info] message from 24: wave#0#25#0
[info] message from 2: wave#0#25#0
[info] message from 9: wave#0#25#0
[info] message from 21: wave#0#25#0
[info] message from 16: wave#0#25#0
[info] message from 15: wave#0#25#0
[info] message from 10: wave#0#25#0
[info] message from 18: wave#0#25#0
[info] message from 13: wave#0#25#0
[info] message from 20: wave#0#25#0
[info] message from 22: wave#0#25#0
[info] message from 19: wave#0#25#0
[info] after round 0 : parent is ['6'] and leader id is 25
[info] send message to 6: wave#0#25#1
[info] message from 3: exit
[info] send message to 1: exit
[info] send message to 2: exit
[info] send message to 4: exit
[info] send message to 5: exit
[info] send message to 6: exit
[info] send message to 7: exit
[info] send message to 8: exit
[info] send message to 9: exit
[info] send message to 10: exit
[info] send message to 11: exit
[info] send message to 12: exit
[info] send message to 13: exit
[info] send message to 14: exit
[info] send message to 15: exit
[info] send message to 16: exit
[info] send message to 17: exit
[info] send message to 18: exit
[info] send message to 19: exit
[info] send message to 20: exit
[info] send message to 22: exit
[info] send message to 23: exit
[info] send message to 24: exit
[info] send message to 25: exit
