[info] Hello from node9
[info] I'm connected to nodes ['3', '8', '9']
[info] I have edges [('9', '3'), ('9', '8'), ('9', '9')]
[info] -- round 0 started!
[info] -- new id 2 selected!
[info] send message to 3: wave#0#2#0
[info] send message to 8: wave#0#2#0
[info] send message to 9: wave#0#2#0
[info] message from 3: wave#0#5#0
[info] send message to 8: wave#0#5#0
[info] send message to 9: wave#0#5#0
[info] message from 8: wave#0#8#0
[info] send message to 3: wave#0#8#0
[info] send message to 9: wave#0#8#0
[info] message from 3: wave#0#6#0
[info] message from 9: wave#0#2#0
[info] message from 3: wave#0#8#0
[info] after round 0 : parent is ['8'] and leader id is 8
[info] send message to 8: wave#0#8#1
[info] message from 9: wave#0#5#0
[info] after round 0 : parent is ['8'] and leader id is 8
[info] send message to 8: wave#0#8#1
[info] message from 9: wave#0#8#0
[info] after round 0 : parent is ['8'] and leader id is 8
[info] send message to 8: wave#0#8#1
[info] message from 8: wave#1#1#0
[info] send message to 3: wave#1#1#0
[info] send message to 9: wave#1#1#0
[info] message from 9: wave#1#1#0
[info] message from 3: wave#1#1#1
[info] after round 1 : parent is ['8'] and leader id is 1
[info] send message to 8: wave#1#1#2
[info] message from 8: wave#2#1#0
[info] send message to 3: wave#2#1#0
[info] send message to 9: wave#2#1#0
[info] message from 9: wave#2#1#0
[info] message from 3: wave#3#9#0
[info] send message to 8: wave#3#9#0
[info] send message to 9: wave#3#9#0
[info] message from 9: wave#3#9#0
[info] message from 8: wave#3#9#1
[info] after round 3 : parent is ['3'] and leader id is 9
[info] send message to 3: wave#3#9#2
[info] message from 3: exit
[info] send message to 8: exit
