[info] Hello from node5
[info] I'm connected to nodes ['1', '2', '3', '4', '5', '6', '7', '8', '9', '10', '11', '12', '13', '14', '15', '16', '17', '18', '19', '20', '21', '22', '23', '24', '25', '26', '27', '28', '29', '30']
[info] I have edges [('5', '1'), ('5', '2'), ('5', '3'), ('5', '4'), ('5', '5'), ('5', '6'), ('5', '7'), ('5', '8'), ('5', '9'), ('5', '10'), ('5', '11'), ('5', '12'), ('5', '13'), ('5', '14'), ('5', '15'), ('5', '16'), ('5', '17'), ('5', '18'), ('5', '19'), ('5', '20'), ('5', '21'), ('5', '22'), ('5', '23'), ('5', '24'), ('5', '25'), ('5', '26'), ('5', '27'), ('5', '28'), ('5', '29'), ('5', '30')]
[info] -- round 0 started!
[info] -- new id 23 selected!
[info] send message to 1: wave#0#23#0
[info] send message to 2: wave#0#23#0
[info] send message to 3: wave#0#23#0
[info] send message to 4: wave#0#23#0
[info] send message to 5: wave#0#23#0
[info] send message to 6: wave#0#23#0
[info] send message to 7: wave#0#23#0
[info] send message to 8: wave#0#23#0
[info] send message to 9: wave#0#23#0
[info] send message to 10: wave#0#23#0
[info] send message to 11: wave#0#23#0
[info] send message to 12: wave#0#23#0
[info] send message to 13: wave#0#23#0
[info] send message to 14: wave#0#23#0
[info] send message to 15: wave#0#23#0
[info] send message to 16: wave#0#23#0
[info] send message to 17: wave#0#23#0
[info] send message to 18: wave#0#23#0
[info] send message to 19: wave#0#23#0
[info] send message to 20: wave#0#23#0
[info] send message to 21: wave#0#23#0
[info] send message to 22: wave#0#23#0
[info] send message to 23: wave#0#23#0
[info] send message to 24: wave#0#23#0
[info] send message to 25: wave#0#23#0
[info] send message to 26: wave#0#23#0
[info] send message to 27: wave#0#23#0
[info] send message to 28: wave#0#23#0
[info] send message to 29: wave#0#23#0
[info] send message to 30: wave#0#23#0
[info] message from 1: wave#0#17#0
[info] message from 5: wave#0#23#0
[info] message from 23: wave#0#23#0
[info] message from 3: wave#0#15#0
[info] message from 4: wave#0#13#0
[info] message from 2: wave#0#29#0
[info] send message to 1: wave#0#29#0
[info] send message to 3: wave#0#29#0
[info] send message to 4: wave#0#29#0
[info] send message to 5: wave#0#29#0
[info] send message to 6: wave#0#29#0
[info] send message to 7: wave#0#29#0
[info] send message to 8: wave#0#29#0
[info] send message to 9: wave#0#29#0
[info] send message to 10: wave#0#29#0
[info] send message to 11: wave#0#29#0
[info] send message to 12: wave#0#29#0
[info] send message to 13: wave#0#29#0
[info] send message to 14: wave#0#29#0
[info] send message to 15: wave#0#29#0
[info] send message to 16: wave#0#29#0
[info] send message to 17: wave#0#29#0
[info] send message to 18: wave#0#29#0
[info] send message to 19: wave#0#29#0
[info] send message to 20: wave#0#29#0
[info] send message to 21: wave#0#29#0
[info] send message to 22: wave#0#29#0
[info] send message to 23: wave#0#29#0
[info] send message to 24: wave#0#29#0
[info] send message to 25: wave#0#29#0
[info] send message to 26: wave#0#29#0
[info] send message to 27: wave#0#29#0
[info] send message to 28: wave#0#29#0
[info] send message to 29: wave#0#29#0
[info] send message to 30: wave#0#29#0
[info] message from 8: wave#0#8#0
[info] message from 7: wave#0#26#0
[info] message from 27: wave#0#3#0
[info] message from 6: wave#0#1#0
[info] message from 26: wave#0#8#0
[info] message from 5: wave#0#29#0
[info] message from 10: wave#0#18#0
[info] message from 9: wave#0#13#0
[info] message from 11: wave#0#1#0
[info] message from 17: wave#0#17#0
[info] message from 12: wave#0#11#0
[info] message from 13: wave#0#25#0
[info] message from 14: wave#0#20#0
[info] message from 23: wave#0#29#0
[info] message from 16: wave#0#30#0
[info] send message to 1: wave#0#30#0
[info] send message to 2: wave#0#30#0
[info] send message to 3: wave#0#30#0
[info] send message to 4: wave#0#30#0
[info] send message to 5: wave#0#30#0
[info] send message to 6: wave#0#30#0
[info] send message to 7: wave#0#30#0
[info] send message to 8: wave#0#30#0
[info] send message to 9: wave#0#30#0
[info] send message to 10: wave#0#30#0
[info] send message to 11: wave#0#30#0
[info] send message to 12: wave#0#30#0
[info] send message to 13: wave#0#30#0
[info] send message to 14: wave#0#30#0
[info] send message to 15: wave#0#30#0
[info] send message to 17: wave#0#30#0
[info] send message to 18: wave#0#30#0
[info] send message to 19: wave#0#30#0
[info] send message to 20: wave#0#30#0
[info] send message to 21: wave#0#30#0
[info] send message to 22: wave#0#30#0
[info] send message to 23: wave#0#30#0
[info] send message to 24: wave#0#30#0
[info] send message to 25: wave#0#30#0
[info] send message to 26: wave#0#30#0
[info] send message to 27: wave#0#30#0
[info] send message to 28: wave#0#30#0
[info] send message to 29: wave#0#30#0
[info] send message to 30: wave#0#30#0
[info] message from 21: wave#0#17#0
[info] message from 19: wave#0#1#0
[info] message from 20: wave#0#5#0
[info] message from 25: wave#0#2#0
[info] message from 30: wave#0#21#0
[info] message from 24: wave#0#8#0
[info] message from 28: wave#0#8#0
[info] message from 18: wave#0#14#0
[info] message from 15: wave#0#30#0
[info] message from 4: wave#0#17#0
[info] message from 2: wave#0#30#0
[info] message from 22: wave#0#22#0
[info] message from 3: wave#0#17#0
[info] message from 7: wave#0#29#0
[info] message from 8: wave#0#17#0
[info] message from 29: wave#0#27#0
[info] message from 5: wave#0#30#0
[info] message from 6: wave#0#17#0
[info] message from 11: wave#0#17#0
[info] message from 12: wave#0#17#0
[info] message from 9: wave#0#17#0
[info] message from 13: wave#0#29#0
[info] message from 1: wave#0#29#0
[info] message from 23: wave#0#30#0
[info] message from 18: wave#0#17#0
[info] message from 19: wave#0#17#0
[info] message from 7: wave#0#30#0
[info] message from 29: wave#0#29#0
[info] message from 27: wave#0#29#0
[info] message from 26: wave#0#29#0
[info] message from 10: wave#0#29#0
[info] message from 17: wave#0#29#0
[info] message from 1: wave#0#30#0
[info] message from 14: wave#0#29#0
[info] message from 13: wave#0#30#0
[info] message from 21: wave#0#29#0
[info] message from 28: wave#0#29#0
[info] message from 24: wave#0#29#0
[info] message from 4: wave#0#29#0
[info] message from 20: wave#0#29#0
[info] message from 8: wave#0#29#0
[info] message from 25: wave#0#29#0
[info] message from 22: wave#0#29#0
[info] message from 3: wave#0#29#0
[info] message from 30: wave#0#29#0
[info] message from 29: wave#0#30#0
[info] message from 27: wave#0#30#0
[info] message from 26: wave#0#30#0
[info] message from 11: wave#0#29#0
[info] message from 6: wave#0#29#0
[info] message from 10: wave#0#30#0
[info] message from 17: wave#0#30#0
[info] message from 12: wave#0#29#0
[info] message from 9: wave#0#29#0
[info] message from 14: wave#0#30#0
[info] message from 19: wave#0#29#0
[info] message from 20: wave#0#30#0
[info] message from 21: wave#0#30#0
[info] message from 25: wave#0#30#0
[info] message from 28: wave#0#30#0
[info] message from 4: wave#0#30#0
[info] message from 18: wave#0#29#0
[info] message from 22: wave#0#30#0
[info] message from 24: wave#0#30#0
[info] message from 8: wave#0#30#0
[info] message from 3: wave#0#30#0
[info] message from 30: wave#0#30#0
[info] message from 11: wave#0#30#0
[info] message from 12: wave#0#30#0
[info] message from 6: wave#0#30#0
[info] message from 9: wave#0#30#0
[info] message from 19: wave#0#30#0
[info] message from 18: wave#0#30#0
[info] after round 0 : parent is ['16'] and leader id is 30
[info] send message to 16: wave#0#30#1
[info] message from 16: wave#1#24#0
[info] send message to 1: wave#1#24#0
[info] send message to 2: wave#1#24#0
[info] send message to 3: wave#1#24#0
[info] send message to 4: wave#1#24#0
[info] send message to 5: wave#1#24#0
[info] send message to 6: wave#1#24#0
[info] send message to 7: wave#1#24#0
[info] send message to 8: wave#1#24#0
[info] send message to 9: wave#1#24#0
[info] send message to 10: wave#1#24#0
[info] send message to 11: wave#1#24#0
[info] send message to 12: wave#1#24#0
[info] send message to 13: wave#1#24#0
[info] send message to 14: wave#1#24#0
[info] send message to 15: wave#1#24#0
[info] send message to 17: wave#1#24#0
[info] send message to 18: wave#1#24#0
[info] send message to 19: wave#1#24#0
[info] send message to 20: wave#1#24#0
[info] send message to 21: wave#1#24#0
[info] send message to 22: wave#1#24#0
[info] send message to 23: wave#1#24#0
[info] send message to 24: wave#1#24#0
[info] send message to 25: wave#1#24#0
[info] send message to 26: wave#1#24#0
[info] send message to 27: wave#1#24#0
[info] send message to 28: wave#1#24#0
[info] send message to 29: wave#1#24#0
[info] send message to 30: wave#1#24#0
[info] message from 1: wave#1#24#0
[info] message from 15: wave#1#28#0
[info] send message to 1: wave#1#28#0
[info] send message to 2: wave#1#28#0
[info] send message to 3: wave#1#28#0
[info] send message to 4: wave#1#28#0
[info] send message to 5: wave#1#28#0
[info] send message to 6: wave#1#28#0
[info] send message to 7: wave#1#28#0
[info] send message to 8: wave#1#28#0
[info] send message to 9: wave#1#28#0
[info] send message to 10: wave#1#28#0
[info] send message to 11: wave#1#28#0
[info] send message to 12: wave#1#28#0
[info] send message to 13: wave#1#28#0
[info] send message to 14: wave#1#28#0
[info] send message to 16: wave#1#28#0
[info] send message to 17: wave#1#28#0
[info] send message to 18: wave#1#28#0
[info] send message to 19: wave#1#28#0
[info] send message to 20: wave#1#28#0
[info] send message to 21: wave#1#28#0
[info] send message to 22: wave#1#28#0
[info] send message to 23: wave#1#28#0
[info] send message to 24: wave#1#28#0
[info] send message to 25: wave#1#28#0
[info] send message to 26: wave#1#28#0
[info] send message to 27: wave#1#28#0
[info] send message to 28: wave#1#28#0
[info] send message to 29: wave#1#28#0
[info] send message to 30: wave#1#28#0
[info] message from 2: wave#1#24#0
[info] message from 4: wave#1#24#0
[info] message from 3: wave#1#24#0
[info] message from 5: wave#1#24#0
[info] message from 6: wave#1#24#0
[info] message from 7: wave#1#24#0
[info] message from 8: wave#1#24#0
[info] message from 9: wave#1#24#0
[info] message from 10: wave#1#24#0
[info] message from 11: wave#1#24#0
[info] message from 12: wave#1#24#0
[info] message from 13: wave#1#24#0
[info] message from 14: wave#1#24#0
[info] message from 17: wave#1#24#0
[info] message from 18: wave#1#24#0
[info] message from 19: wave#1#24#0
[info] message from 20: wave#1#24#0
[info] message from 22: wave#1#24#0
[info] message from 21: wave#1#24#0
[info] message from 23: wave#1#24#0
[info] message from 24: wave#1#24#0
[info] message from 25: wave#1#24#0
[info] message from 26: wave#1#24#0
[info] message from 27: wave#1#24#0
[info] message from 28: wave#1#24#0
[info] message from 29: wave#1#24#0
[info] message from 30: wave#1#24#0
[info] message from 1: wave#1#28#0
[info] message from 16: wave#1#28#0
[info] message from 7: wave#1#28#0
[info] message from 4: wave#1#28#0
[info] message from 2: wave#1#28#0
[info] message from 3: wave#1#28#0
[info] message from 9: wave#1#28#0
[info] message from 6: wave#1#28#0
[info] message from 5: wave#1#28#0
[info] message from 8: wave#1#28#0
[info] message from 10: wave#1#28#0
[info] message from 11: wave#1#28#0
[info] message from 12: wave#1#28#0
[info] message from 14: wave#1#28#0
[info] message from 13: wave#1#28#0
[info] message from 17: wave#1#28#0
[info] message from 20: wave#1#28#0
[info] message from 19: wave#1#28#0
[info] message from 22: wave#1#28#0
[info] message from 18: wave#1#28#0
[info] message from 21: wave#1#28#0
[info] message from 24: wave#1#28#0
[info] message from 23: wave#1#28#0
[info] message from 27: wave#1#28#0
[info] message from 26: wave#1#28#0
[info] message from 25: wave#1#28#0
[info] message from 28: wave#1#28#0
[info] message from 30: wave#1#28#0
[info] message from 29: wave#1#28#0
[info] after round 1 : parent is ['15'] and leader id is 28
[info] send message to 15: wave#1#28#1
[info] message from 2: exit
[info] send message to 1: exit
[info] send message to 3: exit
[info] send message to 4: exit
[info] send message to 6: exit
[info] send message to 7: exit
[info] send message to 8: exit
[info] send message to 9: exit
[info] send message to 10: exit
[info] send message to 11: exit
[info] send message to 12: exit
[info] send message to 13: exit
[info] send message to 14: exit
[info] send message to 15: exit
[info] send message to 16: exit
[info] send message to 17: exit
[info] send message to 18: exit
[info] send message to 19: exit
[info] send message to 20: exit
[info] send message to 21: exit
[info] send message to 22: exit
[info] send message to 23: exit
[info] send message to 24: exit
[info] send message to 25: exit
[info] send message to 26: exit
[info] send message to 27: exit
[info] send message to 28: exit
[info] send message to 29: exit
[info] send message to 30: exit
