[info] Hello from node5
[info] I'm connected to nodes ['4', '5', '6']
[info] I have edges [('5', '4'), ('5', '5'), ('5', '6')]
[info] -- round 0 started!
[info] -- new id 1 selected!
[info] send message to 4: wave#0#1#0
[info] send message to 5: wave#0#1#0
[info] send message to 6: wave#0#1#0
[info] message from 4: wave#0#16#0
[info] send message to 5: wave#0#16#0
[info] send message to 6: wave#0#16#0
[info] message from 5: wave#0#1#0
[info] message from 5: wave#0#16#0
[info] message from 6: wave#0#1#0
[info] message from 4: wave#0#20#0
[info] send message to 5: wave#0#20#0
[info] send message to 6: wave#0#20#0
[info] message from 5: wave#0#20#0
[info] message from 6: wave#0#20#15
[info] after round 0 : parent is ['4'] and leader id is 20
[info] send message to 4: wave#0#20#16
[info] message from 4: exit
[info] send message to 6: exit
