[info] Hello from node20
[info] I'm connected to nodes ['19', '20']
[info] I have edges [('20', '19'), ('20', '20')]
[info] -- round 0 started!
[info] -- new id 2 selected!
[info] send message to 19: wave#0#2#0
[info] send message to 20: wave#0#2#0
[info] message from 20: wave#0#2#0
[info] message from 19: wave#0#12#0
[info] send message to 20: wave#0#12#0
[info] message from 20: wave#0#12#0
[info] after round 0 : parent is ['19'] and leader id is 12
[info] send message to 19: wave#0#12#1
[info] message from 19: wave#0#17#0
[info] send message to 20: wave#0#17#0
[info] message from 20: wave#0#17#0
[info] after round 0 : parent is ['19'] and leader id is 17
[info] send message to 19: wave#0#17#1
[info] message from 19: wave#0#19#0
[info] send message to 20: wave#0#19#0
[info] message from 20: wave#0#19#0
[info] after round 0 : parent is ['19'] and leader id is 19
[info] send message to 19: wave#0#19#1
[info] message from 19: wave#0#20#0
[info] send message to 20: wave#0#20#0
[info] message from 20: wave#0#20#0
[info] after round 0 : parent is ['19'] and leader id is 20
[info] send message to 19: wave#0#20#1
[info] message from 19: exit
