[info] Hello from node1
[info] I'm connected to nodes ['1', '2', '30']
[info] I have edges [('1', '1'), ('1', '2'), ('1', '30')]
[info] -- round 0 started!
[info] -- new id 17 selected!
[info] send message to 1: wave#0#17#0
[info] send message to 2: wave#0#17#0
[info] send message to 30: wave#0#17#0
[info] message from 2: wave#0#8#0
[info] message from 1: wave#0#17#0
[info] message from 30: wave#0#1#0
[info] message from 2: wave#0#29#0
[info] send message to 1: wave#0#29#0
[info] send message to 30: wave#0#29#0
[info] message from 1: wave#0#29#0
[info] message from 2: wave#0#30#0
[info] send message to 1: wave#0#30#0
[info] send message to 30: wave#0#30#0
[info] message from 1: wave#0#30#0
[info] message from 30: wave#0#30#4
[info] after round 0 : parent is ['2'] and leader id is 30
[info] send message to 2: wave#0#30#5
[info] message from 30: exit
[info] send message to 2: exit
