[info] Hello from node18
[info] I'm connected to nodes ['1', '18']
[info] I have edges [('18', '1'), ('18', '18')]
[info] -- round 0 started!
[info] -- new id 39 selected!
[info] send message to 1: wave#0#39#0
[info] send message to 18: wave#0#39#0
[info] message from 1: wave#0#23#0
[info] message from 18: wave#0#39#0
[info] message from 1: wave#0#33#0
[info] message from 1: wave#0#36#0
[info] message from 1: wave#1#12#0
[info] send message to 18: wave#1#12#0
[info] message from 18: wave#1#12#0
[info] after round 1 : parent is ['1'] and leader id is 12
[info] send message to 1: wave#1#12#1
[info] message from 1: wave#1#21#0
[info] send message to 18: wave#1#21#0
[info] message from 18: wave#1#21#0
[info] after round 1 : parent is ['1'] and leader id is 21
[info] send message to 1: wave#1#21#1
[info] message from 1: exit
