[info] Hello from node36
[info] I'm connected to nodes ['1', '36']
[info] I have edges [('36', '1'), ('36', '36')]
[info] -- round 0 started!
[info] -- new id 23 selected!
[info] send message to 1: wave#0#23#0
[info] send message to 36: wave#0#23#0
[info] message from 1: wave#0#23#0
[info] message from 36: wave#0#23#0
[info] after round 0 : parent is [] and leader id is 23
[info] -- round 1 started!
[info] -- new id 9 selected!
[info] send message to 1: wave#1#9#0
[info] send message to 36: wave#1#9#0
[info] message from 36: wave#1#9#0
[info] message from 1: wave#0#33#0
[info] message from 1: wave#0#36#0
[info] message from 1: wave#0#39#0
[info] message from 1: wave#1#12#0
[info] send message to 36: wave#1#12#0
[info] message from 36: wave#1#12#0
[info] after round 1 : parent is ['1'] and leader id is 12
[info] send message to 1: wave#1#12#1
[info] message from 1: wave#1#21#0
[info] send message to 36: wave#1#21#0
[info] message from 36: wave#1#21#0
[info] after round 1 : parent is ['1'] and leader id is 21
[info] send message to 1: wave#1#21#1
[info] message from 1: exit
