[info] Hello from node3
[info] I'm connected to nodes ['1', '2', '3', '4', '5', '6', '7', '8', '9', '10', '11', '12', '13', '14', '15', '16', '17', '18', '19', '20', '21', '22', '23', '24', '25', '26', '27', '28', '29', '30', '31', '32', '33', '34', '35', '36', '37', '38', '39', '40']
[info] I have edges [('3', '1'), ('3', '2'), ('3', '3'), ('3', '4'), ('3', '5'), ('3', '6'), ('3', '7'), ('3', '8'), ('3', '9'), ('3', '10'), ('3', '11'), ('3', '12'), ('3', '13'), ('3', '14'), ('3', '15'), ('3', '16'), ('3', '17'), ('3', '18'), ('3', '19'), ('3', '20'), ('3', '21'), ('3', '22'), ('3', '23'), ('3', '24'), ('3', '25'), ('3', '26'), ('3', '27'), ('3', '28'), ('3', '29'), ('3', '30'), ('3', '31'), ('3', '32'), ('3', '33'), ('3', '34'), ('3', '35'), ('3', '36'), ('3', '37'), ('3', '38'), ('3', '39'), ('3', '40')]
[info] first phase started!
[info] rejected!
[info] waiting for CRQ messages!
[info] message from 2: CRQ#2#3#0
[info] send message to 2: vote#1
[info] message from 13: CRQ#13#3#0
[info] I have voted before!
[info] send message to 13: vote#0
[info] message from 8: CRQ#8#3#0
[info] I have voted before!
[info] send message to 8: vote#0
[info] message from 14: CRQ#14#3#0
[info] I have voted before!
[info] send message to 14: vote#0
[info] message from 4: CRQ#4#3#0
[info] I have voted before!
[info] send message to 4: vote#0
[info] message from 9: CRQ#9#3#0
[info] I have voted before!
[info] send message to 9: vote#0
[info] message from 5: CRQ#5#3#0
[info] I have voted before!
[info] send message to 5: vote#0
[info] message from 6: CRQ#6#3#0
[info] I have voted before!
[info] send message to 6: vote#0
[info] message from 12: CRQ#12#3#0
[info] I have voted before!
[info] send message to 12: vote#0
[info] message from 27: CRQ#27#3#0
[info] I have voted before!
[info] send message to 27: vote#0
[info] message from 29: CRQ#29#3#0
[info] I have voted before!
[info] send message to 29: vote#0
[info] message from 16: CRQ#16#3#0
[info] I have voted before!
[info] send message to 16: vote#0
[info] message from 24: CRQ#24#3#0
[info] I have voted before!
[info] send message to 24: vote#0
[info] message from 40: CRQ#40#3#0
[info] I have voted before!
[info] send message to 40: vote#0
[info] message from 31: CRQ#31#3#0
[info] I have voted before!
[info] send message to 31: vote#0
[info] message from 30: CRQ#30#3#0
[info] I have voted before!
[info] send message to 30: vote#0
[info] message from 2: CAM#2
[info] third phase started!
