[info] Hello from node38
[info] I'm connected to nodes ['1', '2', '3', '4', '5', '6', '7', '8', '9', '10', '11', '12', '13', '14', '15', '16', '17', '18', '19', '20', '21', '22', '23', '24', '25', '26', '27', '28', '29', '30', '31', '32', '33', '34', '35', '36', '37', '38', '39', '40']
[info] I have edges [('38', '1'), ('38', '2'), ('38', '3'), ('38', '4'), ('38', '5'), ('38', '6'), ('38', '7'), ('38', '8'), ('38', '9'), ('38', '10'), ('38', '11'), ('38', '12'), ('38', '13'), ('38', '14'), ('38', '15'), ('38', '16'), ('38', '17'), ('38', '18'), ('38', '19'), ('38', '20'), ('38', '21'), ('38', '22'), ('38', '23'), ('38', '24'), ('38', '25'), ('38', '26'), ('38', '27'), ('38', '28'), ('38', '29'), ('38', '30'), ('38', '31'), ('38', '32'), ('38', '33'), ('38', '34'), ('38', '35'), ('38', '36'), ('38', '37'), ('38', '38'), ('38', '39'), ('38', '40')]
[info] first phase started!
[info] rejected!
[info] waiting for CRQ messages!
[info] message from 13: CRQ#13#3#0
[info] send message to 13: vote#1
[info] message from 2: CRQ#2#3#0
[info] I have voted before!
[info] send message to 2: vote#0
[info] message from 4: CRQ#4#3#0
[info] I have voted before!
[info] send message to 4: vote#0
[info] message from 8: CRQ#8#3#0
[info] I have voted before!
[info] send message to 8: vote#0
[info] message from 14: CRQ#14#3#0
[info] I have voted before!
[info] send message to 14: vote#0
[info] message from 12: CRQ#12#3#0
[info] I have voted before!
[info] send message to 12: vote#0
[info] message from 9: CRQ#9#3#0
[info] I have voted before!
[info] send message to 9: vote#0
[info] message from 5: CRQ#5#3#0
[info] I have voted before!
[info] send message to 5: vote#0
[info] message from 27: CRQ#27#3#0
[info] I have voted before!
[info] send message to 27: vote#0
[info] message from 6: CRQ#6#3#0
[info] I have voted before!
[info] send message to 6: vote#0
[info] message from 29: CRQ#29#3#0
[info] I have voted before!
[info] send message to 29: vote#0
[info] message from 16: CRQ#16#3#0
[info] I have voted before!
[info] send message to 16: vote#0
[info] message from 24: CRQ#24#3#0
[info] I have voted before!
[info] send message to 24: vote#0
[info] message from 40: CRQ#40#3#0
[info] I have voted before!
[info] send message to 40: vote#0
[info] message from 31: CRQ#31#3#0
[info] I have voted before!
[info] send message to 31: vote#0
[info] message from 30: CRQ#30#3#0
[info] I have voted before!
[info] send message to 30: vote#0
[info] message from 2: CAM#2
[info] third phase started!
