[info] Hello from node15
[info] I'm connected to nodes ['14', '15', '16']
[info] I have edges [('15', '14'), ('15', '15'), ('15', '16')]
[info] -- round 0 started!
[info] -- new id 19 selected!
[info] send message to 14: wave#0#19#0
[info] send message to 15: wave#0#19#0
[info] send message to 16: wave#0#19#0
[info] message from 16: wave#0#10#0
[info] message from 15: wave#0#19#0
[info] message from 14: wave#0#13#0
[info] message from 14: wave#0#16#0
[info] message from 14: wave#0#17#0
[info] message from 16: wave#0#20#0
[info] send message to 14: wave#0#20#0
[info] send message to 15: wave#0#20#0
[info] message from 15: wave#0#20#0
[info] message from 16: wave#0#22#0
[info] send message to 14: wave#0#22#0
[info] send message to 15: wave#0#22#0
[info] message from 14: wave#0#22#0
[info] message from 15: wave#0#22#0
[info] after round 0 : parent is ['16'] and leader id is 22
[info] send message to 16: wave#0#22#1
[info] message from 14: wave#0#25#0
[info] send message to 15: wave#0#25#0
[info] send message to 16: wave#0#25#0
[info] message from 15: wave#0#25#0
[info] message from 16: wave#0#26#0
[info] send message to 14: wave#0#26#0
[info] send message to 15: wave#0#26#0
[info] message from 14: wave#0#29#0
[info] send message to 15: wave#0#29#0
[info] send message to 16: wave#0#29#0
[info] message from 15: wave#0#26#0
[info] message from 15: wave#0#29#0
[info] message from 16: wave#0#29#15
[info] after round 0 : parent is ['14'] and leader id is 29
[info] send message to 14: wave#0#29#16
[info] message from 14: exit
[info] send message to 16: exit
