[info] Hello from node17
[info] I'm connected to nodes ['16', '17', '18']
[info] I have edges [('17', '16'), ('17', '17'), ('17', '18')]
[info] -- round 0 started!
[info] -- new id 7 selected!
[info] send message to 16: wave#0#7#0
[info] send message to 17: wave#0#7#0
[info] send message to 18: wave#0#7#0
[info] message from 16: wave#0#10#0
[info] send message to 17: wave#0#10#0
[info] send message to 18: wave#0#10#0
[info] message from 17: wave#0#7#0
[info] message from 17: wave#0#10#0
[info] message from 18: wave#0#9#0
[info] message from 16: wave#0#19#0
[info] send message to 17: wave#0#19#0
[info] send message to 18: wave#0#19#0
[info] message from 17: wave#0#19#0
[info] message from 18: wave#0#12#0
[info] message from 18: wave#0#20#0
[info] send message to 16: wave#0#20#0
[info] send message to 17: wave#0#20#0
[info] message from 17: wave#0#20#0
[info] message from 18: wave#0#22#0
[info] send message to 16: wave#0#22#0
[info] send message to 17: wave#0#22#0
[info] message from 17: wave#0#22#0
[info] message from 18: wave#0#26#0
[info] send message to 16: wave#0#26#0
[info] send message to 17: wave#0#26#0
[info] message from 16: wave#0#22#2
[info] message from 17: wave#0#26#0
[info] message from 16: wave#0#29#0
[info] send message to 17: wave#0#29#0
[info] send message to 18: wave#0#29#0
[info] message from 17: wave#0#29#0
[info] message from 18: wave#0#29#13
[info] after round 0 : parent is ['16'] and leader id is 29
[info] send message to 16: wave#0#29#14
[info] message from 16: exit
[info] send message to 18: exit
