[info] Hello from node19
[info] I'm connected to nodes ['18', '19', '20']
[info] I have edges [('19', '18'), ('19', '19'), ('19', '20')]
[info] -- round 0 started!
[info] -- new id 5 selected!
[info] send message to 18: wave#0#5#0
[info] send message to 19: wave#0#5#0
[info] send message to 20: wave#0#5#0
[info] message from 19: wave#0#5#0
[info] message from 20: wave#0#5#0
[info] message from 20: wave#0#12#0
[info] send message to 18: wave#0#12#0
[info] send message to 19: wave#0#12#0
[info] message from 18: wave#0#9#0
[info] message from 19: wave#0#12#0
[info] message from 20: wave#0#20#0
[info] send message to 18: wave#0#20#0
[info] send message to 19: wave#0#20#0
[info] message from 19: wave#0#20#0
[info] message from 18: wave#0#10#0
[info] message from 20: wave#0#22#0
[info] send message to 18: wave#0#22#0
[info] send message to 19: wave#0#22#0
[info] message from 19: wave#0#22#0
[info] message from 20: wave#0#26#0
[info] send message to 18: wave#0#26#0
[info] send message to 19: wave#0#26#0
[info] message from 19: wave#0#26#0
[info] message from 18: wave#0#29#0
[info] send message to 19: wave#0#29#0
[info] send message to 20: wave#0#29#0
[info] message from 19: wave#0#29#0
[info] message from 20: wave#0#29#11
[info] after round 0 : parent is ['18'] and leader id is 29
[info] send message to 18: wave#0#29#12
[info] message from 18: exit
[info] send message to 20: exit
