[info] Hello from node7
[info] I'm connected to nodes ['6', '7', '8']
[info] I have edges [('7', '6'), ('7', '7'), ('7', '8')]
[info] -- round 0 started!
[info] -- new id 21 selected!
[info] send message to 6: wave#0#21#0
[info] send message to 7: wave#0#21#0
[info] send message to 8: wave#0#21#0
[info] message from 7: wave#0#21#0
[info] message from 6: wave#0#8#0
[info] message from 8: wave#0#7#0
[info] message from 6: wave#0#25#0
[info] send message to 7: wave#0#25#0
[info] send message to 8: wave#0#25#0
[info] message from 7: wave#0#25#0
[info] message from 6: wave#0#29#0
[info] send message to 7: wave#0#29#0
[info] send message to 8: wave#0#29#0
[info] message from 7: wave#0#29#0
[info] message from 8: wave#0#29#23
[info] after round 0 : parent is ['6'] and leader id is 29
[info] send message to 6: wave#0#29#24
[info] message from 6: exit
[info] send message to 8: exit
