[info] Hello from node37
[info] I'm connected to nodes ['1', '37']
[info] I have edges [('37', '1'), ('37', '37')]
[info] -- round 0 started!
[info] -- new id 41 selected!
[info] send message to 1: wave#0#41#0
[info] send message to 37: wave#0#41#0
[info] message from 37: wave#0#41#0
[info] message from 1: wave#0#33#0
[info] message from 1: wave#0#43#0
[info] send message to 37: wave#0#43#0
[info] message from 37: wave#0#43#0
[info] after round 0 : parent is ['1'] and leader id is 43
[info] send message to 1: wave#0#43#1
[info] message from 1: wave#0#45#0
[info] send message to 37: wave#0#45#0
[info] message from 37: wave#0#45#0
[info] after round 0 : parent is ['1'] and leader id is 45
[info] send message to 1: wave#0#45#1
[info] message from 1: wave#1#30#0
[info] send message to 37: wave#1#30#0
[info] message from 37: wave#1#30#0
[info] after round 1 : parent is ['1'] and leader id is 30
[info] send message to 1: wave#1#30#1
[info] message from 1: exit
