[info] Hello from node7
[info] I'm connected to nodes ['1', '7']
[info] I have edges [('7', '1'), ('7', '7')]
[info] -- round 0 started!
[info] -- new id 43 selected!
[info] send message to 1: wave#0#43#0
[info] send message to 7: wave#0#43#0
[info] message from 7: wave#0#43#0
[info] message from 1: wave#0#33#0
[info] message from 1: wave#0#45#0
[info] send message to 7: wave#0#45#0
[info] message from 7: wave#0#45#0
[info] after round 0 : parent is ['1'] and leader id is 45
[info] send message to 1: wave#0#45#1
[info] message from 1: wave#1#30#0
[info] send message to 7: wave#1#30#0
[info] message from 7: wave#1#30#0
[info] after round 1 : parent is ['1'] and leader id is 30
[info] send message to 1: wave#1#30#1
[info] message from 1: exit
