[info] Hello from node10
[info] I'm connected to nodes ['1', '10']
[info] I have edges [('10', '1'), ('10', '10')]
[info] -- round 0 started!
[info] -- new id 9 selected!
[info] send message to 1: wave#0#9#0
[info] send message to 10: wave#0#9#0
[info] message from 10: wave#0#9#0
[info] message from 1: wave#0#33#0
[info] send message to 10: wave#0#33#0
[info] message from 10: wave#0#33#0
[info] after round 0 : parent is ['1'] and leader id is 33
[info] send message to 1: wave#0#33#1
[info] message from 1: wave#0#43#0
[info] send message to 10: wave#0#43#0
[info] message from 10: wave#0#43#0
[info] after round 0 : parent is ['1'] and leader id is 43
[info] send message to 1: wave#0#43#1
[info] message from 1: wave#0#45#0
[info] send message to 10: wave#0#45#0
[info] message from 10: wave#0#45#0
[info] after round 0 : parent is ['1'] and leader id is 45
[info] send message to 1: wave#0#45#1
[info] message from 1: wave#1#30#0
[info] send message to 10: wave#1#30#0
[info] message from 10: wave#1#30#0
[info] after round 1 : parent is ['1'] and leader id is 30
[info] send message to 1: wave#1#30#1
[info] message from 1: exit
