[info] Hello from node7
[info] I'm connected to nodes ['6', '7', '8']
[info] I have edges [('7', '6'), ('7', '7'), ('7', '8')]
[info] -- round 0 started!
[info] -- new id 3 selected!
[info] send message to 6: wave#0#3#0
[info] send message to 7: wave#0#3#0
[info] send message to 8: wave#0#3#0
[info] message from 6: wave#0#19#0
[info] send message to 7: wave#0#19#0
[info] send message to 8: wave#0#19#0
[info] message from 8: wave#0#24#0
[info] send message to 6: wave#0#24#0
[info] send message to 7: wave#0#24#0
[info] message from 6: wave#0#31#0
[info] send message to 7: wave#0#31#0
[info] send message to 8: wave#0#31#0
[info] message from 7: wave#0#3#0
[info] message from 6: wave#0#38#0
[info] send message to 7: wave#0#38#0
[info] send message to 8: wave#0#38#0
[info] message from 8: wave#0#38#0
[info] message from 7: wave#0#19#0
[info] after round 0 : parent is ['6'] and leader id is 38
[info] send message to 6: wave#0#38#1
[info] message from 7: wave#0#24#0
[info] after round 0 : parent is ['6'] and leader id is 38
[info] send message to 6: wave#0#38#1
[info] message from 7: wave#0#31#0
[info] after round 0 : parent is ['6'] and leader id is 38
[info] send message to 6: wave#0#38#1
[info] message from 7: wave#0#38#0
[info] after round 0 : parent is ['6'] and leader id is 38
[info] send message to 6: wave#0#38#1
[info] message from 8: wave#0#39#0
[info] send message to 6: wave#0#39#0
[info] send message to 7: wave#0#39#0
[info] message from 8: wave#0#43#0
[info] send message to 6: wave#0#43#0
[info] send message to 7: wave#0#43#0
[info] message from 7: wave#0#39#0
[info] message from 7: wave#0#43#0
[info] message from 8: wave#0#45#0
[info] send message to 6: wave#0#45#0
[info] send message to 7: wave#0#45#0
[info] message from 7: wave#0#45#0
[info] message from 6: wave#1#13#0
[info] send message to 7: wave#1#13#0
[info] send message to 8: wave#1#13#0
[info] message from 7: wave#1#13#0
[info] message from 8: wave#1#40#0
[info] send message to 6: wave#1#40#0
[info] send message to 7: wave#1#40#0
[info] message from 7: wave#1#40#0
[info] message from 6: wave#1#40#6
[info] after round 1 : parent is ['8'] and leader id is 40
[info] send message to 8: wave#1#40#7
[info] message from 8: exit
[info] send message to 6: exit
