[info] Hello from node6
[info] I'm connected to nodes ['5', '6', '7']
[info] I have edges [('6', '5'), ('6', '6'), ('6', '7')]
[info] -- round 0 started!
[info] -- new id 19 selected!
[info] send message to 5: wave#0#19#0
[info] send message to 6: wave#0#19#0
[info] send message to 7: wave#0#19#0
[info] message from 6: wave#0#19#0
[info] message from 5: wave#0#31#0
[info] send message to 6: wave#0#31#0
[info] send message to 7: wave#0#31#0
[info] message from 6: wave#0#31#0
[info] message from 7: wave#0#3#0
[info] message from 5: wave#0#38#0
[info] send message to 6: wave#0#38#0
[info] send message to 7: wave#0#38#0
[info] message from 6: wave#0#38#0
[info] message from 7: wave#0#24#0
[info] message from 7: wave#0#38#1
[info] after round 0 : parent is ['5'] and leader id is 38
[info] send message to 5: wave#0#38#2
[info] message from 7: wave#0#38#1
[info] after round 0 : parent is ['5'] and leader id is 38
[info] send message to 5: wave#0#38#3
[info] message from 7: wave#0#38#1
[info] after round 0 : parent is ['5'] and leader id is 38
[info] send message to 5: wave#0#38#4
[info] message from 7: wave#0#38#1
[info] after round 0 : parent is ['5'] and leader id is 38
[info] send message to 5: wave#0#38#5
[info] message from 7: wave#0#39#0
[info] send message to 5: wave#0#39#0
[info] send message to 6: wave#0#39#0
[info] message from 7: wave#0#43#0
[info] send message to 5: wave#0#43#0
[info] send message to 6: wave#0#43#0
[info] message from 6: wave#0#39#0
[info] message from 7: wave#0#45#0
[info] send message to 5: wave#0#45#0
[info] send message to 6: wave#0#45#0
[info] message from 6: wave#0#43#0
[info] message from 5: wave#1#13#0
[info] send message to 6: wave#1#13#0
[info] send message to 7: wave#1#13#0
[info] message from 6: wave#0#45#0
[info] message from 6: wave#1#13#0
[info] message from 7: wave#1#40#0
[info] send message to 5: wave#1#40#0
[info] send message to 6: wave#1#40#0
[info] message from 6: wave#1#40#0
[info] message from 5: wave#1#40#5
[info] after round 1 : parent is ['7'] and leader id is 40
[info] send message to 7: wave#1#40#6
[info] message from 7: exit
[info] send message to 5: exit
