[info] Hello from node23
[info] I'm connected to nodes ['22', '23', '24']
[info] I have edges [('23', '22'), ('23', '23'), ('23', '24')]
[info] -- round 0 started!
[info] -- new id 28 selected!
[info] send message to 22: wave#0#28#0
[info] send message to 23: wave#0#28#0
[info] send message to 24: wave#0#28#0
[info] message from 22: wave#0#20#0
[info] message from 23: wave#0#28#0
[info] message from 24: wave#0#25#0
[info] message from 22: wave#0#38#0
[info] send message to 23: wave#0#38#0
[info] send message to 24: wave#0#38#0
[info] message from 23: wave#0#38#0
[info] message from 22: wave#0#45#0
[info] send message to 23: wave#0#45#0
[info] send message to 24: wave#0#45#0
[info] message from 23: wave#0#45#0
[info] message from 22: wave#1#13#0
[info] send message to 23: wave#1#13#0
[info] send message to 24: wave#1#13#0
[info] message from 23: wave#1#13#0
[info] message from 24: wave#1#40#0
[info] send message to 22: wave#1#40#0
[info] send message to 23: wave#1#40#0
[info] message from 23: wave#1#40#0
[info] message from 22: wave#1#40#22
[info] after round 1 : parent is ['24'] and leader id is 40
[info] send message to 24: wave#1#40#23
[info] message from 24: exit
[info] send message to 22: exit
