[info] Hello from node20
[info] I'm connected to nodes ['19', '20', '21']
[info] I have edges [('20', '19'), ('20', '20'), ('20', '21')]
[info] -- round 0 started!
[info] -- new id 45 selected!
[info] send message to 19: wave#0#45#0
[info] send message to 20: wave#0#45#0
[info] send message to 21: wave#0#45#0
[info] message from 20: wave#0#45#0
[info] message from 19: wave#0#33#0
[info] message from 21: wave#0#38#0
[info] message from 19: wave#0#43#0
[info] message from 19: wave#1#13#0
[info] send message to 20: wave#1#13#0
[info] send message to 21: wave#1#13#0
[info] message from 20: wave#1#13#0
[info] message from 21: wave#1#40#0
[info] send message to 19: wave#1#40#0
[info] send message to 20: wave#1#40#0
[info] message from 20: wave#1#40#0
[info] message from 19: wave#1#40#19
[info] after round 1 : parent is ['21'] and leader id is 40
[info] send message to 21: wave#1#40#20
[info] message from 21: exit
[info] send message to 19: exit
