[info] Hello from node25
[info] I'm connected to nodes ['24', '25', '26']
[info] I have edges [('25', '24'), ('25', '25'), ('25', '26')]
[info] -- round 0 started!
[info] -- new id 23 selected!
[info] send message to 24: wave#0#23#0
[info] send message to 25: wave#0#23#0
[info] send message to 26: wave#0#23#0
[info] message from 25: wave#0#23#0
[info] message from 24: wave#0#25#0
[info] send message to 25: wave#0#25#0
[info] send message to 26: wave#0#25#0
[info] message from 25: wave#0#25#0
[info] message from 24: wave#0#28#0
[info] send message to 25: wave#0#28#0
[info] send message to 26: wave#0#28#0
[info] message from 25: wave#0#28#0
[info] message from 26: wave#0#13#0
[info] message from 24: wave#0#38#0
[info] send message to 25: wave#0#38#0
[info] send message to 26: wave#0#38#0
[info] message from 25: wave#0#38#0
[info] message from 24: wave#0#45#0
[info] send message to 25: wave#0#45#0
[info] send message to 26: wave#0#45#0
[info] message from 25: wave#0#45#0
[info] message from 26: wave#0#36#0
[info] message from 26: wave#1#40#0
[info] send message to 24: wave#1#40#0
[info] send message to 25: wave#1#40#0
[info] message from 24: wave#1#13#0
[info] message from 25: wave#1#40#0
[info] message from 24: wave#1#40#24
[info] after round 1 : parent is ['26'] and leader id is 40
[info] send message to 26: wave#1#40#25
[info] message from 26: exit
[info] send message to 24: exit
