[info] Hello from node16
[info] I'm connected to nodes ['15', '16', '17']
[info] I have edges [('16', '15'), ('16', '16'), ('16', '17')]
[info] -- round 0 started!
[info] -- new id 4 selected!
[info] send message to 15: wave#0#4#0
[info] send message to 16: wave#0#4#0
[info] send message to 17: wave#0#4#0
[info] message from 15: wave#0#17#0
[info] send message to 16: wave#0#17#0
[info] send message to 17: wave#0#17#0
[info] message from 15: wave#0#36#0
[info] send message to 16: wave#0#36#0
[info] send message to 17: wave#0#36#0
[info] message from 17: wave#0#43#0
[info] send message to 15: wave#0#43#0
[info] send message to 16: wave#0#43#0
[info] message from 16: wave#0#4#0
[info] message from 15: wave#0#39#0
[info] message from 16: wave#0#17#0
[info] message from 16: wave#0#36#0
[info] message from 16: wave#0#43#0
[info] message from 17: wave#0#45#0
[info] send message to 15: wave#0#45#0
[info] send message to 16: wave#0#45#0
[info] message from 16: wave#0#45#0
[info] message from 15: wave#1#13#0
[info] send message to 16: wave#1#13#0
[info] send message to 17: wave#1#13#0
[info] message from 16: wave#1#13#0
[info] message from 17: wave#1#40#0
[info] send message to 15: wave#1#40#0
[info] send message to 16: wave#1#40#0
[info] message from 16: wave#1#40#0
[info] message from 15: wave#1#40#15
[info] after round 1 : parent is ['17'] and leader id is 40
[info] send message to 17: wave#1#40#16
[info] message from 17: exit
[info] send message to 15: exit
