[info] Hello from node14
[info] I'm connected to nodes ['1', '14']
[info] I have edges [('14', '1'), ('14', '14')]
[info] -- round 0 started!
[info] -- new id 18 selected!
[info] send message to 1: wave#0#18#0
[info] send message to 14: wave#0#18#0
[info] message from 1: wave#0#30#0
[info] send message to 14: wave#0#30#0
[info] message from 14: wave#0#18#0
[info] after round 0 : parent is ['1'] and leader id is 30
[info] send message to 1: wave#0#30#1
[info] message from 14: wave#0#30#0
[info] after round 0 : parent is ['1'] and leader id is 30
[info] send message to 1: wave#0#30#1
[info] message from 1: wave#1#28#0
[info] send message to 14: wave#1#28#0
[info] message from 14: wave#1#28#0
[info] after round 1 : parent is ['1'] and leader id is 28
[info] send message to 1: wave#1#28#1
[info] message from 1: exit
