[info] Hello from node34
[info] I'm connected to nodes ['33', '34', '35']
[info] I have edges [('34', '33'), ('34', '34'), ('34', '35')]
[info] -- round 0 started!
[info] -- new id 13 selected!
[info] send message to 33: wave#0#13#0
[info] send message to 34: wave#0#13#0
[info] send message to 35: wave#0#13#0
[info] message from 35: wave#0#3#0
[info] message from 33: wave#0#40#0
[info] send message to 34: wave#0#40#0
[info] send message to 35: wave#0#40#0
[info] message from 34: wave#0#13#0
[info] message from 35: wave#0#20#0
[info] message from 34: wave#0#40#0
[info] message from 33: wave#0#44#0
[info] send message to 34: wave#0#44#0
[info] send message to 35: wave#0#44#0
[info] message from 34: wave#0#44#0
[info] message from 33: wave#0#45#0
[info] send message to 34: wave#0#45#0
[info] send message to 35: wave#0#45#0
[info] message from 34: wave#0#45#0
[info] message from 35: wave#0#45#11
[info] after round 0 : parent is ['33'] and leader id is 45
[info] send message to 33: wave#0#45#12
[info] message from 33: exit
[info] send message to 35: exit
