[info] Hello from node17
[info] I'm connected to nodes ['16', '17', '18']
[info] I have edges [('17', '16'), ('17', '17'), ('17', '18')]
[info] -- round 0 started!
[info] -- new id 4 selected!
[info] send message to 16: wave#0#4#0
[info] send message to 17: wave#0#4#0
[info] send message to 18: wave#0#4#0
[info] message from 17: wave#0#4#0
[info] message from 16: wave#0#14#0
[info] send message to 17: wave#0#14#0
[info] send message to 18: wave#0#14#0
[info] message from 18: wave#0#32#0
[info] send message to 16: wave#0#32#0
[info] send message to 17: wave#0#32#0
[info] message from 17: wave#0#14#0
[info] message from 16: wave#0#45#0
[info] send message to 17: wave#0#45#0
[info] send message to 18: wave#0#45#0
[info] message from 18: wave#0#43#0
[info] message from 17: wave#0#32#0
[info] message from 17: wave#0#45#0
[info] message from 18: wave#0#45#28
[info] after round 0 : parent is ['16'] and leader id is 45
[info] send message to 16: wave#0#45#29
[info] message from 16: exit
[info] send message to 18: exit
