[info] Hello from node29
[info] I'm connected to nodes ['28', '29', '30']
[info] I have edges [('29', '28'), ('29', '29'), ('29', '30')]
[info] -- round 0 started!
[info] -- new id 4 selected!
[info] send message to 28: wave#0#4#0
[info] send message to 29: wave#0#4#0
[info] send message to 30: wave#0#4#0
[info] message from 28: wave#0#5#0
[info] send message to 29: wave#0#5#0
[info] send message to 30: wave#0#5#0
[info] message from 30: wave#0#16#0
[info] send message to 28: wave#0#16#0
[info] send message to 29: wave#0#16#0
[info] message from 28: wave#0#44#0
[info] send message to 29: wave#0#44#0
[info] send message to 30: wave#0#44#0
[info] message from 29: wave#0#4#0
[info] message from 29: wave#0#5#0
[info] message from 30: wave#0#40#0
[info] message from 29: wave#0#16#0
[info] message from 29: wave#0#44#0
[info] message from 28: wave#0#45#0
[info] send message to 29: wave#0#45#0
[info] send message to 30: wave#0#45#0
[info] message from 29: wave#0#45#0
[info] message from 30: wave#0#45#16
[info] after round 0 : parent is ['28'] and leader id is 45
[info] send message to 28: wave#0#45#17
[info] message from 28: exit
[info] send message to 30: exit
