[info] Hello from node2
[info] I'm connected to nodes ['1', '2', '3']
[info] I have edges [('2', '1'), ('2', '2'), ('2', '3')]
[info] -- round 0 started!
[info] -- new id 10 selected!
[info] send message to 1: wave#0#10#0
[info] send message to 2: wave#0#10#0
[info] send message to 3: wave#0#10#0
[info] message from 3: wave#0#12#0
[info] send message to 1: wave#0#12#0
[info] send message to 2: wave#0#12#0
[info] message from 2: wave#0#10#0
[info] message from 2: wave#0#12#0
[info] message from 1: wave#0#4#0
[info] message from 1: wave#0#12#1
[info] after round 0 : parent is ['3'] and leader id is 12
[info] send message to 3: wave#0#12#2
[info] message from 1: wave#0#12#1
[info] after round 0 : parent is ['3'] and leader id is 12
[info] send message to 3: wave#0#12#3
[info] message from 1: wave#0#12#1
[info] after round 0 : parent is ['3'] and leader id is 12
[info] send message to 3: wave#0#12#4
[info] message from 3: wave#0#28#0
[info] send message to 1: wave#0#28#0
[info] send message to 2: wave#0#28#0
[info] message from 2: wave#0#28#0
[info] message from 1: wave#0#28#1
[info] after round 0 : parent is ['3'] and leader id is 28
[info] send message to 3: wave#0#28#2
[info] message from 3: wave#0#31#0
[info] send message to 1: wave#0#31#0
[info] send message to 2: wave#0#31#0
[info] message from 2: wave#0#31#0
[info] message from 1: wave#0#31#1
[info] after round 0 : parent is ['3'] and leader id is 31
[info] send message to 3: wave#0#31#2
[info] message from 3: wave#0#33#0
[info] send message to 1: wave#0#33#0
[info] send message to 2: wave#0#33#0
[info] message from 2: wave#0#33#0
[info] message from 1: wave#0#33#1
[info] after round 0 : parent is ['3'] and leader id is 33
[info] send message to 3: wave#0#33#2
[info] message from 3: wave#0#43#0
[info] send message to 1: wave#0#43#0
[info] send message to 2: wave#0#43#0
[info] message from 2: wave#0#43#0
[info] message from 1: wave#0#43#1
[info] after round 0 : parent is ['3'] and leader id is 43
[info] send message to 3: wave#0#43#2
[info] message from 3: wave#0#45#0
[info] send message to 1: wave#0#45#0
[info] send message to 2: wave#0#45#0
[info] message from 2: wave#0#45#0
[info] message from 1: wave#0#45#1
[info] after round 0 : parent is ['3'] and leader id is 45
[info] send message to 3: wave#0#45#2
[info] message from 3: exit
[info] send message to 1: exit
