[info] Hello from node1
[info] I'm connected to nodes ['1', '2']
[info] I have edges [('1', '1'), ('1', '2')]
[info] -- round 0 started!
[info] -- new id 4 selected!
[info] send message to 1: wave#0#4#0
[info] send message to 2: wave#0#4#0
[info] message from 2: wave#0#10#0
[info] send message to 1: wave#0#10#0
[info] message from 2: wave#0#12#0
[info] send message to 1: wave#0#12#0
[info] message from 1: wave#0#4#0
[info] after round 0 : parent is ['2'] and leader id is 12
[info] send message to 2: wave#0#12#1
[info] message from 1: wave#0#10#0
[info] after round 0 : parent is ['2'] and leader id is 12
[info] send message to 2: wave#0#12#1
[info] message from 1: wave#0#12#0
[info] after round 0 : parent is ['2'] and leader id is 12
[info] send message to 2: wave#0#12#1
[info] message from 2: wave#0#28#0
[info] send message to 1: wave#0#28#0
[info] message from 1: wave#0#28#0
[info] after round 0 : parent is ['2'] and leader id is 28
[info] send message to 2: wave#0#28#1
[info] message from 2: wave#0#31#0
[info] send message to 1: wave#0#31#0
[info] message from 1: wave#0#31#0
[info] after round 0 : parent is ['2'] and leader id is 31
[info] send message to 2: wave#0#31#1
[info] message from 2: wave#0#33#0
[info] send message to 1: wave#0#33#0
[info] message from 1: wave#0#33#0
[info] after round 0 : parent is ['2'] and leader id is 33
[info] send message to 2: wave#0#33#1
[info] message from 2: wave#0#43#0
[info] send message to 1: wave#0#43#0
[info] message from 1: wave#0#43#0
[info] after round 0 : parent is ['2'] and leader id is 43
[info] send message to 2: wave#0#43#1
[info] message from 2: wave#0#45#0
[info] send message to 1: wave#0#45#0
[info] message from 1: wave#0#45#0
[info] after round 0 : parent is ['2'] and leader id is 45
[info] send message to 2: wave#0#45#1
[info] message from 2: exit
