[info] Hello from node19
[info] I'm connected to nodes ['18', '19', '20']
[info] I have edges [('19', '18'), ('19', '19'), ('19', '20')]
[info] -- round 0 started!
[info] -- new id 43 selected!
[info] send message to 18: wave#0#43#0
[info] send message to 19: wave#0#43#0
[info] send message to 20: wave#0#43#0
[info] message from 19: wave#0#43#0
[info] message from 20: wave#0#39#0
[info] message from 18: wave#0#32#0
[info] message from 18: wave#0#45#0
[info] send message to 19: wave#0#45#0
[info] send message to 20: wave#0#45#0
[info] message from 19: wave#0#45#0
[info] message from 20: wave#0#45#26
[info] after round 0 : parent is ['18'] and leader id is 45
[info] send message to 18: wave#0#45#27
[info] message from 18: exit
[info] send message to 20: exit
