[info] Hello from node3
[info] I'm connected to nodes ['2', '3', '9']
[info] I have edges [('3', '2'), ('3', '3'), ('3', '9')]
[info] -- round 0 started!
[info] -- new id 2 selected!
[info] send message to 2: wave#0#2#0
[info] send message to 3: wave#0#2#0
[info] send message to 9: wave#0#2#0
[info] message from 3: wave#0#2#0
[info] message from 2: wave#0#9#0
[info] send message to 3: wave#0#9#0
[info] send message to 9: wave#0#9#0
[info] message from 3: wave#0#9#0
[info] message from 9: wave#0#4#0
[info] message from 2: wave#1#8#0
[info] send message to 3: wave#1#8#0
[info] send message to 9: wave#1#8#0
[info] message from 3: wave#1#8#0
[info] message from 9: wave#1#6#0
[info] message from 2: wave#2#8#0
[info] send message to 3: wave#2#8#0
[info] send message to 9: wave#2#8#0
[info] message from 3: wave#2#8#0
[info] message from 9: wave#2#8#2
[info] after round 2 : parent is ['2'] and leader id is 8
[info] send message to 2: wave#2#8#3
[info] message from 2: exit
[info] send message to 9: exit
