[info] Hello from node7
[info] I'm connected to nodes ['2', '7']
[info] I have edges [('7', '2'), ('7', '7')]
[info] -- round 0 started!
[info] -- new id 9 selected!
[info] send message to 2: wave#0#9#0
[info] send message to 7: wave#0#9#0
[info] message from 2: wave#0#9#0
[info] message from 7: wave#0#9#0
[info] after round 0 : parent is [] and leader id is 9
[info] -- round 1 started!
[info] -- new id 8 selected!
[info] send message to 2: wave#1#8#0
[info] send message to 7: wave#1#8#0
[info] message from 7: wave#1#8#0
[info] message from 2: wave#1#8#0
[info] after round 1 : parent is [] and leader id is 8
[info] -- round 2 started!
[info] -- new id 8 selected!
[info] send message to 2: wave#2#8#0
[info] send message to 7: wave#2#8#0
[info] message from 7: wave#2#8#0
[info] message from 2: wave#2#8#8
[info] after round 2 : parent is [] and leader id is 8
[info] send message to 2: exit
