[info] Hello from node6
[info] I'm connected to nodes ['1', '2', '3', '4', '5', '6', '7', '8', '9', '10', '11', '12', '13', '14', '15', '16', '17', '18', '19', '20', '21', '22', '23', '24', '25', '26', '27', '28', '29', '30']
[info] I have edges [('6', '1'), ('6', '2'), ('6', '3'), ('6', '4'), ('6', '5'), ('6', '6'), ('6', '7'), ('6', '8'), ('6', '9'), ('6', '10'), ('6', '11'), ('6', '12'), ('6', '13'), ('6', '14'), ('6', '15'), ('6', '16'), ('6', '17'), ('6', '18'), ('6', '19'), ('6', '20'), ('6', '21'), ('6', '22'), ('6', '23'), ('6', '24'), ('6', '25'), ('6', '26'), ('6', '27'), ('6', '28'), ('6', '29'), ('6', '30')]
[info] -- round 0 started!
[info] -- new id 23 selected!
[info] send message to 1: wave#0#23#0
[info] send message to 2: wave#0#23#0
[info] send message to 3: wave#0#23#0
[info] send message to 4: wave#0#23#0
[info] send message to 5: wave#0#23#0
[info] send message to 6: wave#0#23#0
[info] send message to 7: wave#0#23#0
[info] send message to 8: wave#0#23#0
[info] send message to 9: wave#0#23#0
[info] send message to 10: wave#0#23#0
[info] send message to 11: wave#0#23#0
[info] send message to 12: wave#0#23#0
[info] send message to 13: wave#0#23#0
[info] send message to 14: wave#0#23#0
[info] send message to 15: wave#0#23#0
[info] send message to 16: wave#0#23#0
[info] send message to 17: wave#0#23#0
[info] send message to 18: wave#0#23#0
[info] send message to 19: wave#0#23#0
[info] send message to 20: wave#0#23#0
[info] send message to 21: wave#0#23#0
[info] send message to 22: wave#0#23#0
[info] send message to 23: wave#0#23#0
[info] send message to 24: wave#0#23#0
[info] send message to 25: wave#0#23#0
[info] send message to 26: wave#0#23#0
[info] send message to 27: wave#0#23#0
[info] send message to 28: wave#0#23#0
[info] send message to 29: wave#0#23#0
[info] send message to 30: wave#0#23#0
[info] message from 3: wave#0#27#0
[info] send message to 1: wave#0#27#0
[info] send message to 2: wave#0#27#0
[info] send message to 4: wave#0#27#0
[info] send message to 5: wave#0#27#0
[info] send message to 6: wave#0#27#0
[info] send message to 7: wave#0#27#0
[info] send message to 8: wave#0#27#0
[info] send message to 9: wave#0#27#0
[info] send message to 10: wave#0#27#0
[info] send message to 11: wave#0#27#0
[info] send message to 12: wave#0#27#0
[info] send message to 13: wave#0#27#0
[info] send message to 14: wave#0#27#0
[info] send message to 15: wave#0#27#0
[info] send message to 16: wave#0#27#0
[info] send message to 17: wave#0#27#0
[info] send message to 18: wave#0#27#0
[info] send message to 19: wave#0#27#0
[info] send message to 20: wave#0#27#0
[info] send message to 21: wave#0#27#0
[info] send message to 22: wave#0#27#0
[info] send message to 23: wave#0#27#0
[info] send message to 24: wave#0#27#0
[info] send message to 25: wave#0#27#0
[info] send message to 26: wave#0#27#0
[info] send message to 27: wave#0#27#0
[info] send message to 28: wave#0#27#0
[info] send message to 29: wave#0#27#0
[info] send message to 30: wave#0#27#0
[info] message from 1: wave#0#29#0
[info] send message to 2: wave#0#29#0
[info] send message to 3: wave#0#29#0
[info] send message to 4: wave#0#29#0
[info] send message to 5: wave#0#29#0
[info] send message to 6: wave#0#29#0
[info] send message to 7: wave#0#29#0
[info] send message to 8: wave#0#29#0
[info] send message to 9: wave#0#29#0
[info] send message to 10: wave#0#29#0
[info] send message to 11: wave#0#29#0
[info] send message to 12: wave#0#29#0
[info] send message to 13: wave#0#29#0
[info] send message to 14: wave#0#29#0
[info] send message to 15: wave#0#29#0
[info] send message to 16: wave#0#29#0
[info] send message to 17: wave#0#29#0
[info] send message to 18: wave#0#29#0
[info] send message to 19: wave#0#29#0
[info] send message to 20: wave#0#29#0
[info] send message to 21: wave#0#29#0
[info] send message to 22: wave#0#29#0
[info] send message to 23: wave#0#29#0
[info] send message to 24: wave#0#29#0
[info] send message to 25: wave#0#29#0
[info] send message to 26: wave#0#29#0
[info] send message to 27: wave#0#29#0
[info] send message to 28: wave#0#29#0
[info] send message to 29: wave#0#29#0
[info] send message to 30: wave#0#29#0
[info] message from 17: wave#0#16#0
[info] message from 9: wave#0#7#0
[info] message from 11: wave#0#20#0
[info] message from 7: wave#0#19#0
[info] message from 4: wave#0#23#0
[info] message from 8: wave#0#4#0
[info] message from 5: wave#0#23#0
[info] message from 2: wave#0#19#0
[info] message from 6: wave#0#23#0
[info] message from 10: wave#0#29#0
[info] message from 13: wave#0#5#0
[info] message from 22: wave#0#9#0
[info] message from 3: wave#0#29#0
[info] message from 12: wave#0#17#0
[info] message from 15: wave#0#23#0
[info] message from 16: wave#0#1#0
[info] message from 18: wave#0#14#0
[info] message from 14: wave#0#28#0
[info] message from 30: wave#0#1#0
[info] message from 19: wave#0#19#0
[info] message from 21: wave#0#28#0
[info] message from 23: wave#0#6#0
[info] message from 26: wave#0#4#0
[info] message from 20: wave#0#4#0
[info] message from 28: wave#0#5#0
[info] message from 27: wave#0#18#0
[info] message from 24: wave#0#18#0
[info] message from 25: wave#0#17#0
[info] message from 11: wave#0#27#0
[info] message from 29: wave#0#13#0
[info] message from 9: wave#0#27#0
[info] message from 7: wave#0#27#0
[info] message from 6: wave#0#27#0
[info] message from 2: wave#0#27#0
[info] message from 17: wave#0#27#0
[info] message from 4: wave#0#27#0
[info] message from 8: wave#0#27#0
[info] message from 5: wave#0#27#0
[info] message from 13: wave#0#27#0
[info] message from 22: wave#0#27#0
[info] message from 12: wave#0#27#0
[info] message from 16: wave#0#27#0
[info] message from 18: wave#0#27#0
[info] message from 15: wave#0#27#0
[info] message from 30: wave#0#27#0
[info] message from 23: wave#0#27#0
[info] message from 19: wave#0#27#0
[info] message from 14: wave#0#29#0
[info] message from 26: wave#0#27#0
[info] message from 21: wave#0#29#0
[info] message from 27: wave#0#27#0
[info] message from 20: wave#0#27#0
[info] message from 28: wave#0#27#0
[info] message from 25: wave#0#27#0
[info] message from 24: wave#0#27#0
[info] message from 9: wave#0#29#0
[info] message from 11: wave#0#29#0
[info] message from 17: wave#0#29#0
[info] message from 8: wave#0#29#0
[info] message from 7: wave#0#29#0
[info] message from 29: wave#0#27#0
[info] message from 6: wave#0#29#0
[info] message from 4: wave#0#29#0
[info] message from 2: wave#0#29#0
[info] message from 5: wave#0#29#0
[info] message from 13: wave#0#29#0
[info] message from 16: wave#0#29#0
[info] message from 22: wave#0#29#0
[info] message from 12: wave#0#29#0
[info] message from 18: wave#0#29#0
[info] message from 23: wave#0#29#0
[info] message from 15: wave#0#29#0
[info] message from 30: wave#0#29#0
[info] message from 19: wave#0#29#0
[info] message from 26: wave#0#29#0
[info] message from 28: wave#0#29#0
[info] message from 27: wave#0#29#0
[info] message from 20: wave#0#29#0
[info] message from 25: wave#0#29#0
[info] message from 24: wave#0#29#0
[info] message from 29: wave#0#29#0
[info] after round 0 : parent is ['1'] and leader id is 29
[info] send message to 1: wave#0#29#1
[info] message from 10: wave#1#30#0
[info] send message to 1: wave#1#30#0
[info] send message to 2: wave#1#30#0
[info] send message to 3: wave#1#30#0
[info] send message to 4: wave#1#30#0
[info] send message to 5: wave#1#30#0
[info] send message to 6: wave#1#30#0
[info] send message to 7: wave#1#30#0
[info] send message to 8: wave#1#30#0
[info] send message to 9: wave#1#30#0
[info] send message to 11: wave#1#30#0
[info] send message to 12: wave#1#30#0
[info] send message to 13: wave#1#30#0
[info] send message to 14: wave#1#30#0
[info] send message to 15: wave#1#30#0
[info] send message to 16: wave#1#30#0
[info] send message to 17: wave#1#30#0
[info] send message to 18: wave#1#30#0
[info] send message to 19: wave#1#30#0
[info] send message to 20: wave#1#30#0
[info] send message to 21: wave#1#30#0
[info] send message to 22: wave#1#30#0
[info] send message to 23: wave#1#30#0
[info] send message to 24: wave#1#30#0
[info] send message to 25: wave#1#30#0
[info] send message to 26: wave#1#30#0
[info] send message to 27: wave#1#30#0
[info] send message to 28: wave#1#30#0
[info] send message to 29: wave#1#30#0
[info] send message to 30: wave#1#30#0
[info] message from 1: wave#1#30#0
[info] message from 2: wave#1#30#0
[info] message from 3: wave#1#30#0
[info] message from 4: wave#1#30#0
[info] message from 6: wave#1#30#0
[info] message from 5: wave#1#30#0
[info] message from 7: wave#1#30#0
[info] message from 8: wave#1#30#0
[info] message from 9: wave#1#30#0
[info] message from 11: wave#1#30#0
[info] message from 12: wave#1#30#0
[info] message from 13: wave#1#30#0
[info] message from 15: wave#1#30#0
[info] message from 14: wave#1#30#0
[info] message from 16: wave#1#30#0
[info] message from 17: wave#1#30#0
[info] message from 19: wave#1#30#0
[info] message from 18: wave#1#30#0
[info] message from 20: wave#1#30#0
[info] message from 21: wave#1#30#0
[info] message from 22: wave#1#30#0
[info] message from 23: wave#1#30#0
[info] message from 24: wave#1#30#0
[info] message from 25: wave#1#30#0
[info] message from 26: wave#1#30#0
[info] message from 27: wave#1#30#0
[info] message from 29: wave#1#30#0
[info] message from 28: wave#1#30#0
[info] message from 30: wave#1#30#0
[info] after round 1 : parent is ['10'] and leader id is 30
[info] send message to 10: wave#1#30#1
[info] message from 1: exit
[info] send message to 2: exit
[info] send message to 3: exit
[info] send message to 4: exit
[info] send message to 5: exit
[info] send message to 7: exit
[info] send message to 8: exit
[info] send message to 9: exit
[info] send message to 10: exit
[info] send message to 11: exit
[info] send message to 12: exit
[info] send message to 13: exit
[info] send message to 14: exit
[info] send message to 15: exit
[info] send message to 16: exit
[info] send message to 17: exit
[info] send message to 18: exit
[info] send message to 19: exit
[info] send message to 20: exit
[info] send message to 21: exit
[info] send message to 22: exit
[info] send message to 23: exit
[info] send message to 24: exit
[info] send message to 25: exit
[info] send message to 26: exit
[info] send message to 27: exit
[info] send message to 28: exit
[info] send message to 29: exit
[info] send message to 30: exit
