[info] Hello from node18
[info] I'm connected to nodes ['1', '18']
[info] I have edges [('18', '1'), ('18', '18')]
[info] -- round 0 started!
[info] -- new id 1 selected!
[info] send message to 1: wave#0#1#0
[info] send message to 18: wave#0#1#0
[info] message from 1: wave#0#18#0
[info] send message to 18: wave#0#18#0
[info] message from 18: wave#0#1#0
[info] after round 0 : parent is ['1'] and leader id is 18
[info] send message to 1: wave#0#18#1
[info] message from 18: wave#0#18#0
[info] after round 0 : parent is ['1'] and leader id is 18
[info] send message to 1: wave#0#18#1
[info] message from 1: wave#0#27#0
[info] send message to 18: wave#0#27#0
[info] message from 18: wave#0#27#0
[info] after round 0 : parent is ['1'] and leader id is 27
[info] send message to 1: wave#0#27#1
[info] message from 1: wave#0#28#0
[info] send message to 18: wave#0#28#0
[info] message from 18: wave#0#28#0
[info] after round 0 : parent is ['1'] and leader id is 28
[info] send message to 1: wave#0#28#1
[info] message from 1: wave#0#30#0
[info] send message to 18: wave#0#30#0
[info] message from 18: wave#0#30#0
[info] after round 0 : parent is ['1'] and leader id is 30
[info] send message to 1: wave#0#30#1
[info] message from 1: wave#1#30#0
[info] send message to 18: wave#1#30#0
[info] message from 18: wave#1#30#0
[info] after round 1 : parent is ['1'] and leader id is 30
[info] send message to 1: wave#1#30#1
[info] message from 1: exit
