[info] Hello from node9
[info] I'm connected to nodes ['1', '9']
[info] I have edges [('9', '1'), ('9', '9')]
[info] -- round 0 started!
[info] -- new id 26 selected!
[info] send message to 1: wave#0#26#0
[info] send message to 9: wave#0#26#0
[info] message from 1: wave#0#18#0
[info] message from 9: wave#0#26#0
[info] message from 1: wave#0#27#0
[info] send message to 9: wave#0#27#0
[info] message from 9: wave#0#27#0
[info] after round 0 : parent is ['1'] and leader id is 27
[info] send message to 1: wave#0#27#1
[info] message from 1: wave#0#28#0
[info] send message to 9: wave#0#28#0
[info] message from 9: wave#0#28#0
[info] after round 0 : parent is ['1'] and leader id is 28
[info] send message to 1: wave#0#28#1
[info] message from 1: wave#0#30#0
[info] send message to 9: wave#0#30#0
[info] message from 9: wave#0#30#0
[info] after round 0 : parent is ['1'] and leader id is 30
[info] send message to 1: wave#0#30#1
[info] message from 1: wave#1#30#0
[info] send message to 9: wave#1#30#0
[info] message from 9: wave#1#30#0
[info] after round 1 : parent is ['1'] and leader id is 30
[info] send message to 1: wave#1#30#1
[info] message from 1: exit
