[info] Hello from node20
[info] I'm connected to nodes ['1', '2', '3', '4', '5', '6', '7', '8', '9', '10', '11', '12', '13', '14', '15', '16', '17', '18', '19', '20', '21', '22', '23', '24', '25', '26', '27', '28', '29', '30']
[info] I have edges [('20', '1'), ('20', '2'), ('20', '3'), ('20', '4'), ('20', '5'), ('20', '6'), ('20', '7'), ('20', '8'), ('20', '9'), ('20', '10'), ('20', '11'), ('20', '12'), ('20', '13'), ('20', '14'), ('20', '15'), ('20', '16'), ('20', '17'), ('20', '18'), ('20', '19'), ('20', '20'), ('20', '21'), ('20', '22'), ('20', '23'), ('20', '24'), ('20', '25'), ('20', '26'), ('20', '27'), ('20', '28'), ('20', '29'), ('20', '30')]
[info] -- round 0 started!
[info] -- new id 2 selected!
[info] send message to 1: wave#0#2#0
[info] send message to 2: wave#0#2#0
[info] send message to 3: wave#0#2#0
[info] send message to 4: wave#0#2#0
[info] send message to 5: wave#0#2#0
[info] send message to 6: wave#0#2#0
[info] send message to 7: wave#0#2#0
[info] send message to 8: wave#0#2#0
[info] send message to 9: wave#0#2#0
[info] send message to 10: wave#0#2#0
[info] send message to 11: wave#0#2#0
[info] send message to 12: wave#0#2#0
[info] send message to 13: wave#0#2#0
[info] send message to 14: wave#0#2#0
[info] send message to 15: wave#0#2#0
[info] send message to 16: wave#0#2#0
[info] send message to 17: wave#0#2#0
[info] send message to 18: wave#0#2#0
[info] send message to 19: wave#0#2#0
[info] send message to 20: wave#0#2#0
[info] send message to 21: wave#0#2#0
[info] send message to 22: wave#0#2#0
[info] send message to 23: wave#0#2#0
[info] send message to 24: wave#0#2#0
[info] send message to 25: wave#0#2#0
[info] send message to 26: wave#0#2#0
[info] send message to 27: wave#0#2#0
[info] send message to 28: wave#0#2#0
[info] send message to 29: wave#0#2#0
[info] send message to 30: wave#0#2#0
[info] message from 11: wave#0#9#0
[info] send message to 1: wave#0#9#0
[info] send message to 2: wave#0#9#0
[info] send message to 3: wave#0#9#0
[info] send message to 4: wave#0#9#0
[info] send message to 5: wave#0#9#0
[info] send message to 6: wave#0#9#0
[info] send message to 7: wave#0#9#0
[info] send message to 8: wave#0#9#0
[info] send message to 9: wave#0#9#0
[info] send message to 10: wave#0#9#0
[info] send message to 12: wave#0#9#0
[info] send message to 13: wave#0#9#0
[info] send message to 14: wave#0#9#0
[info] send message to 15: wave#0#9#0
[info] send message to 16: wave#0#9#0
[info] send message to 17: wave#0#9#0
[info] send message to 18: wave#0#9#0
[info] send message to 19: wave#0#9#0
[info] send message to 20: wave#0#9#0
[info] send message to 21: wave#0#9#0
[info] send message to 22: wave#0#9#0
[info] send message to 23: wave#0#9#0
[info] send message to 24: wave#0#9#0
[info] send message to 25: wave#0#9#0
[info] send message to 26: wave#0#9#0
[info] send message to 27: wave#0#9#0
[info] send message to 28: wave#0#9#0
[info] send message to 29: wave#0#9#0
[info] send message to 30: wave#0#9#0
[info] message from 2: wave#0#12#0
[info] send message to 1: wave#0#12#0
[info] send message to 3: wave#0#12#0
[info] send message to 4: wave#0#12#0
[info] send message to 5: wave#0#12#0
[info] send message to 6: wave#0#12#0
[info] send message to 7: wave#0#12#0
[info] send message to 8: wave#0#12#0
[info] send message to 9: wave#0#12#0
[info] send message to 10: wave#0#12#0
[info] send message to 11: wave#0#12#0
[info] send message to 12: wave#0#12#0
[info] send message to 13: wave#0#12#0
[info] send message to 14: wave#0#12#0
[info] send message to 15: wave#0#12#0
[info] send message to 16: wave#0#12#0
[info] send message to 17: wave#0#12#0
[info] send message to 18: wave#0#12#0
[info] send message to 19: wave#0#12#0
[info] send message to 20: wave#0#12#0
[info] send message to 21: wave#0#12#0
[info] send message to 22: wave#0#12#0
[info] send message to 23: wave#0#12#0
[info] send message to 24: wave#0#12#0
[info] send message to 25: wave#0#12#0
[info] send message to 26: wave#0#12#0
[info] send message to 27: wave#0#12#0
[info] send message to 28: wave#0#12#0
[info] send message to 29: wave#0#12#0
[info] send message to 30: wave#0#12#0
[info] message from 1: wave#0#26#0
[info] send message to 2: wave#0#26#0
[info] send message to 3: wave#0#26#0
[info] send message to 4: wave#0#26#0
[info] send message to 5: wave#0#26#0
[info] send message to 6: wave#0#26#0
[info] send message to 7: wave#0#26#0
[info] send message to 8: wave#0#26#0
[info] send message to 9: wave#0#26#0
[info] send message to 10: wave#0#26#0
[info] send message to 11: wave#0#26#0
[info] send message to 12: wave#0#26#0
[info] send message to 13: wave#0#26#0
[info] send message to 14: wave#0#26#0
[info] send message to 15: wave#0#26#0
[info] send message to 16: wave#0#26#0
[info] send message to 17: wave#0#26#0
[info] send message to 18: wave#0#26#0
[info] send message to 19: wave#0#26#0
[info] send message to 20: wave#0#26#0
[info] send message to 21: wave#0#26#0
[info] send message to 22: wave#0#26#0
[info] send message to 23: wave#0#26#0
[info] send message to 24: wave#0#26#0
[info] send message to 25: wave#0#26#0
[info] send message to 26: wave#0#26#0
[info] send message to 27: wave#0#26#0
[info] send message to 28: wave#0#26#0
[info] send message to 29: wave#0#26#0
[info] send message to 30: wave#0#26#0
[info] message from 7: wave#0#21#0
[info] message from 9: wave#0#28#0
[info] send message to 1: wave#0#28#0
[info] send message to 2: wave#0#28#0
[info] send message to 3: wave#0#28#0
[info] send message to 4: wave#0#28#0
[info] send message to 5: wave#0#28#0
[info] send message to 6: wave#0#28#0
[info] send message to 7: wave#0#28#0
[info] send message to 8: wave#0#28#0
[info] send message to 10: wave#0#28#0
[info] send message to 11: wave#0#28#0
[info] send message to 12: wave#0#28#0
[info] send message to 13: wave#0#28#0
[info] send message to 14: wave#0#28#0
[info] send message to 15: wave#0#28#0
[info] send message to 16: wave#0#28#0
[info] send message to 17: wave#0#28#0
[info] send message to 18: wave#0#28#0
[info] send message to 19: wave#0#28#0
[info] send message to 20: wave#0#28#0
[info] send message to 21: wave#0#28#0
[info] send message to 22: wave#0#28#0
[info] send message to 23: wave#0#28#0
[info] send message to 24: wave#0#28#0
[info] send message to 25: wave#0#28#0
[info] send message to 26: wave#0#28#0
[info] send message to 27: wave#0#28#0
[info] send message to 28: wave#0#28#0
[info] send message to 29: wave#0#28#0
[info] send message to 30: wave#0#28#0
[info] message from 6: wave#0#18#0
[info] message from 4: wave#0#26#0
[info] message from 12: wave#0#28#0
[info] message from 8: wave#0#21#0
[info] message from 18: wave#0#28#0
[info] message from 3: wave#0#1#0
[info] message from 19: wave#0#23#0
[info] message from 15: wave#0#28#0
[info] message from 5: wave#0#1#0
[info] message from 10: wave#0#25#0
[info] message from 13: wave#0#12#0
[info] message from 23: wave#0#11#0
[info] message from 16: wave#0#13#0
[info] message from 21: wave#0#11#0
[info] message from 20: wave#0#2#0
[info] message from 22: wave#0#2#0
[info] message from 27: wave#0#27#0
[info] message from 24: wave#0#8#0
[info] message from 29: wave#0#3#0
[info] message from 17: wave#0#17#0
[info] message from 28: wave#0#1#0
[info] message from 14: wave#0#11#0
[info] message from 25: wave#0#17#0
[info] message from 30: wave#0#17#0
[info] message from 26: wave#0#20#0
[info] message from 1: wave#0#28#0
[info] message from 11: wave#0#12#0
[info] message from 2: wave#0#28#0
[info] message from 7: wave#0#28#0
[info] message from 6: wave#0#28#0
[info] message from 4: wave#0#28#0
[info] message from 3: wave#0#9#0
[info] message from 8: wave#0#28#0
[info] message from 16: wave#0#21#0
[info] message from 19: wave#0#26#0
[info] message from 5: wave#0#12#0
[info] message from 10: wave#0#28#0
[info] message from 23: wave#0#12#0
[info] message from 21: wave#0#12#0
[info] message from 13: wave#0#28#0
[info] message from 27: wave#0#28#0
[info] message from 22: wave#0#9#0
[info] message from 29: wave#0#9#0
[info] message from 20: wave#0#9#0
[info] message from 14: wave#0#12#0
[info] message from 17: wave#0#26#0
[info] message from 24: wave#0#9#0
[info] message from 28: wave#0#9#0
[info] message from 25: wave#0#21#0
[info] message from 11: wave#0#28#0
[info] message from 30: wave#0#26#0
[info] message from 26: wave#0#21#0
[info] message from 3: wave#0#12#0
[info] message from 19: wave#0#28#0
[info] message from 16: wave#0#26#0
[info] message from 5: wave#0#28#0
[info] message from 23: wave#0#26#0
[info] message from 29: wave#0#12#0
[info] message from 21: wave#0#26#0
[info] message from 20: wave#0#12#0
[info] message from 14: wave#0#21#0
[info] message from 22: wave#0#12#0
[info] message from 28: wave#0#12#0
[info] message from 17: wave#0#28#0
[info] message from 24: wave#0#12#0
[info] message from 25: wave#0#26#0
[info] message from 26: wave#0#26#0
[info] message from 30: wave#0#28#0
[info] message from 3: wave#0#28#0
[info] message from 23: wave#0#28#0
[info] message from 16: wave#0#28#0
[info] message from 21: wave#0#28#0
[info] message from 20: wave#0#26#0
[info] message from 14: wave#0#28#0
[info] message from 29: wave#0#21#0
[info] message from 22: wave#0#26#0
[info] message from 28: wave#0#21#0
[info] message from 24: wave#0#26#0
[info] message from 25: wave#0#28#0
[info] message from 26: wave#0#28#0
[info] message from 20: wave#0#28#0
[info] message from 29: wave#0#26#0
[info] message from 28: wave#0#26#0
[info] message from 22: wave#0#28#0
[info] message from 24: wave#0#28#0
[info] message from 29: wave#0#28#0
[info] message from 28: wave#0#28#0
[info] after round 0 : parent is ['9'] and leader id is 28
[info] send message to 9: wave#0#28#1
[info] message from 12: wave#1#19#0
[info] send message to 1: wave#1#19#0
[info] send message to 2: wave#1#19#0
[info] send message to 3: wave#1#19#0
[info] send message to 4: wave#1#19#0
[info] send message to 5: wave#1#19#0
[info] send message to 6: wave#1#19#0
[info] send message to 7: wave#1#19#0
[info] send message to 8: wave#1#19#0
[info] send message to 9: wave#1#19#0
[info] send message to 10: wave#1#19#0
[info] send message to 11: wave#1#19#0
[info] send message to 13: wave#1#19#0
[info] send message to 14: wave#1#19#0
[info] send message to 15: wave#1#19#0
[info] send message to 16: wave#1#19#0
[info] send message to 17: wave#1#19#0
[info] send message to 18: wave#1#19#0
[info] send message to 19: wave#1#19#0
[info] send message to 20: wave#1#19#0
[info] send message to 21: wave#1#19#0
[info] send message to 22: wave#1#19#0
[info] send message to 23: wave#1#19#0
[info] send message to 24: wave#1#19#0
[info] send message to 25: wave#1#19#0
[info] send message to 26: wave#1#19#0
[info] send message to 27: wave#1#19#0
[info] send message to 28: wave#1#19#0
[info] send message to 29: wave#1#19#0
[info] send message to 30: wave#1#19#0
[info] message from 1: wave#1#19#0
[info] message from 2: wave#1#19#0
[info] message from 15: wave#1#5#0
[info] message from 3: wave#1#19#0
[info] message from 5: wave#1#19#0
[info] message from 4: wave#1#19#0
[info] message from 9: wave#1#19#0
[info] message from 6: wave#1#19#0
[info] message from 7: wave#1#19#0
[info] message from 18: wave#1#27#0
[info] send message to 1: wave#1#27#0
[info] send message to 2: wave#1#27#0
[info] send message to 3: wave#1#27#0
[info] send message to 4: wave#1#27#0
[info] send message to 5: wave#1#27#0
[info] send message to 6: wave#1#27#0
[info] send message to 7: wave#1#27#0
[info] send message to 8: wave#1#27#0
[info] send message to 9: wave#1#27#0
[info] send message to 10: wave#1#27#0
[info] send message to 11: wave#1#27#0
[info] send message to 12: wave#1#27#0
[info] send message to 13: wave#1#27#0
[info] send message to 14: wave#1#27#0
[info] send message to 15: wave#1#27#0
[info] send message to 16: wave#1#27#0
[info] send message to 17: wave#1#27#0
[info] send message to 19: wave#1#27#0
[info] send message to 20: wave#1#27#0
[info] send message to 21: wave#1#27#0
[info] send message to 22: wave#1#27#0
[info] send message to 23: wave#1#27#0
[info] send message to 24: wave#1#27#0
[info] send message to 25: wave#1#27#0
[info] send message to 26: wave#1#27#0
[info] send message to 27: wave#1#27#0
[info] send message to 28: wave#1#27#0
[info] send message to 29: wave#1#27#0
[info] send message to 30: wave#1#27#0
[info] message from 8: wave#1#19#0
[info] message from 10: wave#1#19#0
[info] message from 11: wave#1#19#0
[info] message from 13: wave#1#19#0
[info] message from 14: wave#1#19#0
[info] message from 16: wave#1#19#0
[info] message from 19: wave#1#19#0
[info] message from 17: wave#1#19#0
[info] message from 20: wave#1#19#0
[info] message from 21: wave#1#19#0
[info] message from 23: wave#1#19#0
[info] message from 22: wave#1#19#0
[info] message from 25: wave#1#19#0
[info] message from 24: wave#1#19#0
[info] message from 26: wave#1#19#0
[info] message from 27: wave#1#19#0
[info] message from 29: wave#1#19#0
[info] message from 28: wave#1#19#0
[info] message from 12: wave#1#27#0
[info] message from 30: wave#1#19#0
[info] message from 3: wave#1#27#0
[info] message from 2: wave#1#27#0
[info] message from 4: wave#1#27#0
[info] message from 1: wave#1#27#0
[info] message from 5: wave#1#27#0
[info] message from 15: wave#1#19#0
[info] message from 9: wave#1#27#0
[info] message from 7: wave#1#27#0
[info] message from 6: wave#1#27#0
[info] message from 8: wave#1#27#0
[info] message from 13: wave#1#27#0
[info] message from 11: wave#1#27#0
[info] message from 10: wave#1#27#0
[info] message from 16: wave#1#27#0
[info] message from 14: wave#1#27#0
[info] message from 19: wave#1#27#0
[info] message from 25: wave#1#27#0
[info] message from 17: wave#1#27#0
[info] message from 23: wave#1#27#0
[info] message from 21: wave#1#27#0
[info] message from 22: wave#1#27#0
[info] message from 24: wave#1#27#0
[info] message from 20: wave#1#27#0
[info] message from 26: wave#1#27#0
[info] message from 29: wave#1#27#0
[info] message from 27: wave#1#27#0
[info] message from 30: wave#1#27#0
[info] message from 28: wave#1#27#0
[info] message from 15: wave#1#27#0
[info] after round 1 : parent is ['18'] and leader id is 27
[info] send message to 18: wave#1#27#1
[info] message from 18: exit
[info] send message to 1: exit
[info] send message to 2: exit
[info] send message to 3: exit
[info] send message to 4: exit
[info] send message to 5: exit
[info] send message to 6: exit
[info] send message to 7: exit
[info] send message to 8: exit
[info] send message to 9: exit
[info] send message to 10: exit
[info] send message to 11: exit
[info] send message to 12: exit
[info] send message to 13: exit
[info] send message to 14: exit
[info] send message to 15: exit
[info] send message to 16: exit
[info] send message to 17: exit
[info] send message to 19: exit
[info] send message to 21: exit
[info] send message to 22: exit
[info] send message to 23: exit
[info] send message to 24: exit
[info] send message to 25: exit
[info] send message to 26: exit
[info] send message to 27: exit
[info] send message to 28: exit
[info] send message to 29: exit
[info] send message to 30: exit
