[info] Hello from node3
[info] I'm connected to nodes ['2', '3', '4']
[info] I have edges [('3', '2'), ('3', '3'), ('3', '4')]
[info] -- round 0 started!
[info] -- new id 23 selected!
[info] send message to 2: wave#0#23#0
[info] send message to 3: wave#0#23#0
[info] send message to 4: wave#0#23#0
[info] message from 2: wave#0#18#0
[info] message from 2: wave#0#34#0
[info] send message to 3: wave#0#34#0
[info] send message to 4: wave#0#34#0
[info] message from 3: wave#0#23#0
[info] message from 4: wave#0#25#0
[info] message from 3: wave#0#34#0
[info] message from 4: wave#0#35#0
[info] send message to 2: wave#0#35#0
[info] send message to 3: wave#0#35#0
[info] message from 3: wave#0#35#0
[info] message from 2: wave#0#35#2
[info] after round 0 : parent is ['4'] and leader id is 35
[info] send message to 4: wave#0#35#3
[info] message from 4: wave#0#36#0
[info] send message to 2: wave#0#36#0
[info] send message to 3: wave#0#36#0
[info] message from 3: wave#0#36#0
[info] message from 2: wave#0#36#2
[info] after round 0 : parent is ['4'] and leader id is 36
[info] send message to 4: wave#0#36#3
[info] message from 4: wave#0#37#0
[info] send message to 2: wave#0#37#0
[info] send message to 3: wave#0#37#0
[info] message from 3: wave#0#37#0
[info] message from 2: wave#0#37#2
[info] after round 0 : parent is ['4'] and leader id is 37
[info] send message to 4: wave#0#37#3
[info] message from 4: exit
[info] send message to 2: exit
