[info] Hello from node39
[info] I'm connected to nodes ['38', '39', '40']
[info] I have edges [('39', '38'), ('39', '39'), ('39', '40')]
[info] -- round 0 started!
[info] -- new id 11 selected!
[info] send message to 38: wave#0#11#0
[info] send message to 39: wave#0#11#0
[info] send message to 40: wave#0#11#0
[info] message from 40: wave#0#16#0
[info] send message to 38: wave#0#16#0
[info] send message to 39: wave#0#16#0
[info] message from 38: wave#0#37#0
[info] send message to 39: wave#0#37#0
[info] send message to 40: wave#0#37#0
[info] message from 39: wave#0#11#0
[info] message from 39: wave#0#16#0
[info] message from 39: wave#0#37#0
[info] message from 40: wave#0#37#1
[info] after round 0 : parent is ['38'] and leader id is 37
[info] send message to 38: wave#0#37#2
[info] message from 38: exit
[info] send message to 40: exit
