[info] Hello from node18
[info] I'm connected to nodes ['17', '18', '19']
[info] I have edges [('18', '17'), ('18', '18'), ('18', '19')]
[info] -- round 0 started!
[info] -- new id 3 selected!
[info] send message to 17: wave#0#3#0
[info] send message to 18: wave#0#3#0
[info] send message to 19: wave#0#3#0
[info] message from 19: wave#0#5#0
[info] send message to 17: wave#0#5#0
[info] send message to 18: wave#0#5#0
[info] message from 18: wave#0#3#0
[info] message from 18: wave#0#5#0
[info] message from 19: wave#0#19#0
[info] send message to 17: wave#0#19#0
[info] send message to 18: wave#0#19#0
[info] message from 18: wave#0#19#0
[info] message from 19: wave#0#31#0
[info] send message to 17: wave#0#31#0
[info] send message to 18: wave#0#31#0
[info] message from 18: wave#0#31#0
[info] message from 17: wave#0#23#0
[info] message from 17: wave#0#30#0
[info] message from 17: wave#0#33#0
[info] send message to 18: wave#0#33#0
[info] send message to 19: wave#0#33#0
[info] message from 18: wave#0#33#0
[info] message from 17: wave#0#36#0
[info] send message to 18: wave#0#36#0
[info] send message to 19: wave#0#36#0
[info] message from 18: wave#0#36#0
[info] message from 19: wave#0#37#0
[info] send message to 17: wave#0#37#0
[info] send message to 18: wave#0#37#0
[info] message from 18: wave#0#37#0
[info] message from 17: wave#0#37#17
[info] after round 0 : parent is ['19'] and leader id is 37
[info] send message to 19: wave#0#37#18
[info] message from 19: exit
[info] send message to 17: exit
