[info] Hello from node24
[info] I'm connected to nodes ['23', '24', '25']
[info] I have edges [('24', '23'), ('24', '24'), ('24', '25')]
[info] -- round 0 started!
[info] -- new id 7 selected!
[info] send message to 23: wave#0#7#0
[info] send message to 24: wave#0#7#0
[info] send message to 25: wave#0#7#0
[info] message from 24: wave#0#7#0
[info] message from 25: wave#0#13#0
[info] send message to 23: wave#0#13#0
[info] send message to 24: wave#0#13#0
[info] message from 24: wave#0#13#0
[info] message from 23: wave#0#16#0
[info] send message to 24: wave#0#16#0
[info] send message to 25: wave#0#16#0
[info] message from 24: wave#0#16#0
[info] message from 23: wave#0#31#0
[info] send message to 24: wave#0#31#0
[info] send message to 25: wave#0#31#0
[info] message from 24: wave#0#31#0
[info] message from 25: wave#0#29#0
[info] message from 25: wave#0#33#0
[info] send message to 23: wave#0#33#0
[info] send message to 24: wave#0#33#0
[info] message from 24: wave#0#33#0
[info] message from 23: wave#0#33#2
[info] after round 0 : parent is ['25'] and leader id is 33
[info] send message to 25: wave#0#33#3
[info] message from 23: wave#0#36#0
[info] send message to 24: wave#0#36#0
[info] send message to 25: wave#0#36#0
[info] message from 24: wave#0#36#0
[info] message from 25: wave#0#37#0
[info] send message to 23: wave#0#37#0
[info] send message to 24: wave#0#37#0
[info] message from 24: wave#0#37#0
[info] message from 23: wave#0#37#23
[info] after round 0 : parent is ['25'] and leader id is 37
[info] send message to 25: wave#0#37#24
[info] message from 25: exit
[info] send message to 23: exit
