[info] Hello from node30
[info] I'm connected to nodes ['29', '30', '31']
[info] I have edges [('30', '29'), ('30', '30'), ('30', '31')]
[info] -- round 0 started!
[info] -- new id 21 selected!
[info] send message to 29: wave#0#21#0
[info] send message to 30: wave#0#21#0
[info] send message to 31: wave#0#21#0
[info] message from 29: wave#0#1#0
[info] message from 30: wave#0#21#0
[info] message from 31: wave#0#3#0
[info] message from 29: wave#0#33#0
[info] send message to 30: wave#0#33#0
[info] send message to 31: wave#0#33#0
[info] message from 30: wave#0#33#0
[info] message from 31: wave#0#22#0
[info] message from 31: wave#0#37#0
[info] send message to 29: wave#0#37#0
[info] send message to 30: wave#0#37#0
[info] message from 30: wave#0#37#0
[info] message from 29: wave#0#37#29
[info] after round 0 : parent is ['31'] and leader id is 37
[info] send message to 31: wave#0#37#30
[info] message from 31: exit
[info] send message to 29: exit
