[info] Hello from node8
[info] I'm connected to nodes ['7', '8', '9']
[info] I have edges [('8', '7'), ('8', '8'), ('8', '9')]
[info] -- round 0 started!
[info] -- new id 33 selected!
[info] send message to 7: wave#0#33#0
[info] send message to 8: wave#0#33#0
[info] send message to 9: wave#0#33#0
[info] message from 9: wave#0#22#0
[info] message from 7: wave#0#5#0
[info] message from 9: wave#0#35#0
[info] send message to 7: wave#0#35#0
[info] send message to 8: wave#0#35#0
[info] message from 7: wave#0#26#0
[info] message from 7: wave#0#34#0
[info] message from 8: wave#0#33#0
[info] message from 8: wave#0#35#0
[info] message from 9: wave#0#36#0
[info] send message to 7: wave#0#36#0
[info] send message to 8: wave#0#36#0
[info] message from 8: wave#0#36#0
[info] message from 7: wave#0#36#7
[info] after round 0 : parent is ['9'] and leader id is 36
[info] send message to 9: wave#0#36#8
[info] message from 9: wave#0#37#0
[info] send message to 7: wave#0#37#0
[info] send message to 8: wave#0#37#0
[info] message from 8: wave#0#37#0
[info] message from 7: wave#0#37#7
[info] after round 0 : parent is ['9'] and leader id is 37
[info] send message to 9: wave#0#37#8
[info] message from 9: exit
[info] send message to 7: exit
