[info] Hello from node23
[info] I'm connected to nodes ['22', '23', '24']
[info] I have edges [('23', '22'), ('23', '23'), ('23', '24')]
[info] -- round 0 started!
[info] -- new id 16 selected!
[info] send message to 22: wave#0#16#0
[info] send message to 23: wave#0#16#0
[info] send message to 24: wave#0#16#0
[info] message from 22: wave#0#31#0
[info] send message to 23: wave#0#31#0
[info] send message to 24: wave#0#31#0
[info] message from 24: wave#0#7#0
[info] message from 24: wave#0#13#0
[info] message from 23: wave#0#16#0
[info] message from 23: wave#0#31#0
[info] message from 24: wave#0#33#0
[info] send message to 22: wave#0#33#0
[info] send message to 23: wave#0#33#0
[info] message from 23: wave#0#33#0
[info] message from 22: wave#0#33#1
[info] after round 0 : parent is ['24'] and leader id is 33
[info] send message to 24: wave#0#33#2
[info] message from 22: wave#0#36#0
[info] send message to 23: wave#0#36#0
[info] send message to 24: wave#0#36#0
[info] message from 23: wave#0#36#0
[info] message from 24: wave#0#37#0
[info] send message to 22: wave#0#37#0
[info] send message to 23: wave#0#37#0
[info] message from 23: wave#0#37#0
[info] message from 22: wave#0#37#22
[info] after round 0 : parent is ['24'] and leader id is 37
[info] send message to 24: wave#0#37#23
[info] message from 24: exit
[info] send message to 22: exit
