[info] Hello from node26
[info] I'm connected to nodes ['25', '26', '27']
[info] I have edges [('26', '25'), ('26', '26'), ('26', '27')]
[info] -- round 0 started!
[info] -- new id 29 selected!
[info] send message to 25: wave#0#29#0
[info] send message to 26: wave#0#29#0
[info] send message to 27: wave#0#29#0
[info] message from 25: wave#0#13#0
[info] message from 27: wave#0#18#0
[info] message from 26: wave#0#29#0
[info] message from 25: wave#0#16#0
[info] message from 25: wave#0#31#0
[info] send message to 26: wave#0#31#0
[info] send message to 27: wave#0#31#0
[info] message from 26: wave#0#31#0
[info] message from 27: wave#0#33#0
[info] send message to 25: wave#0#33#0
[info] send message to 26: wave#0#33#0
[info] message from 26: wave#0#33#0
[info] message from 25: wave#0#33#4
[info] after round 0 : parent is ['27'] and leader id is 33
[info] send message to 27: wave#0#33#5
[info] message from 27: wave#0#37#0
[info] send message to 25: wave#0#37#0
[info] send message to 26: wave#0#37#0
[info] message from 25: wave#0#36#0
[info] message from 26: wave#0#37#0
[info] message from 25: wave#0#37#25
[info] after round 0 : parent is ['27'] and leader id is 37
[info] send message to 27: wave#0#37#26
[info] message from 27: exit
[info] send message to 25: exit
