[info] Hello from node36
[info] I'm connected to nodes ['35', '36', '37']
[info] I have edges [('36', '35'), ('36', '36'), ('36', '37')]
[info] -- round 0 started!
[info] -- new id 13 selected!
[info] send message to 35: wave#0#13#0
[info] send message to 36: wave#0#13#0
[info] send message to 37: wave#0#13#0
[info] message from 35: wave#0#5#0
[info] message from 37: wave#0#29#0
[info] send message to 35: wave#0#29#0
[info] send message to 36: wave#0#29#0
[info] message from 35: wave#0#22#0
[info] message from 35: wave#0#44#0
[info] send message to 36: wave#0#44#0
[info] send message to 37: wave#0#44#0
[info] message from 36: wave#0#13#0
[info] message from 36: wave#0#29#0
[info] message from 36: wave#0#44#0
[info] message from 37: wave#0#34#0
[info] message from 37: wave#0#44#10
[info] after round 0 : parent is ['35'] and leader id is 44
[info] send message to 35: wave#0#44#11
[info] message from 35: exit
[info] send message to 37: exit
