[info] Hello from node32
[info] I'm connected to nodes ['31', '32', '33']
[info] I have edges [('32', '31'), ('32', '32'), ('32', '33')]
[info] -- round 0 started!
[info] -- new id 33 selected!
[info] send message to 31: wave#0#33#0
[info] send message to 32: wave#0#33#0
[info] send message to 33: wave#0#33#0
[info] message from 33: wave#0#44#0
[info] send message to 31: wave#0#44#0
[info] send message to 32: wave#0#44#0
[info] message from 31: wave#0#7#0
[info] message from 31: wave#0#24#0
[info] message from 32: wave#0#33#0
[info] message from 32: wave#0#44#0
[info] message from 31: wave#0#44#30
[info] after round 0 : parent is ['33'] and leader id is 44
[info] send message to 33: wave#0#44#31
[info] message from 33: exit
[info] send message to 31: exit
