[info] Hello from node37
[info] I'm connected to nodes ['36', '37', '38']
[info] I have edges [('37', '36'), ('37', '37'), ('37', '38')]
[info] -- round 0 started!
[info] -- new id 29 selected!
[info] send message to 36: wave#0#29#0
[info] send message to 37: wave#0#29#0
[info] send message to 38: wave#0#29#0
[info] message from 38: wave#0#6#0
[info] message from 38: wave#0#13#0
[info] message from 37: wave#0#29#0
[info] message from 36: wave#0#13#0
[info] message from 38: wave#0#34#0
[info] send message to 36: wave#0#34#0
[info] send message to 37: wave#0#34#0
[info] message from 36: wave#0#44#0
[info] send message to 37: wave#0#44#0
[info] send message to 38: wave#0#44#0
[info] message from 37: wave#0#34#0
[info] message from 37: wave#0#44#0
[info] message from 38: wave#0#42#0
[info] message from 38: wave#0#44#9
[info] after round 0 : parent is ['36'] and leader id is 44
[info] send message to 36: wave#0#44#10
[info] message from 36: exit
[info] send message to 38: exit
