[info] Hello from node16
[info] I'm connected to nodes ['15', '16', '17']
[info] I have edges [('16', '15'), ('16', '16'), ('16', '17')]
[info] -- round 0 started!
[info] -- new id 3 selected!
[info] send message to 15: wave#0#3#0
[info] send message to 16: wave#0#3#0
[info] send message to 17: wave#0#3#0
[info] message from 15: wave#0#1#0
[info] message from 15: wave#0#10#0
[info] send message to 16: wave#0#10#0
[info] send message to 17: wave#0#10#0
[info] message from 17: wave#0#21#0
[info] send message to 15: wave#0#21#0
[info] send message to 16: wave#0#21#0
[info] message from 15: wave#0#41#0
[info] send message to 16: wave#0#41#0
[info] send message to 17: wave#0#41#0
[info] message from 17: wave#0#30#0
[info] message from 16: wave#0#3#0
[info] message from 17: wave#0#32#0
[info] message from 16: wave#0#10#0
[info] message from 17: wave#0#42#0
[info] send message to 15: wave#0#42#0
[info] send message to 16: wave#0#42#0
[info] message from 16: wave#0#21#0
[info] message from 16: wave#0#41#0
[info] message from 15: wave#0#42#0
[info] after round 0 : parent is ['17'] and leader id is 42
[info] send message to 17: wave#0#42#1
[info] message from 16: wave#0#42#0
[info] after round 0 : parent is ['17'] and leader id is 42
[info] send message to 17: wave#0#42#1
[info] message from 17: wave#0#44#0
[info] send message to 15: wave#0#44#0
[info] send message to 16: wave#0#44#0
[info] message from 16: wave#0#44#0
[info] message from 15: wave#0#44#14
[info] after round 0 : parent is ['17'] and leader id is 44
[info] send message to 17: wave#0#44#15
[info] message from 17: exit
[info] send message to 15: exit
