[info] Hello from node25
[info] I'm connected to nodes ['24', '25', '26']
[info] I have edges [('25', '24'), ('25', '25'), ('25', '26')]
[info] -- round 0 started!
[info] -- new id 15 selected!
[info] send message to 24: wave#0#15#0
[info] send message to 25: wave#0#15#0
[info] send message to 26: wave#0#15#0
[info] message from 25: wave#0#15#0
[info] message from 24: wave#0#17#0
[info] send message to 25: wave#0#17#0
[info] send message to 26: wave#0#17#0
[info] message from 25: wave#0#17#0
[info] message from 26: wave#0#36#0
[info] send message to 24: wave#0#36#0
[info] send message to 25: wave#0#36#0
[info] message from 25: wave#0#36#0
[info] message from 24: wave#0#42#0
[info] send message to 25: wave#0#42#0
[info] send message to 26: wave#0#42#0
[info] message from 25: wave#0#42#0
[info] message from 26: wave#0#44#0
[info] send message to 24: wave#0#44#0
[info] send message to 25: wave#0#44#0
[info] message from 25: wave#0#44#0
[info] message from 24: wave#0#44#23
[info] after round 0 : parent is ['26'] and leader id is 44
[info] send message to 26: wave#0#44#24
[info] message from 26: exit
[info] send message to 24: exit
