[info] Hello from node15
[info] I'm connected to nodes ['14', '15', '16']
[info] I have edges [('15', '14'), ('15', '15'), ('15', '16')]
[info] -- round 0 started!
[info] -- new id 1 selected!
[info] send message to 14: wave#0#1#0
[info] send message to 15: wave#0#1#0
[info] send message to 16: wave#0#1#0
[info] message from 15: wave#0#1#0
[info] message from 14: wave#0#10#0
[info] send message to 15: wave#0#10#0
[info] send message to 16: wave#0#10#0
[info] message from 15: wave#0#10#0
[info] message from 14: wave#0#41#0
[info] send message to 15: wave#0#41#0
[info] send message to 16: wave#0#41#0
[info] message from 15: wave#0#41#0
[info] message from 16: wave#0#3#0
[info] message from 16: wave#0#21#0
[info] message from 14: wave#0#42#0
[info] send message to 15: wave#0#42#0
[info] send message to 16: wave#0#42#0
[info] message from 15: wave#0#42#0
[info] message from 16: wave#0#42#0
[info] after round 0 : parent is ['14'] and leader id is 42
[info] send message to 14: wave#0#42#1
[info] message from 16: wave#0#44#0
[info] send message to 14: wave#0#44#0
[info] send message to 15: wave#0#44#0
[info] message from 15: wave#0#44#0
[info] message from 14: wave#0#44#13
[info] after round 0 : parent is ['16'] and leader id is 44
[info] send message to 16: wave#0#44#14
[info] message from 16: exit
[info] send message to 14: exit
