[info] Hello from node40
[info] I'm connected to nodes ['39', '40', '41']
[info] I have edges [('40', '39'), ('40', '40'), ('40', '41')]
[info] -- round 0 started!
[info] -- new id 26 selected!
[info] send message to 39: wave#0#26#0
[info] send message to 40: wave#0#26#0
[info] send message to 41: wave#0#26#0
[info] message from 39: wave#0#13#0
[info] message from 41: wave#0#28#0
[info] send message to 39: wave#0#28#0
[info] send message to 40: wave#0#28#0
[info] message from 40: wave#0#26#0
[info] message from 41: wave#0#34#0
[info] send message to 39: wave#0#34#0
[info] send message to 40: wave#0#34#0
[info] message from 41: wave#0#42#0
[info] send message to 39: wave#0#42#0
[info] send message to 40: wave#0#42#0
[info] message from 39: wave#0#29#0
[info] message from 40: wave#0#28#0
[info] message from 40: wave#0#34#0
[info] message from 40: wave#0#42#0
[info] message from 39: wave#0#44#0
[info] send message to 40: wave#0#44#0
[info] send message to 41: wave#0#44#0
[info] message from 40: wave#0#44#0
[info] message from 41: wave#0#44#6
[info] after round 0 : parent is ['39'] and leader id is 44
[info] send message to 39: wave#0#44#7
[info] message from 39: exit
[info] send message to 41: exit
