[info] Hello from node20
[info] I'm connected to nodes ['19', '20', '21']
[info] I have edges [('20', '19'), ('20', '20'), ('20', '21')]
[info] -- round 0 started!
[info] -- new id 32 selected!
[info] send message to 19: wave#0#32#0
[info] send message to 20: wave#0#32#0
[info] send message to 21: wave#0#32#0
[info] message from 20: wave#0#32#0
[info] message from 19: wave#0#23#0
[info] message from 21: wave#0#27#0
[info] message from 21: wave#0#42#0
[info] send message to 19: wave#0#42#0
[info] send message to 20: wave#0#42#0
[info] message from 20: wave#0#42#0
[info] message from 19: wave#0#42#4
[info] after round 0 : parent is ['21'] and leader id is 42
[info] send message to 21: wave#0#42#5
[info] message from 19: wave#0#42#10
[info] after round 0 : parent is ['21'] and leader id is 42
[info] send message to 21: wave#0#42#15
[info] message from 21: wave#0#44#0
[info] send message to 19: wave#0#44#0
[info] send message to 20: wave#0#44#0
[info] message from 20: wave#0#44#0
[info] message from 19: wave#0#44#18
[info] after round 0 : parent is ['21'] and leader id is 44
[info] send message to 21: wave#0#44#19
[info] message from 21: exit
[info] send message to 19: exit
