[info] Hello from node2
[info] I'm connected to nodes ['1', '2', '3']
[info] I have edges [('2', '1'), ('2', '2'), ('2', '3')]
[info] -- round 0 started!
[info] -- new id 19 selected!
[info] send message to 1: wave#0#19#0
[info] send message to 2: wave#0#19#0
[info] send message to 3: wave#0#19#0
[info] message from 3: wave#0#6#0
[info] message from 2: wave#0#19#0
[info] message from 1: wave#0#22#0
[info] send message to 2: wave#0#22#0
[info] send message to 3: wave#0#22#0
[info] message from 2: wave#0#22#0
[info] message from 1: wave#0#32#0
[info] send message to 2: wave#0#32#0
[info] send message to 3: wave#0#32#0
[info] message from 2: wave#0#32#0
[info] message from 3: wave#0#42#0
[info] send message to 1: wave#0#42#0
[info] send message to 2: wave#0#42#0
[info] message from 2: wave#0#42#0
[info] message from 3: wave#0#44#0
[info] send message to 1: wave#0#44#0
[info] send message to 2: wave#0#44#0
[info] message from 1: wave#0#44#0
[info] message from 2: wave#0#44#0
[info] after round 0 : parent is ['3'] and leader id is 44
[info] send message to 3: wave#0#44#1
[info] message from 1: exit
[info] send message to 3: exit
