[info] Hello from node11
[info] I'm connected to nodes ['10', '11', '12']
[info] I have edges [('11', '10'), ('11', '11'), ('11', '12')]
[info] -- round 0 started!
[info] -- new id 9 selected!
[info] send message to 10: wave#0#9#0
[info] send message to 11: wave#0#9#0
[info] send message to 12: wave#0#9#0
[info] message from 10: wave#0#18#0
[info] send message to 11: wave#0#18#0
[info] send message to 12: wave#0#18#0
[info] message from 11: wave#0#9#0
[info] message from 11: wave#0#18#0
[info] message from 10: wave#0#37#0
[info] send message to 11: wave#0#37#0
[info] send message to 12: wave#0#37#0
[info] message from 11: wave#0#37#0
[info] message from 12: wave#0#5#0
[info] message from 12: wave#0#40#0
[info] send message to 10: wave#0#40#0
[info] send message to 11: wave#0#40#0
[info] message from 11: wave#0#40#0
[info] message from 10: wave#0#41#0
[info] send message to 11: wave#0#41#0
[info] send message to 12: wave#0#41#0
[info] message from 11: wave#0#41#0
[info] message from 10: wave#0#43#0
[info] send message to 11: wave#0#43#0
[info] send message to 12: wave#0#43#0
[info] message from 11: wave#0#43#0
[info] message from 12: wave#0#41#12
[info] message from 10: wave#0#44#0
[info] send message to 11: wave#0#44#0
[info] send message to 12: wave#0#44#0
[info] message from 11: wave#0#44#0
[info] message from 12: wave#0#44#0
[info] after round 0 : parent is ['10'] and leader id is 44
[info] send message to 10: wave#0#44#1
[info] message from 10: exit
[info] send message to 12: exit
