[info] Hello from node17
[info] I'm connected to nodes ['16', '17', '18']
[info] I have edges [('17', '16'), ('17', '17'), ('17', '18')]
[info] -- round 0 started!
[info] -- new id 14 selected!
[info] send message to 16: wave#0#14#0
[info] send message to 17: wave#0#14#0
[info] send message to 18: wave#0#14#0
[info] message from 16: wave#0#3#0
[info] message from 17: wave#0#14#0
[info] message from 18: wave#0#13#0
[info] message from 18: wave#0#32#0
[info] send message to 16: wave#0#32#0
[info] send message to 17: wave#0#32#0
[info] message from 16: wave#0#36#0
[info] send message to 17: wave#0#36#0
[info] send message to 18: wave#0#36#0
[info] message from 17: wave#0#32#0
[info] message from 17: wave#0#36#0
[info] message from 16: wave#0#40#0
[info] send message to 17: wave#0#40#0
[info] send message to 18: wave#0#40#0
[info] message from 17: wave#0#40#0
[info] message from 16: wave#0#41#0
[info] send message to 17: wave#0#41#0
[info] send message to 18: wave#0#41#0
[info] message from 17: wave#0#41#0
[info] message from 18: wave#0#41#6
[info] after round 0 : parent is ['16'] and leader id is 41
[info] send message to 16: wave#0#41#7
[info] message from 18: wave#0#44#0
[info] send message to 16: wave#0#44#0
[info] send message to 17: wave#0#44#0
[info] message from 17: wave#0#44#0
[info] message from 16: wave#0#44#5
[info] after round 0 : parent is ['18'] and leader id is 44
[info] send message to 18: wave#0#44#6
[info] message from 16: exit
[info] send message to 18: exit
