[info] Hello from node14
[info] I'm connected to nodes ['13', '14', '15']
[info] I have edges [('14', '13'), ('14', '14'), ('14', '15')]
[info] -- round 0 started!
[info] -- new id 29 selected!
[info] send message to 13: wave#0#29#0
[info] send message to 14: wave#0#29#0
[info] send message to 15: wave#0#29#0
[info] message from 14: wave#0#29#0
[info] message from 13: wave#0#40#0
[info] send message to 14: wave#0#40#0
[info] send message to 15: wave#0#40#0
[info] message from 14: wave#0#40#0
[info] message from 15: wave#0#36#0
[info] message from 13: wave#0#41#0
[info] send message to 14: wave#0#41#0
[info] send message to 15: wave#0#41#0
[info] message from 14: wave#0#41#0
[info] message from 15: wave#0#41#9
[info] after round 0 : parent is ['13'] and leader id is 41
[info] send message to 13: wave#0#41#10
[info] message from 15: wave#0#44#0
[info] send message to 13: wave#0#44#0
[info] send message to 14: wave#0#44#0
[info] message from 14: wave#0#44#0
[info] message from 13: wave#0#44#2
[info] after round 0 : parent is ['15'] and leader id is 44
[info] send message to 15: wave#0#44#3
[info] message from 13: exit
[info] send message to 15: exit
