[info] Hello from node5
[info] I'm connected to nodes ['4', '5', '6']
[info] I have edges [('5', '4'), ('5', '5'), ('5', '6')]
[info] -- round 0 started!
[info] -- new id 15 selected!
[info] send message to 4: wave#0#15#0
[info] send message to 5: wave#0#15#0
[info] send message to 6: wave#0#15#0
[info] message from 5: wave#0#15#0
[info] message from 6: wave#0#3#0
[info] message from 4: wave#0#6#0
[info] message from 6: wave#0#22#0
[info] send message to 4: wave#0#22#0
[info] send message to 5: wave#0#22#0
[info] message from 5: wave#0#22#0
[info] message from 4: wave#0#28#0
[info] send message to 5: wave#0#28#0
[info] send message to 6: wave#0#28#0
[info] message from 5: wave#0#28#0
[info] message from 4: wave#0#35#0
[info] send message to 5: wave#0#35#0
[info] send message to 6: wave#0#35#0
[info] message from 5: wave#0#35#0
[info] message from 4: wave#0#41#0
[info] send message to 5: wave#0#41#0
[info] send message to 6: wave#0#41#0
[info] message from 5: wave#0#41#0
[info] message from 4: wave#0#43#0
[info] send message to 5: wave#0#43#0
[info] send message to 6: wave#0#43#0
[info] message from 5: wave#0#43#0
[info] message from 4: wave#0#44#0
[info] send message to 5: wave#0#44#0
[info] send message to 6: wave#0#44#0
[info] message from 5: wave#0#44#0
[info] message from 6: wave#0#44#6
[info] after round 0 : parent is ['4'] and leader id is 44
[info] send message to 4: wave#0#44#7
[info] message from 4: exit
[info] send message to 6: exit
