[info] Hello from node22
[info] I'm connected to nodes ['21', '22', '23']
[info] I have edges [('22', '21'), ('22', '22'), ('22', '23')]
[info] -- round 0 started!
[info] -- new id 30 selected!
[info] send message to 21: wave#0#30#0
[info] send message to 22: wave#0#30#0
[info] send message to 23: wave#0#30#0
[info] message from 21: wave#0#35#0
[info] send message to 22: wave#0#35#0
[info] send message to 23: wave#0#35#0
[info] message from 23: wave#0#38#0
[info] send message to 21: wave#0#38#0
[info] send message to 22: wave#0#38#0
[info] message from 22: wave#0#30#0
[info] message from 22: wave#0#35#0
[info] message from 22: wave#0#38#0
[info] message from 21: wave#0#40#0
[info] send message to 22: wave#0#40#0
[info] send message to 23: wave#0#40#0
[info] message from 22: wave#0#40#0
[info] message from 21: wave#0#41#0
[info] send message to 22: wave#0#41#0
[info] send message to 23: wave#0#41#0
[info] message from 22: wave#0#41#0
[info] message from 23: wave#0#41#1
[info] after round 0 : parent is ['21'] and leader id is 41
[info] send message to 21: wave#0#41#2
[info] message from 23: wave#0#44#0
[info] send message to 21: wave#0#44#0
[info] send message to 22: wave#0#44#0
[info] message from 22: wave#0#44#0
[info] message from 21: wave#0#44#10
[info] after round 0 : parent is ['23'] and leader id is 44
[info] send message to 23: wave#0#44#11
[info] message from 23: exit
[info] send message to 21: exit
