[info] Hello from node21
[info] I'm connected to nodes ['20', '21', '22']
[info] I have edges [('21', '20'), ('21', '21'), ('21', '22')]
[info] -- round 0 started!
[info] -- new id 35 selected!
[info] send message to 20: wave#0#35#0
[info] send message to 21: wave#0#35#0
[info] send message to 22: wave#0#35#0
[info] message from 21: wave#0#35#0
[info] message from 22: wave#0#30#0
[info] message from 20: wave#0#9#0
[info] message from 22: wave#0#38#0
[info] send message to 20: wave#0#38#0
[info] send message to 21: wave#0#38#0
[info] message from 21: wave#0#38#0
[info] message from 20: wave#0#40#0
[info] send message to 21: wave#0#40#0
[info] send message to 22: wave#0#40#0
[info] message from 21: wave#0#40#0
[info] message from 20: wave#0#41#0
[info] send message to 21: wave#0#41#0
[info] send message to 22: wave#0#41#0
[info] message from 21: wave#0#41#0
[info] message from 22: wave#0#41#2
[info] after round 0 : parent is ['20'] and leader id is 41
[info] send message to 20: wave#0#41#3
[info] message from 22: wave#0#44#0
[info] send message to 20: wave#0#44#0
[info] send message to 21: wave#0#44#0
[info] message from 21: wave#0#44#0
[info] message from 20: wave#0#44#9
[info] after round 0 : parent is ['22'] and leader id is 44
[info] send message to 22: wave#0#44#10
[info] message from 22: exit
[info] send message to 20: exit
