[info] Hello from node26
[info] I'm connected to nodes ['25', '26', '27']
[info] I have edges [('26', '25'), ('26', '26'), ('26', '27')]
[info] -- round 0 started!
[info] -- new id 11 selected!
[info] send message to 25: wave#0#11#0
[info] send message to 26: wave#0#11#0
[info] send message to 27: wave#0#11#0
[info] message from 27: wave#0#34#0
[info] send message to 25: wave#0#34#0
[info] send message to 26: wave#0#34#0
[info] message from 25: wave#0#16#0
[info] message from 27: wave#0#38#0
[info] send message to 25: wave#0#38#0
[info] send message to 26: wave#0#38#0
[info] message from 26: wave#0#11#0
[info] message from 26: wave#0#34#0
[info] message from 26: wave#0#38#0
[info] message from 25: wave#0#38#1
[info] after round 0 : parent is ['27'] and leader id is 38
[info] send message to 27: wave#0#38#2
[info] message from 25: wave#0#40#0
[info] send message to 26: wave#0#40#0
[info] send message to 27: wave#0#40#0
[info] message from 26: wave#0#40#0
[info] message from 27: wave#0#41#0
[info] send message to 25: wave#0#41#0
[info] send message to 26: wave#0#41#0
[info] message from 27: wave#0#44#0
[info] send message to 25: wave#0#44#0
[info] send message to 26: wave#0#44#0
[info] message from 26: wave#0#41#0
[info] message from 26: wave#0#44#0
[info] message from 25: wave#0#44#14
[info] after round 0 : parent is ['27'] and leader id is 44
[info] send message to 27: wave#0#44#15
[info] message from 27: exit
[info] send message to 25: exit
