[info] Hello from node20
[info] I'm connected to nodes ['19', '20', '21']
[info] I have edges [('20', '19'), ('20', '20'), ('20', '21')]
[info] -- round 0 started!
[info] -- new id 9 selected!
[info] send message to 19: wave#0#9#0
[info] send message to 20: wave#0#9#0
[info] send message to 21: wave#0#9#0
[info] message from 21: wave#0#35#0
[info] send message to 19: wave#0#35#0
[info] send message to 20: wave#0#35#0
[info] message from 20: wave#0#9#0
[info] message from 19: wave#0#32#0
[info] message from 20: wave#0#35#0
[info] message from 21: wave#0#38#0
[info] send message to 19: wave#0#38#0
[info] send message to 20: wave#0#38#0
[info] message from 19: wave#0#36#0
[info] message from 20: wave#0#38#0
[info] message from 19: wave#0#40#0
[info] send message to 20: wave#0#40#0
[info] send message to 21: wave#0#40#0
[info] message from 20: wave#0#40#0
[info] message from 19: wave#0#41#0
[info] send message to 20: wave#0#41#0
[info] send message to 21: wave#0#41#0
[info] message from 20: wave#0#41#0
[info] message from 21: wave#0#41#3
[info] after round 0 : parent is ['19'] and leader id is 41
[info] send message to 19: wave#0#41#4
[info] message from 21: wave#0#44#0
[info] send message to 19: wave#0#44#0
[info] send message to 20: wave#0#44#0
[info] message from 20: wave#0#44#0
[info] message from 19: wave#0#44#8
[info] after round 0 : parent is ['21'] and leader id is 44
[info] send message to 21: wave#0#44#9
[info] message from 21: exit
[info] send message to 19: exit
