[info] Hello from node27
[info] I'm connected to nodes ['26', '27', '28']
[info] I have edges [('27', '26'), ('27', '27'), ('27', '28')]
[info] -- round 0 started!
[info] -- new id 34 selected!
[info] send message to 26: wave#0#34#0
[info] send message to 27: wave#0#34#0
[info] send message to 28: wave#0#34#0
[info] message from 27: wave#0#34#0
[info] message from 28: wave#0#38#0
[info] send message to 26: wave#0#38#0
[info] send message to 27: wave#0#38#0
[info] message from 27: wave#0#38#0
[info] message from 26: wave#0#11#0
[info] message from 26: wave#0#38#2
[info] after round 0 : parent is ['28'] and leader id is 38
[info] send message to 28: wave#0#38#3
[info] message from 28: wave#0#41#0
[info] send message to 26: wave#0#41#0
[info] send message to 27: wave#0#41#0
[info] message from 26: wave#0#40#0
[info] message from 27: wave#0#41#0
[info] message from 28: wave#0#44#0
[info] send message to 26: wave#0#44#0
[info] send message to 27: wave#0#44#0
[info] message from 27: wave#0#44#0
[info] message from 26: wave#0#44#15
[info] after round 0 : parent is ['28'] and leader id is 44
[info] send message to 28: wave#0#44#16
[info] message from 28: exit
[info] send message to 26: exit
