[info] Hello from node23
[info] I'm connected to nodes ['22', '23', '24']
[info] I have edges [('23', '22'), ('23', '23'), ('23', '24')]
[info] -- round 0 started!
[info] -- new id 34 selected!
[info] send message to 22: wave#0#34#0
[info] send message to 23: wave#0#34#0
[info] send message to 24: wave#0#34#0
[info] message from 23: wave#0#34#0
[info] message from 22: wave#0#25#0
[info] message from 24: wave#0#10#0
[info] message from 24: wave#0#34#1
[info] message from 22: wave#0#34#4
[info] after round 0 : parent is [] and leader id is 34
[info] -- round 1 started!
[info] -- new id 21 selected!
[info] send message to 22: wave#1#21#0
[info] send message to 23: wave#1#21#0
[info] send message to 24: wave#1#21#0
[info] message from 23: wave#1#21#0
[info] message from 24: wave#1#21#12
[info] message from 22: wave#1#21#22
[info] after round 1 : parent is [] and leader id is 21
[info] send message to 22: exit
[info] send message to 24: exit
