[info] Hello from node20
[info] I'm connected to nodes ['19', '20', '21']
[info] I have edges [('20', '19'), ('20', '20'), ('20', '21')]
[info] -- round 0 started!
[info] -- new id 30 selected!
[info] send message to 19: wave#0#30#0
[info] send message to 20: wave#0#30#0
[info] send message to 21: wave#0#30#0
[info] message from 19: wave#0#28#0
[info] message from 21: wave#0#6#0
[info] message from 20: wave#0#30#0
[info] message from 21: wave#0#25#0
[info] message from 21: wave#0#34#0
[info] send message to 19: wave#0#34#0
[info] send message to 20: wave#0#34#0
[info] message from 20: wave#0#34#0
[info] message from 19: wave#0#34#1
[info] after round 0 : parent is ['21'] and leader id is 34
[info] send message to 21: wave#0#34#2
[info] message from 21: wave#1#21#0
[info] send message to 19: wave#1#21#0
[info] send message to 20: wave#1#21#0
[info] message from 19: wave#0#35#0
[info] message from 20: wave#1#21#0
[info] message from 19: wave#1#21#19
[info] after round 1 : parent is ['21'] and leader id is 21
[info] send message to 21: wave#1#21#20
[info] message from 21: exit
[info] send message to 19: exit
