[info] Hello from node19
[info] I'm connected to nodes ['18', '19', '20']
[info] I have edges [('19', '18'), ('19', '19'), ('19', '20')]
[info] -- round 0 started!
[info] -- new id 28 selected!
[info] send message to 18: wave#0#28#0
[info] send message to 19: wave#0#28#0
[info] send message to 20: wave#0#28#0
[info] message from 19: wave#0#28#0
[info] message from 20: wave#0#30#0
[info] send message to 18: wave#0#30#0
[info] send message to 19: wave#0#30#0
[info] message from 18: wave#0#24#0
[info] message from 19: wave#0#30#0
[info] message from 20: wave#0#34#0
[info] send message to 18: wave#0#34#0
[info] send message to 19: wave#0#34#0
[info] message from 18: wave#0#32#0
[info] message from 19: wave#0#34#0
[info] message from 18: wave#0#34#0
[info] after round 0 : parent is ['20'] and leader id is 34
[info] send message to 20: wave#0#34#1
[info] message from 18: wave#0#35#0
[info] send message to 19: wave#0#35#0
[info] send message to 20: wave#0#35#0
[info] message from 19: wave#0#35#0
[info] message from 20: wave#1#21#0
[info] send message to 18: wave#1#21#0
[info] send message to 19: wave#1#21#0
[info] message from 19: wave#1#21#0
[info] message from 18: wave#1#21#18
[info] after round 1 : parent is ['20'] and leader id is 21
[info] send message to 20: wave#1#21#19
[info] message from 20: exit
[info] send message to 18: exit
