[info] Hello from node21
[info] I'm connected to nodes ['20', '21', '22']
[info] I have edges [('21', '20'), ('21', '21'), ('21', '22')]
[info] -- round 0 started!
[info] -- new id 28 selected!
[info] send message to 20: wave#0#28#0
[info] send message to 21: wave#0#28#0
[info] send message to 22: wave#0#28#0
[info] message from 21: wave#0#28#0
[info] message from 22: wave#0#6#0
[info] message from 20: wave#0#22#0
[info] message from 20: wave#0#32#0
[info] send message to 21: wave#0#32#0
[info] send message to 22: wave#0#32#0
[info] message from 21: wave#0#32#0
[info] message from 22: wave#0#28#1
[info] message from 20: wave#0#35#0
[info] send message to 21: wave#0#35#0
[info] send message to 22: wave#0#35#0
[info] message from 21: wave#0#35#0
[info] message from 20: wave#1#11#0
[info] send message to 21: wave#1#11#0
[info] send message to 22: wave#1#11#0
[info] message from 21: wave#1#11#0
[info] message from 22: wave#1#11#14
[info] after round 1 : parent is ['20'] and leader id is 11
[info] send message to 20: wave#1#11#15
[info] message from 20: exit
[info] send message to 22: exit
