[info] Hello from node10
[info] I'm connected to nodes ['9', '10', '11']
[info] I have edges [('10', '9'), ('10', '10'), ('10', '11')]
[info] -- round 0 started!
[info] -- new id 33 selected!
[info] send message to 9: wave#0#33#0
[info] send message to 10: wave#0#33#0
[info] send message to 11: wave#0#33#0
[info] message from 11: wave#0#21#0
[info] message from 9: wave#0#18#0
[info] message from 10: wave#0#33#0
[info] message from 9: wave#0#35#0
[info] send message to 10: wave#0#35#0
[info] send message to 11: wave#0#35#0
[info] message from 10: wave#0#35#0
[info] message from 11: wave#0#35#3
[info] after round 0 : parent is ['9'] and leader id is 35
[info] send message to 9: wave#0#35#4
[info] message from 9: wave#1#11#0
[info] send message to 10: wave#1#11#0
[info] send message to 11: wave#1#11#0
[info] message from 10: wave#1#11#0
[info] message from 11: wave#1#11#25
[info] after round 1 : parent is ['9'] and leader id is 11
[info] send message to 9: wave#1#11#26
[info] message from 9: exit
[info] send message to 11: exit
