[info] Hello from node33
[info] I'm connected to nodes ['32', '33', '34']
[info] I have edges [('33', '32'), ('33', '33'), ('33', '34')]
[info] -- round 0 started!
[info] -- new id 4 selected!
[info] send message to 32: wave#0#4#0
[info] send message to 33: wave#0#4#0
[info] send message to 34: wave#0#4#0
[info] message from 32: wave#0#18#0
[info] send message to 33: wave#0#18#0
[info] send message to 34: wave#0#18#0
[info] message from 34: wave#0#16#0
[info] message from 32: wave#0#26#0
[info] send message to 33: wave#0#26#0
[info] send message to 34: wave#0#26#0
[info] message from 33: wave#0#4#0
[info] message from 32: wave#0#28#0
[info] send message to 33: wave#0#28#0
[info] send message to 34: wave#0#28#0
[info] message from 34: wave#0#34#0
[info] send message to 32: wave#0#34#0
[info] send message to 33: wave#0#34#0
[info] message from 33: wave#0#18#0
[info] message from 33: wave#0#26#0
[info] message from 33: wave#0#28#0
[info] message from 33: wave#0#34#0
[info] message from 32: wave#0#35#0
[info] send message to 33: wave#0#35#0
[info] send message to 34: wave#0#35#0
[info] message from 33: wave#0#35#0
[info] message from 34: wave#0#35#2
[info] after round 0 : parent is ['32'] and leader id is 35
[info] send message to 32: wave#0#35#3
[info] message from 32: wave#1#11#0
[info] send message to 33: wave#1#11#0
[info] send message to 34: wave#1#11#0
[info] message from 33: wave#1#11#0
[info] message from 34: wave#1#11#2
[info] after round 1 : parent is ['32'] and leader id is 11
[info] send message to 32: wave#1#11#3
[info] message from 32: exit
[info] send message to 34: exit
