[info] Hello from node24
[info] I'm connected to nodes ['23', '24', '25']
[info] I have edges [('24', '23'), ('24', '24'), ('24', '25')]
[info] -- round 0 started!
[info] -- new id 28 selected!
[info] send message to 23: wave#0#28#0
[info] send message to 24: wave#0#28#0
[info] send message to 25: wave#0#28#0
[info] message from 24: wave#0#28#0
[info] message from 25: wave#0#10#0
[info] message from 23: wave#0#15#0
[info] message from 25: wave#0#29#0
[info] send message to 23: wave#0#29#0
[info] send message to 24: wave#0#29#0
[info] message from 24: wave#0#29#0
[info] message from 23: wave#0#28#1
[info] message from 23: wave#0#32#0
[info] send message to 24: wave#0#32#0
[info] send message to 25: wave#0#32#0
[info] message from 24: wave#0#32#0
[info] message from 23: wave#0#35#0
[info] send message to 24: wave#0#35#0
[info] send message to 25: wave#0#35#0
[info] message from 24: wave#0#35#0
[info] message from 23: wave#1#11#0
[info] send message to 24: wave#1#11#0
[info] send message to 25: wave#1#11#0
[info] message from 24: wave#1#11#0
[info] message from 25: wave#1#11#11
[info] after round 1 : parent is ['23'] and leader id is 11
[info] send message to 23: wave#1#11#12
[info] message from 23: exit
[info] send message to 25: exit
