[info] Hello from node8
[info] I'm connected to nodes ['7', '8', '9']
[info] I have edges [('8', '7'), ('8', '8'), ('8', '9')]
[info] -- round 0 started!
[info] -- new id 2 selected!
[info] send message to 7: wave#0#2#0
[info] send message to 8: wave#0#2#0
[info] send message to 9: wave#0#2#0
[info] message from 9: wave#0#1#0
[info] message from 9: wave#0#3#0
[info] send message to 7: wave#0#3#0
[info] send message to 8: wave#0#3#0
[info] message from 7: wave#0#8#0
[info] send message to 8: wave#0#8#0
[info] send message to 9: wave#0#8#0
[info] message from 8: wave#0#2#0
[info] message from 8: wave#0#3#0
[info] message from 8: wave#0#8#0
[info] message from 7: wave#0#9#0
[info] send message to 8: wave#0#9#0
[info] send message to 9: wave#0#9#0
[info] message from 9: wave#0#8#2
[info] message from 8: wave#0#9#0
[info] message from 9: wave#0#9#2
[info] after round 0 : parent is ['7'] and leader id is 9
[info] send message to 7: wave#0#9#3
[info] message from 7: wave#1#7#0
[info] send message to 8: wave#1#7#0
[info] send message to 9: wave#1#7#0
[info] message from 8: wave#1#7#0
[info] message from 9: wave#1#7#2
[info] after round 1 : parent is ['7'] and leader id is 7
[info] send message to 7: wave#1#7#3
[info] message from 7: exit
[info] send message to 9: exit
