[info] Hello from node2
[info] I'm connected to nodes ['1', '2', '3']
[info] I have edges [('2', '1'), ('2', '2'), ('2', '3')]
[info] -- round 0 started!
[info] -- new id 9 selected!
[info] send message to 1: wave#0#9#0
[info] send message to 2: wave#0#9#0
[info] send message to 3: wave#0#9#0
[info] message from 2: wave#0#9#0
[info] message from 1: wave#0#3#0
[info] message from 3: wave#0#5#0
[info] message from 1: wave#0#9#1
[info] message from 1: wave#0#9#1
[info] message from 3: wave#0#9#8
[info] after round 0 : parent is [] and leader id is 9
[info] -- round 1 started!
[info] -- new id 7 selected!
[info] send message to 1: wave#1#7#0
[info] send message to 2: wave#1#7#0
[info] send message to 3: wave#1#7#0
[info] message from 2: wave#1#7#0
[info] message from 1: wave#1#7#1
[info] message from 3: wave#1#7#8
[info] after round 1 : parent is [] and leader id is 7
[info] send message to 1: exit
[info] send message to 3: exit
